Current configuration:
[NAME]		[DEFLT]			[VALUE]
-example	no			no
-fullvar	no			no
-help		no			no
-meanfn					/home/ilya/Рабочий стол/lab_sphinx/ru_base/model_parameters/ru_base.ci_cont/means
-mixwfn					/home/ilya/Рабочий стол/lab_sphinx/ru_base/model_parameters/ru_base.ci_cont/mixture_weights
-moddeffn				/home/ilya/Рабочий стол/lab_sphinx/ru_base/model_architecture/ru_base.ci.mdef
-niter		0			1
-npermute	6			12
-qstperstt	8			20
-questfn				/home/ilya/Рабочий стол/lab_sphinx/ru_base/model_architecture/ru_base.tree_questions
-tempfn		/tmp/TEMP.QUESTS	/tmp/TEMP.QUESTS
-type					.cont.
-varfloor	1.0e-08			1.000000e-08
-varfn					/home/ilya/Рабочий стол/lab_sphinx/ru_base/model_parameters/ru_base.ci_cont/variances

INFO: main.c(792): Reading: /home/ilya/Рабочий стол/lab_sphinx/ru_base/model_architecture/ru_base.ci.mdef
INFO: model_def_io.c(573): Model definition info:
INFO: model_def_io.c(574): 43 total models defined (43 base, 0 tri)
INFO: model_def_io.c(575): 172 total states
INFO: model_def_io.c(576): 129 total tied states
INFO: model_def_io.c(577): 129 total tied CI states
INFO: model_def_io.c(578): 43 total tied transition matrices
INFO: model_def_io.c(579): 4 max state/model
INFO: model_def_io.c(580): 4 min state/model
INFO: main.c(811): Reading: /home/ilya/Рабочий стол/lab_sphinx/ru_base/model_parameters/ru_base.ci_cont/mixture_weights
INFO: s3mixw_io.c(117): Read /home/ilya/Рабочий стол/lab_sphinx/ru_base/model_parameters/ru_base.ci_cont/mixture_weights [129x1x1 array]
INFO: s3gau_io.c(169): Read /home/ilya/Рабочий стол/lab_sphinx/ru_base/model_parameters/ru_base.ci_cont/means [129x1x1 array]
INFO: s3gau_io.c(169): Read /home/ilya/Рабочий стол/lab_sphinx/ru_base/model_parameters/ru_base.ci_cont/variances [129x1x1 array]
INFO: main.c(1109): Done building questions using state 0
INFO: main.c(1110):  21 questions from state 0
INFO: main.c(1109): Done building questions using state 1
INFO: main.c(1110):  21 questions from state 1
INFO: main.c(1109): Done building questions using state 2
INFO: main.c(1110):  21 questions from state 2
INFO: main.c(1115): Stored questions in /home/ilya/Рабочий стол/lab_sphinx/ru_base/model_architecture/ru_base.tree_questions
Sun Mar 19 21:50:42 2017
