Current configuration:
[NAME]		[DEFLT]	[VALUE]
-allphones	no	no
-cntthresh	0.00001	1.000000e-05
-csplitmax	100	2000
-csplitmin	1	1
-csplitthr	8e-4	0.000000e+00
-example	no	no
-fullvar	no	no
-help		no	no
-meanfn			/home/ilya/Рабочий стол/lab_sphinx/ru_base/model_parameters/ru_base.cd_cont_untied/means
-mixwfn			/home/ilya/Рабочий стол/lab_sphinx/ru_base/model_parameters/ru_base.cd_cont_untied/mixture_weights
-moddeffn		/home/ilya/Рабочий стол/lab_sphinx/ru_base/model_architecture/ru_base.untied.mdef
-mwfloor	1e-4	1.000000e-08
-phone			b
-psetfn			/home/ilya/Рабочий стол/lab_sphinx/ru_base/model_architecture/ru_base.tree_questions
-ssplitmax	5	7
-ssplitmin	1	1
-ssplitthr	8e-4	0.000000e+00
-state			2
-stwt			1.0,0.05,0.0,
-treefn			/home/ilya/Рабочий стол/lab_sphinx/ru_base/trees/ru_base.unpruned/b-2.dtree
-ts2cbfn	.semi.	.cont.
-varfloor	0.00001	1.000000e-05
-varfn			/home/ilya/Рабочий стол/lab_sphinx/ru_base/model_parameters/ru_base.cd_cont_untied/variances

INFO: main.c(223): Reading: /home/ilya/Рабочий стол/lab_sphinx/ru_base/model_architecture/ru_base.untied.mdef
INFO: model_def_io.c(573): Model definition info:
INFO: model_def_io.c(574): 9415 total models defined (43 base, 9372 tri)
INFO: model_def_io.c(575): 37660 total states
INFO: model_def_io.c(576): 28245 total tied states
INFO: model_def_io.c(577): 129 total tied CI states
INFO: model_def_io.c(578): 43 total tied transition matrices
INFO: model_def_io.c(579): 4 max state/model
INFO: model_def_io.c(580): 4 min state/model
INFO: main.c(242): Building trees for [b SIL o0 b] through [b zj a0 b]
INFO: main.c(269): Covering states |[2733 3194]| == 462
INFO: main.c(275): Reading: /home/ilya/Рабочий стол/lab_sphinx/ru_base/model_parameters/ru_base.cd_cont_untied/mixture_weights
INFO: s3mixw_io.c(173): Read /home/ilya/Рабочий стол/lab_sphinx/ru_base/model_parameters/ru_base.cd_cont_untied/mixture_weights [462x1x1 array]
INFO: main.c(311): 154 of 154 models have observation count greater than 0.000010
INFO: main.c(95): nrm stwt: 0.000 0.048 0.952 
INFO: s3gau_io.c(169): Read /home/ilya/Рабочий стол/lab_sphinx/ru_base/model_parameters/ru_base.cd_cont_untied/means [28245x1x1 array]
INFO: s3gau_io.c(169): Read /home/ilya/Рабочий стол/lab_sphinx/ru_base/model_parameters/ru_base.cd_cont_untied/variances [28245x1x1 array]
INFO: main.c(549): Reading: /home/ilya/Рабочий стол/lab_sphinx/ru_base/model_architecture/ru_base.tree_questions
INFO: main.c(588): 180 total simple questions (172 phone; 8 word bndry)
INFO: main.c(590): 42 Left Only questions, and 42 Right Only questions
INFO: dtree.c(1478): Final simple tree
|( QUESTION0_14_R 1 -2.010e+06 1.621e+04 8.586e+03
|    ( QUESTION16 1 -1.543e+06 7.967e+03 6.631e+03
|        ( - -6.258e+05 43 0 QUESTION16 -1 1.530e+03 2.708e+03)
|        ( QUESTION14 1 -9.092e+05 6.192e+03 3.923e+03
|            ( - -2.792e+05 23 0 QUESTION2_13_L -1 1.430e+03 1.236e+03)
|            ( QUESTION0 1 -6.238e+05 2.833e+03 2.687e+03
|                ( - -1.666e+05 14 0 WDBNDRY_B 0 5.898e+02 7.264e+02)
|                ( - -4.544e+05 25 0 QUESTION2_18_L -1 8.095e+02 1.960e+03))))
|    ( QUESTION0_19_R 1 -4.512e+05 2.752e+03 1.955e+03
|        ( - -8.880e+04 13 0 QUESTION17 -1 4.798e+02 3.769e+02)
|        ( QUESTION0_1_R 1 -3.597e+05 1.902e+03 1.578e+03
|            ( - -1.729e+05 16 0 QUESTION0_2_R 1 1.159e+03 7.677e+02)
|            ( QUESTION14 1 -1.849e+05 1.904e+03 8.107e+02
|                ( - -6.447e+04 2 0 QUESTION0_16_R 1 6.983e+02 2.956e+02)
|                ( - -1.185e+05 18 0 QUESTION1 1 1.069e+03 5.151e+02)))))
s>    ( QUESTION0_14_R 1 -2.010e+06 1.621e+04 8.586e+03
s>        ( QUESTION16 1 -1.543e+06 7.967e+03 6.631e+03
s>            ( - -6.258e+05 43 0 QUESTION16 -1 1.530e+03 2.708e+03)
s>            ( QUESTION14 1 -9.092e+05 6.192e+03 3.923e+03
s>                ( - -2.792e+05 23 0 QUESTION2_13_L -1 1.430e+03 1.236e+03)
s>                ( QUESTION0 1 -6.238e+05 2.833e+03 2.687e+03
s>                    ( - -1.666e+05 14 0 WDBNDRY_B 0 5.898e+02 7.264e+02)
s>                    ( - -4.544e+05 25 0 QUESTION2_18_L -1 8.095e+02 1.960e+03))))
s>        ( QUESTION0_19_R 1 -4.512e+05 2.752e+03 1.955e+03
s>            ( - -8.880e+04 13 0 QUESTION17 -1 4.798e+02 3.769e+02)
s>            ( QUESTION0_1_R 1 -3.597e+05 1.902e+03 1.578e+03
s>                ( - -1.729e+05 16 0 QUESTION0_2_R 1 1.159e+03 7.677e+02)
s>                ( QUESTION14 1 -1.849e+05 1.904e+03 8.107e+02
s>                    ( - -6.447e+04 2 0 QUESTION0_16_R 1 6.983e+02 2.956e+02)
s>                    ( - -1.185e+05 18 0 QUESTION1 1 1.069e+03 5.151e+02)))))INFO: dtree.c(1315): Comp split 0
INFO: dtree.c(1478): Final simple tree
|( QUESTION0_19_R 1 -4.512e+05 2.752e+03 1.955e+03
|    ( - -8.880e+04 13 0 QUESTION17 -1 4.798e+02 3.769e+02)
|    ( QUESTION0_1_R 1 -3.597e+05 1.902e+03 1.578e+03
|        ( QUESTION0_2_R 1 -1.729e+05 1.159e+03 7.677e+02
|            ( - -1.079e+05 6 0 QUESTION17 -1 4.981e+02 4.894e+02)
|            ( QUESTION20 -1 -6.385e+04 8.793e+02 2.783e+02
|                ( - -1.740e+04 1 0)
|                ( - -4.557e+04 9 0 QUESTION16 -1 6.771e+02 1.942e+02)))
|        ( QUESTION14 1 -1.849e+05 1.904e+03 8.107e+02
|            ( - -6.447e+04 2 0 QUESTION0_16_R 1 6.983e+02 2.956e+02)
|            ( QUESTION1 1 -1.185e+05 1.069e+03 5.151e+02
|                ( QUESTION0_7_R 1 -1.016e+05 7.924e+02 4.460e+02
|                    ( - -6.218e+04 5 0 QUESTION16 -1 4.841e+02 2.735e+02)
|                    ( - -3.859e+04 4 0 WDBNDRY_S 0 4.839e+02 1.725e+02))
|                ( - -1.587e+04 9 0 QUESTION0_17_R 1 1.980e+02 6.909e+01)))))
s>    ( QUESTION0_19_R 1 -4.512e+05 2.752e+03 1.955e+03
s>        ( - -8.880e+04 13 0 QUESTION17 -1 4.798e+02 3.769e+02)
s>        ( QUESTION0_1_R 1 -3.597e+05 1.902e+03 1.578e+03
s>            ( QUESTION0_2_R 1 -1.729e+05 1.159e+03 7.677e+02
s>                ( - -1.079e+05 6 0 QUESTION17 -1 4.981e+02 4.894e+02)
s>                ( QUESTION20 -1 -6.385e+04 8.793e+02 2.783e+02
s>                    ( - -1.740e+04 1 0)
s>                    ( - -4.557e+04 9 0 QUESTION16 -1 6.771e+02 1.942e+02)))
s>            ( QUESTION14 1 -1.849e+05 1.904e+03 8.107e+02
s>                ( - -6.447e+04 2 0 QUESTION0_16_R 1 6.983e+02 2.956e+02)
s>                ( QUESTION1 1 -1.185e+05 1.069e+03 5.151e+02
s>                    ( QUESTION0_7_R 1 -1.016e+05 7.924e+02 4.460e+02
s>                        ( - -6.218e+04 5 0 QUESTION16 -1 4.841e+02 2.735e+02)
s>                        ( - -3.859e+04 4 0 WDBNDRY_S 0 4.839e+02 1.725e+02))
s>                    ( - -1.587e+04 9 0 QUESTION0_17_R 1 1.980e+02 6.909e+01)))))INFO: dtree.c(1478): Final simple tree
|( QUESTION16 1 -1.543e+06 7.967e+03 6.631e+03
|    ( QUESTION16 -1 -6.258e+05 1.530e+03 2.708e+03
|        ( - -1.640e+05 8 0 WDBNDRY_B 0 6.876e+02 7.127e+02)
|        ( QUESTION2_18_L -1 -4.603e+05 1.216e+03 1.996e+03
|            ( - -2.181e+04 1 0)
|            ( - -4.372e+05 34 0 QUESTION2_17_L -1 7.990e+02 1.897e+03)))
|    ( QUESTION14 1 -9.092e+05 6.192e+03 3.923e+03
|        ( QUESTION2_13_L -1 -2.792e+05 1.430e+03 1.236e+03
|            ( QUESTION16 -1 -2.353e+05 1.073e+03 1.050e+03
|                ( - -6.404e+04 6 0 WDBNDRY_I 0 4.287e+02 2.808e+02)
|                ( - -1.702e+05 13 0 QUESTION19 -1 8.168e+02 7.690e+02))
|            ( - -4.242e+04 4 0 QUESTION3 -1 2.420e+02 1.860e+02))
|        ( QUESTION0 1 -6.238e+05 2.833e+03 2.687e+03
|            ( - -1.666e+05 14 0 WDBNDRY_B 0 5.898e+02 7.264e+02)
|            ( - -4.544e+05 25 0 QUESTION2_18_L -1 8.095e+02 1.960e+03))))
s>    ( QUESTION16 1 -1.543e+06 7.967e+03 6.631e+03
s>        ( QUESTION16 -1 -6.258e+05 1.530e+03 2.708e+03
s>            ( - -1.640e+05 8 0 WDBNDRY_B 0 6.876e+02 7.127e+02)
s>            ( QUESTION2_18_L -1 -4.603e+05 1.216e+03 1.996e+03
s>                ( - -2.181e+04 1 0)
s>                ( - -4.372e+05 34 0 QUESTION2_17_L -1 7.990e+02 1.897e+03)))
s>        ( QUESTION14 1 -9.092e+05 6.192e+03 3.923e+03
s>            ( QUESTION2_13_L -1 -2.792e+05 1.430e+03 1.236e+03
s>                ( QUESTION16 -1 -2.353e+05 1.073e+03 1.050e+03
s>                    ( - -6.404e+04 6 0 WDBNDRY_I 0 4.287e+02 2.808e+02)
s>                    ( - -1.702e+05 13 0 QUESTION19 -1 8.168e+02 7.690e+02))
s>                ( - -4.242e+04 4 0 QUESTION3 -1 2.420e+02 1.860e+02))
s>            ( QUESTION0 1 -6.238e+05 2.833e+03 2.687e+03
s>                ( - -1.666e+05 14 0 WDBNDRY_B 0 5.898e+02 7.264e+02)
s>                ( - -4.544e+05 25 0 QUESTION2_18_L -1 8.095e+02 1.960e+03))))INFO: dtree.c(1315): Comp split 1
INFO: dtree.c(1478): Final simple tree
|( QUESTION17 1 -7.621e+05 6.266e+03 3.295e+03
|    ( QUESTION2_18_L -1 -4.544e+05 8.095e+02 1.960e+03
|        ( - -4.210e+04 1 0)
|        ( QUESTION2_20_L -1 -4.115e+05 8.235e+02 1.781e+03
|            ( WDBNDRY_B 0 -2.188e+05 8.782e+02 9.600e+02
|                ( - -1.437e+05 9 0 QUESTION0 -1 2.422e+02 6.348e+02)
|                ( - -7.425e+04 2 0))
|            ( - -1.918e+05 13 0 QUESTION19 -1 6.380e+02 8.208e+02)))
|    ( QUESTION2_13_L -1 -3.014e+05 1.412e+03 1.335e+03
|        ( QUESTION16 -1 -2.576e+05 1.027e+03 1.149e+03
|            ( - -6.404e+04 6 0 WDBNDRY_I 0 4.287e+02 2.808e+02)
|            ( QUESTION19 -1 -1.925e+05 8.325e+02 8.680e+02
|                ( - -1.333e+04 3 0 WDBNDRY_B 0 2.542e+02 5.933e+01)
|                ( - -1.783e+05 11 0 WDBNDRY_B 0 7.240e+02 8.087e+02)))
|        ( - -4.242e+04 4 0 QUESTION3 -1 2.420e+02 1.860e+02)))
s>    ( QUESTION17 1 -7.621e+05 6.266e+03 3.295e+03
s>        ( QUESTION2_18_L -1 -4.544e+05 8.095e+02 1.960e+03
s>            ( - -4.210e+04 1 0)
s>            ( QUESTION2_20_L -1 -4.115e+05 8.235e+02 1.781e+03
s>                ( WDBNDRY_B 0 -2.188e+05 8.782e+02 9.600e+02
s>                    ( - -1.437e+05 9 0 QUESTION0 -1 2.422e+02 6.348e+02)
s>                    ( - -7.425e+04 2 0))
s>                ( - -1.918e+05 13 0 QUESTION19 -1 6.380e+02 8.208e+02)))
s>        ( QUESTION2_13_L -1 -3.014e+05 1.412e+03 1.335e+03
s>            ( QUESTION16 -1 -2.576e+05 1.027e+03 1.149e+03
s>                ( - -6.404e+04 6 0 WDBNDRY_I 0 4.287e+02 2.808e+02)
s>                ( QUESTION19 -1 -1.925e+05 8.325e+02 8.680e+02
s>                    ( - -1.333e+04 3 0 WDBNDRY_B 0 2.542e+02 5.933e+01)
s>                    ( - -1.783e+05 11 0 WDBNDRY_B 0 7.240e+02 8.087e+02)))
s>            ( - -4.242e+04 4 0 QUESTION3 -1 2.420e+02 1.860e+02)))INFO: dtree.c(1478): Final simple tree
|( QUESTION0 1 -7.726e+05 2.963e+03 3.336e+03
|    ( - -1.666e+05 14 0 WDBNDRY_B 0 5.898e+02 7.264e+02)
|    ( QUESTION16 -1 -6.030e+05 1.744e+03 2.609e+03
|        ( WDBNDRY_B 0 -1.640e+05 6.876e+02 7.127e+02
|            ( - -4.819e+04 3 0)
|            ( - -1.152e+05 5 0 WDBNDRY_E 0 8.627e+01 5.083e+02))
|        ( QUESTION2_17_L -1 -4.372e+05 7.990e+02 1.897e+03
|            ( - -1.618e+05 3 0 WDBNDRY_B 0 1.621e+02 7.095e+02)
|            ( WDBNDRY_B 0 -2.747e+05 7.781e+02 1.187e+03
|                ( QUESTION19 -1 -1.487e+05 8.749e+02 6.403e+02
|                    ( - -6.300e+04 4 0 QUESTION20 -1 2.667e+02 2.706e+02)
|                    ( - -8.482e+04 15 0 SILENCE -1 4.763e+02 3.696e+02))
|                ( QUESTION2_20_L -1 -1.252e+05 6.022e+02 5.469e+02
|                    ( - -4.976e+04 5 0 QUESTION15 -1 2.835e+02 2.215e+02)
|                    ( - -7.484e+04 7 0 WDBNDRY_S 0 4.551e+02 3.255e+02))))))
s>    ( QUESTION0 1 -7.726e+05 2.963e+03 3.336e+03
s>        ( - -1.666e+05 14 0 WDBNDRY_B 0 5.898e+02 7.264e+02)
s>        ( QUESTION16 -1 -6.030e+05 1.744e+03 2.609e+03
s>            ( WDBNDRY_B 0 -1.640e+05 6.876e+02 7.127e+02
s>                ( - -4.819e+04 3 0)
s>                ( - -1.152e+05 5 0 WDBNDRY_E 0 8.627e+01 5.083e+02))
s>            ( QUESTION2_17_L -1 -4.372e+05 7.990e+02 1.897e+03
s>                ( - -1.618e+05 3 0 WDBNDRY_B 0 1.621e+02 7.095e+02)
s>                ( WDBNDRY_B 0 -2.747e+05 7.781e+02 1.187e+03
s>                    ( QUESTION19 -1 -1.487e+05 8.749e+02 6.403e+02
s>                        ( - -6.300e+04 4 0 QUESTION20 -1 2.667e+02 2.706e+02)
s>                        ( - -8.482e+04 15 0 SILENCE -1 4.763e+02 3.696e+02))
s>                    ( QUESTION2_20_L -1 -1.252e+05 6.022e+02 5.469e+02
s>                        ( - -4.976e+04 5 0 QUESTION15 -1 2.835e+02 2.215e+02)
s>                        ( - -7.484e+04 7 0 WDBNDRY_S 0 4.551e+02 3.255e+02))))))INFO: dtree.c(1315): Comp split 2
INFO: dtree.c(1478): Final simple tree
|( WDBNDRY_B 0 -4.680e+05 9.165e+02 2.020e+03
|    ( QUESTION2_20_L -1 -3.651e+05 8.742e+02 1.575e+03
|        ( - -1.441e+05 10 0 QUESTION0 -1 2.420e+02 6.368e+02)
|        ( QUESTION2_17_L -1 -2.201e+05 9.696e+02 9.379e+02
|            ( - -4.466e+04 2 0 QUESTION0 -1 1.287e+02 1.904e+02)
|            ( QUESTION19 -1 -1.745e+05 5.308e+02 7.475e+02
|                ( QUESTION14 1 -7.315e+04 3.246e+02 3.176e+02
|                    ( - -3.181e+03 1 0)
|                    ( - -6.964e+04 1 0))
|                ( SILENCE -1 -1.008e+05 3.372e+02 4.299e+02
|                    ( - -2.875e+04 1 0)
|                    ( - -7.170e+04 8 0 QUESTION2_12_L -1 2.517e+02 3.084e+02)))))
|    ( QUESTION14 -1 -1.020e+05 4.177e+02 4.450e+02
|        ( - -1.720e+04 1 0)
|        ( - -8.441e+04 4 0 QUESTION14 1 1.905e+02 3.694e+02)))
s>    ( WDBNDRY_B 0 -4.680e+05 9.165e+02 2.020e+03
s>        ( QUESTION2_20_L -1 -3.651e+05 8.742e+02 1.575e+03
s>            ( - -1.441e+05 10 0 QUESTION0 -1 2.420e+02 6.368e+02)
s>            ( QUESTION2_17_L -1 -2.201e+05 9.696e+02 9.379e+02
s>                ( - -4.466e+04 2 0 QUESTION0 -1 1.287e+02 1.904e+02)
s>                ( QUESTION19 -1 -1.745e+05 5.308e+02 7.475e+02
s>                    ( QUESTION14 1 -7.315e+04 3.246e+02 3.176e+02
s>                        ( - -3.181e+03 1 0)
s>                        ( - -6.964e+04 1 0))
s>                    ( SILENCE -1 -1.008e+05 3.372e+02 4.299e+02
s>                        ( - -2.875e+04 1 0)
s>                        ( - -7.170e+04 8 0 QUESTION2_12_L -1 2.517e+02 3.084e+02)))))
s>        ( QUESTION14 -1 -1.020e+05 4.177e+02 4.450e+02
s>            ( - -1.720e+04 1 0)
s>            ( - -8.441e+04 4 0 QUESTION14 1 1.905e+02 3.694e+02)))INFO: dtree.c(1478): Final simple tree
|( QUESTION2_13_L -1 -2.874e+05 1.475e+03 1.275e+03
|    ( QUESTION16 -1 -2.435e+05 1.158e+03 1.089e+03
|        ( WDBNDRY_I 0 -6.404e+04 4.287e+02 2.808e+02
|            ( - -4.201e+04 2 0)
|            ( - -2.160e+04 4 0 WDBNDRY_B 0 1.539e+02 9.354e+01))
|        ( WDBNDRY_B 0 -1.783e+05 7.240e+02 8.087e+02
|            ( QUESTION15 -1 -1.328e+05 5.203e+02 5.953e+02
|                ( - -5.356e+04 1 0)
|                ( QUESTION0 -1 -7.873e+04 3.935e+02 3.492e+02
|                    ( - -2.780e+04 3 0 QUESTION14 1 1.818e+02 1.247e+02)
|                    ( QUESTION2_16_L -1 -5.054e+04 4.121e+02 2.245e+02
|                        ( - -2.054e+04 1 0)
|                        ( - -2.959e+04 4 0 QUESTION2_14_L -1 2.450e+02 1.330e+02))))
|            ( - -4.480e+04 2 0 QUESTION0 -1 1.583e+02 2.134e+02)))
|    ( - -4.242e+04 4 0 QUESTION3 -1 2.420e+02 1.860e+02))
s>    ( QUESTION2_13_L -1 -2.874e+05 1.475e+03 1.275e+03
s>        ( QUESTION16 -1 -2.435e+05 1.158e+03 1.089e+03
s>            ( WDBNDRY_I 0 -6.404e+04 4.287e+02 2.808e+02
s>                ( - -4.201e+04 2 0)
s>                ( - -2.160e+04 4 0 WDBNDRY_B 0 1.539e+02 9.354e+01))
s>            ( WDBNDRY_B 0 -1.783e+05 7.240e+02 8.087e+02
s>                ( QUESTION15 -1 -1.328e+05 5.203e+02 5.953e+02
s>                    ( - -5.356e+04 1 0)
s>                    ( QUESTION0 -1 -7.873e+04 3.935e+02 3.492e+02
s>                        ( - -2.780e+04 3 0 QUESTION14 1 1.818e+02 1.247e+02)
s>                        ( QUESTION2_16_L -1 -5.054e+04 4.121e+02 2.245e+02
s>                            ( - -2.054e+04 1 0)
s>                            ( - -2.959e+04 4 0 QUESTION2_14_L -1 2.450e+02 1.330e+02))))
s>                ( - -4.480e+04 2 0 QUESTION0 -1 1.583e+02 2.134e+02)))
s>        ( - -4.242e+04 4 0 QUESTION3 -1 2.420e+02 1.860e+02))INFO: dtree.c(1315): Comp split 3
INFO: dtree.c(1478): Final simple tree
|( QUESTION0 1 -2.171e+05 7.293e+02 9.479e+02
|    ( WDBNDRY_B 0 -1.666e+05 5.898e+02 7.264e+02
|        ( QUESTION6 -1 -4.012e+04 1.875e+02 1.708e+02
|            ( - -2.847e+02 1 0)
|            ( QUESTION2_17_L -1 -3.965e+04 1.578e+02 1.688e+02
|                ( - -3.786e+03 1 0)
|                ( - -3.571e+04 8 0 QUESTION2_20_L -1 1.435e+02 1.539e+02)))
|        ( QUESTION14 -1 -1.259e+05 5.300e+02 5.556e+02
|            ( - -1.606e+04 1 0)
|            ( QUESTION0 -1 -1.093e+05 2.778e+02 4.813e+02
|                ( - -2.082e+04 1 0)
|                ( - -8.817e+04 2 0))))
|    ( QUESTION15 -1 -4.976e+04 2.835e+02 2.215e+02
|        ( - -2.824e+04 1 0)
|        ( - -2.124e+04 4 0 QUESTION0 -1 1.146e+02 9.630e+01)))
s>    ( QUESTION0 1 -2.171e+05 7.293e+02 9.479e+02
s>        ( WDBNDRY_B 0 -1.666e+05 5.898e+02 7.264e+02
s>            ( QUESTION6 -1 -4.012e+04 1.875e+02 1.708e+02
s>                ( - -2.847e+02 1 0)
s>                ( QUESTION2_17_L -1 -3.965e+04 1.578e+02 1.688e+02
s>                    ( - -3.786e+03 1 0)
s>                    ( - -3.571e+04 8 0 QUESTION2_20_L -1 1.435e+02 1.539e+02)))
s>            ( QUESTION14 -1 -1.259e+05 5.300e+02 5.556e+02
s>                ( - -1.606e+04 1 0)
s>                ( QUESTION0 -1 -1.093e+05 2.778e+02 4.813e+02
s>                    ( - -2.082e+04 1 0)
s>                    ( - -8.817e+04 2 0))))
s>        ( QUESTION15 -1 -4.976e+04 2.835e+02 2.215e+02
s>            ( - -2.824e+04 1 0)
s>            ( - -2.124e+04 4 0 QUESTION0 -1 1.146e+02 9.630e+01)))INFO: dtree.c(1478): Final simple tree
|( QUESTION16 -1 -5.518e+05 1.478e+03 2.388e+03
|    ( WDBNDRY_B 0 -1.640e+05 6.876e+02 7.127e+02
|        ( - -4.819e+04 3 0)
|        ( - -1.152e+05 5 0 WDBNDRY_E 0 8.627e+01 5.083e+02))
|    ( QUESTION2_19_L -1 -3.863e+05 9.331e+02 1.675e+03
|        ( WDBNDRY_I 0 -1.079e+05 4.658e+02 4.694e+02
|            ( - -7.077e+04 4 0 QUESTION18 -1 1.779e+02 3.075e+02)
|            ( - -3.664e+04 6 0 WDBNDRY_B 0 4.497e+02 1.620e+02))
|        ( QUESTION15 -1 -2.775e+05 6.068e+02 1.206e+03
|            ( - -5.972e+04 2 0)
|            ( SILENCE -1 -2.172e+05 4.830e+02 9.492e+02
|                ( - 2.416e+02 1 0)
|                ( WDBNDRY_B 0 -2.169e+05 4.616e+02 9.482e+02
|                    ( - -5.389e+04 12 0 QUESTION2_12_L -1 3.852e+02 2.346e+02)
|                    ( - -1.626e+05 4 0 QUESTION1 -1 2.119e+02 7.136e+02))))))
s>    ( QUESTION16 -1 -5.518e+05 1.478e+03 2.388e+03
s>        ( WDBNDRY_B 0 -1.640e+05 6.876e+02 7.127e+02
s>            ( - -4.819e+04 3 0)
s>            ( - -1.152e+05 5 0 WDBNDRY_E 0 8.627e+01 5.083e+02))
s>        ( QUESTION2_19_L -1 -3.863e+05 9.331e+02 1.675e+03
s>            ( WDBNDRY_I 0 -1.079e+05 4.658e+02 4.694e+02
s>                ( - -7.077e+04 4 0 QUESTION18 -1 1.779e+02 3.075e+02)
s>                ( - -3.664e+04 6 0 WDBNDRY_B 0 4.497e+02 1.620e+02))
s>            ( QUESTION15 -1 -2.775e+05 6.068e+02 1.206e+03
s>                ( - -5.972e+04 2 0)
s>                ( SILENCE -1 -2.172e+05 4.830e+02 9.492e+02
s>                    ( - 2.416e+02 1 0)
s>                    ( WDBNDRY_B 0 -2.169e+05 4.616e+02 9.482e+02
s>                        ( - -5.389e+04 12 0 QUESTION2_12_L -1 3.852e+02 2.346e+02)
s>                        ( - -1.626e+05 4 0 QUESTION1 -1 2.119e+02 7.136e+02))))))INFO: dtree.c(1315): Comp split 4
INFO: dtree.c(1478): Final simple tree
|( QUESTION0_19_R 1 -1.521e+05 1.179e+03 6.402e+02
|    ( QUESTION17 -1 -8.880e+04 4.798e+02 3.769e+02
|        ( - -2.749e+04 4 0 WDBNDRY_B 0 1.128e+02 1.101e+02)
|        ( QUESTION2_18_L -1 -6.083e+04 4.623e+02 2.668e+02
|            ( - 2.414e+02 1 0)
|            ( - -6.061e+04 8 0 QUESTION2_20_L -1 2.135e+02 2.658e+02)))
|    ( QUESTION0_1_R 1 -6.214e+04 6.965e+02 2.633e+02
|        ( QUESTION16 -1 -4.557e+04 6.771e+02 1.942e+02
|            ( WDBNDRY_E 0 -2.127e+04 4.606e+02 9.111e+01
|                ( - 1.495e+02 1 0)
|                ( - -2.096e+04 6 0 QUESTION0_4_R 1 2.009e+02 9.011e+01))
|            ( QUESTION14 -1 -2.363e+04 5.041e+02 1.031e+02
|                ( - -2.337e+04 1 0)
|                ( - 2.422e+02 1 0)))
|        ( - -1.587e+04 9 0 QUESTION0_17_R 1 1.980e+02 6.909e+01)))
s>    ( QUESTION0_19_R 1 -1.521e+05 1.179e+03 6.402e+02
s>        ( QUESTION17 -1 -8.880e+04 4.798e+02 3.769e+02
s>            ( - -2.749e+04 4 0 WDBNDRY_B 0 1.128e+02 1.101e+02)
s>            ( QUESTION2_18_L -1 -6.083e+04 4.623e+02 2.668e+02
s>                ( - 2.414e+02 1 0)
s>                ( - -6.061e+04 8 0 QUESTION2_20_L -1 2.135e+02 2.658e+02)))
s>        ( QUESTION0_1_R 1 -6.214e+04 6.965e+02 2.633e+02
s>            ( QUESTION16 -1 -4.557e+04 6.771e+02 1.942e+02
s>                ( WDBNDRY_E 0 -2.127e+04 4.606e+02 9.111e+01
s>                    ( - 1.495e+02 1 0)
s>                    ( - -2.096e+04 6 0 QUESTION0_4_R 1 2.009e+02 9.011e+01))
s>                ( QUESTION14 -1 -2.363e+04 5.041e+02 1.031e+02
s>                    ( - -2.337e+04 1 0)
s>                    ( - 2.422e+02 1 0)))
s>            ( - -1.587e+04 9 0 QUESTION0_17_R 1 1.980e+02 6.909e+01)))INFO: dtree.c(1478): Final simple tree
|( QUESTION0_0_R 1 -2.958e+05 2.259e+03 1.315e+03
|    ( QUESTION0_1_R 1 -2.291e+05 1.613e+03 1.019e+03
|        ( QUESTION0_2_R 1 -1.259e+05 5.966e+02 5.735e+02
|            ( QUESTION17 -1 -1.079e+05 4.981e+02 4.894e+02
|                ( - -2.240e+04 2 0 QUESTION11 1 2.120e+02 1.015e+02)
|                ( - -8.500e+04 4 0 QUESTION0 1 3.732e+02 3.880e+02))
|            ( - -1.740e+04 1 0))
|        ( QUESTION0_7_R 1 -1.016e+05 7.924e+02 4.460e+02
|            ( QUESTION16 -1 -6.218e+04 4.841e+02 2.735e+02
|                ( - -2.614e+04 2 0)
|                ( - -3.556e+04 3 0 QUESTION18 -1 4.590e+02 1.589e+02))
|            ( - -3.859e+04 4 0 WDBNDRY_S 0 4.839e+02 1.725e+02)))
|    ( QUESTION0_16_R 1 -6.447e+04 6.983e+02 2.956e+02
|        ( - -4.166e+04 1 0)
|        ( - -2.211e+04 1 0)))
s>    ( QUESTION0_0_R 1 -2.958e+05 2.259e+03 1.315e+03
s>        ( QUESTION0_1_R 1 -2.291e+05 1.613e+03 1.019e+03
s>            ( QUESTION0_2_R 1 -1.259e+05 5.966e+02 5.735e+02
s>                ( QUESTION17 -1 -1.079e+05 4.981e+02 4.894e+02
s>                    ( - -2.240e+04 2 0 QUESTION11 1 2.120e+02 1.015e+02)
s>                    ( - -8.500e+04 4 0 QUESTION0 1 3.732e+02 3.880e+02))
s>                ( - -1.740e+04 1 0))
s>            ( QUESTION0_7_R 1 -1.016e+05 7.924e+02 4.460e+02
s>                ( QUESTION16 -1 -6.218e+04 4.841e+02 2.735e+02
s>                    ( - -2.614e+04 2 0)
s>                    ( - -3.556e+04 3 0 QUESTION18 -1 4.590e+02 1.589e+02))
s>                ( - -3.859e+04 4 0 WDBNDRY_S 0 4.839e+02 1.725e+02)))
s>        ( QUESTION0_16_R 1 -6.447e+04 6.983e+02 2.956e+02
s>            ( - -4.166e+04 1 0)
s>            ( - -2.211e+04 1 0)))INFO: dtree.c(1315): Comp split 5
INFO: dtree.c(1439): stop. leaf nodes are specific
INFO: dtree.c(1478): Final simple tree
|( QUESTION0_0_R 1 -9.176e+04 1.155e+03 4.102e+02
|    ( - -2.614e+04 2 0)
|    ( QUESTION0_16_R 1 -6.447e+04 6.983e+02 2.956e+02
|        ( - -4.166e+04 1 0)
|        ( - -2.211e+04 1 0)))
s>    ( QUESTION0_0_R 1 -9.176e+04 1.155e+03 4.102e+02
s>        ( - -2.614e+04 2 0)
s>        ( QUESTION0_16_R 1 -6.447e+04 6.983e+02 2.956e+02
s>            ( - -4.166e+04 1 0)
s>            ( - -2.211e+04 1 0)))INFO: dtree.c(1478): Final simple tree
|( QUESTION0_1_R 1 -2.018e+05 1.117e+03 9.049e+02
|    ( QUESTION0_2_R 1 -1.259e+05 5.966e+02 5.735e+02
|        ( QUESTION17 -1 -1.079e+05 4.981e+02 4.894e+02
|            ( - -2.240e+04 2 0 QUESTION11 1 2.120e+02 1.015e+02)
|            ( - -8.500e+04 4 0 QUESTION0 1 3.732e+02 3.880e+02))
|        ( - -1.740e+04 1 0))
|    ( QUESTION16 -1 -7.476e+04 6.130e+02 3.315e+02
|        ( - -3.835e+04 3 0 WDBNDRY_E 0 3.063e+02 1.715e+02)
|        ( WDBNDRY_S 0 -3.580e+04 4.807e+02 1.599e+02
|            ( - 2.427e+02 1 0)
|            ( QUESTION18 -1 -3.556e+04 4.590e+02 1.589e+02
|                ( - 2.415e+02 1 0)
|                ( QUESTION0_8_R 1 -3.534e+04 3.911e+02 1.579e+02
|                    ( - -1.543e+04 1 0)
|                    ( - -1.953e+04 1 0))))))
s>    ( QUESTION0_1_R 1 -2.018e+05 1.117e+03 9.049e+02
s>        ( QUESTION0_2_R 1 -1.259e+05 5.966e+02 5.735e+02
s>            ( QUESTION17 -1 -1.079e+05 4.981e+02 4.894e+02
s>                ( - -2.240e+04 2 0 QUESTION11 1 2.120e+02 1.015e+02)
s>                ( - -8.500e+04 4 0 QUESTION0 1 3.732e+02 3.880e+02))
s>            ( - -1.740e+04 1 0))
s>        ( QUESTION16 -1 -7.476e+04 6.130e+02 3.315e+02
s>            ( - -3.835e+04 3 0 WDBNDRY_E 0 3.063e+02 1.715e+02)
s>            ( WDBNDRY_S 0 -3.580e+04 4.807e+02 1.599e+02
s>                ( - 2.427e+02 1 0)
s>                ( QUESTION18 -1 -3.556e+04 4.590e+02 1.589e+02
s>                    ( - 2.415e+02 1 0)
s>                    ( QUESTION0_8_R 1 -3.534e+04 3.911e+02 1.579e+02
s>                        ( - -1.543e+04 1 0)
s>                        ( - -1.953e+04 1 0))))))INFO: dtree.c(1315): Comp split 6
INFO: dtree.c(1439): stop. leaf nodes are specific
INFO: dtree.c(1478): Final simple tree
|( QUESTION14 -1 -1.196e+05 4.100e+02 5.509e+02
|    ( WDBNDRY_B 0 -2.121e+04 1.295e+02 9.446e+01
|        ( - -2.054e+04 1 0)
|        ( - -5.413e+02 1 0))
|    ( WDBNDRY_B 0 -9.800e+04 3.343e+02 4.565e+02
|        ( - -5.356e+04 1 0)
|        ( - -4.410e+04 1 0)))
s>    ( QUESTION14 -1 -1.196e+05 4.100e+02 5.509e+02
s>        ( WDBNDRY_B 0 -2.121e+04 1.295e+02 9.446e+01
s>            ( - -2.054e+04 1 0)
s>            ( - -5.413e+02 1 0))
s>        ( WDBNDRY_B 0 -9.800e+04 3.343e+02 4.565e+02
s>            ( - -5.356e+04 1 0)
s>            ( - -4.410e+04 1 0)))INFO: dtree.c(1478): Final simple tree
|( QUESTION2_13_L -1 -1.655e+05 9.160e+02 7.245e+02
|    ( QUESTION15 -1 -1.222e+05 5.030e+02 5.385e+02
|        ( WDBNDRY_I 0 -6.404e+04 4.287e+02 2.808e+02
|            ( - -4.201e+04 2 0)
|            ( - -2.160e+04 4 0 WDBNDRY_B 0 1.539e+02 9.354e+01))
|        ( QUESTION2_14_L -1 -5.767e+04 3.168e+02 2.577e+02
|            ( QUESTION14 1 -3.494e+04 2.941e+02 1.565e+02
|                ( - -1.283e+04 4 0 QUESTION0 -1 1.033e+02 5.745e+01)
|                ( - -2.181e+04 1 0))
|            ( - -2.242e+04 2 0)))
|    ( QUESTION3 -1 -4.242e+04 2.420e+02 1.860e+02
|        ( - -3.473e+04 1 0)
|        ( WDBNDRY_B 0 -7.445e+03 2.138e+02 3.197e+01
|            ( - -6.739e+03 2 0 SILENCE -1 1.386e+02 2.897e+01)
|            ( - -4.928e+02 1 0))))
s>    ( QUESTION2_13_L -1 -1.655e+05 9.160e+02 7.245e+02
s>        ( QUESTION15 -1 -1.222e+05 5.030e+02 5.385e+02
s>            ( WDBNDRY_I 0 -6.404e+04 4.287e+02 2.808e+02
s>                ( - -4.201e+04 2 0)
s>                ( - -2.160e+04 4 0 WDBNDRY_B 0 1.539e+02 9.354e+01))
s>            ( QUESTION2_14_L -1 -5.767e+04 3.168e+02 2.577e+02
s>                ( QUESTION14 1 -3.494e+04 2.941e+02 1.565e+02
s>                    ( - -1.283e+04 4 0 QUESTION0 -1 1.033e+02 5.745e+01)
s>                    ( - -2.181e+04 1 0))
s>                ( - -2.242e+04 2 0)))
s>        ( QUESTION3 -1 -4.242e+04 2.420e+02 1.860e+02
s>            ( - -3.473e+04 1 0)
s>            ( WDBNDRY_B 0 -7.445e+03 2.138e+02 3.197e+01
s>                ( - -6.739e+03 2 0 SILENCE -1 1.386e+02 2.897e+01)
s>                ( - -4.928e+02 1 0))))INFO: dtree.c(1315): Comp split 7
INFO: dtree.c(1439): stop. leaf nodes are specific
INFO: dtree.c(1478): Final simple tree
|( WDBNDRY_B 0 -2.244e+05 9.983e+02 9.693e+02
|    ( QUESTION16 -1 -1.082e+05 2.986e+02 4.610e+02
|        ( - -4.819e+04 3 0)
|        ( - -5.972e+04 2 0))
|    ( WDBNDRY_E 0 -1.152e+05 8.627e+01 5.083e+02
|        ( - -6.413e+02 1 0)
|        ( - -1.144e+05 4 0)))
s>    ( WDBNDRY_B 0 -2.244e+05 9.983e+02 9.693e+02
s>        ( QUESTION16 -1 -1.082e+05 2.986e+02 4.610e+02
s>            ( - -4.819e+04 3 0)
s>            ( - -5.972e+04 2 0))
s>        ( WDBNDRY_E 0 -1.152e+05 8.627e+01 5.083e+02
s>            ( - -6.413e+02 1 0)
s>            ( - -1.144e+05 4 0)))INFO: dtree.c(1478): Final simple tree
|( QUESTION2_17_L -1 -3.257e+05 8.335e+02 1.419e+03
|    ( - -1.618e+05 3 0 WDBNDRY_B 0 1.621e+02 7.095e+02)
|    ( SILENCE -1 -1.631e+05 4.753e+02 7.091e+02
|        ( - 2.416e+02 1 0)
|        ( WDBNDRY_S 0 -1.629e+05 4.532e+02 7.081e+02
|            ( - 2.419e+02 1 0)
|            ( WDBNDRY_B 0 -1.627e+05 3.540e+02 7.071e+02
|                ( QUESTION2_12_L -1 -8.772e+04 4.786e+02 3.826e+02
|                    ( - -5.861e+03 1 0)
|                    ( QUESTION5 -1 -8.138e+04 3.694e+02 3.566e+02
|                        ( - -3.515e+03 2 0)
|                        ( QUESTION2_20_L -1 -7.750e+04 3.395e+02 3.396e+02
|                            ( - -2.326e+04 4 0)
|                            ( - -5.390e+04 9 0 QUESTION2 -1 2.260e+02 2.384e+02))))
|                ( - -7.463e+04 6 0 QUESTION1 -1 2.038e+02 3.245e+02)))))
s>    ( QUESTION2_17_L -1 -3.257e+05 8.335e+02 1.419e+03
s>        ( - -1.618e+05 3 0 WDBNDRY_B 0 1.621e+02 7.095e+02)
s>        ( SILENCE -1 -1.631e+05 4.753e+02 7.091e+02
s>            ( - 2.416e+02 1 0)
s>            ( WDBNDRY_S 0 -1.629e+05 4.532e+02 7.081e+02
s>                ( - 2.419e+02 1 0)
s>                ( WDBNDRY_B 0 -1.627e+05 3.540e+02 7.071e+02
s>                    ( QUESTION2_12_L -1 -8.772e+04 4.786e+02 3.826e+02
s>                        ( - -5.861e+03 1 0)
s>                        ( QUESTION5 -1 -8.138e+04 3.694e+02 3.566e+02
s>                            ( - -3.515e+03 2 0)
s>                            ( QUESTION2_20_L -1 -7.750e+04 3.395e+02 3.396e+02
s>                                ( - -2.326e+04 4 0)
s>                                ( - -5.390e+04 9 0 QUESTION2 -1 2.260e+02 2.384e+02))))
s>                    ( - -7.463e+04 6 0 QUESTION1 -1 2.038e+02 3.245e+02)))))INFO: dtree.c(1315): Comp split 8
INFO: dtree.c(1478): Final simple tree
|( QUESTION2_17_L -1 -2.735e+05 5.124e+02 1.177e+03
|    ( - -1.720e+04 1 0)
|    ( SILENCE -1 -2.558e+05 4.286e+02 1.102e+03
|        ( - -2.875e+04 1 0)
|        ( WDBNDRY_B 0 -2.266e+05 4.602e+02 9.801e+02
|            ( QUESTION19 -1 -1.417e+05 3.841e+02 6.107e+02
|                ( - -6.964e+04 1 0)
|                ( QUESTION2_12_L -1 -7.170e+04 2.517e+02 3.084e+02
|                    ( - -5.743e+04 3 0 QUESTION11 -1 1.453e+02 2.484e+02)
|                    ( - -1.401e+04 5 0 QUESTION1 -1 1.656e+02 5.998e+01)))
|            ( QUESTION14 1 -8.441e+04 1.905e+02 3.694e+02
|                ( - -9.440e+03 1 0)
|                ( QUESTION16 -1 -7.478e+04 1.842e+02 3.273e+02
|                    ( - -7.425e+04 2 0)
|                    ( - -3.398e+02 1 0))))))
s>    ( QUESTION2_17_L -1 -2.735e+05 5.124e+02 1.177e+03
s>        ( - -1.720e+04 1 0)
s>        ( SILENCE -1 -2.558e+05 4.286e+02 1.102e+03
s>            ( - -2.875e+04 1 0)
s>            ( WDBNDRY_B 0 -2.266e+05 4.602e+02 9.801e+02
s>                ( QUESTION19 -1 -1.417e+05 3.841e+02 6.107e+02
s>                    ( - -6.964e+04 1 0)
s>                    ( QUESTION2_12_L -1 -7.170e+04 2.517e+02 3.084e+02
s>                        ( - -5.743e+04 3 0 QUESTION11 -1 1.453e+02 2.484e+02)
s>                        ( - -1.401e+04 5 0 QUESTION1 -1 1.656e+02 5.998e+01)))
s>                ( QUESTION14 1 -8.441e+04 1.905e+02 3.694e+02
s>                    ( - -9.440e+03 1 0)
s>                    ( QUESTION16 -1 -7.478e+04 1.842e+02 3.273e+02
s>                        ( - -7.425e+04 2 0)
s>                        ( - -3.398e+02 1 0))))))INFO: dtree.c(1478): Final simple tree
|( QUESTION2_14_L -1 -1.928e+05 5.928e+02 8.424e+02
|    ( QUESTION14 1 -4.812e+04 2.791e+02 2.057e+02
|        ( - -3.181e+03 1 0)
|        ( QUESTION0 -1 -4.466e+04 1.287e+02 1.904e+02
|            ( - -4.210e+04 1 0)
|            ( - -2.434e+03 1 0)))
|    ( QUESTION0 -1 -1.441e+05 2.420e+02 6.368e+02
|        ( - -3.901e+03 2 0)
|        ( QUESTION16 -1 -1.400e+05 2.109e+02 6.197e+02
|            ( - -9.641e+04 2 0)
|            ( QUESTION14 1 -4.337e+04 1.840e+02 1.910e+02
|                ( - -2.616e+02 1 0)
|                ( QUESTION14 -1 -4.292e+04 1.084e+02 1.890e+02
|                    ( - -2.087e+04 4 0)
|                    ( - -2.194e+04 1 0))))))
s>    ( QUESTION2_14_L -1 -1.928e+05 5.928e+02 8.424e+02
s>        ( QUESTION14 1 -4.812e+04 2.791e+02 2.057e+02
s>            ( - -3.181e+03 1 0)
s>            ( QUESTION0 -1 -4.466e+04 1.287e+02 1.904e+02
s>                ( - -4.210e+04 1 0)
s>                ( - -2.434e+03 1 0)))
s>        ( QUESTION0 -1 -1.441e+05 2.420e+02 6.368e+02
s>            ( - -3.901e+03 2 0)
s>            ( QUESTION16 -1 -1.400e+05 2.109e+02 6.197e+02
s>                ( - -9.641e+04 2 0)
s>                ( QUESTION14 1 -4.337e+04 1.840e+02 1.910e+02
s>                    ( - -2.616e+02 1 0)
s>                    ( QUESTION14 -1 -4.292e+04 1.084e+02 1.890e+02
s>                        ( - -2.087e+04 4 0)
s>                        ( - -2.194e+04 1 0))))))INFO: dtree.c(1315): Comp split 9
INFO: dtree.c(1478): Final simple tree
|( QUESTION0_1_R 1 -6.214e+04 6.965e+02 2.633e+02
|    ( QUESTION16 -1 -4.557e+04 6.771e+02 1.942e+02
|        ( WDBNDRY_E 0 -2.127e+04 4.606e+02 9.111e+01
|            ( - 1.495e+02 1 0)
|            ( QUESTION0_4_R 1 -2.096e+04 2.009e+02 9.011e+01
|                ( - -1.905e+04 3 0)
|                ( - -1.706e+03 3 0)))
|        ( QUESTION14 -1 -2.363e+04 5.041e+02 1.031e+02
|            ( - -2.337e+04 1 0)
|            ( - 2.422e+02 1 0)))
|    ( QUESTION0_17_R 1 -1.587e+04 1.980e+02 6.909e+01
|        ( QUESTION18 -1 -5.410e+03 1.730e+02 2.400e+01
|            ( - -2.806e+02 1 0)
|            ( - -4.956e+03 6 0 QUESTION2_14_L -1 1.627e+02 2.200e+01))
|        ( - -1.026e+04 2 0 WDBNDRY_E 0 1.416e+02 4.509e+01)))
s>    ( QUESTION0_1_R 1 -6.214e+04 6.965e+02 2.633e+02
s>        ( QUESTION16 -1 -4.557e+04 6.771e+02 1.942e+02
s>            ( WDBNDRY_E 0 -2.127e+04 4.606e+02 9.111e+01
s>                ( - 1.495e+02 1 0)
s>                ( QUESTION0_4_R 1 -2.096e+04 2.009e+02 9.011e+01
s>                    ( - -1.905e+04 3 0)
s>                    ( - -1.706e+03 3 0)))
s>            ( QUESTION14 -1 -2.363e+04 5.041e+02 1.031e+02
s>                ( - -2.337e+04 1 0)
s>                ( - 2.422e+02 1 0)))
s>        ( QUESTION0_17_R 1 -1.587e+04 1.980e+02 6.909e+01
s>            ( QUESTION18 -1 -5.410e+03 1.730e+02 2.400e+01
s>                ( - -2.806e+02 1 0)
s>                ( - -4.956e+03 6 0 QUESTION2_14_L -1 1.627e+02 2.200e+01))
s>            ( - -1.026e+04 2 0 WDBNDRY_E 0 1.416e+02 4.509e+01)))INFO: dtree.c(1478): Final simple tree
|( QUESTION17 -1 -8.880e+04 4.798e+02 3.769e+02
|    ( - -2.749e+04 4 0 WDBNDRY_B 0 1.128e+02 1.101e+02)
|    ( QUESTION2_18_L -1 -6.083e+04 4.623e+02 2.668e+02
|        ( - 2.414e+02 1 0)
|        ( QUESTION2_20_L -1 -6.061e+04 2.135e+02 2.658e+02
|            ( WDBNDRY_B 0 -5.468e+04 1.948e+02 2.397e+02
|                ( QUESTION14 -1 -2.608e+04 1.602e+02 1.140e+02
|                    ( - -3.251e+02 1 0)
|                    ( - -2.560e+04 2 0))
|                ( QUESTION14 -1 -2.841e+04 4.462e+02 1.256e+02
|                    ( - 2.173e+02 1 0)
|                    ( - -2.818e+04 2 0)))
|            ( WDBNDRY_B 0 -5.710e+03 1.695e+02 2.611e+01
|                ( - -9.609e+02 1 0)
|                ( - -4.579e+03 1 0)))))
s>    ( QUESTION17 -1 -8.880e+04 4.798e+02 3.769e+02
s>        ( - -2.749e+04 4 0 WDBNDRY_B 0 1.128e+02 1.101e+02)
s>        ( QUESTION2_18_L -1 -6.083e+04 4.623e+02 2.668e+02
s>            ( - 2.414e+02 1 0)
s>            ( QUESTION2_20_L -1 -6.061e+04 2.135e+02 2.658e+02
s>                ( WDBNDRY_B 0 -5.468e+04 1.948e+02 2.397e+02
s>                    ( QUESTION14 -1 -2.608e+04 1.602e+02 1.140e+02
s>                        ( - -3.251e+02 1 0)
s>                        ( - -2.560e+04 2 0))
s>                    ( QUESTION14 -1 -2.841e+04 4.462e+02 1.256e+02
s>                        ( - 2.173e+02 1 0)
s>                        ( - -2.818e+04 2 0)))
s>                ( WDBNDRY_B 0 -5.710e+03 1.695e+02 2.611e+01
s>                    ( - -9.609e+02 1 0)
s>                    ( - -4.579e+03 1 0)))))INFO: dtree.c(1315): Comp split 10
INFO: dtree.c(1439): stop. leaf nodes are specific
INFO: dtree.c(1478): Final simple tree
|( QUESTION0_16_R 1 -6.447e+04 6.983e+02 2.956e+02
|    ( - -4.166e+04 1 0)
|    ( - -2.211e+04 1 0))
s>    ( QUESTION0_16_R 1 -6.447e+04 6.983e+02 2.956e+02
s>        ( - -4.166e+04 1 0)
s>        ( - -2.211e+04 1 0))INFO: dtree.c(1315): Comp split 11
INFO: dtree.c(1478): Final simple tree
|( QUESTION0_3_R 1 -1.460e+05 6.079e+02 6.616e+02
|    ( - -1.740e+04 1 0)
|    ( QUESTION2_14_L -1 -1.280e+05 5.282e+02 5.775e+02
|        ( QUESTION0_1_R 1 -8.729e+04 4.440e+02 3.962e+02
|            ( WDBNDRY_E 0 -6.732e+04 2.286e+02 3.081e+02
|                ( - -2.761e+03 1 0)
|                ( QUESTION11 1 -6.433e+04 2.277e+02 2.965e+02
|                    ( QUESTION14 -1 -2.874e+04 2.221e+02 1.348e+02
|                        ( - -2.826e+04 1 0)
|                        ( - -2.511e+02 1 0))
|                    ( - -3.536e+04 1 0)))
|            ( - -1.953e+04 1 0))
|        ( WDBNDRY_E 0 -4.014e+04 4.183e+02 1.813e+02
|            ( - -1.778e+04 1 0)
|            ( - -2.194e+04 1 0))))
s>    ( QUESTION0_3_R 1 -1.460e+05 6.079e+02 6.616e+02
s>        ( - -1.740e+04 1 0)
s>        ( QUESTION2_14_L -1 -1.280e+05 5.282e+02 5.775e+02
s>            ( QUESTION0_1_R 1 -8.729e+04 4.440e+02 3.962e+02
s>                ( WDBNDRY_E 0 -6.732e+04 2.286e+02 3.081e+02
s>                    ( - -2.761e+03 1 0)
s>                    ( QUESTION11 1 -6.433e+04 2.277e+02 2.965e+02
s>                        ( QUESTION14 -1 -2.874e+04 2.221e+02 1.348e+02
s>                            ( - -2.826e+04 1 0)
s>                            ( - -2.511e+02 1 0))
s>                        ( - -3.536e+04 1 0)))
s>                ( - -1.953e+04 1 0))
s>            ( WDBNDRY_E 0 -4.014e+04 4.183e+02 1.813e+02
s>                ( - -1.778e+04 1 0)
s>                ( - -2.194e+04 1 0))))INFO: dtree.c(1439): stop. leaf nodes are specific
INFO: dtree.c(1478): Final simple tree
|( WDBNDRY_S 0 -5.470e+04 4.824e+02 2.434e+02
|    ( - 2.427e+02 1 0)
|    ( QUESTION0_8_R 1 -5.446e+04 4.677e+02 2.424e+02
|        ( - -1.543e+04 1 0)
|        ( QUESTION0_7_R 1 -3.857e+04 4.574e+02 1.725e+02
|            ( - 2.415e+02 1 0)
|            ( WDBNDRY_E 0 -3.835e+04 3.063e+02 1.715e+02
|                ( - -1.846e+04 1 0)
|                ( - -1.959e+04 2 0)))))
s>    ( WDBNDRY_S 0 -5.470e+04 4.824e+02 2.434e+02
s>        ( - 2.427e+02 1 0)
s>        ( QUESTION0_8_R 1 -5.446e+04 4.677e+02 2.424e+02
s>            ( - -1.543e+04 1 0)
s>            ( QUESTION0_7_R 1 -3.857e+04 4.574e+02 1.725e+02
s>                ( - 2.415e+02 1 0)
s>                ( WDBNDRY_E 0 -3.835e+04 3.063e+02 1.715e+02
s>                    ( - -1.846e+04 1 0)
s>                    ( - -1.959e+04 2 0)))))INFO: dtree.c(1315): Comp split 12
INFO: dtree.c(1439): stop. leaf nodes are specific
INFO: dtree.c(1478): Final simple tree
|( QUESTION1 -1 -7.671e+04 4.504e+02 3.340e+02
|    ( - -3.473e+04 1 0)
|    ( WDBNDRY_B 0 -4.152e+04 2.529e+02 1.800e+02
|        ( QUESTION2_16_L -1 -2.584e+04 1.576e+02 1.125e+02
|            ( - -5.804e+03 2 0)
|            ( SILENCE -1 -1.987e+04 1.392e+02 8.681e+01
|                ( - -4.618e+03 1 0)
|                ( QUESTION0 -1 -1.512e+04 1.045e+02 6.684e+01
|                    ( - -1.982e+03 1 0)
|                    ( QUESTION14 -1 -1.303e+04 9.433e+01 5.784e+01
|                        ( - -6.925e+03 2 0)
|                        ( - -6.012e+03 3 0)))))
|        ( - -1.543e+04 1 0)))
s>    ( QUESTION1 -1 -7.671e+04 4.504e+02 3.340e+02
s>        ( - -3.473e+04 1 0)
s>        ( WDBNDRY_B 0 -4.152e+04 2.529e+02 1.800e+02
s>            ( QUESTION2_16_L -1 -2.584e+04 1.576e+02 1.125e+02
s>                ( - -5.804e+03 2 0)
s>                ( SILENCE -1 -1.987e+04 1.392e+02 8.681e+01
s>                    ( - -4.618e+03 1 0)
s>                    ( QUESTION0 -1 -1.512e+04 1.045e+02 6.684e+01
s>                        ( - -1.982e+03 1 0)
s>                        ( QUESTION14 -1 -1.303e+04 9.433e+01 5.784e+01
s>                            ( - -6.925e+03 2 0)
s>                            ( - -6.012e+03 3 0)))))
s>            ( - -1.543e+04 1 0)))INFO: dtree.c(1439): stop. leaf nodes are specific
INFO: dtree.c(1478): Final simple tree
|( QUESTION15 -1 -8.773e+04 4.866e+02 3.905e+02
|    ( - -4.201e+04 2 0)
|    ( QUESTION10 -1 -4.523e+04 3.226e+02 2.033e+02
|        ( - -2.181e+04 1 0)
|        ( WDBNDRY_B 0 -2.309e+04 1.840e+02 1.043e+02
|            ( - -2.242e+04 2 0)
|            ( - -4.928e+02 1 0))))
s>    ( QUESTION15 -1 -8.773e+04 4.866e+02 3.905e+02
s>        ( - -4.201e+04 2 0)
s>        ( QUESTION10 -1 -4.523e+04 3.226e+02 2.033e+02
s>            ( - -2.181e+04 1 0)
s>            ( WDBNDRY_B 0 -2.309e+04 1.840e+02 1.043e+02
s>                ( - -2.242e+04 2 0)
s>                ( - -4.928e+02 1 0))))INFO: dtree.c(1315): Comp split 13
INFO: dtree.c(1439): stop. leaf nodes are specific
INFO: dtree.c(1478): Final simple tree
|( WDBNDRY_E 0 -1.152e+05 8.627e+01 5.083e+02
|    ( - -6.413e+02 1 0)
|    ( - -1.144e+05 4 0))
s>    ( WDBNDRY_E 0 -1.152e+05 8.627e+01 5.083e+02
s>        ( - -6.413e+02 1 0)
s>        ( - -1.144e+05 4 0))INFO: dtree.c(1439): stop. leaf nodes are specific
INFO: dtree.c(1478): Final simple tree
|( QUESTION16 -1 -1.082e+05 2.986e+02 4.610e+02
|    ( - -4.819e+04 3 0)
|    ( - -5.972e+04 2 0))
s>    ( QUESTION16 -1 -1.082e+05 2.986e+02 4.610e+02
s>        ( - -4.819e+04 3 0)
s>        ( - -5.972e+04 2 0))INFO: dtree.c(1315): Comp split 14
INFO: dtree.c(1439): stop. leaf nodes are specific
INFO: dtree.c(1478): Final simple tree
|( QUESTION0 -1 -1.679e+05 3.061e+02 7.355e+02
|    ( - -5.861e+03 1 0)
|    ( WDBNDRY_B 0 -1.618e+05 1.621e+02 7.095e+02
|        ( - -2.832e+03 1 0)
|        ( - -1.588e+05 2 0)))
s>    ( QUESTION0 -1 -1.679e+05 3.061e+02 7.355e+02
s>        ( - -5.861e+03 1 0)
s>        ( WDBNDRY_B 0 -1.618e+05 1.621e+02 7.095e+02
s>            ( - -2.832e+03 1 0)
s>            ( - -1.588e+05 2 0)))INFO: dtree.c(1478): Final simple tree
|( SILENCE -1 -1.569e+05 4.747e+02 6.831e+02
|    ( - 2.416e+02 1 0)
|    ( WDBNDRY_S 0 -1.566e+05 4.526e+02 6.821e+02
|        ( - 2.419e+02 1 0)
|        ( WDBNDRY_B 0 -1.564e+05 3.966e+02 6.811e+02
|            ( QUESTION5 -1 -8.138e+04 3.694e+02 3.566e+02
|                ( - -3.515e+03 2 0)
|                ( QUESTION2_20_L -1 -7.750e+04 3.395e+02 3.396e+02
|                    ( - -2.326e+04 4 0)
|                    ( QUESTION2 -1 -5.390e+04 2.260e+02 2.384e+02
|                        ( - -4.835e+02 1 0)
|                        ( - -5.319e+04 8 0 QUESTION1 -1 2.031e+02 2.354e+02))))
|            ( QUESTION1 -1 -7.463e+04 2.038e+02 3.245e+02
|                ( - -6.751e+02 1 0)
|                ( - -7.375e+04 5 0 QUESTION19 -1 1.790e+02 3.205e+02)))))
s>    ( SILENCE -1 -1.569e+05 4.747e+02 6.831e+02
s>        ( - 2.416e+02 1 0)
s>        ( WDBNDRY_S 0 -1.566e+05 4.526e+02 6.821e+02
s>            ( - 2.419e+02 1 0)
s>            ( WDBNDRY_B 0 -1.564e+05 3.966e+02 6.811e+02
s>                ( QUESTION5 -1 -8.138e+04 3.694e+02 3.566e+02
s>                    ( - -3.515e+03 2 0)
s>                    ( QUESTION2_20_L -1 -7.750e+04 3.395e+02 3.396e+02
s>                        ( - -2.326e+04 4 0)
s>                        ( QUESTION2 -1 -5.390e+04 2.260e+02 2.384e+02
s>                            ( - -4.835e+02 1 0)
s>                            ( - -5.319e+04 8 0 QUESTION1 -1 2.031e+02 2.354e+02))))
s>                ( QUESTION1 -1 -7.463e+04 2.038e+02 3.245e+02
s>                    ( - -6.751e+02 1 0)
s>                    ( - -7.375e+04 5 0 QUESTION19 -1 1.790e+02 3.205e+02)))))INFO: dtree.c(1315): Comp split 15
INFO: dtree.c(1478): Final simple tree
|( WDBNDRY_B 0 -8.992e+04 5.073e+02 3.903e+02
|    ( QUESTION2_17_L -1 -3.965e+04 1.578e+02 1.688e+02
|        ( - -3.786e+03 1 0)
|        ( QUESTION2_20_L -1 -3.571e+04 1.435e+02 1.539e+02
|            ( QUESTION17 -1 -7.482e+03 1.145e+02 3.299e+01
|                ( - -2.689e+03 1 0)
|                ( - -4.679e+03 4 0 QUESTION14 -1 8.286e+01 2.100e+01))
|            ( SILENCE -1 -2.808e+04 8.680e+01 1.209e+02
|                ( - -2.328e+03 1 0)
|                ( - -2.567e+04 2 0 QUESTION0 -1 6.774e+01 1.109e+02))))
|    ( QUESTION15 -1 -4.976e+04 2.835e+02 2.215e+02
|        ( - -2.824e+04 1 0)
|        ( QUESTION0 -1 -2.124e+04 1.146e+02 9.630e+01
|            ( - -9.571e+02 1 0)
|            ( - -2.016e+04 3 0))))
s>    ( WDBNDRY_B 0 -8.992e+04 5.073e+02 3.903e+02
s>        ( QUESTION2_17_L -1 -3.965e+04 1.578e+02 1.688e+02
s>            ( - -3.786e+03 1 0)
s>            ( QUESTION2_20_L -1 -3.571e+04 1.435e+02 1.539e+02
s>                ( QUESTION17 -1 -7.482e+03 1.145e+02 3.299e+01
s>                    ( - -2.689e+03 1 0)
s>                    ( - -4.679e+03 4 0 QUESTION14 -1 8.286e+01 2.100e+01))
s>                ( SILENCE -1 -2.808e+04 8.680e+01 1.209e+02
s>                    ( - -2.328e+03 1 0)
s>                    ( - -2.567e+04 2 0 QUESTION0 -1 6.774e+01 1.109e+02))))
s>        ( QUESTION15 -1 -4.976e+04 2.835e+02 2.215e+02
s>            ( - -2.824e+04 1 0)
s>            ( QUESTION0 -1 -2.124e+04 1.146e+02 9.630e+01
s>                ( - -9.571e+02 1 0)
s>                ( - -2.016e+04 3 0))))INFO: dtree.c(1439): stop. leaf nodes are specific
INFO: dtree.c(1478): Final simple tree
|( QUESTION14 -1 -1.263e+05 5.309e+02 5.576e+02
|    ( - -1.606e+04 1 0)
|    ( QUESTION0 -1 -1.097e+05 2.770e+02 4.833e+02
|        ( WDBNDRY_B 0 -2.129e+04 1.852e+02 9.537e+01
|            ( - -2.847e+02 1 0)
|            ( - -2.082e+04 1 0))
|        ( - -8.817e+04 2 0)))
s>    ( QUESTION14 -1 -1.263e+05 5.309e+02 5.576e+02
s>        ( - -1.606e+04 1 0)
s>        ( QUESTION0 -1 -1.097e+05 2.770e+02 4.833e+02
s>            ( WDBNDRY_B 0 -2.129e+04 1.852e+02 9.537e+01
s>                ( - -2.847e+02 1 0)
s>                ( - -2.082e+04 1 0))
s>            ( - -8.817e+04 2 0)))INFO: dtree.c(1315): Comp split 16
INFO: dtree.c(1439): stop. leaf nodes are specific
INFO: dtree.c(1478): Final simple tree
|( WDBNDRY_E 0 -1.936e+04 4.592e+02 8.311e+01
|    ( - 1.495e+02 1 0)
|    ( - -1.905e+04 3 0))
s>    ( WDBNDRY_E 0 -1.936e+04 4.592e+02 8.311e+01
s>        ( - 1.495e+02 1 0)
s>        ( - -1.905e+04 3 0))INFO: dtree.c(1478): Final simple tree
|( QUESTION0_1_R 1 -4.200e+04 6.149e+02 1.802e+02
|    ( QUESTION17 -1 -2.552e+04 4.996e+02 1.111e+02
|        ( - 2.422e+02 1 0)
|        ( QUESTION0_4_R 1 -2.526e+04 1.876e+02 1.101e+02
|            ( - -2.337e+04 1 0)
|            ( - -1.706e+03 3 0)))
|    ( QUESTION0_17_R 1 -1.587e+04 1.980e+02 6.909e+01
|        ( QUESTION18 -1 -5.410e+03 1.730e+02 2.400e+01
|            ( - -2.806e+02 1 0)
|            ( QUESTION2_14_L -1 -4.956e+03 1.627e+02 2.200e+01
|                ( - -7.545e+02 1 0)
|                ( - -4.039e+03 5 0 QUESTION16 -1 1.032e+02 1.800e+01)))
|        ( WDBNDRY_E 0 -1.026e+04 1.416e+02 4.509e+01
|            ( - -9.738e+03 1 0)
|            ( - -3.795e+02 1 0))))
s>    ( QUESTION0_1_R 1 -4.200e+04 6.149e+02 1.802e+02
s>        ( QUESTION17 -1 -2.552e+04 4.996e+02 1.111e+02
s>            ( - 2.422e+02 1 0)
s>            ( QUESTION0_4_R 1 -2.526e+04 1.876e+02 1.101e+02
s>                ( - -2.337e+04 1 0)
s>                ( - -1.706e+03 3 0)))
s>        ( QUESTION0_17_R 1 -1.587e+04 1.980e+02 6.909e+01
s>            ( QUESTION18 -1 -5.410e+03 1.730e+02 2.400e+01
s>                ( - -2.806e+02 1 0)
s>                ( QUESTION2_14_L -1 -4.956e+03 1.627e+02 2.200e+01
s>                    ( - -7.545e+02 1 0)
s>                    ( - -4.039e+03 5 0 QUESTION16 -1 1.032e+02 1.800e+01)))
s>            ( WDBNDRY_E 0 -1.026e+04 1.416e+02 4.509e+01
s>                ( - -9.738e+03 1 0)
s>                ( - -3.795e+02 1 0))))INFO: dtree.c(1315): Comp split 17
INFO: dtree.c(1439): stop. leaf nodes are specific
INFO: dtree.c(1478): Final simple tree
|( QUESTION0 -1 -1.273e+05 2.751e+02 5.507e+02
|    ( QUESTION11 -1 -5.743e+04 1.453e+02 2.484e+02
|        ( - -5.806e+03 1 0)
|        ( - -5.148e+04 2 0))
|    ( - -6.964e+04 1 0))
s>    ( QUESTION0 -1 -1.273e+05 2.751e+02 5.507e+02
s>        ( QUESTION11 -1 -5.743e+04 1.453e+02 2.484e+02
s>            ( - -5.806e+03 1 0)
s>            ( - -5.148e+04 2 0))
s>        ( - -6.964e+04 1 0))INFO: dtree.c(1478): Final simple tree
|( QUESTION2_17_L -1 -1.454e+05 4.257e+02 6.266e+02
|    ( - -1.720e+04 1 0)
|    ( SILENCE -1 -1.278e+05 3.462e+02 5.509e+02
|        ( - -2.875e+04 1 0)
|        ( WDBNDRY_B 0 -9.867e+04 2.528e+02 4.294e+02
|            ( QUESTION1 -1 -1.401e+04 1.656e+02 5.998e+01
|                ( - -4.512e+03 2 0 QUESTION4 -1 8.507e+01 2.008e+01)
|                ( QUESTION14 -1 -9.334e+03 1.010e+02 3.990e+01
|                    ( - -2.728e+03 1 0)
|                    ( - -6.504e+03 2 0 QUESTION0 -1 9.838e+01 2.785e+01)))
|            ( QUESTION14 1 -8.441e+04 1.905e+02 3.694e+02
|                ( - -9.440e+03 1 0)
|                ( QUESTION16 -1 -7.478e+04 1.842e+02 3.273e+02
|                    ( - -7.425e+04 2 0)
|                    ( - -3.398e+02 1 0))))))
s>    ( QUESTION2_17_L -1 -1.454e+05 4.257e+02 6.266e+02
s>        ( - -1.720e+04 1 0)
s>        ( SILENCE -1 -1.278e+05 3.462e+02 5.509e+02
s>            ( - -2.875e+04 1 0)
s>            ( WDBNDRY_B 0 -9.867e+04 2.528e+02 4.294e+02
s>                ( QUESTION1 -1 -1.401e+04 1.656e+02 5.998e+01
s>                    ( - -4.512e+03 2 0 QUESTION4 -1 8.507e+01 2.008e+01)
s>                    ( QUESTION14 -1 -9.334e+03 1.010e+02 3.990e+01
s>                        ( - -2.728e+03 1 0)
s>                        ( - -6.504e+03 2 0 QUESTION0 -1 9.838e+01 2.785e+01)))
s>                ( QUESTION14 1 -8.441e+04 1.905e+02 3.694e+02
s>                    ( - -9.440e+03 1 0)
s>                    ( QUESTION16 -1 -7.478e+04 1.842e+02 3.273e+02
s>                        ( - -7.425e+04 2 0)
s>                        ( - -3.398e+02 1 0))))))INFO: dtree.c(1315): Comp split 18
INFO: dtree.c(1315): Comp split 19
INFO: dtree.c(1439): stop. leaf nodes are specific
INFO: dtree.c(1478): Final simple tree
|( QUESTION0_17_R 1 -1.540e+04 1.875e+02 6.709e+01
|    ( QUESTION2_14_L -1 -4.956e+03 1.627e+02 2.200e+01
|        ( - -7.545e+02 1 0)
|        ( QUESTION16 -1 -4.039e+03 1.032e+02 1.800e+01
|            ( WDBNDRY_B 0 -2.643e+03 1.719e+02 1.200e+01
|                ( - -3.017e+02 1 0)
|                ( - -2.170e+03 2 0))
|            ( WDBNDRY_B 0 -1.293e+03 9.519e+01 6.000e+00
|                ( - -6.161e+02 1 0)
|                ( - -5.813e+02 1 0))))
|    ( WDBNDRY_E 0 -1.026e+04 1.416e+02 4.509e+01
|        ( - -9.738e+03 1 0)
|        ( - -3.795e+02 1 0)))
s>    ( QUESTION0_17_R 1 -1.540e+04 1.875e+02 6.709e+01
s>        ( QUESTION2_14_L -1 -4.956e+03 1.627e+02 2.200e+01
s>            ( - -7.545e+02 1 0)
s>            ( QUESTION16 -1 -4.039e+03 1.032e+02 1.800e+01
s>                ( WDBNDRY_B 0 -2.643e+03 1.719e+02 1.200e+01
s>                    ( - -3.017e+02 1 0)
s>                    ( - -2.170e+03 2 0))
s>                ( WDBNDRY_B 0 -1.293e+03 9.519e+01 6.000e+00
s>                    ( - -6.161e+02 1 0)
s>                    ( - -5.813e+02 1 0))))
s>        ( WDBNDRY_E 0 -1.026e+04 1.416e+02 4.509e+01
s>            ( - -9.738e+03 1 0)
s>            ( - -3.795e+02 1 0)))INFO: dtree.c(1439): stop. leaf nodes are specific
INFO: dtree.c(1478): Final simple tree
|( QUESTION19 -1 -2.598e+04 4.999e+02 1.131e+02
|    ( - 2.422e+02 1 0)
|    ( QUESTION0_5_R 1 -2.572e+04 1.884e+02 1.121e+02
|        ( - -1.706e+03 3 0)
|        ( QUESTION0_0_R 1 -2.383e+04 1.797e+02 1.041e+02
|            ( - -2.337e+04 1 0)
|            ( - -2.806e+02 1 0))))
s>    ( QUESTION19 -1 -2.598e+04 4.999e+02 1.131e+02
s>        ( - 2.422e+02 1 0)
s>        ( QUESTION0_5_R 1 -2.572e+04 1.884e+02 1.121e+02
s>            ( - -1.706e+03 3 0)
s>            ( QUESTION0_0_R 1 -2.383e+04 1.797e+02 1.041e+02
s>                ( - -2.337e+04 1 0)
s>                ( - -2.806e+02 1 0))))INFO: dtree.c(1315): Comp split 20
INFO: dtree.c(1439): stop. leaf nodes are specific
INFO: dtree.c(1478): Final simple tree
|( QUESTION2_14_L -1 -1.280e+05 5.282e+02 5.775e+02
|    ( QUESTION0_1_R 1 -8.729e+04 4.440e+02 3.962e+02
|        ( WDBNDRY_E 0 -6.732e+04 2.286e+02 3.081e+02
|            ( - -2.761e+03 1 0)
|            ( QUESTION11 1 -6.433e+04 2.277e+02 2.965e+02
|                ( QUESTION14 -1 -2.874e+04 2.221e+02 1.348e+02
|                    ( - -2.826e+04 1 0)
|                    ( - -2.511e+02 1 0))
|                ( - -3.536e+04 1 0)))
|        ( - -1.953e+04 1 0))
|    ( WDBNDRY_E 0 -4.014e+04 4.183e+02 1.813e+02
|        ( - -1.778e+04 1 0)
|        ( - -2.194e+04 1 0)))
s>    ( QUESTION2_14_L -1 -1.280e+05 5.282e+02 5.775e+02
s>        ( QUESTION0_1_R 1 -8.729e+04 4.440e+02 3.962e+02
s>            ( WDBNDRY_E 0 -6.732e+04 2.286e+02 3.081e+02
s>                ( - -2.761e+03 1 0)
s>                ( QUESTION11 1 -6.433e+04 2.277e+02 2.965e+02
s>                    ( QUESTION14 -1 -2.874e+04 2.221e+02 1.348e+02
s>                        ( - -2.826e+04 1 0)
s>                        ( - -2.511e+02 1 0))
s>                    ( - -3.536e+04 1 0)))
s>            ( - -1.953e+04 1 0))
s>        ( WDBNDRY_E 0 -4.014e+04 4.183e+02 1.813e+02
s>            ( - -1.778e+04 1 0)
s>            ( - -2.194e+04 1 0)))INFO: dtree.c(1315): Comp split 21
INFO: dtree.c(1439): stop. leaf nodes are specific
INFO: dtree.c(1478): Final simple tree
|( QUESTION16 -1 -1.400e+05 2.109e+02 6.197e+02
|    ( - -9.641e+04 2 0)
|    ( QUESTION14 1 -4.337e+04 1.840e+02 1.910e+02
|        ( - -2.616e+02 1 0)
|        ( QUESTION14 -1 -4.292e+04 1.084e+02 1.890e+02
|            ( - -2.087e+04 4 0)
|            ( - -2.194e+04 1 0))))
s>    ( QUESTION16 -1 -1.400e+05 2.109e+02 6.197e+02
s>        ( - -9.641e+04 2 0)
s>        ( QUESTION14 1 -4.337e+04 1.840e+02 1.910e+02
s>            ( - -2.616e+02 1 0)
s>            ( QUESTION14 -1 -4.292e+04 1.084e+02 1.890e+02
s>                ( - -2.087e+04 4 0)
s>                ( - -2.194e+04 1 0))))INFO: dtree.c(1439): stop. leaf nodes are specific
INFO: dtree.c(1478): Final simple tree
|( QUESTION14 1 -5.226e+04 2.782e+02 2.227e+02
|    ( - -3.181e+03 1 0)
|    ( QUESTION2_14_L -1 -4.881e+04 2.400e+02 2.075e+02
|        ( QUESTION0 -1 -4.466e+04 1.287e+02 1.904e+02
|            ( - -4.210e+04 1 0)
|            ( - -2.434e+03 1 0))
|        ( - -3.901e+03 2 0)))
s>    ( QUESTION14 1 -5.226e+04 2.782e+02 2.227e+02
s>        ( - -3.181e+03 1 0)
s>        ( QUESTION2_14_L -1 -4.881e+04 2.400e+02 2.075e+02
s>            ( QUESTION0 -1 -4.466e+04 1.287e+02 1.904e+02
s>                ( - -4.210e+04 1 0)
s>                ( - -2.434e+03 1 0))
s>            ( - -3.901e+03 2 0)))INFO: dtree.c(1315): Comp split 22
INFO: dtree.c(1478): Final simple tree
|( SILENCE -1 -5.363e+04 4.739e+02 2.374e+02
|    ( - 2.416e+02 1 0)
|    ( WDBNDRY_B 0 -5.340e+04 4.503e+02 2.364e+02
|        ( QUESTION1 -1 -5.319e+04 2.031e+02 2.354e+02
|            ( - -1.539e+04 1 0)
|            ( QUESTION2_15_L -1 -3.760e+04 1.463e+02 1.660e+02
|                ( - -3.178e+02 1 0)
|                ( QUESTION14 -1 -3.713e+04 1.484e+02 1.640e+02
|                    ( - -1.700e+04 1 0)
|                    ( QUESTION19 -1 -1.999e+04 1.284e+02 8.797e+01
|                        ( - -3.010e+03 2 0)
|                        ( QUESTION0 -1 -1.685e+04 1.051e+02 7.398e+01
|                            ( - -5.916e+02 1 0)
|                            ( - -1.615e+04 2 0))))))
|        ( - 2.419e+02 1 0)))
s>    ( SILENCE -1 -5.363e+04 4.739e+02 2.374e+02
s>        ( - 2.416e+02 1 0)
s>        ( WDBNDRY_B 0 -5.340e+04 4.503e+02 2.364e+02
s>            ( QUESTION1 -1 -5.319e+04 2.031e+02 2.354e+02
s>                ( - -1.539e+04 1 0)
s>                ( QUESTION2_15_L -1 -3.760e+04 1.463e+02 1.660e+02
s>                    ( - -3.178e+02 1 0)
s>                    ( QUESTION14 -1 -3.713e+04 1.484e+02 1.640e+02
s>                        ( - -1.700e+04 1 0)
s>                        ( QUESTION19 -1 -1.999e+04 1.284e+02 8.797e+01
s>                            ( - -3.010e+03 2 0)
s>                            ( QUESTION0 -1 -1.685e+04 1.051e+02 7.398e+01
s>                                ( - -5.916e+02 1 0)
s>                                ( - -1.615e+04 2 0))))))
s>            ( - 2.419e+02 1 0)))INFO: dtree.c(1439): stop. leaf nodes are specific
INFO: dtree.c(1478): Final simple tree
|( QUESTION3 -1 -1.026e+05 3.134e+02 4.458e+02
|    ( WDBNDRY_B 0 -4.410e+03 2.198e+02 2.100e+01
|        ( - -3.515e+03 2 0)
|        ( - -6.751e+02 1 0))
|    ( QUESTION15 -1 -9.791e+04 2.611e+02 4.248e+02
|        ( QUESTION18 -1 -7.077e+04 1.779e+02 3.075e+02
|            ( - -3.894e+03 2 0)
|            ( - -6.670e+04 2 0))
|        ( QUESTION1 -1 -2.688e+04 1.959e+02 1.173e+02
|            ( - -4.835e+02 1 0)
|            ( WDBNDRY_B 0 -2.620e+04 1.406e+02 1.143e+02
|                ( - -2.326e+04 4 0)
|                ( - -2.798e+03 1 0)))))
s>    ( QUESTION3 -1 -1.026e+05 3.134e+02 4.458e+02
s>        ( WDBNDRY_B 0 -4.410e+03 2.198e+02 2.100e+01
s>            ( - -3.515e+03 2 0)
s>            ( - -6.751e+02 1 0))
s>        ( QUESTION15 -1 -9.791e+04 2.611e+02 4.248e+02
s>            ( QUESTION18 -1 -7.077e+04 1.779e+02 3.075e+02
s>                ( - -3.894e+03 2 0)
s>                ( - -6.670e+04 2 0))
s>            ( QUESTION1 -1 -2.688e+04 1.959e+02 1.173e+02
s>                ( - -4.835e+02 1 0)
s>                ( WDBNDRY_B 0 -2.620e+04 1.406e+02 1.143e+02
s>                    ( - -2.326e+04 4 0)
s>                    ( - -2.798e+03 1 0)))))INFO: dtree.c(1315): Comp split 23
INFO: dtree.c(1439): stop. leaf nodes are specific
INFO: dtree.c(1478): Final simple tree
|( QUESTION0 1 -4.357e+04 4.104e+02 1.950e+02
|    ( WDBNDRY_E 0 -2.538e+04 2.182e+02 1.131e+02
|        ( - -2.761e+03 1 0)
|        ( QUESTION11 1 -2.240e+04 2.120e+02 1.015e+02
|            ( - -2.511e+02 1 0)
|            ( - -2.194e+04 1 0)))
|    ( - -1.778e+04 1 0))
s>    ( QUESTION0 1 -4.357e+04 4.104e+02 1.950e+02
s>        ( WDBNDRY_E 0 -2.538e+04 2.182e+02 1.131e+02
s>            ( - -2.761e+03 1 0)
s>            ( QUESTION11 1 -2.240e+04 2.120e+02 1.015e+02
s>                ( - -2.511e+02 1 0)
s>                ( - -2.194e+04 1 0)))
s>        ( - -1.778e+04 1 0))INFO: dtree.c(1439): stop. leaf nodes are specific
INFO: dtree.c(1478): Final simple tree
|( QUESTION0_1_R 1 -8.385e+04 4.619e+02 3.825e+02
|    ( QUESTION11 1 -6.386e+04 2.342e+02 2.945e+02
|        ( - -2.826e+04 1 0)
|        ( - -3.536e+04 1 0))
|    ( - -1.953e+04 1 0))
s>    ( QUESTION0_1_R 1 -8.385e+04 4.619e+02 3.825e+02
s>        ( QUESTION11 1 -6.386e+04 2.342e+02 2.945e+02
s>            ( - -2.826e+04 1 0)
s>            ( - -3.536e+04 1 0))
s>        ( - -1.953e+04 1 0))INFO: dtree.c(1315): Comp split 24
INFO: dtree.c(1439): stop. leaf nodes are specific
INFO: dtree.c(1478): Final simple tree
|( QUESTION0 -1 -1.097e+05 2.770e+02 4.833e+02
|    ( WDBNDRY_B 0 -2.129e+04 1.852e+02 9.537e+01
|        ( - -2.847e+02 1 0)
|        ( - -2.082e+04 1 0))
|    ( - -8.817e+04 2 0))
s>    ( QUESTION0 -1 -1.097e+05 2.770e+02 4.833e+02
s>        ( WDBNDRY_B 0 -2.129e+04 1.852e+02 9.537e+01
s>            ( - -2.847e+02 1 0)
s>            ( - -2.082e+04 1 0))
s>        ( - -8.817e+04 2 0))INFO: dtree.c(1315): Comp split 25
INFO: dtree.c(1439): stop. leaf nodes are specific
INFO: dtree.c(1478): Final simple tree
|( QUESTION2_17_L -1 -3.965e+04 1.578e+02 1.688e+02
|    ( - -3.786e+03 1 0)
|    ( QUESTION2_20_L -1 -3.571e+04 1.435e+02 1.539e+02
|        ( QUESTION17 -1 -7.482e+03 1.145e+02 3.299e+01
|            ( - -2.689e+03 1 0)
|            ( QUESTION14 -1 -4.679e+03 8.286e+01 2.100e+01
|                ( - -2.725e+03 2 0)
|                ( - -1.871e+03 2 0)))
|        ( SILENCE -1 -2.808e+04 8.680e+01 1.209e+02
|            ( - -2.328e+03 1 0)
|            ( QUESTION0 -1 -2.567e+04 6.774e+01 1.109e+02
|                ( - -1.323e+03 1 0)
|                ( - -2.428e+04 1 0)))))
s>    ( QUESTION2_17_L -1 -3.965e+04 1.578e+02 1.688e+02
s>        ( - -3.786e+03 1 0)
s>        ( QUESTION2_20_L -1 -3.571e+04 1.435e+02 1.539e+02
s>            ( QUESTION17 -1 -7.482e+03 1.145e+02 3.299e+01
s>                ( - -2.689e+03 1 0)
s>                ( QUESTION14 -1 -4.679e+03 8.286e+01 2.100e+01
s>                    ( - -2.725e+03 2 0)
s>                    ( - -1.871e+03 2 0)))
s>            ( SILENCE -1 -2.808e+04 8.680e+01 1.209e+02
s>                ( - -2.328e+03 1 0)
s>                ( QUESTION0 -1 -2.567e+04 6.774e+01 1.109e+02
s>                    ( - -1.323e+03 1 0)
s>                    ( - -2.428e+04 1 0)))))INFO: dtree.c(1439): stop. leaf nodes are specific
INFO: dtree.c(1478): Final simple tree
|( QUESTION15 -1 -4.976e+04 2.835e+02 2.215e+02
|    ( - -2.824e+04 1 0)
|    ( QUESTION0 -1 -2.124e+04 1.146e+02 9.630e+01
|        ( - -9.571e+02 1 0)
|        ( - -2.016e+04 3 0)))
s>    ( QUESTION15 -1 -4.976e+04 2.835e+02 2.215e+02
s>        ( - -2.824e+04 1 0)
s>        ( QUESTION0 -1 -2.124e+04 1.146e+02 9.630e+01
s>            ( - -9.571e+02 1 0)
s>            ( - -2.016e+04 3 0)))INFO: dtree.c(1315): Comp split 26
INFO: dtree.c(1439): stop. leaf nodes are specific
INFO: dtree.c(1478): Final simple tree
|( QUESTION0_5_R 1 -2.572e+04 1.884e+02 1.121e+02
|    ( - -1.706e+03 3 0)
|    ( QUESTION0_0_R 1 -2.383e+04 1.797e+02 1.041e+02
|        ( - -2.337e+04 1 0)
|        ( - -2.806e+02 1 0)))
s>    ( QUESTION0_5_R 1 -2.572e+04 1.884e+02 1.121e+02
s>        ( - -1.706e+03 3 0)
s>        ( QUESTION0_0_R 1 -2.383e+04 1.797e+02 1.041e+02
s>            ( - -2.337e+04 1 0)
s>            ( - -2.806e+02 1 0)))INFO: dtree.c(1315): Comp split 27
INFO: dtree.c(1439): stop. leaf nodes are specific
INFO: dtree.c(1478): Final simple tree
|( QUESTION10 -1 -4.523e+04 3.226e+02 2.033e+02
|    ( - -2.181e+04 1 0)
|    ( WDBNDRY_B 0 -2.309e+04 1.840e+02 1.043e+02
|        ( - -2.242e+04 2 0)
|        ( - -4.928e+02 1 0)))
s>    ( QUESTION10 -1 -4.523e+04 3.226e+02 2.033e+02
s>        ( - -2.181e+04 1 0)
s>        ( WDBNDRY_B 0 -2.309e+04 1.840e+02 1.043e+02
s>            ( - -2.242e+04 2 0)
s>            ( - -4.928e+02 1 0)))INFO: dtree.c(1315): Comp split 28
INFO: dtree.c(1439): stop. leaf nodes are specific
INFO: dtree.c(1478): Final simple tree
|( QUESTION0_8_R 1 -5.446e+04 4.677e+02 2.424e+02
|    ( - -1.543e+04 1 0)
|    ( QUESTION0_7_R 1 -3.857e+04 4.574e+02 1.725e+02
|        ( - 2.415e+02 1 0)
|        ( WDBNDRY_E 0 -3.835e+04 3.063e+02 1.715e+02
|            ( - -1.846e+04 1 0)
|            ( - -1.959e+04 2 0))))
s>    ( QUESTION0_8_R 1 -5.446e+04 4.677e+02 2.424e+02
s>        ( - -1.543e+04 1 0)
s>        ( QUESTION0_7_R 1 -3.857e+04 4.574e+02 1.725e+02
s>            ( - 2.415e+02 1 0)
s>            ( WDBNDRY_E 0 -3.835e+04 3.063e+02 1.715e+02
s>                ( - -1.846e+04 1 0)
s>                ( - -1.959e+04 2 0))))INFO: dtree.c(1315): Comp split 29
INFO: dtree.c(1439): stop. leaf nodes are specific
INFO: dtree.c(1478): Final simple tree
|( QUESTION0 -1 -2.865e+04 1.949e+02 1.151e+02
|    ( - -9.609e+02 1 0)
|    ( WDBNDRY_B 0 -2.749e+04 1.128e+02 1.101e+02
|        ( QUESTION20 -1 -2.661e+04 9.936e+01 1.061e+02
|            ( - -2.549e+04 1 0)
|            ( - -1.027e+03 1 0))
|        ( QUESTION20 -1 -7.644e+02 5.001e+02 4.000e+00
|            ( - 2.415e+02 1 0)
|            ( - -5.058e+02 1 0))))
s>    ( QUESTION0 -1 -2.865e+04 1.949e+02 1.151e+02
s>        ( - -9.609e+02 1 0)
s>        ( WDBNDRY_B 0 -2.749e+04 1.128e+02 1.101e+02
s>            ( QUESTION20 -1 -2.661e+04 9.936e+01 1.061e+02
s>                ( - -2.549e+04 1 0)
s>                ( - -1.027e+03 1 0))
s>            ( QUESTION20 -1 -7.644e+02 5.001e+02 4.000e+00
s>                ( - 2.415e+02 1 0)
s>                ( - -5.058e+02 1 0))))INFO: dtree.c(1439): stop. leaf nodes are specific
INFO: dtree.c(1478): Final simple tree
|( QUESTION0 -1 -5.967e+04 4.623e+02 2.618e+02
|    ( - 2.414e+02 1 0)
|    ( WDBNDRY_B 0 -5.945e+04 2.086e+02 2.608e+02
|        ( QUESTION14 -1 -2.608e+04 1.602e+02 1.140e+02
|            ( - -3.251e+02 1 0)
|            ( - -2.560e+04 2 0))
|        ( QUESTION2_14_L -1 -3.316e+04 1.732e+02 1.467e+02
|            ( - -4.579e+03 1 0)
|            ( QUESTION14 -1 -2.841e+04 4.462e+02 1.256e+02
|                ( - 2.173e+02 1 0)
|                ( - -2.818e+04 2 0)))))
s>    ( QUESTION0 -1 -5.967e+04 4.623e+02 2.618e+02
s>        ( - 2.414e+02 1 0)
s>        ( WDBNDRY_B 0 -5.945e+04 2.086e+02 2.608e+02
s>            ( QUESTION14 -1 -2.608e+04 1.602e+02 1.140e+02
s>                ( - -3.251e+02 1 0)
s>                ( - -2.560e+04 2 0))
s>            ( QUESTION2_14_L -1 -3.316e+04 1.732e+02 1.467e+02
s>                ( - -4.579e+03 1 0)
s>                ( QUESTION14 -1 -2.841e+04 4.462e+02 1.256e+02
s>                    ( - 2.173e+02 1 0)
s>                    ( - -2.818e+04 2 0)))))INFO: dtree.c(1315): Comp split 30
INFO: dtree.c(1439): stop. leaf nodes are specific
INFO: dtree.c(1478): Final simple tree
|( QUESTION0 -1 -2.841e+04 1.977e+02 1.141e+02
|    ( - -9.609e+02 1 0)
|    ( WDBNDRY_B 0 -2.725e+04 1.305e+02 1.091e+02
|        ( QUESTION20 -1 -2.661e+04 9.936e+01 1.061e+02
|            ( - -2.549e+04 1 0)
|            ( - -1.027e+03 1 0))
|        ( - -5.058e+02 1 0)))
s>    ( QUESTION0 -1 -2.841e+04 1.977e+02 1.141e+02
s>        ( - -9.609e+02 1 0)
s>        ( WDBNDRY_B 0 -2.725e+04 1.305e+02 1.091e+02
s>            ( QUESTION20 -1 -2.661e+04 9.936e+01 1.061e+02
s>                ( - -2.549e+04 1 0)
s>                ( - -1.027e+03 1 0))
s>            ( - -5.058e+02 1 0)))INFO: dtree.c(1315): Comp split 31
INFO: dtree.c(1439): stop. leaf nodes are specific
INFO: dtree.c(1478): Final simple tree
|( WDBNDRY_B 0 -3.074e+04 1.906e+02 1.343e+02
|    ( QUESTION0 -1 -1.512e+04 1.045e+02 6.684e+01
|        ( - -1.982e+03 1 0)
|        ( QUESTION14 -1 -1.303e+04 9.433e+01 5.784e+01
|            ( - -6.925e+03 2 0)
|            ( - -6.012e+03 3 0)))
|    ( - -1.543e+04 1 0))
s>    ( WDBNDRY_B 0 -3.074e+04 1.906e+02 1.343e+02
s>        ( QUESTION0 -1 -1.512e+04 1.045e+02 6.684e+01
s>            ( - -1.982e+03 1 0)
s>            ( QUESTION14 -1 -1.303e+04 9.433e+01 5.784e+01
s>                ( - -6.925e+03 2 0)
s>                ( - -6.012e+03 3 0)))
s>        ( - -1.543e+04 1 0))INFO: dtree.c(1439): stop. leaf nodes are specific
INFO: dtree.c(1478): Final simple tree
|( QUESTION1 -1 -4.549e+04 1.833e+02 1.997e+02
|    ( - -3.473e+04 1 0)
|    ( SILENCE -1 -1.057e+04 1.516e+02 4.566e+01
|        ( - -4.618e+03 1 0)
|        ( - -5.804e+03 2 0)))
s>    ( QUESTION1 -1 -4.549e+04 1.833e+02 1.997e+02
s>        ( - -3.473e+04 1 0)
s>        ( SILENCE -1 -1.057e+04 1.516e+02 4.566e+01
s>            ( - -4.618e+03 1 0)
s>            ( - -5.804e+03 2 0)))INFO: dtree.c(1315): Comp split 32
INFO: dtree.c(1439): stop. leaf nodes are specific
INFO: dtree.c(1478): Final simple tree
|( WDBNDRY_B 0 -5.340e+04 4.503e+02 2.364e+02
|    ( QUESTION1 -1 -5.319e+04 2.031e+02 2.354e+02
|        ( - -1.539e+04 1 0)
|        ( QUESTION2_15_L -1 -3.760e+04 1.463e+02 1.660e+02
|            ( - -3.178e+02 1 0)
|            ( QUESTION14 -1 -3.713e+04 1.484e+02 1.640e+02
|                ( - -1.700e+04 1 0)
|                ( QUESTION19 -1 -1.999e+04 1.284e+02 8.797e+01
|                    ( - -3.010e+03 2 0)
|                    ( QUESTION0 -1 -1.685e+04 1.051e+02 7.398e+01
|                        ( - -5.916e+02 1 0)
|                        ( - -1.615e+04 2 0))))))
|    ( - 2.419e+02 1 0))
s>    ( WDBNDRY_B 0 -5.340e+04 4.503e+02 2.364e+02
s>        ( QUESTION1 -1 -5.319e+04 2.031e+02 2.354e+02
s>            ( - -1.539e+04 1 0)
s>            ( QUESTION2_15_L -1 -3.760e+04 1.463e+02 1.660e+02
s>                ( - -3.178e+02 1 0)
s>                ( QUESTION14 -1 -3.713e+04 1.484e+02 1.640e+02
s>                    ( - -1.700e+04 1 0)
s>                    ( QUESTION19 -1 -1.999e+04 1.284e+02 8.797e+01
s>                        ( - -3.010e+03 2 0)
s>                        ( QUESTION0 -1 -1.685e+04 1.051e+02 7.398e+01
s>                            ( - -5.916e+02 1 0)
s>                            ( - -1.615e+04 2 0))))))
s>        ( - 2.419e+02 1 0))INFO: dtree.c(1315): Comp split 33
INFO: dtree.c(1439): stop. leaf nodes are specific
INFO: dtree.c(1478): Final simple tree
|( QUESTION0_7_R 1 -3.857e+04 4.574e+02 1.725e+02
|    ( - 2.415e+02 1 0)
|    ( WDBNDRY_E 0 -3.835e+04 3.063e+02 1.715e+02
|        ( - -1.846e+04 1 0)
|        ( - -1.959e+04 2 0)))
s>    ( QUESTION0_7_R 1 -3.857e+04 4.574e+02 1.725e+02
s>        ( - 2.415e+02 1 0)
s>        ( WDBNDRY_E 0 -3.835e+04 3.063e+02 1.715e+02
s>            ( - -1.846e+04 1 0)
s>            ( - -1.959e+04 2 0)))INFO: dtree.c(1315): Comp split 34
INFO: dtree.c(1439): stop. leaf nodes are specific
INFO: dtree.c(1478): Final simple tree
|( WDBNDRY_B 0 -5.945e+04 2.086e+02 2.608e+02
|    ( QUESTION14 -1 -2.608e+04 1.602e+02 1.140e+02
|        ( - -3.251e+02 1 0)
|        ( - -2.560e+04 2 0))
|    ( QUESTION2_14_L -1 -3.316e+04 1.732e+02 1.467e+02
|        ( - -4.579e+03 1 0)
|        ( QUESTION14 -1 -2.841e+04 4.462e+02 1.256e+02
|            ( - 2.173e+02 1 0)
|            ( - -2.818e+04 2 0))))
s>    ( WDBNDRY_B 0 -5.945e+04 2.086e+02 2.608e+02
s>        ( QUESTION14 -1 -2.608e+04 1.602e+02 1.140e+02
s>            ( - -3.251e+02 1 0)
s>            ( - -2.560e+04 2 0))
s>        ( QUESTION2_14_L -1 -3.316e+04 1.732e+02 1.467e+02
s>            ( - -4.579e+03 1 0)
s>            ( QUESTION14 -1 -2.841e+04 4.462e+02 1.256e+02
s>                ( - 2.173e+02 1 0)
s>                ( - -2.818e+04 2 0))))INFO: dtree.c(1315): Comp split 35
INFO: dtree.c(1439): stop. leaf nodes are specific
INFO: dtree.c(1478): Final simple tree
|( QUESTION11 1 -6.386e+04 2.342e+02 2.945e+02
|    ( - -2.826e+04 1 0)
|    ( - -3.536e+04 1 0))
s>    ( QUESTION11 1 -6.386e+04 2.342e+02 2.945e+02
s>        ( - -2.826e+04 1 0)
s>        ( - -3.536e+04 1 0))INFO: dtree.c(1315): Comp split 36
INFO: dtree.c(1315): Comp split 37
INFO: dtree.c(1439): stop. leaf nodes are specific
INFO: dtree.c(1478): Final simple tree
|( WDBNDRY_E 0 -3.835e+04 3.063e+02 1.715e+02
|    ( - -1.846e+04 1 0)
|    ( - -1.959e+04 2 0))
s>    ( WDBNDRY_E 0 -3.835e+04 3.063e+02 1.715e+02
s>        ( - -1.846e+04 1 0)
s>        ( - -1.959e+04 2 0))INFO: dtree.c(1315): Comp split 38
INFO: dtree.c(1439): stop. leaf nodes are specific
INFO: dtree.c(1478): Final simple tree
|( QUESTION1 -1 -5.319e+04 2.031e+02 2.354e+02
|    ( - -1.539e+04 1 0)
|    ( QUESTION2_15_L -1 -3.760e+04 1.463e+02 1.660e+02
|        ( - -3.178e+02 1 0)
|        ( QUESTION14 -1 -3.713e+04 1.484e+02 1.640e+02
|            ( - -1.700e+04 1 0)
|            ( QUESTION19 -1 -1.999e+04 1.284e+02 8.797e+01
|                ( - -3.010e+03 2 0)
|                ( QUESTION0 -1 -1.685e+04 1.051e+02 7.398e+01
|                    ( - -5.916e+02 1 0)
|                    ( - -1.615e+04 2 0))))))
s>    ( QUESTION1 -1 -5.319e+04 2.031e+02 2.354e+02
s>        ( - -1.539e+04 1 0)
s>        ( QUESTION2_15_L -1 -3.760e+04 1.463e+02 1.660e+02
s>            ( - -3.178e+02 1 0)
s>            ( QUESTION14 -1 -3.713e+04 1.484e+02 1.640e+02
s>                ( - -1.700e+04 1 0)
s>                ( QUESTION19 -1 -1.999e+04 1.284e+02 8.797e+01
s>                    ( - -3.010e+03 2 0)
s>                    ( QUESTION0 -1 -1.685e+04 1.051e+02 7.398e+01
s>                        ( - -5.916e+02 1 0)
s>                        ( - -1.615e+04 2 0))))))INFO: dtree.c(1315): Comp split 39
INFO: dtree.c(1439): stop. leaf nodes are specific
INFO: dtree.c(1478): Final simple tree
|( WDBNDRY_B 0 -5.922e+04 2.090e+02 2.598e+02
|    ( QUESTION14 -1 -2.608e+04 1.602e+02 1.140e+02
|        ( - -3.251e+02 1 0)
|        ( - -2.560e+04 2 0))
|    ( QUESTION14 -1 -3.293e+04 1.734e+02 1.457e+02
|        ( - -4.579e+03 1 0)
|        ( - -2.818e+04 2 0)))
s>    ( WDBNDRY_B 0 -5.922e+04 2.090e+02 2.598e+02
s>        ( QUESTION14 -1 -2.608e+04 1.602e+02 1.140e+02
s>            ( - -3.251e+02 1 0)
s>            ( - -2.560e+04 2 0))
s>        ( QUESTION14 -1 -3.293e+04 1.734e+02 1.457e+02
s>            ( - -4.579e+03 1 0)
s>            ( - -2.818e+04 2 0)))INFO: dtree.c(1315): Comp split 40
INFO: dtree.c(1478): Final simple tree
|( SILENCE -1 -1.278e+05 3.462e+02 5.509e+02
|    ( - -2.875e+04 1 0)
|    ( WDBNDRY_B 0 -9.867e+04 2.528e+02 4.294e+02
|        ( QUESTION1 -1 -1.401e+04 1.656e+02 5.998e+01
|            ( - -4.512e+03 2 0 QUESTION4 -1 8.507e+01 2.008e+01)
|            ( QUESTION14 -1 -9.334e+03 1.010e+02 3.990e+01
|                ( - -2.728e+03 1 0)
|                ( QUESTION0 -1 -6.504e+03 9.838e+01 2.785e+01
|                    ( - -2.319e+03 1 0)
|                    ( - -4.087e+03 1 0))))
|        ( QUESTION14 1 -8.441e+04 1.905e+02 3.694e+02
|            ( - -9.440e+03 1 0)
|            ( QUESTION16 -1 -7.478e+04 1.842e+02 3.273e+02
|                ( - -7.425e+04 2 0)
|                ( - -3.398e+02 1 0)))))
s>    ( SILENCE -1 -1.278e+05 3.462e+02 5.509e+02
s>        ( - -2.875e+04 1 0)
s>        ( WDBNDRY_B 0 -9.867e+04 2.528e+02 4.294e+02
s>            ( QUESTION1 -1 -1.401e+04 1.656e+02 5.998e+01
s>                ( - -4.512e+03 2 0 QUESTION4 -1 8.507e+01 2.008e+01)
s>                ( QUESTION14 -1 -9.334e+03 1.010e+02 3.990e+01
s>                    ( - -2.728e+03 1 0)
s>                    ( QUESTION0 -1 -6.504e+03 9.838e+01 2.785e+01
s>                        ( - -2.319e+03 1 0)
s>                        ( - -4.087e+03 1 0))))
s>            ( QUESTION14 1 -8.441e+04 1.905e+02 3.694e+02
s>                ( - -9.440e+03 1 0)
s>                ( QUESTION16 -1 -7.478e+04 1.842e+02 3.273e+02
s>                    ( - -7.425e+04 2 0)
s>                    ( - -3.398e+02 1 0)))))INFO: dtree.c(1315): Comp split 41
INFO: dtree.c(1439): stop. leaf nodes are specific
INFO: dtree.c(1478): Final simple tree
|( WDBNDRY_E 0 -2.538e+04 2.182e+02 1.131e+02
|    ( - -2.761e+03 1 0)
|    ( QUESTION11 1 -2.240e+04 2.120e+02 1.015e+02
|        ( - -2.511e+02 1 0)
|        ( - -2.194e+04 1 0)))
s>    ( WDBNDRY_E 0 -2.538e+04 2.182e+02 1.131e+02
s>        ( - -2.761e+03 1 0)
s>        ( QUESTION11 1 -2.240e+04 2.120e+02 1.015e+02
s>            ( - -2.511e+02 1 0)
s>            ( - -2.194e+04 1 0)))INFO: dtree.c(1315): Comp split 42
INFO: dtree.c(1439): stop. leaf nodes are specific
INFO: dtree.c(1478): Final simple tree
|( WDBNDRY_B 0 -9.800e+04 3.343e+02 4.565e+02
|    ( - -5.356e+04 1 0)
|    ( - -4.410e+04 1 0))
s>    ( WDBNDRY_B 0 -9.800e+04 3.343e+02 4.565e+02
s>        ( - -5.356e+04 1 0)
s>        ( - -4.410e+04 1 0))INFO: dtree.c(1439): stop. leaf nodes are specific
INFO: dtree.c(1478): Final simple tree
|( WDBNDRY_B 0 -2.121e+04 1.295e+02 9.446e+01
|    ( - -2.054e+04 1 0)
|    ( - -5.413e+02 1 0))
s>    ( WDBNDRY_B 0 -2.121e+04 1.295e+02 9.446e+01
s>        ( - -2.054e+04 1 0)
s>        ( - -5.413e+02 1 0))INFO: dtree.c(1315): Comp split 43
INFO: dtree.c(1478): Final simple tree
|( WDBNDRY_B 0 -9.867e+04 2.528e+02 4.294e+02
|    ( QUESTION1 -1 -1.401e+04 1.656e+02 5.998e+01
|        ( QUESTION4 -1 -4.512e+03 8.507e+01 2.008e+01
|            ( - -2.366e+03 1 0)
|            ( - -2.061e+03 1 0))
|        ( QUESTION14 -1 -9.334e+03 1.010e+02 3.990e+01
|            ( - -2.728e+03 1 0)
|            ( QUESTION0 -1 -6.504e+03 9.838e+01 2.785e+01
|                ( - -2.319e+03 1 0)
|                ( - -4.087e+03 1 0))))
|    ( QUESTION14 1 -8.441e+04 1.905e+02 3.694e+02
|        ( - -9.440e+03 1 0)
|        ( QUESTION16 -1 -7.478e+04 1.842e+02 3.273e+02
|            ( - -7.425e+04 2 0)
|            ( - -3.398e+02 1 0))))
s>    ( WDBNDRY_B 0 -9.867e+04 2.528e+02 4.294e+02
s>        ( QUESTION1 -1 -1.401e+04 1.656e+02 5.998e+01
s>            ( QUESTION4 -1 -4.512e+03 8.507e+01 2.008e+01
s>                ( - -2.366e+03 1 0)
s>                ( - -2.061e+03 1 0))
s>            ( QUESTION14 -1 -9.334e+03 1.010e+02 3.990e+01
s>                ( - -2.728e+03 1 0)
s>                ( QUESTION0 -1 -6.504e+03 9.838e+01 2.785e+01
s>                    ( - -2.319e+03 1 0)
s>                    ( - -4.087e+03 1 0))))
s>        ( QUESTION14 1 -8.441e+04 1.905e+02 3.694e+02
s>            ( - -9.440e+03 1 0)
s>            ( QUESTION16 -1 -7.478e+04 1.842e+02 3.273e+02
s>                ( - -7.425e+04 2 0)
s>                ( - -3.398e+02 1 0))))INFO: dtree.c(1315): Comp split 44
INFO: dtree.c(1315): Comp split 45
INFO: dtree.c(1439): stop. leaf nodes are specific
INFO: dtree.c(1478): Final simple tree
|( QUESTION15 -1 -9.879e+04 2.542e+02 4.288e+02
|    ( QUESTION18 -1 -7.077e+04 1.779e+02 3.075e+02
|        ( - -3.894e+03 2 0)
|        ( - -6.670e+04 2 0))
|    ( QUESTION3 -1 -2.777e+04 2.120e+02 1.213e+02
|        ( - -6.751e+02 1 0)
|        ( QUESTION1 -1 -2.688e+04 1.959e+02 1.173e+02
|            ( - -4.835e+02 1 0)
|            ( WDBNDRY_B 0 -2.620e+04 1.406e+02 1.143e+02
|                ( - -2.326e+04 4 0)
|                ( - -2.798e+03 1 0)))))
s>    ( QUESTION15 -1 -9.879e+04 2.542e+02 4.288e+02
s>        ( QUESTION18 -1 -7.077e+04 1.779e+02 3.075e+02
s>            ( - -3.894e+03 2 0)
s>            ( - -6.670e+04 2 0))
s>        ( QUESTION3 -1 -2.777e+04 2.120e+02 1.213e+02
s>            ( - -6.751e+02 1 0)
s>            ( QUESTION1 -1 -2.688e+04 1.959e+02 1.173e+02
s>                ( - -4.835e+02 1 0)
s>                ( WDBNDRY_B 0 -2.620e+04 1.406e+02 1.143e+02
s>                    ( - -2.326e+04 4 0)
s>                    ( - -2.798e+03 1 0)))))INFO: dtree.c(1315): Comp split 46
INFO: dtree.c(1439): stop. leaf nodes are specific
INFO: dtree.c(1478): Final simple tree
|( WDBNDRY_B 0 -2.309e+04 1.840e+02 1.043e+02
|    ( - -2.242e+04 2 0)
|    ( - -4.928e+02 1 0))
s>    ( WDBNDRY_B 0 -2.309e+04 1.840e+02 1.043e+02
s>        ( - -2.242e+04 2 0)
s>        ( - -4.928e+02 1 0))INFO: dtree.c(1315): Comp split 47
INFO: dtree.c(1315): Comp split 48
INFO: dtree.c(1439): stop. leaf nodes are specific
INFO: dtree.c(1478): Final simple tree
|( WDBNDRY_B 0 -1.618e+05 1.621e+02 7.095e+02
|    ( - -2.832e+03 1 0)
|    ( - -1.588e+05 2 0))
s>    ( WDBNDRY_B 0 -1.618e+05 1.621e+02 7.095e+02
s>        ( - -2.832e+03 1 0)
s>        ( - -1.588e+05 2 0))INFO: dtree.c(1315): Comp split 49
INFO: dtree.c(1315): Comp split 50
INFO: dtree.c(1439): stop. leaf nodes are specific
INFO: dtree.c(1478): Final simple tree
|( QUESTION0 -1 -2.124e+04 1.146e+02 9.630e+01
|    ( - -9.571e+02 1 0)
|    ( - -2.016e+04 3 0))
s>    ( QUESTION0 -1 -2.124e+04 1.146e+02 9.630e+01
s>        ( - -9.571e+02 1 0)
s>        ( - -2.016e+04 3 0))INFO: dtree.c(1315): Comp split 51
INFO: dtree.c(1439): stop. leaf nodes are specific
INFO: dtree.c(1478): Final simple tree
|( QUESTION14 1 -8.388e+04 1.901e+02 3.674e+02
|    ( - -9.440e+03 1 0)
|    ( - -7.425e+04 2 0))
s>    ( QUESTION14 1 -8.388e+04 1.901e+02 3.674e+02
s>        ( - -9.440e+03 1 0)
s>        ( - -7.425e+04 2 0))INFO: dtree.c(1439): stop. leaf nodes are specific
INFO: dtree.c(1478): Final simple tree
|( QUESTION1 -1 -1.451e+04 1.709e+02 6.198e+01
|    ( QUESTION4 -1 -4.512e+03 8.507e+01 2.008e+01
|        ( - -2.366e+03 1 0)
|        ( - -2.061e+03 1 0))
|    ( WDBNDRY_B 0 -9.824e+03 1.506e+02 4.190e+01
|        ( QUESTION14 -1 -9.334e+03 1.010e+02 3.990e+01
|            ( - -2.728e+03 1 0)
|            ( QUESTION0 -1 -6.504e+03 9.838e+01 2.785e+01
|                ( - -2.319e+03 1 0)
|                ( - -4.087e+03 1 0)))
|        ( - -3.398e+02 1 0)))
s>    ( QUESTION1 -1 -1.451e+04 1.709e+02 6.198e+01
s>        ( QUESTION4 -1 -4.512e+03 8.507e+01 2.008e+01
s>            ( - -2.366e+03 1 0)
s>            ( - -2.061e+03 1 0))
s>        ( WDBNDRY_B 0 -9.824e+03 1.506e+02 4.190e+01
s>            ( QUESTION14 -1 -9.334e+03 1.010e+02 3.990e+01
s>                ( - -2.728e+03 1 0)
s>                ( QUESTION0 -1 -6.504e+03 9.838e+01 2.785e+01
s>                    ( - -2.319e+03 1 0)
s>                    ( - -4.087e+03 1 0)))
s>            ( - -3.398e+02 1 0)))INFO: dtree.c(1315): Comp split 52
INFO: dtree.c(1439): stop. leaf nodes are specific
INFO: dtree.c(1478): Final simple tree
|( QUESTION2_14_L -1 -4.881e+04 2.400e+02 2.075e+02
|    ( QUESTION0 -1 -4.466e+04 1.287e+02 1.904e+02
|        ( - -4.210e+04 1 0)
|        ( - -2.434e+03 1 0))
|    ( - -3.901e+03 2 0))
s>    ( QUESTION2_14_L -1 -4.881e+04 2.400e+02 2.075e+02
s>        ( QUESTION0 -1 -4.466e+04 1.287e+02 1.904e+02
s>            ( - -4.210e+04 1 0)
s>            ( - -2.434e+03 1 0))
s>        ( - -3.901e+03 2 0))INFO: dtree.c(1315): Comp split 53
INFO: dtree.c(1439): stop. leaf nodes are specific
INFO: dtree.c(1478): Final simple tree
|( WDBNDRY_B 0 -2.129e+04 1.852e+02 9.537e+01
|    ( - -2.847e+02 1 0)
|    ( - -2.082e+04 1 0))
s>    ( WDBNDRY_B 0 -2.129e+04 1.852e+02 9.537e+01
s>        ( - -2.847e+02 1 0)
s>        ( - -2.082e+04 1 0))INFO: dtree.c(1315): Comp split 54
INFO: dtree.c(1439): stop. leaf nodes are specific
INFO: dtree.c(1478): Final simple tree
|( QUESTION11 -1 -5.743e+04 1.453e+02 2.484e+02
|    ( - -5.806e+03 1 0)
|    ( - -5.148e+04 2 0))
s>    ( QUESTION11 -1 -5.743e+04 1.453e+02 2.484e+02
s>        ( - -5.806e+03 1 0)
s>        ( - -5.148e+04 2 0))INFO: dtree.c(1315): Comp split 55
INFO: dtree.c(1439): stop. leaf nodes are specific
INFO: dtree.c(1478): Final simple tree
|( QUESTION1 -1 -2.688e+04 1.959e+02 1.173e+02
|    ( - -4.835e+02 1 0)
|    ( WDBNDRY_B 0 -2.620e+04 1.406e+02 1.143e+02
|        ( - -2.326e+04 4 0)
|        ( - -2.798e+03 1 0)))
s>    ( QUESTION1 -1 -2.688e+04 1.959e+02 1.173e+02
s>        ( - -4.835e+02 1 0)
s>        ( WDBNDRY_B 0 -2.620e+04 1.406e+02 1.143e+02
s>            ( - -2.326e+04 4 0)
s>            ( - -2.798e+03 1 0)))INFO: dtree.c(1439): stop. leaf nodes are specific
INFO: dtree.c(1478): Final simple tree
|( QUESTION0 -1 -7.165e+04 2.026e+02 3.115e+02
|    ( - -6.751e+02 1 0)
|    ( QUESTION18 -1 -7.077e+04 1.779e+02 3.075e+02
|        ( - -3.894e+03 2 0)
|        ( - -6.670e+04 2 0)))
s>    ( QUESTION0 -1 -7.165e+04 2.026e+02 3.115e+02
s>        ( - -6.751e+02 1 0)
s>        ( QUESTION18 -1 -7.077e+04 1.779e+02 3.075e+02
s>            ( - -3.894e+03 2 0)
s>            ( - -6.670e+04 2 0)))INFO: dtree.c(1315): Comp split 56
INFO: dtree.c(1439): stop. leaf nodes are specific
INFO: dtree.c(1478): Final simple tree
|( QUESTION0 -1 -4.466e+04 1.287e+02 1.904e+02
|    ( - -4.210e+04 1 0)
|    ( - -2.434e+03 1 0))
s>    ( QUESTION0 -1 -4.466e+04 1.287e+02 1.904e+02
s>        ( - -4.210e+04 1 0)
s>        ( - -2.434e+03 1 0))INFO: dtree.c(1315): Comp split 57
INFO: dtree.c(1315): Comp split 58
INFO: dtree.c(1439): stop. leaf nodes are specific
INFO: dtree.c(1478): Final simple tree
|( QUESTION11 1 -2.240e+04 2.120e+02 1.015e+02
|    ( - -2.511e+02 1 0)
|    ( - -2.194e+04 1 0))
s>    ( QUESTION11 1 -2.240e+04 2.120e+02 1.015e+02
s>        ( - -2.511e+02 1 0)
s>        ( - -2.194e+04 1 0))INFO: dtree.c(1315): Comp split 59
INFO: dtree.c(1315): Comp split 60
INFO: dtree.c(1439): stop. leaf nodes are specific
INFO: dtree.c(1478): Final simple tree
|( QUESTION14 -1 -4.292e+04 1.084e+02 1.890e+02
|    ( - -2.087e+04 4 0)
|    ( - -2.194e+04 1 0))
s>    ( QUESTION14 -1 -4.292e+04 1.084e+02 1.890e+02
s>        ( - -2.087e+04 4 0)
s>        ( - -2.194e+04 1 0))INFO: dtree.c(1439): stop. leaf nodes are specific
INFO: dtree.c(1478): Final simple tree
|( QUESTION14 1 -9.686e+04 1.837e+02 4.307e+02
|    ( - -2.616e+02 1 0)
|    ( - -9.641e+04 2 0))
s>    ( QUESTION14 1 -9.686e+04 1.837e+02 4.307e+02
s>        ( - -2.616e+02 1 0)
s>        ( - -9.641e+04 2 0))INFO: dtree.c(1315): Comp split 61
INFO: dtree.c(1439): stop. leaf nodes are specific
INFO: dtree.c(1478): Final simple tree
|( QUESTION14 -1 -2.608e+04 1.602e+02 1.140e+02
|    ( - -3.251e+02 1 0)
|    ( - -2.560e+04 2 0))
s>    ( QUESTION14 -1 -2.608e+04 1.602e+02 1.140e+02
s>        ( - -3.251e+02 1 0)
s>        ( - -2.560e+04 2 0))INFO: dtree.c(1439): stop. leaf nodes are specific
INFO: dtree.c(1478): Final simple tree
|( QUESTION14 -1 -3.293e+04 1.734e+02 1.457e+02
|    ( - -4.579e+03 1 0)
|    ( - -2.818e+04 2 0))
s>    ( QUESTION14 -1 -3.293e+04 1.734e+02 1.457e+02
s>        ( - -4.579e+03 1 0)
s>        ( - -2.818e+04 2 0))INFO: dtree.c(1315): Comp split 62
INFO: dtree.c(1439): stop. leaf nodes are specific
INFO: dtree.c(1478): Final simple tree
|( QUESTION2_15_L -1 -3.760e+04 1.463e+02 1.660e+02
|    ( - -3.178e+02 1 0)
|    ( QUESTION14 -1 -3.713e+04 1.484e+02 1.640e+02
|        ( - -1.700e+04 1 0)
|        ( QUESTION19 -1 -1.999e+04 1.284e+02 8.797e+01
|            ( - -3.010e+03 2 0)
|            ( QUESTION0 -1 -1.685e+04 1.051e+02 7.398e+01
|                ( - -5.916e+02 1 0)
|                ( - -1.615e+04 2 0)))))
s>    ( QUESTION2_15_L -1 -3.760e+04 1.463e+02 1.660e+02
s>        ( - -3.178e+02 1 0)
s>        ( QUESTION14 -1 -3.713e+04 1.484e+02 1.640e+02
s>            ( - -1.700e+04 1 0)
s>            ( QUESTION19 -1 -1.999e+04 1.284e+02 8.797e+01
s>                ( - -3.010e+03 2 0)
s>                ( QUESTION0 -1 -1.685e+04 1.051e+02 7.398e+01
s>                    ( - -5.916e+02 1 0)
s>                    ( - -1.615e+04 2 0)))))INFO: dtree.c(1315): Comp split 63
INFO: dtree.c(1439): stop. leaf nodes are specific
INFO: dtree.c(1478): Final simple tree
|( QUESTION18 -1 -7.077e+04 1.779e+02 3.075e+02
|    ( - -3.894e+03 2 0)
|    ( - -6.670e+04 2 0))
s>    ( QUESTION18 -1 -7.077e+04 1.779e+02 3.075e+02
s>        ( - -3.894e+03 2 0)
s>        ( - -6.670e+04 2 0))INFO: dtree.c(1315): Comp split 64
INFO: dtree.c(1439): stop. leaf nodes are specific
INFO: dtree.c(1478): Final simple tree
|( QUESTION16 -1 -4.039e+03 1.032e+02 1.800e+01
|    ( WDBNDRY_B 0 -2.643e+03 1.719e+02 1.200e+01
|        ( - -3.017e+02 1 0)
|        ( - -2.170e+03 2 0))
|    ( WDBNDRY_B 0 -1.293e+03 9.519e+01 6.000e+00
|        ( - -6.161e+02 1 0)
|        ( - -5.813e+02 1 0)))
s>    ( QUESTION16 -1 -4.039e+03 1.032e+02 1.800e+01
s>        ( WDBNDRY_B 0 -2.643e+03 1.719e+02 1.200e+01
s>            ( - -3.017e+02 1 0)
s>            ( - -2.170e+03 2 0))
s>        ( WDBNDRY_B 0 -1.293e+03 9.519e+01 6.000e+00
s>            ( - -6.161e+02 1 0)
s>            ( - -5.813e+02 1 0)))INFO: dtree.c(1439): stop. leaf nodes are specific
INFO: dtree.c(1478): Final simple tree
|( QUESTION0_17_R 1 -1.117e+04 1.519e+02 4.909e+01
|    ( - -7.545e+02 1 0)
|    ( WDBNDRY_E 0 -1.026e+04 1.416e+02 4.509e+01
|        ( - -9.738e+03 1 0)
|        ( - -3.795e+02 1 0)))
s>    ( QUESTION0_17_R 1 -1.117e+04 1.519e+02 4.909e+01
s>        ( - -7.545e+02 1 0)
s>        ( WDBNDRY_E 0 -1.026e+04 1.416e+02 4.509e+01
s>            ( - -9.738e+03 1 0)
s>            ( - -3.795e+02 1 0)))INFO: dtree.c(1315): Comp split 65
INFO: dtree.c(1439): stop. leaf nodes are specific
INFO: dtree.c(1478): Final simple tree
|( WDBNDRY_B 0 -2.725e+04 1.305e+02 1.091e+02
|    ( QUESTION20 -1 -2.661e+04 9.936e+01 1.061e+02
|        ( - -2.549e+04 1 0)
|        ( - -1.027e+03 1 0))
|    ( - -5.058e+02 1 0))
s>    ( WDBNDRY_B 0 -2.725e+04 1.305e+02 1.091e+02
s>        ( QUESTION20 -1 -2.661e+04 9.936e+01 1.061e+02
s>            ( - -2.549e+04 1 0)
s>            ( - -1.027e+03 1 0))
s>        ( - -5.058e+02 1 0))INFO: dtree.c(1315): Comp split 66
INFO: dtree.c(1439): stop. leaf nodes are specific
INFO: dtree.c(1478): Final simple tree
|( WDBNDRY_B 0 -2.620e+04 1.406e+02 1.143e+02
|    ( - -2.326e+04 4 0)
|    ( - -2.798e+03 1 0))
s>    ( WDBNDRY_B 0 -2.620e+04 1.406e+02 1.143e+02
s>        ( - -2.326e+04 4 0)
s>        ( - -2.798e+03 1 0))INFO: dtree.c(1315): Comp split 67
INFO: dtree.c(1439): stop. leaf nodes are specific
INFO: dtree.c(1478): Final simple tree
|( QUESTION0 -1 -1.512e+04 1.045e+02 6.684e+01
|    ( - -1.982e+03 1 0)
|    ( QUESTION14 -1 -1.303e+04 9.433e+01 5.784e+01
|        ( - -6.925e+03 2 0)
|        ( - -6.012e+03 3 0)))
s>    ( QUESTION0 -1 -1.512e+04 1.045e+02 6.684e+01
s>        ( - -1.982e+03 1 0)
s>        ( QUESTION14 -1 -1.303e+04 9.433e+01 5.784e+01
s>            ( - -6.925e+03 2 0)
s>            ( - -6.012e+03 3 0)))INFO: dtree.c(1315): Comp split 68
INFO: dtree.c(1315): Comp split 69
INFO: dtree.c(1439): stop. leaf nodes are specific
INFO: dtree.c(1478): Final simple tree
|( QUESTION0_0_R 1 -2.383e+04 1.797e+02 1.041e+02
|    ( - -2.337e+04 1 0)
|    ( - -2.806e+02 1 0))
s>    ( QUESTION0_0_R 1 -2.383e+04 1.797e+02 1.041e+02
s>        ( - -2.337e+04 1 0)
s>        ( - -2.806e+02 1 0))INFO: dtree.c(1315): Comp split 70
INFO: dtree.c(1315): Comp split 71
INFO: dtree.c(1315): Comp split 72
INFO: dtree.c(1315): Comp split 73
INFO: dtree.c(1439): stop. leaf nodes are specific
INFO: dtree.c(1478): Final simple tree
|( SILENCE -1 -1.057e+04 1.516e+02 4.566e+01
|    ( - -4.618e+03 1 0)
|    ( - -5.804e+03 2 0))
s>    ( SILENCE -1 -1.057e+04 1.516e+02 4.566e+01
s>        ( - -4.618e+03 1 0)
s>        ( - -5.804e+03 2 0))INFO: dtree.c(1315): Comp split 74
INFO: dtree.c(1315): Comp split 75
INFO: dtree.c(1315): Comp split 76
INFO: dtree.c(1439): stop. leaf nodes are specific
INFO: dtree.c(1478): Final simple tree
|( QUESTION14 -1 -4.679e+03 8.286e+01 2.100e+01
|    ( - -2.725e+03 2 0)
|    ( - -1.871e+03 2 0))
s>    ( QUESTION14 -1 -4.679e+03 8.286e+01 2.100e+01
s>        ( - -2.725e+03 2 0)
s>        ( - -1.871e+03 2 0))INFO: dtree.c(1439): stop. leaf nodes are specific
INFO: dtree.c(1478): Final simple tree
|( QUESTION14 -1 -3.480e+04 1.604e+02 1.478e+02
|    ( - -3.786e+03 1 0)
|    ( SILENCE -1 -3.085e+04 8.579e+01 1.329e+02
|        ( - -2.328e+03 1 0)
|        ( QUESTION20 -1 -2.844e+04 8.079e+01 1.229e+02
|            ( - -2.428e+04 1 0)
|            ( QUESTION0 -1 -4.078e+03 6.641e+01 1.796e+01
|                ( - -1.323e+03 1 0)
|                ( - -2.689e+03 1 0)))))
s>    ( QUESTION14 -1 -3.480e+04 1.604e+02 1.478e+02
s>        ( - -3.786e+03 1 0)
s>        ( SILENCE -1 -3.085e+04 8.579e+01 1.329e+02
s>            ( - -2.328e+03 1 0)
s>            ( QUESTION20 -1 -2.844e+04 8.079e+01 1.229e+02
s>                ( - -2.428e+04 1 0)
s>                ( QUESTION0 -1 -4.078e+03 6.641e+01 1.796e+01
s>                    ( - -1.323e+03 1 0)
s>                    ( - -2.689e+03 1 0)))))INFO: dtree.c(1315): Comp split 77
INFO: dtree.c(1315): Comp split 78
INFO: dtree.c(1439): stop. leaf nodes are specific
INFO: dtree.c(1478): Final simple tree
|( WDBNDRY_B 0 -9.824e+03 1.506e+02 4.190e+01
|    ( QUESTION14 -1 -9.334e+03 1.010e+02 3.990e+01
|        ( - -2.728e+03 1 0)
|        ( QUESTION0 -1 -6.504e+03 9.838e+01 2.785e+01
|            ( - -2.319e+03 1 0)
|            ( - -4.087e+03 1 0)))
|    ( - -3.398e+02 1 0))
s>    ( WDBNDRY_B 0 -9.824e+03 1.506e+02 4.190e+01
s>        ( QUESTION14 -1 -9.334e+03 1.010e+02 3.990e+01
s>            ( - -2.728e+03 1 0)
s>            ( QUESTION0 -1 -6.504e+03 9.838e+01 2.785e+01
s>                ( - -2.319e+03 1 0)
s>                ( - -4.087e+03 1 0)))
s>        ( - -3.398e+02 1 0))INFO: dtree.c(1439): stop. leaf nodes are specific
INFO: dtree.c(1478): Final simple tree
|( QUESTION4 -1 -4.512e+03 8.507e+01 2.008e+01
|    ( - -2.366e+03 1 0)
|    ( - -2.061e+03 1 0))
s>    ( QUESTION4 -1 -4.512e+03 8.507e+01 2.008e+01
s>        ( - -2.366e+03 1 0)
s>        ( - -2.061e+03 1 0))INFO: dtree.c(1315): Comp split 79
INFO: dtree.c(1439): stop. leaf nodes are specific
INFO: dtree.c(1478): Final simple tree
|( QUESTION16 -1 -3.571e+03 1.084e+02 1.600e+01
|    ( - -2.170e+03 2 0)
|    ( WDBNDRY_B 0 -1.293e+03 9.519e+01 6.000e+00
|        ( - -6.161e+02 1 0)
|        ( - -5.813e+02 1 0)))
s>    ( QUESTION16 -1 -3.571e+03 1.084e+02 1.600e+01
s>        ( - -2.170e+03 2 0)
s>        ( WDBNDRY_B 0 -1.293e+03 9.519e+01 6.000e+00
s>            ( - -6.161e+02 1 0)
s>            ( - -5.813e+02 1 0)))INFO: dtree.c(1315): Comp split 80
INFO: dtree.c(1439): stop. leaf nodes are specific
INFO: dtree.c(1478): Final simple tree
|( QUESTION14 -1 -3.329e+04 1.373e+02 1.470e+02
|    ( - -1.700e+04 1 0)
|    ( - -1.615e+04 2 0))
s>    ( QUESTION14 -1 -3.329e+04 1.373e+02 1.470e+02
s>        ( - -1.700e+04 1 0)
s>        ( - -1.615e+04 2 0))INFO: dtree.c(1439): stop. leaf nodes are specific
INFO: dtree.c(1478): Final simple tree
|( QUESTION14 -1 -4.145e+03 1.201e+02 1.899e+01
|    ( - -3.178e+02 1 0)
|    ( QUESTION0 -1 -3.707e+03 1.054e+02 1.699e+01
|        ( - -5.916e+02 1 0)
|        ( - -3.010e+03 2 0)))
s>    ( QUESTION14 -1 -4.145e+03 1.201e+02 1.899e+01
s>        ( - -3.178e+02 1 0)
s>        ( QUESTION0 -1 -3.707e+03 1.054e+02 1.699e+01
s>            ( - -5.916e+02 1 0)
s>            ( - -3.010e+03 2 0)))INFO: dtree.c(1315): Comp split 81
INFO: dtree.c(1315): Comp split 82
INFO: dtree.c(1439): stop. leaf nodes are specific
INFO: dtree.c(1478): Final simple tree
|( QUESTION20 -1 -2.844e+04 8.079e+01 1.229e+02
|    ( - -2.428e+04 1 0)
|    ( QUESTION0 -1 -4.078e+03 6.641e+01 1.796e+01
|        ( - -1.323e+03 1 0)
|        ( - -2.689e+03 1 0)))
s>    ( QUESTION20 -1 -2.844e+04 8.079e+01 1.229e+02
s>        ( - -2.428e+04 1 0)
s>        ( QUESTION0 -1 -4.078e+03 6.641e+01 1.796e+01
s>            ( - -1.323e+03 1 0)
s>            ( - -2.689e+03 1 0)))INFO: dtree.c(1439): stop. leaf nodes are specific
INFO: dtree.c(1478): Final simple tree
|( SILENCE -1 -6.199e+03 8.501e+01 2.492e+01
|    ( - -2.328e+03 1 0)
|    ( - -3.786e+03 1 0))
s>    ( SILENCE -1 -6.199e+03 8.501e+01 2.492e+01
s>        ( - -2.328e+03 1 0)
s>        ( - -3.786e+03 1 0))INFO: dtree.c(1315): Comp split 83
INFO: dtree.c(1315): Comp split 84
INFO: dtree.c(1439): stop. leaf nodes are specific
INFO: dtree.c(1478): Final simple tree
|( WDBNDRY_E 0 -1.026e+04 1.416e+02 4.509e+01
|    ( - -9.738e+03 1 0)
|    ( - -3.795e+02 1 0))
s>    ( WDBNDRY_E 0 -1.026e+04 1.416e+02 4.509e+01
s>        ( - -9.738e+03 1 0)
s>        ( - -3.795e+02 1 0))INFO: dtree.c(1315): Comp split 85
INFO: dtree.c(1315): Comp split 86
INFO: dtree.c(1439): stop. leaf nodes are specific
INFO: dtree.c(1478): Final simple tree
|( QUESTION14 -1 -9.334e+03 1.010e+02 3.990e+01
|    ( - -2.728e+03 1 0)
|    ( QUESTION0 -1 -6.504e+03 9.838e+01 2.785e+01
|        ( - -2.319e+03 1 0)
|        ( - -4.087e+03 1 0)))
s>    ( QUESTION14 -1 -9.334e+03 1.010e+02 3.990e+01
s>        ( - -2.728e+03 1 0)
s>        ( QUESTION0 -1 -6.504e+03 9.838e+01 2.785e+01
s>            ( - -2.319e+03 1 0)
s>            ( - -4.087e+03 1 0)))INFO: dtree.c(1315): Comp split 87
INFO: dtree.c(1315): Comp split 88
INFO: dtree.c(1315): Comp split 89
INFO: dtree.c(1315): Comp split 90
INFO: dtree.c(1315): Comp split 91
INFO: dtree.c(1439): stop. leaf nodes are specific
INFO: dtree.c(1478): Final simple tree
|( QUESTION20 -1 -2.661e+04 9.936e+01 1.061e+02
|    ( - -2.549e+04 1 0)
|    ( - -1.027e+03 1 0))
s>    ( QUESTION20 -1 -2.661e+04 9.936e+01 1.061e+02
s>        ( - -2.549e+04 1 0)
s>        ( - -1.027e+03 1 0))INFO: dtree.c(1315): Comp split 92
INFO: dtree.c(1315): Comp split 93
INFO: dtree.c(1315): Comp split 94
INFO: dtree.c(1439): stop. leaf nodes are specific
INFO: dtree.c(1478): Final simple tree
|( QUESTION0 -1 -3.707e+03 1.054e+02 1.699e+01
|    ( - -5.916e+02 1 0)
|    ( - -3.010e+03 2 0))
s>    ( QUESTION0 -1 -3.707e+03 1.054e+02 1.699e+01
s>        ( - -5.916e+02 1 0)
s>        ( - -3.010e+03 2 0))INFO: dtree.c(1315): Comp split 95
INFO: dtree.c(1315): Comp split 96
INFO: dtree.c(1439): stop. leaf nodes are specific
INFO: dtree.c(1478): Final simple tree
|( WDBNDRY_B 0 -1.293e+03 9.519e+01 6.000e+00
|    ( - -6.161e+02 1 0)
|    ( - -5.813e+02 1 0))
s>    ( WDBNDRY_B 0 -1.293e+03 9.519e+01 6.000e+00
s>        ( - -6.161e+02 1 0)
s>        ( - -5.813e+02 1 0))INFO: dtree.c(1315): Comp split 97
INFO: dtree.c(1315): Comp split 98
INFO: dtree.c(1315): Comp split 99
INFO: dtree.c(1439): stop. leaf nodes are specific
INFO: dtree.c(1478): Final simple tree
|( QUESTION14 -1 -1.303e+04 9.433e+01 5.784e+01
|    ( - -6.925e+03 2 0)
|    ( - -6.012e+03 3 0))
s>    ( QUESTION14 -1 -1.303e+04 9.433e+01 5.784e+01
s>        ( - -6.925e+03 2 0)
s>        ( - -6.012e+03 3 0))INFO: dtree.c(1315): Comp split 100
INFO: dtree.c(1439): stop. leaf nodes are specific
INFO: dtree.c(1478): Final simple tree
|( QUESTION0 -1 -6.504e+03 9.838e+01 2.785e+01
|    ( - -2.319e+03 1 0)
|    ( - -4.087e+03 1 0))
s>    ( QUESTION0 -1 -6.504e+03 9.838e+01 2.785e+01
s>        ( - -2.319e+03 1 0)
s>        ( - -4.087e+03 1 0))INFO: dtree.c(1315): Comp split 101
INFO: dtree.c(1315): Comp split 102
INFO: dtree.c(1315): Comp split 103
INFO: dtree.c(1315): Comp split 104
INFO: dtree.c(1315): Comp split 105
INFO: dtree.c(1315): Comp split 106
INFO: dtree.c(1315): Comp split 107
INFO: dtree.c(1315): Comp split 108
INFO: dtree.c(1315): Comp split 109
INFO: dtree.c(1439): stop. leaf nodes are specific
INFO: dtree.c(1478): Final simple tree
|( QUESTION0 -1 -4.078e+03 6.641e+01 1.796e+01
|    ( - -1.323e+03 1 0)
|    ( - -2.689e+03 1 0))
s>    ( QUESTION0 -1 -4.078e+03 6.641e+01 1.796e+01
s>        ( - -1.323e+03 1 0)
s>        ( - -2.689e+03 1 0))INFO: dtree.c(1315): Comp split 110
INFO: dtree.c(1315): Comp split 111
INFO: dtree.c(1318): stop. leaf nodes are specific
Sun Mar 19 21:50:43 2017
