Current configuration:
[NAME]		[DEFLT]	[VALUE]
-allphones	no	no
-cntthresh	0.00001	1.000000e-05
-csplitmax	100	2000
-csplitmin	1	1
-csplitthr	8e-4	0.000000e+00
-example	no	no
-fullvar	no	no
-help		no	no
-meanfn			/home/ilya/Рабочий стол/lab_sphinx/ru_base/model_parameters/ru_base.cd_cont_untied/means
-mixwfn			/home/ilya/Рабочий стол/lab_sphinx/ru_base/model_parameters/ru_base.cd_cont_untied/mixture_weights
-moddeffn		/home/ilya/Рабочий стол/lab_sphinx/ru_base/model_architecture/ru_base.untied.mdef
-mwfloor	1e-4	1.000000e-08
-phone			bj
-psetfn			/home/ilya/Рабочий стол/lab_sphinx/ru_base/model_architecture/ru_base.tree_questions
-ssplitmax	5	7
-ssplitmin	1	1
-ssplitthr	8e-4	0.000000e+00
-state			0
-stwt			1.0,0.05,0.0,
-treefn			/home/ilya/Рабочий стол/lab_sphinx/ru_base/trees/ru_base.unpruned/bj-0.dtree
-ts2cbfn	.semi.	.cont.
-varfloor	0.00001	1.000000e-05
-varfn			/home/ilya/Рабочий стол/lab_sphinx/ru_base/model_parameters/ru_base.cd_cont_untied/variances

INFO: main.c(223): Reading: /home/ilya/Рабочий стол/lab_sphinx/ru_base/model_architecture/ru_base.untied.mdef
INFO: model_def_io.c(573): Model definition info:
INFO: model_def_io.c(574): 9415 total models defined (43 base, 9372 tri)
INFO: model_def_io.c(575): 37660 total states
INFO: model_def_io.c(576): 28245 total tied states
INFO: model_def_io.c(577): 129 total tied CI states
INFO: model_def_io.c(578): 43 total tied transition matrices
INFO: model_def_io.c(579): 4 max state/model
INFO: model_def_io.c(580): 4 min state/model
INFO: main.c(242): Building trees for [bj SIL e0 b] through [bj zh e0 i]
INFO: main.c(269): Covering states |[3195 3311]| == 117
INFO: main.c(275): Reading: /home/ilya/Рабочий стол/lab_sphinx/ru_base/model_parameters/ru_base.cd_cont_untied/mixture_weights
INFO: s3mixw_io.c(173): Read /home/ilya/Рабочий стол/lab_sphinx/ru_base/model_parameters/ru_base.cd_cont_untied/mixture_weights [117x1x1 array]
INFO: main.c(311): 39 of 39 models have observation count greater than 0.000010
INFO: main.c(95): nrm stwt: 0.952 0.048 0.000 
INFO: s3gau_io.c(169): Read /home/ilya/Рабочий стол/lab_sphinx/ru_base/model_parameters/ru_base.cd_cont_untied/means [28245x1x1 array]
INFO: s3gau_io.c(169): Read /home/ilya/Рабочий стол/lab_sphinx/ru_base/model_parameters/ru_base.cd_cont_untied/variances [28245x1x1 array]
INFO: main.c(549): Reading: /home/ilya/Рабочий стол/lab_sphinx/ru_base/model_architecture/ru_base.tree_questions
INFO: main.c(588): 180 total simple questions (172 phone; 8 word bndry)
INFO: main.c(590): 42 Left Only questions, and 42 Right Only questions
INFO: dtree.c(1478): Final simple tree
|( QUESTION11 -1 -1.030e+06 5.215e+03 4.950e+03
|    ( - -9.336e+04 1 0)
|    ( QUESTION16 -1 -9.317e+05 2.808e+03 4.468e+03
|        ( - -2.404e+05 8 0 WDBNDRY_B 0 4.611e+02 1.144e+03)
|        ( QUESTION13 -1 -6.885e+05 1.163e+03 3.323e+03
|            ( WDBNDRY_B 0 -5.492e+05 9.909e+02 2.650e+03
|                ( QUESTION20 1 -3.025e+05 9.969e+02 1.476e+03
|                    ( - -3.767e+04 3 0 QUESTION14 -1 2.173e+02 1.940e+02)
|                    ( QUESTION14 -1 -2.638e+05 6.298e+02 1.282e+03
|                        ( - -1.454e+05 4 0 QUESTION2_19_L -1 3.349e+02 7.027e+02)
|                        ( - -1.178e+05 4 0 QUESTION18 -1 4.124e+02 5.792e+02)))
|                ( - -2.457e+05 8 0 QUESTION20 1 5.734e+02 1.174e+03))
|            ( SILENCE -1 -1.381e+05 6.209e+02 6.736e+02
|                ( - -4.628e+03 1 0)
|                ( - -1.329e+05 10 0 QUESTION5 -1 5.154e+02 6.524e+02)))))
s>    ( QUESTION11 -1 -1.030e+06 5.215e+03 4.950e+03
s>        ( - -9.336e+04 1 0)
s>        ( QUESTION16 -1 -9.317e+05 2.808e+03 4.468e+03
s>            ( - -2.404e+05 8 0 WDBNDRY_B 0 4.611e+02 1.144e+03)
s>            ( QUESTION13 -1 -6.885e+05 1.163e+03 3.323e+03
s>                ( WDBNDRY_B 0 -5.492e+05 9.909e+02 2.650e+03
s>                    ( QUESTION20 1 -3.025e+05 9.969e+02 1.476e+03
s>                        ( - -3.767e+04 3 0 QUESTION14 -1 2.173e+02 1.940e+02)
s>                        ( QUESTION14 -1 -2.638e+05 6.298e+02 1.282e+03
s>                            ( - -1.454e+05 4 0 QUESTION2_19_L -1 3.349e+02 7.027e+02)
s>                            ( - -1.178e+05 4 0 QUESTION18 -1 4.124e+02 5.792e+02)))
s>                    ( - -2.457e+05 8 0 QUESTION20 1 5.734e+02 1.174e+03))
s>                ( SILENCE -1 -1.381e+05 6.209e+02 6.736e+02
s>                    ( - -4.628e+03 1 0)
s>                    ( - -1.329e+05 10 0 QUESTION5 -1 5.154e+02 6.524e+02)))))INFO: dtree.c(1315): Comp split 0
INFO: dtree.c(1478): Final simple tree
|( QUESTION16 -1 -9.317e+05 2.808e+03 4.468e+03
|    ( - -2.404e+05 8 0 WDBNDRY_B 0 4.611e+02 1.144e+03)
|    ( QUESTION13 -1 -6.885e+05 1.163e+03 3.323e+03
|        ( WDBNDRY_B 0 -5.492e+05 9.909e+02 2.650e+03
|            ( QUESTION20 1 -3.025e+05 9.969e+02 1.476e+03
|                ( - -3.767e+04 3 0 QUESTION14 -1 2.173e+02 1.940e+02)
|                ( QUESTION14 -1 -2.638e+05 6.298e+02 1.282e+03
|                    ( - -1.454e+05 4 0 QUESTION2_19_L -1 3.349e+02 7.027e+02)
|                    ( - -1.178e+05 4 0 QUESTION18 -1 4.124e+02 5.792e+02)))
|            ( QUESTION20 1 -2.457e+05 5.734e+02 1.174e+03
|                ( - -8.031e+04 2 0 QUESTION14 -1 3.261e+02 3.917e+02)
|                ( - -1.648e+05 6 0 QUESTION14 1 6.842e+02 7.822e+02)))
|        ( SILENCE -1 -1.381e+05 6.209e+02 6.736e+02
|            ( - -4.628e+03 1 0)
|            ( - -1.329e+05 10 0 QUESTION5 -1 5.154e+02 6.524e+02))))
s>    ( QUESTION16 -1 -9.317e+05 2.808e+03 4.468e+03
s>        ( - -2.404e+05 8 0 WDBNDRY_B 0 4.611e+02 1.144e+03)
s>        ( QUESTION13 -1 -6.885e+05 1.163e+03 3.323e+03
s>            ( WDBNDRY_B 0 -5.492e+05 9.909e+02 2.650e+03
s>                ( QUESTION20 1 -3.025e+05 9.969e+02 1.476e+03
s>                    ( - -3.767e+04 3 0 QUESTION14 -1 2.173e+02 1.940e+02)
s>                    ( QUESTION14 -1 -2.638e+05 6.298e+02 1.282e+03
s>                        ( - -1.454e+05 4 0 QUESTION2_19_L -1 3.349e+02 7.027e+02)
s>                        ( - -1.178e+05 4 0 QUESTION18 -1 4.124e+02 5.792e+02)))
s>                ( QUESTION20 1 -2.457e+05 5.734e+02 1.174e+03
s>                    ( - -8.031e+04 2 0 QUESTION14 -1 3.261e+02 3.917e+02)
s>                    ( - -1.648e+05 6 0 QUESTION14 1 6.842e+02 7.822e+02)))
s>            ( SILENCE -1 -1.381e+05 6.209e+02 6.736e+02
s>                ( - -4.628e+03 1 0)
s>                ( - -1.329e+05 10 0 QUESTION5 -1 5.154e+02 6.524e+02))))INFO: dtree.c(1315): Comp split 1
INFO: dtree.c(1478): Final simple tree
|( QUESTION0 -1 -6.832e+05 1.165e+03 3.302e+03
|    ( QUESTION5 -1 -1.329e+05 5.154e+02 6.524e+02
|        ( - -3.032e+04 4 0 WDBNDRY_B 0 1.465e+02 1.467e+02)
|        ( - -1.020e+05 6 0 QUESTION2 -1 4.591e+02 5.057e+02))
|    ( WDBNDRY_B 0 -5.492e+05 9.909e+02 2.650e+03
|        ( QUESTION20 1 -3.025e+05 9.969e+02 1.476e+03
|            ( - -3.767e+04 3 0 QUESTION14 -1 2.173e+02 1.940e+02)
|            ( QUESTION14 -1 -2.638e+05 6.298e+02 1.282e+03
|                ( - -1.454e+05 4 0 QUESTION2_19_L -1 3.349e+02 7.027e+02)
|                ( - -1.178e+05 4 0 QUESTION18 -1 4.124e+02 5.792e+02)))
|        ( QUESTION20 1 -2.457e+05 5.734e+02 1.174e+03
|            ( - -8.031e+04 2 0 QUESTION14 -1 3.261e+02 3.917e+02)
|            ( QUESTION14 1 -1.648e+05 6.842e+02 7.822e+02
|                ( - -2.764e+04 1 0)
|                ( - -1.365e+05 5 0 QUESTION14 -1 4.992e+02 6.458e+02)))))
s>    ( QUESTION0 -1 -6.832e+05 1.165e+03 3.302e+03
s>        ( QUESTION5 -1 -1.329e+05 5.154e+02 6.524e+02
s>            ( - -3.032e+04 4 0 WDBNDRY_B 0 1.465e+02 1.467e+02)
s>            ( - -1.020e+05 6 0 QUESTION2 -1 4.591e+02 5.057e+02))
s>        ( WDBNDRY_B 0 -5.492e+05 9.909e+02 2.650e+03
s>            ( QUESTION20 1 -3.025e+05 9.969e+02 1.476e+03
s>                ( - -3.767e+04 3 0 QUESTION14 -1 2.173e+02 1.940e+02)
s>                ( QUESTION14 -1 -2.638e+05 6.298e+02 1.282e+03
s>                    ( - -1.454e+05 4 0 QUESTION2_19_L -1 3.349e+02 7.027e+02)
s>                    ( - -1.178e+05 4 0 QUESTION18 -1 4.124e+02 5.792e+02)))
s>            ( QUESTION20 1 -2.457e+05 5.734e+02 1.174e+03
s>                ( - -8.031e+04 2 0 QUESTION14 -1 3.261e+02 3.917e+02)
s>                ( QUESTION14 1 -1.648e+05 6.842e+02 7.822e+02
s>                    ( - -2.764e+04 1 0)
s>                    ( - -1.365e+05 5 0 QUESTION14 -1 4.992e+02 6.458e+02)))))INFO: dtree.c(1439): stop. leaf nodes are specific
INFO: dtree.c(1478): Final simple tree
|( SILENCE -1 -2.456e+05 5.788e+02 1.166e+03
|    ( - -4.628e+03 1 0)
|    ( WDBNDRY_B 0 -2.404e+05 4.611e+02 1.144e+03
|        ( QUESTION20 1 -5.140e+04 2.207e+02 2.502e+02
|            ( - -2.221e+03 1 0)
|            ( - -4.896e+04 2 0))
|        ( QUESTION14 1 -1.885e+05 2.943e+02 8.942e+02
|            ( - -3.795e+04 1 0)
|            ( QUESTION20 1 -1.503e+05 1.370e+02 7.104e+02
|                ( - -8.435e+03 2 0)
|                ( - -1.417e+05 2 0)))))
s>    ( SILENCE -1 -2.456e+05 5.788e+02 1.166e+03
s>        ( - -4.628e+03 1 0)
s>        ( WDBNDRY_B 0 -2.404e+05 4.611e+02 1.144e+03
s>            ( QUESTION20 1 -5.140e+04 2.207e+02 2.502e+02
s>                ( - -2.221e+03 1 0)
s>                ( - -4.896e+04 2 0))
s>            ( QUESTION14 1 -1.885e+05 2.943e+02 8.942e+02
s>                ( - -3.795e+04 1 0)
s>                ( QUESTION20 1 -1.503e+05 1.370e+02 7.104e+02
s>                    ( - -8.435e+03 2 0)
s>                    ( - -1.417e+05 2 0)))))INFO: dtree.c(1315): Comp split 2
INFO: dtree.c(1478): Final simple tree
|( QUESTION14 -1 -1.405e+05 8.133e+02 6.997e+02
|    ( - -3.508e+04 2 0)
|    ( QUESTION2 -1 -1.046e+05 4.592e+02 5.187e+02
|        ( - 2.174e+02 1 0)
|        ( QUESTION2_1_L -1 -1.044e+05 4.010e+02 5.177e+02
|            ( QUESTION20 1 -6.978e+04 4.329e+02 3.428e+02
|                ( - -6.222e+04 1 0)
|                ( QUESTION1 -1 -7.119e+03 2.168e+02 3.396e+01
|                    ( WDBNDRY_B 0 -1.183e+03 1.969e+02 6.000e+00
|                        ( - -2.969e+02 1 0)
|                        ( - -6.890e+02 1 0))
|                    ( - -5.719e+03 1 0)))
|            ( QUESTION0 -1 -3.418e+04 1.578e+02 1.749e+02
|                ( - -3.165e+04 1 0)
|                ( - -2.371e+03 1 0)))))
s>    ( QUESTION14 -1 -1.405e+05 8.133e+02 6.997e+02
s>        ( - -3.508e+04 2 0)
s>        ( QUESTION2 -1 -1.046e+05 4.592e+02 5.187e+02
s>            ( - 2.174e+02 1 0)
s>            ( QUESTION2_1_L -1 -1.044e+05 4.010e+02 5.177e+02
s>                ( QUESTION20 1 -6.978e+04 4.329e+02 3.428e+02
s>                    ( - -6.222e+04 1 0)
s>                    ( QUESTION1 -1 -7.119e+03 2.168e+02 3.396e+01
s>                        ( WDBNDRY_B 0 -1.183e+03 1.969e+02 6.000e+00
s>                            ( - -2.969e+02 1 0)
s>                            ( - -6.890e+02 1 0))
s>                        ( - -5.719e+03 1 0)))
s>                ( QUESTION0 -1 -3.418e+04 1.578e+02 1.749e+02
s>                    ( - -3.165e+04 1 0)
s>                    ( - -2.371e+03 1 0)))))INFO: dtree.c(1478): Final simple tree
|( QUESTION15 -1 -5.411e+05 7.954e+02 2.603e+03
|    ( WDBNDRY_B 0 -2.922e+05 6.106e+02 1.412e+03
|        ( QUESTION18 -1 -1.178e+05 4.124e+02 5.792e+02
|            ( - -4.976e+03 1 0)
|            ( - -1.124e+05 3 0 QUESTION14 1 3.049e+02 5.512e+02))
|        ( QUESTION14 1 -1.738e+05 5.017e+02 8.328e+02
|            ( - -2.764e+04 1 0)
|            ( QUESTION20 1 -1.456e+05 5.924e+02 6.964e+02
|                ( - -3.012e+04 1 0)
|                ( QUESTION18 -1 -1.149e+05 4.195e+02 5.457e+02
|                    ( - -2.676e+04 1 0)
|                    ( - -8.775e+04 2 0 QUESTION0_14_R 1 1.427e+02 4.152e+02)))))
|    ( QUESTION2_19_L -1 -2.481e+05 5.029e+02 1.190e+03
|        ( - -7.918e+04 1 0)
|        ( - -1.684e+05 10 0 QUESTION0 -1 3.872e+02 8.040e+02)))
s>    ( QUESTION15 -1 -5.411e+05 7.954e+02 2.603e+03
s>        ( WDBNDRY_B 0 -2.922e+05 6.106e+02 1.412e+03
s>            ( QUESTION18 -1 -1.178e+05 4.124e+02 5.792e+02
s>                ( - -4.976e+03 1 0)
s>                ( - -1.124e+05 3 0 QUESTION14 1 3.049e+02 5.512e+02))
s>            ( QUESTION14 1 -1.738e+05 5.017e+02 8.328e+02
s>                ( - -2.764e+04 1 0)
s>                ( QUESTION20 1 -1.456e+05 5.924e+02 6.964e+02
s>                    ( - -3.012e+04 1 0)
s>                    ( QUESTION18 -1 -1.149e+05 4.195e+02 5.457e+02
s>                        ( - -2.676e+04 1 0)
s>                        ( - -8.775e+04 2 0 QUESTION0_14_R 1 1.427e+02 4.152e+02)))))
s>        ( QUESTION2_19_L -1 -2.481e+05 5.029e+02 1.190e+03
s>            ( - -7.918e+04 1 0)
s>            ( - -1.684e+05 10 0 QUESTION0 -1 3.872e+02 8.040e+02)))INFO: dtree.c(1315): Comp split 3
INFO: dtree.c(1478): Final simple tree
|( QUESTION19 -1 -3.638e+05 7.231e+02 1.736e+03
|    ( - -8.775e+04 2 0 QUESTION0_14_R 1 1.427e+02 4.152e+02)
|    ( WDBNDRY_B 0 -2.753e+05 4.852e+02 1.321e+03
|        ( QUESTION2_19_L -1 -1.463e+05 3.295e+02 7.067e+02
|            ( - -7.918e+04 1 0)
|            ( - -6.674e+04 4 0 QUESTION2_14_L -1 1.709e+02 3.202e+02))
|        ( QUESTION0 -1 -1.285e+05 4.417e+02 6.142e+02
|            ( - -2.949e+04 3 0 QUESTION6 -1 1.385e+02 1.427e+02)
|            ( QUESTION20 1 -9.862e+04 3.919e+02 4.715e+02
|                ( - -4.987e+04 1 0)
|                ( QUESTION14 -1 -4.836e+04 5.447e+02 2.305e+02
|                    ( QUESTION0_14_R 1 -2.105e+04 2.395e+02 1.001e+02
|                        ( - -3.977e+02 1 0)
|                        ( - -2.042e+04 1 0))
|                    ( - -2.676e+04 1 0))))))
s>    ( QUESTION19 -1 -3.638e+05 7.231e+02 1.736e+03
s>        ( - -8.775e+04 2 0 QUESTION0_14_R 1 1.427e+02 4.152e+02)
s>        ( WDBNDRY_B 0 -2.753e+05 4.852e+02 1.321e+03
s>            ( QUESTION2_19_L -1 -1.463e+05 3.295e+02 7.067e+02
s>                ( - -7.918e+04 1 0)
s>                ( - -6.674e+04 4 0 QUESTION2_14_L -1 1.709e+02 3.202e+02))
s>            ( QUESTION0 -1 -1.285e+05 4.417e+02 6.142e+02
s>                ( - -2.949e+04 3 0 QUESTION6 -1 1.385e+02 1.427e+02)
s>                ( QUESTION20 1 -9.862e+04 3.919e+02 4.715e+02
s>                    ( - -4.987e+04 1 0)
s>                    ( QUESTION14 -1 -4.836e+04 5.447e+02 2.305e+02
s>                        ( QUESTION0_14_R 1 -2.105e+04 2.395e+02 1.001e+02
s>                            ( - -3.977e+02 1 0)
s>                            ( - -2.042e+04 1 0))
s>                        ( - -2.676e+04 1 0))))))INFO: dtree.c(1439): stop. leaf nodes are specific
INFO: dtree.c(1478): Final simple tree
|( WDBNDRY_B 0 -1.763e+05 5.468e+02 8.663e+02
|    ( QUESTION18 -1 -1.178e+05 4.124e+02 5.792e+02
|        ( - -4.976e+03 1 0)
|        ( QUESTION14 1 -1.124e+05 3.049e+02 5.512e+02
|            ( - -5.315e+04 1 0)
|            ( QUESTION20 -1 -5.895e+04 2.248e+02 2.901e+02
|                ( - -2.534e+04 1 0)
|                ( - -3.338e+04 1 0))))
|    ( QUESTION0_14_R 1 -5.800e+04 2.509e+02 2.871e+02
|        ( - -2.764e+04 1 0)
|        ( - -3.012e+04 1 0)))
s>    ( WDBNDRY_B 0 -1.763e+05 5.468e+02 8.663e+02
s>        ( QUESTION18 -1 -1.178e+05 4.124e+02 5.792e+02
s>            ( - -4.976e+03 1 0)
s>            ( QUESTION14 1 -1.124e+05 3.049e+02 5.512e+02
s>                ( - -5.315e+04 1 0)
s>                ( QUESTION20 -1 -5.895e+04 2.248e+02 2.901e+02
s>                    ( - -2.534e+04 1 0)
s>                    ( - -3.338e+04 1 0))))
s>        ( QUESTION0_14_R 1 -5.800e+04 2.509e+02 2.871e+02
s>            ( - -2.764e+04 1 0)
s>            ( - -3.012e+04 1 0)))INFO: dtree.c(1315): Comp split 4
INFO: dtree.c(1439): stop. leaf nodes are specific
INFO: dtree.c(1478): Final simple tree
|( QUESTION14 -1 -1.093e+05 4.615e+02 5.153e+02
|    ( QUESTION0_14_R 1 -2.105e+04 2.395e+02 1.001e+02
|        ( - -3.977e+02 1 0)
|        ( - -2.042e+04 1 0))
|    ( QUESTION0_14_R 1 -8.775e+04 1.427e+02 4.152e+02
|        ( - -3.320e+04 1 0)
|        ( - -5.441e+04 1 0)))
s>    ( QUESTION14 -1 -1.093e+05 4.615e+02 5.153e+02
s>        ( QUESTION0_14_R 1 -2.105e+04 2.395e+02 1.001e+02
s>            ( - -3.977e+02 1 0)
s>            ( - -2.042e+04 1 0))
s>        ( QUESTION0_14_R 1 -8.775e+04 1.427e+02 4.152e+02
s>            ( - -3.320e+04 1 0)
s>            ( - -5.441e+04 1 0)))INFO: dtree.c(1478): Final simple tree
|( QUESTION0 -1 -2.535e+05 4.324e+02 1.221e+03
|    ( WDBNDRY_B 0 -3.032e+04 1.465e+02 1.467e+02
|        ( - -6.874e+02 1 0)
|        ( QUESTION6 -1 -2.949e+04 1.385e+02 1.427e+02
|            ( - -2.883e+04 2 0 QUESTION20 1 4.818e+02 1.397e+02)
|            ( - -5.181e+02 1 0)))
|    ( WDBNDRY_B 0 -2.228e+05 4.659e+02 1.074e+03
|        ( QUESTION2_19_L -1 -1.454e+05 3.349e+02 7.027e+02
|            ( - -7.918e+04 1 0)
|            ( QUESTION2_14_L -1 -6.589e+04 1.713e+02 3.162e+02
|                ( - -4.756e+02 1 0)
|                ( - -6.525e+04 2 0)))
|        ( QUESTION14 -1 -7.691e+04 2.823e+02 3.714e+02
|            ( - -4.987e+04 1 0)
|            ( - -2.676e+04 1 0))))
s>    ( QUESTION0 -1 -2.535e+05 4.324e+02 1.221e+03
s>        ( WDBNDRY_B 0 -3.032e+04 1.465e+02 1.467e+02
s>            ( - -6.874e+02 1 0)
s>            ( QUESTION6 -1 -2.949e+04 1.385e+02 1.427e+02
s>                ( - -2.883e+04 2 0 QUESTION20 1 4.818e+02 1.397e+02)
s>                ( - -5.181e+02 1 0)))
s>        ( WDBNDRY_B 0 -2.228e+05 4.659e+02 1.074e+03
s>            ( QUESTION2_19_L -1 -1.454e+05 3.349e+02 7.027e+02
s>                ( - -7.918e+04 1 0)
s>                ( QUESTION2_14_L -1 -6.589e+04 1.713e+02 3.162e+02
s>                    ( - -4.756e+02 1 0)
s>                    ( - -6.525e+04 2 0)))
s>            ( QUESTION14 -1 -7.691e+04 2.823e+02 3.714e+02
s>                ( - -4.987e+04 1 0)
s>                ( - -2.676e+04 1 0))))INFO: dtree.c(1315): Comp split 5
INFO: dtree.c(1439): stop. leaf nodes are specific
INFO: dtree.c(1478): Final simple tree
|( QUESTION2 -1 -1.046e+05 4.592e+02 5.187e+02
|    ( - 2.174e+02 1 0)
|    ( QUESTION2_1_L -1 -1.044e+05 4.010e+02 5.177e+02
|        ( QUESTION20 1 -6.978e+04 4.329e+02 3.428e+02
|            ( - -6.222e+04 1 0)
|            ( QUESTION1 -1 -7.119e+03 2.168e+02 3.396e+01
|                ( WDBNDRY_B 0 -1.183e+03 1.969e+02 6.000e+00
|                    ( - -2.969e+02 1 0)
|                    ( - -6.890e+02 1 0))
|                ( - -5.719e+03 1 0)))
|        ( QUESTION0 -1 -3.418e+04 1.578e+02 1.749e+02
|            ( - -3.165e+04 1 0)
|            ( - -2.371e+03 1 0))))
s>    ( QUESTION2 -1 -1.046e+05 4.592e+02 5.187e+02
s>        ( - 2.174e+02 1 0)
s>        ( QUESTION2_1_L -1 -1.044e+05 4.010e+02 5.177e+02
s>            ( QUESTION20 1 -6.978e+04 4.329e+02 3.428e+02
s>                ( - -6.222e+04 1 0)
s>                ( QUESTION1 -1 -7.119e+03 2.168e+02 3.396e+01
s>                    ( WDBNDRY_B 0 -1.183e+03 1.969e+02 6.000e+00
s>                        ( - -2.969e+02 1 0)
s>                        ( - -6.890e+02 1 0))
s>                    ( - -5.719e+03 1 0)))
s>            ( QUESTION0 -1 -3.418e+04 1.578e+02 1.749e+02
s>                ( - -3.165e+04 1 0)
s>                ( - -2.371e+03 1 0))))INFO: dtree.c(1315): Comp split 6
INFO: dtree.c(1439): stop. leaf nodes are specific
INFO: dtree.c(1478): Final simple tree
|( WDBNDRY_B 0 -2.404e+05 4.611e+02 1.144e+03
|    ( QUESTION20 1 -5.140e+04 2.207e+02 2.502e+02
|        ( - -2.221e+03 1 0)
|        ( - -4.896e+04 2 0))
|    ( QUESTION14 1 -1.885e+05 2.943e+02 8.942e+02
|        ( - -3.795e+04 1 0)
|        ( QUESTION20 1 -1.503e+05 1.370e+02 7.104e+02
|            ( - -8.435e+03 2 0)
|            ( - -1.417e+05 2 0))))
s>    ( WDBNDRY_B 0 -2.404e+05 4.611e+02 1.144e+03
s>        ( QUESTION20 1 -5.140e+04 2.207e+02 2.502e+02
s>            ( - -2.221e+03 1 0)
s>            ( - -4.896e+04 2 0))
s>        ( QUESTION14 1 -1.885e+05 2.943e+02 8.942e+02
s>            ( - -3.795e+04 1 0)
s>            ( QUESTION20 1 -1.503e+05 1.370e+02 7.104e+02
s>                ( - -8.435e+03 2 0)
s>                ( - -1.417e+05 2 0))))INFO: dtree.c(1315): Comp split 7
INFO: dtree.c(1439): stop. leaf nodes are specific
INFO: dtree.c(1478): Final simple tree
|( QUESTION18 -1 -1.178e+05 4.124e+02 5.792e+02
|    ( - -4.976e+03 1 0)
|    ( QUESTION14 1 -1.124e+05 3.049e+02 5.512e+02
|        ( - -5.315e+04 1 0)
|        ( QUESTION20 -1 -5.895e+04 2.248e+02 2.901e+02
|            ( - -2.534e+04 1 0)
|            ( - -3.338e+04 1 0))))
s>    ( QUESTION18 -1 -1.178e+05 4.124e+02 5.792e+02
s>        ( - -4.976e+03 1 0)
s>        ( QUESTION14 1 -1.124e+05 3.049e+02 5.512e+02
s>            ( - -5.315e+04 1 0)
s>            ( QUESTION20 -1 -5.895e+04 2.248e+02 2.901e+02
s>                ( - -2.534e+04 1 0)
s>                ( - -3.338e+04 1 0))))INFO: dtree.c(1439): stop. leaf nodes are specific
INFO: dtree.c(1478): Final simple tree
|( QUESTION0_14_R 1 -5.800e+04 2.509e+02 2.871e+02
|    ( - -2.764e+04 1 0)
|    ( - -3.012e+04 1 0))
s>    ( QUESTION0_14_R 1 -5.800e+04 2.509e+02 2.871e+02
s>        ( - -2.764e+04 1 0)
s>        ( - -3.012e+04 1 0))INFO: dtree.c(1315): Comp split 8
INFO: dtree.c(1478): Final simple tree
|( QUESTION0 -1 -1.739e+05 4.182e+02 8.344e+02
|    ( WDBNDRY_B 0 -3.032e+04 1.465e+02 1.467e+02
|        ( - -6.874e+02 1 0)
|        ( QUESTION6 -1 -2.949e+04 1.385e+02 1.427e+02
|            ( QUESTION20 1 -2.883e+04 4.818e+02 1.397e+02
|                ( - -2.857e+04 1 0)
|                ( - 2.167e+02 1 0))
|            ( - -5.181e+02 1 0)))
|    ( QUESTION14 -1 -1.431e+05 3.167e+02 6.877e+02
|        ( WDBNDRY_B 0 -1.160e+05 2.749e+02 5.572e+02
|            ( QUESTION2_14_L -1 -6.589e+04 1.713e+02 3.162e+02
|                ( - -4.756e+02 1 0)
|                ( - -6.525e+04 2 0))
|            ( - -4.987e+04 1 0))
|        ( - -2.676e+04 1 0)))
s>    ( QUESTION0 -1 -1.739e+05 4.182e+02 8.344e+02
s>        ( WDBNDRY_B 0 -3.032e+04 1.465e+02 1.467e+02
s>            ( - -6.874e+02 1 0)
s>            ( QUESTION6 -1 -2.949e+04 1.385e+02 1.427e+02
s>                ( QUESTION20 1 -2.883e+04 4.818e+02 1.397e+02
s>                    ( - -2.857e+04 1 0)
s>                    ( - 2.167e+02 1 0))
s>                ( - -5.181e+02 1 0)))
s>        ( QUESTION14 -1 -1.431e+05 3.167e+02 6.877e+02
s>            ( WDBNDRY_B 0 -1.160e+05 2.749e+02 5.572e+02
s>                ( QUESTION2_14_L -1 -6.589e+04 1.713e+02 3.162e+02
s>                    ( - -4.756e+02 1 0)
s>                    ( - -6.525e+04 2 0))
s>                ( - -4.987e+04 1 0))
s>            ( - -2.676e+04 1 0)))INFO: dtree.c(1315): Comp split 9
INFO: dtree.c(1439): stop. leaf nodes are specific
INFO: dtree.c(1478): Final simple tree
|( QUESTION0 -1 -1.736e+05 4.136e+02 8.334e+02
|    ( WDBNDRY_B 0 -3.006e+04 1.473e+02 1.457e+02
|        ( - -6.874e+02 1 0)
|        ( QUESTION6 -1 -2.923e+04 1.383e+02 1.417e+02
|            ( - -2.857e+04 1 0)
|            ( - -5.181e+02 1 0)))
|    ( QUESTION14 -1 -1.431e+05 3.167e+02 6.877e+02
|        ( WDBNDRY_B 0 -1.160e+05 2.749e+02 5.572e+02
|            ( QUESTION2_14_L -1 -6.589e+04 1.713e+02 3.162e+02
|                ( - -4.756e+02 1 0)
|                ( - -6.525e+04 2 0))
|            ( - -4.987e+04 1 0))
|        ( - -2.676e+04 1 0)))
s>    ( QUESTION0 -1 -1.736e+05 4.136e+02 8.334e+02
s>        ( WDBNDRY_B 0 -3.006e+04 1.473e+02 1.457e+02
s>            ( - -6.874e+02 1 0)
s>            ( QUESTION6 -1 -2.923e+04 1.383e+02 1.417e+02
s>                ( - -2.857e+04 1 0)
s>                ( - -5.181e+02 1 0)))
s>        ( QUESTION14 -1 -1.431e+05 3.167e+02 6.877e+02
s>            ( WDBNDRY_B 0 -1.160e+05 2.749e+02 5.572e+02
s>                ( QUESTION2_14_L -1 -6.589e+04 1.713e+02 3.162e+02
s>                    ( - -4.756e+02 1 0)
s>                    ( - -6.525e+04 2 0))
s>                ( - -4.987e+04 1 0))
s>            ( - -2.676e+04 1 0)))INFO: dtree.c(1315): Comp split 10
INFO: dtree.c(1439): stop. leaf nodes are specific
INFO: dtree.c(1478): Final simple tree
|( QUESTION14 -1 -8.837e+04 2.260e+02 4.182e+02
|    ( - -3.977e+02 1 0)
|    ( QUESTION0_14_R 1 -8.775e+04 1.427e+02 4.152e+02
|        ( - -3.320e+04 1 0)
|        ( - -5.441e+04 1 0)))
s>    ( QUESTION14 -1 -8.837e+04 2.260e+02 4.182e+02
s>        ( - -3.977e+02 1 0)
s>        ( QUESTION0_14_R 1 -8.775e+04 1.427e+02 4.152e+02
s>            ( - -3.320e+04 1 0)
s>            ( - -5.441e+04 1 0)))INFO: dtree.c(1315): Comp split 11
INFO: dtree.c(1439): stop. leaf nodes are specific
INFO: dtree.c(1478): Final simple tree
|( QUESTION20 1 -5.998e+04 1.934e+02 2.902e+02
|    ( WDBNDRY_B 0 -1.083e+04 1.721e+02 5.201e+01
|        ( - -2.221e+03 1 0)
|        ( - -8.435e+03 2 0))
|    ( - -4.896e+04 2 0))
s>    ( QUESTION20 1 -5.998e+04 1.934e+02 2.902e+02
s>        ( WDBNDRY_B 0 -1.083e+04 1.721e+02 5.201e+01
s>            ( - -2.221e+03 1 0)
s>            ( - -8.435e+03 2 0))
s>        ( - -4.896e+04 2 0))INFO: dtree.c(1439): stop. leaf nodes are specific
INFO: dtree.c(1478): Final simple tree
|( QUESTION14 1 -1.800e+05 2.800e+02 8.542e+02
|    ( - -3.795e+04 1 0)
|    ( - -1.417e+05 2 0))
s>    ( QUESTION14 1 -1.800e+05 2.800e+02 8.542e+02
s>        ( - -3.795e+04 1 0)
s>        ( - -1.417e+05 2 0))INFO: dtree.c(1315): Comp split 12
INFO: dtree.c(1439): stop. leaf nodes are specific
INFO: dtree.c(1478): Final simple tree
|( QUESTION2_1_L -1 -1.044e+05 4.010e+02 5.177e+02
|    ( QUESTION20 1 -6.978e+04 4.329e+02 3.428e+02
|        ( - -6.222e+04 1 0)
|        ( QUESTION1 -1 -7.119e+03 2.168e+02 3.396e+01
|            ( WDBNDRY_B 0 -1.183e+03 1.969e+02 6.000e+00
|                ( - -2.969e+02 1 0)
|                ( - -6.890e+02 1 0))
|            ( - -5.719e+03 1 0)))
|    ( QUESTION0 -1 -3.418e+04 1.578e+02 1.749e+02
|        ( - -3.165e+04 1 0)
|        ( - -2.371e+03 1 0)))
s>    ( QUESTION2_1_L -1 -1.044e+05 4.010e+02 5.177e+02
s>        ( QUESTION20 1 -6.978e+04 4.329e+02 3.428e+02
s>            ( - -6.222e+04 1 0)
s>            ( QUESTION1 -1 -7.119e+03 2.168e+02 3.396e+01
s>                ( WDBNDRY_B 0 -1.183e+03 1.969e+02 6.000e+00
s>                    ( - -2.969e+02 1 0)
s>                    ( - -6.890e+02 1 0))
s>                ( - -5.719e+03 1 0)))
s>        ( QUESTION0 -1 -3.418e+04 1.578e+02 1.749e+02
s>            ( - -3.165e+04 1 0)
s>            ( - -2.371e+03 1 0)))INFO: dtree.c(1315): Comp split 13
INFO: dtree.c(1439): stop. leaf nodes are specific
INFO: dtree.c(1478): Final simple tree
|( QUESTION1 -1 -7.119e+03 2.168e+02 3.396e+01
|    ( WDBNDRY_B 0 -1.183e+03 1.969e+02 6.000e+00
|        ( - -2.969e+02 1 0)
|        ( - -6.890e+02 1 0))
|    ( - -5.719e+03 1 0))
s>    ( QUESTION1 -1 -7.119e+03 2.168e+02 3.396e+01
s>        ( WDBNDRY_B 0 -1.183e+03 1.969e+02 6.000e+00
s>            ( - -2.969e+02 1 0)
s>            ( - -6.890e+02 1 0))
s>        ( - -5.719e+03 1 0))INFO: dtree.c(1439): stop. leaf nodes are specific
INFO: dtree.c(1478): Final simple tree
|( WDBNDRY_B 0 -9.680e+04 3.952e+02 4.838e+02
|    ( QUESTION0 -1 -3.418e+04 1.578e+02 1.749e+02
|        ( - -3.165e+04 1 0)
|        ( - -2.371e+03 1 0))
|    ( - -6.222e+04 1 0))
s>    ( WDBNDRY_B 0 -9.680e+04 3.952e+02 4.838e+02
s>        ( QUESTION0 -1 -3.418e+04 1.578e+02 1.749e+02
s>            ( - -3.165e+04 1 0)
s>            ( - -2.371e+03 1 0))
s>        ( - -6.222e+04 1 0))INFO: dtree.c(1315): Comp split 14
INFO: dtree.c(1439): stop. leaf nodes are specific
INFO: dtree.c(1478): Final simple tree
|( QUESTION14 -1 -1.431e+05 3.167e+02 6.877e+02
|    ( WDBNDRY_B 0 -1.160e+05 2.749e+02 5.572e+02
|        ( QUESTION2_14_L -1 -6.589e+04 1.713e+02 3.162e+02
|            ( - -4.756e+02 1 0)
|            ( - -6.525e+04 2 0))
|        ( - -4.987e+04 1 0))
|    ( - -2.676e+04 1 0))
s>    ( QUESTION14 -1 -1.431e+05 3.167e+02 6.877e+02
s>        ( WDBNDRY_B 0 -1.160e+05 2.749e+02 5.572e+02
s>            ( QUESTION2_14_L -1 -6.589e+04 1.713e+02 3.162e+02
s>                ( - -4.756e+02 1 0)
s>                ( - -6.525e+04 2 0))
s>            ( - -4.987e+04 1 0))
s>        ( - -2.676e+04 1 0))INFO: dtree.c(1439): stop. leaf nodes are specific
INFO: dtree.c(1478): Final simple tree
|( WDBNDRY_B 0 -3.006e+04 1.473e+02 1.457e+02
|    ( - -6.874e+02 1 0)
|    ( QUESTION6 -1 -2.923e+04 1.383e+02 1.417e+02
|        ( - -2.857e+04 1 0)
|        ( - -5.181e+02 1 0)))
s>    ( WDBNDRY_B 0 -3.006e+04 1.473e+02 1.457e+02
s>        ( - -6.874e+02 1 0)
s>        ( QUESTION6 -1 -2.923e+04 1.383e+02 1.417e+02
s>            ( - -2.857e+04 1 0)
s>            ( - -5.181e+02 1 0)))INFO: dtree.c(1315): Comp split 15
INFO: dtree.c(1439): stop. leaf nodes are specific
INFO: dtree.c(1478): Final simple tree
|( QUESTION14 1 -1.124e+05 3.049e+02 5.512e+02
|    ( - -5.315e+04 1 0)
|    ( QUESTION20 -1 -5.895e+04 2.248e+02 2.901e+02
|        ( - -2.534e+04 1 0)
|        ( - -3.338e+04 1 0)))
s>    ( QUESTION14 1 -1.124e+05 3.049e+02 5.512e+02
s>        ( - -5.315e+04 1 0)
s>        ( QUESTION20 -1 -5.895e+04 2.248e+02 2.901e+02
s>            ( - -2.534e+04 1 0)
s>            ( - -3.338e+04 1 0)))INFO: dtree.c(1315): Comp split 16
INFO: dtree.c(1439): stop. leaf nodes are specific
INFO: dtree.c(1478): Final simple tree
|( QUESTION0 -1 -3.418e+04 1.578e+02 1.749e+02
|    ( - -3.165e+04 1 0)
|    ( - -2.371e+03 1 0))
s>    ( QUESTION0 -1 -3.418e+04 1.578e+02 1.749e+02
s>        ( - -3.165e+04 1 0)
s>        ( - -2.371e+03 1 0))INFO: dtree.c(1315): Comp split 17
INFO: dtree.c(1439): stop. leaf nodes are specific
INFO: dtree.c(1478): Final simple tree
|( WDBNDRY_B 0 -1.154e+05 2.744e+02 5.542e+02
|    ( - -6.525e+04 2 0)
|    ( - -4.987e+04 1 0))
s>    ( WDBNDRY_B 0 -1.154e+05 2.744e+02 5.542e+02
s>        ( - -6.525e+04 2 0)
s>        ( - -4.987e+04 1 0))INFO: dtree.c(1439): stop. leaf nodes are specific
INFO: dtree.c(1478): Final simple tree
|( WDBNDRY_B 0 -2.739e+04 1.589e+02 1.334e+02
|    ( - -4.756e+02 1 0)
|    ( - -2.676e+04 1 0))
s>    ( WDBNDRY_B 0 -2.739e+04 1.589e+02 1.334e+02
s>        ( - -4.756e+02 1 0)
s>        ( - -2.676e+04 1 0))INFO: dtree.c(1315): Comp split 18
INFO: dtree.c(1439): stop. leaf nodes are specific
INFO: dtree.c(1478): Final simple tree
|( QUESTION20 -1 -5.895e+04 2.248e+02 2.901e+02
|    ( - -2.534e+04 1 0)
|    ( - -3.338e+04 1 0))
s>    ( QUESTION20 -1 -5.895e+04 2.248e+02 2.901e+02
s>        ( - -2.534e+04 1 0)
s>        ( - -3.338e+04 1 0))INFO: dtree.c(1315): Comp split 19
INFO: dtree.c(1315): Comp split 20
INFO: dtree.c(1315): Comp split 21
INFO: dtree.c(1315): Comp split 22
INFO: dtree.c(1439): stop. leaf nodes are specific
INFO: dtree.c(1478): Final simple tree
|( QUESTION0_14_R 1 -8.775e+04 1.427e+02 4.152e+02
|    ( - -3.320e+04 1 0)
|    ( - -5.441e+04 1 0))
s>    ( QUESTION0_14_R 1 -8.775e+04 1.427e+02 4.152e+02
s>        ( - -3.320e+04 1 0)
s>        ( - -5.441e+04 1 0))INFO: dtree.c(1315): Comp split 23
INFO: dtree.c(1315): Comp split 24
INFO: dtree.c(1439): stop. leaf nodes are specific
INFO: dtree.c(1478): Final simple tree
|( WDBNDRY_B 0 -1.183e+03 1.969e+02 6.000e+00
|    ( - -2.969e+02 1 0)
|    ( - -6.890e+02 1 0))
s>    ( WDBNDRY_B 0 -1.183e+03 1.969e+02 6.000e+00
s>        ( - -2.969e+02 1 0)
s>        ( - -6.890e+02 1 0))INFO: dtree.c(1315): Comp split 25
INFO: dtree.c(1439): stop. leaf nodes are specific
INFO: dtree.c(1478): Final simple tree
|( WDBNDRY_B 0 -5.755e+04 1.549e+02 2.782e+02
|    ( - -4.896e+04 2 0)
|    ( - -8.435e+03 2 0))
s>    ( WDBNDRY_B 0 -5.755e+04 1.549e+02 2.782e+02
s>        ( - -4.896e+04 2 0)
s>        ( - -8.435e+03 2 0))INFO: dtree.c(1315): Comp split 26
INFO: dtree.c(1315): Comp split 27
INFO: dtree.c(1315): Comp split 28
INFO: dtree.c(1315): Comp split 29
INFO: dtree.c(1315): Comp split 30
INFO: dtree.c(1439): stop. leaf nodes are specific
INFO: dtree.c(1478): Final simple tree
|( QUESTION6 -1 -2.923e+04 1.383e+02 1.417e+02
|    ( - -2.857e+04 1 0)
|    ( - -5.181e+02 1 0))
s>    ( QUESTION6 -1 -2.923e+04 1.383e+02 1.417e+02
s>        ( - -2.857e+04 1 0)
s>        ( - -5.181e+02 1 0))INFO: dtree.c(1315): Comp split 31
INFO: dtree.c(1315): Comp split 32
INFO: dtree.c(1315): Comp split 33
INFO: dtree.c(1318): stop. leaf nodes are specific
Sun Mar 19 21:50:42 2017
