Current configuration:
[NAME]		[DEFLT]	[VALUE]
-allphones	no	no
-cntthresh	0.00001	1.000000e-05
-csplitmax	100	2000
-csplitmin	1	1
-csplitthr	8e-4	0.000000e+00
-example	no	no
-fullvar	no	no
-help		no	no
-meanfn			/home/ilya/Рабочий стол/lab_sphinx/ru_base/model_parameters/ru_base.cd_cont_untied/means
-mixwfn			/home/ilya/Рабочий стол/lab_sphinx/ru_base/model_parameters/ru_base.cd_cont_untied/mixture_weights
-moddeffn		/home/ilya/Рабочий стол/lab_sphinx/ru_base/model_architecture/ru_base.untied.mdef
-mwfloor	1e-4	1.000000e-08
-phone			nj
-psetfn			/home/ilya/Рабочий стол/lab_sphinx/ru_base/model_architecture/ru_base.tree_questions
-ssplitmax	5	7
-ssplitmin	1	1
-ssplitthr	8e-4	0.000000e+00
-state			2
-stwt			1.0,0.05,0.0,
-treefn			/home/ilya/Рабочий стол/lab_sphinx/ru_base/trees/ru_base.unpruned/nj-2.dtree
-ts2cbfn	.semi.	.cont.
-varfloor	0.00001	1.000000e-05
-varfn			/home/ilya/Рабочий стол/lab_sphinx/ru_base/model_parameters/ru_base.cd_cont_untied/variances

INFO: main.c(223): Reading: /home/ilya/Рабочий стол/lab_sphinx/ru_base/model_architecture/ru_base.untied.mdef
INFO: model_def_io.c(573): Model definition info:
INFO: model_def_io.c(574): 9415 total models defined (43 base, 9372 tri)
INFO: model_def_io.c(575): 37660 total states
INFO: model_def_io.c(576): 28245 total tied states
INFO: model_def_io.c(577): 129 total tied CI states
INFO: model_def_io.c(578): 43 total tied transition matrices
INFO: model_def_io.c(579): 4 max state/model
INFO: model_def_io.c(580): 4 min state/model
INFO: main.c(242): Building trees for [nj SIL e0 b] through [nj zh u0 i]
INFO: main.c(269): Covering states |[15090 15500]| == 411
INFO: main.c(275): Reading: /home/ilya/Рабочий стол/lab_sphinx/ru_base/model_parameters/ru_base.cd_cont_untied/mixture_weights
INFO: s3mixw_io.c(173): Read /home/ilya/Рабочий стол/lab_sphinx/ru_base/model_parameters/ru_base.cd_cont_untied/mixture_weights [411x1x1 array]
INFO: main.c(311): 137 of 137 models have observation count greater than 0.000010
INFO: main.c(95): nrm stwt: 0.000 0.048 0.952 
INFO: s3gau_io.c(169): Read /home/ilya/Рабочий стол/lab_sphinx/ru_base/model_parameters/ru_base.cd_cont_untied/means [28245x1x1 array]
INFO: s3gau_io.c(169): Read /home/ilya/Рабочий стол/lab_sphinx/ru_base/model_parameters/ru_base.cd_cont_untied/variances [28245x1x1 array]
INFO: main.c(549): Reading: /home/ilya/Рабочий стол/lab_sphinx/ru_base/model_architecture/ru_base.tree_questions
INFO: main.c(588): 180 total simple questions (172 phone; 8 word bndry)
INFO: main.c(590): 42 Left Only questions, and 42 Right Only questions
INFO: dtree.c(1478): Final simple tree
|( QUESTION0_16_R 1 -2.700e+06 8.446e+03 1.219e+04
|    ( QUESTION20 1 -2.299e+06 4.990e+03 1.045e+04
|        ( WDBNDRY_I 0 -1.151e+06 1.796e+03 5.304e+03
|            ( QUESTION20 -1 -9.032e+05 1.411e+03 4.193e+03
|                ( - -8.834e+04 1 0)
|                ( - -8.135e+05 21 0 QUESTION15 -1 1.137e+03 3.768e+03))
|            ( - -2.464e+05 21 0 QUESTION16 -1 5.071e+02 1.111e+03))
|        ( - -1.143e+06 47 0 WDBNDRY_B 0 9.818e+02 5.144e+03))
|    ( QUESTION0_14_R 1 -3.924e+05 5.066e+03 1.742e+03
|        ( QUESTION15 1 -3.072e+05 1.565e+03 1.383e+03
|            ( QUESTION15 -1 -2.234e+05 1.182e+03 1.012e+03
|                ( - -8.528e+04 5 0 QUESTION16 -1 2.545e+02 3.925e+02)
|                ( - -1.369e+05 9 0 QUESTION11 -1 2.721e+02 6.199e+02))
|            ( - -8.224e+04 10 0 WDBNDRY_E 0 1.034e+03 3.703e+02))
|        ( - -8.021e+04 23 0 QUESTION12 1 7.454e+02 3.594e+02)))
s>    ( QUESTION0_16_R 1 -2.700e+06 8.446e+03 1.219e+04
s>        ( QUESTION20 1 -2.299e+06 4.990e+03 1.045e+04
s>            ( WDBNDRY_I 0 -1.151e+06 1.796e+03 5.304e+03
s>                ( QUESTION20 -1 -9.032e+05 1.411e+03 4.193e+03
s>                    ( - -8.834e+04 1 0)
s>                    ( - -8.135e+05 21 0 QUESTION15 -1 1.137e+03 3.768e+03))
s>                ( - -2.464e+05 21 0 QUESTION16 -1 5.071e+02 1.111e+03))
s>            ( - -1.143e+06 47 0 WDBNDRY_B 0 9.818e+02 5.144e+03))
s>        ( QUESTION0_14_R 1 -3.924e+05 5.066e+03 1.742e+03
s>            ( QUESTION15 1 -3.072e+05 1.565e+03 1.383e+03
s>                ( QUESTION15 -1 -2.234e+05 1.182e+03 1.012e+03
s>                    ( - -8.528e+04 5 0 QUESTION16 -1 2.545e+02 3.925e+02)
s>                    ( - -1.369e+05 9 0 QUESTION11 -1 2.721e+02 6.199e+02))
s>                ( - -8.224e+04 10 0 WDBNDRY_E 0 1.034e+03 3.703e+02))
s>            ( - -8.021e+04 23 0 QUESTION12 1 7.454e+02 3.594e+02)))INFO: dtree.c(1315): Comp split 0
INFO: dtree.c(1478): Final simple tree
|( QUESTION20 1 -2.386e+06 5.588e+03 1.084e+04
|    ( WDBNDRY_I 0 -1.151e+06 1.796e+03 5.304e+03
|        ( QUESTION20 -1 -9.032e+05 1.411e+03 4.193e+03
|            ( - -8.834e+04 1 0)
|            ( QUESTION15 -1 -8.135e+05 1.137e+03 3.768e+03
|                ( - -4.929e+05 3 0 QUESTION16 -1 9.677e+02 2.284e+03)
|                ( - -3.195e+05 18 0 QUESTION2_3_L -1 7.775e+02 1.484e+03)))
|        ( - -2.464e+05 21 0 QUESTION16 -1 5.071e+02 1.111e+03))
|    ( WDBNDRY_B 0 -1.229e+06 1.180e+03 5.536e+03
|        ( - -7.744e+05 24 0 QUESTION2_13_L -1 7.336e+02 3.481e+03)
|        ( QUESTION2_20_L -1 -4.536e+05 1.002e+03 2.055e+03
|            ( - -3.719e+05 14 0 QUESTION0_14_R 1 6.865e+02 1.692e+03)
|            ( QUESTION2_7_L -1 -8.066e+04 9.696e+02 3.630e+02
|                ( - -1.031e+04 1 0)
|                ( - -6.937e+04 13 0 QUESTION2 -1 4.847e+02 3.174e+02)))))
s>    ( QUESTION20 1 -2.386e+06 5.588e+03 1.084e+04
s>        ( WDBNDRY_I 0 -1.151e+06 1.796e+03 5.304e+03
s>            ( QUESTION20 -1 -9.032e+05 1.411e+03 4.193e+03
s>                ( - -8.834e+04 1 0)
s>                ( QUESTION15 -1 -8.135e+05 1.137e+03 3.768e+03
s>                    ( - -4.929e+05 3 0 QUESTION16 -1 9.677e+02 2.284e+03)
s>                    ( - -3.195e+05 18 0 QUESTION2_3_L -1 7.775e+02 1.484e+03)))
s>            ( - -2.464e+05 21 0 QUESTION16 -1 5.071e+02 1.111e+03))
s>        ( WDBNDRY_B 0 -1.229e+06 1.180e+03 5.536e+03
s>            ( - -7.744e+05 24 0 QUESTION2_13_L -1 7.336e+02 3.481e+03)
s>            ( QUESTION2_20_L -1 -4.536e+05 1.002e+03 2.055e+03
s>                ( - -3.719e+05 14 0 QUESTION0_14_R 1 6.865e+02 1.692e+03)
s>                ( QUESTION2_7_L -1 -8.066e+04 9.696e+02 3.630e+02
s>                    ( - -1.031e+04 1 0)
s>                    ( - -6.937e+04 13 0 QUESTION2 -1 4.847e+02 3.174e+02)))))INFO: dtree.c(1478): Final simple tree
|( QUESTION0_14_R 1 -3.055e+05 4.653e+03 1.350e+03
|    ( QUESTION15 1 -2.206e+05 1.497e+03 9.902e+02
|        ( - -1.369e+05 9 0 QUESTION11 -1 2.721e+02 6.199e+02)
|        ( WDBNDRY_E 0 -8.224e+04 1.034e+03 3.703e+02
|            ( - -1.905e+04 1 0)
|            ( QUESTION2_20_L -1 -6.215e+04 7.390e+02 2.834e+02
|                ( - -2.413e+04 3 0 QUESTION14 -1 1.941e+02 1.138e+02)
|                ( QUESTION14 -1 -3.729e+04 4.837e+02 1.696e+02
|                    ( - -2.040e+04 1 0)
|                    ( - -1.640e+04 5 0 QUESTION19 -1 2.298e+02 7.409e+01)))))
|    ( QUESTION12 1 -8.021e+04 7.454e+02 3.594e+02
|        ( - -2.212e+04 6 0 QUESTION16 -1 4.380e+02 1.008e+02)
|        ( QUESTION0_20_R 1 -5.735e+04 5.521e+02 2.587e+02
|            ( - -1.501e+04 1 0)
|            ( - -4.178e+04 16 0 QUESTION6 1 4.685e+02 1.867e+02))))
s>    ( QUESTION0_14_R 1 -3.055e+05 4.653e+03 1.350e+03
s>        ( QUESTION15 1 -2.206e+05 1.497e+03 9.902e+02
s>            ( - -1.369e+05 9 0 QUESTION11 -1 2.721e+02 6.199e+02)
s>            ( WDBNDRY_E 0 -8.224e+04 1.034e+03 3.703e+02
s>                ( - -1.905e+04 1 0)
s>                ( QUESTION2_20_L -1 -6.215e+04 7.390e+02 2.834e+02
s>                    ( - -2.413e+04 3 0 QUESTION14 -1 1.941e+02 1.138e+02)
s>                    ( QUESTION14 -1 -3.729e+04 4.837e+02 1.696e+02
s>                        ( - -2.040e+04 1 0)
s>                        ( - -1.640e+04 5 0 QUESTION19 -1 2.298e+02 7.409e+01)))))
s>        ( QUESTION12 1 -8.021e+04 7.454e+02 3.594e+02
s>            ( - -2.212e+04 6 0 QUESTION16 -1 4.380e+02 1.008e+02)
s>            ( QUESTION0_20_R 1 -5.735e+04 5.521e+02 2.587e+02
s>                ( - -1.501e+04 1 0)
s>                ( - -4.178e+04 16 0 QUESTION6 1 4.685e+02 1.867e+02))))INFO: dtree.c(1315): Comp split 1
INFO: dtree.c(1478): Final simple tree
|( QUESTION20 -1 -9.732e+05 1.394e+03 4.510e+03
|    ( - -9.804e+04 3 0 QUESTION20 1 3.310e+02 4.684e+02)
|    ( QUESTION17 -1 -8.738e+05 1.029e+03 4.042e+03
|        ( - -2.078e+05 2 0 QUESTION18 -1 2.325e+02 9.740e+02)
|        ( QUESTION14 -1 -6.649e+05 1.015e+03 3.068e+03
|            ( - -1.520e+05 8 0 QUESTION2_17_L -1 4.528e+02 7.202e+02)
|            ( QUESTION0 -1 -5.120e+05 7.179e+02 2.348e+03
|                ( QUESTION2_12_L -1 -2.259e+05 7.528e+02 1.032e+03
|                    ( - -1.187e+05 7 0 QUESTION11 -1 4.209e+02 5.531e+02)
|                    ( QUESTION20 1 -1.065e+05 6.320e+02 4.787e+02
|                        ( - -6.347e+04 8 0 QUESTION2_7_L -1 3.728e+02 2.839e+02)
|                        ( WDBNDRY_E 0 -4.244e+04 4.591e+02 1.948e+02
|                            ( - 2.425e+02 1 0)
|                            ( - -4.222e+04 4 0 QUESTION2_6_L -1 2.389e+02 1.938e+02))))
|                ( - -2.853e+05 2 0)))))
s>    ( QUESTION20 -1 -9.732e+05 1.394e+03 4.510e+03
s>        ( - -9.804e+04 3 0 QUESTION20 1 3.310e+02 4.684e+02)
s>        ( QUESTION17 -1 -8.738e+05 1.029e+03 4.042e+03
s>            ( - -2.078e+05 2 0 QUESTION18 -1 2.325e+02 9.740e+02)
s>            ( QUESTION14 -1 -6.649e+05 1.015e+03 3.068e+03
s>                ( - -1.520e+05 8 0 QUESTION2_17_L -1 4.528e+02 7.202e+02)
s>                ( QUESTION0 -1 -5.120e+05 7.179e+02 2.348e+03
s>                    ( QUESTION2_12_L -1 -2.259e+05 7.528e+02 1.032e+03
s>                        ( - -1.187e+05 7 0 QUESTION11 -1 4.209e+02 5.531e+02)
s>                        ( QUESTION20 1 -1.065e+05 6.320e+02 4.787e+02
s>                            ( - -6.347e+04 8 0 QUESTION2_7_L -1 3.728e+02 2.839e+02)
s>                            ( WDBNDRY_E 0 -4.244e+04 4.591e+02 1.948e+02
s>                                ( - 2.425e+02 1 0)
s>                                ( - -4.222e+04 4 0 QUESTION2_6_L -1 2.389e+02 1.938e+02))))
s>                    ( - -2.853e+05 2 0)))))INFO: dtree.c(1478): Final simple tree
|( WDBNDRY_I 0 -1.406e+06 1.517e+03 6.329e+03
|    ( QUESTION1 -1 -3.826e+05 9.284e+02 1.735e+03
|        ( - -1.031e+04 1 0)
|        ( QUESTION0_14_R 1 -3.713e+05 6.758e+02 1.689e+03
|            ( - -8.381e+04 3 0 QUESTION16 -1 2.577e+02 3.855e+02)
|            ( - -2.868e+05 10 0 QUESTION14 -1 4.195e+02 1.304e+03)))
|    ( QUESTION2_13_L -1 -1.022e+06 9.550e+02 4.595e+03
|        ( QUESTION2_19_L -1 -7.045e+05 6.818e+02 3.179e+03
|            ( - -1.034e+05 4 0 QUESTION14 -1 4.243e+02 4.671e+02)
|            ( QUESTION15 -1 -6.004e+05 5.939e+02 2.712e+03
|                ( - -4.333e+05 8 0 QUESTION20 1 6.023e+02 1.958e+03)
|                ( - -1.665e+05 13 0 QUESTION20 1 3.502e+02 7.543e+02)))
|        ( QUESTION11 -1 -3.168e+05 7.635e+02 1.415e+03
|            ( - -5.416e+04 2 0 QUESTION20 1 1.570e+02 2.530e+02)
|            ( - -2.619e+05 19 0 QUESTION6 -1 5.032e+02 1.162e+03))))
s>    ( WDBNDRY_I 0 -1.406e+06 1.517e+03 6.329e+03
s>        ( QUESTION1 -1 -3.826e+05 9.284e+02 1.735e+03
s>            ( - -1.031e+04 1 0)
s>            ( QUESTION0_14_R 1 -3.713e+05 6.758e+02 1.689e+03
s>                ( - -8.381e+04 3 0 QUESTION16 -1 2.577e+02 3.855e+02)
s>                ( - -2.868e+05 10 0 QUESTION14 -1 4.195e+02 1.304e+03)))
s>        ( QUESTION2_13_L -1 -1.022e+06 9.550e+02 4.595e+03
s>            ( QUESTION2_19_L -1 -7.045e+05 6.818e+02 3.179e+03
s>                ( - -1.034e+05 4 0 QUESTION14 -1 4.243e+02 4.671e+02)
s>                ( QUESTION15 -1 -6.004e+05 5.939e+02 2.712e+03
s>                    ( - -4.333e+05 8 0 QUESTION20 1 6.023e+02 1.958e+03)
s>                    ( - -1.665e+05 13 0 QUESTION20 1 3.502e+02 7.543e+02)))
s>            ( QUESTION11 -1 -3.168e+05 7.635e+02 1.415e+03
s>                ( - -5.416e+04 2 0 QUESTION20 1 1.570e+02 2.530e+02)
s>                ( - -2.619e+05 19 0 QUESTION6 -1 5.032e+02 1.162e+03))))INFO: dtree.c(1315): Comp split 2
INFO: dtree.c(1478): Final simple tree
|( QUESTION15 1 -2.206e+05 1.497e+03 9.902e+02
|    ( QUESTION11 -1 -1.369e+05 2.721e+02 6.199e+02
|        ( - -1.997e+04 2 0)
|        ( WDBNDRY_B 0 -1.166e+05 2.060e+02 5.270e+02
|            ( - -1.589e+04 1 0)
|            ( - -1.005e+05 6 0 QUESTION4 -1 1.991e+02 4.533e+02)))
|    ( WDBNDRY_E 0 -8.224e+04 1.034e+03 3.703e+02
|        ( - -1.905e+04 1 0)
|        ( QUESTION2_20_L -1 -6.215e+04 7.390e+02 2.834e+02
|            ( - -2.413e+04 3 0 QUESTION14 -1 1.941e+02 1.138e+02)
|            ( QUESTION14 -1 -3.729e+04 4.837e+02 1.696e+02
|                ( - -2.040e+04 1 0)
|                ( QUESTION19 -1 -1.640e+04 2.298e+02 7.409e+01
|                    ( - -9.639e+02 1 0)
|                    ( - -1.520e+04 4 0 QUESTION2_6_L -1 2.025e+02 6.909e+01))))))
s>    ( QUESTION15 1 -2.206e+05 1.497e+03 9.902e+02
s>        ( QUESTION11 -1 -1.369e+05 2.721e+02 6.199e+02
s>            ( - -1.997e+04 2 0)
s>            ( WDBNDRY_B 0 -1.166e+05 2.060e+02 5.270e+02
s>                ( - -1.589e+04 1 0)
s>                ( - -1.005e+05 6 0 QUESTION4 -1 1.991e+02 4.533e+02)))
s>        ( WDBNDRY_E 0 -8.224e+04 1.034e+03 3.703e+02
s>            ( - -1.905e+04 1 0)
s>            ( QUESTION2_20_L -1 -6.215e+04 7.390e+02 2.834e+02
s>                ( - -2.413e+04 3 0 QUESTION14 -1 1.941e+02 1.138e+02)
s>                ( QUESTION14 -1 -3.729e+04 4.837e+02 1.696e+02
s>                    ( - -2.040e+04 1 0)
s>                    ( QUESTION19 -1 -1.640e+04 2.298e+02 7.409e+01
s>                        ( - -9.639e+02 1 0)
s>                        ( - -1.520e+04 4 0 QUESTION2_6_L -1 2.025e+02 6.909e+01))))))INFO: dtree.c(1478): Final simple tree
|( QUESTION12 1 -8.021e+04 7.454e+02 3.594e+02
|    ( QUESTION16 -1 -2.212e+04 4.380e+02 1.008e+02
|        ( - 2.186e+02 1 0)
|        ( - -2.190e+04 5 0 WDBNDRY_E 0 1.839e+02 9.976e+01))
|    ( QUESTION0_20_R 1 -5.735e+04 5.521e+02 2.587e+02
|        ( - -1.501e+04 1 0)
|        ( QUESTION6 1 -4.178e+04 4.685e+02 1.867e+02
|            ( - 2.421e+02 1 0)
|            ( QUESTION0_5_R 1 -4.156e+04 4.617e+02 1.857e+02
|                ( - -2.169e+04 1 0)
|                ( QUESTION0_8_R 1 -1.941e+04 3.449e+02 8.654e+01
|                    ( - -4.867e+03 1 0)
|                    ( QUESTION16 -1 -1.420e+04 4.600e+02 6.447e+01
|                        ( - 2.119e+02 1 0)
|                        ( - -1.395e+04 12 0 WDBNDRY_E 0 2.778e+02 6.347e+01)))))))
s>    ( QUESTION12 1 -8.021e+04 7.454e+02 3.594e+02
s>        ( QUESTION16 -1 -2.212e+04 4.380e+02 1.008e+02
s>            ( - 2.186e+02 1 0)
s>            ( - -2.190e+04 5 0 WDBNDRY_E 0 1.839e+02 9.976e+01))
s>        ( QUESTION0_20_R 1 -5.735e+04 5.521e+02 2.587e+02
s>            ( - -1.501e+04 1 0)
s>            ( QUESTION6 1 -4.178e+04 4.685e+02 1.867e+02
s>                ( - 2.421e+02 1 0)
s>                ( QUESTION0_5_R 1 -4.156e+04 4.617e+02 1.857e+02
s>                    ( - -2.169e+04 1 0)
s>                    ( QUESTION0_8_R 1 -1.941e+04 3.449e+02 8.654e+01
s>                        ( - -4.867e+03 1 0)
s>                        ( QUESTION16 -1 -1.420e+04 4.600e+02 6.447e+01
s>                            ( - 2.119e+02 1 0)
s>                            ( - -1.395e+04 12 0 WDBNDRY_E 0 2.778e+02 6.347e+01)))))))INFO: dtree.c(1315): Comp split 3
INFO: dtree.c(1478): Final simple tree
|( QUESTION15 -1 -6.550e+05 5.907e+02 2.965e+03
|    ( QUESTION20 1 -4.333e+05 6.023e+02 1.958e+03
|        ( WDBNDRY_B 0 -1.425e+05 2.401e+02 6.475e+02
|            ( - -1.382e+05 3 0 QUESTION16 -1 1.433e+02 6.285e+02)
|            ( - -4.053e+03 1 0))
|        ( QUESTION16 -1 -2.902e+05 3.496e+02 1.310e+03
|            ( - -2.052e+05 2 0)
|            ( - -8.467e+04 2 0 WDBNDRY_B 0 1.829e+02 3.798e+02)))
|    ( QUESTION2_0_L -1 -2.211e+05 4.632e+02 1.007e+03
|        ( - -5.416e+04 2 0 QUESTION20 1 1.570e+02 2.530e+02)
|        ( QUESTION20 1 -1.665e+05 3.502e+02 7.543e+02
|            ( - -5.594e+04 6 0 QUESTION2_14_L -1 1.931e+02 2.532e+02)
|            ( QUESTION2_14_L -1 -1.102e+05 3.153e+02 5.011e+02
|                ( - -1.593e+04 2 0 QUESTION0 -1 1.614e+02 7.171e+01)
|                ( - -9.399e+04 5 0 QUESTION0 -1 1.683e+02 4.294e+02)))))
s>    ( QUESTION15 -1 -6.550e+05 5.907e+02 2.965e+03
s>        ( QUESTION20 1 -4.333e+05 6.023e+02 1.958e+03
s>            ( WDBNDRY_B 0 -1.425e+05 2.401e+02 6.475e+02
s>                ( - -1.382e+05 3 0 QUESTION16 -1 1.433e+02 6.285e+02)
s>                ( - -4.053e+03 1 0))
s>            ( QUESTION16 -1 -2.902e+05 3.496e+02 1.310e+03
s>                ( - -2.052e+05 2 0)
s>                ( - -8.467e+04 2 0 WDBNDRY_B 0 1.829e+02 3.798e+02)))
s>        ( QUESTION2_0_L -1 -2.211e+05 4.632e+02 1.007e+03
s>            ( - -5.416e+04 2 0 QUESTION20 1 1.570e+02 2.530e+02)
s>            ( QUESTION20 1 -1.665e+05 3.502e+02 7.543e+02
s>                ( - -5.594e+04 6 0 QUESTION2_14_L -1 1.931e+02 2.532e+02)
s>                ( QUESTION2_14_L -1 -1.102e+05 3.153e+02 5.011e+02
s>                    ( - -1.593e+04 2 0 QUESTION0 -1 1.614e+02 7.171e+01)
s>                    ( - -9.399e+04 5 0 QUESTION0 -1 1.683e+02 4.294e+02)))))INFO: dtree.c(1478): Final simple tree
|( QUESTION2_13_L -1 -7.495e+05 1.200e+03 3.365e+03
|    ( QUESTION0_14_R 1 -4.753e+05 7.315e+02 2.156e+03
|        ( - -8.381e+04 3 0 QUESTION16 -1 2.577e+02 3.855e+02)
|        ( QUESTION20 -1 -3.907e+05 5.917e+02 1.771e+03
|            ( - -7.368e+04 2 0 QUESTION20 1 3.403e+02 3.336e+02)
|            ( QUESTION14 -1 -3.164e+05 4.283e+02 1.437e+03
|                ( - -6.362e+04 5 0 WDBNDRY_B 0 2.658e+02 2.911e+02)
|                ( - -2.524e+05 7 0 QUESTION14 1 3.177e+02 1.146e+03))))
|    ( WDBNDRY_B 0 -2.731e+05 8.557e+02 1.208e+03
|        ( QUESTION6 -1 -2.619e+05 5.032e+02 1.162e+03
|            ( - -1.142e+04 2 0 QUESTION20 1 2.154e+02 5.402e+01)
|            ( QUESTION3 -1 -2.500e+05 4.323e+02 1.108e+03
|                ( - -4.078e+04 3 0 QUESTION20 1 2.710e+02 1.847e+02)
|                ( - -2.088e+05 14 0 QUESTION2_12_L -1 3.880e+02 9.238e+02)))
|        ( - -1.031e+04 1 0)))
s>    ( QUESTION2_13_L -1 -7.495e+05 1.200e+03 3.365e+03
s>        ( QUESTION0_14_R 1 -4.753e+05 7.315e+02 2.156e+03
s>            ( - -8.381e+04 3 0 QUESTION16 -1 2.577e+02 3.855e+02)
s>            ( QUESTION20 -1 -3.907e+05 5.917e+02 1.771e+03
s>                ( - -7.368e+04 2 0 QUESTION20 1 3.403e+02 3.336e+02)
s>                ( QUESTION14 -1 -3.164e+05 4.283e+02 1.437e+03
s>                    ( - -6.362e+04 5 0 WDBNDRY_B 0 2.658e+02 2.911e+02)
s>                    ( - -2.524e+05 7 0 QUESTION14 1 3.177e+02 1.146e+03))))
s>        ( WDBNDRY_B 0 -2.731e+05 8.557e+02 1.208e+03
s>            ( QUESTION6 -1 -2.619e+05 5.032e+02 1.162e+03
s>                ( - -1.142e+04 2 0 QUESTION20 1 2.154e+02 5.402e+01)
s>                ( QUESTION3 -1 -2.500e+05 4.323e+02 1.108e+03
s>                    ( - -4.078e+04 3 0 QUESTION20 1 2.710e+02 1.847e+02)
s>                    ( - -2.088e+05 14 0 QUESTION2_12_L -1 3.880e+02 9.238e+02)))
s>            ( - -1.031e+04 1 0)))INFO: dtree.c(1315): Comp split 4
INFO: dtree.c(1478): Final simple tree
|( QUESTION0 -1 -3.924e+05 7.641e+02 1.794e+03
|    ( QUESTION20 1 -1.063e+05 6.363e+02 4.777e+02
|        ( QUESTION2_7_L -1 -6.347e+04 3.728e+02 2.839e+02
|            ( - -1.379e+04 1 0)
|            ( QUESTION3 -1 -4.931e+04 3.459e+02 2.211e+02
|                ( QUESTION4 -1 -1.246e+04 2.954e+02 5.856e+01
|                    ( - -4.846e+03 1 0)
|                    ( - -7.315e+03 1 0))
|                ( - -3.651e+04 5 0 QUESTION1 -1 2.084e+02 1.625e+02)))
|        ( QUESTION2_6_L -1 -4.222e+04 2.389e+02 1.938e+02
|            ( - -8.469e+02 1 0)
|            ( QUESTION2 -1 -4.114e+04 2.402e+02 1.888e+02
|                ( - -3.774e+04 1 0)
|                ( - -3.152e+03 2 0 QUESTION4 -1 1.971e+02 1.503e+01))))
|    ( - -2.853e+05 2 0))
s>    ( QUESTION0 -1 -3.924e+05 7.641e+02 1.794e+03
s>        ( QUESTION20 1 -1.063e+05 6.363e+02 4.777e+02
s>            ( QUESTION2_7_L -1 -6.347e+04 3.728e+02 2.839e+02
s>                ( - -1.379e+04 1 0)
s>                ( QUESTION3 -1 -4.931e+04 3.459e+02 2.211e+02
s>                    ( QUESTION4 -1 -1.246e+04 2.954e+02 5.856e+01
s>                        ( - -4.846e+03 1 0)
s>                        ( - -7.315e+03 1 0))
s>                    ( - -3.651e+04 5 0 QUESTION1 -1 2.084e+02 1.625e+02)))
s>            ( QUESTION2_6_L -1 -4.222e+04 2.389e+02 1.938e+02
s>                ( - -8.469e+02 1 0)
s>                ( QUESTION2 -1 -4.114e+04 2.402e+02 1.888e+02
s>                    ( - -3.774e+04 1 0)
s>                    ( - -3.152e+03 2 0 QUESTION4 -1 1.971e+02 1.503e+01))))
s>        ( - -2.853e+05 2 0))INFO: dtree.c(1478): Final simple tree
|( QUESTION20 -1 -5.791e+05 9.981e+02 2.717e+03
|    ( - -9.804e+04 3 0 QUESTION20 1 3.310e+02 4.684e+02)
|    ( QUESTION15 -1 -4.801e+05 9.275e+02 2.248e+03
|        ( - -2.078e+05 2 0 QUESTION18 -1 2.325e+02 9.740e+02)
|        ( QUESTION10 -1 -2.713e+05 5.236e+02 1.274e+03
|            ( QUESTION11 -1 -1.187e+05 4.209e+02 5.531e+02
|                ( QUESTION20 1 -2.850e+04 3.482e+02 1.303e+02
|                    ( - -2.527e+04 1 0)
|                    ( - -2.884e+03 1 0))
|                ( - -8.973e+04 5 0 QUESTION20 1 1.919e+02 4.228e+02))
|            ( WDBNDRY_E 0 -1.522e+05 4.534e+02 7.212e+02
|                ( - 2.425e+02 1 0)
|                ( QUESTION2_17_L -1 -1.520e+05 4.528e+02 7.202e+02
|                    ( - 2.414e+02 1 0)
|                    ( - -1.517e+05 7 0 QUESTION20 1 3.094e+02 7.192e+02))))))
s>    ( QUESTION20 -1 -5.791e+05 9.981e+02 2.717e+03
s>        ( - -9.804e+04 3 0 QUESTION20 1 3.310e+02 4.684e+02)
s>        ( QUESTION15 -1 -4.801e+05 9.275e+02 2.248e+03
s>            ( - -2.078e+05 2 0 QUESTION18 -1 2.325e+02 9.740e+02)
s>            ( QUESTION10 -1 -2.713e+05 5.236e+02 1.274e+03
s>                ( QUESTION11 -1 -1.187e+05 4.209e+02 5.531e+02
s>                    ( QUESTION20 1 -2.850e+04 3.482e+02 1.303e+02
s>                        ( - -2.527e+04 1 0)
s>                        ( - -2.884e+03 1 0))
s>                    ( - -8.973e+04 5 0 QUESTION20 1 1.919e+02 4.228e+02))
s>                ( WDBNDRY_E 0 -1.522e+05 4.534e+02 7.212e+02
s>                    ( - 2.425e+02 1 0)
s>                    ( QUESTION2_17_L -1 -1.520e+05 4.528e+02 7.202e+02
s>                        ( - 2.414e+02 1 0)
s>                        ( - -1.517e+05 7 0 QUESTION20 1 3.094e+02 7.192e+02))))))INFO: dtree.c(1315): Comp split 5
INFO: dtree.c(1478): Final simple tree
|( WDBNDRY_E 0 -8.224e+04 1.034e+03 3.703e+02
|    ( - -1.905e+04 1 0)
|    ( QUESTION2_20_L -1 -6.215e+04 7.390e+02 2.834e+02
|        ( QUESTION14 -1 -2.413e+04 1.941e+02 1.138e+02
|            ( - -2.320e+04 2 0)
|            ( - -7.308e+02 1 0))
|        ( QUESTION14 -1 -3.729e+04 4.837e+02 1.696e+02
|            ( - -2.040e+04 1 0)
|            ( QUESTION19 -1 -1.640e+04 2.298e+02 7.409e+01
|                ( - -9.639e+02 1 0)
|                ( QUESTION2_6_L -1 -1.520e+04 2.025e+02 6.909e+01
|                    ( - -9.587e+02 1 0)
|                    ( QUESTION1 -1 -1.404e+04 4.896e+02 6.409e+01
|                        ( - 2.419e+02 1 0)
|                        ( - -1.380e+04 2 0 QUESTION0 -1 1.862e+02 6.309e+01)))))))
s>    ( WDBNDRY_E 0 -8.224e+04 1.034e+03 3.703e+02
s>        ( - -1.905e+04 1 0)
s>        ( QUESTION2_20_L -1 -6.215e+04 7.390e+02 2.834e+02
s>            ( QUESTION14 -1 -2.413e+04 1.941e+02 1.138e+02
s>                ( - -2.320e+04 2 0)
s>                ( - -7.308e+02 1 0))
s>            ( QUESTION14 -1 -3.729e+04 4.837e+02 1.696e+02
s>                ( - -2.040e+04 1 0)
s>                ( QUESTION19 -1 -1.640e+04 2.298e+02 7.409e+01
s>                    ( - -9.639e+02 1 0)
s>                    ( QUESTION2_6_L -1 -1.520e+04 2.025e+02 6.909e+01
s>                        ( - -9.587e+02 1 0)
s>                        ( QUESTION1 -1 -1.404e+04 4.896e+02 6.409e+01
s>                            ( - 2.419e+02 1 0)
s>                            ( - -1.380e+04 2 0 QUESTION0 -1 1.862e+02 6.309e+01)))))))INFO: dtree.c(1439): stop. leaf nodes are specific
INFO: dtree.c(1478): Final simple tree
|( QUESTION11 -1 -1.369e+05 2.721e+02 6.199e+02
|    ( - -1.997e+04 2 0)
|    ( WDBNDRY_B 0 -1.166e+05 2.060e+02 5.270e+02
|        ( - -1.589e+04 1 0)
|        ( QUESTION4 -1 -1.005e+05 1.991e+02 4.533e+02
|            ( - -2.254e+02 1 0)
|            ( QUESTION1 -1 -1.001e+05 1.655e+02 4.513e+02
|                ( - -1.274e+03 1 0)
|                ( - -9.868e+04 4 0)))))
s>    ( QUESTION11 -1 -1.369e+05 2.721e+02 6.199e+02
s>        ( - -1.997e+04 2 0)
s>        ( WDBNDRY_B 0 -1.166e+05 2.060e+02 5.270e+02
s>            ( - -1.589e+04 1 0)
s>            ( QUESTION4 -1 -1.005e+05 1.991e+02 4.533e+02
s>                ( - -2.254e+02 1 0)
s>                ( QUESTION1 -1 -1.001e+05 1.655e+02 4.513e+02
s>                    ( - -1.274e+03 1 0)
s>                    ( - -9.868e+04 4 0)))))INFO: dtree.c(1315): Comp split 6
INFO: dtree.c(1478): Final simple tree
|( QUESTION0_14_R 1 -4.871e+05 7.423e+02 2.210e+03
|    ( - -8.381e+04 3 0 QUESTION16 -1 2.577e+02 3.855e+02)
|    ( QUESTION20 -1 -4.025e+05 5.755e+02 1.825e+03
|        ( QUESTION20 1 -7.368e+04 3.403e+02 3.336e+02
|            ( - -2.056e+04 1 0)
|            ( - -5.278e+04 1 0))
|        ( QUESTION1 -1 -3.283e+05 4.290e+02 1.491e+03
|            ( - -1.142e+04 2 0 QUESTION20 1 2.154e+02 5.402e+01)
|            ( QUESTION14 -1 -3.164e+05 4.283e+02 1.437e+03
|                ( - -6.362e+04 5 0 WDBNDRY_B 0 2.658e+02 2.911e+02)
|                ( QUESTION14 1 -2.524e+05 3.177e+02 1.146e+03
|                    ( QUESTION16 -1 -3.293e+04 4.454e+02 1.507e+02
|                        ( - -1.308e+04 1 0)
|                        ( - -1.941e+04 1 0))
|                    ( - -2.191e+05 5 0 QUESTION16 -1 3.039e+02 9.957e+02))))))
s>    ( QUESTION0_14_R 1 -4.871e+05 7.423e+02 2.210e+03
s>        ( - -8.381e+04 3 0 QUESTION16 -1 2.577e+02 3.855e+02)
s>        ( QUESTION20 -1 -4.025e+05 5.755e+02 1.825e+03
s>            ( QUESTION20 1 -7.368e+04 3.403e+02 3.336e+02
s>                ( - -2.056e+04 1 0)
s>                ( - -5.278e+04 1 0))
s>            ( QUESTION1 -1 -3.283e+05 4.290e+02 1.491e+03
s>                ( - -1.142e+04 2 0 QUESTION20 1 2.154e+02 5.402e+01)
s>                ( QUESTION14 -1 -3.164e+05 4.283e+02 1.437e+03
s>                    ( - -6.362e+04 5 0 WDBNDRY_B 0 2.658e+02 2.911e+02)
s>                    ( QUESTION14 1 -2.524e+05 3.177e+02 1.146e+03
s>                        ( QUESTION16 -1 -3.293e+04 4.454e+02 1.507e+02
s>                            ( - -1.308e+04 1 0)
s>                            ( - -1.941e+04 1 0))
s>                        ( - -2.191e+05 5 0 QUESTION16 -1 3.039e+02 9.957e+02))))))INFO: dtree.c(1478): Final simple tree
|( WDBNDRY_B 0 -2.611e+05 8.494e+02 1.154e+03
|    ( QUESTION3 -1 -2.500e+05 4.323e+02 1.108e+03
|        ( QUESTION20 1 -4.078e+04 2.710e+02 1.847e+02
|            ( - -2.172e+03 1 0)
|            ( QUESTION4 -1 -3.834e+04 2.578e+02 1.737e+02
|                ( - -2.145e+04 1 0)
|                ( - -1.663e+04 1 0)))
|        ( QUESTION2_12_L -1 -2.088e+05 3.880e+02 9.238e+02
|            ( QUESTION20 1 -5.498e+04 3.054e+02 2.440e+02
|                ( - -1.027e+04 4 0 QUESTION0 -1 1.201e+02 4.708e+01)
|                ( - -4.440e+04 4 0 QUESTION0 -1 1.782e+02 1.969e+02))
|            ( QUESTION20 1 -1.534e+05 2.456e+02 6.798e+02
|                ( - -1.083e+04 3 0 QUESTION1 -1 2.717e+02 4.780e+01)
|                ( - -1.423e+05 3 0 SILENCE -1 1.789e+02 6.320e+02))))
|    ( - -1.031e+04 1 0))
s>    ( WDBNDRY_B 0 -2.611e+05 8.494e+02 1.154e+03
s>        ( QUESTION3 -1 -2.500e+05 4.323e+02 1.108e+03
s>            ( QUESTION20 1 -4.078e+04 2.710e+02 1.847e+02
s>                ( - -2.172e+03 1 0)
s>                ( QUESTION4 -1 -3.834e+04 2.578e+02 1.737e+02
s>                    ( - -2.145e+04 1 0)
s>                    ( - -1.663e+04 1 0)))
s>            ( QUESTION2_12_L -1 -2.088e+05 3.880e+02 9.238e+02
s>                ( QUESTION20 1 -5.498e+04 3.054e+02 2.440e+02
s>                    ( - -1.027e+04 4 0 QUESTION0 -1 1.201e+02 4.708e+01)
s>                    ( - -4.440e+04 4 0 QUESTION0 -1 1.782e+02 1.969e+02))
s>                ( QUESTION20 1 -1.534e+05 2.456e+02 6.798e+02
s>                    ( - -1.083e+04 3 0 QUESTION1 -1 2.717e+02 4.780e+01)
s>                    ( - -1.423e+05 3 0 SILENCE -1 1.789e+02 6.320e+02))))
s>        ( - -1.031e+04 1 0))INFO: dtree.c(1315): Comp split 7
INFO: dtree.c(1439): stop. leaf nodes are specific
INFO: dtree.c(1478): Final simple tree
|( WDBNDRY_E 0 -4.027e+04 5.643e+02 1.835e+02
|    ( - -1.905e+04 1 0)
|    ( QUESTION0 -1 -2.065e+04 4.910e+02 9.652e+01
|        ( - 2.419e+02 1 0)
|        ( - -2.040e+04 1 0)))
s>    ( WDBNDRY_E 0 -4.027e+04 5.643e+02 1.835e+02
s>        ( - -1.905e+04 1 0)
s>        ( QUESTION0 -1 -2.065e+04 4.910e+02 9.652e+01
s>            ( - 2.419e+02 1 0)
s>            ( - -2.040e+04 1 0)))INFO: dtree.c(1439): stop. leaf nodes are specific
INFO: dtree.c(1478): Final simple tree
|( QUESTION14 -1 -4.079e+04 5.215e+02 1.869e+02
|    ( - -2.320e+04 2 0)
|    ( QUESTION18 -1 -1.706e+04 2.298e+02 7.709e+01
|        ( - -1.203e+04 1 0)
|        ( QUESTION0 -1 -4.803e+03 2.285e+02 2.200e+01
|            ( QUESTION1 -1 -2.717e+03 1.772e+02 1.300e+01
|                ( - -9.587e+02 1 0)
|                ( - -1.582e+03 1 0))
|            ( QUESTION16 -1 -1.857e+03 1.626e+02 9.000e+00
|                ( - -7.308e+02 1 0)
|                ( - -9.639e+02 1 0)))))
s>    ( QUESTION14 -1 -4.079e+04 5.215e+02 1.869e+02
s>        ( - -2.320e+04 2 0)
s>        ( QUESTION18 -1 -1.706e+04 2.298e+02 7.709e+01
s>            ( - -1.203e+04 1 0)
s>            ( QUESTION0 -1 -4.803e+03 2.285e+02 2.200e+01
s>                ( QUESTION1 -1 -2.717e+03 1.772e+02 1.300e+01
s>                    ( - -9.587e+02 1 0)
s>                    ( - -1.582e+03 1 0))
s>                ( QUESTION16 -1 -1.857e+03 1.626e+02 9.000e+00
s>                    ( - -7.308e+02 1 0)
s>                    ( - -9.639e+02 1 0)))))INFO: dtree.c(1315): Comp split 8
INFO: dtree.c(1439): stop. leaf nodes are specific
INFO: dtree.c(1478): Final simple tree
|( WDBNDRY_E 0 -2.080e+05 4.509e+02 9.750e+02
|    ( - 2.425e+02 1 0)
|    ( QUESTION18 -1 -2.078e+05 2.325e+02 9.740e+02
|        ( - -9.608e+02 1 0)
|        ( - -2.066e+05 1 0)))
s>    ( WDBNDRY_E 0 -2.080e+05 4.509e+02 9.750e+02
s>        ( - 2.425e+02 1 0)
s>        ( QUESTION18 -1 -2.078e+05 2.325e+02 9.740e+02
s>            ( - -9.608e+02 1 0)
s>            ( - -2.066e+05 1 0)))INFO: dtree.c(1478): Final simple tree
|( QUESTION15 -1 -3.701e+05 9.285e+02 1.742e+03
|    ( QUESTION20 1 -9.804e+04 3.310e+02 4.684e+02
|        ( - -8.834e+04 1 0)
|        ( - -9.375e+03 2 0 QUESTION0_14_R 1 1.707e+02 4.356e+01))
|    ( QUESTION0 -1 -2.711e+05 5.225e+02 1.273e+03
|        ( QUESTION11 -1 -1.187e+05 4.209e+02 5.531e+02
|            ( QUESTION20 1 -2.850e+04 3.482e+02 1.303e+02
|                ( - -2.527e+04 1 0)
|                ( - -2.884e+03 1 0))
|            ( - -8.973e+04 5 0 QUESTION20 1 1.919e+02 4.228e+02))
|        ( QUESTION2_17_L -1 -1.520e+05 4.528e+02 7.202e+02
|            ( - 2.414e+02 1 0)
|            ( QUESTION20 1 -1.517e+05 3.094e+02 7.192e+02
|                ( - -1.422e+05 5 0 QUESTION2_14_L -1 1.921e+02 6.738e+02)
|                ( - -9.232e+03 2 0 QUESTION2_15_L -1 1.931e+02 4.541e+01)))))
s>    ( QUESTION15 -1 -3.701e+05 9.285e+02 1.742e+03
s>        ( QUESTION20 1 -9.804e+04 3.310e+02 4.684e+02
s>            ( - -8.834e+04 1 0)
s>            ( - -9.375e+03 2 0 QUESTION0_14_R 1 1.707e+02 4.356e+01))
s>        ( QUESTION0 -1 -2.711e+05 5.225e+02 1.273e+03
s>            ( QUESTION11 -1 -1.187e+05 4.209e+02 5.531e+02
s>                ( QUESTION20 1 -2.850e+04 3.482e+02 1.303e+02
s>                    ( - -2.527e+04 1 0)
s>                    ( - -2.884e+03 1 0))
s>                ( - -8.973e+04 5 0 QUESTION20 1 1.919e+02 4.228e+02))
s>            ( QUESTION2_17_L -1 -1.520e+05 4.528e+02 7.202e+02
s>                ( - 2.414e+02 1 0)
s>                ( QUESTION20 1 -1.517e+05 3.094e+02 7.192e+02
s>                    ( - -1.422e+05 5 0 QUESTION2_14_L -1 1.921e+02 6.738e+02)
s>                    ( - -9.232e+03 2 0 QUESTION2_15_L -1 1.931e+02 4.541e+01)))))INFO: dtree.c(1315): Comp split 9
INFO: dtree.c(1478): Final simple tree
|( QUESTION2_7_L -1 -6.680e+04 3.782e+02 2.989e+02
|    ( - -1.379e+04 1 0)
|    ( QUESTION3 -1 -5.263e+04 3.624e+02 2.361e+02
|        ( QUESTION4 -1 -1.576e+04 2.304e+02 7.359e+01
|            ( - -7.279e+03 2 0 QUESTION20 1 1.979e+02 3.414e+01)
|            ( QUESTION20 1 -8.251e+03 2.163e+02 3.944e+01
|                ( - -7.315e+03 1 0)
|                ( - -7.200e+02 1 0)))
|        ( QUESTION1 -1 -3.651e+04 2.084e+02 1.625e+02
|            ( QUESTION2_6_L -1 -1.655e+04 2.774e+02 7.418e+01
|                ( - -1.313e+04 1 0)
|                ( - -3.140e+03 1 0))
|            ( QUESTION2_14_L -1 -1.976e+04 2.069e+02 8.833e+01
|                ( - -2.962e+02 1 0)
|                ( - -1.925e+04 2 0)))))
s>    ( QUESTION2_7_L -1 -6.680e+04 3.782e+02 2.989e+02
s>        ( - -1.379e+04 1 0)
s>        ( QUESTION3 -1 -5.263e+04 3.624e+02 2.361e+02
s>            ( QUESTION4 -1 -1.576e+04 2.304e+02 7.359e+01
s>                ( - -7.279e+03 2 0 QUESTION20 1 1.979e+02 3.414e+01)
s>                ( QUESTION20 1 -8.251e+03 2.163e+02 3.944e+01
s>                    ( - -7.315e+03 1 0)
s>                    ( - -7.200e+02 1 0)))
s>            ( QUESTION1 -1 -3.651e+04 2.084e+02 1.625e+02
s>                ( QUESTION2_6_L -1 -1.655e+04 2.774e+02 7.418e+01
s>                    ( - -1.313e+04 1 0)
s>                    ( - -3.140e+03 1 0))
s>                ( QUESTION2_14_L -1 -1.976e+04 2.069e+02 8.833e+01
s>                    ( - -2.962e+02 1 0)
s>                    ( - -1.925e+04 2 0)))))INFO: dtree.c(1439): stop. leaf nodes are specific
INFO: dtree.c(1478): Final simple tree
|( QUESTION0 -1 -3.246e+05 4.702e+02 1.495e+03
|    ( QUESTION2_6_L -1 -3.884e+04 2.492e+02 1.788e+02
|        ( - -8.469e+02 1 0)
|        ( - -3.774e+04 1 0))
|    ( - -2.853e+05 2 0))
s>    ( QUESTION0 -1 -3.246e+05 4.702e+02 1.495e+03
s>        ( QUESTION2_6_L -1 -3.884e+04 2.492e+02 1.788e+02
s>            ( - -8.469e+02 1 0)
s>            ( - -3.774e+04 1 0))
s>        ( - -2.853e+05 2 0))INFO: dtree.c(1315): Comp split 10
INFO: dtree.c(1439): stop. leaf nodes are specific
INFO: dtree.c(1478): Final simple tree
|( QUESTION14 -1 -8.855e+04 4.520e+02 4.258e+02
|    ( - 2.414e+02 1 0)
|    ( - -8.834e+04 1 0))
s>    ( QUESTION14 -1 -8.855e+04 4.520e+02 4.258e+02
s>        ( - 2.414e+02 1 0)
s>        ( - -8.834e+04 1 0))INFO: dtree.c(1478): Final simple tree
|( QUESTION14 -1 -2.806e+05 5.258e+02 1.316e+03
|    ( QUESTION20 1 -1.517e+05 3.094e+02 7.192e+02
|        ( QUESTION2_14_L -1 -1.422e+05 1.921e+02 6.738e+02
|            ( - -1.363e+03 1 0)
|            ( - -1.407e+05 4 0))
|        ( QUESTION2_15_L -1 -9.232e+03 1.931e+02 4.541e+01
|            ( - -2.928e+03 1 0)
|            ( - -6.111e+03 1 0)))
|    ( QUESTION11 -1 -1.283e+05 4.185e+02 5.966e+02
|        ( QUESTION20 1 -2.850e+04 3.482e+02 1.303e+02
|            ( - -2.527e+04 1 0)
|            ( - -2.884e+03 1 0))
|        ( QUESTION20 1 -9.938e+04 3.134e+02 4.663e+02
|            ( - -8.647e+04 3 0)
|            ( - -1.260e+04 4 0 QUESTION0 -1 1.564e+02 5.729e+01))))
s>    ( QUESTION14 -1 -2.806e+05 5.258e+02 1.316e+03
s>        ( QUESTION20 1 -1.517e+05 3.094e+02 7.192e+02
s>            ( QUESTION2_14_L -1 -1.422e+05 1.921e+02 6.738e+02
s>                ( - -1.363e+03 1 0)
s>                ( - -1.407e+05 4 0))
s>            ( QUESTION2_15_L -1 -9.232e+03 1.931e+02 4.541e+01
s>                ( - -2.928e+03 1 0)
s>                ( - -6.111e+03 1 0)))
s>        ( QUESTION11 -1 -1.283e+05 4.185e+02 5.966e+02
s>            ( QUESTION20 1 -2.850e+04 3.482e+02 1.303e+02
s>                ( - -2.527e+04 1 0)
s>                ( - -2.884e+03 1 0))
s>            ( QUESTION20 1 -9.938e+04 3.134e+02 4.663e+02
s>                ( - -8.647e+04 3 0)
s>                ( - -1.260e+04 4 0 QUESTION0 -1 1.564e+02 5.729e+01))))INFO: dtree.c(1315): Comp split 11
INFO: dtree.c(1439): stop. leaf nodes are specific
INFO: dtree.c(1478): Final simple tree
|( WDBNDRY_E 0 -3.727e+04 4.495e+02 1.721e+02
|    ( - 2.119e+02 1 0)
|    ( QUESTION0_0_R 1 -3.704e+04 3.412e+02 1.711e+02
|        ( - -2.169e+04 1 0)
|        ( - -1.501e+04 1 0)))
s>    ( WDBNDRY_E 0 -3.727e+04 4.495e+02 1.721e+02
s>        ( - 2.119e+02 1 0)
s>        ( QUESTION0_0_R 1 -3.704e+04 3.412e+02 1.711e+02
s>            ( - -2.169e+04 1 0)
s>            ( - -1.501e+04 1 0)))INFO: dtree.c(1478): Final simple tree
|( QUESTION12 1 -4.208e+04 5.717e+02 1.873e+02
|    ( QUESTION16 -1 -2.212e+04 4.380e+02 1.008e+02
|        ( - 2.186e+02 1 0)
|        ( WDBNDRY_E 0 -2.190e+04 1.839e+02 9.976e+01
|            ( - -5.426e+03 4 0 QUESTION0_2_R 1 1.217e+02 2.562e+01)
|            ( - -1.629e+04 1 0)))
|    ( QUESTION6 1 -1.939e+04 4.679e+02 8.654e+01
|        ( - 2.421e+02 1 0)
|        ( QUESTION0_8_R 1 -1.916e+04 3.464e+02 8.554e+01
|            ( - -4.867e+03 1 0)
|            ( WDBNDRY_E 0 -1.395e+04 2.778e+02 6.347e+01
|                ( QUESTION0_18_R 1 -8.088e+03 2.216e+02 3.649e+01
|                    ( - -4.509e+02 1 0)
|                    ( - -7.415e+03 10 0 QUESTION0_13_R 1 1.715e+02 3.349e+01))
|                ( - -5.585e+03 1 0)))))
s>    ( QUESTION12 1 -4.208e+04 5.717e+02 1.873e+02
s>        ( QUESTION16 -1 -2.212e+04 4.380e+02 1.008e+02
s>            ( - 2.186e+02 1 0)
s>            ( WDBNDRY_E 0 -2.190e+04 1.839e+02 9.976e+01
s>                ( - -5.426e+03 4 0 QUESTION0_2_R 1 1.217e+02 2.562e+01)
s>                ( - -1.629e+04 1 0)))
s>        ( QUESTION6 1 -1.939e+04 4.679e+02 8.654e+01
s>            ( - 2.421e+02 1 0)
s>            ( QUESTION0_8_R 1 -1.916e+04 3.464e+02 8.554e+01
s>                ( - -4.867e+03 1 0)
s>                ( WDBNDRY_E 0 -1.395e+04 2.778e+02 6.347e+01
s>                    ( QUESTION0_18_R 1 -8.088e+03 2.216e+02 3.649e+01
s>                        ( - -4.509e+02 1 0)
s>                        ( - -7.415e+03 10 0 QUESTION0_13_R 1 1.715e+02 3.349e+01))
s>                    ( - -5.585e+03 1 0)))))INFO: dtree.c(1315): Comp split 12
INFO: dtree.c(1478): Final simple tree
|( QUESTION3 -1 -2.500e+05 4.323e+02 1.108e+03
|    ( QUESTION20 1 -4.078e+04 2.710e+02 1.847e+02
|        ( - -2.172e+03 1 0)
|        ( QUESTION4 -1 -3.834e+04 2.578e+02 1.737e+02
|            ( - -2.145e+04 1 0)
|            ( - -1.663e+04 1 0)))
|    ( QUESTION2_12_L -1 -2.088e+05 3.880e+02 9.238e+02
|        ( QUESTION20 1 -5.498e+04 3.054e+02 2.440e+02
|            ( - -1.027e+04 4 0 QUESTION0 -1 1.201e+02 4.708e+01)
|            ( - -4.440e+04 4 0 QUESTION0 -1 1.782e+02 1.969e+02))
|        ( QUESTION20 1 -1.534e+05 2.456e+02 6.798e+02
|            ( QUESTION1 -1 -1.083e+04 2.717e+02 4.780e+01
|                ( - -2.172e+02 1 0)
|                ( - -1.034e+04 2 0 SILENCE -1 1.032e+02 4.580e+01))
|            ( - -1.423e+05 3 0 SILENCE -1 1.789e+02 6.320e+02))))
s>    ( QUESTION3 -1 -2.500e+05 4.323e+02 1.108e+03
s>        ( QUESTION20 1 -4.078e+04 2.710e+02 1.847e+02
s>            ( - -2.172e+03 1 0)
s>            ( QUESTION4 -1 -3.834e+04 2.578e+02 1.737e+02
s>                ( - -2.145e+04 1 0)
s>                ( - -1.663e+04 1 0)))
s>        ( QUESTION2_12_L -1 -2.088e+05 3.880e+02 9.238e+02
s>            ( QUESTION20 1 -5.498e+04 3.054e+02 2.440e+02
s>                ( - -1.027e+04 4 0 QUESTION0 -1 1.201e+02 4.708e+01)
s>                ( - -4.440e+04 4 0 QUESTION0 -1 1.782e+02 1.969e+02))
s>            ( QUESTION20 1 -1.534e+05 2.456e+02 6.798e+02
s>                ( QUESTION1 -1 -1.083e+04 2.717e+02 4.780e+01
s>                    ( - -2.172e+02 1 0)
s>                    ( - -1.034e+04 2 0 SILENCE -1 1.032e+02 4.580e+01))
s>                ( - -1.423e+05 3 0 SILENCE -1 1.789e+02 6.320e+02))))INFO: dtree.c(1315): Comp split 13
INFO: dtree.c(1439): stop. leaf nodes are specific
INFO: dtree.c(1478): Final simple tree
|( QUESTION0 -1 -6.452e+04 3.177e+02 2.953e+02
|    ( QUESTION20 1 -1.142e+04 2.154e+02 5.402e+01
|        ( - -1.445e+03 1 0)
|        ( - -9.761e+03 1 0))
|    ( - -5.278e+04 1 0))
s>    ( QUESTION0 -1 -6.452e+04 3.177e+02 2.953e+02
s>        ( QUESTION20 1 -1.142e+04 2.154e+02 5.402e+01
s>            ( - -1.445e+03 1 0)
s>            ( - -9.761e+03 1 0))
s>        ( - -5.278e+04 1 0))INFO: dtree.c(1478): Final simple tree
|( QUESTION0_14_R 1 -4.217e+05 6.447e+02 1.915e+03
|    ( QUESTION16 -1 -8.381e+04 2.577e+02 3.855e+02
|        ( - -1.185e+04 2 0)
|        ( - -7.170e+04 1 0))
|    ( QUESTION14 -1 -3.373e+05 4.184e+02 1.530e+03
|        ( WDBNDRY_B 0 -6.362e+04 2.658e+02 2.911e+02
|            ( - -2.236e+04 1 0)
|            ( - -4.100e+04 4 0))
|        ( QUESTION16 -1 -2.732e+05 3.569e+02 1.239e+03
|            ( QUESTION14 1 -1.306e+05 3.270e+02 5.921e+02
|                ( - -1.308e+04 1 0)
|                ( - -1.172e+05 2 0))
|            ( QUESTION14 1 -1.423e+05 4.566e+02 6.465e+02
|                ( - -1.941e+04 1 0)
|                ( - -1.224e+05 4 0 WDBNDRY_B 0 2.458e+02 5.564e+02)))))
s>    ( QUESTION0_14_R 1 -4.217e+05 6.447e+02 1.915e+03
s>        ( QUESTION16 -1 -8.381e+04 2.577e+02 3.855e+02
s>            ( - -1.185e+04 2 0)
s>            ( - -7.170e+04 1 0))
s>        ( QUESTION14 -1 -3.373e+05 4.184e+02 1.530e+03
s>            ( WDBNDRY_B 0 -6.362e+04 2.658e+02 2.911e+02
s>                ( - -2.236e+04 1 0)
s>                ( - -4.100e+04 4 0))
s>            ( QUESTION16 -1 -2.732e+05 3.569e+02 1.239e+03
s>                ( QUESTION14 1 -1.306e+05 3.270e+02 5.921e+02
s>                    ( - -1.308e+04 1 0)
s>                    ( - -1.172e+05 2 0))
s>                ( QUESTION14 1 -1.423e+05 4.566e+02 6.465e+02
s>                    ( - -1.941e+04 1 0)
s>                    ( - -1.224e+05 4 0 WDBNDRY_B 0 2.458e+02 5.564e+02)))))INFO: dtree.c(1315): Comp split 14
INFO: dtree.c(1439): stop. leaf nodes are specific
INFO: dtree.c(1478): Final simple tree
|( QUESTION16 -1 -3.063e+05 3.568e+02 1.382e+03
|    ( - -2.052e+05 2 0)
|    ( QUESTION15 -1 -1.008e+05 2.224e+02 4.515e+02
|        ( WDBNDRY_B 0 -8.467e+04 1.829e+02 3.798e+02
|            ( - -8.404e+04 1 0)
|            ( - -4.453e+02 1 0))
|        ( QUESTION0 -1 -1.593e+04 1.614e+02 7.171e+01
|            ( - -3.753e+03 1 0)
|            ( - -1.201e+04 1 0))))
s>    ( QUESTION16 -1 -3.063e+05 3.568e+02 1.382e+03
s>        ( - -2.052e+05 2 0)
s>        ( QUESTION15 -1 -1.008e+05 2.224e+02 4.515e+02
s>            ( WDBNDRY_B 0 -8.467e+04 1.829e+02 3.798e+02
s>                ( - -8.404e+04 1 0)
s>                ( - -4.453e+02 1 0))
s>            ( QUESTION0 -1 -1.593e+04 1.614e+02 7.171e+01
s>                ( - -3.753e+03 1 0)
s>                ( - -1.201e+04 1 0))))INFO: dtree.c(1478): Final simple tree
|( QUESTION20 1 -3.479e+05 5.763e+02 1.583e+03
|    ( QUESTION16 -1 -1.998e+05 3.148e+02 9.058e+02
|        ( - -1.290e+05 2 0)
|        ( QUESTION2_14_L -1 -7.050e+04 2.128e+02 3.181e+02
|            ( - -3.089e+04 2 0 QUESTION0 -1 1.262e+02 1.424e+02)
|            ( QUESTION14 -1 -3.940e+04 1.832e+02 1.757e+02
|                ( - -2.486e+04 4 0)
|                ( WDBNDRY_B 0 -1.436e+04 1.524e+02 6.489e+01
|                    ( - -1.015e+04 2 0 QUESTION0 -1 1.532e+02 4.589e+01)
|                    ( - -4.053e+03 1 0)))))
|    ( QUESTION2_0_L -1 -1.475e+05 4.438e+02 6.773e+02
|        ( - -5.304e+04 1 0)
|        ( QUESTION0 -1 -9.399e+04 1.683e+02 4.294e+02
|            ( - -1.359e+03 1 0)
|            ( - -9.246e+04 4 0))))
s>    ( QUESTION20 1 -3.479e+05 5.763e+02 1.583e+03
s>        ( QUESTION16 -1 -1.998e+05 3.148e+02 9.058e+02
s>            ( - -1.290e+05 2 0)
s>            ( QUESTION2_14_L -1 -7.050e+04 2.128e+02 3.181e+02
s>                ( - -3.089e+04 2 0 QUESTION0 -1 1.262e+02 1.424e+02)
s>                ( QUESTION14 -1 -3.940e+04 1.832e+02 1.757e+02
s>                    ( - -2.486e+04 4 0)
s>                    ( WDBNDRY_B 0 -1.436e+04 1.524e+02 6.489e+01
s>                        ( - -1.015e+04 2 0 QUESTION0 -1 1.532e+02 4.589e+01)
s>                        ( - -4.053e+03 1 0)))))
s>        ( QUESTION2_0_L -1 -1.475e+05 4.438e+02 6.773e+02
s>            ( - -5.304e+04 1 0)
s>            ( QUESTION0 -1 -9.399e+04 1.683e+02 4.294e+02
s>                ( - -1.359e+03 1 0)
s>                ( - -9.246e+04 4 0))))INFO: dtree.c(1315): Comp split 15
INFO: dtree.c(1439): stop. leaf nodes are specific
INFO: dtree.c(1478): Final simple tree
|( QUESTION16 -1 -2.732e+05 3.569e+02 1.239e+03
|    ( QUESTION14 1 -1.306e+05 3.270e+02 5.921e+02
|        ( - -1.308e+04 1 0)
|        ( - -1.172e+05 2 0))
|    ( QUESTION14 1 -1.423e+05 4.566e+02 6.465e+02
|        ( - -1.941e+04 1 0)
|        ( WDBNDRY_B 0 -1.224e+05 2.458e+02 5.564e+02
|            ( QUESTION18 -1 -2.751e+04 2.263e+02 1.221e+02
|                ( - -6.722e+03 1 0)
|                ( - -2.056e+04 1 0))
|            ( QUESTION0 -1 -9.467e+04 1.974e+02 4.343e+02
|                ( - -3.687e+04 1 0)
|                ( - -5.761e+04 1 0)))))
s>    ( QUESTION16 -1 -2.732e+05 3.569e+02 1.239e+03
s>        ( QUESTION14 1 -1.306e+05 3.270e+02 5.921e+02
s>            ( - -1.308e+04 1 0)
s>            ( - -1.172e+05 2 0))
s>        ( QUESTION14 1 -1.423e+05 4.566e+02 6.465e+02
s>            ( - -1.941e+04 1 0)
s>            ( WDBNDRY_B 0 -1.224e+05 2.458e+02 5.564e+02
s>                ( QUESTION18 -1 -2.751e+04 2.263e+02 1.221e+02
s>                    ( - -6.722e+03 1 0)
s>                    ( - -2.056e+04 1 0))
s>                ( QUESTION0 -1 -9.467e+04 1.974e+02 4.343e+02
s>                    ( - -3.687e+04 1 0)
s>                    ( - -5.761e+04 1 0)))))INFO: dtree.c(1439): stop. leaf nodes are specific
INFO: dtree.c(1478): Final simple tree
|( QUESTION17 -1 -1.478e+05 3.555e+02 6.765e+02
|    ( - -7.170e+04 1 0)
|    ( WDBNDRY_B 0 -7.571e+04 2.996e+02 3.462e+02
|        ( - -2.236e+04 1 0)
|        ( QUESTION0_14_R 1 -5.305e+04 2.052e+02 2.425e+02
|            ( - -1.185e+04 2 0)
|            ( - -4.100e+04 4 0))))
s>    ( QUESTION17 -1 -1.478e+05 3.555e+02 6.765e+02
s>        ( - -7.170e+04 1 0)
s>        ( WDBNDRY_B 0 -7.571e+04 2.996e+02 3.462e+02
s>            ( - -2.236e+04 1 0)
s>            ( QUESTION0_14_R 1 -5.305e+04 2.052e+02 2.425e+02
s>                ( - -1.185e+04 2 0)
s>                ( - -4.100e+04 4 0))))INFO: dtree.c(1315): Comp split 16
INFO: dtree.c(1439): stop. leaf nodes are specific
INFO: dtree.c(1478): Final simple tree
|( QUESTION14 -1 -1.620e+05 4.178e+02 7.422e+02
|    ( - -9.246e+04 4 0)
|    ( QUESTION2_0_L -1 -6.915e+04 2.053e+02 3.199e+02
|        ( QUESTION20 1 -5.416e+04 1.570e+02 2.530e+02
|            ( - -9.631e+02 1 0)
|            ( - -5.304e+04 1 0))
|        ( QUESTION0 -1 -1.478e+04 1.808e+02 6.689e+01
|            ( - -1.359e+03 1 0)
|            ( WDBNDRY_B 0 -1.324e+04 1.536e+02 5.989e+01
|                ( - -9.037e+03 1 0)
|                ( - -4.053e+03 1 0)))))
s>    ( QUESTION14 -1 -1.620e+05 4.178e+02 7.422e+02
s>        ( - -9.246e+04 4 0)
s>        ( QUESTION2_0_L -1 -6.915e+04 2.053e+02 3.199e+02
s>            ( QUESTION20 1 -5.416e+04 1.570e+02 2.530e+02
s>                ( - -9.631e+02 1 0)
s>                ( - -5.304e+04 1 0))
s>            ( QUESTION0 -1 -1.478e+04 1.808e+02 6.689e+01
s>                ( - -1.359e+03 1 0)
s>                ( WDBNDRY_B 0 -1.324e+04 1.536e+02 5.989e+01
s>                    ( - -9.037e+03 1 0)
s>                    ( - -4.053e+03 1 0)))))INFO: dtree.c(1439): stop. leaf nodes are specific
INFO: dtree.c(1478): Final simple tree
|( QUESTION14 -1 -1.853e+05 3.003e+02 8.409e+02
|    ( QUESTION2_14_L -1 -5.439e+04 1.921e+02 2.462e+02
|        ( - -2.934e+04 1 0)
|        ( - -2.486e+04 4 0))
|    ( QUESTION0 -1 -1.306e+05 1.230e+02 5.946e+02
|        ( - -1.424e+03 1 0)
|        ( - -1.290e+05 2 0)))
s>    ( QUESTION14 -1 -1.853e+05 3.003e+02 8.409e+02
s>        ( QUESTION2_14_L -1 -5.439e+04 1.921e+02 2.462e+02
s>            ( - -2.934e+04 1 0)
s>            ( - -2.486e+04 4 0))
s>        ( QUESTION0 -1 -1.306e+05 1.230e+02 5.946e+02
s>            ( - -1.424e+03 1 0)
s>            ( - -1.290e+05 2 0)))INFO: dtree.c(1315): Comp split 17
INFO: dtree.c(1478): Final simple tree
|( QUESTION0_8_R 1 -1.916e+04 3.464e+02 8.554e+01
|    ( - -4.867e+03 1 0)
|    ( WDBNDRY_E 0 -1.395e+04 2.778e+02 6.347e+01
|        ( QUESTION0_18_R 1 -8.088e+03 2.216e+02 3.649e+01
|            ( - -4.509e+02 1 0)
|            ( QUESTION0_13_R 1 -7.415e+03 1.715e+02 3.349e+01
|                ( - -3.400e+02 1 0)
|                ( QUESTION0_6_R 1 -6.904e+03 1.513e+02 3.149e+01
|                    ( - -3.008e+03 2 0 QUESTION0_7_R 1 1.181e+02 1.401e+01)
|                    ( QUESTION0 1 -3.744e+03 4.621e+02 1.748e+01
|                        ( - 2.414e+02 1 0)
|                        ( SILENCE 1 -3.524e+03 1.296e+02 1.648e+01
|                            ( - -5.311e+02 2 0 QUESTION0 -1 4.762e+02 3.000e+00)
|                            ( - -2.863e+03 4 0 QUESTION0 -1 1.186e+02 1.348e+01))))))
|        ( - -5.585e+03 1 0)))
s>    ( QUESTION0_8_R 1 -1.916e+04 3.464e+02 8.554e+01
s>        ( - -4.867e+03 1 0)
s>        ( WDBNDRY_E 0 -1.395e+04 2.778e+02 6.347e+01
s>            ( QUESTION0_18_R 1 -8.088e+03 2.216e+02 3.649e+01
s>                ( - -4.509e+02 1 0)
s>                ( QUESTION0_13_R 1 -7.415e+03 1.715e+02 3.349e+01
s>                    ( - -3.400e+02 1 0)
s>                    ( QUESTION0_6_R 1 -6.904e+03 1.513e+02 3.149e+01
s>                        ( - -3.008e+03 2 0 QUESTION0_7_R 1 1.181e+02 1.401e+01)
s>                        ( QUESTION0 1 -3.744e+03 4.621e+02 1.748e+01
s>                            ( - 2.414e+02 1 0)
s>                            ( SILENCE 1 -3.524e+03 1.296e+02 1.648e+01
s>                                ( - -5.311e+02 2 0 QUESTION0 -1 4.762e+02 3.000e+00)
s>                                ( - -2.863e+03 4 0 QUESTION0 -1 1.186e+02 1.348e+01))))))
s>            ( - -5.585e+03 1 0)))INFO: dtree.c(1439): stop. leaf nodes are specific
INFO: dtree.c(1478): Final simple tree
|( QUESTION0_1_R 1 -2.235e+04 4.666e+02 1.018e+02
|    ( QUESTION16 -1 -2.212e+04 4.380e+02 1.008e+02
|        ( - 2.186e+02 1 0)
|        ( WDBNDRY_E 0 -2.190e+04 1.839e+02 9.976e+01
|            ( QUESTION0_2_R 1 -5.426e+03 1.217e+02 2.562e+01
|                ( - -4.989e+03 3 0)
|                ( - -3.151e+02 1 0))
|            ( - -1.629e+04 1 0)))
|    ( - 2.421e+02 1 0))
s>    ( QUESTION0_1_R 1 -2.235e+04 4.666e+02 1.018e+02
s>        ( QUESTION16 -1 -2.212e+04 4.380e+02 1.008e+02
s>            ( - 2.186e+02 1 0)
s>            ( WDBNDRY_E 0 -2.190e+04 1.839e+02 9.976e+01
s>                ( QUESTION0_2_R 1 -5.426e+03 1.217e+02 2.562e+01
s>                    ( - -4.989e+03 3 0)
s>                    ( - -3.151e+02 1 0))
s>                ( - -1.629e+04 1 0)))
s>        ( - 2.421e+02 1 0))INFO: dtree.c(1315): Comp split 18
INFO: dtree.c(1439): stop. leaf nodes are specific
INFO: dtree.c(1478): Final simple tree
|( QUESTION0 -1 -2.065e+04 4.910e+02 9.652e+01
|    ( - 2.419e+02 1 0)
|    ( - -2.040e+04 1 0))
s>    ( QUESTION0 -1 -2.065e+04 4.910e+02 9.652e+01
s>        ( - 2.419e+02 1 0)
s>        ( - -2.040e+04 1 0))INFO: dtree.c(1315): Comp split 19
INFO: dtree.c(1439): stop. leaf nodes are specific
INFO: dtree.c(1478): Final simple tree
|( QUESTION2_14_L -1 -3.400e+04 2.052e+02 1.513e+02
|    ( - -2.962e+02 1 0)
|    ( QUESTION2 -1 -3.349e+04 1.976e+02 1.493e+02
|        ( - -1.313e+04 1 0)
|        ( QUESTION1 -1 -2.017e+04 1.940e+02 9.033e+01
|            ( - -7.200e+02 1 0)
|            ( - -1.925e+04 2 0))))
s>    ( QUESTION2_14_L -1 -3.400e+04 2.052e+02 1.513e+02
s>        ( - -2.962e+02 1 0)
s>        ( QUESTION2 -1 -3.349e+04 1.976e+02 1.493e+02
s>            ( - -1.313e+04 1 0)
s>            ( QUESTION1 -1 -2.017e+04 1.940e+02 9.033e+01
s>                ( - -7.200e+02 1 0)
s>                ( - -1.925e+04 2 0))))INFO: dtree.c(1439): stop. leaf nodes are specific
INFO: dtree.c(1478): Final simple tree
|( QUESTION2_7_L -1 -3.225e+04 2.824e+02 1.476e+02
|    ( - -1.379e+04 1 0)
|    ( QUESTION5 -1 -1.818e+04 2.349e+02 8.483e+01
|        ( - -7.315e+03 1 0)
|        ( QUESTION2 -1 -1.063e+04 2.105e+02 4.938e+01
|            ( - -3.140e+03 1 0)
|            ( QUESTION20 1 -7.279e+03 1.979e+02 3.414e+01
|                ( - -4.846e+03 1 0)
|                ( - -2.235e+03 1 0)))))
s>    ( QUESTION2_7_L -1 -3.225e+04 2.824e+02 1.476e+02
s>        ( - -1.379e+04 1 0)
s>        ( QUESTION5 -1 -1.818e+04 2.349e+02 8.483e+01
s>            ( - -7.315e+03 1 0)
s>            ( QUESTION2 -1 -1.063e+04 2.105e+02 4.938e+01
s>                ( - -3.140e+03 1 0)
s>                ( QUESTION20 1 -7.279e+03 1.979e+02 3.414e+01
s>                    ( - -4.846e+03 1 0)
s>                    ( - -2.235e+03 1 0)))))INFO: dtree.c(1315): Comp split 20
INFO: dtree.c(1439): stop. leaf nodes are specific
INFO: dtree.c(1478): Final simple tree
|( QUESTION11 -1 -1.298e+05 4.135e+02 6.036e+02
|    ( QUESTION20 1 -2.850e+04 3.482e+02 1.303e+02
|        ( - -2.527e+04 1 0)
|        ( - -2.884e+03 1 0))
|    ( QUESTION20 1 -1.009e+05 3.133e+02 4.733e+02
|        ( QUESTION0 -1 -8.801e+04 1.787e+02 4.161e+02
|            ( - -8.647e+04 3 0)
|            ( - -1.363e+03 1 0))
|        ( QUESTION0 -1 -1.260e+04 1.564e+02 5.729e+01
|            ( - -3.064e+03 2 0)
|            ( QUESTION0_14_R 1 -9.375e+03 1.707e+02 4.356e+01
|                ( - -7.420e+02 1 0)
|                ( - -8.462e+03 1 0)))))
s>    ( QUESTION11 -1 -1.298e+05 4.135e+02 6.036e+02
s>        ( QUESTION20 1 -2.850e+04 3.482e+02 1.303e+02
s>            ( - -2.527e+04 1 0)
s>            ( - -2.884e+03 1 0))
s>        ( QUESTION20 1 -1.009e+05 3.133e+02 4.733e+02
s>            ( QUESTION0 -1 -8.801e+04 1.787e+02 4.161e+02
s>                ( - -8.647e+04 3 0)
s>                ( - -1.363e+03 1 0))
s>            ( QUESTION0 -1 -1.260e+04 1.564e+02 5.729e+01
s>                ( - -3.064e+03 2 0)
s>                ( QUESTION0_14_R 1 -9.375e+03 1.707e+02 4.356e+01
s>                    ( - -7.420e+02 1 0)
s>                    ( - -8.462e+03 1 0)))))INFO: dtree.c(1439): stop. leaf nodes are specific
INFO: dtree.c(1478): Final simple tree
|( QUESTION20 1 -1.502e+05 3.106e+02 7.122e+02
|    ( - -1.407e+05 4 0)
|    ( QUESTION2_15_L -1 -9.232e+03 1.931e+02 4.541e+01
|        ( - -2.928e+03 1 0)
|        ( - -6.111e+03 1 0)))
s>    ( QUESTION20 1 -1.502e+05 3.106e+02 7.122e+02
s>        ( - -1.407e+05 4 0)
s>        ( QUESTION2_15_L -1 -9.232e+03 1.931e+02 4.541e+01
s>            ( - -2.928e+03 1 0)
s>            ( - -6.111e+03 1 0)))INFO: dtree.c(1315): Comp split 21
INFO: dtree.c(1439): stop. leaf nodes are specific
INFO: dtree.c(1478): Final simple tree
|( QUESTION0 -1 -1.496e+04 2.137e+02 6.809e+01
|    ( QUESTION1 -1 -2.717e+03 1.772e+02 1.300e+01
|        ( - -9.587e+02 1 0)
|        ( - -1.582e+03 1 0))
|    ( - -1.203e+04 1 0))
s>    ( QUESTION0 -1 -1.496e+04 2.137e+02 6.809e+01
s>        ( QUESTION1 -1 -2.717e+03 1.772e+02 1.300e+01
s>            ( - -9.587e+02 1 0)
s>            ( - -1.582e+03 1 0))
s>        ( - -1.203e+04 1 0))INFO: dtree.c(1439): stop. leaf nodes are specific
INFO: dtree.c(1478): Final simple tree
|( QUESTION14 -1 -2.530e+04 2.422e+02 1.188e+02
|    ( - -2.320e+04 2 0)
|    ( QUESTION16 -1 -1.857e+03 1.626e+02 9.000e+00
|        ( - -7.308e+02 1 0)
|        ( - -9.639e+02 1 0)))
s>    ( QUESTION14 -1 -2.530e+04 2.422e+02 1.188e+02
s>        ( - -2.320e+04 2 0)
s>        ( QUESTION16 -1 -1.857e+03 1.626e+02 9.000e+00
s>            ( - -7.308e+02 1 0)
s>            ( - -9.639e+02 1 0)))INFO: dtree.c(1315): Comp split 22
INFO: dtree.c(1439): stop. leaf nodes are specific
INFO: dtree.c(1478): Final simple tree
|( QUESTION0 -1 -2.864e+05 2.152e+02 1.321e+03
|    ( - -8.469e+02 1 0)
|    ( - -2.853e+05 2 0))
s>    ( QUESTION0 -1 -2.864e+05 2.152e+02 1.321e+03
s>        ( - -8.469e+02 1 0)
s>        ( - -2.853e+05 2 0))INFO: dtree.c(1315): Comp split 23
INFO: dtree.c(1439): stop. leaf nodes are specific
INFO: dtree.c(1478): Final simple tree
|( QUESTION1 -1 -8.359e+04 3.821e+02 3.726e+02
|    ( QUESTION5 -1 -3.881e+04 2.572e+02 1.757e+02
|        ( - -1.663e+04 1 0)
|        ( QUESTION2 -1 -2.192e+04 2.538e+02 9.981e+01
|            ( - -2.172e+02 1 0)
|            ( - -2.145e+04 1 0)))
|    ( QUESTION0 -1 -4.440e+04 1.782e+02 1.969e+02
|        ( - -4.370e+04 3 0)
|        ( - -5.193e+02 1 0)))
s>    ( QUESTION1 -1 -8.359e+04 3.821e+02 3.726e+02
s>        ( QUESTION5 -1 -3.881e+04 2.572e+02 1.757e+02
s>            ( - -1.663e+04 1 0)
s>            ( QUESTION2 -1 -2.192e+04 2.538e+02 9.981e+01
s>                ( - -2.172e+02 1 0)
s>                ( - -2.145e+04 1 0)))
s>        ( QUESTION0 -1 -4.440e+04 1.782e+02 1.969e+02
s>            ( - -4.370e+04 3 0)
s>            ( - -5.193e+02 1 0)))INFO: dtree.c(1478): Final simple tree
|( QUESTION20 1 -1.659e+05 3.806e+02 7.359e+02
|    ( QUESTION1 -1 -2.318e+04 2.494e+02 1.038e+02
|        ( - -2.172e+03 1 0)
|        ( QUESTION2_12_L -1 -2.076e+04 1.501e+02 9.289e+01
|            ( QUESTION0 -1 -1.027e+04 1.201e+02 4.708e+01
|                ( - -9.369e+03 3 0)
|                ( - -7.783e+02 1 0))
|            ( SILENCE -1 -1.034e+04 1.032e+02 4.580e+01
|                ( - -8.125e+03 1 0)
|                ( - -2.116e+03 1 0))))
|    ( SILENCE -1 -1.423e+05 1.789e+02 6.320e+02
|        ( - -1.302e+05 1 0)
|        ( QUESTION1 -1 -1.195e+04 9.586e+01 5.320e+01
|            ( - -3.728e+03 1 0)
|            ( - -8.125e+03 1 0))))
s>    ( QUESTION20 1 -1.659e+05 3.806e+02 7.359e+02
s>        ( QUESTION1 -1 -2.318e+04 2.494e+02 1.038e+02
s>            ( - -2.172e+03 1 0)
s>            ( QUESTION2_12_L -1 -2.076e+04 1.501e+02 9.289e+01
s>                ( QUESTION0 -1 -1.027e+04 1.201e+02 4.708e+01
s>                    ( - -9.369e+03 3 0)
s>                    ( - -7.783e+02 1 0))
s>                ( SILENCE -1 -1.034e+04 1.032e+02 4.580e+01
s>                    ( - -8.125e+03 1 0)
s>                    ( - -2.116e+03 1 0))))
s>        ( SILENCE -1 -1.423e+05 1.789e+02 6.320e+02
s>            ( - -1.302e+05 1 0)
s>            ( QUESTION1 -1 -1.195e+04 9.586e+01 5.320e+01
s>                ( - -3.728e+03 1 0)
s>                ( - -8.125e+03 1 0))))INFO: dtree.c(1315): Comp split 24
INFO: dtree.c(1315): Comp split 25
INFO: dtree.c(1439): stop. leaf nodes are specific
INFO: dtree.c(1478): Final simple tree
|( QUESTION16 -1 -2.212e+04 4.380e+02 1.008e+02
|    ( - 2.186e+02 1 0)
|    ( WDBNDRY_E 0 -2.190e+04 1.839e+02 9.976e+01
|        ( QUESTION0_2_R 1 -5.426e+03 1.217e+02 2.562e+01
|            ( - -4.989e+03 3 0)
|            ( - -3.151e+02 1 0))
|        ( - -1.629e+04 1 0)))
s>    ( QUESTION16 -1 -2.212e+04 4.380e+02 1.008e+02
s>        ( - 2.186e+02 1 0)
s>        ( WDBNDRY_E 0 -2.190e+04 1.839e+02 9.976e+01
s>            ( QUESTION0_2_R 1 -5.426e+03 1.217e+02 2.562e+01
s>                ( - -4.989e+03 3 0)
s>                ( - -3.151e+02 1 0))
s>            ( - -1.629e+04 1 0)))INFO: dtree.c(1315): Comp split 26
INFO: dtree.c(1478): Final simple tree
|( QUESTION0_8_R 1 -1.894e+04 3.446e+02 8.454e+01
|    ( - -4.867e+03 1 0)
|    ( WDBNDRY_E 0 -1.373e+04 2.766e+02 6.247e+01
|        ( QUESTION0_18_R 1 -7.868e+03 2.204e+02 3.549e+01
|            ( - -4.509e+02 1 0)
|            ( QUESTION0_13_R 1 -7.196e+03 1.709e+02 3.249e+01
|                ( - -3.400e+02 1 0)
|                ( QUESTION0_1_R 1 -6.685e+03 1.542e+02 3.049e+01
|                    ( - -2.863e+03 4 0 QUESTION0 -1 1.186e+02 1.348e+01)
|                    ( QUESTION0 -1 -3.668e+03 1.451e+02 1.701e+01
|                        ( - -2.966e+02 1 0)
|                        ( SILENCE 1 -3.227e+03 4.603e+02 1.501e+01
|                            ( - 2.417e+02 1 0)
|                            ( - -3.008e+03 2 0 QUESTION0_7_R 1 1.181e+02 1.401e+01))))))
|        ( - -5.585e+03 1 0)))
s>    ( QUESTION0_8_R 1 -1.894e+04 3.446e+02 8.454e+01
s>        ( - -4.867e+03 1 0)
s>        ( WDBNDRY_E 0 -1.373e+04 2.766e+02 6.247e+01
s>            ( QUESTION0_18_R 1 -7.868e+03 2.204e+02 3.549e+01
s>                ( - -4.509e+02 1 0)
s>                ( QUESTION0_13_R 1 -7.196e+03 1.709e+02 3.249e+01
s>                    ( - -3.400e+02 1 0)
s>                    ( QUESTION0_1_R 1 -6.685e+03 1.542e+02 3.049e+01
s>                        ( - -2.863e+03 4 0 QUESTION0 -1 1.186e+02 1.348e+01)
s>                        ( QUESTION0 -1 -3.668e+03 1.451e+02 1.701e+01
s>                            ( - -2.966e+02 1 0)
s>                            ( SILENCE 1 -3.227e+03 4.603e+02 1.501e+01
s>                                ( - 2.417e+02 1 0)
s>                                ( - -3.008e+03 2 0 QUESTION0_7_R 1 1.181e+02 1.401e+01))))))
s>            ( - -5.585e+03 1 0)))INFO: dtree.c(1315): Comp split 27
INFO: dtree.c(1478): Final simple tree
|( QUESTION0_8_R 1 -1.872e+04 3.429e+02 8.354e+01
|    ( - -4.867e+03 1 0)
|    ( WDBNDRY_E 0 -1.351e+04 2.736e+02 6.147e+01
|        ( QUESTION0_18_R 1 -7.652e+03 2.195e+02 3.449e+01
|            ( - -4.509e+02 1 0)
|            ( QUESTION0_13_R 1 -6.981e+03 1.704e+02 3.149e+01
|                ( - -3.400e+02 1 0)
|                ( QUESTION0_1_R 1 -6.471e+03 1.559e+02 2.949e+01
|                    ( QUESTION0 -1 -2.863e+03 1.186e+02 1.348e+01
|                        ( - -1.477e+03 3 0 QUESTION0_2_R 1 1.208e+02 7.000e+00)
|                        ( - -1.267e+03 1 0))
|                    ( SILENCE 1 -3.452e+03 1.477e+02 1.601e+01
|                        ( - -2.966e+02 1 0)
|                        ( - -3.008e+03 2 0 QUESTION0_7_R 1 1.181e+02 1.401e+01)))))
|        ( - -5.585e+03 1 0)))
s>    ( QUESTION0_8_R 1 -1.872e+04 3.429e+02 8.354e+01
s>        ( - -4.867e+03 1 0)
s>        ( WDBNDRY_E 0 -1.351e+04 2.736e+02 6.147e+01
s>            ( QUESTION0_18_R 1 -7.652e+03 2.195e+02 3.449e+01
s>                ( - -4.509e+02 1 0)
s>                ( QUESTION0_13_R 1 -6.981e+03 1.704e+02 3.149e+01
s>                    ( - -3.400e+02 1 0)
s>                    ( QUESTION0_1_R 1 -6.471e+03 1.559e+02 2.949e+01
s>                        ( QUESTION0 -1 -2.863e+03 1.186e+02 1.348e+01
s>                            ( - -1.477e+03 3 0 QUESTION0_2_R 1 1.208e+02 7.000e+00)
s>                            ( - -1.267e+03 1 0))
s>                        ( SILENCE 1 -3.452e+03 1.477e+02 1.601e+01
s>                            ( - -2.966e+02 1 0)
s>                            ( - -3.008e+03 2 0 QUESTION0_7_R 1 1.181e+02 1.401e+01)))))
s>            ( - -5.585e+03 1 0)))INFO: dtree.c(1315): Comp split 28
INFO: dtree.c(1315): Comp split 29
INFO: dtree.c(1439): stop. leaf nodes are specific
INFO: dtree.c(1478): Final simple tree
|( QUESTION18 -1 -2.078e+05 2.325e+02 9.740e+02
|    ( - -9.608e+02 1 0)
|    ( - -2.066e+05 1 0))
s>    ( QUESTION18 -1 -2.078e+05 2.325e+02 9.740e+02
s>        ( - -9.608e+02 1 0)
s>        ( - -2.066e+05 1 0))INFO: dtree.c(1315): Comp split 30
INFO: dtree.c(1439): stop. leaf nodes are specific
INFO: dtree.c(1478): Final simple tree
|( QUESTION0_0_R 1 -3.704e+04 3.412e+02 1.711e+02
|    ( - -2.169e+04 1 0)
|    ( - -1.501e+04 1 0))
s>    ( QUESTION0_0_R 1 -3.704e+04 3.412e+02 1.711e+02
s>        ( - -2.169e+04 1 0)
s>        ( - -1.501e+04 1 0))INFO: dtree.c(1315): Comp split 31
INFO: dtree.c(1439): stop. leaf nodes are specific
INFO: dtree.c(1478): Final simple tree
|( WDBNDRY_E 0 -2.190e+04 1.839e+02 9.976e+01
|    ( QUESTION0_2_R 1 -5.426e+03 1.217e+02 2.562e+01
|        ( - -4.989e+03 3 0)
|        ( - -3.151e+02 1 0))
|    ( - -1.629e+04 1 0))
s>    ( WDBNDRY_E 0 -2.190e+04 1.839e+02 9.976e+01
s>        ( QUESTION0_2_R 1 -5.426e+03 1.217e+02 2.562e+01
s>            ( - -4.989e+03 3 0)
s>            ( - -3.151e+02 1 0))
s>        ( - -1.629e+04 1 0))INFO: dtree.c(1315): Comp split 32
INFO: dtree.c(1439): stop. leaf nodes are specific
INFO: dtree.c(1478): Final simple tree
|( QUESTION20 1 -6.760e+04 2.031e+02 3.129e+02
|    ( WDBNDRY_B 0 -1.436e+04 1.524e+02 6.489e+01
|        ( QUESTION0 -1 -1.015e+04 1.532e+02 4.589e+01
|            ( - -9.631e+02 1 0)
|            ( - -9.037e+03 1 0))
|        ( - -4.053e+03 1 0))
|    ( - -5.304e+04 1 0))
s>    ( QUESTION20 1 -6.760e+04 2.031e+02 3.129e+02
s>        ( WDBNDRY_B 0 -1.436e+04 1.524e+02 6.489e+01
s>            ( QUESTION0 -1 -1.015e+04 1.532e+02 4.589e+01
s>                ( - -9.631e+02 1 0)
s>                ( - -9.037e+03 1 0))
s>            ( - -4.053e+03 1 0))
s>        ( - -5.304e+04 1 0))INFO: dtree.c(1439): stop. leaf nodes are specific
INFO: dtree.c(1478): Final simple tree
|( QUESTION0 -1 -9.399e+04 1.683e+02 4.294e+02
|    ( - -1.359e+03 1 0)
|    ( - -9.246e+04 4 0))
s>    ( QUESTION0 -1 -9.399e+04 1.683e+02 4.294e+02
s>        ( - -1.359e+03 1 0)
s>        ( - -9.246e+04 4 0))INFO: dtree.c(1315): Comp split 33
INFO: dtree.c(1439): stop. leaf nodes are specific
INFO: dtree.c(1478): Final simple tree
|( QUESTION0 -1 -9.523e+04 2.960e+02 4.486e+02
|    ( - -8.647e+04 3 0)
|    ( - -8.462e+03 1 0))
s>    ( QUESTION0 -1 -9.523e+04 2.960e+02 4.486e+02
s>        ( - -8.647e+04 3 0)
s>        ( - -8.462e+03 1 0))INFO: dtree.c(1439): stop. leaf nodes are specific
INFO: dtree.c(1478): Final simple tree
|( QUESTION20 1 -3.417e+04 2.893e+02 1.550e+02
|    ( QUESTION0 -1 -2.680e+04 1.710e+02 1.233e+02
|        ( - -2.527e+04 1 0)
|        ( - -1.363e+03 1 0))
|    ( QUESTION11 -1 -7.077e+03 2.698e+02 3.173e+01
|        ( - -2.884e+03 1 0)
|        ( QUESTION0_14_R 1 -3.923e+03 1.173e+02 1.773e+01
|            ( - -7.420e+02 1 0)
|            ( - -3.064e+03 2 0))))
s>    ( QUESTION20 1 -3.417e+04 2.893e+02 1.550e+02
s>        ( QUESTION0 -1 -2.680e+04 1.710e+02 1.233e+02
s>            ( - -2.527e+04 1 0)
s>            ( - -1.363e+03 1 0))
s>        ( QUESTION11 -1 -7.077e+03 2.698e+02 3.173e+01
s>            ( - -2.884e+03 1 0)
s>            ( QUESTION0_14_R 1 -3.923e+03 1.173e+02 1.773e+01
s>                ( - -7.420e+02 1 0)
s>                ( - -3.064e+03 2 0))))INFO: dtree.c(1315): Comp split 34
INFO: dtree.c(1439): stop. leaf nodes are specific
INFO: dtree.c(1478): Final simple tree
|( QUESTION16 -1 -2.534e+05 3.828e+02 1.149e+03
|    ( QUESTION14 1 -1.306e+05 3.270e+02 5.921e+02
|        ( - -1.308e+04 1 0)
|        ( - -1.172e+05 2 0))
|    ( WDBNDRY_B 0 -1.224e+05 2.458e+02 5.564e+02
|        ( QUESTION18 -1 -2.751e+04 2.263e+02 1.221e+02
|            ( - -6.722e+03 1 0)
|            ( - -2.056e+04 1 0))
|        ( QUESTION0 -1 -9.467e+04 1.974e+02 4.343e+02
|            ( - -3.687e+04 1 0)
|            ( - -5.761e+04 1 0))))
s>    ( QUESTION16 -1 -2.534e+05 3.828e+02 1.149e+03
s>        ( QUESTION14 1 -1.306e+05 3.270e+02 5.921e+02
s>            ( - -1.308e+04 1 0)
s>            ( - -1.172e+05 2 0))
s>        ( WDBNDRY_B 0 -1.224e+05 2.458e+02 5.564e+02
s>            ( QUESTION18 -1 -2.751e+04 2.263e+02 1.221e+02
s>                ( - -6.722e+03 1 0)
s>                ( - -2.056e+04 1 0))
s>            ( QUESTION0 -1 -9.467e+04 1.974e+02 4.343e+02
s>                ( - -3.687e+04 1 0)
s>                ( - -5.761e+04 1 0))))INFO: dtree.c(1315): Comp split 35
INFO: dtree.c(1439): stop. leaf nodes are specific
INFO: dtree.c(1478): Final simple tree
|( WDBNDRY_B 0 -1.224e+05 2.458e+02 5.564e+02
|    ( QUESTION18 -1 -2.751e+04 2.263e+02 1.221e+02
|        ( - -6.722e+03 1 0)
|        ( - -2.056e+04 1 0))
|    ( QUESTION0 -1 -9.467e+04 1.974e+02 4.343e+02
|        ( - -3.687e+04 1 0)
|        ( - -5.761e+04 1 0)))
s>    ( WDBNDRY_B 0 -1.224e+05 2.458e+02 5.564e+02
s>        ( QUESTION18 -1 -2.751e+04 2.263e+02 1.221e+02
s>            ( - -6.722e+03 1 0)
s>            ( - -2.056e+04 1 0))
s>        ( QUESTION0 -1 -9.467e+04 1.974e+02 4.343e+02
s>            ( - -3.687e+04 1 0)
s>            ( - -5.761e+04 1 0)))INFO: dtree.c(1439): stop. leaf nodes are specific
INFO: dtree.c(1478): Final simple tree
|( QUESTION14 1 -1.306e+05 3.270e+02 5.921e+02
|    ( - -1.308e+04 1 0)
|    ( - -1.172e+05 2 0))
s>    ( QUESTION14 1 -1.306e+05 3.270e+02 5.921e+02
s>        ( - -1.308e+04 1 0)
s>        ( - -1.172e+05 2 0))INFO: dtree.c(1315): Comp split 36
INFO: dtree.c(1439): stop. leaf nodes are specific
INFO: dtree.c(1478): Final simple tree
|( QUESTION5 -1 -3.881e+04 2.572e+02 1.757e+02
|    ( - -1.663e+04 1 0)
|    ( QUESTION2 -1 -2.192e+04 2.538e+02 9.981e+01
|        ( - -2.172e+02 1 0)
|        ( - -2.145e+04 1 0)))
s>    ( QUESTION5 -1 -3.881e+04 2.572e+02 1.757e+02
s>        ( - -1.663e+04 1 0)
s>        ( QUESTION2 -1 -2.192e+04 2.538e+02 9.981e+01
s>            ( - -2.172e+02 1 0)
s>            ( - -2.145e+04 1 0)))INFO: dtree.c(1439): stop. leaf nodes are specific
INFO: dtree.c(1478): Final simple tree
|( QUESTION0 -1 -4.440e+04 1.782e+02 1.969e+02
|    ( - -4.370e+04 3 0)
|    ( - -5.193e+02 1 0))
s>    ( QUESTION0 -1 -4.440e+04 1.782e+02 1.969e+02
s>        ( - -4.370e+04 3 0)
s>        ( - -5.193e+02 1 0))INFO: dtree.c(1315): Comp split 37
INFO: dtree.c(1439): stop. leaf nodes are specific
INFO: dtree.c(1478): Final simple tree
|( QUESTION1 -1 -2.318e+04 2.494e+02 1.038e+02
|    ( - -2.172e+03 1 0)
|    ( QUESTION2_12_L -1 -2.076e+04 1.501e+02 9.289e+01
|        ( QUESTION0 -1 -1.027e+04 1.201e+02 4.708e+01
|            ( - -9.369e+03 3 0)
|            ( - -7.783e+02 1 0))
|        ( SILENCE -1 -1.034e+04 1.032e+02 4.580e+01
|            ( - -8.125e+03 1 0)
|            ( - -2.116e+03 1 0))))
s>    ( QUESTION1 -1 -2.318e+04 2.494e+02 1.038e+02
s>        ( - -2.172e+03 1 0)
s>        ( QUESTION2_12_L -1 -2.076e+04 1.501e+02 9.289e+01
s>            ( QUESTION0 -1 -1.027e+04 1.201e+02 4.708e+01
s>                ( - -9.369e+03 3 0)
s>                ( - -7.783e+02 1 0))
s>            ( SILENCE -1 -1.034e+04 1.032e+02 4.580e+01
s>                ( - -8.125e+03 1 0)
s>                ( - -2.116e+03 1 0))))INFO: dtree.c(1439): stop. leaf nodes are specific
INFO: dtree.c(1478): Final simple tree
|( SILENCE -1 -1.423e+05 1.789e+02 6.320e+02
|    ( - -1.302e+05 1 0)
|    ( QUESTION1 -1 -1.195e+04 9.586e+01 5.320e+01
|        ( - -3.728e+03 1 0)
|        ( - -8.125e+03 1 0)))
s>    ( SILENCE -1 -1.423e+05 1.789e+02 6.320e+02
s>        ( - -1.302e+05 1 0)
s>        ( QUESTION1 -1 -1.195e+04 9.586e+01 5.320e+01
s>            ( - -3.728e+03 1 0)
s>            ( - -8.125e+03 1 0)))INFO: dtree.c(1315): Comp split 38
INFO: dtree.c(1439): stop. leaf nodes are specific
INFO: dtree.c(1478): Final simple tree
|( QUESTION0 -1 -5.439e+04 1.612e+02 2.483e+02
|    ( - -1.445e+03 1 0)
|    ( - -5.278e+04 1 0))
s>    ( QUESTION0 -1 -5.439e+04 1.612e+02 2.483e+02
s>        ( - -1.445e+03 1 0)
s>        ( - -5.278e+04 1 0))INFO: dtree.c(1315): Comp split 39
INFO: dtree.c(1439): stop. leaf nodes are specific
INFO: dtree.c(1478): Final simple tree
|( QUESTION0_14_R 1 -5.305e+04 2.052e+02 2.425e+02
|    ( - -1.185e+04 2 0)
|    ( - -4.100e+04 4 0))
s>    ( QUESTION0_14_R 1 -5.305e+04 2.052e+02 2.425e+02
s>        ( - -1.185e+04 2 0)
s>        ( - -4.100e+04 4 0))INFO: dtree.c(1439): stop. leaf nodes are specific
INFO: dtree.c(1478): Final simple tree
|( WDBNDRY_B 0 -9.435e+04 2.890e+02 4.341e+02
|    ( - -2.236e+04 1 0)
|    ( - -7.170e+04 1 0))
s>    ( WDBNDRY_B 0 -9.435e+04 2.890e+02 4.341e+02
s>        ( - -2.236e+04 1 0)
s>        ( - -7.170e+04 1 0))INFO: dtree.c(1315): Comp split 40
INFO: dtree.c(1439): stop. leaf nodes are specific
INFO: dtree.c(1478): Final simple tree
|( WDBNDRY_E 0 -6.082e+03 1.569e+02 2.898e+01
|    ( - -3.400e+02 1 0)
|    ( - -5.585e+03 1 0))
s>    ( WDBNDRY_E 0 -6.082e+03 1.569e+02 2.898e+01
s>        ( - -3.400e+02 1 0)
s>        ( - -5.585e+03 1 0))INFO: dtree.c(1478): Final simple tree
|( WDBNDRY_E 0 -1.227e+04 2.631e+02 5.456e+01
|    ( QUESTION0_13_R 1 -7.144e+03 2.218e+02 3.249e+01
|        ( - -4.509e+02 1 0)
|        ( QUESTION0_1_R 1 -6.471e+03 1.559e+02 2.949e+01
|            ( QUESTION0 -1 -2.863e+03 1.186e+02 1.348e+01
|                ( QUESTION0_2_R 1 -1.477e+03 1.208e+02 7.000e+00
|                    ( - -5.491e+02 1 0)
|                    ( - -8.073e+02 2 0))
|                ( - -1.267e+03 1 0))
|            ( SILENCE 1 -3.452e+03 1.477e+02 1.601e+01
|                ( - -2.966e+02 1 0)
|                ( QUESTION0_7_R 1 -3.008e+03 1.181e+02 1.401e+01
|                    ( - -1.886e+03 1 0)
|                    ( - -1.003e+03 1 0)))))
|    ( - -4.867e+03 1 0))
s>    ( WDBNDRY_E 0 -1.227e+04 2.631e+02 5.456e+01
s>        ( QUESTION0_13_R 1 -7.144e+03 2.218e+02 3.249e+01
s>            ( - -4.509e+02 1 0)
s>            ( QUESTION0_1_R 1 -6.471e+03 1.559e+02 2.949e+01
s>                ( QUESTION0 -1 -2.863e+03 1.186e+02 1.348e+01
s>                    ( QUESTION0_2_R 1 -1.477e+03 1.208e+02 7.000e+00
s>                        ( - -5.491e+02 1 0)
s>                        ( - -8.073e+02 2 0))
s>                    ( - -1.267e+03 1 0))
s>                ( SILENCE 1 -3.452e+03 1.477e+02 1.601e+01
s>                    ( - -2.966e+02 1 0)
s>                    ( QUESTION0_7_R 1 -3.008e+03 1.181e+02 1.401e+01
s>                        ( - -1.886e+03 1 0)
s>                        ( - -1.003e+03 1 0)))))
s>        ( - -4.867e+03 1 0))INFO: dtree.c(1315): Comp split 41
INFO: dtree.c(1439): stop. leaf nodes are specific
INFO: dtree.c(1478): Final simple tree
|( QUESTION15 -1 -1.002e+05 2.235e+02 4.485e+02
|    ( - -8.404e+04 1 0)
|    ( QUESTION0 -1 -1.593e+04 1.614e+02 7.171e+01
|        ( - -3.753e+03 1 0)
|        ( - -1.201e+04 1 0)))
s>    ( QUESTION15 -1 -1.002e+05 2.235e+02 4.485e+02
s>        ( - -8.404e+04 1 0)
s>        ( QUESTION0 -1 -1.593e+04 1.614e+02 7.171e+01
s>            ( - -3.753e+03 1 0)
s>            ( - -1.201e+04 1 0)))INFO: dtree.c(1439): stop. leaf nodes are specific
INFO: dtree.c(1478): Final simple tree
|( WDBNDRY_B 0 -2.058e+05 1.764e+02 9.334e+02
|    ( - -2.052e+05 2 0)
|    ( - -4.453e+02 1 0))
s>    ( WDBNDRY_B 0 -2.058e+05 1.764e+02 9.334e+02
s>        ( - -2.052e+05 2 0)
s>        ( - -4.453e+02 1 0))INFO: dtree.c(1315): Comp split 42
INFO: dtree.c(1439): stop. leaf nodes are specific
INFO: dtree.c(1478): Final simple tree
|( QUESTION20 1 -3.094e+04 2.136e+02 1.410e+02
|    ( QUESTION0 -1 -2.680e+04 1.710e+02 1.233e+02
|        ( - -2.527e+04 1 0)
|        ( - -1.363e+03 1 0))
|    ( QUESTION0_14_R 1 -3.923e+03 1.173e+02 1.773e+01
|        ( - -7.420e+02 1 0)
|        ( - -3.064e+03 2 0)))
s>    ( QUESTION20 1 -3.094e+04 2.136e+02 1.410e+02
s>        ( QUESTION0 -1 -2.680e+04 1.710e+02 1.233e+02
s>            ( - -2.527e+04 1 0)
s>            ( - -1.363e+03 1 0))
s>        ( QUESTION0_14_R 1 -3.923e+03 1.173e+02 1.773e+01
s>            ( - -7.420e+02 1 0)
s>            ( - -3.064e+03 2 0)))INFO: dtree.c(1315): Comp split 43
INFO: dtree.c(1315): Comp split 44
INFO: dtree.c(1315): Comp split 45
INFO: dtree.c(1439): stop. leaf nodes are specific
INFO: dtree.c(1478): Final simple tree
|( QUESTION2_15_L -1 -9.232e+03 1.931e+02 4.541e+01
|    ( - -2.928e+03 1 0)
|    ( - -6.111e+03 1 0))
s>    ( QUESTION2_15_L -1 -9.232e+03 1.931e+02 4.541e+01
s>        ( - -2.928e+03 1 0)
s>        ( - -6.111e+03 1 0))INFO: dtree.c(1315): Comp split 46
INFO: dtree.c(1439): stop. leaf nodes are specific
INFO: dtree.c(1478): Final simple tree
|( QUESTION0 -1 -1.306e+05 1.230e+02 5.946e+02
|    ( - -1.424e+03 1 0)
|    ( - -1.290e+05 2 0))
s>    ( QUESTION0 -1 -1.306e+05 1.230e+02 5.946e+02
s>        ( - -1.424e+03 1 0)
s>        ( - -1.290e+05 2 0))INFO: dtree.c(1439): stop. leaf nodes are specific
INFO: dtree.c(1478): Final simple tree
|( QUESTION2_14_L -1 -5.439e+04 1.921e+02 2.462e+02
|    ( - -2.934e+04 1 0)
|    ( - -2.486e+04 4 0))
s>    ( QUESTION2_14_L -1 -5.439e+04 1.921e+02 2.462e+02
s>        ( - -2.934e+04 1 0)
s>        ( - -2.486e+04 4 0))INFO: dtree.c(1315): Comp split 47
INFO: dtree.c(1439): stop. leaf nodes are specific
INFO: dtree.c(1478): Final simple tree
|( QUESTION2_7_L -1 -2.710e+04 2.832e+02 1.245e+02
|    ( - -1.379e+04 1 0)
|    ( QUESTION2 -1 -1.303e+04 1.992e+02 6.171e+01
|        ( - -3.140e+03 1 0)
|        ( QUESTION4 -1 -9.695e+03 1.450e+02 4.647e+01
|            ( - -2.235e+03 1 0)
|            ( - -7.315e+03 1 0))))
s>    ( QUESTION2_7_L -1 -2.710e+04 2.832e+02 1.245e+02
s>        ( - -1.379e+04 1 0)
s>        ( QUESTION2 -1 -1.303e+04 1.992e+02 6.171e+01
s>            ( - -3.140e+03 1 0)
s>            ( QUESTION4 -1 -9.695e+03 1.450e+02 4.647e+01
s>                ( - -2.235e+03 1 0)
s>                ( - -7.315e+03 1 0))))INFO: dtree.c(1315): Comp split 48
INFO: dtree.c(1315): Comp split 49
INFO: dtree.c(1315): Comp split 50
INFO: dtree.c(1439): stop. leaf nodes are specific
INFO: dtree.c(1478): Final simple tree
|( QUESTION2 -1 -1.303e+04 1.992e+02 6.171e+01
|    ( - -3.140e+03 1 0)
|    ( QUESTION4 -1 -9.695e+03 1.450e+02 4.647e+01
|        ( - -2.235e+03 1 0)
|        ( - -7.315e+03 1 0)))
s>    ( QUESTION2 -1 -1.303e+04 1.992e+02 6.171e+01
s>        ( - -3.140e+03 1 0)
s>        ( QUESTION4 -1 -9.695e+03 1.450e+02 4.647e+01
s>            ( - -2.235e+03 1 0)
s>            ( - -7.315e+03 1 0)))INFO: dtree.c(1315): Comp split 51
INFO: dtree.c(1439): stop. leaf nodes are specific
INFO: dtree.c(1478): Final simple tree
|( QUESTION1 -1 -2.140e+04 1.632e+02 9.983e+01
|    ( - -1.274e+03 1 0)
|    ( - -1.997e+04 2 0))
s>    ( QUESTION1 -1 -2.140e+04 1.632e+02 9.983e+01
s>        ( - -1.274e+03 1 0)
s>        ( - -1.997e+04 2 0))INFO: dtree.c(1439): stop. leaf nodes are specific
INFO: dtree.c(1478): Final simple tree
|( WDBNDRY_B 0 -1.152e+05 2.068e+02 5.200e+02
|    ( - -1.589e+04 1 0)
|    ( QUESTION1 -1 -9.911e+04 1.993e+02 4.463e+02
|        ( - -2.254e+02 1 0)
|        ( - -9.868e+04 4 0)))
s>    ( WDBNDRY_B 0 -1.152e+05 2.068e+02 5.200e+02
s>        ( - -1.589e+04 1 0)
s>        ( QUESTION1 -1 -9.911e+04 1.993e+02 4.463e+02
s>            ( - -2.254e+02 1 0)
s>            ( - -9.868e+04 4 0)))INFO: dtree.c(1315): Comp split 52
INFO: dtree.c(1439): stop. leaf nodes are specific
INFO: dtree.c(1478): Final simple tree
|( QUESTION0_13_R 1 -7.144e+03 2.218e+02 3.249e+01
|    ( - -4.509e+02 1 0)
|    ( QUESTION0_1_R 1 -6.471e+03 1.559e+02 2.949e+01
|        ( QUESTION0 -1 -2.863e+03 1.186e+02 1.348e+01
|            ( QUESTION0_2_R 1 -1.477e+03 1.208e+02 7.000e+00
|                ( - -5.491e+02 1 0)
|                ( - -8.073e+02 2 0))
|            ( - -1.267e+03 1 0))
|        ( SILENCE 1 -3.452e+03 1.477e+02 1.601e+01
|            ( - -2.966e+02 1 0)
|            ( QUESTION0_7_R 1 -3.008e+03 1.181e+02 1.401e+01
|                ( - -1.886e+03 1 0)
|                ( - -1.003e+03 1 0)))))
s>    ( QUESTION0_13_R 1 -7.144e+03 2.218e+02 3.249e+01
s>        ( - -4.509e+02 1 0)
s>        ( QUESTION0_1_R 1 -6.471e+03 1.559e+02 2.949e+01
s>            ( QUESTION0 -1 -2.863e+03 1.186e+02 1.348e+01
s>                ( QUESTION0_2_R 1 -1.477e+03 1.208e+02 7.000e+00
s>                    ( - -5.491e+02 1 0)
s>                    ( - -8.073e+02 2 0))
s>                ( - -1.267e+03 1 0))
s>            ( SILENCE 1 -3.452e+03 1.477e+02 1.601e+01
s>                ( - -2.966e+02 1 0)
s>                ( QUESTION0_7_R 1 -3.008e+03 1.181e+02 1.401e+01
s>                    ( - -1.886e+03 1 0)
s>                    ( - -1.003e+03 1 0)))))INFO: dtree.c(1315): Comp split 53
INFO: dtree.c(1439): stop. leaf nodes are specific
INFO: dtree.c(1478): Final simple tree
|( QUESTION2 -1 -2.192e+04 2.538e+02 9.981e+01
|    ( - -2.172e+02 1 0)
|    ( - -2.145e+04 1 0))
s>    ( QUESTION2 -1 -2.192e+04 2.538e+02 9.981e+01
s>        ( - -2.172e+02 1 0)
s>        ( - -2.145e+04 1 0))INFO: dtree.c(1315): Comp split 54
INFO: dtree.c(1315): Comp split 55
INFO: dtree.c(1439): stop. leaf nodes are specific
INFO: dtree.c(1478): Final simple tree
|( QUESTION2_12_L -1 -2.076e+04 1.501e+02 9.289e+01
|    ( QUESTION0 -1 -1.027e+04 1.201e+02 4.708e+01
|        ( - -9.369e+03 3 0)
|        ( - -7.783e+02 1 0))
|    ( SILENCE -1 -1.034e+04 1.032e+02 4.580e+01
|        ( - -8.125e+03 1 0)
|        ( - -2.116e+03 1 0)))
s>    ( QUESTION2_12_L -1 -2.076e+04 1.501e+02 9.289e+01
s>        ( QUESTION0 -1 -1.027e+04 1.201e+02 4.708e+01
s>            ( - -9.369e+03 3 0)
s>            ( - -7.783e+02 1 0))
s>        ( SILENCE -1 -1.034e+04 1.032e+02 4.580e+01
s>            ( - -8.125e+03 1 0)
s>            ( - -2.116e+03 1 0)))INFO: dtree.c(1315): Comp split 56
INFO: dtree.c(1439): stop. leaf nodes are specific
INFO: dtree.c(1478): Final simple tree
|( QUESTION0 -1 -9.467e+04 1.974e+02 4.343e+02
|    ( - -3.687e+04 1 0)
|    ( - -5.761e+04 1 0))
s>    ( QUESTION0 -1 -9.467e+04 1.974e+02 4.343e+02
s>        ( - -3.687e+04 1 0)
s>        ( - -5.761e+04 1 0))INFO: dtree.c(1439): stop. leaf nodes are specific
INFO: dtree.c(1478): Final simple tree
|( QUESTION18 -1 -2.751e+04 2.263e+02 1.221e+02
|    ( - -6.722e+03 1 0)
|    ( - -2.056e+04 1 0))
s>    ( QUESTION18 -1 -2.751e+04 2.263e+02 1.221e+02
s>        ( - -6.722e+03 1 0)
s>        ( - -2.056e+04 1 0))INFO: dtree.c(1315): Comp split 57
INFO: dtree.c(1439): stop. leaf nodes are specific
INFO: dtree.c(1478): Final simple tree
|( QUESTION16 -1 -1.857e+03 1.626e+02 9.000e+00
|    ( - -7.308e+02 1 0)
|    ( - -9.639e+02 1 0))
s>    ( QUESTION16 -1 -1.857e+03 1.626e+02 9.000e+00
s>        ( - -7.308e+02 1 0)
s>        ( - -9.639e+02 1 0))INFO: dtree.c(1315): Comp split 58
INFO: dtree.c(1315): Comp split 59
INFO: dtree.c(1315): Comp split 60
INFO: dtree.c(1439): stop. leaf nodes are specific
INFO: dtree.c(1478): Final simple tree
|( QUESTION0 -1 -1.593e+04 1.614e+02 7.171e+01
|    ( - -3.753e+03 1 0)
|    ( - -1.201e+04 1 0))
s>    ( QUESTION0 -1 -1.593e+04 1.614e+02 7.171e+01
s>        ( - -3.753e+03 1 0)
s>        ( - -1.201e+04 1 0))INFO: dtree.c(1315): Comp split 61
INFO: dtree.c(1439): stop. leaf nodes are specific
INFO: dtree.c(1478): Final simple tree
|( QUESTION0_1_R 1 -6.471e+03 1.559e+02 2.949e+01
|    ( QUESTION0 -1 -2.863e+03 1.186e+02 1.348e+01
|        ( QUESTION0_2_R 1 -1.477e+03 1.208e+02 7.000e+00
|            ( - -5.491e+02 1 0)
|            ( - -8.073e+02 2 0))
|        ( - -1.267e+03 1 0))
|    ( SILENCE 1 -3.452e+03 1.477e+02 1.601e+01
|        ( - -2.966e+02 1 0)
|        ( QUESTION0_7_R 1 -3.008e+03 1.181e+02 1.401e+01
|            ( - -1.886e+03 1 0)
|            ( - -1.003e+03 1 0))))
s>    ( QUESTION0_1_R 1 -6.471e+03 1.559e+02 2.949e+01
s>        ( QUESTION0 -1 -2.863e+03 1.186e+02 1.348e+01
s>            ( QUESTION0_2_R 1 -1.477e+03 1.208e+02 7.000e+00
s>                ( - -5.491e+02 1 0)
s>                ( - -8.073e+02 2 0))
s>            ( - -1.267e+03 1 0))
s>        ( SILENCE 1 -3.452e+03 1.477e+02 1.601e+01
s>            ( - -2.966e+02 1 0)
s>            ( QUESTION0_7_R 1 -3.008e+03 1.181e+02 1.401e+01
s>                ( - -1.886e+03 1 0)
s>                ( - -1.003e+03 1 0))))INFO: dtree.c(1315): Comp split 62
INFO: dtree.c(1315): Comp split 63
INFO: dtree.c(1439): stop. leaf nodes are specific
INFO: dtree.c(1478): Final simple tree
|( QUESTION1 -1 -2.717e+03 1.772e+02 1.300e+01
|    ( - -9.587e+02 1 0)
|    ( - -1.582e+03 1 0))
s>    ( QUESTION1 -1 -2.717e+03 1.772e+02 1.300e+01
s>        ( - -9.587e+02 1 0)
s>        ( - -1.582e+03 1 0))INFO: dtree.c(1315): Comp split 64
INFO: dtree.c(1439): stop. leaf nodes are specific
INFO: dtree.c(1478): Final simple tree
|( QUESTION0_14_R 1 -3.923e+03 1.173e+02 1.773e+01
|    ( - -7.420e+02 1 0)
|    ( - -3.064e+03 2 0))
s>    ( QUESTION0_14_R 1 -3.923e+03 1.173e+02 1.773e+01
s>        ( - -7.420e+02 1 0)
s>        ( - -3.064e+03 2 0))INFO: dtree.c(1439): stop. leaf nodes are specific
INFO: dtree.c(1478): Final simple tree
|( QUESTION0 -1 -2.680e+04 1.710e+02 1.233e+02
|    ( - -2.527e+04 1 0)
|    ( - -1.363e+03 1 0))
s>    ( QUESTION0 -1 -2.680e+04 1.710e+02 1.233e+02
s>        ( - -2.527e+04 1 0)
s>        ( - -1.363e+03 1 0))INFO: dtree.c(1315): Comp split 65
INFO: dtree.c(1439): stop. leaf nodes are specific
INFO: dtree.c(1478): Final simple tree
|( QUESTION1 -1 -3.258e+04 1.966e+02 1.453e+02
|    ( - -1.313e+04 1 0)
|    ( - -1.925e+04 2 0))
s>    ( QUESTION1 -1 -3.258e+04 1.966e+02 1.453e+02
s>        ( - -1.313e+04 1 0)
s>        ( - -1.925e+04 2 0))INFO: dtree.c(1439): stop. leaf nodes are specific
INFO: dtree.c(1478): Final simple tree
|( QUESTION1 -1 -1.208e+03 1.917e+02 6.000e+00
|    ( - -7.200e+02 1 0)
|    ( - -2.962e+02 1 0))
s>    ( QUESTION1 -1 -1.208e+03 1.917e+02 6.000e+00
s>        ( - -7.200e+02 1 0)
s>        ( - -2.962e+02 1 0))INFO: dtree.c(1315): Comp split 66
INFO: dtree.c(1439): stop. leaf nodes are specific
INFO: dtree.c(1478): Final simple tree
|( QUESTION1 -1 -9.911e+04 1.993e+02 4.463e+02
|    ( - -2.254e+02 1 0)
|    ( - -9.868e+04 4 0))
s>    ( QUESTION1 -1 -9.911e+04 1.993e+02 4.463e+02
s>        ( - -2.254e+02 1 0)
s>        ( - -9.868e+04 4 0))INFO: dtree.c(1315): Comp split 67
INFO: dtree.c(1439): stop. leaf nodes are specific
INFO: dtree.c(1478): Final simple tree
|( QUESTION0 -1 -6.223e+04 1.527e+02 2.889e+02
|    ( - -5.304e+04 1 0)
|    ( - -9.037e+03 1 0))
s>    ( QUESTION0 -1 -6.223e+04 1.527e+02 2.889e+02
s>        ( - -5.304e+04 1 0)
s>        ( - -9.037e+03 1 0))INFO: dtree.c(1439): stop. leaf nodes are specific
INFO: dtree.c(1478): Final simple tree
|( WDBNDRY_B 0 -5.166e+03 1.505e+02 2.400e+01
|    ( - -9.631e+02 1 0)
|    ( - -4.053e+03 1 0))
s>    ( WDBNDRY_B 0 -5.166e+03 1.505e+02 2.400e+01
s>        ( - -9.631e+02 1 0)
s>        ( - -4.053e+03 1 0))INFO: dtree.c(1315): Comp split 68
INFO: dtree.c(1315): Comp split 69
INFO: dtree.c(1315): Comp split 70
INFO: dtree.c(1439): stop. leaf nodes are specific
INFO: dtree.c(1478): Final simple tree
|( QUESTION4 -1 -9.695e+03 1.450e+02 4.647e+01
|    ( - -2.235e+03 1 0)
|    ( - -7.315e+03 1 0))
s>    ( QUESTION4 -1 -9.695e+03 1.450e+02 4.647e+01
s>        ( - -2.235e+03 1 0)
s>        ( - -7.315e+03 1 0))INFO: dtree.c(1315): Comp split 71
INFO: dtree.c(1315): Comp split 72
INFO: dtree.c(1315): Comp split 73
INFO: dtree.c(1315): Comp split 74
INFO: dtree.c(1315): Comp split 75
INFO: dtree.c(1315): Comp split 76
INFO: dtree.c(1439): stop. leaf nodes are specific
INFO: dtree.c(1478): Final simple tree
|( QUESTION0_2_R 1 -5.426e+03 1.217e+02 2.562e+01
|    ( - -4.989e+03 3 0)
|    ( - -3.151e+02 1 0))
s>    ( QUESTION0_2_R 1 -5.426e+03 1.217e+02 2.562e+01
s>        ( - -4.989e+03 3 0)
s>        ( - -3.151e+02 1 0))INFO: dtree.c(1315): Comp split 77
INFO: dtree.c(1439): stop. leaf nodes are specific
INFO: dtree.c(1478): Final simple tree
|( QUESTION1 -1 -1.195e+04 9.586e+01 5.320e+01
|    ( - -3.728e+03 1 0)
|    ( - -8.125e+03 1 0))
s>    ( QUESTION1 -1 -1.195e+04 9.586e+01 5.320e+01
s>        ( - -3.728e+03 1 0)
s>        ( - -8.125e+03 1 0))INFO: dtree.c(1315): Comp split 78
INFO: dtree.c(1315): Comp split 79
INFO: dtree.c(1315): Comp split 80
INFO: dtree.c(1315): Comp split 81
INFO: dtree.c(1315): Comp split 82
INFO: dtree.c(1315): Comp split 83
INFO: dtree.c(1315): Comp split 84
INFO: dtree.c(1315): Comp split 85
INFO: dtree.c(1315): Comp split 86
INFO: dtree.c(1315): Comp split 87
INFO: dtree.c(1439): stop. leaf nodes are specific
INFO: dtree.c(1478): Final simple tree
|( SILENCE -1 -1.123e+04 1.164e+02 4.980e+01
|    ( - -8.125e+03 1 0)
|    ( QUESTION0 -1 -2.991e+03 9.647e+01 1.398e+01
|        ( - -2.116e+03 1 0)
|        ( - -7.783e+02 1 0)))
s>    ( SILENCE -1 -1.123e+04 1.164e+02 4.980e+01
s>        ( - -8.125e+03 1 0)
s>        ( QUESTION0 -1 -2.991e+03 9.647e+01 1.398e+01
s>            ( - -2.116e+03 1 0)
s>            ( - -7.783e+02 1 0)))INFO: dtree.c(1315): Comp split 88
INFO: dtree.c(1315): Comp split 89
INFO: dtree.c(1439): stop. leaf nodes are specific
INFO: dtree.c(1478): Final simple tree
|( SILENCE 1 -3.452e+03 1.477e+02 1.601e+01
|    ( - -2.966e+02 1 0)
|    ( QUESTION0_7_R 1 -3.008e+03 1.181e+02 1.401e+01
|        ( - -1.886e+03 1 0)
|        ( - -1.003e+03 1 0)))
s>    ( SILENCE 1 -3.452e+03 1.477e+02 1.601e+01
s>        ( - -2.966e+02 1 0)
s>        ( QUESTION0_7_R 1 -3.008e+03 1.181e+02 1.401e+01
s>            ( - -1.886e+03 1 0)
s>            ( - -1.003e+03 1 0)))INFO: dtree.c(1439): stop. leaf nodes are specific
INFO: dtree.c(1478): Final simple tree
|( QUESTION0 -1 -2.863e+03 1.186e+02 1.348e+01
|    ( QUESTION0_2_R 1 -1.477e+03 1.208e+02 7.000e+00
|        ( - -5.491e+02 1 0)
|        ( - -8.073e+02 2 0))
|    ( - -1.267e+03 1 0))
s>    ( QUESTION0 -1 -2.863e+03 1.186e+02 1.348e+01
s>        ( QUESTION0_2_R 1 -1.477e+03 1.208e+02 7.000e+00
s>            ( - -5.491e+02 1 0)
s>            ( - -8.073e+02 2 0))
s>        ( - -1.267e+03 1 0))INFO: dtree.c(1315): Comp split 90
INFO: dtree.c(1315): Comp split 91
INFO: dtree.c(1315): Comp split 92
INFO: dtree.c(1439): stop. leaf nodes are specific
INFO: dtree.c(1478): Final simple tree
|( QUESTION0_7_R 1 -3.008e+03 1.181e+02 1.401e+01
|    ( - -1.886e+03 1 0)
|    ( - -1.003e+03 1 0))
s>    ( QUESTION0_7_R 1 -3.008e+03 1.181e+02 1.401e+01
s>        ( - -1.886e+03 1 0)
s>        ( - -1.003e+03 1 0))INFO: dtree.c(1315): Comp split 93
INFO: dtree.c(1315): Comp split 94
INFO: dtree.c(1439): stop. leaf nodes are specific
INFO: dtree.c(1478): Final simple tree
|( QUESTION0_2_R 1 -2.186e+03 1.116e+02 1.048e+01
|    ( - -1.267e+03 1 0)
|    ( - -8.073e+02 2 0))
s>    ( QUESTION0_2_R 1 -2.186e+03 1.116e+02 1.048e+01
s>        ( - -1.267e+03 1 0)
s>        ( - -8.073e+02 2 0))INFO: dtree.c(1315): Comp split 95
INFO: dtree.c(1315): Comp split 96
INFO: dtree.c(1315): Comp split 97
INFO: dtree.c(1315): Comp split 98
INFO: dtree.c(1315): Comp split 99
INFO: dtree.c(1439): stop. leaf nodes are specific
INFO: dtree.c(1478): Final simple tree
|( QUESTION0 -1 -2.991e+03 9.647e+01 1.398e+01
|    ( - -2.116e+03 1 0)
|    ( - -7.783e+02 1 0))
s>    ( QUESTION0 -1 -2.991e+03 9.647e+01 1.398e+01
s>        ( - -2.116e+03 1 0)
s>        ( - -7.783e+02 1 0))INFO: dtree.c(1315): Comp split 100
INFO: dtree.c(1315): Comp split 101
INFO: dtree.c(1315): Comp split 102
INFO: dtree.c(1315): Comp split 103
INFO: dtree.c(1318): stop. leaf nodes are specific
Sun Mar 19 21:50:58 2017
