Current configuration:
[NAME]		[DEFLT]	[VALUE]
-allphones	no	no
-cntthresh	0.00001	1.000000e-05
-csplitmax	100	2000
-csplitmin	1	1
-csplitthr	8e-4	0.000000e+00
-example	no	no
-fullvar	no	no
-help		no	no
-meanfn			/home/ilya/Рабочий стол/lab_sphinx/ru_base/model_parameters/ru_base.cd_cont_untied/means
-mixwfn			/home/ilya/Рабочий стол/lab_sphinx/ru_base/model_parameters/ru_base.cd_cont_untied/mixture_weights
-moddeffn		/home/ilya/Рабочий стол/lab_sphinx/ru_base/model_architecture/ru_base.untied.mdef
-mwfloor	1e-4	1.000000e-08
-phone			f
-psetfn			/home/ilya/Рабочий стол/lab_sphinx/ru_base/model_architecture/ru_base.tree_questions
-ssplitmax	5	7
-ssplitmin	1	1
-ssplitthr	8e-4	0.000000e+00
-state			1
-stwt			1.0,0.05,0.0,
-treefn			/home/ilya/Рабочий стол/lab_sphinx/ru_base/trees/ru_base.unpruned/f-1.dtree
-ts2cbfn	.semi.	.cont.
-varfloor	0.00001	1.000000e-05
-varfn			/home/ilya/Рабочий стол/lab_sphinx/ru_base/model_parameters/ru_base.cd_cont_untied/variances

INFO: main.c(223): Reading: /home/ilya/Рабочий стол/lab_sphinx/ru_base/model_architecture/ru_base.untied.mdef
INFO: model_def_io.c(573): Model definition info:
INFO: model_def_io.c(574): 9415 total models defined (43 base, 9372 tri)
INFO: model_def_io.c(575): 37660 total states
INFO: model_def_io.c(576): 28245 total tied states
INFO: model_def_io.c(577): 129 total tied CI states
INFO: model_def_io.c(578): 43 total tied transition matrices
INFO: model_def_io.c(579): 4 max state/model
INFO: model_def_io.c(580): 4 min state/model
INFO: main.c(242): Building trees for [f a0 a0 b] through [f u0 a0 b]
INFO: main.c(269): Covering states |[6783 6872]| == 90
INFO: main.c(275): Reading: /home/ilya/Рабочий стол/lab_sphinx/ru_base/model_parameters/ru_base.cd_cont_untied/mixture_weights
INFO: s3mixw_io.c(173): Read /home/ilya/Рабочий стол/lab_sphinx/ru_base/model_parameters/ru_base.cd_cont_untied/mixture_weights [90x1x1 array]
INFO: main.c(311): 30 of 30 models have observation count greater than 0.000010
INFO: main.c(95): nrm stwt: 0.045 0.909 0.045 
INFO: s3gau_io.c(169): Read /home/ilya/Рабочий стол/lab_sphinx/ru_base/model_parameters/ru_base.cd_cont_untied/means [28245x1x1 array]
INFO: s3gau_io.c(169): Read /home/ilya/Рабочий стол/lab_sphinx/ru_base/model_parameters/ru_base.cd_cont_untied/variances [28245x1x1 array]
INFO: main.c(549): Reading: /home/ilya/Рабочий стол/lab_sphinx/ru_base/model_architecture/ru_base.tree_questions
INFO: main.c(588): 180 total simple questions (172 phone; 8 word bndry)
INFO: main.c(590): 42 Left Only questions, and 42 Right Only questions
INFO: dtree.c(1478): Final simple tree
|( QUESTION0_14_R 1 -1.202e+05 5.404e+02 6.030e+02
|    ( QUESTION3 -1 -7.754e+04 4.333e+02 3.900e+02
|        ( - 1.730e+02 1 0)
|        ( QUESTION16 1 -7.728e+04 2.142e+02 3.890e+02
|            ( QUESTION20 -1 -4.688e+04 2.155e+02 2.346e+02
|                ( - -9.243e+03 3 0 WDBNDRY_B 0 1.738e+02 4.800e+01)
|                ( - -3.742e+04 13 0 QUESTION2_19_L -1 1.823e+02 1.866e+02))
|            ( QUESTION1 -1 -3.019e+04 2.222e+02 1.544e+02
|                ( - -6.066e+03 1 0)
|                ( QUESTION16 -1 -2.390e+04 2.113e+02 1.227e+02
|                    ( - -1.385e+04 4 0 QUESTION0 1 1.388e+02 7.074e+01)
|                    ( - -9.848e+03 6 0 WDBNDRY_B 0 1.610e+02 5.200e+01)))))
|    ( QUESTION0_0_R 1 -4.212e+04 4.444e+02 2.130e+02
|        ( - 2.168e+02 1 0)
|        ( - -4.189e+04 1 0)))
s>    ( QUESTION0_14_R 1 -1.202e+05 5.404e+02 6.030e+02
s>        ( QUESTION3 -1 -7.754e+04 4.333e+02 3.900e+02
s>            ( - 1.730e+02 1 0)
s>            ( QUESTION16 1 -7.728e+04 2.142e+02 3.890e+02
s>                ( QUESTION20 -1 -4.688e+04 2.155e+02 2.346e+02
s>                    ( - -9.243e+03 3 0 WDBNDRY_B 0 1.738e+02 4.800e+01)
s>                    ( - -3.742e+04 13 0 QUESTION2_19_L -1 1.823e+02 1.866e+02))
s>                ( QUESTION1 -1 -3.019e+04 2.222e+02 1.544e+02
s>                    ( - -6.066e+03 1 0)
s>                    ( QUESTION16 -1 -2.390e+04 2.113e+02 1.227e+02
s>                        ( - -1.385e+04 4 0 QUESTION0 1 1.388e+02 7.074e+01)
s>                        ( - -9.848e+03 6 0 WDBNDRY_B 0 1.610e+02 5.200e+01)))))
s>        ( QUESTION0_0_R 1 -4.212e+04 4.444e+02 2.130e+02
s>            ( - 2.168e+02 1 0)
s>            ( - -4.189e+04 1 0)))INFO: dtree.c(1315): Comp split 0
INFO: dtree.c(1478): Final simple tree
|( QUESTION3 -1 -7.754e+04 4.333e+02 3.900e+02
|    ( - 1.730e+02 1 0)
|    ( QUESTION16 1 -7.728e+04 2.142e+02 3.890e+02
|        ( QUESTION20 -1 -4.688e+04 2.155e+02 2.346e+02
|            ( - -9.243e+03 3 0 WDBNDRY_B 0 1.738e+02 4.800e+01)
|            ( QUESTION2_19_L -1 -3.742e+04 1.823e+02 1.866e+02
|                ( - -8.482e+03 2 0)
|                ( WDBNDRY_B 0 -2.875e+04 1.835e+02 1.436e+02
|                    ( - -1.647e+04 8 0 QUESTION0 -1 1.681e+02 8.192e+01)
|                    ( - -1.210e+04 3 0 QUESTION16 -1 1.673e+02 6.172e+01))))
|        ( QUESTION1 -1 -3.019e+04 2.222e+02 1.544e+02
|            ( - -6.066e+03 1 0)
|            ( QUESTION16 -1 -2.390e+04 2.113e+02 1.227e+02
|                ( - -1.385e+04 4 0 QUESTION0 1 1.388e+02 7.074e+01)
|                ( - -9.848e+03 6 0 WDBNDRY_B 0 1.610e+02 5.200e+01)))))
s>    ( QUESTION3 -1 -7.754e+04 4.333e+02 3.900e+02
s>        ( - 1.730e+02 1 0)
s>        ( QUESTION16 1 -7.728e+04 2.142e+02 3.890e+02
s>            ( QUESTION20 -1 -4.688e+04 2.155e+02 2.346e+02
s>                ( - -9.243e+03 3 0 WDBNDRY_B 0 1.738e+02 4.800e+01)
s>                ( QUESTION2_19_L -1 -3.742e+04 1.823e+02 1.866e+02
s>                    ( - -8.482e+03 2 0)
s>                    ( WDBNDRY_B 0 -2.875e+04 1.835e+02 1.436e+02
s>                        ( - -1.647e+04 8 0 QUESTION0 -1 1.681e+02 8.192e+01)
s>                        ( - -1.210e+04 3 0 QUESTION16 -1 1.673e+02 6.172e+01))))
s>            ( QUESTION1 -1 -3.019e+04 2.222e+02 1.544e+02
s>                ( - -6.066e+03 1 0)
s>                ( QUESTION16 -1 -2.390e+04 2.113e+02 1.227e+02
s>                    ( - -1.385e+04 4 0 QUESTION0 1 1.388e+02 7.074e+01)
s>                    ( - -9.848e+03 6 0 WDBNDRY_B 0 1.610e+02 5.200e+01)))))INFO: dtree.c(1439): stop. leaf nodes are specific
INFO: dtree.c(1478): Final simple tree
|( QUESTION0_0_R 1 -4.212e+04 4.444e+02 2.130e+02
|    ( - 2.168e+02 1 0)
|    ( - -4.189e+04 1 0))
s>    ( QUESTION0_0_R 1 -4.212e+04 4.444e+02 2.130e+02
s>        ( - 2.168e+02 1 0)
s>        ( - -4.189e+04 1 0))INFO: dtree.c(1315): Comp split 1
INFO: dtree.c(1315): Comp split 2
INFO: dtree.c(1478): Final simple tree
|( QUESTION16 1 -7.728e+04 2.142e+02 3.890e+02
|    ( QUESTION20 -1 -4.688e+04 2.155e+02 2.346e+02
|        ( WDBNDRY_B 0 -9.243e+03 1.738e+02 4.800e+01
|            ( - -4.391e+03 2 0)
|            ( - -4.678e+03 1 0))
|        ( QUESTION2_19_L -1 -3.742e+04 1.823e+02 1.866e+02
|            ( - -8.482e+03 2 0)
|            ( WDBNDRY_B 0 -2.875e+04 1.835e+02 1.436e+02
|                ( - -1.647e+04 8 0 QUESTION0 -1 1.681e+02 8.192e+01)
|                ( - -1.210e+04 3 0 QUESTION16 -1 1.673e+02 6.172e+01))))
|    ( QUESTION1 -1 -3.019e+04 2.222e+02 1.544e+02
|        ( - -6.066e+03 1 0)
|        ( QUESTION16 -1 -2.390e+04 2.113e+02 1.227e+02
|            ( - -1.385e+04 4 0 QUESTION0 1 1.388e+02 7.074e+01)
|            ( - -9.848e+03 6 0 WDBNDRY_B 0 1.610e+02 5.200e+01))))
s>    ( QUESTION16 1 -7.728e+04 2.142e+02 3.890e+02
s>        ( QUESTION20 -1 -4.688e+04 2.155e+02 2.346e+02
s>            ( WDBNDRY_B 0 -9.243e+03 1.738e+02 4.800e+01
s>                ( - -4.391e+03 2 0)
s>                ( - -4.678e+03 1 0))
s>            ( QUESTION2_19_L -1 -3.742e+04 1.823e+02 1.866e+02
s>                ( - -8.482e+03 2 0)
s>                ( WDBNDRY_B 0 -2.875e+04 1.835e+02 1.436e+02
s>                    ( - -1.647e+04 8 0 QUESTION0 -1 1.681e+02 8.192e+01)
s>                    ( - -1.210e+04 3 0 QUESTION16 -1 1.673e+02 6.172e+01))))
s>        ( QUESTION1 -1 -3.019e+04 2.222e+02 1.544e+02
s>            ( - -6.066e+03 1 0)
s>            ( QUESTION16 -1 -2.390e+04 2.113e+02 1.227e+02
s>                ( - -1.385e+04 4 0 QUESTION0 1 1.388e+02 7.074e+01)
s>                ( - -9.848e+03 6 0 WDBNDRY_B 0 1.610e+02 5.200e+01))))INFO: dtree.c(1315): Comp split 3
INFO: dtree.c(1478): Final simple tree
|( QUESTION15 1 -4.506e+04 1.685e+02 2.277e+02
|    ( QUESTION2_17_L -1 -2.521e+04 1.745e+02 1.269e+02
|        ( - -3.814e+03 1 0)
|        ( WDBNDRY_B 0 -2.122e+04 1.577e+02 1.080e+02
|            ( QUESTION16 1 -1.912e+04 1.703e+02 9.696e+01
|                ( QUESTION0 -1 -1.701e+04 1.539e+02 8.596e+01
|                    ( - -7.769e+02 1 0)
|                    ( - -1.608e+04 8 0 QUESTION14 -1 1.361e+02 8.096e+01))
|                ( - -1.939e+03 1 0))
|            ( - -1.944e+03 2 0 QUESTION16 -1 1.241e+02 1.100e+01)))
|    ( QUESTION16 -1 -1.968e+04 1.977e+02 1.007e+02
|        ( - -1.249e+04 3 0 WDBNDRY_B 0 1.242e+02 6.374e+01)
|        ( QUESTION0 1 -6.997e+03 1.604e+02 3.700e+01
|            ( - -5.239e+03 3 0 QUESTION0 -1 1.298e+02 2.800e+01)
|            ( - -1.597e+03 1 0))))
s>    ( QUESTION15 1 -4.506e+04 1.685e+02 2.277e+02
s>        ( QUESTION2_17_L -1 -2.521e+04 1.745e+02 1.269e+02
s>            ( - -3.814e+03 1 0)
s>            ( WDBNDRY_B 0 -2.122e+04 1.577e+02 1.080e+02
s>                ( QUESTION16 1 -1.912e+04 1.703e+02 9.696e+01
s>                    ( QUESTION0 -1 -1.701e+04 1.539e+02 8.596e+01
s>                        ( - -7.769e+02 1 0)
s>                        ( - -1.608e+04 8 0 QUESTION14 -1 1.361e+02 8.096e+01))
s>                    ( - -1.939e+03 1 0))
s>                ( - -1.944e+03 2 0 QUESTION16 -1 1.241e+02 1.100e+01)))
s>        ( QUESTION16 -1 -1.968e+04 1.977e+02 1.007e+02
s>            ( - -1.249e+04 3 0 WDBNDRY_B 0 1.242e+02 6.374e+01)
s>            ( QUESTION0 1 -6.997e+03 1.604e+02 3.700e+01
s>                ( - -5.239e+03 3 0 QUESTION0 -1 1.298e+02 2.800e+01)
s>                ( - -1.597e+03 1 0))))INFO: dtree.c(1439): stop. leaf nodes are specific
INFO: dtree.c(1478): Final simple tree
|( QUESTION20 -1 -3.190e+04 2.180e+02 1.613e+02
|    ( - -4.678e+03 1 0)
|    ( QUESTION0 -1 -2.701e+04 2.036e+02 1.363e+02
|        ( - -6.066e+03 1 0)
|        ( QUESTION16 -1 -2.074e+04 1.613e+02 1.047e+02
|            ( - -1.051e+03 1 0)
|            ( WDBNDRY_B 0 -1.952e+04 1.574e+02 9.870e+01
|                ( - -8.482e+03 2 0)
|                ( QUESTION14 -1 -1.088e+04 1.541e+02 5.572e+01
|                    ( - -2.658e+03 1 0)
|                    ( - -8.071e+03 1 0))))))
s>    ( QUESTION20 -1 -3.190e+04 2.180e+02 1.613e+02
s>        ( - -4.678e+03 1 0)
s>        ( QUESTION0 -1 -2.701e+04 2.036e+02 1.363e+02
s>            ( - -6.066e+03 1 0)
s>            ( QUESTION16 -1 -2.074e+04 1.613e+02 1.047e+02
s>                ( - -1.051e+03 1 0)
s>                ( WDBNDRY_B 0 -1.952e+04 1.574e+02 9.870e+01
s>                    ( - -8.482e+03 2 0)
s>                    ( QUESTION14 -1 -1.088e+04 1.541e+02 5.572e+01
s>                        ( - -2.658e+03 1 0)
s>                        ( - -8.071e+03 1 0))))))INFO: dtree.c(1315): Comp split 4
INFO: dtree.c(1439): stop. leaf nodes are specific
INFO: dtree.c(1478): Final simple tree
|( QUESTION14 -1 -7.445e+03 1.093e+02 3.900e+01
|    ( - -2.658e+03 1 0)
|    ( - -4.678e+03 1 0))
s>    ( QUESTION14 -1 -7.445e+03 1.093e+02 3.900e+01
s>        ( - -2.658e+03 1 0)
s>        ( - -4.678e+03 1 0))INFO: dtree.c(1439): stop. leaf nodes are specific
INFO: dtree.c(1478): Final simple tree
|( QUESTION0 -1 -2.416e+04 2.072e+02 1.223e+02
|    ( - -6.066e+03 1 0)
|    ( QUESTION16 -1 -1.788e+04 1.621e+02 9.070e+01
|        ( - -1.051e+03 1 0)
|        ( WDBNDRY_B 0 -1.667e+04 1.158e+02 8.470e+01
|            ( - -8.482e+03 2 0)
|            ( - -8.071e+03 1 0))))
s>    ( QUESTION0 -1 -2.416e+04 2.072e+02 1.223e+02
s>        ( - -6.066e+03 1 0)
s>        ( QUESTION16 -1 -1.788e+04 1.621e+02 9.070e+01
s>            ( - -1.051e+03 1 0)
s>            ( WDBNDRY_B 0 -1.667e+04 1.158e+02 8.470e+01
s>                ( - -8.482e+03 2 0)
s>                ( - -8.071e+03 1 0))))INFO: dtree.c(1315): Comp split 5
INFO: dtree.c(1439): stop. leaf nodes are specific
INFO: dtree.c(1478): Final simple tree
|( QUESTION0 1 -7.318e+03 1.394e+02 3.900e+01
|    ( QUESTION0 -1 -5.239e+03 1.298e+02 2.800e+01
|        ( QUESTION11 -1 -2.408e+03 1.048e+02 1.300e+01
|            ( - -1.047e+03 1 0)
|            ( - -1.256e+03 1 0))
|        ( - -2.702e+03 1 0))
|    ( - -1.939e+03 1 0))
s>    ( QUESTION0 1 -7.318e+03 1.394e+02 3.900e+01
s>        ( QUESTION0 -1 -5.239e+03 1.298e+02 2.800e+01
s>            ( QUESTION11 -1 -2.408e+03 1.048e+02 1.300e+01
s>                ( - -1.047e+03 1 0)
s>                ( - -1.256e+03 1 0))
s>            ( - -2.702e+03 1 0))
s>        ( - -1.939e+03 1 0))INFO: dtree.c(1478): Final simple tree
|( QUESTION0 1 -3.751e+04 1.884e+02 1.887e+02
|    ( WDBNDRY_B 0 -1.249e+04 1.242e+02 6.374e+01
|        ( - -1.161e+04 2 0)
|        ( - -7.516e+02 1 0))
|    ( QUESTION2_17_L -1 -2.483e+04 1.861e+02 1.249e+02
|        ( - -3.814e+03 1 0)
|        ( WDBNDRY_B 0 -2.083e+04 1.562e+02 1.060e+02
|            ( QUESTION0 -1 -1.873e+04 1.533e+02 9.496e+01
|                ( - -7.769e+02 1 0)
|                ( QUESTION14 -1 -1.780e+04 1.385e+02 8.996e+01
|                    ( - -1.070e+03 1 0)
|                    ( QUESTION20 -1 -1.660e+04 1.426e+02 8.396e+01
|                        ( - -6.102e+03 3 0 QUESTION14 1 1.139e+02 3.200e+01)
|                        ( - -1.035e+04 5 0 QUESTION16 -1 1.108e+02 5.196e+01))))
|            ( - -1.944e+03 2 0 QUESTION16 -1 1.241e+02 1.100e+01))))
s>    ( QUESTION0 1 -3.751e+04 1.884e+02 1.887e+02
s>        ( WDBNDRY_B 0 -1.249e+04 1.242e+02 6.374e+01
s>            ( - -1.161e+04 2 0)
s>            ( - -7.516e+02 1 0))
s>        ( QUESTION2_17_L -1 -2.483e+04 1.861e+02 1.249e+02
s>            ( - -3.814e+03 1 0)
s>            ( WDBNDRY_B 0 -2.083e+04 1.562e+02 1.060e+02
s>                ( QUESTION0 -1 -1.873e+04 1.533e+02 9.496e+01
s>                    ( - -7.769e+02 1 0)
s>                    ( QUESTION14 -1 -1.780e+04 1.385e+02 8.996e+01
s>                        ( - -1.070e+03 1 0)
s>                        ( QUESTION20 -1 -1.660e+04 1.426e+02 8.396e+01
s>                            ( - -6.102e+03 3 0 QUESTION14 1 1.139e+02 3.200e+01)
s>                            ( - -1.035e+04 5 0 QUESTION16 -1 1.108e+02 5.196e+01))))
s>                ( - -1.944e+03 2 0 QUESTION16 -1 1.241e+02 1.100e+01))))INFO: dtree.c(1315): Comp split 6
INFO: dtree.c(1439): stop. leaf nodes are specific
INFO: dtree.c(1478): Final simple tree
|( QUESTION2_20_L -1 -9.098e+03 1.537e+02 4.700e+01
|    ( WDBNDRY_B 0 -1.915e+03 9.347e+01 1.000e+01
|        ( - -1.070e+03 1 0)
|        ( - -7.516e+02 1 0))
|    ( QUESTION0 -1 -7.029e+03 1.499e+02 3.700e+01
|        ( - -7.769e+02 1 0)
|        ( QUESTION14 1 -6.102e+03 1.139e+02 3.200e+01
|            ( - -1.597e+03 1 0)
|            ( - -4.391e+03 2 0))))
s>    ( QUESTION2_20_L -1 -9.098e+03 1.537e+02 4.700e+01
s>        ( WDBNDRY_B 0 -1.915e+03 9.347e+01 1.000e+01
s>            ( - -1.070e+03 1 0)
s>            ( - -7.516e+02 1 0))
s>        ( QUESTION0 -1 -7.029e+03 1.499e+02 3.700e+01
s>            ( - -7.769e+02 1 0)
s>            ( QUESTION14 1 -6.102e+03 1.139e+02 3.200e+01
s>                ( - -1.597e+03 1 0)
s>                ( - -4.391e+03 2 0))))INFO: dtree.c(1439): stop. leaf nodes are specific
INFO: dtree.c(1478): Final simple tree
|( QUESTION14 -1 -2.819e+04 1.691e+02 1.417e+02
|    ( - -3.814e+03 1 0)
|    ( WDBNDRY_B 0 -2.421e+04 1.578e+02 1.227e+02
|        ( QUESTION0 1 -2.211e+04 1.460e+02 1.117e+02
|            ( - -1.161e+04 2 0)
|            ( QUESTION16 -1 -1.035e+04 1.108e+02 5.196e+01
|                ( - -9.149e+03 4 0)
|                ( - -1.090e+03 1 0)))
|        ( QUESTION16 -1 -1.944e+03 1.241e+02 1.100e+01
|            ( - -1.217e+03 1 0)
|            ( - -6.029e+02 1 0))))
s>    ( QUESTION14 -1 -2.819e+04 1.691e+02 1.417e+02
s>        ( - -3.814e+03 1 0)
s>        ( WDBNDRY_B 0 -2.421e+04 1.578e+02 1.227e+02
s>            ( QUESTION0 1 -2.211e+04 1.460e+02 1.117e+02
s>                ( - -1.161e+04 2 0)
s>                ( QUESTION16 -1 -1.035e+04 1.108e+02 5.196e+01
s>                    ( - -9.149e+03 4 0)
s>                    ( - -1.090e+03 1 0)))
s>            ( QUESTION16 -1 -1.944e+03 1.241e+02 1.100e+01
s>                ( - -1.217e+03 1 0)
s>                ( - -6.029e+02 1 0))))INFO: dtree.c(1315): Comp split 7
INFO: dtree.c(1439): stop. leaf nodes are specific
INFO: dtree.c(1478): Final simple tree
|( WDBNDRY_B 0 -1.667e+04 1.158e+02 8.470e+01
|    ( - -8.482e+03 2 0)
|    ( - -8.071e+03 1 0))
s>    ( WDBNDRY_B 0 -1.667e+04 1.158e+02 8.470e+01
s>        ( - -8.482e+03 2 0)
s>        ( - -8.071e+03 1 0))INFO: dtree.c(1439): stop. leaf nodes are specific
INFO: dtree.c(1478): Final simple tree
|( WDBNDRY_B 0 -7.271e+03 1.546e+02 3.762e+01
|    ( - -6.066e+03 1 0)
|    ( - -1.051e+03 1 0))
s>    ( WDBNDRY_B 0 -7.271e+03 1.546e+02 3.762e+01
s>        ( - -6.066e+03 1 0)
s>        ( - -1.051e+03 1 0))INFO: dtree.c(1315): Comp split 8
INFO: dtree.c(1439): stop. leaf nodes are specific
INFO: dtree.c(1478): Final simple tree
|( QUESTION14 -1 -1.310e+04 1.332e+02 6.492e+01
|    ( - -3.814e+03 1 0)
|    ( - -9.149e+03 4 0))
s>    ( QUESTION14 -1 -1.310e+04 1.332e+02 6.492e+01
s>        ( - -3.814e+03 1 0)
s>        ( - -9.149e+03 4 0))INFO: dtree.c(1439): stop. leaf nodes are specific
INFO: dtree.c(1478): Final simple tree
|( WDBNDRY_B 0 -1.493e+04 1.623e+02 7.674e+01
|    ( QUESTION0 1 -1.282e+04 1.189e+02 6.574e+01
|        ( - -1.161e+04 2 0)
|        ( - -1.090e+03 1 0))
|    ( QUESTION16 -1 -1.944e+03 1.241e+02 1.100e+01
|        ( - -1.217e+03 1 0)
|        ( - -6.029e+02 1 0)))
s>    ( WDBNDRY_B 0 -1.493e+04 1.623e+02 7.674e+01
s>        ( QUESTION0 1 -1.282e+04 1.189e+02 6.574e+01
s>            ( - -1.161e+04 2 0)
s>            ( - -1.090e+03 1 0))
s>        ( QUESTION16 -1 -1.944e+03 1.241e+02 1.100e+01
s>            ( - -1.217e+03 1 0)
s>            ( - -6.029e+02 1 0)))INFO: dtree.c(1315): Comp split 9
INFO: dtree.c(1439): stop. leaf nodes are specific
INFO: dtree.c(1478): Final simple tree
|( QUESTION0 1 -1.282e+04 1.189e+02 6.574e+01
|    ( - -1.161e+04 2 0)
|    ( - -1.090e+03 1 0))
s>    ( QUESTION0 1 -1.282e+04 1.189e+02 6.574e+01
s>        ( - -1.161e+04 2 0)
s>        ( - -1.090e+03 1 0))INFO: dtree.c(1439): stop. leaf nodes are specific
INFO: dtree.c(1478): Final simple tree
|( QUESTION16 -1 -1.944e+03 1.241e+02 1.100e+01
|    ( - -1.217e+03 1 0)
|    ( - -6.029e+02 1 0))
s>    ( QUESTION16 -1 -1.944e+03 1.241e+02 1.100e+01
s>        ( - -1.217e+03 1 0)
s>        ( - -6.029e+02 1 0))INFO: dtree.c(1315): Comp split 10
INFO: dtree.c(1315): Comp split 11
INFO: dtree.c(1439): stop. leaf nodes are specific
INFO: dtree.c(1478): Final simple tree
|( QUESTION0 -1 -7.029e+03 1.499e+02 3.700e+01
|    ( - -7.769e+02 1 0)
|    ( QUESTION14 1 -6.102e+03 1.139e+02 3.200e+01
|        ( - -1.597e+03 1 0)
|        ( - -4.391e+03 2 0)))
s>    ( QUESTION0 -1 -7.029e+03 1.499e+02 3.700e+01
s>        ( - -7.769e+02 1 0)
s>        ( QUESTION14 1 -6.102e+03 1.139e+02 3.200e+01
s>            ( - -1.597e+03 1 0)
s>            ( - -4.391e+03 2 0)))INFO: dtree.c(1439): stop. leaf nodes are specific
INFO: dtree.c(1478): Final simple tree
|( WDBNDRY_B 0 -1.915e+03 9.347e+01 1.000e+01
|    ( - -1.070e+03 1 0)
|    ( - -7.516e+02 1 0))
s>    ( WDBNDRY_B 0 -1.915e+03 9.347e+01 1.000e+01
s>        ( - -1.070e+03 1 0)
s>        ( - -7.516e+02 1 0))INFO: dtree.c(1315): Comp split 12
INFO: dtree.c(1439): stop. leaf nodes are specific
INFO: dtree.c(1478): Final simple tree
|( QUESTION14 1 -6.102e+03 1.139e+02 3.200e+01
|    ( - -1.597e+03 1 0)
|    ( - -4.391e+03 2 0))
s>    ( QUESTION14 1 -6.102e+03 1.139e+02 3.200e+01
s>        ( - -1.597e+03 1 0)
s>        ( - -4.391e+03 2 0))INFO: dtree.c(1315): Comp split 13
INFO: dtree.c(1439): stop. leaf nodes are specific
INFO: dtree.c(1478): Final simple tree
|( QUESTION0 -1 -5.239e+03 1.298e+02 2.800e+01
|    ( QUESTION11 -1 -2.408e+03 1.048e+02 1.300e+01
|        ( - -1.047e+03 1 0)
|        ( - -1.256e+03 1 0))
|    ( - -2.702e+03 1 0))
s>    ( QUESTION0 -1 -5.239e+03 1.298e+02 2.800e+01
s>        ( QUESTION11 -1 -2.408e+03 1.048e+02 1.300e+01
s>            ( - -1.047e+03 1 0)
s>            ( - -1.256e+03 1 0))
s>        ( - -2.702e+03 1 0))INFO: dtree.c(1315): Comp split 14
INFO: dtree.c(1315): Comp split 15
INFO: dtree.c(1439): stop. leaf nodes are specific
INFO: dtree.c(1478): Final simple tree
|( QUESTION11 -1 -2.408e+03 1.048e+02 1.300e+01
|    ( - -1.047e+03 1 0)
|    ( - -1.256e+03 1 0))
s>    ( QUESTION11 -1 -2.408e+03 1.048e+02 1.300e+01
s>        ( - -1.047e+03 1 0)
s>        ( - -1.256e+03 1 0))INFO: dtree.c(1315): Comp split 16
INFO: dtree.c(1315): Comp split 17
INFO: dtree.c(1315): Comp split 18
INFO: dtree.c(1315): Comp split 19
INFO: dtree.c(1315): Comp split 20
INFO: dtree.c(1315): Comp split 21
INFO: dtree.c(1315): Comp split 22
INFO: dtree.c(1315): Comp split 23
INFO: dtree.c(1318): stop. leaf nodes are specific
Sun Mar 19 21:50:42 2017
