Current configuration:
[NAME]		[DEFLT]	[VALUE]
-allphones	no	no
-cntthresh	0.00001	1.000000e-05
-csplitmax	100	2000
-csplitmin	1	1
-csplitthr	8e-4	0.000000e+00
-example	no	no
-fullvar	no	no
-help		no	no
-meanfn			/home/ilya/Рабочий стол/lab_sphinx/ru_base/model_parameters/ru_base.cd_cont_untied/means
-mixwfn			/home/ilya/Рабочий стол/lab_sphinx/ru_base/model_parameters/ru_base.cd_cont_untied/mixture_weights
-moddeffn		/home/ilya/Рабочий стол/lab_sphinx/ru_base/model_architecture/ru_base.untied.mdef
-mwfloor	1e-4	1.000000e-08
-phone			sch
-psetfn			/home/ilya/Рабочий стол/lab_sphinx/ru_base/model_architecture/ru_base.tree_questions
-ssplitmax	5	7
-ssplitmin	1	1
-ssplitthr	8e-4	0.000000e+00
-state			0
-stwt			1.0,0.05,0.0,
-treefn			/home/ilya/Рабочий стол/lab_sphinx/ru_base/trees/ru_base.unpruned/sch-0.dtree
-ts2cbfn	.semi.	.cont.
-varfloor	0.00001	1.000000e-05
-varfn			/home/ilya/Рабочий стол/lab_sphinx/ru_base/model_parameters/ru_base.cd_cont_untied/variances

INFO: main.c(223): Reading: /home/ilya/Рабочий стол/lab_sphinx/ru_base/model_architecture/ru_base.untied.mdef
INFO: model_def_io.c(573): Model definition info:
INFO: model_def_io.c(574): 9415 total models defined (43 base, 9372 tri)
INFO: model_def_io.c(575): 37660 total states
INFO: model_def_io.c(576): 28245 total tied states
INFO: model_def_io.c(577): 129 total tied CI states
INFO: model_def_io.c(578): 43 total tied transition matrices
INFO: model_def_io.c(579): 4 max state/model
INFO: model_def_io.c(580): 4 min state/model
INFO: main.c(242): Building trees for [sch SIL u0 b] through [sch y0 i0 i]
INFO: main.c(269): Covering states |[20889 21002]| == 114
INFO: main.c(275): Reading: /home/ilya/Рабочий стол/lab_sphinx/ru_base/model_parameters/ru_base.cd_cont_untied/mixture_weights
INFO: s3mixw_io.c(173): Read /home/ilya/Рабочий стол/lab_sphinx/ru_base/model_parameters/ru_base.cd_cont_untied/mixture_weights [114x1x1 array]
INFO: main.c(311): 36 of 38 models have observation count greater than 0.000010
INFO: main.c(95): nrm stwt: 0.952 0.048 0.000 
INFO: s3gau_io.c(169): Read /home/ilya/Рабочий стол/lab_sphinx/ru_base/model_parameters/ru_base.cd_cont_untied/means [28245x1x1 array]
INFO: s3gau_io.c(169): Read /home/ilya/Рабочий стол/lab_sphinx/ru_base/model_parameters/ru_base.cd_cont_untied/variances [28245x1x1 array]
INFO: main.c(549): Reading: /home/ilya/Рабочий стол/lab_sphinx/ru_base/model_architecture/ru_base.tree_questions
INFO: main.c(588): 180 total simple questions (172 phone; 8 word bndry)
INFO: main.c(590): 42 Left Only questions, and 42 Right Only questions
INFO: dtree.c(1478): Final simple tree
|( QUESTION16 -1 -9.925e+05 4.146e+03 4.275e+03
|    ( - -3.302e+05 10 0 WDBNDRY_B 0 3.080e+02 1.431e+03)
|    ( QUESTION15 -1 -6.582e+05 2.054e+03 2.843e+03
|        ( QUESTION16 1 -2.421e+05 5.295e+02 1.052e+03
|            ( - -1.041e+05 3 0 QUESTION20 -1 2.837e+02 4.562e+02)
|            ( QUESTION20 -1 -1.374e+05 4.411e+02 5.960e+02
|                ( - -5.840e+04 4 0 QUESTION0_14_R 1 2.362e+02 2.546e+02)
|                ( - -7.857e+04 6 0 QUESTION20 1 3.272e+02 3.414e+02)))
|        ( QUESTION2_14_L -1 -4.141e+05 1.154e+03 1.791e+03
|            ( - -1.773e+05 3 0 QUESTION20 1 1.673e+02 7.685e+02)
|            ( QUESTION20 1 -2.356e+05 9.852e+02 1.022e+03
|                ( QUESTION0 -1 -1.598e+05 7.451e+02 7.010e+02
|                    ( - -4.286e+04 3 0 QUESTION11 -1 4.137e+02 1.895e+02)
|                    ( - -1.162e+05 2 0))
|                ( - -7.482e+04 5 0 QUESTION11 -1 4.404e+02 3.214e+02)))))
s>    ( QUESTION16 -1 -9.925e+05 4.146e+03 4.275e+03
s>        ( - -3.302e+05 10 0 WDBNDRY_B 0 3.080e+02 1.431e+03)
s>        ( QUESTION15 -1 -6.582e+05 2.054e+03 2.843e+03
s>            ( QUESTION16 1 -2.421e+05 5.295e+02 1.052e+03
s>                ( - -1.041e+05 3 0 QUESTION20 -1 2.837e+02 4.562e+02)
s>                ( QUESTION20 -1 -1.374e+05 4.411e+02 5.960e+02
s>                    ( - -5.840e+04 4 0 QUESTION0_14_R 1 2.362e+02 2.546e+02)
s>                    ( - -7.857e+04 6 0 QUESTION20 1 3.272e+02 3.414e+02)))
s>            ( QUESTION2_14_L -1 -4.141e+05 1.154e+03 1.791e+03
s>                ( - -1.773e+05 3 0 QUESTION20 1 1.673e+02 7.685e+02)
s>                ( QUESTION20 1 -2.356e+05 9.852e+02 1.022e+03
s>                    ( QUESTION0 -1 -1.598e+05 7.451e+02 7.010e+02
s>                        ( - -4.286e+04 3 0 QUESTION11 -1 4.137e+02 1.895e+02)
s>                        ( - -1.162e+05 2 0))
s>                    ( - -7.482e+04 5 0 QUESTION11 -1 4.404e+02 3.214e+02)))))INFO: dtree.c(1315): Comp split 0
INFO: dtree.c(1478): Final simple tree
|( QUESTION15 -1 -6.582e+05 2.054e+03 2.843e+03
|    ( QUESTION16 1 -2.421e+05 5.295e+02 1.052e+03
|        ( - -1.041e+05 3 0 QUESTION20 -1 2.837e+02 4.562e+02)
|        ( QUESTION20 -1 -1.374e+05 4.411e+02 5.960e+02
|            ( - -5.840e+04 4 0 QUESTION0_14_R 1 2.362e+02 2.546e+02)
|            ( - -7.857e+04 6 0 QUESTION20 1 3.272e+02 3.414e+02)))
|    ( QUESTION2_14_L -1 -4.141e+05 1.154e+03 1.791e+03
|        ( - -1.773e+05 3 0 QUESTION20 1 1.673e+02 7.685e+02)
|        ( QUESTION20 1 -2.356e+05 9.852e+02 1.022e+03
|            ( QUESTION0 -1 -1.598e+05 7.451e+02 7.010e+02
|                ( - -4.286e+04 3 0 QUESTION11 -1 4.137e+02 1.895e+02)
|                ( - -1.162e+05 2 0))
|            ( QUESTION11 -1 -7.482e+04 4.404e+02 3.214e+02
|                ( - -2.833e+04 1 0)
|                ( - -4.605e+04 4 0 QUESTION13 -1 3.641e+02 2.005e+02)))))
s>    ( QUESTION15 -1 -6.582e+05 2.054e+03 2.843e+03
s>        ( QUESTION16 1 -2.421e+05 5.295e+02 1.052e+03
s>            ( - -1.041e+05 3 0 QUESTION20 -1 2.837e+02 4.562e+02)
s>            ( QUESTION20 -1 -1.374e+05 4.411e+02 5.960e+02
s>                ( - -5.840e+04 4 0 QUESTION0_14_R 1 2.362e+02 2.546e+02)
s>                ( - -7.857e+04 6 0 QUESTION20 1 3.272e+02 3.414e+02)))
s>        ( QUESTION2_14_L -1 -4.141e+05 1.154e+03 1.791e+03
s>            ( - -1.773e+05 3 0 QUESTION20 1 1.673e+02 7.685e+02)
s>            ( QUESTION20 1 -2.356e+05 9.852e+02 1.022e+03
s>                ( QUESTION0 -1 -1.598e+05 7.451e+02 7.010e+02
s>                    ( - -4.286e+04 3 0 QUESTION11 -1 4.137e+02 1.895e+02)
s>                    ( - -1.162e+05 2 0))
s>                ( QUESTION11 -1 -7.482e+04 4.404e+02 3.214e+02
s>                    ( - -2.833e+04 1 0)
s>                    ( - -4.605e+04 4 0 QUESTION13 -1 3.641e+02 2.005e+02)))))INFO: dtree.c(1439): stop. leaf nodes are specific
INFO: dtree.c(1478): Final simple tree
|( WDBNDRY_B 0 -3.302e+05 3.080e+02 1.431e+03
|    ( QUESTION20 1 -6.076e+04 4.498e+02 2.598e+02
|        ( - -3.563e+04 1 0)
|        ( - -2.468e+04 1 0))
|    ( QUESTION20 1 -2.691e+05 4.336e+02 1.172e+03
|        ( - -7.905e+04 2 0)
|        ( QUESTION0_14_R 1 -1.897e+05 2.064e+02 8.265e+02
|            ( QUESTION14 1 -1.124e+04 1.382e+02 4.921e+01
|                ( - -5.770e+03 2 0)
|                ( - -5.329e+03 2 0))
|            ( - -1.782e+05 2 0))))
s>    ( WDBNDRY_B 0 -3.302e+05 3.080e+02 1.431e+03
s>        ( QUESTION20 1 -6.076e+04 4.498e+02 2.598e+02
s>            ( - -3.563e+04 1 0)
s>            ( - -2.468e+04 1 0))
s>        ( QUESTION20 1 -2.691e+05 4.336e+02 1.172e+03
s>            ( - -7.905e+04 2 0)
s>            ( QUESTION0_14_R 1 -1.897e+05 2.064e+02 8.265e+02
s>                ( QUESTION14 1 -1.124e+04 1.382e+02 4.921e+01
s>                    ( - -5.770e+03 2 0)
s>                    ( - -5.329e+03 2 0))
s>                ( - -1.782e+05 2 0))))INFO: dtree.c(1315): Comp split 1
INFO: dtree.c(1439): stop. leaf nodes are specific
INFO: dtree.c(1478): Final simple tree
|( QUESTION12 -1 -1.181e+05 5.790e+02 5.109e+02
|    ( QUESTION20 1 -4.056e+04 2.096e+02 1.778e+02
|        ( - -1.937e+04 2 0)
|        ( QUESTION0_14_R 1 -2.099e+04 1.469e+02 9.234e+01
|            ( - -7.666e+02 1 0)
|            ( - -2.008e+04 1 0)))
|    ( QUESTION13 -1 -7.695e+04 4.863e+02 3.330e+02
|        ( - -2.410e+04 1 0)
|        ( WDBNDRY_B 0 -5.236e+04 3.599e+02 2.269e+02
|            ( SILENCE -1 -2.892e+04 1.862e+02 1.229e+02
|                ( - -4.079e+02 1 0)
|                ( - -2.833e+04 1 0))
|            ( - -2.309e+04 1 0))))
s>    ( QUESTION12 -1 -1.181e+05 5.790e+02 5.109e+02
s>        ( QUESTION20 1 -4.056e+04 2.096e+02 1.778e+02
s>            ( - -1.937e+04 2 0)
s>            ( QUESTION0_14_R 1 -2.099e+04 1.469e+02 9.234e+01
s>                ( - -7.666e+02 1 0)
s>                ( - -2.008e+04 1 0)))
s>        ( QUESTION13 -1 -7.695e+04 4.863e+02 3.330e+02
s>            ( - -2.410e+04 1 0)
s>            ( WDBNDRY_B 0 -5.236e+04 3.599e+02 2.269e+02
s>                ( SILENCE -1 -2.892e+04 1.862e+02 1.229e+02
s>                    ( - -4.079e+02 1 0)
s>                    ( - -2.833e+04 1 0))
s>                ( - -2.309e+04 1 0))))INFO: dtree.c(1478): Final simple tree
|( QUESTION14 -1 -5.379e+05 1.261e+03 2.332e+03
|    ( QUESTION2_14_L -1 -2.946e+05 1.086e+03 1.280e+03
|        ( - -1.773e+05 3 0 QUESTION20 1 1.673e+02 7.685e+02)
|        ( - -1.162e+05 2 0))
|    ( QUESTION16 1 -2.421e+05 5.295e+02 1.052e+03
|        ( QUESTION20 -1 -1.041e+05 2.837e+02 4.562e+02
|            ( - -2.729e+04 1 0)
|            ( - -7.654e+04 2 0))
|        ( QUESTION20 -1 -1.374e+05 4.411e+02 5.960e+02
|            ( QUESTION0_14_R 1 -5.840e+04 2.362e+02 2.546e+02
|                ( - -2.600e+04 2 0 WDBNDRY_B 0 2.205e+02 1.129e+02)
|                ( - -3.216e+04 2 0 WDBNDRY_E 0 1.374e+02 1.418e+02))
|            ( QUESTION20 1 -7.857e+04 3.272e+02 3.414e+02
|                ( - -9.026e+03 2 0 QUESTION18 -1 1.249e+02 3.970e+01)
|                ( - -6.922e+04 4 0 QUESTION18 -1 2.303e+02 3.017e+02)))))
s>    ( QUESTION14 -1 -5.379e+05 1.261e+03 2.332e+03
s>        ( QUESTION2_14_L -1 -2.946e+05 1.086e+03 1.280e+03
s>            ( - -1.773e+05 3 0 QUESTION20 1 1.673e+02 7.685e+02)
s>            ( - -1.162e+05 2 0))
s>        ( QUESTION16 1 -2.421e+05 5.295e+02 1.052e+03
s>            ( QUESTION20 -1 -1.041e+05 2.837e+02 4.562e+02
s>                ( - -2.729e+04 1 0)
s>                ( - -7.654e+04 2 0))
s>            ( QUESTION20 -1 -1.374e+05 4.411e+02 5.960e+02
s>                ( QUESTION0_14_R 1 -5.840e+04 2.362e+02 2.546e+02
s>                    ( - -2.600e+04 2 0 WDBNDRY_B 0 2.205e+02 1.129e+02)
s>                    ( - -3.216e+04 2 0 WDBNDRY_E 0 1.374e+02 1.418e+02))
s>                ( QUESTION20 1 -7.857e+04 3.272e+02 3.414e+02
s>                    ( - -9.026e+03 2 0 QUESTION18 -1 1.249e+02 3.970e+01)
s>                    ( - -6.922e+04 4 0 QUESTION18 -1 2.303e+02 3.017e+02)))))INFO: dtree.c(1315): Comp split 2
INFO: dtree.c(1478): Final simple tree
|( QUESTION16 1 -2.421e+05 5.295e+02 1.052e+03
|    ( QUESTION20 -1 -1.041e+05 2.837e+02 4.562e+02
|        ( - -2.729e+04 1 0)
|        ( - -7.654e+04 2 0))
|    ( QUESTION20 -1 -1.374e+05 4.411e+02 5.960e+02
|        ( QUESTION0_14_R 1 -5.840e+04 2.362e+02 2.546e+02
|            ( WDBNDRY_B 0 -2.600e+04 2.205e+02 1.129e+02
|                ( - -1.205e+03 1 0)
|                ( - -2.458e+04 1 0))
|            ( - -3.216e+04 2 0 WDBNDRY_E 0 1.374e+02 1.418e+02))
|        ( QUESTION20 1 -7.857e+04 3.272e+02 3.414e+02
|            ( - -9.026e+03 2 0 QUESTION18 -1 1.249e+02 3.970e+01)
|            ( QUESTION18 -1 -6.922e+04 2.303e+02 3.017e+02
|                ( - -2.659e+03 1 0)
|                ( - -6.633e+04 3 0 WDBNDRY_B 0 1.597e+02 2.897e+02)))))
s>    ( QUESTION16 1 -2.421e+05 5.295e+02 1.052e+03
s>        ( QUESTION20 -1 -1.041e+05 2.837e+02 4.562e+02
s>            ( - -2.729e+04 1 0)
s>            ( - -7.654e+04 2 0))
s>        ( QUESTION20 -1 -1.374e+05 4.411e+02 5.960e+02
s>            ( QUESTION0_14_R 1 -5.840e+04 2.362e+02 2.546e+02
s>                ( WDBNDRY_B 0 -2.600e+04 2.205e+02 1.129e+02
s>                    ( - -1.205e+03 1 0)
s>                    ( - -2.458e+04 1 0))
s>                ( - -3.216e+04 2 0 WDBNDRY_E 0 1.374e+02 1.418e+02))
s>            ( QUESTION20 1 -7.857e+04 3.272e+02 3.414e+02
s>                ( - -9.026e+03 2 0 QUESTION18 -1 1.249e+02 3.970e+01)
s>                ( QUESTION18 -1 -6.922e+04 2.303e+02 3.017e+02
s>                    ( - -2.659e+03 1 0)
s>                    ( - -6.633e+04 3 0 WDBNDRY_B 0 1.597e+02 2.897e+02)))))INFO: dtree.c(1439): stop. leaf nodes are specific
INFO: dtree.c(1478): Final simple tree
|( QUESTION2_14_L -1 -2.946e+05 1.086e+03 1.280e+03
|    ( QUESTION20 1 -1.773e+05 1.673e+02 7.685e+02
|        ( - -7.490e+04 1 0)
|        ( QUESTION0_14_R 1 -1.022e+05 1.678e+02 4.421e+02
|            ( - -6.080e+02 1 0)
|            ( - -1.015e+05 1 0)))
|    ( - -1.162e+05 2 0))
s>    ( QUESTION2_14_L -1 -2.946e+05 1.086e+03 1.280e+03
s>        ( QUESTION20 1 -1.773e+05 1.673e+02 7.685e+02
s>            ( - -7.490e+04 1 0)
s>            ( QUESTION0_14_R 1 -1.022e+05 1.678e+02 4.421e+02
s>                ( - -6.080e+02 1 0)
s>                ( - -1.015e+05 1 0)))
s>        ( - -1.162e+05 2 0))INFO: dtree.c(1315): Comp split 3
INFO: dtree.c(1439): stop. leaf nodes are specific
INFO: dtree.c(1478): Final simple tree
|( QUESTION0_14_R 1 -1.170e+05 1.590e+02 5.146e+02
|    ( - -6.080e+02 1 0)
|    ( - -1.162e+05 2 0))
s>    ( QUESTION0_14_R 1 -1.170e+05 1.590e+02 5.146e+02
s>        ( - -6.080e+02 1 0)
s>        ( - -1.162e+05 2 0))INFO: dtree.c(1439): stop. leaf nodes are specific
INFO: dtree.c(1478): Final simple tree
|( QUESTION20 1 -1.765e+05 1.683e+02 7.655e+02
|    ( - -7.490e+04 1 0)
|    ( - -1.015e+05 1 0))
s>    ( QUESTION20 1 -1.765e+05 1.683e+02 7.655e+02
s>        ( - -7.490e+04 1 0)
s>        ( - -1.015e+05 1 0))INFO: dtree.c(1315): Comp split 4
INFO: dtree.c(1439): stop. leaf nodes are specific
INFO: dtree.c(1478): Final simple tree
|( QUESTION2_14_L -1 -7.995e+04 3.238e+02 3.474e+02
|    ( WDBNDRY_B 0 -5.101e+03 1.120e+02 2.300e+01
|        ( - -1.205e+03 1 0)
|        ( QUESTION20 1 -3.785e+03 1.002e+02 1.700e+01
|            ( - -1.025e+03 1 0)
|            ( - -2.659e+03 1 0)))
|    ( QUESTION20 1 -7.453e+04 3.209e+02 3.244e+02
|        ( - -7.876e+03 1 0)
|        ( WDBNDRY_B 0 -6.633e+04 1.597e+02 2.897e+02
|            ( - -1.202e+03 1 0)
|            ( WDBNDRY_E 0 -6.497e+04 1.091e+02 2.847e+02
|                ( - -2.587e+03 1 0)
|                ( - -6.227e+04 1 0)))))
s>    ( QUESTION2_14_L -1 -7.995e+04 3.238e+02 3.474e+02
s>        ( WDBNDRY_B 0 -5.101e+03 1.120e+02 2.300e+01
s>            ( - -1.205e+03 1 0)
s>            ( QUESTION20 1 -3.785e+03 1.002e+02 1.700e+01
s>                ( - -1.025e+03 1 0)
s>                ( - -2.659e+03 1 0)))
s>        ( QUESTION20 1 -7.453e+04 3.209e+02 3.244e+02
s>            ( - -7.876e+03 1 0)
s>            ( WDBNDRY_B 0 -6.633e+04 1.597e+02 2.897e+02
s>                ( - -1.202e+03 1 0)
s>                ( WDBNDRY_E 0 -6.497e+04 1.091e+02 2.847e+02
s>                    ( - -2.587e+03 1 0)
s>                    ( - -6.227e+04 1 0)))))INFO: dtree.c(1439): stop. leaf nodes are specific
INFO: dtree.c(1478): Final simple tree
|( QUESTION0_15_R 1 -1.613e+05 2.861e+02 7.049e+02
|    ( - -3.147e+04 1 0)
|    ( QUESTION20 -1 -1.296e+05 2.397e+02 5.661e+02
|        ( QUESTION14 1 -5.278e+04 2.405e+02 2.308e+02
|            ( - -2.458e+04 1 0)
|            ( WDBNDRY_E 0 -2.797e+04 1.332e+02 1.239e+02
|                ( - -5.476e+02 1 0)
|                ( - -2.729e+04 1 0)))
|        ( - -7.654e+04 2 0)))
s>    ( QUESTION0_15_R 1 -1.613e+05 2.861e+02 7.049e+02
s>        ( - -3.147e+04 1 0)
s>        ( QUESTION20 -1 -1.296e+05 2.397e+02 5.661e+02
s>            ( QUESTION14 1 -5.278e+04 2.405e+02 2.308e+02
s>                ( - -2.458e+04 1 0)
s>                ( WDBNDRY_E 0 -2.797e+04 1.332e+02 1.239e+02
s>                    ( - -5.476e+02 1 0)
s>                    ( - -2.729e+04 1 0)))
s>            ( - -7.654e+04 2 0)))INFO: dtree.c(1315): Comp split 5
INFO: dtree.c(1439): stop. leaf nodes are specific
INFO: dtree.c(1478): Final simple tree
|( WDBNDRY_B 0 -1.100e+05 3.686e+02 4.769e+02
|    ( - -2.468e+04 1 0)
|    ( QUESTION0_14_R 1 -8.497e+04 1.560e+02 3.709e+02
|        ( - -5.770e+03 2 0)
|        ( - -7.905e+04 2 0)))
s>    ( WDBNDRY_B 0 -1.100e+05 3.686e+02 4.769e+02
s>        ( - -2.468e+04 1 0)
s>        ( QUESTION0_14_R 1 -8.497e+04 1.560e+02 3.709e+02
s>            ( - -5.770e+03 2 0)
s>            ( - -7.905e+04 2 0)))INFO: dtree.c(1439): stop. leaf nodes are specific
INFO: dtree.c(1478): Final simple tree
|( WDBNDRY_B 0 -2.196e+05 2.573e+02 9.545e+02
|    ( - -3.563e+04 1 0)
|    ( QUESTION0_14_R 1 -1.837e+05 1.559e+02 8.007e+02
|        ( - -5.329e+03 2 0)
|        ( - -1.782e+05 2 0)))
s>    ( WDBNDRY_B 0 -2.196e+05 2.573e+02 9.545e+02
s>        ( - -3.563e+04 1 0)
s>        ( QUESTION0_14_R 1 -1.837e+05 1.559e+02 8.007e+02
s>            ( - -5.329e+03 2 0)
s>            ( - -1.782e+05 2 0)))INFO: dtree.c(1315): Comp split 6
INFO: dtree.c(1439): stop. leaf nodes are specific
INFO: dtree.c(1478): Final simple tree
|( QUESTION13 -1 -7.695e+04 4.863e+02 3.330e+02
|    ( - -2.410e+04 1 0)
|    ( WDBNDRY_B 0 -5.236e+04 3.599e+02 2.269e+02
|        ( SILENCE -1 -2.892e+04 1.862e+02 1.229e+02
|            ( - -4.079e+02 1 0)
|            ( - -2.833e+04 1 0))
|        ( - -2.309e+04 1 0)))
s>    ( QUESTION13 -1 -7.695e+04 4.863e+02 3.330e+02
s>        ( - -2.410e+04 1 0)
s>        ( WDBNDRY_B 0 -5.236e+04 3.599e+02 2.269e+02
s>            ( SILENCE -1 -2.892e+04 1.862e+02 1.229e+02
s>                ( - -4.079e+02 1 0)
s>                ( - -2.833e+04 1 0))
s>            ( - -2.309e+04 1 0)))INFO: dtree.c(1439): stop. leaf nodes are specific
INFO: dtree.c(1478): Final simple tree
|( QUESTION20 1 -4.056e+04 2.096e+02 1.778e+02
|    ( - -1.937e+04 2 0)
|    ( QUESTION0_14_R 1 -2.099e+04 1.469e+02 9.234e+01
|        ( - -7.666e+02 1 0)
|        ( - -2.008e+04 1 0)))
s>    ( QUESTION20 1 -4.056e+04 2.096e+02 1.778e+02
s>        ( - -1.937e+04 2 0)
s>        ( QUESTION0_14_R 1 -2.099e+04 1.469e+02 9.234e+01
s>            ( - -7.666e+02 1 0)
s>            ( - -2.008e+04 1 0)))INFO: dtree.c(1315): Comp split 7
INFO: dtree.c(1439): stop. leaf nodes are specific
INFO: dtree.c(1478): Final simple tree
|( WDBNDRY_E 0 -6.497e+04 1.091e+02 2.847e+02
|    ( - -2.587e+03 1 0)
|    ( - -6.227e+04 1 0))
s>    ( WDBNDRY_E 0 -6.497e+04 1.091e+02 2.847e+02
s>        ( - -2.587e+03 1 0)
s>        ( - -6.227e+04 1 0))INFO: dtree.c(1439): stop. leaf nodes are specific
INFO: dtree.c(1478): Final simple tree
|( QUESTION2_14_L -1 -1.447e+04 1.473e+02 6.270e+01
|    ( WDBNDRY_B 0 -5.101e+03 1.120e+02 2.300e+01
|        ( - -1.205e+03 1 0)
|        ( QUESTION20 1 -3.785e+03 1.002e+02 1.700e+01
|            ( - -1.025e+03 1 0)
|            ( - -2.659e+03 1 0)))
|    ( WDBNDRY_B 0 -9.222e+03 1.436e+02 3.970e+01
|        ( - -1.202e+03 1 0)
|        ( - -7.876e+03 1 0)))
s>    ( QUESTION2_14_L -1 -1.447e+04 1.473e+02 6.270e+01
s>        ( WDBNDRY_B 0 -5.101e+03 1.120e+02 2.300e+01
s>            ( - -1.205e+03 1 0)
s>            ( QUESTION20 1 -3.785e+03 1.002e+02 1.700e+01
s>                ( - -1.025e+03 1 0)
s>                ( - -2.659e+03 1 0)))
s>        ( WDBNDRY_B 0 -9.222e+03 1.436e+02 3.970e+01
s>            ( - -1.202e+03 1 0)
s>            ( - -7.876e+03 1 0)))INFO: dtree.c(1315): Comp split 8
INFO: dtree.c(1439): stop. leaf nodes are specific
INFO: dtree.c(1478): Final simple tree
|( WDBNDRY_B 0 -5.236e+04 3.599e+02 2.269e+02
|    ( SILENCE -1 -2.892e+04 1.862e+02 1.229e+02
|        ( - -4.079e+02 1 0)
|        ( - -2.833e+04 1 0))
|    ( - -2.309e+04 1 0))
s>    ( WDBNDRY_B 0 -5.236e+04 3.599e+02 2.269e+02
s>        ( SILENCE -1 -2.892e+04 1.862e+02 1.229e+02
s>            ( - -4.079e+02 1 0)
s>            ( - -2.833e+04 1 0))
s>        ( - -2.309e+04 1 0))INFO: dtree.c(1315): Comp split 9
INFO: dtree.c(1439): stop. leaf nodes are specific
INFO: dtree.c(1478): Final simple tree
|( QUESTION0_14_R 1 -8.497e+04 1.560e+02 3.709e+02
|    ( - -5.770e+03 2 0)
|    ( - -7.905e+04 2 0))
s>    ( QUESTION0_14_R 1 -8.497e+04 1.560e+02 3.709e+02
s>        ( - -5.770e+03 2 0)
s>        ( - -7.905e+04 2 0))INFO: dtree.c(1315): Comp split 10
INFO: dtree.c(1439): stop. leaf nodes are specific
INFO: dtree.c(1478): Final simple tree
|( SILENCE -1 -2.892e+04 1.862e+02 1.229e+02
|    ( - -4.079e+02 1 0)
|    ( - -2.833e+04 1 0))
s>    ( SILENCE -1 -2.892e+04 1.862e+02 1.229e+02
s>        ( - -4.079e+02 1 0)
s>        ( - -2.833e+04 1 0))INFO: dtree.c(1315): Comp split 11
INFO: dtree.c(1439): stop. leaf nodes are specific
INFO: dtree.c(1478): Final simple tree
|( QUESTION0_15_R 1 -5.969e+04 2.451e+02 2.627e+02
|    ( - -3.147e+04 1 0)
|    ( WDBNDRY_E 0 -2.797e+04 1.332e+02 1.239e+02
|        ( - -5.476e+02 1 0)
|        ( - -2.729e+04 1 0)))
s>    ( QUESTION0_15_R 1 -5.969e+04 2.451e+02 2.627e+02
s>        ( - -3.147e+04 1 0)
s>        ( WDBNDRY_E 0 -2.797e+04 1.332e+02 1.239e+02
s>            ( - -5.476e+02 1 0)
s>            ( - -2.729e+04 1 0)))INFO: dtree.c(1439): stop. leaf nodes are specific
INFO: dtree.c(1478): Final simple tree
|( QUESTION14 1 -1.013e+05 1.937e+02 4.422e+02
|    ( - -2.458e+04 1 0)
|    ( - -7.654e+04 2 0))
s>    ( QUESTION14 1 -1.013e+05 1.937e+02 4.422e+02
s>        ( - -2.458e+04 1 0)
s>        ( - -7.654e+04 2 0))INFO: dtree.c(1315): Comp split 12
INFO: dtree.c(1439): stop. leaf nodes are specific
INFO: dtree.c(1478): Final simple tree
|( WDBNDRY_B 0 -4.106e+04 1.002e+02 1.772e+02
|    ( - -3.563e+04 1 0)
|    ( - -5.329e+03 2 0))
s>    ( WDBNDRY_B 0 -4.106e+04 1.002e+02 1.772e+02
s>        ( - -3.563e+04 1 0)
s>        ( - -5.329e+03 2 0))INFO: dtree.c(1315): Comp split 13
INFO: dtree.c(1439): stop. leaf nodes are specific
INFO: dtree.c(1478): Final simple tree
|( WDBNDRY_E 0 -2.797e+04 1.332e+02 1.239e+02
|    ( - -5.476e+02 1 0)
|    ( - -2.729e+04 1 0))
s>    ( WDBNDRY_E 0 -2.797e+04 1.332e+02 1.239e+02
s>        ( - -5.476e+02 1 0)
s>        ( - -2.729e+04 1 0))INFO: dtree.c(1315): Comp split 14
INFO: dtree.c(1439): stop. leaf nodes are specific
INFO: dtree.c(1478): Final simple tree
|( QUESTION0_14_R 1 -2.099e+04 1.469e+02 9.234e+01
|    ( - -7.666e+02 1 0)
|    ( - -2.008e+04 1 0))
s>    ( QUESTION0_14_R 1 -2.099e+04 1.469e+02 9.234e+01
s>        ( - -7.666e+02 1 0)
s>        ( - -2.008e+04 1 0))INFO: dtree.c(1315): Comp split 15
INFO: dtree.c(1315): Comp split 16
INFO: dtree.c(1315): Comp split 17
INFO: dtree.c(1315): Comp split 18
INFO: dtree.c(1315): Comp split 19
INFO: dtree.c(1315): Comp split 20
INFO: dtree.c(1439): stop. leaf nodes are specific
INFO: dtree.c(1478): Final simple tree
|( QUESTION2_14_L -1 -6.441e+03 1.376e+02 2.800e+01
|    ( WDBNDRY_B 0 -5.101e+03 1.120e+02 2.300e+01
|        ( - -1.205e+03 1 0)
|        ( QUESTION20 1 -3.785e+03 1.002e+02 1.700e+01
|            ( - -1.025e+03 1 0)
|            ( - -2.659e+03 1 0)))
|    ( - -1.202e+03 1 0))
s>    ( QUESTION2_14_L -1 -6.441e+03 1.376e+02 2.800e+01
s>        ( WDBNDRY_B 0 -5.101e+03 1.120e+02 2.300e+01
s>            ( - -1.205e+03 1 0)
s>            ( QUESTION20 1 -3.785e+03 1.002e+02 1.700e+01
s>                ( - -1.025e+03 1 0)
s>                ( - -2.659e+03 1 0)))
s>        ( - -1.202e+03 1 0))INFO: dtree.c(1315): Comp split 21
INFO: dtree.c(1315): Comp split 22
INFO: dtree.c(1439): stop. leaf nodes are specific
INFO: dtree.c(1478): Final simple tree
|( WDBNDRY_B 0 -5.101e+03 1.120e+02 2.300e+01
|    ( - -1.205e+03 1 0)
|    ( QUESTION20 1 -3.785e+03 1.002e+02 1.700e+01
|        ( - -1.025e+03 1 0)
|        ( - -2.659e+03 1 0)))
s>    ( WDBNDRY_B 0 -5.101e+03 1.120e+02 2.300e+01
s>        ( - -1.205e+03 1 0)
s>        ( QUESTION20 1 -3.785e+03 1.002e+02 1.700e+01
s>            ( - -1.025e+03 1 0)
s>            ( - -2.659e+03 1 0)))INFO: dtree.c(1315): Comp split 23
INFO: dtree.c(1315): Comp split 24
INFO: dtree.c(1439): stop. leaf nodes are specific
INFO: dtree.c(1478): Final simple tree
|( QUESTION20 1 -3.785e+03 1.002e+02 1.700e+01
|    ( - -1.025e+03 1 0)
|    ( - -2.659e+03 1 0))
s>    ( QUESTION20 1 -3.785e+03 1.002e+02 1.700e+01
s>        ( - -1.025e+03 1 0)
s>        ( - -2.659e+03 1 0))INFO: dtree.c(1315): Comp split 25
INFO: dtree.c(1315): Comp split 26
INFO: dtree.c(1315): Comp split 27
INFO: dtree.c(1315): Comp split 28
INFO: dtree.c(1318): stop. leaf nodes are specific
Sun Mar 19 21:50:57 2017
