Current configuration:
[NAME]		[DEFLT]	[VALUE]
-allphones	no	no
-cntthresh	0.00001	1.000000e-05
-csplitmax	100	2000
-csplitmin	1	1
-csplitthr	8e-4	0.000000e+00
-example	no	no
-fullvar	no	no
-help		no	no
-meanfn			/home/ilya/Рабочий стол/lab_sphinx/ru_base/model_parameters/ru_base.cd_cont_untied/means
-mixwfn			/home/ilya/Рабочий стол/lab_sphinx/ru_base/model_parameters/ru_base.cd_cont_untied/mixture_weights
-moddeffn		/home/ilya/Рабочий стол/lab_sphinx/ru_base/model_architecture/ru_base.untied.mdef
-mwfloor	1e-4	1.000000e-08
-phone			rj
-psetfn			/home/ilya/Рабочий стол/lab_sphinx/ru_base/model_architecture/ru_base.tree_questions
-ssplitmax	5	7
-ssplitmin	1	1
-ssplitthr	8e-4	0.000000e+00
-state			1
-stwt			1.0,0.05,0.0,
-treefn			/home/ilya/Рабочий стол/lab_sphinx/ru_base/trees/ru_base.unpruned/rj-1.dtree
-ts2cbfn	.semi.	.cont.
-varfloor	0.00001	1.000000e-05
-varfn			/home/ilya/Рабочий стол/lab_sphinx/ru_base/model_parameters/ru_base.cd_cont_untied/variances

INFO: main.c(223): Reading: /home/ilya/Рабочий стол/lab_sphinx/ru_base/model_architecture/ru_base.untied.mdef
INFO: model_def_io.c(573): Model definition info:
INFO: model_def_io.c(574): 9415 total models defined (43 base, 9372 tri)
INFO: model_def_io.c(575): 37660 total states
INFO: model_def_io.c(576): 28245 total tied states
INFO: model_def_io.c(577): 129 total tied CI states
INFO: model_def_io.c(578): 43 total tied transition matrices
INFO: model_def_io.c(579): 4 max state/model
INFO: model_def_io.c(580): 4 min state/model
INFO: main.c(242): Building trees for [rj SIL e0 b] through [rj z e0 i]
INFO: main.c(269): Covering states |[19224 19481]| == 258
INFO: main.c(275): Reading: /home/ilya/Рабочий стол/lab_sphinx/ru_base/model_parameters/ru_base.cd_cont_untied/mixture_weights
INFO: s3mixw_io.c(173): Read /home/ilya/Рабочий стол/lab_sphinx/ru_base/model_parameters/ru_base.cd_cont_untied/mixture_weights [258x1x1 array]
INFO: main.c(311): 86 of 86 models have observation count greater than 0.000010
INFO: main.c(95): nrm stwt: 0.045 0.909 0.045 
INFO: s3gau_io.c(169): Read /home/ilya/Рабочий стол/lab_sphinx/ru_base/model_parameters/ru_base.cd_cont_untied/means [28245x1x1 array]
INFO: s3gau_io.c(169): Read /home/ilya/Рабочий стол/lab_sphinx/ru_base/model_parameters/ru_base.cd_cont_untied/variances [28245x1x1 array]
INFO: main.c(549): Reading: /home/ilya/Рабочий стол/lab_sphinx/ru_base/model_architecture/ru_base.tree_questions
INFO: main.c(588): 180 total simple questions (172 phone; 8 word bndry)
INFO: main.c(590): 42 Left Only questions, and 42 Right Only questions
INFO: dtree.c(1478): Final simple tree
|( QUESTION17 -1 -1.695e+06 3.186e+03 7.314e+03
|    ( QUESTION0_15_R 1 -6.115e+05 2.465e+03 2.662e+03
|        ( - -4.644e+05 13 0 QUESTION2_14_L -1 5.977e+02 2.037e+03)
|        ( QUESTION0_13_R 1 -1.447e+05 1.601e+03 6.248e+02
|            ( - -7.130e+04 6 0 WDBNDRY_I 0 4.004e+02 3.107e+02)
|            ( - -7.178e+04 9 0 WDBNDRY_E 0 4.627e+02 3.142e+02)))
|    ( QUESTION2_12_L -1 -1.080e+06 1.680e+03 4.652e+03
|        ( QUESTION20 1 -5.614e+05 7.651e+02 2.419e+03
|            ( - -2.895e+05 5 0 WDBNDRY_B 0 4.600e+02 1.259e+03)
|            ( - -2.711e+05 12 0 WDBNDRY_E 0 5.872e+02 1.160e+03))
|        ( QUESTION0_15_R 1 -5.167e+05 1.367e+03 2.233e+03
|            ( QUESTION14 -1 -3.973e+05 9.810e+02 1.718e+03
|                ( - -1.004e+05 9 0 QUESTION20 1 4.652e+02 4.336e+02)
|                ( - -2.959e+05 16 0 QUESTION2_20_L -1 6.727e+02 1.284e+03))
|            ( - -1.181e+05 16 0 QUESTION0_2_R 1 5.093e+02 5.146e+02))))
s>    ( QUESTION17 -1 -1.695e+06 3.186e+03 7.314e+03
s>        ( QUESTION0_15_R 1 -6.115e+05 2.465e+03 2.662e+03
s>            ( - -4.644e+05 13 0 QUESTION2_14_L -1 5.977e+02 2.037e+03)
s>            ( QUESTION0_13_R 1 -1.447e+05 1.601e+03 6.248e+02
s>                ( - -7.130e+04 6 0 WDBNDRY_I 0 4.004e+02 3.107e+02)
s>                ( - -7.178e+04 9 0 WDBNDRY_E 0 4.627e+02 3.142e+02)))
s>        ( QUESTION2_12_L -1 -1.080e+06 1.680e+03 4.652e+03
s>            ( QUESTION20 1 -5.614e+05 7.651e+02 2.419e+03
s>                ( - -2.895e+05 5 0 WDBNDRY_B 0 4.600e+02 1.259e+03)
s>                ( - -2.711e+05 12 0 WDBNDRY_E 0 5.872e+02 1.160e+03))
s>            ( QUESTION0_15_R 1 -5.167e+05 1.367e+03 2.233e+03
s>                ( QUESTION14 -1 -3.973e+05 9.810e+02 1.718e+03
s>                    ( - -1.004e+05 9 0 QUESTION20 1 4.652e+02 4.336e+02)
s>                    ( - -2.959e+05 16 0 QUESTION2_20_L -1 6.727e+02 1.284e+03))
s>                ( - -1.181e+05 16 0 QUESTION0_2_R 1 5.093e+02 5.146e+02))))INFO: dtree.c(1315): Comp split 0
INFO: dtree.c(1478): Final simple tree
|( QUESTION17 -1 -7.621e+05 1.866e+03 3.322e+03
|    ( QUESTION2_14_L -1 -4.644e+05 5.977e+02 2.037e+03
|        ( - -4.597e+04 4 0 WDBNDRY_B 0 2.176e+02 1.995e+02)
|        ( QUESTION0_19_R 1 -4.178e+05 4.486e+02 1.838e+03
|            ( - -3.658e+04 1 0)
|            ( QUESTION20 1 -3.808e+05 4.527e+02 1.677e+03
|                ( WDBNDRY_E 0 -5.533e+04 4.635e+02 2.423e+02
|                    ( - 1.458e+02 1 0)
|                    ( - -5.501e+04 1 0))
|                ( - -3.250e+05 6 0 QUESTION0_16_R 1 2.039e+02 1.435e+03))))
|    ( QUESTION2_20_L -1 -2.959e+05 6.727e+02 1.284e+03
|        ( - -1.949e+05 9 0 QUESTION0 -1 2.812e+02 8.490e+02)
|        ( QUESTION2_0_L -1 -1.003e+05 3.714e+02 4.354e+02
|            ( - -8.664e+04 5 0 QUESTION7 -1 4.486e+02 3.773e+02)
|            ( - -1.325e+04 2 0 WDBNDRY_B 0 9.969e+01 5.807e+01))))
s>    ( QUESTION17 -1 -7.621e+05 1.866e+03 3.322e+03
s>        ( QUESTION2_14_L -1 -4.644e+05 5.977e+02 2.037e+03
s>            ( - -4.597e+04 4 0 WDBNDRY_B 0 2.176e+02 1.995e+02)
s>            ( QUESTION0_19_R 1 -4.178e+05 4.486e+02 1.838e+03
s>                ( - -3.658e+04 1 0)
s>                ( QUESTION20 1 -3.808e+05 4.527e+02 1.677e+03
s>                    ( WDBNDRY_E 0 -5.533e+04 4.635e+02 2.423e+02
s>                        ( - 1.458e+02 1 0)
s>                        ( - -5.501e+04 1 0))
s>                    ( - -3.250e+05 6 0 QUESTION0_16_R 1 2.039e+02 1.435e+03))))
s>        ( QUESTION2_20_L -1 -2.959e+05 6.727e+02 1.284e+03
s>            ( - -1.949e+05 9 0 QUESTION0 -1 2.812e+02 8.490e+02)
s>            ( QUESTION2_0_L -1 -1.003e+05 3.714e+02 4.354e+02
s>                ( - -8.664e+04 5 0 QUESTION7 -1 4.486e+02 3.773e+02)
s>                ( - -1.325e+04 2 0 WDBNDRY_B 0 9.969e+01 5.807e+01))))INFO: dtree.c(1478): Final simple tree
|( QUESTION0_15_R 1 -9.290e+05 2.520e+03 3.992e+03
|    ( QUESTION2_0_L -1 -5.851e+05 6.610e+02 2.524e+03
|        ( QUESTION20 1 -4.840e+05 6.563e+02 2.090e+03
|            ( - -2.895e+05 5 0 WDBNDRY_B 0 4.600e+02 1.259e+03)
|            ( QUESTION11 -1 -1.938e+05 5.092e+02 8.309e+02
|                ( - -6.106e+04 2 0 WDBNDRY_B 0 6.308e+02 2.663e+02)
|                ( - -1.322e+05 5 0 WDBNDRY_B 0 1.818e+02 5.646e+02)))
|        ( - -1.004e+05 9 0 QUESTION20 1 4.652e+02 4.336e+02))
|    ( QUESTION0_13_R 1 -3.414e+05 2.387e+03 1.468e+03
|        ( QUESTION17 -1 -2.353e+05 7.005e+02 1.023e+03
|            ( - -7.130e+04 6 0 WDBNDRY_I 0 4.004e+02 3.107e+02)
|            ( - -1.633e+05 17 0 QUESTION12 -1 3.818e+02 7.122e+02))
|        ( QUESTION17 -1 -1.037e+05 7.244e+02 4.456e+02
|            ( - -7.178e+04 9 0 WDBNDRY_E 0 4.627e+02 3.142e+02)
|            ( - -3.117e+04 4 0 WDBNDRY_E 0 4.529e+02 1.314e+02))))
s>    ( QUESTION0_15_R 1 -9.290e+05 2.520e+03 3.992e+03
s>        ( QUESTION2_0_L -1 -5.851e+05 6.610e+02 2.524e+03
s>            ( QUESTION20 1 -4.840e+05 6.563e+02 2.090e+03
s>                ( - -2.895e+05 5 0 WDBNDRY_B 0 4.600e+02 1.259e+03)
s>                ( QUESTION11 -1 -1.938e+05 5.092e+02 8.309e+02
s>                    ( - -6.106e+04 2 0 WDBNDRY_B 0 6.308e+02 2.663e+02)
s>                    ( - -1.322e+05 5 0 WDBNDRY_B 0 1.818e+02 5.646e+02)))
s>            ( - -1.004e+05 9 0 QUESTION20 1 4.652e+02 4.336e+02))
s>        ( QUESTION0_13_R 1 -3.414e+05 2.387e+03 1.468e+03
s>            ( QUESTION17 -1 -2.353e+05 7.005e+02 1.023e+03
s>                ( - -7.130e+04 6 0 WDBNDRY_I 0 4.004e+02 3.107e+02)
s>                ( - -1.633e+05 17 0 QUESTION12 -1 3.818e+02 7.122e+02))
s>            ( QUESTION17 -1 -1.037e+05 7.244e+02 4.456e+02
s>                ( - -7.178e+04 9 0 WDBNDRY_E 0 4.627e+02 3.142e+02)
s>                ( - -3.117e+04 4 0 WDBNDRY_E 0 4.529e+02 1.314e+02))))INFO: dtree.c(1315): Comp split 1
INFO: dtree.c(1478): Final simple tree
|( QUESTION0_13_R 1 -3.414e+05 2.387e+03 1.468e+03
|    ( QUESTION17 -1 -2.353e+05 7.005e+02 1.023e+03
|        ( - -7.130e+04 6 0 WDBNDRY_I 0 4.004e+02 3.107e+02)
|        ( - -1.633e+05 17 0 QUESTION12 -1 3.818e+02 7.122e+02))
|    ( QUESTION17 -1 -1.037e+05 7.244e+02 4.456e+02
|        ( WDBNDRY_E 0 -7.178e+04 4.627e+02 3.142e+02
|            ( QUESTION0_7_R 1 -7.156e+04 4.450e+02 3.132e+02
|                ( - 1.651e+02 1 0)
|                ( QUESTION10 1 -7.128e+04 4.214e+02 3.122e+02
|                    ( - -2.946e+04 2 0)
|                    ( - -4.140e+04 5 0 QUESTION0_3_R 1 3.895e+02 1.809e+02)))
|            ( - 2.419e+02 1 0))
|        ( WDBNDRY_E 0 -3.117e+04 4.529e+02 1.314e+02
|            ( - -3.093e+04 3 0 QUESTION0_1_R 1 3.356e+02 1.304e+02)
|            ( - 2.065e+02 1 0))))
s>    ( QUESTION0_13_R 1 -3.414e+05 2.387e+03 1.468e+03
s>        ( QUESTION17 -1 -2.353e+05 7.005e+02 1.023e+03
s>            ( - -7.130e+04 6 0 WDBNDRY_I 0 4.004e+02 3.107e+02)
s>            ( - -1.633e+05 17 0 QUESTION12 -1 3.818e+02 7.122e+02))
s>        ( QUESTION17 -1 -1.037e+05 7.244e+02 4.456e+02
s>            ( WDBNDRY_E 0 -7.178e+04 4.627e+02 3.142e+02
s>                ( QUESTION0_7_R 1 -7.156e+04 4.450e+02 3.132e+02
s>                    ( - 1.651e+02 1 0)
s>                    ( QUESTION10 1 -7.128e+04 4.214e+02 3.122e+02
s>                        ( - -2.946e+04 2 0)
s>                        ( - -4.140e+04 5 0 QUESTION0_3_R 1 3.895e+02 1.809e+02)))
s>                ( - 2.419e+02 1 0))
s>            ( WDBNDRY_E 0 -3.117e+04 4.529e+02 1.314e+02
s>                ( - -3.093e+04 3 0 QUESTION0_1_R 1 3.356e+02 1.304e+02)
s>                ( - 2.065e+02 1 0))))INFO: dtree.c(1478): Final simple tree
|( QUESTION2_0_L -1 -5.851e+05 6.610e+02 2.524e+03
|    ( QUESTION20 1 -4.840e+05 6.563e+02 2.090e+03
|        ( WDBNDRY_B 0 -2.895e+05 4.600e+02 1.259e+03
|            ( - 2.428e+02 1 0)
|            ( - -2.893e+05 4 0 QUESTION11 -1 3.544e+02 1.258e+03))
|        ( QUESTION11 -1 -1.938e+05 5.092e+02 8.309e+02
|            ( WDBNDRY_B 0 -6.106e+04 6.308e+02 2.663e+02
|                ( - -1.800e+04 1 0)
|                ( - -4.243e+04 1 0))
|            ( - -1.322e+05 5 0 WDBNDRY_B 0 1.818e+02 5.646e+02)))
|    ( QUESTION20 1 -1.004e+05 4.652e+02 4.336e+02
|        ( - -4.019e+04 2 0 WDBNDRY_B 0 2.699e+02 1.746e+02)
|        ( WDBNDRY_B 0 -5.979e+04 7.049e+02 2.590e+02
|            ( - -2.113e+04 4 0 QUESTION2_14_L -1 2.640e+02 9.033e+01)
|            ( - -3.795e+04 3 0 QUESTION2_14_L -1 1.451e+02 1.687e+02))))
s>    ( QUESTION2_0_L -1 -5.851e+05 6.610e+02 2.524e+03
s>        ( QUESTION20 1 -4.840e+05 6.563e+02 2.090e+03
s>            ( WDBNDRY_B 0 -2.895e+05 4.600e+02 1.259e+03
s>                ( - 2.428e+02 1 0)
s>                ( - -2.893e+05 4 0 QUESTION11 -1 3.544e+02 1.258e+03))
s>            ( QUESTION11 -1 -1.938e+05 5.092e+02 8.309e+02
s>                ( WDBNDRY_B 0 -6.106e+04 6.308e+02 2.663e+02
s>                    ( - -1.800e+04 1 0)
s>                    ( - -4.243e+04 1 0))
s>                ( - -1.322e+05 5 0 WDBNDRY_B 0 1.818e+02 5.646e+02)))
s>        ( QUESTION20 1 -1.004e+05 4.652e+02 4.336e+02
s>            ( - -4.019e+04 2 0 WDBNDRY_B 0 2.699e+02 1.746e+02)
s>            ( WDBNDRY_B 0 -5.979e+04 7.049e+02 2.590e+02
s>                ( - -2.113e+04 4 0 QUESTION2_14_L -1 2.640e+02 9.033e+01)
s>                ( - -3.795e+04 3 0 QUESTION2_14_L -1 1.451e+02 1.687e+02))))INFO: dtree.c(1315): Comp split 2
INFO: dtree.c(1478): Final simple tree
|( QUESTION17 -1 -1.037e+05 7.244e+02 4.456e+02
|    ( WDBNDRY_E 0 -7.178e+04 4.627e+02 3.142e+02
|        ( QUESTION0_7_R 1 -7.156e+04 4.450e+02 3.132e+02
|            ( - 1.651e+02 1 0)
|            ( QUESTION10 1 -7.128e+04 4.214e+02 3.122e+02
|                ( - -2.946e+04 2 0)
|                ( QUESTION0_3_R 1 -4.140e+04 3.895e+02 1.809e+02
|                    ( - -1.471e+04 1 0)
|                    ( - -2.629e+04 4 0 SILENCE 1 2.836e+02 1.133e+02))))
|        ( - 2.419e+02 1 0))
|    ( WDBNDRY_E 0 -3.117e+04 4.529e+02 1.314e+02
|        ( QUESTION0_1_R 1 -3.093e+04 3.356e+02 1.304e+02
|            ( - -1.732e+04 2 0 QUESTION0_2_R 1 2.064e+02 7.396e+01)
|            ( - -1.327e+04 1 0))
|        ( - 2.065e+02 1 0)))
s>    ( QUESTION17 -1 -1.037e+05 7.244e+02 4.456e+02
s>        ( WDBNDRY_E 0 -7.178e+04 4.627e+02 3.142e+02
s>            ( QUESTION0_7_R 1 -7.156e+04 4.450e+02 3.132e+02
s>                ( - 1.651e+02 1 0)
s>                ( QUESTION10 1 -7.128e+04 4.214e+02 3.122e+02
s>                    ( - -2.946e+04 2 0)
s>                    ( QUESTION0_3_R 1 -4.140e+04 3.895e+02 1.809e+02
s>                        ( - -1.471e+04 1 0)
s>                        ( - -2.629e+04 4 0 SILENCE 1 2.836e+02 1.133e+02))))
s>            ( - 2.419e+02 1 0))
s>        ( WDBNDRY_E 0 -3.117e+04 4.529e+02 1.314e+02
s>            ( QUESTION0_1_R 1 -3.093e+04 3.356e+02 1.304e+02
s>                ( - -1.732e+04 2 0 QUESTION0_2_R 1 2.064e+02 7.396e+01)
s>                ( - -1.327e+04 1 0))
s>            ( - 2.065e+02 1 0)))INFO: dtree.c(1478): Final simple tree
|( QUESTION17 -1 -2.353e+05 7.005e+02 1.023e+03
|    ( WDBNDRY_I 0 -7.130e+04 4.004e+02 3.107e+02
|        ( - -3.970e+04 2 0)
|        ( QUESTION14 1 -3.120e+04 2.842e+02 1.342e+02
|            ( - -1.557e+04 1 0)
|            ( - -1.535e+04 3 0 QUESTION0 1 1.685e+02 6.641e+01)))
|    ( QUESTION12 -1 -1.633e+05 3.818e+02 7.122e+02
|        ( - -6.293e+04 4 0)
|        ( QUESTION14 -1 -1.000e+05 3.294e+02 4.396e+02
|            ( WDBNDRY_B 0 -3.791e+04 2.599e+02 1.679e+02
|                ( - -2.510e+04 1 0)
|                ( - -1.255e+04 2 0 QUESTION2_14_L -1 1.720e+02 5.664e+01))
|            ( QUESTION0 -1 -6.177e+04 2.172e+02 2.718e+02
|                ( - -2.098e+04 4 0 QUESTION4 -1 1.857e+02 9.305e+01)
|                ( - -4.057e+04 6 0 QUESTION14 1 1.332e+02 1.787e+02)))))
s>    ( QUESTION17 -1 -2.353e+05 7.005e+02 1.023e+03
s>        ( WDBNDRY_I 0 -7.130e+04 4.004e+02 3.107e+02
s>            ( - -3.970e+04 2 0)
s>            ( QUESTION14 1 -3.120e+04 2.842e+02 1.342e+02
s>                ( - -1.557e+04 1 0)
s>                ( - -1.535e+04 3 0 QUESTION0 1 1.685e+02 6.641e+01)))
s>        ( QUESTION12 -1 -1.633e+05 3.818e+02 7.122e+02
s>            ( - -6.293e+04 4 0)
s>            ( QUESTION14 -1 -1.000e+05 3.294e+02 4.396e+02
s>                ( WDBNDRY_B 0 -3.791e+04 2.599e+02 1.679e+02
s>                    ( - -2.510e+04 1 0)
s>                    ( - -1.255e+04 2 0 QUESTION2_14_L -1 1.720e+02 5.664e+01))
s>                ( QUESTION0 -1 -6.177e+04 2.172e+02 2.718e+02
s>                    ( - -2.098e+04 4 0 QUESTION4 -1 1.857e+02 9.305e+01)
s>                    ( - -4.057e+04 6 0 QUESTION14 1 1.332e+02 1.787e+02)))))INFO: dtree.c(1315): Comp split 3
INFO: dtree.c(1478): Final simple tree
|( QUESTION0_19_R 1 -4.314e+05 4.431e+02 1.896e+03
|    ( - -3.658e+04 1 0)
|    ( QUESTION20 1 -3.944e+05 4.538e+02 1.735e+03
|        ( WDBNDRY_E 0 -5.533e+04 4.635e+02 2.423e+02
|            ( - 1.458e+02 1 0)
|            ( - -5.501e+04 1 0))
|        ( QUESTION13 -1 -3.386e+05 3.833e+02 1.493e+03
|            ( QUESTION0_16_R 1 -3.250e+05 2.039e+02 1.435e+03
|                ( QUESTION14 1 -3.245e+05 1.803e+02 1.433e+03
|                    ( WDBNDRY_E 0 -1.702e+04 1.328e+02 7.722e+01
|                        ( - -5.243e+02 1 0)
|                        ( - -1.636e+04 1 0))
|                    ( - -3.073e+05 3 0 WDBNDRY_E 0 1.153e+02 1.356e+03))
|                ( - -2.574e+02 1 0))
|            ( - -1.325e+04 2 0 WDBNDRY_B 0 9.969e+01 5.807e+01))))
s>    ( QUESTION0_19_R 1 -4.314e+05 4.431e+02 1.896e+03
s>        ( - -3.658e+04 1 0)
s>        ( QUESTION20 1 -3.944e+05 4.538e+02 1.735e+03
s>            ( WDBNDRY_E 0 -5.533e+04 4.635e+02 2.423e+02
s>                ( - 1.458e+02 1 0)
s>                ( - -5.501e+04 1 0))
s>            ( QUESTION13 -1 -3.386e+05 3.833e+02 1.493e+03
s>                ( QUESTION0_16_R 1 -3.250e+05 2.039e+02 1.435e+03
s>                    ( QUESTION14 1 -3.245e+05 1.803e+02 1.433e+03
s>                        ( WDBNDRY_E 0 -1.702e+04 1.328e+02 7.722e+01
s>                            ( - -5.243e+02 1 0)
s>                            ( - -1.636e+04 1 0))
s>                        ( - -3.073e+05 3 0 WDBNDRY_E 0 1.153e+02 1.356e+03))
s>                    ( - -2.574e+02 1 0))
s>                ( - -1.325e+04 2 0 WDBNDRY_B 0 9.969e+01 5.807e+01))))INFO: dtree.c(1478): Final simple tree
|( QUESTION2_20_L -1 -3.286e+05 7.549e+02 1.426e+03
|    ( QUESTION0 -1 -1.949e+05 2.812e+02 8.490e+02
|        ( - -1.690e+04 3 0 QUESTION20 1 1.570e+02 7.576e+01)
|        ( QUESTION20 1 -1.777e+05 2.440e+02 7.733e+02
|            ( - -9.967e+04 2 0)
|            ( - -7.782e+04 4 0 WDBNDRY_B 0 9.786e+01 3.477e+02)))
|    ( QUESTION7 -1 -1.329e+05 5.029e+02 5.768e+02
|        ( - -1.360e+04 1 0)
|        ( QUESTION1 -1 -1.188e+05 3.044e+02 5.151e+02
|            ( - -3.673e+04 3 0 QUESTION4 -1 1.807e+02 1.589e+02)
|            ( QUESTION20 1 -8.180e+04 2.543e+02 3.562e+02
|                ( - -1.874e+04 2 0 QUESTION18 -1 1.394e+02 8.305e+01)
|                ( QUESTION0 -1 -6.280e+04 1.899e+02 2.731e+02
|                    ( - -3.560e+04 1 0)
|                    ( - -2.701e+04 2 0 WDBNDRY_B 0 1.362e+02 1.164e+02))))))
s>    ( QUESTION2_20_L -1 -3.286e+05 7.549e+02 1.426e+03
s>        ( QUESTION0 -1 -1.949e+05 2.812e+02 8.490e+02
s>            ( - -1.690e+04 3 0 QUESTION20 1 1.570e+02 7.576e+01)
s>            ( QUESTION20 1 -1.777e+05 2.440e+02 7.733e+02
s>                ( - -9.967e+04 2 0)
s>                ( - -7.782e+04 4 0 WDBNDRY_B 0 9.786e+01 3.477e+02)))
s>        ( QUESTION7 -1 -1.329e+05 5.029e+02 5.768e+02
s>            ( - -1.360e+04 1 0)
s>            ( QUESTION1 -1 -1.188e+05 3.044e+02 5.151e+02
s>                ( - -3.673e+04 3 0 QUESTION4 -1 1.807e+02 1.589e+02)
s>                ( QUESTION20 1 -8.180e+04 2.543e+02 3.562e+02
s>                    ( - -1.874e+04 2 0 QUESTION18 -1 1.394e+02 8.305e+01)
s>                    ( QUESTION0 -1 -6.280e+04 1.899e+02 2.731e+02
s>                        ( - -3.560e+04 1 0)
s>                        ( - -2.701e+04 2 0 WDBNDRY_B 0 1.362e+02 1.164e+02))))))INFO: dtree.c(1315): Comp split 4
INFO: dtree.c(1439): stop. leaf nodes are specific
INFO: dtree.c(1478): Final simple tree
|( QUESTION20 1 -1.044e+05 4.019e+02 4.532e+02
|    ( WDBNDRY_B 0 -4.019e+04 2.699e+02 1.746e+02
|        ( - -2.422e+04 1 0)
|        ( - -1.570e+04 1 0))
|    ( QUESTION2_20_L -1 -6.380e+04 2.926e+02 2.786e+02
|        ( - -1.526e+04 1 0)
|        ( WDBNDRY_B 0 -4.825e+04 2.090e+02 2.123e+02
|            ( QUESTION2_19_L -1 -5.612e+03 1.966e+02 2.401e+01
|                ( - -2.363e+02 1 0)
|                ( QUESTION2_15_L -1 -5.179e+03 1.074e+02 2.201e+01
|                    ( - -2.901e+03 1 0)
|                    ( - -2.171e+03 1 0)))
|            ( - -4.243e+04 1 0))))
s>    ( QUESTION20 1 -1.044e+05 4.019e+02 4.532e+02
s>        ( WDBNDRY_B 0 -4.019e+04 2.699e+02 1.746e+02
s>            ( - -2.422e+04 1 0)
s>            ( - -1.570e+04 1 0))
s>        ( QUESTION2_20_L -1 -6.380e+04 2.926e+02 2.786e+02
s>            ( - -1.526e+04 1 0)
s>            ( WDBNDRY_B 0 -4.825e+04 2.090e+02 2.123e+02
s>                ( QUESTION2_19_L -1 -5.612e+03 1.966e+02 2.401e+01
s>                    ( - -2.363e+02 1 0)
s>                    ( QUESTION2_15_L -1 -5.179e+03 1.074e+02 2.201e+01
s>                        ( - -2.901e+03 1 0)
s>                        ( - -2.171e+03 1 0)))
s>                ( - -4.243e+04 1 0))))INFO: dtree.c(1478): Final simple tree
|( QUESTION12 -1 -4.796e+05 8.907e+02 2.071e+03
|    ( QUESTION20 1 -3.911e+05 5.471e+02 1.689e+03
|        ( - -2.589e+05 3 0)
|        ( - -1.317e+05 4 0))
|    ( QUESTION2_0_L -1 -8.754e+04 5.221e+02 3.818e+02
|        ( QUESTION20 1 -4.907e+04 2.538e+02 2.132e+02
|            ( WDBNDRY_B 0 -3.032e+04 4.606e+02 1.332e+02
|                ( - 2.428e+02 1 0)
|                ( - -3.010e+04 1 0))
|            ( QUESTION0 -1 -1.850e+04 1.786e+02 7.999e+01
|                ( - -1.800e+04 1 0)
|                ( - -3.225e+02 1 0)))
|        ( QUESTION2_14_L -1 -3.795e+04 1.451e+02 1.687e+02
|            ( - -2.476e+03 2 0 QUESTION14 1 8.671e+01 1.100e+01)
|            ( - -3.533e+04 1 0))))
s>    ( QUESTION12 -1 -4.796e+05 8.907e+02 2.071e+03
s>        ( QUESTION20 1 -3.911e+05 5.471e+02 1.689e+03
s>            ( - -2.589e+05 3 0)
s>            ( - -1.317e+05 4 0))
s>        ( QUESTION2_0_L -1 -8.754e+04 5.221e+02 3.818e+02
s>            ( QUESTION20 1 -4.907e+04 2.538e+02 2.132e+02
s>                ( WDBNDRY_B 0 -3.032e+04 4.606e+02 1.332e+02
s>                    ( - 2.428e+02 1 0)
s>                    ( - -3.010e+04 1 0))
s>                ( QUESTION0 -1 -1.850e+04 1.786e+02 7.999e+01
s>                    ( - -1.800e+04 1 0)
s>                    ( - -3.225e+02 1 0)))
s>            ( QUESTION2_14_L -1 -3.795e+04 1.451e+02 1.687e+02
s>                ( - -2.476e+03 2 0 QUESTION14 1 8.671e+01 1.100e+01)
s>                ( - -3.533e+04 1 0))))INFO: dtree.c(1315): Comp split 5
INFO: dtree.c(1439): stop. leaf nodes are specific
INFO: dtree.c(1478): Final simple tree
|( WDBNDRY_B 0 -5.632e+04 3.668e+02 2.467e+02
|    ( - -1.800e+04 1 0)
|    ( QUESTION2_14_L -1 -3.795e+04 1.451e+02 1.687e+02
|        ( QUESTION14 1 -2.476e+03 8.671e+01 1.100e+01
|            ( - -4.300e+02 1 0)
|            ( - -1.960e+03 1 0))
|        ( - -3.533e+04 1 0)))
s>    ( WDBNDRY_B 0 -5.632e+04 3.668e+02 2.467e+02
s>        ( - -1.800e+04 1 0)
s>        ( QUESTION2_14_L -1 -3.795e+04 1.451e+02 1.687e+02
s>            ( QUESTION14 1 -2.476e+03 8.671e+01 1.100e+01
s>                ( - -4.300e+02 1 0)
s>                ( - -1.960e+03 1 0))
s>            ( - -3.533e+04 1 0)))INFO: dtree.c(1439): stop. leaf nodes are specific
INFO: dtree.c(1478): Final simple tree
|( QUESTION20 1 -4.223e+05 5.432e+02 1.824e+03
|    ( WDBNDRY_B 0 -2.895e+05 4.600e+02 1.259e+03
|        ( - 2.428e+02 1 0)
|        ( QUESTION11 -1 -2.893e+05 3.544e+02 1.258e+03
|            ( - -3.010e+04 1 0)
|            ( - -2.589e+05 3 0)))
|    ( WDBNDRY_B 0 -1.322e+05 1.818e+02 5.646e+02
|        ( - -3.225e+02 1 0)
|        ( - -1.317e+05 4 0)))
s>    ( QUESTION20 1 -4.223e+05 5.432e+02 1.824e+03
s>        ( WDBNDRY_B 0 -2.895e+05 4.600e+02 1.259e+03
s>            ( - 2.428e+02 1 0)
s>            ( QUESTION11 -1 -2.893e+05 3.544e+02 1.258e+03
s>                ( - -3.010e+04 1 0)
s>                ( - -2.589e+05 3 0)))
s>        ( WDBNDRY_B 0 -1.322e+05 1.818e+02 5.646e+02
s>            ( - -3.225e+02 1 0)
s>            ( - -1.317e+05 4 0)))INFO: dtree.c(1315): Comp split 6
INFO: dtree.c(1478): Final simple tree
|( QUESTION1 -1 -1.188e+05 3.044e+02 5.151e+02
|    ( QUESTION4 -1 -3.673e+04 1.807e+02 1.589e+02
|        ( - -2.582e+04 1 0)
|        ( QUESTION2 -1 -1.073e+04 1.330e+02 4.899e+01
|            ( - -1.786e+03 1 0)
|            ( - -8.815e+03 1 0)))
|    ( QUESTION20 1 -8.180e+04 2.543e+02 3.562e+02
|        ( QUESTION18 -1 -1.874e+04 1.394e+02 8.305e+01
|            ( - -3.896e+02 1 0)
|            ( - -1.821e+04 1 0))
|        ( QUESTION0 -1 -6.280e+04 1.899e+02 2.731e+02
|            ( - -3.560e+04 1 0)
|            ( WDBNDRY_B 0 -2.701e+04 1.362e+02 1.164e+02
|                ( - -2.273e+04 1 0)
|                ( - -4.145e+03 1 0)))))
s>    ( QUESTION1 -1 -1.188e+05 3.044e+02 5.151e+02
s>        ( QUESTION4 -1 -3.673e+04 1.807e+02 1.589e+02
s>            ( - -2.582e+04 1 0)
s>            ( QUESTION2 -1 -1.073e+04 1.330e+02 4.899e+01
s>                ( - -1.786e+03 1 0)
s>                ( - -8.815e+03 1 0)))
s>        ( QUESTION20 1 -8.180e+04 2.543e+02 3.562e+02
s>            ( QUESTION18 -1 -1.874e+04 1.394e+02 8.305e+01
s>                ( - -3.896e+02 1 0)
s>                ( - -1.821e+04 1 0))
s>            ( QUESTION0 -1 -6.280e+04 1.899e+02 2.731e+02
s>                ( - -3.560e+04 1 0)
s>                ( WDBNDRY_B 0 -2.701e+04 1.362e+02 1.164e+02
s>                    ( - -2.273e+04 1 0)
s>                    ( - -4.145e+03 1 0)))))INFO: dtree.c(1439): stop. leaf nodes are specific
INFO: dtree.c(1478): Final simple tree
|( QUESTION1 -1 -2.089e+05 4.117e+02 9.107e+02
|    ( - -1.360e+04 1 0)
|    ( QUESTION0 -1 -1.949e+05 2.812e+02 8.490e+02
|        ( QUESTION20 1 -1.690e+04 1.570e+02 7.576e+01
|            ( - -8.118e+02 1 0)
|            ( - -1.593e+04 2 0))
|        ( QUESTION20 1 -1.777e+05 2.440e+02 7.733e+02
|            ( - -9.967e+04 2 0)
|            ( WDBNDRY_B 0 -7.782e+04 9.786e+01 3.477e+02
|                ( - -1.978e+03 2 0)
|                ( - -7.575e+04 2 0)))))
s>    ( QUESTION1 -1 -2.089e+05 4.117e+02 9.107e+02
s>        ( - -1.360e+04 1 0)
s>        ( QUESTION0 -1 -1.949e+05 2.812e+02 8.490e+02
s>            ( QUESTION20 1 -1.690e+04 1.570e+02 7.576e+01
s>                ( - -8.118e+02 1 0)
s>                ( - -1.593e+04 2 0))
s>            ( QUESTION20 1 -1.777e+05 2.440e+02 7.733e+02
s>                ( - -9.967e+04 2 0)
s>                ( WDBNDRY_B 0 -7.782e+04 9.786e+01 3.477e+02
s>                    ( - -1.978e+03 2 0)
s>                    ( - -7.575e+04 2 0)))))INFO: dtree.c(1315): Comp split 7
INFO: dtree.c(1478): Final simple tree
|( QUESTION2_20_L -1 -1.789e+05 3.878e+02 7.786e+02
|    ( QUESTION14 -1 -9.707e+04 3.393e+02 4.265e+02
|        ( WDBNDRY_B 0 -2.583e+04 1.852e+02 1.142e+02
|            ( - -2.510e+04 1 0)
|            ( - -5.472e+02 1 0))
|        ( QUESTION0 -1 -7.090e+04 2.267e+02 3.123e+02
|            ( - -1.626e+04 1 0)
|            ( WDBNDRY_E 0 -5.441e+04 1.858e+02 2.391e+02
|                ( - -1.365e+04 2 0 QUESTION0 1 1.699e+02 6.041e+01)
|                ( - -4.057e+04 6 0 QUESTION14 1 1.332e+02 1.787e+02))))
|    ( QUESTION2_17_L -1 -8.145e+04 2.612e+02 3.521e+02
|        ( - -1.245e+04 2 0 WDBNDRY_B 0 1.513e+02 5.664e+01)
|        ( QUESTION4 -1 -6.874e+04 1.902e+02 2.955e+02
|            ( - -2.571e+02 1 0)
|            ( - -6.829e+04 6 0 QUESTION1 -1 1.729e+02 2.935e+02))))
s>    ( QUESTION2_20_L -1 -1.789e+05 3.878e+02 7.786e+02
s>        ( QUESTION14 -1 -9.707e+04 3.393e+02 4.265e+02
s>            ( WDBNDRY_B 0 -2.583e+04 1.852e+02 1.142e+02
s>                ( - -2.510e+04 1 0)
s>                ( - -5.472e+02 1 0))
s>            ( QUESTION0 -1 -7.090e+04 2.267e+02 3.123e+02
s>                ( - -1.626e+04 1 0)
s>                ( WDBNDRY_E 0 -5.441e+04 1.858e+02 2.391e+02
s>                    ( - -1.365e+04 2 0 QUESTION0 1 1.699e+02 6.041e+01)
s>                    ( - -4.057e+04 6 0 QUESTION14 1 1.332e+02 1.787e+02))))
s>        ( QUESTION2_17_L -1 -8.145e+04 2.612e+02 3.521e+02
s>            ( - -1.245e+04 2 0 WDBNDRY_B 0 1.513e+02 5.664e+01)
s>            ( QUESTION4 -1 -6.874e+04 1.902e+02 2.955e+02
s>                ( - -2.571e+02 1 0)
s>                ( - -6.829e+04 6 0 QUESTION1 -1 1.729e+02 2.935e+02))))INFO: dtree.c(1439): stop. leaf nodes are specific
INFO: dtree.c(1478): Final simple tree
|( WDBNDRY_E 0 -5.568e+04 4.090e+02 2.443e+02
|    ( - -1.557e+04 1 0)
|    ( - -3.970e+04 2 0))
s>    ( WDBNDRY_E 0 -5.568e+04 4.090e+02 2.443e+02
s>        ( - -1.557e+04 1 0)
s>        ( - -3.970e+04 2 0))INFO: dtree.c(1315): Comp split 8
INFO: dtree.c(1439): stop. leaf nodes are specific
INFO: dtree.c(1478): Final simple tree
|( QUESTION0_1_R 1 -3.093e+04 3.356e+02 1.304e+02
|    ( QUESTION0_2_R 1 -1.732e+04 2.064e+02 7.396e+01
|        ( - -1.687e+04 1 0)
|        ( - -2.415e+02 1 0))
|    ( - -1.327e+04 1 0))
s>    ( QUESTION0_1_R 1 -3.093e+04 3.356e+02 1.304e+02
s>        ( QUESTION0_2_R 1 -1.732e+04 2.064e+02 7.396e+01
s>            ( - -1.687e+04 1 0)
s>            ( - -2.415e+02 1 0))
s>        ( - -1.327e+04 1 0))INFO: dtree.c(1478): Final simple tree
|( QUESTION16 -1 -7.202e+04 4.514e+02 3.152e+02
|    ( - 2.065e+02 1 0)
|    ( WDBNDRY_E 0 -7.178e+04 4.627e+02 3.142e+02
|        ( QUESTION0_7_R 1 -7.156e+04 4.450e+02 3.132e+02
|            ( - 1.651e+02 1 0)
|            ( QUESTION10 1 -7.128e+04 4.214e+02 3.122e+02
|                ( - -2.946e+04 2 0)
|                ( QUESTION0_3_R 1 -4.140e+04 3.895e+02 1.809e+02
|                    ( - -1.471e+04 1 0)
|                    ( SILENCE 1 -2.629e+04 2.836e+02 1.133e+02
|                        ( - -2.578e+03 1 0)
|                        ( QUESTION4 1 -2.343e+04 1.804e+02 1.030e+02
|                            ( - -1.183e+04 1 0)
|                            ( - -1.142e+04 2 0 QUESTION0_1_R 1 1.119e+02 5.073e+01))))))
|        ( - 2.419e+02 1 0)))
s>    ( QUESTION16 -1 -7.202e+04 4.514e+02 3.152e+02
s>        ( - 2.065e+02 1 0)
s>        ( WDBNDRY_E 0 -7.178e+04 4.627e+02 3.142e+02
s>            ( QUESTION0_7_R 1 -7.156e+04 4.450e+02 3.132e+02
s>                ( - 1.651e+02 1 0)
s>                ( QUESTION10 1 -7.128e+04 4.214e+02 3.122e+02
s>                    ( - -2.946e+04 2 0)
s>                    ( QUESTION0_3_R 1 -4.140e+04 3.895e+02 1.809e+02
s>                        ( - -1.471e+04 1 0)
s>                        ( SILENCE 1 -2.629e+04 2.836e+02 1.133e+02
s>                            ( - -2.578e+03 1 0)
s>                            ( QUESTION4 1 -2.343e+04 1.804e+02 1.030e+02
s>                                ( - -1.183e+04 1 0)
s>                                ( - -1.142e+04 2 0 QUESTION0_1_R 1 1.119e+02 5.073e+01))))))
s>            ( - 2.419e+02 1 0)))INFO: dtree.c(1315): Comp split 9
INFO: dtree.c(1439): stop. leaf nodes are specific
INFO: dtree.c(1478): Final simple tree
|( QUESTION12 -1 -2.898e+05 3.622e+02 1.260e+03
|    ( - -2.589e+05 3 0)
|    ( WDBNDRY_B 0 -3.059e+04 1.709e+02 1.342e+02
|        ( - -3.225e+02 1 0)
|        ( - -3.010e+04 1 0)))
s>    ( QUESTION12 -1 -2.898e+05 3.622e+02 1.260e+03
s>        ( - -2.589e+05 3 0)
s>        ( WDBNDRY_B 0 -3.059e+04 1.709e+02 1.342e+02
s>            ( - -3.225e+02 1 0)
s>            ( - -3.010e+04 1 0)))INFO: dtree.c(1439): stop. leaf nodes are specific
INFO: dtree.c(1478): Final simple tree
|( WDBNDRY_B 0 -1.319e+05 4.584e+02 5.636e+02
|    ( - 2.428e+02 1 0)
|    ( - -1.317e+05 4 0))
s>    ( WDBNDRY_B 0 -1.319e+05 4.584e+02 5.636e+02
s>        ( - 2.428e+02 1 0)
s>        ( - -1.317e+05 4 0))INFO: dtree.c(1315): Comp split 10
INFO: dtree.c(1439): stop. leaf nodes are specific
INFO: dtree.c(1478): Final simple tree
|( WDBNDRY_E 0 -2.367e+04 4.494e+02 1.040e+02
|    ( QUESTION4 1 -2.343e+04 1.804e+02 1.030e+02
|        ( - -1.183e+04 1 0)
|        ( QUESTION0_1_R 1 -1.142e+04 1.119e+02 5.073e+01
|            ( - -1.096e+04 1 0)
|            ( - -3.433e+02 1 0)))
|    ( - 2.065e+02 1 0))
s>    ( WDBNDRY_E 0 -2.367e+04 4.494e+02 1.040e+02
s>        ( QUESTION4 1 -2.343e+04 1.804e+02 1.030e+02
s>            ( - -1.183e+04 1 0)
s>            ( QUESTION0_1_R 1 -1.142e+04 1.119e+02 5.073e+01
s>                ( - -1.096e+04 1 0)
s>                ( - -3.433e+02 1 0)))
s>        ( - 2.065e+02 1 0))INFO: dtree.c(1439): stop. leaf nodes are specific
INFO: dtree.c(1478): Final simple tree
|( WDBNDRY_E 0 -4.783e+04 4.623e+02 2.112e+02
|    ( QUESTION0_6_R 1 -4.761e+04 4.441e+02 2.102e+02
|        ( - 1.651e+02 1 0)
|        ( QUESTION0_2_R 1 -4.733e+04 4.123e+02 2.092e+02
|            ( - -2.946e+04 2 0)
|            ( SILENCE 1 -1.746e+04 1.661e+02 7.796e+01
|                ( - -2.578e+03 1 0)
|                ( - -1.471e+04 1 0))))
|    ( - 2.419e+02 1 0))
s>    ( WDBNDRY_E 0 -4.783e+04 4.623e+02 2.112e+02
s>        ( QUESTION0_6_R 1 -4.761e+04 4.441e+02 2.102e+02
s>            ( - 1.651e+02 1 0)
s>            ( QUESTION0_2_R 1 -4.733e+04 4.123e+02 2.092e+02
s>                ( - -2.946e+04 2 0)
s>                ( SILENCE 1 -1.746e+04 1.661e+02 7.796e+01
s>                    ( - -2.578e+03 1 0)
s>                    ( - -1.471e+04 1 0))))
s>        ( - 2.419e+02 1 0))INFO: dtree.c(1315): Comp split 11
INFO: dtree.c(1439): stop. leaf nodes are specific
INFO: dtree.c(1478): Final simple tree
|( QUESTION13 -1 -3.375e+05 3.828e+02 1.488e+03
|    ( QUESTION14 1 -3.239e+05 1.707e+02 1.430e+03
|        ( - -1.636e+04 1 0)
|        ( WDBNDRY_E 0 -3.073e+05 1.153e+02 1.356e+03
|            ( - -3.571e+02 1 0)
|            ( WDBNDRY_B 0 -3.069e+05 9.652e+01 1.354e+03
|                ( - -2.516e+03 1 0)
|                ( - -3.042e+05 1 0))))
|    ( WDBNDRY_B 0 -1.325e+04 9.969e+01 5.807e+01
|        ( - -7.188e+02 1 0)
|        ( - -1.243e+04 1 0)))
s>    ( QUESTION13 -1 -3.375e+05 3.828e+02 1.488e+03
s>        ( QUESTION14 1 -3.239e+05 1.707e+02 1.430e+03
s>            ( - -1.636e+04 1 0)
s>            ( WDBNDRY_E 0 -3.073e+05 1.153e+02 1.356e+03
s>                ( - -3.571e+02 1 0)
s>                ( WDBNDRY_B 0 -3.069e+05 9.652e+01 1.354e+03
s>                    ( - -2.516e+03 1 0)
s>                    ( - -3.042e+05 1 0))))
s>        ( WDBNDRY_B 0 -1.325e+04 9.969e+01 5.807e+01
s>            ( - -7.188e+02 1 0)
s>            ( - -1.243e+04 1 0)))INFO: dtree.c(1439): stop. leaf nodes are specific
INFO: dtree.c(1478): Final simple tree
|( QUESTION0_19_R 1 -9.342e+04 3.968e+02 4.078e+02
|    ( - -3.658e+04 1 0)
|    ( QUESTION0_16_R 1 -5.645e+04 1.985e+02 2.473e+02
|        ( QUESTION14 1 -5.599e+04 1.396e+02 2.453e+02
|            ( - -5.243e+02 1 0)
|            ( WDBNDRY_E 0 -5.533e+04 4.635e+02 2.423e+02
|                ( - 1.458e+02 1 0)
|                ( - -5.501e+04 1 0)))
|        ( - -2.574e+02 1 0)))
s>    ( QUESTION0_19_R 1 -9.342e+04 3.968e+02 4.078e+02
s>        ( - -3.658e+04 1 0)
s>        ( QUESTION0_16_R 1 -5.645e+04 1.985e+02 2.473e+02
s>            ( QUESTION14 1 -5.599e+04 1.396e+02 2.453e+02
s>                ( - -5.243e+02 1 0)
s>                ( WDBNDRY_E 0 -5.533e+04 4.635e+02 2.423e+02
s>                    ( - 1.458e+02 1 0)
s>                    ( - -5.501e+04 1 0)))
s>            ( - -2.574e+02 1 0)))INFO: dtree.c(1315): Comp split 12
INFO: dtree.c(1439): stop. leaf nodes are specific
INFO: dtree.c(1478): Final simple tree
|( QUESTION0_19_R 1 -9.310e+04 3.960e+02 4.068e+02
|    ( - -3.658e+04 1 0)
|    ( QUESTION0_16_R 1 -5.613e+04 1.992e+02 2.463e+02
|        ( WDBNDRY_E 0 -5.567e+04 1.397e+02 2.443e+02
|            ( - -5.243e+02 1 0)
|            ( - -5.501e+04 1 0))
|        ( - -2.574e+02 1 0)))
s>    ( QUESTION0_19_R 1 -9.310e+04 3.960e+02 4.068e+02
s>        ( - -3.658e+04 1 0)
s>        ( QUESTION0_16_R 1 -5.613e+04 1.992e+02 2.463e+02
s>            ( WDBNDRY_E 0 -5.567e+04 1.397e+02 2.443e+02
s>                ( - -5.243e+02 1 0)
s>                ( - -5.501e+04 1 0))
s>            ( - -2.574e+02 1 0)))INFO: dtree.c(1315): Comp split 13
INFO: dtree.c(1439): stop. leaf nodes are specific
INFO: dtree.c(1478): Final simple tree
|( QUESTION0_6_R 1 -4.761e+04 4.441e+02 2.102e+02
|    ( - 1.651e+02 1 0)
|    ( QUESTION0_2_R 1 -4.733e+04 4.123e+02 2.092e+02
|        ( - -2.946e+04 2 0)
|        ( SILENCE 1 -1.746e+04 1.661e+02 7.796e+01
|            ( - -2.578e+03 1 0)
|            ( - -1.471e+04 1 0))))
s>    ( QUESTION0_6_R 1 -4.761e+04 4.441e+02 2.102e+02
s>        ( - 1.651e+02 1 0)
s>        ( QUESTION0_2_R 1 -4.733e+04 4.123e+02 2.092e+02
s>            ( - -2.946e+04 2 0)
s>            ( SILENCE 1 -1.746e+04 1.661e+02 7.796e+01
s>                ( - -2.578e+03 1 0)
s>                ( - -1.471e+04 1 0))))INFO: dtree.c(1315): Comp split 14
INFO: dtree.c(1315): Comp split 15
INFO: dtree.c(1439): stop. leaf nodes are specific
INFO: dtree.c(1478): Final simple tree
|( QUESTION4 1 -2.343e+04 1.804e+02 1.030e+02
|    ( - -1.183e+04 1 0)
|    ( QUESTION0_1_R 1 -1.142e+04 1.119e+02 5.073e+01
|        ( - -1.096e+04 1 0)
|        ( - -3.433e+02 1 0)))
s>    ( QUESTION4 1 -2.343e+04 1.804e+02 1.030e+02
s>        ( - -1.183e+04 1 0)
s>        ( QUESTION0_1_R 1 -1.142e+04 1.119e+02 5.073e+01
s>            ( - -1.096e+04 1 0)
s>            ( - -3.433e+02 1 0)))INFO: dtree.c(1315): Comp split 16
INFO: dtree.c(1439): stop. leaf nodes are specific
INFO: dtree.c(1478): Final simple tree
|( QUESTION0_2_R 1 -4.733e+04 4.123e+02 2.092e+02
|    ( - -2.946e+04 2 0)
|    ( SILENCE 1 -1.746e+04 1.661e+02 7.796e+01
|        ( - -2.578e+03 1 0)
|        ( - -1.471e+04 1 0)))
s>    ( QUESTION0_2_R 1 -4.733e+04 4.123e+02 2.092e+02
s>        ( - -2.946e+04 2 0)
s>        ( SILENCE 1 -1.746e+04 1.661e+02 7.796e+01
s>            ( - -2.578e+03 1 0)
s>            ( - -1.471e+04 1 0)))INFO: dtree.c(1315): Comp split 17
INFO: dtree.c(1439): stop. leaf nodes are specific
INFO: dtree.c(1478): Final simple tree
|( QUESTION10 -1 -6.944e+04 2.014e+02 2.985e+02
|    ( - -6.293e+04 4 0)
|    ( QUESTION4 -1 -6.303e+03 1.860e+02 2.591e+01
|        ( - -2.571e+02 1 0)
|        ( QUESTION15 -1 -5.860e+03 1.501e+02 2.391e+01
|            ( - -1.534e+03 1 0)
|            ( WDBNDRY_B 0 -4.177e+03 1.104e+02 1.791e+01
|                ( - -3.519e+03 1 0)
|                ( - -5.472e+02 1 0)))))
s>    ( QUESTION10 -1 -6.944e+04 2.014e+02 2.985e+02
s>        ( - -6.293e+04 4 0)
s>        ( QUESTION4 -1 -6.303e+03 1.860e+02 2.591e+01
s>            ( - -2.571e+02 1 0)
s>            ( QUESTION15 -1 -5.860e+03 1.501e+02 2.391e+01
s>                ( - -1.534e+03 1 0)
s>                ( WDBNDRY_B 0 -4.177e+03 1.104e+02 1.791e+01
s>                    ( - -3.519e+03 1 0)
s>                    ( - -5.472e+02 1 0)))))INFO: dtree.c(1478): Final simple tree
|( QUESTION14 -1 -1.090e+05 3.429e+02 4.801e+02
|    ( WDBNDRY_B 0 -3.719e+04 2.546e+02 1.649e+02
|        ( - -2.510e+04 1 0)
|        ( - -1.183e+04 1 0))
|    ( QUESTION0 -1 -7.151e+04 2.304e+02 3.153e+02
|        ( WDBNDRY_B 0 -1.687e+04 1.499e+02 7.614e+01
|            ( - -4.627e+02 1 0)
|            ( - -1.626e+04 1 0))
|        ( WDBNDRY_E 0 -5.441e+04 1.858e+02 2.391e+02
|            ( QUESTION0 1 -1.365e+04 1.699e+02 6.041e+01
|                ( - -3.065e+02 1 0)
|                ( - -1.318e+04 1 0))
|            ( QUESTION14 1 -4.057e+04 1.332e+02 1.787e+02
|                ( - -4.014e+03 2 0)
|                ( - -3.642e+04 4 0 WDBNDRY_B 0 8.500e+01 1.607e+02)))))
s>    ( QUESTION14 -1 -1.090e+05 3.429e+02 4.801e+02
s>        ( WDBNDRY_B 0 -3.719e+04 2.546e+02 1.649e+02
s>            ( - -2.510e+04 1 0)
s>            ( - -1.183e+04 1 0))
s>        ( QUESTION0 -1 -7.151e+04 2.304e+02 3.153e+02
s>            ( WDBNDRY_B 0 -1.687e+04 1.499e+02 7.614e+01
s>                ( - -4.627e+02 1 0)
s>                ( - -1.626e+04 1 0))
s>            ( WDBNDRY_E 0 -5.441e+04 1.858e+02 2.391e+02
s>                ( QUESTION0 1 -1.365e+04 1.699e+02 6.041e+01
s>                    ( - -3.065e+02 1 0)
s>                    ( - -1.318e+04 1 0))
s>                ( QUESTION14 1 -4.057e+04 1.332e+02 1.787e+02
s>                    ( - -4.014e+03 2 0)
s>                    ( - -3.642e+04 4 0 WDBNDRY_B 0 8.500e+01 1.607e+02)))))INFO: dtree.c(1315): Comp split 18
INFO: dtree.c(1439): stop. leaf nodes are specific
INFO: dtree.c(1478): Final simple tree
|( SILENCE 1 -1.746e+04 1.661e+02 7.796e+01
|    ( - -2.578e+03 1 0)
|    ( - -1.471e+04 1 0))
s>    ( SILENCE 1 -1.746e+04 1.661e+02 7.796e+01
s>        ( - -2.578e+03 1 0)
s>        ( - -1.471e+04 1 0))INFO: dtree.c(1315): Comp split 19
INFO: dtree.c(1439): stop. leaf nodes are specific
INFO: dtree.c(1478): Final simple tree
|( QUESTION0 -1 -1.949e+05 2.812e+02 8.490e+02
|    ( QUESTION20 1 -1.690e+04 1.570e+02 7.576e+01
|        ( - -8.118e+02 1 0)
|        ( - -1.593e+04 2 0))
|    ( QUESTION20 1 -1.777e+05 2.440e+02 7.733e+02
|        ( - -9.967e+04 2 0)
|        ( WDBNDRY_B 0 -7.782e+04 9.786e+01 3.477e+02
|            ( - -1.978e+03 2 0)
|            ( - -7.575e+04 2 0))))
s>    ( QUESTION0 -1 -1.949e+05 2.812e+02 8.490e+02
s>        ( QUESTION20 1 -1.690e+04 1.570e+02 7.576e+01
s>            ( - -8.118e+02 1 0)
s>            ( - -1.593e+04 2 0))
s>        ( QUESTION20 1 -1.777e+05 2.440e+02 7.733e+02
s>            ( - -9.967e+04 2 0)
s>            ( WDBNDRY_B 0 -7.782e+04 9.786e+01 3.477e+02
s>                ( - -1.978e+03 2 0)
s>                ( - -7.575e+04 2 0))))INFO: dtree.c(1315): Comp split 20
INFO: dtree.c(1315): Comp split 21
INFO: dtree.c(1439): stop. leaf nodes are specific
INFO: dtree.c(1478): Final simple tree
|( QUESTION2_20_L -1 -6.380e+04 2.926e+02 2.786e+02
|    ( - -1.526e+04 1 0)
|    ( WDBNDRY_B 0 -4.825e+04 2.090e+02 2.123e+02
|        ( QUESTION2_19_L -1 -5.612e+03 1.966e+02 2.401e+01
|            ( - -2.363e+02 1 0)
|            ( QUESTION2_15_L -1 -5.179e+03 1.074e+02 2.201e+01
|                ( - -2.901e+03 1 0)
|                ( - -2.171e+03 1 0)))
|        ( - -4.243e+04 1 0)))
s>    ( QUESTION2_20_L -1 -6.380e+04 2.926e+02 2.786e+02
s>        ( - -1.526e+04 1 0)
s>        ( WDBNDRY_B 0 -4.825e+04 2.090e+02 2.123e+02
s>            ( QUESTION2_19_L -1 -5.612e+03 1.966e+02 2.401e+01
s>                ( - -2.363e+02 1 0)
s>                ( QUESTION2_15_L -1 -5.179e+03 1.074e+02 2.201e+01
s>                    ( - -2.901e+03 1 0)
s>                    ( - -2.171e+03 1 0)))
s>            ( - -4.243e+04 1 0)))INFO: dtree.c(1439): stop. leaf nodes are specific
INFO: dtree.c(1478): Final simple tree
|( WDBNDRY_B 0 -4.019e+04 2.699e+02 1.746e+02
|    ( - -2.422e+04 1 0)
|    ( - -1.570e+04 1 0))
s>    ( WDBNDRY_B 0 -4.019e+04 2.699e+02 1.746e+02
s>        ( - -2.422e+04 1 0)
s>        ( - -1.570e+04 1 0))INFO: dtree.c(1315): Comp split 22
INFO: dtree.c(1439): stop. leaf nodes are specific
INFO: dtree.c(1478): Final simple tree
|( WDBNDRY_E 0 -5.547e+04 1.991e+02 2.433e+02
|    ( - -2.574e+02 1 0)
|    ( - -5.501e+04 1 0))
s>    ( WDBNDRY_E 0 -5.547e+04 1.991e+02 2.433e+02
s>        ( - -2.574e+02 1 0)
s>        ( - -5.501e+04 1 0))INFO: dtree.c(1439): stop. leaf nodes are specific
INFO: dtree.c(1478): Final simple tree
|( QUESTION0_16_R 1 -3.724e+04 1.377e+02 1.635e+02
|    ( - -5.243e+02 1 0)
|    ( - -3.658e+04 1 0))
s>    ( QUESTION0_16_R 1 -3.724e+04 1.377e+02 1.635e+02
s>        ( - -5.243e+02 1 0)
s>        ( - -3.658e+04 1 0))INFO: dtree.c(1315): Comp split 23
INFO: dtree.c(1439): stop. leaf nodes are specific
INFO: dtree.c(1478): Final simple tree
|( QUESTION14 1 -3.239e+05 1.707e+02 1.430e+03
|    ( - -1.636e+04 1 0)
|    ( WDBNDRY_E 0 -3.073e+05 1.153e+02 1.356e+03
|        ( - -3.571e+02 1 0)
|        ( WDBNDRY_B 0 -3.069e+05 9.652e+01 1.354e+03
|            ( - -2.516e+03 1 0)
|            ( - -3.042e+05 1 0))))
s>    ( QUESTION14 1 -3.239e+05 1.707e+02 1.430e+03
s>        ( - -1.636e+04 1 0)
s>        ( WDBNDRY_E 0 -3.073e+05 1.153e+02 1.356e+03
s>            ( - -3.571e+02 1 0)
s>            ( WDBNDRY_B 0 -3.069e+05 9.652e+01 1.354e+03
s>                ( - -2.516e+03 1 0)
s>                ( - -3.042e+05 1 0))))INFO: dtree.c(1439): stop. leaf nodes are specific
INFO: dtree.c(1478): Final simple tree
|( WDBNDRY_B 0 -1.325e+04 9.969e+01 5.807e+01
|    ( - -7.188e+02 1 0)
|    ( - -1.243e+04 1 0))
s>    ( WDBNDRY_B 0 -1.325e+04 9.969e+01 5.807e+01
s>        ( - -7.188e+02 1 0)
s>        ( - -1.243e+04 1 0))INFO: dtree.c(1315): Comp split 24
INFO: dtree.c(1439): stop. leaf nodes are specific
INFO: dtree.c(1478): Final simple tree
|( QUESTION2_14_L -1 -3.795e+04 1.451e+02 1.687e+02
|    ( QUESTION14 1 -2.476e+03 8.671e+01 1.100e+01
|        ( - -4.300e+02 1 0)
|        ( - -1.960e+03 1 0))
|    ( - -3.533e+04 1 0))
s>    ( QUESTION2_14_L -1 -3.795e+04 1.451e+02 1.687e+02
s>        ( QUESTION14 1 -2.476e+03 8.671e+01 1.100e+01
s>            ( - -4.300e+02 1 0)
s>            ( - -1.960e+03 1 0))
s>        ( - -3.533e+04 1 0))INFO: dtree.c(1315): Comp split 25
INFO: dtree.c(1439): stop. leaf nodes are specific
INFO: dtree.c(1478): Final simple tree
|( WDBNDRY_B 0 -3.059e+04 1.709e+02 1.342e+02
|    ( - -3.225e+02 1 0)
|    ( - -3.010e+04 1 0))
s>    ( WDBNDRY_B 0 -3.059e+04 1.709e+02 1.342e+02
s>        ( - -3.225e+02 1 0)
s>        ( - -3.010e+04 1 0))INFO: dtree.c(1315): Comp split 26
INFO: dtree.c(1439): stop. leaf nodes are specific
INFO: dtree.c(1478): Final simple tree
|( WDBNDRY_B 0 -2.925e+04 1.371e+02 1.292e+02
|    ( - -2.510e+04 1 0)
|    ( - -4.014e+03 2 0))
s>    ( WDBNDRY_B 0 -2.925e+04 1.371e+02 1.292e+02
s>        ( - -2.510e+04 1 0)
s>        ( - -4.014e+03 2 0))INFO: dtree.c(1439): stop. leaf nodes are specific
INFO: dtree.c(1478): Final simple tree
|( QUESTION2_14_L -1 -7.945e+04 2.507e+02 3.509e+02
|    ( WDBNDRY_B 0 -1.245e+04 1.513e+02 5.664e+01
|        ( - -4.627e+02 1 0)
|        ( - -1.183e+04 1 0))
|    ( QUESTION0 -1 -6.675e+04 2.208e+02 2.942e+02
|        ( - -1.626e+04 1 0)
|        ( WDBNDRY_E 0 -5.027e+04 1.880e+02 2.211e+02
|            ( QUESTION0 1 -1.365e+04 1.699e+02 6.041e+01
|                ( - -3.065e+02 1 0)
|                ( - -1.318e+04 1 0))
|            ( WDBNDRY_B 0 -3.642e+04 8.500e+01 1.607e+02
|                ( - -8.583e+02 1 0)
|                ( - -3.548e+04 3 0)))))
s>    ( QUESTION2_14_L -1 -7.945e+04 2.507e+02 3.509e+02
s>        ( WDBNDRY_B 0 -1.245e+04 1.513e+02 5.664e+01
s>            ( - -4.627e+02 1 0)
s>            ( - -1.183e+04 1 0))
s>        ( QUESTION0 -1 -6.675e+04 2.208e+02 2.942e+02
s>            ( - -1.626e+04 1 0)
s>            ( WDBNDRY_E 0 -5.027e+04 1.880e+02 2.211e+02
s>                ( QUESTION0 1 -1.365e+04 1.699e+02 6.041e+01
s>                    ( - -3.065e+02 1 0)
s>                    ( - -1.318e+04 1 0))
s>                ( WDBNDRY_B 0 -3.642e+04 8.500e+01 1.607e+02
s>                    ( - -8.583e+02 1 0)
s>                    ( - -3.548e+04 3 0)))))INFO: dtree.c(1315): Comp split 27
INFO: dtree.c(1439): stop. leaf nodes are specific
INFO: dtree.c(1478): Final simple tree
|( QUESTION0_2_R 1 -1.732e+04 2.064e+02 7.396e+01
|    ( - -1.687e+04 1 0)
|    ( - -2.415e+02 1 0))
s>    ( QUESTION0_2_R 1 -1.732e+04 2.064e+02 7.396e+01
s>        ( - -1.687e+04 1 0)
s>        ( - -2.415e+02 1 0))INFO: dtree.c(1315): Comp split 28
INFO: dtree.c(1439): stop. leaf nodes are specific
INFO: dtree.c(1478): Final simple tree
|( QUESTION4 -1 -4.099e+04 1.950e+02 1.776e+02
|    ( - -2.582e+04 1 0)
|    ( QUESTION2 -1 -1.498e+04 1.352e+02 6.764e+01
|        ( - -1.786e+03 1 0)
|        ( QUESTION0 -1 -1.306e+04 9.862e+01 5.964e+01
|            ( - -8.815e+03 1 0)
|            ( - -4.145e+03 1 0))))
s>    ( QUESTION4 -1 -4.099e+04 1.950e+02 1.776e+02
s>        ( - -2.582e+04 1 0)
s>        ( QUESTION2 -1 -1.498e+04 1.352e+02 6.764e+01
s>            ( - -1.786e+03 1 0)
s>            ( QUESTION0 -1 -1.306e+04 9.862e+01 5.964e+01
s>                ( - -8.815e+03 1 0)
s>                ( - -4.145e+03 1 0))))INFO: dtree.c(1439): stop. leaf nodes are specific
INFO: dtree.c(1478): Final simple tree
|( WDBNDRY_B 0 -7.753e+04 2.595e+02 3.375e+02
|    ( QUESTION0 -1 -5.853e+04 2.028e+02 2.545e+02
|        ( - -3.560e+04 1 0)
|        ( - -2.273e+04 1 0))
|    ( QUESTION18 -1 -1.874e+04 1.394e+02 8.305e+01
|        ( - -3.896e+02 1 0)
|        ( - -1.821e+04 1 0)))
s>    ( WDBNDRY_B 0 -7.753e+04 2.595e+02 3.375e+02
s>        ( QUESTION0 -1 -5.853e+04 2.028e+02 2.545e+02
s>            ( - -3.560e+04 1 0)
s>            ( - -2.273e+04 1 0))
s>        ( QUESTION18 -1 -1.874e+04 1.394e+02 8.305e+01
s>            ( - -3.896e+02 1 0)
s>            ( - -1.821e+04 1 0)))INFO: dtree.c(1315): Comp split 29
INFO: dtree.c(1439): stop. leaf nodes are specific
INFO: dtree.c(1478): Final simple tree
|( QUESTION20 1 -1.787e+05 2.445e+02 7.773e+02
|    ( QUESTION0 -1 -1.006e+05 1.305e+02 4.296e+02
|        ( - -8.118e+02 1 0)
|        ( - -9.967e+04 2 0))
|    ( WDBNDRY_B 0 -7.782e+04 9.786e+01 3.477e+02
|        ( - -1.978e+03 2 0)
|        ( - -7.575e+04 2 0)))
s>    ( QUESTION20 1 -1.787e+05 2.445e+02 7.773e+02
s>        ( QUESTION0 -1 -1.006e+05 1.305e+02 4.296e+02
s>            ( - -8.118e+02 1 0)
s>            ( - -9.967e+04 2 0))
s>        ( WDBNDRY_B 0 -7.782e+04 9.786e+01 3.477e+02
s>            ( - -1.978e+03 2 0)
s>            ( - -7.575e+04 2 0)))INFO: dtree.c(1315): Comp split 30
INFO: dtree.c(1439): stop. leaf nodes are specific
INFO: dtree.c(1478): Final simple tree
|( WDBNDRY_B 0 -4.825e+04 2.090e+02 2.123e+02
|    ( QUESTION2_19_L -1 -5.612e+03 1.966e+02 2.401e+01
|        ( - -2.363e+02 1 0)
|        ( QUESTION2_15_L -1 -5.179e+03 1.074e+02 2.201e+01
|            ( - -2.901e+03 1 0)
|            ( - -2.171e+03 1 0)))
|    ( - -4.243e+04 1 0))
s>    ( WDBNDRY_B 0 -4.825e+04 2.090e+02 2.123e+02
s>        ( QUESTION2_19_L -1 -5.612e+03 1.966e+02 2.401e+01
s>            ( - -2.363e+02 1 0)
s>            ( QUESTION2_15_L -1 -5.179e+03 1.074e+02 2.201e+01
s>                ( - -2.901e+03 1 0)
s>                ( - -2.171e+03 1 0)))
s>        ( - -4.243e+04 1 0))INFO: dtree.c(1315): Comp split 31
INFO: dtree.c(1315): Comp split 32
INFO: dtree.c(1439): stop. leaf nodes are specific
INFO: dtree.c(1478): Final simple tree
|( QUESTION0 -1 -5.906e+04 2.010e+02 2.565e+02
|    ( - -3.560e+04 1 0)
|    ( WDBNDRY_B 0 -2.326e+04 1.394e+02 9.976e+01
|        ( - -2.273e+04 1 0)
|        ( - -3.896e+02 1 0)))
s>    ( QUESTION0 -1 -5.906e+04 2.010e+02 2.565e+02
s>        ( - -3.560e+04 1 0)
s>        ( WDBNDRY_B 0 -2.326e+04 1.394e+02 9.976e+01
s>            ( - -2.273e+04 1 0)
s>            ( - -3.896e+02 1 0)))INFO: dtree.c(1315): Comp split 33
INFO: dtree.c(1439): stop. leaf nodes are specific
INFO: dtree.c(1478): Final simple tree
|( QUESTION0 -1 -1.027e+05 1.300e+02 4.386e+02
|    ( - -8.118e+02 1 0)
|    ( WDBNDRY_B 0 -1.017e+05 8.336e+01 4.346e+02
|        ( - -1.978e+03 2 0)
|        ( - -9.967e+04 2 0)))
s>    ( QUESTION0 -1 -1.027e+05 1.300e+02 4.386e+02
s>        ( - -8.118e+02 1 0)
s>        ( WDBNDRY_B 0 -1.017e+05 8.336e+01 4.346e+02
s>            ( - -1.978e+03 2 0)
s>            ( - -9.967e+04 2 0)))INFO: dtree.c(1315): Comp split 34
INFO: dtree.c(1439): stop. leaf nodes are specific
INFO: dtree.c(1478): Final simple tree
|( WDBNDRY_B 0 -1.245e+04 1.513e+02 5.664e+01
|    ( - -4.627e+02 1 0)
|    ( - -1.183e+04 1 0))
s>    ( WDBNDRY_B 0 -1.245e+04 1.513e+02 5.664e+01
s>        ( - -4.627e+02 1 0)
s>        ( - -1.183e+04 1 0))INFO: dtree.c(1439): stop. leaf nodes are specific
INFO: dtree.c(1478): Final simple tree
|( QUESTION0 -1 -6.675e+04 2.208e+02 2.942e+02
|    ( - -1.626e+04 1 0)
|    ( WDBNDRY_E 0 -5.027e+04 1.880e+02 2.211e+02
|        ( QUESTION0 1 -1.365e+04 1.699e+02 6.041e+01
|            ( - -3.065e+02 1 0)
|            ( - -1.318e+04 1 0))
|        ( WDBNDRY_B 0 -3.642e+04 8.500e+01 1.607e+02
|            ( - -8.583e+02 1 0)
|            ( - -3.548e+04 3 0))))
s>    ( QUESTION0 -1 -6.675e+04 2.208e+02 2.942e+02
s>        ( - -1.626e+04 1 0)
s>        ( WDBNDRY_E 0 -5.027e+04 1.880e+02 2.211e+02
s>            ( QUESTION0 1 -1.365e+04 1.699e+02 6.041e+01
s>                ( - -3.065e+02 1 0)
s>                ( - -1.318e+04 1 0))
s>            ( WDBNDRY_B 0 -3.642e+04 8.500e+01 1.607e+02
s>                ( - -8.583e+02 1 0)
s>                ( - -3.548e+04 3 0))))INFO: dtree.c(1315): Comp split 35
INFO: dtree.c(1439): stop. leaf nodes are specific
INFO: dtree.c(1478): Final simple tree
|( WDBNDRY_E 0 -4.932e+04 1.884e+02 2.171e+02
|    ( QUESTION0 1 -1.365e+04 1.699e+02 6.041e+01
|        ( - -3.065e+02 1 0)
|        ( - -1.318e+04 1 0))
|    ( - -3.548e+04 3 0))
s>    ( WDBNDRY_E 0 -4.932e+04 1.884e+02 2.171e+02
s>        ( QUESTION0 1 -1.365e+04 1.699e+02 6.041e+01
s>            ( - -3.065e+02 1 0)
s>            ( - -1.318e+04 1 0))
s>        ( - -3.548e+04 3 0))INFO: dtree.c(1439): stop. leaf nodes are specific
INFO: dtree.c(1478): Final simple tree
|( WDBNDRY_B 0 -1.719e+04 7.729e+01 7.714e+01
|    ( - -8.583e+02 1 0)
|    ( - -1.626e+04 1 0))
s>    ( WDBNDRY_B 0 -1.719e+04 7.729e+01 7.714e+01
s>        ( - -8.583e+02 1 0)
s>        ( - -1.626e+04 1 0))INFO: dtree.c(1315): Comp split 36
INFO: dtree.c(1439): stop. leaf nodes are specific
INFO: dtree.c(1478): Final simple tree
|( QUESTION4 -1 -4.623e+03 1.892e+02 1.991e+01
|    ( - -2.571e+02 1 0)
|    ( WDBNDRY_B 0 -4.177e+03 1.104e+02 1.791e+01
|        ( - -3.519e+03 1 0)
|        ( - -5.472e+02 1 0)))
s>    ( QUESTION4 -1 -4.623e+03 1.892e+02 1.991e+01
s>        ( - -2.571e+02 1 0)
s>        ( WDBNDRY_B 0 -4.177e+03 1.104e+02 1.791e+01
s>            ( - -3.519e+03 1 0)
s>            ( - -5.472e+02 1 0)))INFO: dtree.c(1439): stop. leaf nodes are specific
INFO: dtree.c(1478): Final simple tree
|( WDBNDRY_B 0 -6.460e+04 1.348e+02 2.785e+02
|    ( - -1.534e+03 1 0)
|    ( - -6.293e+04 4 0))
s>    ( WDBNDRY_B 0 -6.460e+04 1.348e+02 2.785e+02
s>        ( - -1.534e+03 1 0)
s>        ( - -6.293e+04 4 0))INFO: dtree.c(1315): Comp split 37
INFO: dtree.c(1439): stop. leaf nodes are specific
INFO: dtree.c(1478): Final simple tree
|( QUESTION2_15_L -1 -5.179e+03 1.074e+02 2.201e+01
|    ( - -2.901e+03 1 0)
|    ( - -2.171e+03 1 0))
s>    ( QUESTION2_15_L -1 -5.179e+03 1.074e+02 2.201e+01
s>        ( - -2.901e+03 1 0)
s>        ( - -2.171e+03 1 0))INFO: dtree.c(1439): stop. leaf nodes are specific
INFO: dtree.c(1478): Final simple tree
|( WDBNDRY_B 0 -4.286e+04 1.946e+02 1.903e+02
|    ( - -2.363e+02 1 0)
|    ( - -4.243e+04 1 0))
s>    ( WDBNDRY_B 0 -4.286e+04 1.946e+02 1.903e+02
s>        ( - -2.363e+02 1 0)
s>        ( - -4.243e+04 1 0))INFO: dtree.c(1315): Comp split 38
INFO: dtree.c(1315): Comp split 39
INFO: dtree.c(1439): stop. leaf nodes are specific
INFO: dtree.c(1478): Final simple tree
|( WDBNDRY_B 0 -2.326e+04 1.394e+02 9.976e+01
|    ( - -2.273e+04 1 0)
|    ( - -3.896e+02 1 0))
s>    ( WDBNDRY_B 0 -2.326e+04 1.394e+02 9.976e+01
s>        ( - -2.273e+04 1 0)
s>        ( - -3.896e+02 1 0))INFO: dtree.c(1315): Comp split 40
INFO: dtree.c(1315): Comp split 41
INFO: dtree.c(1439): stop. leaf nodes are specific
INFO: dtree.c(1478): Final simple tree
|( QUESTION2 -1 -1.498e+04 1.352e+02 6.764e+01
|    ( - -1.786e+03 1 0)
|    ( QUESTION0 -1 -1.306e+04 9.862e+01 5.964e+01
|        ( - -8.815e+03 1 0)
|        ( - -4.145e+03 1 0)))
s>    ( QUESTION2 -1 -1.498e+04 1.352e+02 6.764e+01
s>        ( - -1.786e+03 1 0)
s>        ( QUESTION0 -1 -1.306e+04 9.862e+01 5.964e+01
s>            ( - -8.815e+03 1 0)
s>            ( - -4.145e+03 1 0)))INFO: dtree.c(1315): Comp split 42
INFO: dtree.c(1315): Comp split 43
INFO: dtree.c(1439): stop. leaf nodes are specific
INFO: dtree.c(1478): Final simple tree
|( WDBNDRY_E 0 -3.595e+04 1.670e+02 1.587e+02
|    ( - -3.065e+02 1 0)
|    ( - -3.548e+04 3 0))
s>    ( WDBNDRY_E 0 -3.595e+04 1.670e+02 1.587e+02
s>        ( - -3.065e+02 1 0)
s>        ( - -3.548e+04 3 0))INFO: dtree.c(1315): Comp split 44
INFO: dtree.c(1439): stop. leaf nodes are specific
INFO: dtree.c(1478): Final simple tree
|( WDBNDRY_B 0 -4.177e+03 1.104e+02 1.791e+01
|    ( - -3.519e+03 1 0)
|    ( - -5.472e+02 1 0))
s>    ( WDBNDRY_B 0 -4.177e+03 1.104e+02 1.791e+01
s>        ( - -3.519e+03 1 0)
s>        ( - -5.472e+02 1 0))INFO: dtree.c(1315): Comp split 45
INFO: dtree.c(1439): stop. leaf nodes are specific
INFO: dtree.c(1478): Final simple tree
|( QUESTION0_1_R 1 -1.142e+04 1.119e+02 5.073e+01
|    ( - -1.096e+04 1 0)
|    ( - -3.433e+02 1 0))
s>    ( QUESTION0_1_R 1 -1.142e+04 1.119e+02 5.073e+01
s>        ( - -1.096e+04 1 0)
s>        ( - -3.433e+02 1 0))INFO: dtree.c(1315): Comp split 46
INFO: dtree.c(1315): Comp split 47
INFO: dtree.c(1439): stop. leaf nodes are specific
INFO: dtree.c(1478): Final simple tree
|( WDBNDRY_E 0 -3.073e+05 1.153e+02 1.356e+03
|    ( - -3.571e+02 1 0)
|    ( WDBNDRY_B 0 -3.069e+05 9.652e+01 1.354e+03
|        ( - -2.516e+03 1 0)
|        ( - -3.042e+05 1 0)))
s>    ( WDBNDRY_E 0 -3.073e+05 1.153e+02 1.356e+03
s>        ( - -3.571e+02 1 0)
s>        ( WDBNDRY_B 0 -3.069e+05 9.652e+01 1.354e+03
s>            ( - -2.516e+03 1 0)
s>            ( - -3.042e+05 1 0)))INFO: dtree.c(1315): Comp split 48
INFO: dtree.c(1315): Comp split 49
INFO: dtree.c(1315): Comp split 50
INFO: dtree.c(1315): Comp split 51
INFO: dtree.c(1439): stop. leaf nodes are specific
INFO: dtree.c(1478): Final simple tree
|( QUESTION14 1 -2.476e+03 8.671e+01 1.100e+01
|    ( - -4.300e+02 1 0)
|    ( - -1.960e+03 1 0))
s>    ( QUESTION14 1 -2.476e+03 8.671e+01 1.100e+01
s>        ( - -4.300e+02 1 0)
s>        ( - -1.960e+03 1 0))INFO: dtree.c(1315): Comp split 52
INFO: dtree.c(1315): Comp split 53
INFO: dtree.c(1315): Comp split 54
INFO: dtree.c(1315): Comp split 55
INFO: dtree.c(1439): stop. leaf nodes are specific
INFO: dtree.c(1478): Final simple tree
|( QUESTION0 -1 -1.306e+04 9.862e+01 5.964e+01
|    ( - -8.815e+03 1 0)
|    ( - -4.145e+03 1 0))
s>    ( QUESTION0 -1 -1.306e+04 9.862e+01 5.964e+01
s>        ( - -8.815e+03 1 0)
s>        ( - -4.145e+03 1 0))INFO: dtree.c(1315): Comp split 56
INFO: dtree.c(1315): Comp split 57
INFO: dtree.c(1439): stop. leaf nodes are specific
INFO: dtree.c(1478): Final simple tree
|( WDBNDRY_B 0 -1.017e+05 8.336e+01 4.346e+02
|    ( - -1.978e+03 2 0)
|    ( - -9.967e+04 2 0))
s>    ( WDBNDRY_B 0 -1.017e+05 8.336e+01 4.346e+02
s>        ( - -1.978e+03 2 0)
s>        ( - -9.967e+04 2 0))INFO: dtree.c(1315): Comp split 58
INFO: dtree.c(1439): stop. leaf nodes are specific
INFO: dtree.c(1478): Final simple tree
|( WDBNDRY_B 0 -3.069e+05 9.652e+01 1.354e+03
|    ( - -2.516e+03 1 0)
|    ( - -3.042e+05 1 0))
s>    ( WDBNDRY_B 0 -3.069e+05 9.652e+01 1.354e+03
s>        ( - -2.516e+03 1 0)
s>        ( - -3.042e+05 1 0))INFO: dtree.c(1315): Comp split 59
INFO: dtree.c(1315): Comp split 60
INFO: dtree.c(1315): Comp split 61
INFO: dtree.c(1315): Comp split 62
INFO: dtree.c(1315): Comp split 63
INFO: dtree.c(1315): Comp split 64
INFO: dtree.c(1315): Comp split 65
INFO: dtree.c(1315): Comp split 66
INFO: dtree.c(1315): Comp split 67
INFO: dtree.c(1315): Comp split 68
INFO: dtree.c(1318): stop. leaf nodes are specific
Sun Mar 19 21:50:57 2017
