Current configuration:
[NAME]		[DEFLT]	[VALUE]
-allphones	no	no
-cntthresh	0.00001	1.000000e-05
-csplitmax	100	2000
-csplitmin	1	1
-csplitthr	8e-4	0.000000e+00
-example	no	no
-fullvar	no	no
-help		no	no
-meanfn			/home/ilya/Рабочий стол/lab_sphinx/ru_base/model_parameters/ru_base.cd_cont_untied/means
-mixwfn			/home/ilya/Рабочий стол/lab_sphinx/ru_base/model_parameters/ru_base.cd_cont_untied/mixture_weights
-moddeffn		/home/ilya/Рабочий стол/lab_sphinx/ru_base/model_architecture/ru_base.untied.mdef
-mwfloor	1e-4	1.000000e-08
-phone			sj
-psetfn			/home/ilya/Рабочий стол/lab_sphinx/ru_base/model_architecture/ru_base.tree_questions
-ssplitmax	5	7
-ssplitmin	1	1
-ssplitthr	8e-4	0.000000e+00
-state			2
-stwt			1.0,0.05,0.0,
-treefn			/home/ilya/Рабочий стол/lab_sphinx/ru_base/trees/ru_base.unpruned/sj-2.dtree
-ts2cbfn	.semi.	.cont.
-varfloor	0.00001	1.000000e-05
-varfn			/home/ilya/Рабочий стол/lab_sphinx/ru_base/model_parameters/ru_base.cd_cont_untied/variances

INFO: main.c(223): Reading: /home/ilya/Рабочий стол/lab_sphinx/ru_base/model_architecture/ru_base.untied.mdef
INFO: model_def_io.c(573): Model definition info:
INFO: model_def_io.c(574): 9415 total models defined (43 base, 9372 tri)
INFO: model_def_io.c(575): 37660 total states
INFO: model_def_io.c(576): 28245 total tied states
INFO: model_def_io.c(577): 129 total tied CI states
INFO: model_def_io.c(578): 43 total tied transition matrices
INFO: model_def_io.c(579): 4 max state/model
INFO: model_def_io.c(580): 4 min state/model
INFO: main.c(242): Building trees for [sj SIL e0 b] through [sj y0 i0 b]
INFO: main.c(269): Covering states |[21372 21770]| == 399
INFO: main.c(275): Reading: /home/ilya/Рабочий стол/lab_sphinx/ru_base/model_parameters/ru_base.cd_cont_untied/mixture_weights
INFO: s3mixw_io.c(173): Read /home/ilya/Рабочий стол/lab_sphinx/ru_base/model_parameters/ru_base.cd_cont_untied/mixture_weights [399x1x1 array]
INFO: main.c(311): 133 of 133 models have observation count greater than 0.000010
INFO: main.c(95): nrm stwt: 0.000 0.048 0.952 
INFO: s3gau_io.c(169): Read /home/ilya/Рабочий стол/lab_sphinx/ru_base/model_parameters/ru_base.cd_cont_untied/means [28245x1x1 array]
INFO: s3gau_io.c(169): Read /home/ilya/Рабочий стол/lab_sphinx/ru_base/model_parameters/ru_base.cd_cont_untied/variances [28245x1x1 array]
INFO: main.c(549): Reading: /home/ilya/Рабочий стол/lab_sphinx/ru_base/model_architecture/ru_base.tree_questions
INFO: main.c(588): 180 total simple questions (172 phone; 8 word bndry)
INFO: main.c(590): 42 Left Only questions, and 42 Right Only questions
INFO: dtree.c(1478): Final simple tree
|( WDBNDRY_E 0 -3.309e+06 1.490e+04 1.426e+04
|    ( QUESTION10 1 -9.730e+05 1.801e+03 4.281e+03
|        ( - -1.997e+05 19 0 QUESTION20 -1 4.533e+02 8.977e+02)
|        ( QUESTION0_2_R 1 -7.715e+05 1.497e+03 3.383e+03
|            ( - -7.963e+04 4 0 QUESTION16 -1 2.954e+02 3.553e+02)
|            ( SILENCE 1 -6.904e+05 1.342e+03 3.028e+03
|                ( - -9.636e+04 4 0 QUESTION16 -1 1.834e+02 4.391e+02)
|                ( QUESTION14 -1 -5.927e+05 1.461e+03 2.589e+03
|                    ( - -5.674e+04 1 0)
|                    ( - -5.345e+05 30 0 QUESTION14 1 1.118e+03 2.348e+03)))))
|    ( QUESTION0_15_R 1 -2.321e+06 6.749e+03 9.983e+03
|        ( - -1.242e+06 49 0 SILENCE -1 9.716e+02 5.352e+03)
|        ( QUESTION15 -1 -1.073e+06 2.040e+03 4.631e+03
|            ( - -3.168e+05 13 0 QUESTION0_0_R 1 1.022e+03 1.371e+03)
|            ( - -7.540e+05 13 0 QUESTION14 1 9.608e+02 3.259e+03))))
s>    ( WDBNDRY_E 0 -3.309e+06 1.490e+04 1.426e+04
s>        ( QUESTION10 1 -9.730e+05 1.801e+03 4.281e+03
s>            ( - -1.997e+05 19 0 QUESTION20 -1 4.533e+02 8.977e+02)
s>            ( QUESTION0_2_R 1 -7.715e+05 1.497e+03 3.383e+03
s>                ( - -7.963e+04 4 0 QUESTION16 -1 2.954e+02 3.553e+02)
s>                ( SILENCE 1 -6.904e+05 1.342e+03 3.028e+03
s>                    ( - -9.636e+04 4 0 QUESTION16 -1 1.834e+02 4.391e+02)
s>                    ( QUESTION14 -1 -5.927e+05 1.461e+03 2.589e+03
s>                        ( - -5.674e+04 1 0)
s>                        ( - -5.345e+05 30 0 QUESTION14 1 1.118e+03 2.348e+03)))))
s>        ( QUESTION0_15_R 1 -2.321e+06 6.749e+03 9.983e+03
s>            ( - -1.242e+06 49 0 SILENCE -1 9.716e+02 5.352e+03)
s>            ( QUESTION15 -1 -1.073e+06 2.040e+03 4.631e+03
s>                ( - -3.168e+05 13 0 QUESTION0_0_R 1 1.022e+03 1.371e+03)
s>                ( - -7.540e+05 13 0 QUESTION14 1 9.608e+02 3.259e+03))))INFO: dtree.c(1315): Comp split 0
INFO: dtree.c(1478): Final simple tree
|( QUESTION10 1 -9.730e+05 1.801e+03 4.281e+03
|    ( - -1.997e+05 19 0 QUESTION20 -1 4.533e+02 8.977e+02)
|    ( QUESTION0_2_R 1 -7.715e+05 1.497e+03 3.383e+03
|        ( - -7.963e+04 4 0 QUESTION16 -1 2.954e+02 3.553e+02)
|        ( SILENCE 1 -6.904e+05 1.342e+03 3.028e+03
|            ( - -9.636e+04 4 0 QUESTION16 -1 1.834e+02 4.391e+02)
|            ( QUESTION14 -1 -5.927e+05 1.461e+03 2.589e+03
|                ( - -5.674e+04 1 0)
|                ( QUESTION14 1 -5.345e+05 1.118e+03 2.348e+03
|                    ( - -1.814e+05 14 0 QUESTION0_17_R 1 6.256e+02 8.033e+02)
|                    ( QUESTION0_14_R 1 -3.520e+05 1.181e+03 1.545e+03
|                        ( - -7.909e+04 3 0 QUESTION16 -1 4.293e+02 3.355e+02)
|                        ( QUESTION0_7_R 1 -2.718e+05 8.448e+02 1.209e+03
|                            ( - -1.311e+05 3 0 QUESTION0_8_R 1 7.601e+02 5.896e+02)
|                            ( - -1.398e+05 10 0 QUESTION0_0_R 1 5.194e+02 6.199e+02))))))))
s>    ( QUESTION10 1 -9.730e+05 1.801e+03 4.281e+03
s>        ( - -1.997e+05 19 0 QUESTION20 -1 4.533e+02 8.977e+02)
s>        ( QUESTION0_2_R 1 -7.715e+05 1.497e+03 3.383e+03
s>            ( - -7.963e+04 4 0 QUESTION16 -1 2.954e+02 3.553e+02)
s>            ( SILENCE 1 -6.904e+05 1.342e+03 3.028e+03
s>                ( - -9.636e+04 4 0 QUESTION16 -1 1.834e+02 4.391e+02)
s>                ( QUESTION14 -1 -5.927e+05 1.461e+03 2.589e+03
s>                    ( - -5.674e+04 1 0)
s>                    ( QUESTION14 1 -5.345e+05 1.118e+03 2.348e+03
s>                        ( - -1.814e+05 14 0 QUESTION0_17_R 1 6.256e+02 8.033e+02)
s>                        ( QUESTION0_14_R 1 -3.520e+05 1.181e+03 1.545e+03
s>                            ( - -7.909e+04 3 0 QUESTION16 -1 4.293e+02 3.355e+02)
s>                            ( QUESTION0_7_R 1 -2.718e+05 8.448e+02 1.209e+03
s>                                ( - -1.311e+05 3 0 QUESTION0_8_R 1 7.601e+02 5.896e+02)
s>                                ( - -1.398e+05 10 0 QUESTION0_0_R 1 5.194e+02 6.199e+02))))))))INFO: dtree.c(1478): Final simple tree
|( QUESTION0_15_R 1 -2.321e+06 6.749e+03 9.983e+03
|    ( SILENCE -1 -1.242e+06 9.716e+02 5.352e+03
|        ( - -5.999e+04 1 0)
|        ( - -1.181e+06 48 0 QUESTION2_17_L -1 7.791e+02 5.098e+03))
|    ( QUESTION15 -1 -1.073e+06 2.040e+03 4.631e+03
|        ( QUESTION0_0_R 1 -3.168e+05 1.022e+03 1.371e+03
|            ( - -5.124e+04 5 0 QUESTION16 -1 2.994e+02 2.295e+02)
|            ( QUESTION18 -1 -2.645e+05 9.459e+02 1.142e+03
|                ( - -4.585e+04 1 0)
|                ( - -2.177e+05 7 0 QUESTION16 -1 3.327e+02 9.363e+02)))
|        ( QUESTION14 1 -7.540e+05 9.608e+02 3.259e+03
|            ( - -3.991e+04 4 0 QUESTION0_0_R 1 2.583e+02 1.738e+02)
|            ( QUESTION2_0_L -1 -7.131e+05 8.524e+02 3.085e+03
|                ( - -1.547e+05 3 0 QUESTION2_3_L -1 2.261e+02 6.860e+02)
|                ( - -5.575e+05 6 0 QUESTION2_14_L -1 6.041e+02 2.399e+03)))))
s>    ( QUESTION0_15_R 1 -2.321e+06 6.749e+03 9.983e+03
s>        ( SILENCE -1 -1.242e+06 9.716e+02 5.352e+03
s>            ( - -5.999e+04 1 0)
s>            ( - -1.181e+06 48 0 QUESTION2_17_L -1 7.791e+02 5.098e+03))
s>        ( QUESTION15 -1 -1.073e+06 2.040e+03 4.631e+03
s>            ( QUESTION0_0_R 1 -3.168e+05 1.022e+03 1.371e+03
s>                ( - -5.124e+04 5 0 QUESTION16 -1 2.994e+02 2.295e+02)
s>                ( QUESTION18 -1 -2.645e+05 9.459e+02 1.142e+03
s>                    ( - -4.585e+04 1 0)
s>                    ( - -2.177e+05 7 0 QUESTION16 -1 3.327e+02 9.363e+02)))
s>            ( QUESTION14 1 -7.540e+05 9.608e+02 3.259e+03
s>                ( - -3.991e+04 4 0 QUESTION0_0_R 1 2.583e+02 1.738e+02)
s>                ( QUESTION2_0_L -1 -7.131e+05 8.524e+02 3.085e+03
s>                    ( - -1.547e+05 3 0 QUESTION2_3_L -1 2.261e+02 6.860e+02)
s>                    ( - -5.575e+05 6 0 QUESTION2_14_L -1 6.041e+02 2.399e+03)))))INFO: dtree.c(1315): Comp split 1
INFO: dtree.c(1478): Final simple tree
|( SILENCE -1 -1.288e+06 9.822e+02 5.558e+03
|    ( - -5.999e+04 1 0)
|    ( QUESTION2_17_L -1 -1.227e+06 7.719e+02 5.304e+03
|        ( WDBNDRY_B 0 -2.089e+05 9.505e+02 9.054e+02
|            ( - -7.654e+04 2 0 QUESTION0 -1 2.177e+02 3.316e+02)
|            ( - -1.314e+05 2 0 QUESTION20 1 1.752e+02 5.737e+02))
|        ( QUESTION15 -1 -1.017e+06 7.214e+02 4.398e+03
|            ( QUESTION0_14_R 1 -4.136e+05 5.045e+02 1.790e+03
|                ( - -4.585e+04 1 0)
|                ( - -3.673e+05 17 0 QUESTION19 -1 3.870e+02 1.585e+03))
|            ( QUESTION2_20_L -1 -6.030e+05 6.355e+02 2.608e+03
|                ( QUESTION20 1 -3.846e+05 3.976e+02 1.660e+03
|                    ( - -3.854e+04 4 0 WDBNDRY_B 0 4.415e+02 1.667e+02)
|                    ( - -3.457e+05 6 0 WDBNDRY_B 0 2.789e+02 1.493e+03))
|                ( - -2.178e+05 17 0 WDBNDRY_B 0 3.099e+02 9.481e+02)))))
s>    ( SILENCE -1 -1.288e+06 9.822e+02 5.558e+03
s>        ( - -5.999e+04 1 0)
s>        ( QUESTION2_17_L -1 -1.227e+06 7.719e+02 5.304e+03
s>            ( WDBNDRY_B 0 -2.089e+05 9.505e+02 9.054e+02
s>                ( - -7.654e+04 2 0 QUESTION0 -1 2.177e+02 3.316e+02)
s>                ( - -1.314e+05 2 0 QUESTION20 1 1.752e+02 5.737e+02))
s>            ( QUESTION15 -1 -1.017e+06 7.214e+02 4.398e+03
s>                ( QUESTION0_14_R 1 -4.136e+05 5.045e+02 1.790e+03
s>                    ( - -4.585e+04 1 0)
s>                    ( - -3.673e+05 17 0 QUESTION19 -1 3.870e+02 1.585e+03))
s>                ( QUESTION2_20_L -1 -6.030e+05 6.355e+02 2.608e+03
s>                    ( QUESTION20 1 -3.846e+05 3.976e+02 1.660e+03
s>                        ( - -3.854e+04 4 0 WDBNDRY_B 0 4.415e+02 1.667e+02)
s>                        ( - -3.457e+05 6 0 WDBNDRY_B 0 2.789e+02 1.493e+03))
s>                    ( - -2.178e+05 17 0 WDBNDRY_B 0 3.099e+02 9.481e+02)))))INFO: dtree.c(1478): Final simple tree
|( QUESTION15 -1 -1.026e+06 1.706e+03 4.425e+03
|    ( QUESTION0_0_R 1 -2.699e+05 1.003e+03 1.166e+03
|        ( QUESTION16 -1 -5.124e+04 2.994e+02 2.295e+02
|            ( - -3.830e+04 3 0 QUESTION0_4_R 1 1.983e+02 1.720e+02)
|            ( - -1.264e+04 2 0 QUESTION20 -1 1.387e+02 5.748e+01))
|        ( QUESTION16 -1 -2.177e+05 3.327e+02 9.363e+02
|            ( - -4.869e+04 2 0 WDBNDRY_B 0 1.619e+02 2.118e+02)
|            ( - -1.687e+05 5 0 QUESTION20 -1 2.504e+02 7.245e+02)))
|    ( QUESTION14 1 -7.540e+05 9.608e+02 3.259e+03
|        ( - -3.991e+04 4 0 QUESTION0_0_R 1 2.583e+02 1.738e+02)
|        ( QUESTION2_0_L -1 -7.131e+05 8.524e+02 3.085e+03
|            ( - -1.547e+05 3 0 QUESTION2_3_L -1 2.261e+02 6.860e+02)
|            ( QUESTION2_14_L -1 -5.575e+05 6.041e+02 2.399e+03
|                ( - -6.024e+04 2 0 QUESTION0 -1 1.853e+02 2.669e+02)
|                ( - -4.966e+05 4 0)))))
s>    ( QUESTION15 -1 -1.026e+06 1.706e+03 4.425e+03
s>        ( QUESTION0_0_R 1 -2.699e+05 1.003e+03 1.166e+03
s>            ( QUESTION16 -1 -5.124e+04 2.994e+02 2.295e+02
s>                ( - -3.830e+04 3 0 QUESTION0_4_R 1 1.983e+02 1.720e+02)
s>                ( - -1.264e+04 2 0 QUESTION20 -1 1.387e+02 5.748e+01))
s>            ( QUESTION16 -1 -2.177e+05 3.327e+02 9.363e+02
s>                ( - -4.869e+04 2 0 WDBNDRY_B 0 1.619e+02 2.118e+02)
s>                ( - -1.687e+05 5 0 QUESTION20 -1 2.504e+02 7.245e+02)))
s>        ( QUESTION14 1 -7.540e+05 9.608e+02 3.259e+03
s>            ( - -3.991e+04 4 0 QUESTION0_0_R 1 2.583e+02 1.738e+02)
s>            ( QUESTION2_0_L -1 -7.131e+05 8.524e+02 3.085e+03
s>                ( - -1.547e+05 3 0 QUESTION2_3_L -1 2.261e+02 6.860e+02)
s>                ( QUESTION2_14_L -1 -5.575e+05 6.041e+02 2.399e+03
s>                    ( - -6.024e+04 2 0 QUESTION0 -1 1.853e+02 2.669e+02)
s>                    ( - -4.966e+05 4 0)))))INFO: dtree.c(1315): Comp split 2
INFO: dtree.c(1439): stop. leaf nodes are specific
INFO: dtree.c(1478): Final simple tree
|( QUESTION0 -1 -6.521e+05 7.303e+02 2.818e+03
|    ( QUESTION2_3_L -1 -1.547e+05 2.261e+02 6.860e+02
|        ( - -3.597e+04 1 0)
|        ( QUESTION1 -1 -1.185e+05 1.403e+02 5.271e+02
|            ( - -4.807e+03 1 0)
|            ( - -1.136e+05 1 0)))
|    ( - -4.966e+05 4 0))
s>    ( QUESTION0 -1 -6.521e+05 7.303e+02 2.818e+03
s>        ( QUESTION2_3_L -1 -1.547e+05 2.261e+02 6.860e+02
s>            ( - -3.597e+04 1 0)
s>            ( QUESTION1 -1 -1.185e+05 1.403e+02 5.271e+02
s>                ( - -4.807e+03 1 0)
s>                ( - -1.136e+05 1 0)))
s>        ( - -4.966e+05 4 0))INFO: dtree.c(1478): Final simple tree
|( QUESTION0_0_R 1 -3.711e+05 1.066e+03 1.606e+03
|    ( QUESTION16 -1 -5.342e+04 3.068e+02 2.385e+02
|        ( - -3.830e+04 3 0 QUESTION0_4_R 1 1.983e+02 1.720e+02)
|        ( QUESTION14 -1 -1.481e+04 2.511e+02 6.648e+01
|            ( - -1.921e+03 1 0)
|            ( - -1.264e+04 2 0 QUESTION20 -1 1.387e+02 5.748e+01)))
|    ( QUESTION14 1 -3.166e+05 7.006e+02 1.368e+03
|        ( - -3.967e+04 4 0 QUESTION0 -1 2.131e+02 1.728e+02)
|        ( QUESTION17 -1 -2.762e+05 3.518e+02 1.195e+03
|            ( QUESTION20 -1 -1.667e+05 3.095e+02 7.165e+02
|                ( - -2.429e+03 2 0 WDBNDRY_B 0 1.504e+02 1.100e+01)
|                ( - -1.640e+05 2 0))
|            ( QUESTION15 -1 -1.092e+05 2.235e+02 4.787e+02
|                ( - -4.869e+04 2 0 WDBNDRY_B 0 1.619e+02 2.118e+02)
|                ( - -6.024e+04 2 0 QUESTION0 -1 1.853e+02 2.669e+02)))))
s>    ( QUESTION0_0_R 1 -3.711e+05 1.066e+03 1.606e+03
s>        ( QUESTION16 -1 -5.342e+04 3.068e+02 2.385e+02
s>            ( - -3.830e+04 3 0 QUESTION0_4_R 1 1.983e+02 1.720e+02)
s>            ( QUESTION14 -1 -1.481e+04 2.511e+02 6.648e+01
s>                ( - -1.921e+03 1 0)
s>                ( - -1.264e+04 2 0 QUESTION20 -1 1.387e+02 5.748e+01)))
s>        ( QUESTION14 1 -3.166e+05 7.006e+02 1.368e+03
s>            ( - -3.967e+04 4 0 QUESTION0 -1 2.131e+02 1.728e+02)
s>            ( QUESTION17 -1 -2.762e+05 3.518e+02 1.195e+03
s>                ( QUESTION20 -1 -1.667e+05 3.095e+02 7.165e+02
s>                    ( - -2.429e+03 2 0 WDBNDRY_B 0 1.504e+02 1.100e+01)
s>                    ( - -1.640e+05 2 0))
s>                ( QUESTION15 -1 -1.092e+05 2.235e+02 4.787e+02
s>                    ( - -4.869e+04 2 0 WDBNDRY_B 0 1.619e+02 2.118e+02)
s>                    ( - -6.024e+04 2 0 QUESTION0 -1 1.853e+02 2.669e+02)))))INFO: dtree.c(1315): Comp split 3
INFO: dtree.c(1439): stop. leaf nodes are specific
INFO: dtree.c(1478): Final simple tree
|( SILENCE 1 -1.540e+05 9.456e+02 6.798e+02
|    ( QUESTION16 -1 -9.636e+04 1.834e+02 4.391e+02
|        ( - -6.798e+04 2 0)
|        ( QUESTION20 -1 -2.819e+04 1.870e+02 1.289e+02
|            ( - -1.300e+04 1 0)
|            ( - -1.501e+04 1 0)))
|    ( - -5.674e+04 1 0))
s>    ( SILENCE 1 -1.540e+05 9.456e+02 6.798e+02
s>        ( QUESTION16 -1 -9.636e+04 1.834e+02 4.391e+02
s>            ( - -6.798e+04 2 0)
s>            ( QUESTION20 -1 -2.819e+04 1.870e+02 1.289e+02
s>                ( - -1.300e+04 1 0)
s>                ( - -1.501e+04 1 0)))
s>        ( - -5.674e+04 1 0))INFO: dtree.c(1478): Final simple tree
|( QUESTION10 1 -8.168e+05 1.644e+03 3.601e+03
|    ( - -1.997e+05 19 0 QUESTION20 -1 4.533e+02 8.977e+02)
|    ( QUESTION0_2_R 1 -6.155e+05 1.336e+03 2.704e+03
|        ( - -7.963e+04 4 0 QUESTION16 -1 2.954e+02 3.553e+02)
|        ( QUESTION14 1 -5.345e+05 1.118e+03 2.348e+03
|            ( QUESTION0_17_R 1 -1.814e+05 6.256e+02 8.033e+02
|                ( - -6.575e+04 2 0 QUESTION16 -1 2.125e+02 2.931e+02)
|                ( - -1.150e+05 12 0 QUESTION0_14_R 1 4.704e+02 5.102e+02))
|            ( QUESTION0_14_R 1 -3.520e+05 1.181e+03 1.545e+03
|                ( - -7.909e+04 3 0 QUESTION16 -1 4.293e+02 3.355e+02)
|                ( QUESTION0_7_R 1 -2.718e+05 8.448e+02 1.209e+03
|                    ( QUESTION0_8_R 1 -1.311e+05 7.601e+02 5.896e+02
|                        ( - -6.329e+04 1 0)
|                        ( - -6.710e+04 2 0 QUESTION16 -1 3.074e+02 3.030e+02))
|                    ( - -1.398e+05 10 0 QUESTION0_0_R 1 5.194e+02 6.199e+02))))))
s>    ( QUESTION10 1 -8.168e+05 1.644e+03 3.601e+03
s>        ( - -1.997e+05 19 0 QUESTION20 -1 4.533e+02 8.977e+02)
s>        ( QUESTION0_2_R 1 -6.155e+05 1.336e+03 2.704e+03
s>            ( - -7.963e+04 4 0 QUESTION16 -1 2.954e+02 3.553e+02)
s>            ( QUESTION14 1 -5.345e+05 1.118e+03 2.348e+03
s>                ( QUESTION0_17_R 1 -1.814e+05 6.256e+02 8.033e+02
s>                    ( - -6.575e+04 2 0 QUESTION16 -1 2.125e+02 2.931e+02)
s>                    ( - -1.150e+05 12 0 QUESTION0_14_R 1 4.704e+02 5.102e+02))
s>                ( QUESTION0_14_R 1 -3.520e+05 1.181e+03 1.545e+03
s>                    ( - -7.909e+04 3 0 QUESTION16 -1 4.293e+02 3.355e+02)
s>                    ( QUESTION0_7_R 1 -2.718e+05 8.448e+02 1.209e+03
s>                        ( QUESTION0_8_R 1 -1.311e+05 7.601e+02 5.896e+02
s>                            ( - -6.329e+04 1 0)
s>                            ( - -6.710e+04 2 0 QUESTION16 -1 3.074e+02 3.030e+02))
s>                        ( - -1.398e+05 10 0 QUESTION0_0_R 1 5.194e+02 6.199e+02))))))INFO: dtree.c(1315): Comp split 4
INFO: dtree.c(1478): Final simple tree
|( QUESTION0_6_R 1 -2.676e+05 7.655e+02 1.201e+03
|    ( QUESTION16 -1 -6.710e+04 3.074e+02 3.030e+02
|        ( - -3.293e+04 1 0)
|        ( - -3.386e+04 1 0))
|    ( QUESTION20 -1 -1.997e+05 4.533e+02 8.977e+02
|        ( QUESTION11 1 -3.325e+04 2.660e+02 1.485e+02
|            ( - -6.227e+03 3 0 QUESTION0_0_R 1 1.780e+02 2.792e+01)
|            ( QUESTION0_2_R 1 -2.676e+04 2.830e+02 1.206e+02
|                ( - -2.315e+04 2 0)
|                ( - -3.331e+03 1 0)))
|        ( QUESTION16 -1 -1.660e+05 3.865e+02 7.492e+02
|            ( QUESTION0_3_R 1 -1.339e+05 2.761e+02 6.025e+02
|                ( - -9.781e+03 4 0)
|                ( - -1.239e+05 5 0 QUESTION0_0_R 1 1.747e+02 5.575e+02))
|            ( - -3.166e+04 4 0 QUESTION11 1 2.037e+02 1.467e+02))))
s>    ( QUESTION0_6_R 1 -2.676e+05 7.655e+02 1.201e+03
s>        ( QUESTION16 -1 -6.710e+04 3.074e+02 3.030e+02
s>            ( - -3.293e+04 1 0)
s>            ( - -3.386e+04 1 0))
s>        ( QUESTION20 -1 -1.997e+05 4.533e+02 8.977e+02
s>            ( QUESTION11 1 -3.325e+04 2.660e+02 1.485e+02
s>                ( - -6.227e+03 3 0 QUESTION0_0_R 1 1.780e+02 2.792e+01)
s>                ( QUESTION0_2_R 1 -2.676e+04 2.830e+02 1.206e+02
s>                    ( - -2.315e+04 2 0)
s>                    ( - -3.331e+03 1 0)))
s>            ( QUESTION16 -1 -1.660e+05 3.865e+02 7.492e+02
s>                ( QUESTION0_3_R 1 -1.339e+05 2.761e+02 6.025e+02
s>                    ( - -9.781e+03 4 0)
s>                    ( - -1.239e+05 5 0 QUESTION0_0_R 1 1.747e+02 5.575e+02))
s>                ( - -3.166e+04 4 0 QUESTION11 1 2.037e+02 1.467e+02))))INFO: dtree.c(1478): Final simple tree
|( QUESTION0_2_R 1 -5.473e+05 1.293e+03 2.401e+03
|    ( - -7.963e+04 4 0 QUESTION16 -1 2.954e+02 3.553e+02)
|    ( QUESTION19 1 -4.664e+05 1.126e+03 2.045e+03
|        ( - -1.078e+05 3 0 QUESTION20 -1 2.072e+02 4.836e+02)
|        ( QUESTION14 1 -3.575e+05 1.000e+03 1.562e+03
|            ( QUESTION0_17_R 1 -1.814e+05 6.256e+02 8.033e+02
|                ( - -6.575e+04 2 0 QUESTION16 -1 2.125e+02 2.931e+02)
|                ( QUESTION0_14_R 1 -1.150e+05 4.704e+02 5.102e+02
|                    ( - -3.222e+04 2 0 QUESTION16 -1 1.881e+02 1.414e+02)
|                    ( - -8.229e+04 10 0 QUESTION20 -1 3.939e+02 3.689e+02)))
|            ( QUESTION0_0_R 1 -1.751e+05 8.041e+02 7.583e+02
|                ( QUESTION0_7_R 1 -8.941e+04 5.407e+02 3.977e+02
|                    ( - -6.329e+04 1 0)
|                    ( - -2.558e+04 6 0 QUESTION4 1 4.508e+02 1.112e+02))
|                ( - -8.491e+04 4 0 QUESTION16 -1 4.181e+02 3.606e+02)))))
s>    ( QUESTION0_2_R 1 -5.473e+05 1.293e+03 2.401e+03
s>        ( - -7.963e+04 4 0 QUESTION16 -1 2.954e+02 3.553e+02)
s>        ( QUESTION19 1 -4.664e+05 1.126e+03 2.045e+03
s>            ( - -1.078e+05 3 0 QUESTION20 -1 2.072e+02 4.836e+02)
s>            ( QUESTION14 1 -3.575e+05 1.000e+03 1.562e+03
s>                ( QUESTION0_17_R 1 -1.814e+05 6.256e+02 8.033e+02
s>                    ( - -6.575e+04 2 0 QUESTION16 -1 2.125e+02 2.931e+02)
s>                    ( QUESTION0_14_R 1 -1.150e+05 4.704e+02 5.102e+02
s>                        ( - -3.222e+04 2 0 QUESTION16 -1 1.881e+02 1.414e+02)
s>                        ( - -8.229e+04 10 0 QUESTION20 -1 3.939e+02 3.689e+02)))
s>                ( QUESTION0_0_R 1 -1.751e+05 8.041e+02 7.583e+02
s>                    ( QUESTION0_7_R 1 -8.941e+04 5.407e+02 3.977e+02
s>                        ( - -6.329e+04 1 0)
s>                        ( - -2.558e+04 6 0 QUESTION4 1 4.508e+02 1.112e+02))
s>                    ( - -8.491e+04 4 0 QUESTION16 -1 4.181e+02 3.606e+02)))))INFO: dtree.c(1315): Comp split 5
INFO: dtree.c(1478): Final simple tree
|( QUESTION4 1 -1.056e+05 4.515e+02 4.665e+02
|    ( - 2.417e+02 1 0)
|    ( QUESTION0_1_R 1 -1.053e+05 3.463e+02 4.655e+02
|        ( QUESTION16 -1 -7.963e+04 2.954e+02 3.553e+02
|            ( - -2.950e+04 2 0)
|            ( QUESTION20 -1 -4.983e+04 1.267e+02 2.240e+02
|                ( - -4.936e+04 1 0)
|                ( - -3.449e+02 1 0)))
|        ( QUESTION20 -1 -2.537e+04 4.396e+02 1.102e+02
|            ( - 2.168e+02 1 0)
|            ( QUESTION16 -1 -2.515e+04 2.141e+02 1.092e+02
|                ( QUESTION6 1 -2.469e+04 1.232e+02 1.072e+02
|                    ( - -2.418e+04 2 0)
|                    ( - -3.838e+02 1 0))
|                ( - -2.420e+02 1 0)))))
s>    ( QUESTION4 1 -1.056e+05 4.515e+02 4.665e+02
s>        ( - 2.417e+02 1 0)
s>        ( QUESTION0_1_R 1 -1.053e+05 3.463e+02 4.655e+02
s>            ( QUESTION16 -1 -7.963e+04 2.954e+02 3.553e+02
s>                ( - -2.950e+04 2 0)
s>                ( QUESTION20 -1 -4.983e+04 1.267e+02 2.240e+02
s>                    ( - -4.936e+04 1 0)
s>                    ( - -3.449e+02 1 0)))
s>            ( QUESTION20 -1 -2.537e+04 4.396e+02 1.102e+02
s>                ( - 2.168e+02 1 0)
s>                ( QUESTION16 -1 -2.515e+04 2.141e+02 1.092e+02
s>                    ( QUESTION6 1 -2.469e+04 1.232e+02 1.072e+02
s>                        ( - -2.418e+04 2 0)
s>                        ( - -3.838e+02 1 0))
s>                    ( - -2.420e+02 1 0)))))INFO: dtree.c(1478): Final simple tree
|( QUESTION19 1 -4.402e+05 1.186e+03 1.934e+03
|    ( - -1.078e+05 3 0 QUESTION20 -1 2.072e+02 4.836e+02)
|    ( QUESTION14 1 -3.312e+05 9.926e+02 1.450e+03
|        ( QUESTION0_17_R 1 -1.814e+05 6.256e+02 8.033e+02
|            ( - -6.575e+04 2 0 QUESTION16 -1 2.125e+02 2.931e+02)
|            ( QUESTION0_14_R 1 -1.150e+05 4.704e+02 5.102e+02
|                ( - -3.222e+04 2 0 QUESTION16 -1 1.881e+02 1.414e+02)
|                ( QUESTION20 -1 -8.229e+04 3.939e+02 3.689e+02
|                    ( - -3.334e+04 1 0)
|                    ( - -4.856e+04 9 0 QUESTION16 -1 3.060e+02 2.155e+02))))
|        ( QUESTION0_0_R 1 -1.489e+05 6.692e+02 6.471e+02
|            ( - -6.329e+04 1 0)
|            ( QUESTION16 -1 -8.491e+04 4.181e+02 3.606e+02
|                ( - -4.979e+04 1 0)
|                ( - -3.470e+04 3 0 QUESTION0_14_R 1 2.386e+02 1.483e+02)))))
s>    ( QUESTION19 1 -4.402e+05 1.186e+03 1.934e+03
s>        ( - -1.078e+05 3 0 QUESTION20 -1 2.072e+02 4.836e+02)
s>        ( QUESTION14 1 -3.312e+05 9.926e+02 1.450e+03
s>            ( QUESTION0_17_R 1 -1.814e+05 6.256e+02 8.033e+02
s>                ( - -6.575e+04 2 0 QUESTION16 -1 2.125e+02 2.931e+02)
s>                ( QUESTION0_14_R 1 -1.150e+05 4.704e+02 5.102e+02
s>                    ( - -3.222e+04 2 0 QUESTION16 -1 1.881e+02 1.414e+02)
s>                    ( QUESTION20 -1 -8.229e+04 3.939e+02 3.689e+02
s>                        ( - -3.334e+04 1 0)
s>                        ( - -4.856e+04 9 0 QUESTION16 -1 3.060e+02 2.155e+02))))
s>            ( QUESTION0_0_R 1 -1.489e+05 6.692e+02 6.471e+02
s>                ( - -6.329e+04 1 0)
s>                ( QUESTION16 -1 -8.491e+04 4.181e+02 3.606e+02
s>                    ( - -4.979e+04 1 0)
s>                    ( - -3.470e+04 3 0 QUESTION0_14_R 1 2.386e+02 1.483e+02)))))INFO: dtree.c(1315): Comp split 6
INFO: dtree.c(1439): stop. leaf nodes are specific
INFO: dtree.c(1478): Final simple tree
|( QUESTION20 1 -1.314e+05 1.752e+02 5.737e+02
|    ( - -6.097e+02 1 0)
|    ( - -1.306e+05 1 0))
s>    ( QUESTION20 1 -1.314e+05 1.752e+02 5.737e+02
s>        ( - -6.097e+02 1 0)
s>        ( - -1.306e+05 1 0))INFO: dtree.c(1478): Final simple tree
|( SILENCE -1 -1.155e+06 9.383e+02 4.984e+03
|    ( - -5.999e+04 1 0)
|    ( QUESTION2_20_L -1 -1.094e+06 7.980e+02 4.730e+03
|        ( QUESTION15 -1 -7.319e+05 6.818e+02 3.157e+03
|            ( QUESTION16 -1 -3.466e+05 4.285e+02 1.497e+03
|                ( - -2.175e+05 8 0 WDBNDRY_B 0 2.427e+02 9.383e+02)
|                ( WDBNDRY_B 0 -1.287e+05 4.904e+02 5.585e+02
|                    ( - -8.960e+04 2 0 QUESTION20 1 2.163e+02 3.888e+02)
|                    ( - -3.863e+04 2 0 QUESTION20 1 1.839e+02 1.697e+02)))
|            ( QUESTION20 1 -3.846e+05 3.976e+02 1.660e+03
|                ( - -3.854e+04 4 0 WDBNDRY_B 0 4.415e+02 1.667e+02)
|                ( - -3.457e+05 6 0 WDBNDRY_B 0 2.789e+02 1.493e+03)))
|        ( QUESTION0_14_R 1 -3.615e+05 4.817e+02 1.573e+03
|            ( - -4.585e+04 1 0)
|            ( - -3.152e+05 24 0 QUESTION20 1 2.966e+02 1.367e+03))))
s>    ( SILENCE -1 -1.155e+06 9.383e+02 4.984e+03
s>        ( - -5.999e+04 1 0)
s>        ( QUESTION2_20_L -1 -1.094e+06 7.980e+02 4.730e+03
s>            ( QUESTION15 -1 -7.319e+05 6.818e+02 3.157e+03
s>                ( QUESTION16 -1 -3.466e+05 4.285e+02 1.497e+03
s>                    ( - -2.175e+05 8 0 WDBNDRY_B 0 2.427e+02 9.383e+02)
s>                    ( WDBNDRY_B 0 -1.287e+05 4.904e+02 5.585e+02
s>                        ( - -8.960e+04 2 0 QUESTION20 1 2.163e+02 3.888e+02)
s>                        ( - -3.863e+04 2 0 QUESTION20 1 1.839e+02 1.697e+02)))
s>                ( QUESTION20 1 -3.846e+05 3.976e+02 1.660e+03
s>                    ( - -3.854e+04 4 0 WDBNDRY_B 0 4.415e+02 1.667e+02)
s>                    ( - -3.457e+05 6 0 WDBNDRY_B 0 2.789e+02 1.493e+03)))
s>            ( QUESTION0_14_R 1 -3.615e+05 4.817e+02 1.573e+03
s>                ( - -4.585e+04 1 0)
s>                ( - -3.152e+05 24 0 QUESTION20 1 2.966e+02 1.367e+03))))INFO: dtree.c(1315): Comp split 7
INFO: dtree.c(1439): stop. leaf nodes are specific
INFO: dtree.c(1478): Final simple tree
|( QUESTION15 1 -1.816e+05 6.934e+02 7.885e+02
|    ( QUESTION16 -1 -8.491e+04 4.181e+02 3.606e+02
|        ( - -4.979e+04 1 0)
|        ( QUESTION0_14_R 1 -3.470e+04 2.386e+02 1.483e+02
|            ( - -2.887e+04 2 0)
|            ( - -5.597e+03 1 0)))
|    ( QUESTION0_0_R 1 -9.595e+04 4.343e+02 4.279e+02
|        ( - -6.329e+04 1 0)
|        ( QUESTION16 -1 -3.222e+04 1.881e+02 1.414e+02
|            ( - -3.127e+04 1 0)
|            ( - -7.628e+02 1 0))))
s>    ( QUESTION15 1 -1.816e+05 6.934e+02 7.885e+02
s>        ( QUESTION16 -1 -8.491e+04 4.181e+02 3.606e+02
s>            ( - -4.979e+04 1 0)
s>            ( QUESTION0_14_R 1 -3.470e+04 2.386e+02 1.483e+02
s>                ( - -2.887e+04 2 0)
s>                ( - -5.597e+03 1 0)))
s>        ( QUESTION0_0_R 1 -9.595e+04 4.343e+02 4.279e+02
s>            ( - -6.329e+04 1 0)
s>            ( QUESTION16 -1 -3.222e+04 1.881e+02 1.414e+02
s>                ( - -3.127e+04 1 0)
s>                ( - -7.628e+02 1 0))))INFO: dtree.c(1478): Final simple tree
|( QUESTION0_17_R 1 -2.573e+05 9.088e+02 1.146e+03
|    ( QUESTION16 -1 -6.575e+04 2.125e+02 2.931e+02
|        ( - -4.015e+04 1 0)
|        ( - -2.539e+04 1 0))
|    ( QUESTION16 -1 -1.906e+05 6.071e+02 8.525e+02
|        ( QUESTION0_0_R 1 -1.424e+05 3.075e+02 6.377e+02
|            ( - -3.882e+04 5 0)
|            ( QUESTION14 1 -1.033e+05 1.944e+02 4.642e+02
|                ( - -2.799e+02 1 0)
|                ( - -1.028e+05 1 0)))
|        ( QUESTION20 -1 -4.759e+04 3.244e+02 2.148e+02
|            ( QUESTION0_0_R 1 -3.699e+04 2.372e+02 1.688e+02
|                ( - -3.334e+04 1 0)
|                ( - -3.413e+03 1 0))
|            ( - -1.028e+04 4 0 QUESTION0_0_R 1 1.483e+02 4.599e+01))))
s>    ( QUESTION0_17_R 1 -2.573e+05 9.088e+02 1.146e+03
s>        ( QUESTION16 -1 -6.575e+04 2.125e+02 2.931e+02
s>            ( - -4.015e+04 1 0)
s>            ( - -2.539e+04 1 0))
s>        ( QUESTION16 -1 -1.906e+05 6.071e+02 8.525e+02
s>            ( QUESTION0_0_R 1 -1.424e+05 3.075e+02 6.377e+02
s>                ( - -3.882e+04 5 0)
s>                ( QUESTION14 1 -1.033e+05 1.944e+02 4.642e+02
s>                    ( - -2.799e+02 1 0)
s>                    ( - -1.028e+05 1 0)))
s>            ( QUESTION20 -1 -4.759e+04 3.244e+02 2.148e+02
s>                ( QUESTION0_0_R 1 -3.699e+04 2.372e+02 1.688e+02
s>                    ( - -3.334e+04 1 0)
s>                    ( - -3.413e+03 1 0))
s>                ( - -1.028e+04 4 0 QUESTION0_0_R 1 1.483e+02 4.599e+01))))INFO: dtree.c(1315): Comp split 8
INFO: dtree.c(1478): Final simple tree
|( QUESTION15 -1 -6.031e+05 6.966e+02 2.601e+03
|    ( QUESTION16 -1 -2.567e+05 5.622e+02 1.108e+03
|        ( WDBNDRY_B 0 -2.175e+05 2.427e+02 9.383e+02
|            ( QUESTION20 1 -7.760e+04 2.354e+02 3.353e+02
|                ( - -4.998e+04 2 0)
|                ( - -2.739e+04 2 0))
|            ( QUESTION20 1 -1.396e+05 3.060e+02 6.030e+02
|                ( - -3.448e+04 2 0)
|                ( - -1.048e+05 2 0)))
|        ( - -3.863e+04 2 0 QUESTION20 1 1.839e+02 1.697e+02))
|    ( WDBNDRY_B 0 -3.457e+05 2.789e+02 1.493e+03
|        ( - -8.116e+04 4 0 QUESTION0 -1 1.893e+02 3.436e+02)
|        ( QUESTION0 -1 -2.642e+05 3.156e+02 1.150e+03
|            ( - -2.797e+04 1 0)
|            ( - -2.360e+05 1 0))))
s>    ( QUESTION15 -1 -6.031e+05 6.966e+02 2.601e+03
s>        ( QUESTION16 -1 -2.567e+05 5.622e+02 1.108e+03
s>            ( WDBNDRY_B 0 -2.175e+05 2.427e+02 9.383e+02
s>                ( QUESTION20 1 -7.760e+04 2.354e+02 3.353e+02
s>                    ( - -4.998e+04 2 0)
s>                    ( - -2.739e+04 2 0))
s>                ( QUESTION20 1 -1.396e+05 3.060e+02 6.030e+02
s>                    ( - -3.448e+04 2 0)
s>                    ( - -1.048e+05 2 0)))
s>            ( - -3.863e+04 2 0 QUESTION20 1 1.839e+02 1.697e+02))
s>        ( WDBNDRY_B 0 -3.457e+05 2.789e+02 1.493e+03
s>            ( - -8.116e+04 4 0 QUESTION0 -1 1.893e+02 3.436e+02)
s>            ( QUESTION0 -1 -2.642e+05 3.156e+02 1.150e+03
s>                ( - -2.797e+04 1 0)
s>                ( - -2.360e+05 1 0))))INFO: dtree.c(1478): Final simple tree
|( SILENCE -1 -5.510e+05 9.102e+02 2.383e+03
|    ( - -5.999e+04 1 0)
|    ( QUESTION0_14_R 1 -4.901e+05 4.925e+02 2.129e+03
|        ( - -4.585e+04 1 0)
|        ( QUESTION20 1 -4.438e+05 3.292e+02 1.923e+03
|            ( QUESTION19 -1 -1.450e+05 2.860e+02 6.255e+02
|                ( - -2.337e+04 2 0 WDBNDRY_B 0 1.355e+02 1.023e+02)
|                ( QUESTION10 -1 -1.213e+05 2.806e+02 5.233e+02
|                    ( QUESTION2_20_L -1 -1.872e+04 4.406e+02 8.029e+01
|                        ( - 1.863e+02 1 0)
|                        ( - -1.846e+04 4 0 QUESTION11 -1 1.347e+02 7.929e+01))
|                    ( - -1.023e+05 8 0 WDBNDRY_B 0 1.916e+02 4.430e+02)))
|            ( WDBNDRY_B 0 -2.985e+05 2.613e+02 1.297e+03
|                ( - -2.624e+05 11 0 QUESTION2_19_L -1 2.269e+02 1.140e+03)
|                ( - -3.583e+04 4 0 QUESTION12 -1 3.150e+02 1.573e+02)))))
s>    ( SILENCE -1 -5.510e+05 9.102e+02 2.383e+03
s>        ( - -5.999e+04 1 0)
s>        ( QUESTION0_14_R 1 -4.901e+05 4.925e+02 2.129e+03
s>            ( - -4.585e+04 1 0)
s>            ( QUESTION20 1 -4.438e+05 3.292e+02 1.923e+03
s>                ( QUESTION19 -1 -1.450e+05 2.860e+02 6.255e+02
s>                    ( - -2.337e+04 2 0 WDBNDRY_B 0 1.355e+02 1.023e+02)
s>                    ( QUESTION10 -1 -1.213e+05 2.806e+02 5.233e+02
s>                        ( QUESTION2_20_L -1 -1.872e+04 4.406e+02 8.029e+01
s>                            ( - 1.863e+02 1 0)
s>                            ( - -1.846e+04 4 0 QUESTION11 -1 1.347e+02 7.929e+01))
s>                        ( - -1.023e+05 8 0 WDBNDRY_B 0 1.916e+02 4.430e+02)))
s>                ( WDBNDRY_B 0 -2.985e+05 2.613e+02 1.297e+03
s>                    ( - -2.624e+05 11 0 QUESTION2_19_L -1 2.269e+02 1.140e+03)
s>                    ( - -3.583e+04 4 0 QUESTION12 -1 3.150e+02 1.573e+02)))))INFO: dtree.c(1315): Comp split 9
INFO: dtree.c(1478): Final simple tree
|( QUESTION14 1 -3.188e+05 6.867e+02 1.377e+03
|    ( QUESTION0_0_R 1 -4.184e+04 2.553e+02 1.818e+02
|        ( - -1.921e+03 1 0)
|        ( QUESTION0 -1 -3.967e+04 2.131e+02 1.728e+02
|            ( - -2.854e+04 1 0)
|            ( - -1.092e+04 3 0 QUESTION14 -1 1.246e+02 4.708e+01)))
|    ( QUESTION17 -1 -2.762e+05 3.518e+02 1.195e+03
|        ( QUESTION20 -1 -1.667e+05 3.095e+02 7.165e+02
|            ( - -2.429e+03 2 0 WDBNDRY_B 0 1.504e+02 1.100e+01)
|            ( - -1.640e+05 2 0))
|        ( QUESTION15 -1 -1.092e+05 2.235e+02 4.787e+02
|            ( - -4.869e+04 2 0 WDBNDRY_B 0 1.619e+02 2.118e+02)
|            ( QUESTION0 -1 -6.024e+04 1.853e+02 2.669e+02
|                ( - -3.001e+04 1 0)
|                ( - -3.005e+04 1 0)))))
s>    ( QUESTION14 1 -3.188e+05 6.867e+02 1.377e+03
s>        ( QUESTION0_0_R 1 -4.184e+04 2.553e+02 1.818e+02
s>            ( - -1.921e+03 1 0)
s>            ( QUESTION0 -1 -3.967e+04 2.131e+02 1.728e+02
s>                ( - -2.854e+04 1 0)
s>                ( - -1.092e+04 3 0 QUESTION14 -1 1.246e+02 4.708e+01)))
s>        ( QUESTION17 -1 -2.762e+05 3.518e+02 1.195e+03
s>            ( QUESTION20 -1 -1.667e+05 3.095e+02 7.165e+02
s>                ( - -2.429e+03 2 0 WDBNDRY_B 0 1.504e+02 1.100e+01)
s>                ( - -1.640e+05 2 0))
s>            ( QUESTION15 -1 -1.092e+05 2.235e+02 4.787e+02
s>                ( - -4.869e+04 2 0 WDBNDRY_B 0 1.619e+02 2.118e+02)
s>                ( QUESTION0 -1 -6.024e+04 1.853e+02 2.669e+02
s>                    ( - -3.001e+04 1 0)
s>                    ( - -3.005e+04 1 0)))))INFO: dtree.c(1439): stop. leaf nodes are specific
INFO: dtree.c(1478): Final simple tree
|( QUESTION16 -1 -5.124e+04 2.994e+02 2.295e+02
|    ( QUESTION0_4_R 1 -3.830e+04 1.983e+02 1.720e+02
|        ( - -3.787e+04 2 0)
|        ( - -2.369e+02 1 0))
|    ( QUESTION20 -1 -1.264e+04 1.387e+02 5.748e+01
|        ( - -3.769e+03 1 0)
|        ( - -8.734e+03 1 0)))
s>    ( QUESTION16 -1 -5.124e+04 2.994e+02 2.295e+02
s>        ( QUESTION0_4_R 1 -3.830e+04 1.983e+02 1.720e+02
s>            ( - -3.787e+04 2 0)
s>            ( - -2.369e+02 1 0))
s>        ( QUESTION20 -1 -1.264e+04 1.387e+02 5.748e+01
s>            ( - -3.769e+03 1 0)
s>            ( - -8.734e+03 1 0)))INFO: dtree.c(1315): Comp split 10
INFO: dtree.c(1439): stop. leaf nodes are specific
INFO: dtree.c(1478): Final simple tree
|( QUESTION0_0_R 1 -1.455e+05 3.027e+02 6.512e+02
|    ( - -3.882e+04 5 0)
|    ( QUESTION16 -1 -1.064e+05 2.084e+02 4.776e+02
|        ( - -1.028e+05 1 0)
|        ( - -3.413e+03 1 0)))
s>    ( QUESTION0_0_R 1 -1.455e+05 3.027e+02 6.512e+02
s>        ( - -3.882e+04 5 0)
s>        ( QUESTION16 -1 -1.064e+05 2.084e+02 4.776e+02
s>            ( - -1.028e+05 1 0)
s>            ( - -3.413e+03 1 0)))INFO: dtree.c(1439): stop. leaf nodes are specific
INFO: dtree.c(1478): Final simple tree
|( QUESTION0_17_R 1 -1.107e+05 5.273e+02 4.944e+02
|    ( QUESTION16 -1 -6.575e+04 2.125e+02 2.931e+02
|        ( - -4.015e+04 1 0)
|        ( - -2.539e+04 1 0))
|    ( QUESTION20 -1 -4.445e+04 3.436e+02 2.013e+02
|        ( - -3.334e+04 1 0)
|        ( QUESTION16 -1 -1.076e+04 2.046e+02 4.799e+01
|            ( - -2.799e+02 1 0)
|            ( QUESTION0_0_R 1 -1.028e+04 1.483e+02 4.599e+01
|                ( - -4.749e+03 2 0)
|                ( QUESTION14 1 -5.380e+03 1.445e+02 2.400e+01
|                    ( - -4.036e+03 1 0)
|                    ( - -1.200e+03 1 0))))))
s>    ( QUESTION0_17_R 1 -1.107e+05 5.273e+02 4.944e+02
s>        ( QUESTION16 -1 -6.575e+04 2.125e+02 2.931e+02
s>            ( - -4.015e+04 1 0)
s>            ( - -2.539e+04 1 0))
s>        ( QUESTION20 -1 -4.445e+04 3.436e+02 2.013e+02
s>            ( - -3.334e+04 1 0)
s>            ( QUESTION16 -1 -1.076e+04 2.046e+02 4.799e+01
s>                ( - -2.799e+02 1 0)
s>                ( QUESTION0_0_R 1 -1.028e+04 1.483e+02 4.599e+01
s>                    ( - -4.749e+03 2 0)
s>                    ( QUESTION14 1 -5.380e+03 1.445e+02 2.400e+01
s>                        ( - -4.036e+03 1 0)
s>                        ( - -1.200e+03 1 0))))))INFO: dtree.c(1315): Comp split 11
INFO: dtree.c(1439): stop. leaf nodes are specific
INFO: dtree.c(1478): Final simple tree
|( QUESTION16 -1 -9.636e+04 1.834e+02 4.391e+02
|    ( - -6.798e+04 2 0)
|    ( QUESTION20 -1 -2.819e+04 1.870e+02 1.289e+02
|        ( - -1.300e+04 1 0)
|        ( - -1.501e+04 1 0)))
s>    ( QUESTION16 -1 -9.636e+04 1.834e+02 4.391e+02
s>        ( - -6.798e+04 2 0)
s>        ( QUESTION20 -1 -2.819e+04 1.870e+02 1.289e+02
s>            ( - -1.300e+04 1 0)
s>            ( - -1.501e+04 1 0)))INFO: dtree.c(1315): Comp split 12
INFO: dtree.c(1478): Final simple tree
|( QUESTION0_14_R 1 -4.901e+05 4.925e+02 2.129e+03
|    ( - -4.585e+04 1 0)
|    ( QUESTION20 1 -4.438e+05 3.292e+02 1.923e+03
|        ( QUESTION19 -1 -1.450e+05 2.860e+02 6.255e+02
|            ( - -2.337e+04 2 0 WDBNDRY_B 0 1.355e+02 1.023e+02)
|            ( QUESTION10 -1 -1.213e+05 2.806e+02 5.233e+02
|                ( QUESTION2_20_L -1 -1.872e+04 4.406e+02 8.029e+01
|                    ( - 1.863e+02 1 0)
|                    ( - -1.846e+04 4 0 QUESTION11 -1 1.347e+02 7.929e+01))
|                ( - -1.023e+05 8 0 WDBNDRY_B 0 1.916e+02 4.430e+02)))
|        ( WDBNDRY_B 0 -2.985e+05 2.613e+02 1.297e+03
|            ( - -2.624e+05 11 0 QUESTION2_19_L -1 2.269e+02 1.140e+03)
|            ( QUESTION12 -1 -3.583e+04 3.150e+02 1.573e+02
|                ( - -4.929e+03 1 0)
|                ( - -3.059e+04 3 0 QUESTION10 -1 1.736e+02 1.345e+02)))))
s>    ( QUESTION0_14_R 1 -4.901e+05 4.925e+02 2.129e+03
s>        ( - -4.585e+04 1 0)
s>        ( QUESTION20 1 -4.438e+05 3.292e+02 1.923e+03
s>            ( QUESTION19 -1 -1.450e+05 2.860e+02 6.255e+02
s>                ( - -2.337e+04 2 0 WDBNDRY_B 0 1.355e+02 1.023e+02)
s>                ( QUESTION10 -1 -1.213e+05 2.806e+02 5.233e+02
s>                    ( QUESTION2_20_L -1 -1.872e+04 4.406e+02 8.029e+01
s>                        ( - 1.863e+02 1 0)
s>                        ( - -1.846e+04 4 0 QUESTION11 -1 1.347e+02 7.929e+01))
s>                    ( - -1.023e+05 8 0 WDBNDRY_B 0 1.916e+02 4.430e+02)))
s>            ( WDBNDRY_B 0 -2.985e+05 2.613e+02 1.297e+03
s>                ( - -2.624e+05 11 0 QUESTION2_19_L -1 2.269e+02 1.140e+03)
s>                ( QUESTION12 -1 -3.583e+04 3.150e+02 1.573e+02
s>                    ( - -4.929e+03 1 0)
s>                    ( - -3.059e+04 3 0 QUESTION10 -1 1.736e+02 1.345e+02)))))INFO: dtree.c(1315): Comp split 13
INFO: dtree.c(1439): stop. leaf nodes are specific
INFO: dtree.c(1478): Final simple tree
|( QUESTION16 -1 -6.710e+04 3.074e+02 3.030e+02
|    ( - -3.293e+04 1 0)
|    ( - -3.386e+04 1 0))
s>    ( QUESTION16 -1 -6.710e+04 3.074e+02 3.030e+02
s>        ( - -3.293e+04 1 0)
s>        ( - -3.386e+04 1 0))INFO: dtree.c(1478): Final simple tree
|( QUESTION20 -1 -1.997e+05 4.533e+02 8.977e+02
|    ( QUESTION11 1 -3.325e+04 2.660e+02 1.485e+02
|        ( - -6.227e+03 3 0 QUESTION0_0_R 1 1.780e+02 2.792e+01)
|        ( QUESTION0_2_R 1 -2.676e+04 2.830e+02 1.206e+02
|            ( - -2.315e+04 2 0)
|            ( - -3.331e+03 1 0)))
|    ( QUESTION16 -1 -1.660e+05 3.865e+02 7.492e+02
|        ( QUESTION0_3_R 1 -1.339e+05 2.761e+02 6.025e+02
|            ( - -9.781e+03 4 0)
|            ( - -1.239e+05 5 0 QUESTION0_0_R 1 1.747e+02 5.575e+02))
|        ( QUESTION11 1 -3.166e+04 2.037e+02 1.467e+02
|            ( - -1.324e+03 1 0)
|            ( QUESTION0_2_R 1 -3.013e+04 1.813e+02 1.407e+02
|                ( - -2.962e+04 2 0)
|                ( - -3.270e+02 1 0)))))
s>    ( QUESTION20 -1 -1.997e+05 4.533e+02 8.977e+02
s>        ( QUESTION11 1 -3.325e+04 2.660e+02 1.485e+02
s>            ( - -6.227e+03 3 0 QUESTION0_0_R 1 1.780e+02 2.792e+01)
s>            ( QUESTION0_2_R 1 -2.676e+04 2.830e+02 1.206e+02
s>                ( - -2.315e+04 2 0)
s>                ( - -3.331e+03 1 0)))
s>        ( QUESTION16 -1 -1.660e+05 3.865e+02 7.492e+02
s>            ( QUESTION0_3_R 1 -1.339e+05 2.761e+02 6.025e+02
s>                ( - -9.781e+03 4 0)
s>                ( - -1.239e+05 5 0 QUESTION0_0_R 1 1.747e+02 5.575e+02))
s>            ( QUESTION11 1 -3.166e+04 2.037e+02 1.467e+02
s>                ( - -1.324e+03 1 0)
s>                ( QUESTION0_2_R 1 -3.013e+04 1.813e+02 1.407e+02
s>                    ( - -2.962e+04 2 0)
s>                    ( - -3.270e+02 1 0)))))INFO: dtree.c(1315): Comp split 14
INFO: dtree.c(1439): stop. leaf nodes are specific
INFO: dtree.c(1478): Final simple tree
|( QUESTION2_3_L -1 -1.547e+05 2.261e+02 6.860e+02
|    ( - -3.597e+04 1 0)
|    ( QUESTION1 -1 -1.185e+05 1.403e+02 5.271e+02
|        ( - -4.807e+03 1 0)
|        ( - -1.136e+05 1 0)))
s>    ( QUESTION2_3_L -1 -1.547e+05 2.261e+02 6.860e+02
s>        ( - -3.597e+04 1 0)
s>        ( QUESTION1 -1 -1.185e+05 1.403e+02 5.271e+02
s>            ( - -4.807e+03 1 0)
s>            ( - -1.136e+05 1 0)))INFO: dtree.c(1315): Comp split 15
INFO: dtree.c(1439): stop. leaf nodes are specific
INFO: dtree.c(1478): Final simple tree
|( QUESTION16 -1 -8.584e+04 4.206e+02 3.646e+02
|    ( - -4.979e+04 1 0)
|    ( QUESTION0_14_R 1 -3.562e+04 2.386e+02 1.523e+02
|        ( QUESTION14 1 -2.979e+04 1.586e+02 1.272e+02
|            ( - -7.628e+02 1 0)
|            ( - -2.887e+04 2 0))
|        ( - -5.597e+03 1 0)))
s>    ( QUESTION16 -1 -8.584e+04 4.206e+02 3.646e+02
s>        ( - -4.979e+04 1 0)
s>        ( QUESTION0_14_R 1 -3.562e+04 2.386e+02 1.523e+02
s>            ( QUESTION14 1 -2.979e+04 1.586e+02 1.272e+02
s>                ( - -7.628e+02 1 0)
s>                ( - -2.887e+04 2 0))
s>            ( - -5.597e+03 1 0)))INFO: dtree.c(1439): stop. leaf nodes are specific
INFO: dtree.c(1478): Final simple tree
|( QUESTION0_0_R 1 -9.500e+04 4.433e+02 4.239e+02
|    ( - -6.329e+04 1 0)
|    ( - -3.127e+04 1 0))
s>    ( QUESTION0_0_R 1 -9.500e+04 4.433e+02 4.239e+02
s>        ( - -6.329e+04 1 0)
s>        ( - -3.127e+04 1 0))INFO: dtree.c(1315): Comp split 16
INFO: dtree.c(1439): stop. leaf nodes are specific
INFO: dtree.c(1478): Final simple tree
|( QUESTION16 -1 -2.567e+05 5.622e+02 1.108e+03
|    ( WDBNDRY_B 0 -2.175e+05 2.427e+02 9.383e+02
|        ( QUESTION20 1 -7.760e+04 2.354e+02 3.353e+02
|            ( - -4.998e+04 2 0)
|            ( - -2.739e+04 2 0))
|        ( QUESTION20 1 -1.396e+05 3.060e+02 6.030e+02
|            ( - -3.448e+04 2 0)
|            ( - -1.048e+05 2 0)))
|    ( QUESTION20 1 -3.863e+04 1.839e+02 1.697e+02
|        ( - -5.189e+02 1 0)
|        ( - -3.793e+04 1 0)))
s>    ( QUESTION16 -1 -2.567e+05 5.622e+02 1.108e+03
s>        ( WDBNDRY_B 0 -2.175e+05 2.427e+02 9.383e+02
s>            ( QUESTION20 1 -7.760e+04 2.354e+02 3.353e+02
s>                ( - -4.998e+04 2 0)
s>                ( - -2.739e+04 2 0))
s>            ( QUESTION20 1 -1.396e+05 3.060e+02 6.030e+02
s>                ( - -3.448e+04 2 0)
s>                ( - -1.048e+05 2 0)))
s>        ( QUESTION20 1 -3.863e+04 1.839e+02 1.697e+02
s>            ( - -5.189e+02 1 0)
s>            ( - -3.793e+04 1 0)))INFO: dtree.c(1439): stop. leaf nodes are specific
INFO: dtree.c(1478): Final simple tree
|( WDBNDRY_B 0 -3.457e+05 2.789e+02 1.493e+03
|    ( QUESTION0 -1 -8.116e+04 1.893e+02 3.436e+02
|        ( - -1.801e+03 1 0)
|        ( - -7.917e+04 3 0))
|    ( QUESTION0 -1 -2.642e+05 3.156e+02 1.150e+03
|        ( - -2.797e+04 1 0)
|        ( - -2.360e+05 1 0)))
s>    ( WDBNDRY_B 0 -3.457e+05 2.789e+02 1.493e+03
s>        ( QUESTION0 -1 -8.116e+04 1.893e+02 3.436e+02
s>            ( - -1.801e+03 1 0)
s>            ( - -7.917e+04 3 0))
s>        ( QUESTION0 -1 -2.642e+05 3.156e+02 1.150e+03
s>            ( - -2.797e+04 1 0)
s>            ( - -2.360e+05 1 0)))INFO: dtree.c(1315): Comp split 17
INFO: dtree.c(1439): stop. leaf nodes are specific
INFO: dtree.c(1478): Final simple tree
|( QUESTION0 -1 -3.967e+04 2.131e+02 1.728e+02
|    ( - -2.854e+04 1 0)
|    ( QUESTION14 -1 -1.092e+04 1.246e+02 4.708e+01
|        ( WDBNDRY_B 0 -8.993e+03 8.144e+01 3.908e+01
|            ( - -2.306e+03 1 0)
|            ( - -6.605e+03 1 0))
|        ( - -1.802e+03 1 0)))
s>    ( QUESTION0 -1 -3.967e+04 2.131e+02 1.728e+02
s>        ( - -2.854e+04 1 0)
s>        ( QUESTION14 -1 -1.092e+04 1.246e+02 4.708e+01
s>            ( WDBNDRY_B 0 -8.993e+03 8.144e+01 3.908e+01
s>                ( - -2.306e+03 1 0)
s>                ( - -6.605e+03 1 0))
s>            ( - -1.802e+03 1 0)))INFO: dtree.c(1478): Final simple tree
|( QUESTION17 -1 -2.784e+05 3.463e+02 1.204e+03
|    ( QUESTION20 -1 -1.667e+05 3.095e+02 7.165e+02
|        ( WDBNDRY_B 0 -2.429e+03 1.504e+02 1.100e+01
|            ( - -7.856e+02 1 0)
|            ( - -1.493e+03 1 0))
|        ( - -1.640e+05 2 0))
|    ( QUESTION0_0_R 1 -1.113e+05 2.509e+02 4.877e+02
|        ( - -1.921e+03 1 0)
|        ( QUESTION15 -1 -1.092e+05 2.235e+02 4.787e+02
|            ( WDBNDRY_B 0 -4.869e+04 1.619e+02 2.118e+02
|                ( - -5.986e+02 1 0)
|                ( - -4.793e+04 1 0))
|            ( QUESTION0 -1 -6.024e+04 1.853e+02 2.669e+02
|                ( - -3.001e+04 1 0)
|                ( - -3.005e+04 1 0)))))
s>    ( QUESTION17 -1 -2.784e+05 3.463e+02 1.204e+03
s>        ( QUESTION20 -1 -1.667e+05 3.095e+02 7.165e+02
s>            ( WDBNDRY_B 0 -2.429e+03 1.504e+02 1.100e+01
s>                ( - -7.856e+02 1 0)
s>                ( - -1.493e+03 1 0))
s>            ( - -1.640e+05 2 0))
s>        ( QUESTION0_0_R 1 -1.113e+05 2.509e+02 4.877e+02
s>            ( - -1.921e+03 1 0)
s>            ( QUESTION15 -1 -1.092e+05 2.235e+02 4.787e+02
s>                ( WDBNDRY_B 0 -4.869e+04 1.619e+02 2.118e+02
s>                    ( - -5.986e+02 1 0)
s>                    ( - -4.793e+04 1 0))
s>                ( QUESTION0 -1 -6.024e+04 1.853e+02 2.669e+02
s>                    ( - -3.001e+04 1 0)
s>                    ( - -3.005e+04 1 0)))))INFO: dtree.c(1315): Comp split 18
INFO: dtree.c(1439): stop. leaf nodes are specific
INFO: dtree.c(1478): Final simple tree
|( QUESTION16 -1 -1.579e+05 3.880e+02 7.138e+02
|    ( QUESTION0_0_R 1 -1.239e+05 1.747e+02 5.575e+02
|        ( - -1.230e+05 4 0)
|        ( - -7.244e+02 1 0))
|    ( QUESTION20 -1 -3.367e+04 2.090e+02 1.564e+02
|        ( - -3.331e+03 1 0)
|        ( QUESTION0_2_R 1 -3.013e+04 1.813e+02 1.407e+02
|            ( - -2.962e+04 2 0)
|            ( - -3.270e+02 1 0))))
s>    ( QUESTION16 -1 -1.579e+05 3.880e+02 7.138e+02
s>        ( QUESTION0_0_R 1 -1.239e+05 1.747e+02 5.575e+02
s>            ( - -1.230e+05 4 0)
s>            ( - -7.244e+02 1 0))
s>        ( QUESTION20 -1 -3.367e+04 2.090e+02 1.564e+02
s>            ( - -3.331e+03 1 0)
s>            ( QUESTION0_2_R 1 -3.013e+04 1.813e+02 1.407e+02
s>                ( - -2.962e+04 2 0)
s>                ( - -3.270e+02 1 0))))INFO: dtree.c(1439): stop. leaf nodes are specific
INFO: dtree.c(1478): Final simple tree
|( QUESTION11 1 -4.113e+04 2.865e+02 1.839e+02
|    ( QUESTION0_0_R 1 -7.647e+03 1.632e+02 3.392e+01
|        ( QUESTION0_2_R 1 -6.926e+03 1.630e+02 3.092e+01
|            ( QUESTION20 -1 -6.279e+03 1.088e+02 2.792e+01
|                ( - -4.847e+03 1 0)
|                ( - -1.324e+03 1 0))
|            ( - -4.835e+02 1 0))
|        ( - -5.580e+02 1 0))
|    ( QUESTION0_2_R 1 -3.320e+04 2.686e+02 1.500e+02
|        ( - -2.315e+04 2 0)
|        ( - -9.781e+03 4 0)))
s>    ( QUESTION11 1 -4.113e+04 2.865e+02 1.839e+02
s>        ( QUESTION0_0_R 1 -7.647e+03 1.632e+02 3.392e+01
s>            ( QUESTION0_2_R 1 -6.926e+03 1.630e+02 3.092e+01
s>                ( QUESTION20 -1 -6.279e+03 1.088e+02 2.792e+01
s>                    ( - -4.847e+03 1 0)
s>                    ( - -1.324e+03 1 0))
s>                ( - -4.835e+02 1 0))
s>            ( - -5.580e+02 1 0))
s>        ( QUESTION0_2_R 1 -3.320e+04 2.686e+02 1.500e+02
s>            ( - -2.315e+04 2 0)
s>            ( - -9.781e+03 4 0)))INFO: dtree.c(1315): Comp split 19
INFO: dtree.c(1439): stop. leaf nodes are specific
INFO: dtree.c(1478): Final simple tree
|( WDBNDRY_B 0 -2.175e+05 2.427e+02 9.383e+02
|    ( QUESTION20 1 -7.760e+04 2.354e+02 3.353e+02
|        ( - -4.998e+04 2 0)
|        ( - -2.739e+04 2 0))
|    ( QUESTION20 1 -1.396e+05 3.060e+02 6.030e+02
|        ( - -3.448e+04 2 0)
|        ( - -1.048e+05 2 0)))
s>    ( WDBNDRY_B 0 -2.175e+05 2.427e+02 9.383e+02
s>        ( QUESTION20 1 -7.760e+04 2.354e+02 3.353e+02
s>            ( - -4.998e+04 2 0)
s>            ( - -2.739e+04 2 0))
s>        ( QUESTION20 1 -1.396e+05 3.060e+02 6.030e+02
s>            ( - -3.448e+04 2 0)
s>            ( - -1.048e+05 2 0)))INFO: dtree.c(1439): stop. leaf nodes are specific
INFO: dtree.c(1478): Final simple tree
|( QUESTION20 1 -3.863e+04 1.839e+02 1.697e+02
|    ( - -5.189e+02 1 0)
|    ( - -3.793e+04 1 0))
s>    ( QUESTION20 1 -3.863e+04 1.839e+02 1.697e+02
s>        ( - -5.189e+02 1 0)
s>        ( - -3.793e+04 1 0))INFO: dtree.c(1315): Comp split 20
INFO: dtree.c(1439): stop. leaf nodes are specific
INFO: dtree.c(1478): Final simple tree
|( QUESTION20 -1 -4.445e+04 3.436e+02 2.013e+02
|    ( - -3.334e+04 1 0)
|    ( QUESTION16 -1 -1.076e+04 2.046e+02 4.799e+01
|        ( - -2.799e+02 1 0)
|        ( QUESTION0_0_R 1 -1.028e+04 1.483e+02 4.599e+01
|            ( - -4.749e+03 2 0)
|            ( QUESTION14 1 -5.380e+03 1.445e+02 2.400e+01
|                ( - -4.036e+03 1 0)
|                ( - -1.200e+03 1 0)))))
s>    ( QUESTION20 -1 -4.445e+04 3.436e+02 2.013e+02
s>        ( - -3.334e+04 1 0)
s>        ( QUESTION16 -1 -1.076e+04 2.046e+02 4.799e+01
s>            ( - -2.799e+02 1 0)
s>            ( QUESTION0_0_R 1 -1.028e+04 1.483e+02 4.599e+01
s>                ( - -4.749e+03 2 0)
s>                ( QUESTION14 1 -5.380e+03 1.445e+02 2.400e+01
s>                    ( - -4.036e+03 1 0)
s>                    ( - -1.200e+03 1 0)))))INFO: dtree.c(1439): stop. leaf nodes are specific
INFO: dtree.c(1478): Final simple tree
|( QUESTION16 -1 -6.575e+04 2.125e+02 2.931e+02
|    ( - -4.015e+04 1 0)
|    ( - -2.539e+04 1 0))
s>    ( QUESTION16 -1 -6.575e+04 2.125e+02 2.931e+02
s>        ( - -4.015e+04 1 0)
s>        ( - -2.539e+04 1 0))INFO: dtree.c(1315): Comp split 21
INFO: dtree.c(1478): Final simple tree
|( QUESTION20 1 -4.146e+05 3.691e+02 1.797e+03
|    ( QUESTION10 -1 -1.211e+05 2.796e+02 5.223e+02
|        ( - -1.846e+04 4 0 QUESTION11 -1 1.347e+02 7.929e+01)
|        ( WDBNDRY_B 0 -1.023e+05 1.916e+02 4.430e+02
|            ( - -4.368e+04 6 0 QUESTION0 -1 1.992e+02 1.872e+02)
|            ( - -5.846e+04 2 0 QUESTION0 -1 1.805e+02 2.557e+02)))
|    ( QUESTION2_19_L -1 -2.932e+05 2.296e+02 1.275e+03
|        ( - -1.793e+04 4 0 QUESTION14 -1 1.367e+02 7.625e+01)
|        ( WDBNDRY_B 0 -2.750e+05 2.459e+02 1.198e+03
|            ( QUESTION11 -1 -2.468e+05 2.314e+02 1.075e+03
|                ( - -2.721e+04 1 0)
|                ( QUESTION2_12_L -1 -2.194e+05 2.630e+02 9.556e+02
|                    ( - -9.481e+03 2 0 QUESTION0 -1 1.124e+02 4.162e+01)
|                    ( - -2.096e+05 5 0 QUESTION6 -1 1.872e+02 9.140e+02)))
|            ( - -2.794e+04 2 0 QUESTION1 -1 1.289e+02 1.237e+02))))
s>    ( QUESTION20 1 -4.146e+05 3.691e+02 1.797e+03
s>        ( QUESTION10 -1 -1.211e+05 2.796e+02 5.223e+02
s>            ( - -1.846e+04 4 0 QUESTION11 -1 1.347e+02 7.929e+01)
s>            ( WDBNDRY_B 0 -1.023e+05 1.916e+02 4.430e+02
s>                ( - -4.368e+04 6 0 QUESTION0 -1 1.992e+02 1.872e+02)
s>                ( - -5.846e+04 2 0 QUESTION0 -1 1.805e+02 2.557e+02)))
s>        ( QUESTION2_19_L -1 -2.932e+05 2.296e+02 1.275e+03
s>            ( - -1.793e+04 4 0 QUESTION14 -1 1.367e+02 7.625e+01)
s>            ( WDBNDRY_B 0 -2.750e+05 2.459e+02 1.198e+03
s>                ( QUESTION11 -1 -2.468e+05 2.314e+02 1.075e+03
s>                    ( - -2.721e+04 1 0)
s>                    ( QUESTION2_12_L -1 -2.194e+05 2.630e+02 9.556e+02
s>                        ( - -9.481e+03 2 0 QUESTION0 -1 1.124e+02 4.162e+01)
s>                        ( - -2.096e+05 5 0 QUESTION6 -1 1.872e+02 9.140e+02)))
s>                ( - -2.794e+04 2 0 QUESTION1 -1 1.289e+02 1.237e+02))))INFO: dtree.c(1439): stop. leaf nodes are specific
INFO: dtree.c(1478): Final simple tree
|( QUESTION11 -1 -7.500e+04 4.395e+02 3.318e+02
|    ( - 1.863e+02 1 0)
|    ( QUESTION0 -1 -7.474e+04 3.621e+02 3.308e+02
|        ( - -4.929e+03 1 0)
|        ( QUESTION0_14_R 1 -6.945e+04 2.333e+02 3.080e+02
|            ( - -4.585e+04 1 0)
|            ( WDBNDRY_B 0 -2.337e+04 1.355e+02 1.023e+02
|                ( - -2.180e+04 1 0)
|                ( - -1.431e+03 1 0)))))
s>    ( QUESTION11 -1 -7.500e+04 4.395e+02 3.318e+02
s>        ( - 1.863e+02 1 0)
s>        ( QUESTION0 -1 -7.474e+04 3.621e+02 3.308e+02
s>            ( - -4.929e+03 1 0)
s>            ( QUESTION0_14_R 1 -6.945e+04 2.333e+02 3.080e+02
s>                ( - -4.585e+04 1 0)
s>                ( WDBNDRY_B 0 -2.337e+04 1.355e+02 1.023e+02
s>                    ( - -2.180e+04 1 0)
s>                    ( - -1.431e+03 1 0)))))INFO: dtree.c(1315): Comp split 22
INFO: dtree.c(1439): stop. leaf nodes are specific
INFO: dtree.c(1478): Final simple tree
|( QUESTION0_1_R 1 -1.053e+05 3.463e+02 4.655e+02
|    ( QUESTION16 -1 -7.963e+04 2.954e+02 3.553e+02
|        ( - -2.950e+04 2 0)
|        ( QUESTION20 -1 -4.983e+04 1.267e+02 2.240e+02
|            ( - -4.936e+04 1 0)
|            ( - -3.449e+02 1 0)))
|    ( QUESTION20 -1 -2.537e+04 4.396e+02 1.102e+02
|        ( - 2.168e+02 1 0)
|        ( QUESTION16 -1 -2.515e+04 2.141e+02 1.092e+02
|            ( QUESTION6 1 -2.469e+04 1.232e+02 1.072e+02
|                ( - -2.418e+04 2 0)
|                ( - -3.838e+02 1 0))
|            ( - -2.420e+02 1 0))))
s>    ( QUESTION0_1_R 1 -1.053e+05 3.463e+02 4.655e+02
s>        ( QUESTION16 -1 -7.963e+04 2.954e+02 3.553e+02
s>            ( - -2.950e+04 2 0)
s>            ( QUESTION20 -1 -4.983e+04 1.267e+02 2.240e+02
s>                ( - -4.936e+04 1 0)
s>                ( - -3.449e+02 1 0)))
s>        ( QUESTION20 -1 -2.537e+04 4.396e+02 1.102e+02
s>            ( - 2.168e+02 1 0)
s>            ( QUESTION16 -1 -2.515e+04 2.141e+02 1.092e+02
s>                ( QUESTION6 1 -2.469e+04 1.232e+02 1.072e+02
s>                    ( - -2.418e+04 2 0)
s>                    ( - -3.838e+02 1 0))
s>                ( - -2.420e+02 1 0))))INFO: dtree.c(1315): Comp split 23
INFO: dtree.c(1478): Final simple tree
|( QUESTION20 1 -3.398e+05 3.355e+02 1.476e+03
|    ( WDBNDRY_B 0 -1.023e+05 1.916e+02 4.430e+02
|        ( QUESTION0 -1 -4.368e+04 1.992e+02 1.872e+02
|            ( - -1.178e+03 1 0)
|            ( - -4.230e+04 5 0 QUESTION2_14_L -1 1.426e+02 1.832e+02))
|        ( QUESTION0 -1 -5.846e+04 1.805e+02 2.557e+02
|            ( - -3.027e+04 1 0)
|            ( - -2.801e+04 1 0)))
|    ( QUESTION11 -1 -2.371e+05 2.271e+02 1.033e+03
|        ( - -2.721e+04 1 0)
|        ( QUESTION6 -1 -2.096e+05 1.872e+02 9.140e+02
|            ( - -8.038e+02 1 0)
|            ( QUESTION15 -1 -2.087e+05 1.839e+02 9.100e+02
|                ( - -6.759e+04 1 0)
|                ( - -1.409e+05 3 0 QUESTION10 -1 1.670e+02 6.165e+02)))))
s>    ( QUESTION20 1 -3.398e+05 3.355e+02 1.476e+03
s>        ( WDBNDRY_B 0 -1.023e+05 1.916e+02 4.430e+02
s>            ( QUESTION0 -1 -4.368e+04 1.992e+02 1.872e+02
s>                ( - -1.178e+03 1 0)
s>                ( - -4.230e+04 5 0 QUESTION2_14_L -1 1.426e+02 1.832e+02))
s>            ( QUESTION0 -1 -5.846e+04 1.805e+02 2.557e+02
s>                ( - -3.027e+04 1 0)
s>                ( - -2.801e+04 1 0)))
s>        ( QUESTION11 -1 -2.371e+05 2.271e+02 1.033e+03
s>            ( - -2.721e+04 1 0)
s>            ( QUESTION6 -1 -2.096e+05 1.872e+02 9.140e+02
s>                ( - -8.038e+02 1 0)
s>                ( QUESTION15 -1 -2.087e+05 1.839e+02 9.100e+02
s>                    ( - -6.759e+04 1 0)
s>                    ( - -1.409e+05 3 0 QUESTION10 -1 1.670e+02 6.165e+02)))))INFO: dtree.c(1478): Final simple tree
|( QUESTION11 -1 -7.442e+04 2.261e+02 3.209e+02
|    ( QUESTION20 1 -3.646e+04 2.129e+02 1.598e+02
|        ( QUESTION2_0_L -1 -9.671e+03 1.375e+02 4.207e+01
|            ( WDBNDRY_B 0 -6.574e+03 1.475e+02 2.907e+01
|                ( - -1.436e+03 1 0)
|                ( - -4.991e+03 1 0))
|            ( - -2.959e+03 1 0))
|        ( - -2.658e+04 1 0))
|    ( QUESTION2_12_L -1 -3.773e+04 1.951e+02 1.611e+02
|        ( QUESTION20 1 -1.828e+04 1.465e+02 7.884e+01
|            ( - -8.656e+03 1 0)
|            ( - -9.481e+03 2 0 QUESTION0 -1 1.124e+02 4.162e+01))
|        ( QUESTION15 -1 -1.925e+04 1.344e+02 8.225e+01
|            ( - -1.559e+04 3 0 QUESTION18 -1 1.262e+02 6.626e+01)
|            ( - -3.527e+03 2 0 WDBNDRY_B 0 9.477e+01 1.599e+01))))
s>    ( QUESTION11 -1 -7.442e+04 2.261e+02 3.209e+02
s>        ( QUESTION20 1 -3.646e+04 2.129e+02 1.598e+02
s>            ( QUESTION2_0_L -1 -9.671e+03 1.375e+02 4.207e+01
s>                ( WDBNDRY_B 0 -6.574e+03 1.475e+02 2.907e+01
s>                    ( - -1.436e+03 1 0)
s>                    ( - -4.991e+03 1 0))
s>                ( - -2.959e+03 1 0))
s>            ( - -2.658e+04 1 0))
s>        ( QUESTION2_12_L -1 -3.773e+04 1.951e+02 1.611e+02
s>            ( QUESTION20 1 -1.828e+04 1.465e+02 7.884e+01
s>                ( - -8.656e+03 1 0)
s>                ( - -9.481e+03 2 0 QUESTION0 -1 1.124e+02 4.162e+01))
s>            ( QUESTION15 -1 -1.925e+04 1.344e+02 8.225e+01
s>                ( - -1.559e+04 3 0 QUESTION18 -1 1.262e+02 6.626e+01)
s>                ( - -3.527e+03 2 0 WDBNDRY_B 0 9.477e+01 1.599e+01))))INFO: dtree.c(1315): Comp split 24
INFO: dtree.c(1315): Comp split 25
INFO: dtree.c(1439): stop. leaf nodes are specific
INFO: dtree.c(1478): Final simple tree
|( QUESTION0_1_R 1 -1.051e+05 3.456e+02 4.645e+02
|    ( QUESTION16 -1 -7.963e+04 2.954e+02 3.553e+02
|        ( - -2.950e+04 2 0)
|        ( QUESTION20 -1 -4.983e+04 1.267e+02 2.240e+02
|            ( - -4.936e+04 1 0)
|            ( - -3.449e+02 1 0)))
|    ( QUESTION16 -1 -2.515e+04 2.141e+02 1.092e+02
|        ( QUESTION6 1 -2.469e+04 1.232e+02 1.072e+02
|            ( - -2.418e+04 2 0)
|            ( - -3.838e+02 1 0))
|        ( - -2.420e+02 1 0)))
s>    ( QUESTION0_1_R 1 -1.051e+05 3.456e+02 4.645e+02
s>        ( QUESTION16 -1 -7.963e+04 2.954e+02 3.553e+02
s>            ( - -2.950e+04 2 0)
s>            ( QUESTION20 -1 -4.983e+04 1.267e+02 2.240e+02
s>                ( - -4.936e+04 1 0)
s>                ( - -3.449e+02 1 0)))
s>        ( QUESTION16 -1 -2.515e+04 2.141e+02 1.092e+02
s>            ( QUESTION6 1 -2.469e+04 1.232e+02 1.072e+02
s>                ( - -2.418e+04 2 0)
s>                ( - -3.838e+02 1 0))
s>            ( - -2.420e+02 1 0)))INFO: dtree.c(1315): Comp split 26
INFO: dtree.c(1439): stop. leaf nodes are specific
INFO: dtree.c(1478): Final simple tree
|( QUESTION0 -1 -7.474e+04 3.621e+02 3.308e+02
|    ( - -4.929e+03 1 0)
|    ( QUESTION0_14_R 1 -6.945e+04 2.333e+02 3.080e+02
|        ( - -4.585e+04 1 0)
|        ( WDBNDRY_B 0 -2.337e+04 1.355e+02 1.023e+02
|            ( - -2.180e+04 1 0)
|            ( - -1.431e+03 1 0))))
s>    ( QUESTION0 -1 -7.474e+04 3.621e+02 3.308e+02
s>        ( - -4.929e+03 1 0)
s>        ( QUESTION0_14_R 1 -6.945e+04 2.333e+02 3.080e+02
s>            ( - -4.585e+04 1 0)
s>            ( WDBNDRY_B 0 -2.337e+04 1.355e+02 1.023e+02
s>                ( - -2.180e+04 1 0)
s>                ( - -1.431e+03 1 0))))INFO: dtree.c(1315): Comp split 27
INFO: dtree.c(1439): stop. leaf nodes are specific
INFO: dtree.c(1478): Final simple tree
|( QUESTION0_2_R 1 -3.013e+04 1.813e+02 1.407e+02
|    ( - -2.962e+04 2 0)
|    ( - -3.270e+02 1 0))
s>    ( QUESTION0_2_R 1 -3.013e+04 1.813e+02 1.407e+02
s>        ( - -2.962e+04 2 0)
s>        ( - -3.270e+02 1 0))INFO: dtree.c(1439): stop. leaf nodes are specific
INFO: dtree.c(1478): Final simple tree
|( QUESTION0_0_R 1 -1.274e+05 1.744e+02 5.731e+02
|    ( QUESTION0_2_R 1 -1.265e+05 1.611e+02 5.691e+02
|        ( - -1.230e+05 4 0)
|        ( - -3.331e+03 1 0))
|    ( - -7.244e+02 1 0))
s>    ( QUESTION0_0_R 1 -1.274e+05 1.744e+02 5.731e+02
s>        ( QUESTION0_2_R 1 -1.265e+05 1.611e+02 5.691e+02
s>            ( - -1.230e+05 4 0)
s>            ( - -3.331e+03 1 0))
s>        ( - -7.244e+02 1 0))INFO: dtree.c(1315): Comp split 28
INFO: dtree.c(1439): stop. leaf nodes are specific
INFO: dtree.c(1478): Final simple tree
|( QUESTION0_14_R 1 -3.562e+04 2.386e+02 1.523e+02
|    ( QUESTION14 1 -2.979e+04 1.586e+02 1.272e+02
|        ( - -7.628e+02 1 0)
|        ( - -2.887e+04 2 0))
|    ( - -5.597e+03 1 0))
s>    ( QUESTION0_14_R 1 -3.562e+04 2.386e+02 1.523e+02
s>        ( QUESTION14 1 -2.979e+04 1.586e+02 1.272e+02
s>            ( - -7.628e+02 1 0)
s>            ( - -2.887e+04 2 0))
s>        ( - -5.597e+03 1 0))INFO: dtree.c(1315): Comp split 29
INFO: dtree.c(1439): stop. leaf nodes are specific
INFO: dtree.c(1478): Final simple tree
|( WDBNDRY_B 0 -1.073e+05 1.885e+02 4.574e+02
|    ( - -7.917e+04 3 0)
|    ( - -2.797e+04 1 0))
s>    ( WDBNDRY_B 0 -1.073e+05 1.885e+02 4.574e+02
s>        ( - -7.917e+04 3 0)
s>        ( - -2.797e+04 1 0))INFO: dtree.c(1439): stop. leaf nodes are specific
INFO: dtree.c(1478): Final simple tree
|( WDBNDRY_B 0 -2.379e+05 1.749e+02 1.036e+03
|    ( - -1.801e+03 1 0)
|    ( - -2.360e+05 1 0))
s>    ( WDBNDRY_B 0 -2.379e+05 1.749e+02 1.036e+03
s>        ( - -1.801e+03 1 0)
s>        ( - -2.360e+05 1 0))INFO: dtree.c(1315): Comp split 30
INFO: dtree.c(1439): stop. leaf nodes are specific
INFO: dtree.c(1478): Final simple tree
|( QUESTION17 -1 -2.727e+05 3.478e+02 1.181e+03
|    ( - -1.640e+05 2 0)
|    ( QUESTION14 -1 -1.084e+05 2.149e+02 4.757e+02
|        ( - -3.005e+04 1 0)
|        ( QUESTION0 -1 -7.813e+04 1.849e+02 3.422e+02
|            ( - -3.001e+04 1 0)
|            ( - -4.793e+04 1 0))))
s>    ( QUESTION17 -1 -2.727e+05 3.478e+02 1.181e+03
s>        ( - -1.640e+05 2 0)
s>        ( QUESTION14 -1 -1.084e+05 2.149e+02 4.757e+02
s>            ( - -3.005e+04 1 0)
s>            ( QUESTION0 -1 -7.813e+04 1.849e+02 3.422e+02
s>                ( - -3.001e+04 1 0)
s>                ( - -4.793e+04 1 0))))INFO: dtree.c(1439): stop. leaf nodes are specific
INFO: dtree.c(1478): Final simple tree
|( QUESTION0_0_R 1 -5.265e+03 2.031e+02 2.300e+01
|    ( - -1.921e+03 1 0)
|    ( WDBNDRY_B 0 -3.140e+03 1.645e+02 1.400e+01
|        ( QUESTION16 -1 -1.483e+03 9.835e+01 7.000e+00
|            ( - -5.986e+02 1 0)
|            ( - -7.856e+02 1 0))
|        ( - -1.493e+03 1 0)))
s>    ( QUESTION0_0_R 1 -5.265e+03 2.031e+02 2.300e+01
s>        ( - -1.921e+03 1 0)
s>        ( WDBNDRY_B 0 -3.140e+03 1.645e+02 1.400e+01
s>            ( QUESTION16 -1 -1.483e+03 9.835e+01 7.000e+00
s>                ( - -5.986e+02 1 0)
s>                ( - -7.856e+02 1 0))
s>            ( - -1.493e+03 1 0)))INFO: dtree.c(1315): Comp split 31
INFO: dtree.c(1439): stop. leaf nodes are specific
INFO: dtree.c(1478): Final simple tree
|( QUESTION0 -1 -7.813e+04 1.849e+02 3.422e+02
|    ( - -3.001e+04 1 0)
|    ( - -4.793e+04 1 0))
s>    ( QUESTION0 -1 -7.813e+04 1.849e+02 3.422e+02
s>        ( - -3.001e+04 1 0)
s>        ( - -4.793e+04 1 0))INFO: dtree.c(1439): stop. leaf nodes are specific
INFO: dtree.c(1478): Final simple tree
|( QUESTION14 -1 -1.942e+05 1.702e+02 8.390e+02
|    ( - -3.005e+04 1 0)
|    ( - -1.640e+05 2 0))
s>    ( QUESTION14 -1 -1.942e+05 1.702e+02 8.390e+02
s>        ( - -3.005e+04 1 0)
s>        ( - -1.640e+05 2 0))INFO: dtree.c(1315): Comp split 32
INFO: dtree.c(1439): stop. leaf nodes are specific
INFO: dtree.c(1478): Final simple tree
|( QUESTION6 -1 -2.100e+05 2.058e+02 9.140e+02
|    ( - -1.178e+03 1 0)
|    ( QUESTION15 -1 -2.087e+05 1.839e+02 9.100e+02
|        ( - -6.759e+04 1 0)
|        ( QUESTION10 -1 -1.409e+05 1.670e+02 6.165e+02
|            ( - -6.579e+04 1 0)
|            ( QUESTION0 -1 -7.492e+04 1.196e+02 3.256e+02
|                ( - -1.439e+03 1 0)
|                ( - -7.337e+04 1 0)))))
s>    ( QUESTION6 -1 -2.100e+05 2.058e+02 9.140e+02
s>        ( - -1.178e+03 1 0)
s>        ( QUESTION15 -1 -2.087e+05 1.839e+02 9.100e+02
s>            ( - -6.759e+04 1 0)
s>            ( QUESTION10 -1 -1.409e+05 1.670e+02 6.165e+02
s>                ( - -6.579e+04 1 0)
s>                ( QUESTION0 -1 -7.492e+04 1.196e+02 3.256e+02
s>                    ( - -1.439e+03 1 0)
s>                    ( - -7.337e+04 1 0)))))INFO: dtree.c(1439): stop. leaf nodes are specific
INFO: dtree.c(1478): Final simple tree
|( WDBNDRY_B 0 -1.294e+05 2.630e+02 5.620e+02
|    ( QUESTION1 -1 -7.063e+04 1.733e+02 3.062e+02
|        ( - -8.038e+02 1 0)
|        ( QUESTION2_20_L -1 -6.965e+04 1.438e+02 3.022e+02
|            ( - -3.829e+04 3 0)
|            ( QUESTION0 -1 -3.122e+04 1.350e+02 1.365e+02
|                ( - -2.721e+04 1 0)
|                ( QUESTION14 -1 -3.874e+03 7.738e+01 1.752e+01
|                    ( - -5.818e+02 1 0)
|                    ( - -3.215e+03 1 0)))))
|    ( QUESTION0 -1 -5.846e+04 1.805e+02 2.557e+02
|        ( - -3.027e+04 1 0)
|        ( - -2.801e+04 1 0)))
s>    ( WDBNDRY_B 0 -1.294e+05 2.630e+02 5.620e+02
s>        ( QUESTION1 -1 -7.063e+04 1.733e+02 3.062e+02
s>            ( - -8.038e+02 1 0)
s>            ( QUESTION2_20_L -1 -6.965e+04 1.438e+02 3.022e+02
s>                ( - -3.829e+04 3 0)
s>                ( QUESTION0 -1 -3.122e+04 1.350e+02 1.365e+02
s>                    ( - -2.721e+04 1 0)
s>                    ( QUESTION14 -1 -3.874e+03 7.738e+01 1.752e+01
s>                        ( - -5.818e+02 1 0)
s>                        ( - -3.215e+03 1 0)))))
s>        ( QUESTION0 -1 -5.846e+04 1.805e+02 2.557e+02
s>            ( - -3.027e+04 1 0)
s>            ( - -2.801e+04 1 0)))INFO: dtree.c(1315): Comp split 33
INFO: dtree.c(1439): stop. leaf nodes are specific
INFO: dtree.c(1478): Final simple tree
|( QUESTION0_14_R 1 -6.945e+04 2.333e+02 3.080e+02
|    ( - -4.585e+04 1 0)
|    ( WDBNDRY_B 0 -2.337e+04 1.355e+02 1.023e+02
|        ( - -2.180e+04 1 0)
|        ( - -1.431e+03 1 0)))
s>    ( QUESTION0_14_R 1 -6.945e+04 2.333e+02 3.080e+02
s>        ( - -4.585e+04 1 0)
s>        ( WDBNDRY_B 0 -2.337e+04 1.355e+02 1.023e+02
s>            ( - -2.180e+04 1 0)
s>            ( - -1.431e+03 1 0)))INFO: dtree.c(1315): Comp split 34
INFO: dtree.c(1439): stop. leaf nodes are specific
INFO: dtree.c(1478): Final simple tree
|( QUESTION0_0_R 1 -1.028e+04 1.483e+02 4.599e+01
|    ( - -4.749e+03 2 0)
|    ( QUESTION14 1 -5.380e+03 1.445e+02 2.400e+01
|        ( - -4.036e+03 1 0)
|        ( - -1.200e+03 1 0)))
s>    ( QUESTION0_0_R 1 -1.028e+04 1.483e+02 4.599e+01
s>        ( - -4.749e+03 2 0)
s>        ( QUESTION14 1 -5.380e+03 1.445e+02 2.400e+01
s>            ( - -4.036e+03 1 0)
s>            ( - -1.200e+03 1 0)))INFO: dtree.c(1439): stop. leaf nodes are specific
INFO: dtree.c(1478): Final simple tree
|( QUESTION0_0_R 1 -3.381e+04 1.879e+02 1.553e+02
|    ( - -3.334e+04 1 0)
|    ( - -2.799e+02 1 0))
s>    ( QUESTION0_0_R 1 -3.381e+04 1.879e+02 1.553e+02
s>        ( - -3.334e+04 1 0)
s>        ( - -2.799e+02 1 0))INFO: dtree.c(1315): Comp split 35
INFO: dtree.c(1439): stop. leaf nodes are specific
INFO: dtree.c(1478): Final simple tree
|( WDBNDRY_B 0 -1.551e+05 2.626e+02 6.745e+02
|    ( - -4.998e+04 2 0)
|    ( - -1.048e+05 2 0))
s>    ( WDBNDRY_B 0 -1.551e+05 2.626e+02 6.745e+02
s>        ( - -4.998e+04 2 0)
s>        ( - -1.048e+05 2 0))INFO: dtree.c(1439): stop. leaf nodes are specific
INFO: dtree.c(1478): Final simple tree
|( WDBNDRY_B 0 -6.204e+04 1.618e+02 2.638e+02
|    ( - -2.739e+04 2 0)
|    ( - -3.448e+04 2 0))
s>    ( WDBNDRY_B 0 -6.204e+04 1.618e+02 2.638e+02
s>        ( - -2.739e+04 2 0)
s>        ( - -3.448e+04 2 0))INFO: dtree.c(1315): Comp split 36
INFO: dtree.c(1439): stop. leaf nodes are specific
INFO: dtree.c(1478): Final simple tree
|( QUESTION16 -1 -7.527e+04 2.923e+02 3.331e+02
|    ( QUESTION6 1 -2.469e+04 1.232e+02 1.072e+02
|        ( - -2.418e+04 2 0)
|        ( - -3.838e+02 1 0))
|    ( QUESTION0_1_R 1 -5.029e+04 2.136e+02 2.260e+02
|        ( QUESTION20 -1 -4.983e+04 1.267e+02 2.240e+02
|            ( - -4.936e+04 1 0)
|            ( - -3.449e+02 1 0))
|        ( - -2.420e+02 1 0)))
s>    ( QUESTION16 -1 -7.527e+04 2.923e+02 3.331e+02
s>        ( QUESTION6 1 -2.469e+04 1.232e+02 1.072e+02
s>            ( - -2.418e+04 2 0)
s>            ( - -3.838e+02 1 0))
s>        ( QUESTION0_1_R 1 -5.029e+04 2.136e+02 2.260e+02
s>            ( QUESTION20 -1 -4.983e+04 1.267e+02 2.240e+02
s>                ( - -4.936e+04 1 0)
s>                ( - -3.449e+02 1 0))
s>            ( - -2.420e+02 1 0)))INFO: dtree.c(1315): Comp split 37
INFO: dtree.c(1439): stop. leaf nodes are specific
INFO: dtree.c(1478): Final simple tree
|( QUESTION0_3_R 1 -1.767e+04 2.482e+02 7.898e+01
|    ( QUESTION11 1 -1.043e+04 1.615e+02 4.807e+01
|        ( - -4.835e+02 1 0)
|        ( - -9.781e+03 4 0))
|    ( QUESTION0_0_R 1 -7.000e+03 1.632e+02 3.092e+01
|        ( QUESTION20 -1 -6.279e+03 1.088e+02 2.792e+01
|            ( - -4.847e+03 1 0)
|            ( - -1.324e+03 1 0))
|        ( - -5.580e+02 1 0)))
s>    ( QUESTION0_3_R 1 -1.767e+04 2.482e+02 7.898e+01
s>        ( QUESTION11 1 -1.043e+04 1.615e+02 4.807e+01
s>            ( - -4.835e+02 1 0)
s>            ( - -9.781e+03 4 0))
s>        ( QUESTION0_0_R 1 -7.000e+03 1.632e+02 3.092e+01
s>            ( QUESTION20 -1 -6.279e+03 1.088e+02 2.792e+01
s>                ( - -4.847e+03 1 0)
s>                ( - -1.324e+03 1 0))
s>            ( - -5.580e+02 1 0)))INFO: dtree.c(1315): Comp split 38
INFO: dtree.c(1439): stop. leaf nodes are specific
INFO: dtree.c(1478): Final simple tree
|( QUESTION0_0_R 1 -4.244e+04 2.029e+02 1.890e+02
|    ( - -3.882e+04 5 0)
|    ( - -3.413e+03 1 0))
s>    ( QUESTION0_0_R 1 -4.244e+04 2.029e+02 1.890e+02
s>        ( - -3.882e+04 5 0)
s>        ( - -3.413e+03 1 0))INFO: dtree.c(1315): Comp split 39
INFO: dtree.c(1315): Comp split 40
INFO: dtree.c(1439): stop. leaf nodes are specific
INFO: dtree.c(1478): Final simple tree
|( QUESTION0_4_R 1 -1.308e+04 1.976e+02 5.948e+01
|    ( QUESTION20 -1 -1.264e+04 1.387e+02 5.748e+01
|        ( - -3.769e+03 1 0)
|        ( - -8.734e+03 1 0))
|    ( - -2.369e+02 1 0))
s>    ( QUESTION0_4_R 1 -1.308e+04 1.976e+02 5.948e+01
s>        ( QUESTION20 -1 -1.264e+04 1.387e+02 5.748e+01
s>            ( - -3.769e+03 1 0)
s>            ( - -8.734e+03 1 0))
s>        ( - -2.369e+02 1 0))INFO: dtree.c(1315): Comp split 41
INFO: dtree.c(1439): stop. leaf nodes are specific
INFO: dtree.c(1478): Final simple tree
|( QUESTION0_1_R 1 -2.516e+04 1.265e+02 1.092e+02
|    ( - -3.449e+02 1 0)
|    ( QUESTION6 1 -2.469e+04 1.232e+02 1.072e+02
|        ( - -2.418e+04 2 0)
|        ( - -3.838e+02 1 0)))
s>    ( QUESTION0_1_R 1 -2.516e+04 1.265e+02 1.092e+02
s>        ( - -3.449e+02 1 0)
s>        ( QUESTION6 1 -2.469e+04 1.232e+02 1.072e+02
s>            ( - -2.418e+04 2 0)
s>            ( - -3.838e+02 1 0)))INFO: dtree.c(1439): stop. leaf nodes are specific
INFO: dtree.c(1478): Final simple tree
|( QUESTION0_1_R 1 -4.982e+04 2.136e+02 2.240e+02
|    ( - -4.936e+04 1 0)
|    ( - -2.420e+02 1 0))
s>    ( QUESTION0_1_R 1 -4.982e+04 2.136e+02 2.240e+02
s>        ( - -4.936e+04 1 0)
s>        ( - -2.420e+02 1 0))INFO: dtree.c(1315): Comp split 42
INFO: dtree.c(1439): stop. leaf nodes are specific
INFO: dtree.c(1478): Final simple tree
|( WDBNDRY_B 0 -2.818e+04 1.671e+02 1.247e+02
|    ( - -1.436e+03 1 0)
|    ( - -2.658e+04 1 0))
s>    ( WDBNDRY_B 0 -2.818e+04 1.671e+02 1.247e+02
s>        ( - -1.436e+03 1 0)
s>        ( - -2.658e+04 1 0))INFO: dtree.c(1478): Final simple tree
|( QUESTION2_12_L -1 -4.597e+04 1.804e+02 1.962e+02
|    ( QUESTION20 1 -2.342e+04 1.691e+02 1.009e+02
|        ( WDBNDRY_B 0 -1.377e+04 1.234e+02 5.929e+01
|            ( - -8.656e+03 1 0)
|            ( - -4.991e+03 1 0))
|        ( - -9.481e+03 2 0 QUESTION0 -1 1.124e+02 4.162e+01))
|    ( QUESTION10 -1 -2.237e+04 1.602e+02 9.525e+01
|        ( - -2.959e+03 1 0)
|        ( QUESTION15 -1 -1.925e+04 1.344e+02 8.225e+01
|            ( QUESTION18 -1 -1.559e+04 1.262e+02 6.626e+01
|                ( - -3.716e+03 1 0)
|                ( WDBNDRY_B 0 -1.175e+04 1.126e+02 5.038e+01
|                    ( - -9.139e+03 1 0)
|                    ( - -2.498e+03 1 0)))
|            ( - -3.527e+03 2 0 WDBNDRY_B 0 9.477e+01 1.599e+01))))
s>    ( QUESTION2_12_L -1 -4.597e+04 1.804e+02 1.962e+02
s>        ( QUESTION20 1 -2.342e+04 1.691e+02 1.009e+02
s>            ( WDBNDRY_B 0 -1.377e+04 1.234e+02 5.929e+01
s>                ( - -8.656e+03 1 0)
s>                ( - -4.991e+03 1 0))
s>            ( - -9.481e+03 2 0 QUESTION0 -1 1.124e+02 4.162e+01))
s>        ( QUESTION10 -1 -2.237e+04 1.602e+02 9.525e+01
s>            ( - -2.959e+03 1 0)
s>            ( QUESTION15 -1 -1.925e+04 1.344e+02 8.225e+01
s>                ( QUESTION18 -1 -1.559e+04 1.262e+02 6.626e+01
s>                    ( - -3.716e+03 1 0)
s>                    ( WDBNDRY_B 0 -1.175e+04 1.126e+02 5.038e+01
s>                        ( - -9.139e+03 1 0)
s>                        ( - -2.498e+03 1 0)))
s>                ( - -3.527e+03 2 0 WDBNDRY_B 0 9.477e+01 1.599e+01))))INFO: dtree.c(1315): Comp split 43
INFO: dtree.c(1439): stop. leaf nodes are specific
INFO: dtree.c(1478): Final simple tree
|( QUESTION1 -1 -7.063e+04 1.733e+02 3.062e+02
|    ( - -8.038e+02 1 0)
|    ( QUESTION2_20_L -1 -6.965e+04 1.438e+02 3.022e+02
|        ( - -3.829e+04 3 0)
|        ( QUESTION0 -1 -3.122e+04 1.350e+02 1.365e+02
|            ( - -2.721e+04 1 0)
|            ( QUESTION14 -1 -3.874e+03 7.738e+01 1.752e+01
|                ( - -5.818e+02 1 0)
|                ( - -3.215e+03 1 0)))))
s>    ( QUESTION1 -1 -7.063e+04 1.733e+02 3.062e+02
s>        ( - -8.038e+02 1 0)
s>        ( QUESTION2_20_L -1 -6.965e+04 1.438e+02 3.022e+02
s>            ( - -3.829e+04 3 0)
s>            ( QUESTION0 -1 -3.122e+04 1.350e+02 1.365e+02
s>                ( - -2.721e+04 1 0)
s>                ( QUESTION14 -1 -3.874e+03 7.738e+01 1.752e+01
s>                    ( - -5.818e+02 1 0)
s>                    ( - -3.215e+03 1 0)))))INFO: dtree.c(1439): stop. leaf nodes are specific
INFO: dtree.c(1478): Final simple tree
|( QUESTION0 -1 -5.846e+04 1.805e+02 2.557e+02
|    ( - -3.027e+04 1 0)
|    ( - -2.801e+04 1 0))
s>    ( QUESTION0 -1 -5.846e+04 1.805e+02 2.557e+02
s>        ( - -3.027e+04 1 0)
s>        ( - -2.801e+04 1 0))INFO: dtree.c(1315): Comp split 44
INFO: dtree.c(1315): Comp split 45
INFO: dtree.c(1439): stop. leaf nodes are specific
INFO: dtree.c(1478): Final simple tree
|( QUESTION0_0_R 1 -7.000e+03 1.632e+02 3.092e+01
|    ( QUESTION20 -1 -6.279e+03 1.088e+02 2.792e+01
|        ( - -4.847e+03 1 0)
|        ( - -1.324e+03 1 0))
|    ( - -5.580e+02 1 0))
s>    ( QUESTION0_0_R 1 -7.000e+03 1.632e+02 3.092e+01
s>        ( QUESTION20 -1 -6.279e+03 1.088e+02 2.792e+01
s>            ( - -4.847e+03 1 0)
s>            ( - -1.324e+03 1 0))
s>        ( - -5.580e+02 1 0))INFO: dtree.c(1439): stop. leaf nodes are specific
INFO: dtree.c(1478): Final simple tree
|( QUESTION11 1 -1.043e+04 1.615e+02 4.807e+01
|    ( - -4.835e+02 1 0)
|    ( - -9.781e+03 4 0))
s>    ( QUESTION11 1 -1.043e+04 1.615e+02 4.807e+01
s>        ( - -4.835e+02 1 0)
s>        ( - -9.781e+03 4 0))INFO: dtree.c(1315): Comp split 46
INFO: dtree.c(1439): stop. leaf nodes are specific
INFO: dtree.c(1478): Final simple tree
|( QUESTION14 1 -2.979e+04 1.586e+02 1.272e+02
|    ( - -7.628e+02 1 0)
|    ( - -2.887e+04 2 0))
s>    ( QUESTION14 1 -2.979e+04 1.586e+02 1.272e+02
s>        ( - -7.628e+02 1 0)
s>        ( - -2.887e+04 2 0))INFO: dtree.c(1315): Comp split 47
INFO: dtree.c(1439): stop. leaf nodes are specific
INFO: dtree.c(1478): Final simple tree
|( QUESTION0 -1 -1.330e+04 1.176e+02 5.749e+01
|    ( - -4.949e+03 1 0)
|    ( QUESTION14 -1 -8.230e+03 9.401e+01 3.574e+01
|        ( - -4.420e+03 1 0)
|        ( - -3.716e+03 1 0)))
s>    ( QUESTION0 -1 -1.330e+04 1.176e+02 5.749e+01
s>        ( - -4.949e+03 1 0)
s>        ( QUESTION14 -1 -8.230e+03 9.401e+01 3.574e+01
s>            ( - -4.420e+03 1 0)
s>            ( - -3.716e+03 1 0)))INFO: dtree.c(1439): stop. leaf nodes are specific
INFO: dtree.c(1478): Final simple tree
|( QUESTION10 -1 -3.244e+04 1.782e+02 1.387e+02
|    ( QUESTION2_0_L -1 -1.686e+04 1.333e+02 7.229e+01
|        ( WDBNDRY_B 0 -1.377e+04 1.234e+02 5.929e+01
|            ( - -8.656e+03 1 0)
|            ( - -4.991e+03 1 0))
|        ( - -2.959e+03 1 0))
|    ( QUESTION14 -1 -1.540e+04 1.289e+02 6.638e+01
|        ( - -2.202e+03 1 0)
|        ( WDBNDRY_B 0 -1.307e+04 1.012e+02 5.638e+01
|            ( - -9.139e+03 1 0)
|            ( QUESTION0 -1 -3.832e+03 1.036e+02 1.675e+01
|                ( - -1.230e+03 1 0)
|                ( - -2.498e+03 1 0)))))
s>    ( QUESTION10 -1 -3.244e+04 1.782e+02 1.387e+02
s>        ( QUESTION2_0_L -1 -1.686e+04 1.333e+02 7.229e+01
s>            ( WDBNDRY_B 0 -1.377e+04 1.234e+02 5.929e+01
s>                ( - -8.656e+03 1 0)
s>                ( - -4.991e+03 1 0))
s>            ( - -2.959e+03 1 0))
s>        ( QUESTION14 -1 -1.540e+04 1.289e+02 6.638e+01
s>            ( - -2.202e+03 1 0)
s>            ( WDBNDRY_B 0 -1.307e+04 1.012e+02 5.638e+01
s>                ( - -9.139e+03 1 0)
s>                ( QUESTION0 -1 -3.832e+03 1.036e+02 1.675e+01
s>                    ( - -1.230e+03 1 0)
s>                    ( - -2.498e+03 1 0)))))INFO: dtree.c(1315): Comp split 48
INFO: dtree.c(1439): stop. leaf nodes are specific
INFO: dtree.c(1478): Final simple tree
|( WDBNDRY_B 0 -2.337e+04 1.355e+02 1.023e+02
|    ( - -2.180e+04 1 0)
|    ( - -1.431e+03 1 0))
s>    ( WDBNDRY_B 0 -2.337e+04 1.355e+02 1.023e+02
s>        ( - -2.180e+04 1 0)
s>        ( - -1.431e+03 1 0))INFO: dtree.c(1315): Comp split 49
INFO: dtree.c(1439): stop. leaf nodes are specific
INFO: dtree.c(1478): Final simple tree
|( QUESTION1 -1 -1.185e+05 1.403e+02 5.271e+02
|    ( - -4.807e+03 1 0)
|    ( - -1.136e+05 1 0))
s>    ( QUESTION1 -1 -1.185e+05 1.403e+02 5.271e+02
s>        ( - -4.807e+03 1 0)
s>        ( - -1.136e+05 1 0))INFO: dtree.c(1315): Comp split 50
INFO: dtree.c(1315): Comp split 51
INFO: dtree.c(1439): stop. leaf nodes are specific
INFO: dtree.c(1478): Final simple tree
|( QUESTION14 -1 -1.092e+04 1.246e+02 4.708e+01
|    ( WDBNDRY_B 0 -8.993e+03 8.144e+01 3.908e+01
|        ( - -2.306e+03 1 0)
|        ( - -6.605e+03 1 0))
|    ( - -1.802e+03 1 0))
s>    ( QUESTION14 -1 -1.092e+04 1.246e+02 4.708e+01
s>        ( WDBNDRY_B 0 -8.993e+03 8.144e+01 3.908e+01
s>            ( - -2.306e+03 1 0)
s>            ( - -6.605e+03 1 0))
s>        ( - -1.802e+03 1 0))INFO: dtree.c(1315): Comp split 52
INFO: dtree.c(1315): Comp split 53
INFO: dtree.c(1439): stop. leaf nodes are specific
INFO: dtree.c(1478): Final simple tree
|( QUESTION15 -1 -2.087e+05 1.839e+02 9.100e+02
|    ( - -6.759e+04 1 0)
|    ( QUESTION10 -1 -1.409e+05 1.670e+02 6.165e+02
|        ( - -6.579e+04 1 0)
|        ( QUESTION0 -1 -7.492e+04 1.196e+02 3.256e+02
|            ( - -1.439e+03 1 0)
|            ( - -7.337e+04 1 0))))
s>    ( QUESTION15 -1 -2.087e+05 1.839e+02 9.100e+02
s>        ( - -6.759e+04 1 0)
s>        ( QUESTION10 -1 -1.409e+05 1.670e+02 6.165e+02
s>            ( - -6.579e+04 1 0)
s>            ( QUESTION0 -1 -7.492e+04 1.196e+02 3.256e+02
s>                ( - -1.439e+03 1 0)
s>                ( - -7.337e+04 1 0))))INFO: dtree.c(1315): Comp split 54
INFO: dtree.c(1439): stop. leaf nodes are specific
INFO: dtree.c(1478): Final simple tree
|( WDBNDRY_B 0 -3.140e+03 1.645e+02 1.400e+01
|    ( QUESTION16 -1 -1.483e+03 9.835e+01 7.000e+00
|        ( - -5.986e+02 1 0)
|        ( - -7.856e+02 1 0))
|    ( - -1.493e+03 1 0))
s>    ( WDBNDRY_B 0 -3.140e+03 1.645e+02 1.400e+01
s>        ( QUESTION16 -1 -1.483e+03 9.835e+01 7.000e+00
s>            ( - -5.986e+02 1 0)
s>            ( - -7.856e+02 1 0))
s>        ( - -1.493e+03 1 0))INFO: dtree.c(1315): Comp split 55
INFO: dtree.c(1315): Comp split 56
INFO: dtree.c(1439): stop. leaf nodes are specific
INFO: dtree.c(1478): Final simple tree
|( QUESTION16 -1 -8.115e+04 1.687e+02 3.712e+02
|    ( - -6.798e+04 2 0)
|    ( - -1.300e+04 1 0))
s>    ( QUESTION16 -1 -8.115e+04 1.687e+02 3.712e+02
s>        ( - -6.798e+04 2 0)
s>        ( - -1.300e+04 1 0))INFO: dtree.c(1315): Comp split 57
INFO: dtree.c(1439): stop. leaf nodes are specific
INFO: dtree.c(1478): Final simple tree
|( QUESTION20 -1 -1.264e+04 1.387e+02 5.748e+01
|    ( - -3.769e+03 1 0)
|    ( - -8.734e+03 1 0))
s>    ( QUESTION20 -1 -1.264e+04 1.387e+02 5.748e+01
s>        ( - -3.769e+03 1 0)
s>        ( - -8.734e+03 1 0))INFO: dtree.c(1315): Comp split 58
INFO: dtree.c(1315): Comp split 59
INFO: dtree.c(1315): Comp split 60
INFO: dtree.c(1315): Comp split 61
INFO: dtree.c(1439): stop. leaf nodes are specific
INFO: dtree.c(1478): Final simple tree
|( QUESTION0 -1 -1.393e+05 1.680e+02 6.095e+02
|    ( - -6.579e+04 1 0)
|    ( - -7.337e+04 1 0))
s>    ( QUESTION0 -1 -1.393e+05 1.680e+02 6.095e+02
s>        ( - -6.579e+04 1 0)
s>        ( - -7.337e+04 1 0))INFO: dtree.c(1439): stop. leaf nodes are specific
INFO: dtree.c(1478): Final simple tree
|( QUESTION0 -1 -6.915e+04 1.184e+02 3.005e+02
|    ( - -1.439e+03 1 0)
|    ( - -6.759e+04 1 0))
s>    ( QUESTION0 -1 -6.915e+04 1.184e+02 3.005e+02
s>        ( - -1.439e+03 1 0)
s>        ( - -6.759e+04 1 0))INFO: dtree.c(1315): Comp split 62
INFO: dtree.c(1315): Comp split 63
INFO: dtree.c(1439): stop. leaf nodes are specific
INFO: dtree.c(1478): Final simple tree
|( QUESTION2_17_L -1 -1.947e+04 1.296e+02 8.305e+01
|    ( - -2.959e+03 1 0)
|    ( QUESTION11 -1 -1.638e+04 1.299e+02 7.005e+01
|        ( - -4.991e+03 1 0)
|        ( WDBNDRY_B 0 -1.126e+04 1.056e+02 4.798e+01
|            ( - -8.656e+03 1 0)
|            ( - -2.498e+03 1 0))))
s>    ( QUESTION2_17_L -1 -1.947e+04 1.296e+02 8.305e+01
s>        ( - -2.959e+03 1 0)
s>        ( QUESTION11 -1 -1.638e+04 1.299e+02 7.005e+01
s>            ( - -4.991e+03 1 0)
s>            ( WDBNDRY_B 0 -1.126e+04 1.056e+02 4.798e+01
s>                ( - -8.656e+03 1 0)
s>                ( - -2.498e+03 1 0))))INFO: dtree.c(1439): stop. leaf nodes are specific
INFO: dtree.c(1478): Final simple tree
|( QUESTION14 -1 -1.279e+04 1.280e+02 5.562e+01
|    ( - -2.202e+03 1 0)
|    ( WDBNDRY_B 0 -1.046e+04 9.327e+01 4.563e+01
|        ( - -9.139e+03 1 0)
|        ( - -1.230e+03 1 0)))
s>    ( QUESTION14 -1 -1.279e+04 1.280e+02 5.562e+01
s>        ( - -2.202e+03 1 0)
s>        ( WDBNDRY_B 0 -1.046e+04 9.327e+01 4.563e+01
s>            ( - -9.139e+03 1 0)
s>            ( - -1.230e+03 1 0)))INFO: dtree.c(1315): Comp split 64
INFO: dtree.c(1315): Comp split 65
INFO: dtree.c(1315): Comp split 66
INFO: dtree.c(1439): stop. leaf nodes are specific
INFO: dtree.c(1478): Final simple tree
|( QUESTION0_0_R 1 -6.064e+03 1.142e+02 2.800e+01
|    ( - -4.749e+03 2 0)
|    ( - -1.200e+03 1 0))
s>    ( QUESTION0_0_R 1 -6.064e+03 1.142e+02 2.800e+01
s>        ( - -4.749e+03 2 0)
s>        ( - -1.200e+03 1 0))INFO: dtree.c(1315): Comp split 67
INFO: dtree.c(1315): Comp split 68
INFO: dtree.c(1315): Comp split 69
INFO: dtree.c(1439): stop. leaf nodes are specific
INFO: dtree.c(1478): Final simple tree
|( QUESTION0_2_R 1 -1.265e+05 1.611e+02 5.691e+02
|    ( - -1.230e+05 4 0)
|    ( - -3.331e+03 1 0))
s>    ( QUESTION0_2_R 1 -1.265e+05 1.611e+02 5.691e+02
s>        ( - -1.230e+05 4 0)
s>        ( - -3.331e+03 1 0))INFO: dtree.c(1315): Comp split 70
INFO: dtree.c(1439): stop. leaf nodes are specific
INFO: dtree.c(1478): Final simple tree
|( QUESTION2_20_L -1 -6.965e+04 1.438e+02 3.022e+02
|    ( - -3.829e+04 3 0)
|    ( QUESTION0 -1 -3.122e+04 1.350e+02 1.365e+02
|        ( - -2.721e+04 1 0)
|        ( QUESTION14 -1 -3.874e+03 7.738e+01 1.752e+01
|            ( - -5.818e+02 1 0)
|            ( - -3.215e+03 1 0))))
s>    ( QUESTION2_20_L -1 -6.965e+04 1.438e+02 3.022e+02
s>        ( - -3.829e+04 3 0)
s>        ( QUESTION0 -1 -3.122e+04 1.350e+02 1.365e+02
s>            ( - -2.721e+04 1 0)
s>            ( QUESTION14 -1 -3.874e+03 7.738e+01 1.752e+01
s>                ( - -5.818e+02 1 0)
s>                ( - -3.215e+03 1 0))))INFO: dtree.c(1315): Comp split 71
INFO: dtree.c(1315): Comp split 72
INFO: dtree.c(1315): Comp split 73
INFO: dtree.c(1315): Comp split 74
INFO: dtree.c(1315): Comp split 75
INFO: dtree.c(1439): stop. leaf nodes are specific
INFO: dtree.c(1478): Final simple tree
|( QUESTION16 -1 -1.483e+03 9.835e+01 7.000e+00
|    ( - -5.986e+02 1 0)
|    ( - -7.856e+02 1 0))
s>    ( QUESTION16 -1 -1.483e+03 9.835e+01 7.000e+00
s>        ( - -5.986e+02 1 0)
s>        ( - -7.856e+02 1 0))INFO: dtree.c(1315): Comp split 76
INFO: dtree.c(1439): stop. leaf nodes are specific
INFO: dtree.c(1478): Final simple tree
|( QUESTION20 -1 -6.279e+03 1.088e+02 2.792e+01
|    ( - -4.847e+03 1 0)
|    ( - -1.324e+03 1 0))
s>    ( QUESTION20 -1 -6.279e+03 1.088e+02 2.792e+01
s>        ( - -4.847e+03 1 0)
s>        ( - -1.324e+03 1 0))INFO: dtree.c(1315): Comp split 77
INFO: dtree.c(1315): Comp split 78
INFO: dtree.c(1315): Comp split 79
INFO: dtree.c(1315): Comp split 80
INFO: dtree.c(1315): Comp split 81
INFO: dtree.c(1439): stop. leaf nodes are specific
INFO: dtree.c(1478): Final simple tree
|( QUESTION0 -1 -3.122e+04 1.350e+02 1.365e+02
|    ( - -2.721e+04 1 0)
|    ( QUESTION14 -1 -3.874e+03 7.738e+01 1.752e+01
|        ( - -5.818e+02 1 0)
|        ( - -3.215e+03 1 0)))
s>    ( QUESTION0 -1 -3.122e+04 1.350e+02 1.365e+02
s>        ( - -2.721e+04 1 0)
s>        ( QUESTION14 -1 -3.874e+03 7.738e+01 1.752e+01
s>            ( - -5.818e+02 1 0)
s>            ( - -3.215e+03 1 0)))INFO: dtree.c(1315): Comp split 82
INFO: dtree.c(1315): Comp split 83
INFO: dtree.c(1315): Comp split 84
INFO: dtree.c(1315): Comp split 85
INFO: dtree.c(1439): stop. leaf nodes are specific
INFO: dtree.c(1478): Final simple tree
|( QUESTION14 -1 -3.874e+03 7.738e+01 1.752e+01
|    ( - -5.818e+02 1 0)
|    ( - -3.215e+03 1 0))
s>    ( QUESTION14 -1 -3.874e+03 7.738e+01 1.752e+01
s>        ( - -5.818e+02 1 0)
s>        ( - -3.215e+03 1 0))INFO: dtree.c(1315): Comp split 86
INFO: dtree.c(1439): stop. leaf nodes are specific
INFO: dtree.c(1478): Final simple tree
|( QUESTION11 -1 -1.435e+04 1.281e+02 6.097e+01
|    ( - -2.959e+03 1 0)
|    ( WDBNDRY_B 0 -1.126e+04 1.056e+02 4.798e+01
|        ( - -8.656e+03 1 0)
|        ( - -2.498e+03 1 0)))
s>    ( QUESTION11 -1 -1.435e+04 1.281e+02 6.097e+01
s>        ( - -2.959e+03 1 0)
s>        ( WDBNDRY_B 0 -1.126e+04 1.056e+02 4.798e+01
s>            ( - -8.656e+03 1 0)
s>            ( - -2.498e+03 1 0)))INFO: dtree.c(1315): Comp split 87
INFO: dtree.c(1439): stop. leaf nodes are specific
INFO: dtree.c(1478): Final simple tree
|( WDBNDRY_B 0 -1.126e+04 1.056e+02 4.798e+01
|    ( - -8.656e+03 1 0)
|    ( - -2.498e+03 1 0))
s>    ( WDBNDRY_B 0 -1.126e+04 1.056e+02 4.798e+01
s>        ( - -8.656e+03 1 0)
s>        ( - -2.498e+03 1 0))INFO: dtree.c(1315): Comp split 88
INFO: dtree.c(1439): stop. leaf nodes are specific
INFO: dtree.c(1478): Final simple tree
|( WDBNDRY_B 0 -1.046e+04 9.327e+01 4.563e+01
|    ( - -9.139e+03 1 0)
|    ( - -1.230e+03 1 0))
s>    ( WDBNDRY_B 0 -1.046e+04 9.327e+01 4.563e+01
s>        ( - -9.139e+03 1 0)
s>        ( - -1.230e+03 1 0))INFO: dtree.c(1315): Comp split 89
INFO: dtree.c(1439): stop. leaf nodes are specific
INFO: dtree.c(1478): Final simple tree
|( QUESTION6 1 -2.469e+04 1.232e+02 1.072e+02
|    ( - -2.418e+04 2 0)
|    ( - -3.838e+02 1 0))
s>    ( QUESTION6 1 -2.469e+04 1.232e+02 1.072e+02
s>        ( - -2.418e+04 2 0)
s>        ( - -3.838e+02 1 0))INFO: dtree.c(1315): Comp split 90
INFO: dtree.c(1439): stop. leaf nodes are specific
INFO: dtree.c(1478): Final simple tree
|( WDBNDRY_B 0 -8.993e+03 8.144e+01 3.908e+01
|    ( - -2.306e+03 1 0)
|    ( - -6.605e+03 1 0))
s>    ( WDBNDRY_B 0 -8.993e+03 8.144e+01 3.908e+01
s>        ( - -2.306e+03 1 0)
s>        ( - -6.605e+03 1 0))INFO: dtree.c(1315): Comp split 91
INFO: dtree.c(1315): Comp split 92
INFO: dtree.c(1315): Comp split 93
INFO: dtree.c(1439): stop. leaf nodes are specific
INFO: dtree.c(1478): Final simple tree
|( QUESTION14 -1 -8.230e+03 9.401e+01 3.574e+01
|    ( - -4.420e+03 1 0)
|    ( - -3.716e+03 1 0))
s>    ( QUESTION14 -1 -8.230e+03 9.401e+01 3.574e+01
s>        ( - -4.420e+03 1 0)
s>        ( - -3.716e+03 1 0))INFO: dtree.c(1315): Comp split 94
INFO: dtree.c(1315): Comp split 95
INFO: dtree.c(1315): Comp split 96
INFO: dtree.c(1315): Comp split 97
INFO: dtree.c(1315): Comp split 98
INFO: dtree.c(1315): Comp split 99
INFO: dtree.c(1315): Comp split 100
INFO: dtree.c(1315): Comp split 101
INFO: dtree.c(1315): Comp split 102
INFO: dtree.c(1318): stop. leaf nodes are specific
Sun Mar 19 21:51:00 2017
