Current configuration:
[NAME]		[DEFLT]	[VALUE]
-allphones	no	no
-cntthresh	0.00001	1.000000e-05
-csplitmax	100	2000
-csplitmin	1	1
-csplitthr	8e-4	0.000000e+00
-example	no	no
-fullvar	no	no
-help		no	no
-meanfn			/home/ilya/Рабочий стол/lab_sphinx/ru_base/model_parameters/ru_base.cd_cont_untied/means
-mixwfn			/home/ilya/Рабочий стол/lab_sphinx/ru_base/model_parameters/ru_base.cd_cont_untied/mixture_weights
-moddeffn		/home/ilya/Рабочий стол/lab_sphinx/ru_base/model_architecture/ru_base.untied.mdef
-mwfloor	1e-4	1.000000e-08
-phone			kj
-psetfn			/home/ilya/Рабочий стол/lab_sphinx/ru_base/model_architecture/ru_base.tree_questions
-ssplitmax	5	7
-ssplitmin	1	1
-ssplitthr	8e-4	0.000000e+00
-state			0
-stwt			1.0,0.05,0.0,
-treefn			/home/ilya/Рабочий стол/lab_sphinx/ru_base/trees/ru_base.unpruned/kj-0.dtree
-ts2cbfn	.semi.	.cont.
-varfloor	0.00001	1.000000e-05
-varfn			/home/ilya/Рабочий стол/lab_sphinx/ru_base/model_parameters/ru_base.cd_cont_untied/variances

INFO: main.c(223): Reading: /home/ilya/Рабочий стол/lab_sphinx/ru_base/model_architecture/ru_base.untied.mdef
INFO: model_def_io.c(573): Model definition info:
INFO: model_def_io.c(574): 9415 total models defined (43 base, 9372 tri)
INFO: model_def_io.c(575): 37660 total states
INFO: model_def_io.c(576): 28245 total tied states
INFO: model_def_io.c(577): 129 total tied CI states
INFO: model_def_io.c(578): 43 total tied transition matrices
INFO: model_def_io.c(579): 4 max state/model
INFO: model_def_io.c(580): 4 min state/model
INFO: main.c(242): Building trees for [kj SIL i0 b] through [kj zh i0 i]
INFO: main.c(269): Covering states |[12015 12161]| == 147
INFO: main.c(275): Reading: /home/ilya/Рабочий стол/lab_sphinx/ru_base/model_parameters/ru_base.cd_cont_untied/mixture_weights
INFO: s3mixw_io.c(173): Read /home/ilya/Рабочий стол/lab_sphinx/ru_base/model_parameters/ru_base.cd_cont_untied/mixture_weights [147x1x1 array]
INFO: main.c(311): 49 of 49 models have observation count greater than 0.000010
INFO: main.c(95): nrm stwt: 0.952 0.048 0.000 
INFO: s3gau_io.c(169): Read /home/ilya/Рабочий стол/lab_sphinx/ru_base/model_parameters/ru_base.cd_cont_untied/means [28245x1x1 array]
INFO: s3gau_io.c(169): Read /home/ilya/Рабочий стол/lab_sphinx/ru_base/model_parameters/ru_base.cd_cont_untied/variances [28245x1x1 array]
INFO: main.c(549): Reading: /home/ilya/Рабочий стол/lab_sphinx/ru_base/model_architecture/ru_base.tree_questions
INFO: main.c(588): 180 total simple questions (172 phone; 8 word bndry)
INFO: main.c(590): 42 Left Only questions, and 42 Right Only questions
INFO: dtree.c(1478): Final simple tree
|( QUESTION1 -1 -1.930e+06 3.562e+03 8.858e+03
|    ( QUESTION2_7_L -1 -5.087e+05 1.427e+03 2.366e+03
|        ( - -1.457e+05 3 0 WDBNDRY_B 0 7.226e+02 6.932e+02)
|        ( QUESTION2_6_L -1 -3.615e+05 1.077e+03 1.673e+03
|            ( - -8.839e+04 2 0 QUESTION20 1 1.528e+02 4.128e+02)
|            ( - -2.720e+05 6 0 QUESTION4 -1 3.885e+02 1.260e+03)))
|    ( QUESTION16 -1 -1.418e+06 1.746e+03 6.492e+03
|        ( - -6.712e+05 6 0 WDBNDRY_B 0 6.383e+02 3.095e+03)
|        ( QUESTION0 -1 -7.445e+05 1.128e+03 3.396e+03
|            ( - -2.406e+05 10 0 QUESTION2_0_L -1 3.521e+02 1.105e+03)
|            ( QUESTION15 -1 -5.028e+05 1.069e+03 2.291e+03
|                ( QUESTION2_16_L -1 -2.781e+05 9.218e+02 1.286e+03
|                    ( - -1.374e+05 5 0 QUESTION20 1 3.012e+02 6.192e+02)
|                    ( - -1.398e+05 3 0 WDBNDRY_B 0 6.643e+02 6.670e+02))
|                ( - -2.237e+05 14 0 QUESTION2_20_L -1 5.637e+02 1.005e+03)))))
s>    ( QUESTION1 -1 -1.930e+06 3.562e+03 8.858e+03
s>        ( QUESTION2_7_L -1 -5.087e+05 1.427e+03 2.366e+03
s>            ( - -1.457e+05 3 0 WDBNDRY_B 0 7.226e+02 6.932e+02)
s>            ( QUESTION2_6_L -1 -3.615e+05 1.077e+03 1.673e+03
s>                ( - -8.839e+04 2 0 QUESTION20 1 1.528e+02 4.128e+02)
s>                ( - -2.720e+05 6 0 QUESTION4 -1 3.885e+02 1.260e+03)))
s>        ( QUESTION16 -1 -1.418e+06 1.746e+03 6.492e+03
s>            ( - -6.712e+05 6 0 WDBNDRY_B 0 6.383e+02 3.095e+03)
s>            ( QUESTION0 -1 -7.445e+05 1.128e+03 3.396e+03
s>                ( - -2.406e+05 10 0 QUESTION2_0_L -1 3.521e+02 1.105e+03)
s>                ( QUESTION15 -1 -5.028e+05 1.069e+03 2.291e+03
s>                    ( QUESTION2_16_L -1 -2.781e+05 9.218e+02 1.286e+03
s>                        ( - -1.374e+05 5 0 QUESTION20 1 3.012e+02 6.192e+02)
s>                        ( - -1.398e+05 3 0 WDBNDRY_B 0 6.643e+02 6.670e+02))
s>                    ( - -2.237e+05 14 0 QUESTION2_20_L -1 5.637e+02 1.005e+03)))))INFO: dtree.c(1315): Comp split 0
INFO: dtree.c(1478): Final simple tree
|( QUESTION16 -1 -1.418e+06 1.746e+03 6.492e+03
|    ( WDBNDRY_B 0 -6.712e+05 6.383e+02 3.095e+03
|        ( - -2.548e+04 2 0)
|        ( - -6.451e+05 4 0 QUESTION20 1 3.226e+02 2.979e+03))
|    ( QUESTION0 -1 -7.445e+05 1.128e+03 3.396e+03
|        ( - -2.406e+05 10 0 QUESTION2_0_L -1 3.521e+02 1.105e+03)
|        ( QUESTION15 -1 -5.028e+05 1.069e+03 2.291e+03
|            ( QUESTION2_16_L -1 -2.781e+05 9.218e+02 1.286e+03
|                ( - -1.374e+05 5 0 QUESTION20 1 3.012e+02 6.192e+02)
|                ( WDBNDRY_B 0 -1.398e+05 6.643e+02 6.670e+02
|                    ( - -6.133e+04 1 0)
|                    ( - -7.780e+04 2 0 QUESTION18 -1 1.219e+02 3.651e+02)))
|            ( QUESTION2_20_L -1 -2.237e+05 5.637e+02 1.005e+03
|                ( - -1.466e+05 7 0 QUESTION20 1 2.123e+02 6.650e+02)
|                ( - -7.648e+04 7 0 QUESTION2_0_L -1 3.730e+02 3.397e+02)))))
s>    ( QUESTION16 -1 -1.418e+06 1.746e+03 6.492e+03
s>        ( WDBNDRY_B 0 -6.712e+05 6.383e+02 3.095e+03
s>            ( - -2.548e+04 2 0)
s>            ( - -6.451e+05 4 0 QUESTION20 1 3.226e+02 2.979e+03))
s>        ( QUESTION0 -1 -7.445e+05 1.128e+03 3.396e+03
s>            ( - -2.406e+05 10 0 QUESTION2_0_L -1 3.521e+02 1.105e+03)
s>            ( QUESTION15 -1 -5.028e+05 1.069e+03 2.291e+03
s>                ( QUESTION2_16_L -1 -2.781e+05 9.218e+02 1.286e+03
s>                    ( - -1.374e+05 5 0 QUESTION20 1 3.012e+02 6.192e+02)
s>                    ( WDBNDRY_B 0 -1.398e+05 6.643e+02 6.670e+02
s>                        ( - -6.133e+04 1 0)
s>                        ( - -7.780e+04 2 0 QUESTION18 -1 1.219e+02 3.651e+02)))
s>                ( QUESTION2_20_L -1 -2.237e+05 5.637e+02 1.005e+03
s>                    ( - -1.466e+05 7 0 QUESTION20 1 2.123e+02 6.650e+02)
s>                    ( - -7.648e+04 7 0 QUESTION2_0_L -1 3.730e+02 3.397e+02)))))INFO: dtree.c(1478): Final simple tree
|( QUESTION2_7_L -1 -5.087e+05 1.427e+03 2.366e+03
|    ( WDBNDRY_B 0 -1.457e+05 7.226e+02 6.932e+02
|        ( - -5.700e+04 1 0)
|        ( - -8.798e+04 2 0 QUESTION20 1 1.673e+02 4.166e+02))
|    ( QUESTION2_6_L -1 -3.615e+05 1.077e+03 1.673e+03
|        ( - -8.839e+04 2 0 QUESTION20 1 1.528e+02 4.128e+02)
|        ( QUESTION4 -1 -2.720e+05 3.885e+02 1.260e+03
|            ( - -7.363e+04 1 0)
|            ( WDBNDRY_B 0 -1.980e+05 2.884e+02 9.144e+02
|                ( - -5.660e+03 1 0)
|                ( QUESTION2 -1 -1.921e+05 2.461e+02 8.881e+02
|                    ( - -4.290e+03 2 0 QUESTION20 1 1.336e+02 2.100e+01)
|                    ( QUESTION20 1 -1.875e+05 2.182e+02 8.671e+02
|                        ( - -1.532e+05 1 0)
|                        ( - -3.413e+04 1 0)))))))
s>    ( QUESTION2_7_L -1 -5.087e+05 1.427e+03 2.366e+03
s>        ( WDBNDRY_B 0 -1.457e+05 7.226e+02 6.932e+02
s>            ( - -5.700e+04 1 0)
s>            ( - -8.798e+04 2 0 QUESTION20 1 1.673e+02 4.166e+02))
s>        ( QUESTION2_6_L -1 -3.615e+05 1.077e+03 1.673e+03
s>            ( - -8.839e+04 2 0 QUESTION20 1 1.528e+02 4.128e+02)
s>            ( QUESTION4 -1 -2.720e+05 3.885e+02 1.260e+03
s>                ( - -7.363e+04 1 0)
s>                ( WDBNDRY_B 0 -1.980e+05 2.884e+02 9.144e+02
s>                    ( - -5.660e+03 1 0)
s>                    ( QUESTION2 -1 -1.921e+05 2.461e+02 8.881e+02
s>                        ( - -4.290e+03 2 0 QUESTION20 1 1.336e+02 2.100e+01)
s>                        ( QUESTION20 1 -1.875e+05 2.182e+02 8.671e+02
s>                            ( - -1.532e+05 1 0)
s>                            ( - -3.413e+04 1 0)))))))INFO: dtree.c(1315): Comp split 1
INFO: dtree.c(1478): Final simple tree
|( QUESTION2_20_L -1 -3.875e+05 7.118e+02 1.740e+03
|    ( QUESTION14 -1 -1.727e+05 5.411e+02 7.815e+02
|        ( QUESTION20 1 -1.466e+05 2.123e+02 6.650e+02
|            ( - -1.423e+05 5 0 WDBNDRY_B 0 1.019e+02 6.450e+02)
|            ( - -4.174e+03 2 0))
|        ( - -2.548e+04 2 0))
|    ( QUESTION2_0_L -1 -2.141e+05 3.674e+02 9.590e+02
|        ( - -2.180e+04 1 0)
|        ( QUESTION2_19_L -1 -1.919e+05 3.559e+02 8.603e+02
|            ( QUESTION20 1 -1.544e+05 3.131e+02 6.963e+02
|                ( - -1.240e+05 5 0 QUESTION14 -1 1.451e+02 5.604e+02)
|                ( - -3.015e+04 2 0 WDBNDRY_B 0 1.380e+02 1.359e+02))
|            ( QUESTION2_16_L -1 -3.713e+04 1.750e+02 1.640e+02
|                ( - -3.202e+04 2 0 QUESTION20 1 1.485e+02 1.419e+02)
|                ( - -4.938e+03 2 0 WDBNDRY_B 0 1.558e+02 2.208e+01)))))
s>    ( QUESTION2_20_L -1 -3.875e+05 7.118e+02 1.740e+03
s>        ( QUESTION14 -1 -1.727e+05 5.411e+02 7.815e+02
s>            ( QUESTION20 1 -1.466e+05 2.123e+02 6.650e+02
s>                ( - -1.423e+05 5 0 WDBNDRY_B 0 1.019e+02 6.450e+02)
s>                ( - -4.174e+03 2 0))
s>            ( - -2.548e+04 2 0))
s>        ( QUESTION2_0_L -1 -2.141e+05 3.674e+02 9.590e+02
s>            ( - -2.180e+04 1 0)
s>            ( QUESTION2_19_L -1 -1.919e+05 3.559e+02 8.603e+02
s>                ( QUESTION20 1 -1.544e+05 3.131e+02 6.963e+02
s>                    ( - -1.240e+05 5 0 QUESTION14 -1 1.451e+02 5.604e+02)
s>                    ( - -3.015e+04 2 0 WDBNDRY_B 0 1.380e+02 1.359e+02))
s>                ( QUESTION2_16_L -1 -3.713e+04 1.750e+02 1.640e+02
s>                    ( - -3.202e+04 2 0 QUESTION20 1 1.485e+02 1.419e+02)
s>                    ( - -4.938e+03 2 0 WDBNDRY_B 0 1.558e+02 2.208e+01)))))INFO: dtree.c(1478): Final simple tree
|( QUESTION16 -1 -1.028e+06 1.341e+03 4.751e+03
|    ( QUESTION20 1 -6.451e+05 3.226e+02 2.979e+03
|        ( - -4.790e+05 2 0)
|        ( - -1.658e+05 2 0))
|    ( QUESTION0 -1 -3.815e+05 1.154e+03 1.772e+03
|        ( QUESTION2_0_L -1 -2.406e+05 3.521e+02 1.105e+03
|            ( - -1.551e+05 6 0 WDBNDRY_B 0 1.591e+02 7.086e+02)
|            ( QUESTION20 1 -8.515e+04 2.681e+02 3.968e+02
|                ( WDBNDRY_B 0 -4.922e+04 1.638e+02 2.284e+02
|                    ( - -5.068e+02 1 0)
|                    ( - -4.855e+04 2 0))
|                ( - -3.567e+04 1 0)))
|        ( WDBNDRY_B 0 -1.398e+05 6.643e+02 6.670e+02
|            ( - -6.133e+04 1 0)
|            ( - -7.780e+04 2 0 QUESTION18 -1 1.219e+02 3.651e+02))))
s>    ( QUESTION16 -1 -1.028e+06 1.341e+03 4.751e+03
s>        ( QUESTION20 1 -6.451e+05 3.226e+02 2.979e+03
s>            ( - -4.790e+05 2 0)
s>            ( - -1.658e+05 2 0))
s>        ( QUESTION0 -1 -3.815e+05 1.154e+03 1.772e+03
s>            ( QUESTION2_0_L -1 -2.406e+05 3.521e+02 1.105e+03
s>                ( - -1.551e+05 6 0 WDBNDRY_B 0 1.591e+02 7.086e+02)
s>                ( QUESTION20 1 -8.515e+04 2.681e+02 3.968e+02
s>                    ( WDBNDRY_B 0 -4.922e+04 1.638e+02 2.284e+02
s>                        ( - -5.068e+02 1 0)
s>                        ( - -4.855e+04 2 0))
s>                    ( - -3.567e+04 1 0)))
s>            ( WDBNDRY_B 0 -1.398e+05 6.643e+02 6.670e+02
s>                ( - -6.133e+04 1 0)
s>                ( - -7.780e+04 2 0 QUESTION18 -1 1.219e+02 3.651e+02))))INFO: dtree.c(1315): Comp split 2
INFO: dtree.c(1439): stop. leaf nodes are specific
INFO: dtree.c(1478): Final simple tree
|( QUESTION4 -1 -2.675e+05 3.888e+02 1.239e+03
|    ( - -7.363e+04 1 0)
|    ( WDBNDRY_B 0 -1.935e+05 2.883e+02 8.934e+02
|        ( - -5.660e+03 1 0)
|        ( QUESTION20 1 -1.875e+05 2.182e+02 8.671e+02
|            ( - -1.532e+05 1 0)
|            ( - -3.413e+04 1 0))))
s>    ( QUESTION4 -1 -2.675e+05 3.888e+02 1.239e+03
s>        ( - -7.363e+04 1 0)
s>        ( WDBNDRY_B 0 -1.935e+05 2.883e+02 8.934e+02
s>            ( - -5.660e+03 1 0)
s>            ( QUESTION20 1 -1.875e+05 2.182e+02 8.671e+02
s>                ( - -1.532e+05 1 0)
s>                ( - -3.413e+04 1 0))))INFO: dtree.c(1439): stop. leaf nodes are specific
INFO: dtree.c(1478): Final simple tree
|( QUESTION2_6_L -1 -2.396e+05 1.002e+03 1.127e+03
|    ( QUESTION20 1 -8.839e+04 1.528e+02 4.128e+02
|        ( - -5.671e+04 1 0)
|        ( - -3.153e+04 1 0))
|    ( WDBNDRY_B 0 -1.502e+05 7.208e+02 7.142e+02
|        ( - -5.700e+04 1 0)
|        ( QUESTION2_4_L -1 -9.252e+04 2.465e+02 4.376e+02
|            ( QUESTION20 1 -4.290e+03 1.336e+02 2.100e+01
|                ( - -3.040e+03 1 0)
|                ( - -1.116e+03 1 0))
|            ( QUESTION20 1 -8.798e+04 1.673e+02 4.166e+02
|                ( - -8.583e+04 1 0)
|                ( - -1.989e+03 1 0)))))
s>    ( QUESTION2_6_L -1 -2.396e+05 1.002e+03 1.127e+03
s>        ( QUESTION20 1 -8.839e+04 1.528e+02 4.128e+02
s>            ( - -5.671e+04 1 0)
s>            ( - -3.153e+04 1 0))
s>        ( WDBNDRY_B 0 -1.502e+05 7.208e+02 7.142e+02
s>            ( - -5.700e+04 1 0)
s>            ( QUESTION2_4_L -1 -9.252e+04 2.465e+02 4.376e+02
s>                ( QUESTION20 1 -4.290e+03 1.336e+02 2.100e+01
s>                    ( - -3.040e+03 1 0)
s>                    ( - -1.116e+03 1 0))
s>                ( QUESTION20 1 -8.798e+04 1.673e+02 4.166e+02
s>                    ( - -8.583e+04 1 0)
s>                    ( - -1.989e+03 1 0)))))INFO: dtree.c(1315): Comp split 3
INFO: dtree.c(1439): stop. leaf nodes are specific
INFO: dtree.c(1478): Final simple tree
|( QUESTION0 -1 -3.030e+05 1.093e+03 1.407e+03
|    ( QUESTION2_0_L -1 -2.406e+05 3.521e+02 1.105e+03
|        ( WDBNDRY_B 0 -1.551e+05 1.591e+02 7.086e+02
|            ( - -3.743e+03 1 0)
|            ( QUESTION20 1 -1.512e+05 1.314e+02 6.911e+02
|                ( - -1.497e+05 4 0)
|                ( - -1.341e+03 1 0)))
|        ( QUESTION20 1 -8.515e+04 2.681e+02 3.968e+02
|            ( WDBNDRY_B 0 -4.922e+04 1.638e+02 2.284e+02
|                ( - -5.068e+02 1 0)
|                ( - -4.855e+04 2 0))
|            ( - -3.567e+04 1 0)))
|    ( - -6.133e+04 1 0))
s>    ( QUESTION0 -1 -3.030e+05 1.093e+03 1.407e+03
s>        ( QUESTION2_0_L -1 -2.406e+05 3.521e+02 1.105e+03
s>            ( WDBNDRY_B 0 -1.551e+05 1.591e+02 7.086e+02
s>                ( - -3.743e+03 1 0)
s>                ( QUESTION20 1 -1.512e+05 1.314e+02 6.911e+02
s>                    ( - -1.497e+05 4 0)
s>                    ( - -1.341e+03 1 0)))
s>            ( QUESTION20 1 -8.515e+04 2.681e+02 3.968e+02
s>                ( WDBNDRY_B 0 -4.922e+04 1.638e+02 2.284e+02
s>                    ( - -5.068e+02 1 0)
s>                    ( - -4.855e+04 2 0))
s>                ( - -3.567e+04 1 0)))
s>        ( - -6.133e+04 1 0))INFO: dtree.c(1439): stop. leaf nodes are specific
INFO: dtree.c(1478): Final simple tree
|( QUESTION16 -1 -7.236e+05 6.857e+02 3.344e+03
|    ( QUESTION20 1 -6.451e+05 3.226e+02 2.979e+03
|        ( - -4.790e+05 2 0)
|        ( - -1.658e+05 2 0))
|    ( QUESTION18 -1 -7.780e+04 1.219e+02 3.651e+02
|        ( - -2.230e+03 1 0)
|        ( - -7.545e+04 1 0)))
s>    ( QUESTION16 -1 -7.236e+05 6.857e+02 3.344e+03
s>        ( QUESTION20 1 -6.451e+05 3.226e+02 2.979e+03
s>            ( - -4.790e+05 2 0)
s>            ( - -1.658e+05 2 0))
s>        ( QUESTION18 -1 -7.780e+04 1.219e+02 3.651e+02
s>            ( - -2.230e+03 1 0)
s>            ( - -7.545e+04 1 0)))INFO: dtree.c(1315): Comp split 4
INFO: dtree.c(1439): stop. leaf nodes are specific
INFO: dtree.c(1478): Final simple tree
|( QUESTION2_0_L -1 -2.406e+05 3.521e+02 1.105e+03
|    ( WDBNDRY_B 0 -1.551e+05 1.591e+02 7.086e+02
|        ( - -3.743e+03 1 0)
|        ( QUESTION20 1 -1.512e+05 1.314e+02 6.911e+02
|            ( - -1.497e+05 4 0)
|            ( - -1.341e+03 1 0)))
|    ( QUESTION20 1 -8.515e+04 2.681e+02 3.968e+02
|        ( WDBNDRY_B 0 -4.922e+04 1.638e+02 2.284e+02
|            ( - -5.068e+02 1 0)
|            ( - -4.855e+04 2 0))
|        ( - -3.567e+04 1 0)))
s>    ( QUESTION2_0_L -1 -2.406e+05 3.521e+02 1.105e+03
s>        ( WDBNDRY_B 0 -1.551e+05 1.591e+02 7.086e+02
s>            ( - -3.743e+03 1 0)
s>            ( QUESTION20 1 -1.512e+05 1.314e+02 6.911e+02
s>                ( - -1.497e+05 4 0)
s>                ( - -1.341e+03 1 0)))
s>        ( QUESTION20 1 -8.515e+04 2.681e+02 3.968e+02
s>            ( WDBNDRY_B 0 -4.922e+04 1.638e+02 2.284e+02
s>                ( - -5.068e+02 1 0)
s>                ( - -4.855e+04 2 0))
s>            ( - -3.567e+04 1 0)))INFO: dtree.c(1315): Comp split 5
INFO: dtree.c(1439): stop. leaf nodes are specific
INFO: dtree.c(1478): Final simple tree
|( QUESTION2_6_L -1 -8.967e+04 1.660e+02 4.188e+02
|    ( QUESTION20 1 -8.839e+04 1.528e+02 4.128e+02
|        ( - -5.671e+04 1 0)
|        ( - -3.153e+04 1 0))
|    ( - -1.116e+03 1 0))
s>    ( QUESTION2_6_L -1 -8.967e+04 1.660e+02 4.188e+02
s>        ( QUESTION20 1 -8.839e+04 1.528e+02 4.128e+02
s>            ( - -5.671e+04 1 0)
s>            ( - -3.153e+04 1 0))
s>        ( - -1.116e+03 1 0))INFO: dtree.c(1439): stop. leaf nodes are specific
INFO: dtree.c(1478): Final simple tree
|( WDBNDRY_B 0 -1.490e+05 7.144e+02 7.082e+02
|    ( - -5.700e+04 1 0)
|    ( QUESTION2_4_L -1 -9.124e+04 2.191e+02 4.316e+02
|        ( - -3.040e+03 1 0)
|        ( QUESTION20 1 -8.798e+04 1.673e+02 4.166e+02
|            ( - -8.583e+04 1 0)
|            ( - -1.989e+03 1 0))))
s>    ( WDBNDRY_B 0 -1.490e+05 7.144e+02 7.082e+02
s>        ( - -5.700e+04 1 0)
s>        ( QUESTION2_4_L -1 -9.124e+04 2.191e+02 4.316e+02
s>            ( - -3.040e+03 1 0)
s>            ( QUESTION20 1 -8.798e+04 1.673e+02 4.166e+02
s>                ( - -8.583e+04 1 0)
s>                ( - -1.989e+03 1 0))))INFO: dtree.c(1315): Comp split 6
INFO: dtree.c(1439): stop. leaf nodes are specific
INFO: dtree.c(1478): Final simple tree
|( WDBNDRY_B 0 -1.423e+05 1.019e+02 6.450e+02
|    ( - -7.611e+02 1 0)
|    ( - -1.414e+05 4 0))
s>    ( WDBNDRY_B 0 -1.423e+05 1.019e+02 6.450e+02
s>        ( - -7.611e+02 1 0)
s>        ( - -1.414e+05 4 0))INFO: dtree.c(1478): Final simple tree
|( QUESTION16 -1 -2.443e+05 4.053e+02 1.095e+03
|    ( - -2.548e+04 2 0)
|    ( QUESTION2_0_L -1 -2.184e+05 3.695e+02 9.790e+02
|        ( - -2.180e+04 1 0)
|        ( QUESTION2_19_L -1 -1.963e+05 3.870e+02 8.803e+02
|            ( QUESTION20 1 -1.544e+05 3.131e+02 6.963e+02
|                ( - -1.240e+05 5 0 QUESTION14 -1 1.451e+02 5.604e+02)
|                ( - -3.015e+04 2 0 WDBNDRY_B 0 1.380e+02 1.359e+02))
|            ( WDBNDRY_B 0 -4.145e+04 1.744e+02 1.840e+02
|                ( - -3.349e+03 1 0)
|                ( QUESTION2_16_L -1 -3.793e+04 1.621e+02 1.689e+02
|                    ( QUESTION20 1 -3.202e+04 1.485e+02 1.419e+02
|                        ( - -1.212e+04 1 0)
|                        ( - -1.974e+04 1 0))
|                    ( - -5.752e+03 3 0 QUESTION20 1 1.446e+02 2.701e+01))))))
s>    ( QUESTION16 -1 -2.443e+05 4.053e+02 1.095e+03
s>        ( - -2.548e+04 2 0)
s>        ( QUESTION2_0_L -1 -2.184e+05 3.695e+02 9.790e+02
s>            ( - -2.180e+04 1 0)
s>            ( QUESTION2_19_L -1 -1.963e+05 3.870e+02 8.803e+02
s>                ( QUESTION20 1 -1.544e+05 3.131e+02 6.963e+02
s>                    ( - -1.240e+05 5 0 QUESTION14 -1 1.451e+02 5.604e+02)
s>                    ( - -3.015e+04 2 0 WDBNDRY_B 0 1.380e+02 1.359e+02))
s>                ( WDBNDRY_B 0 -4.145e+04 1.744e+02 1.840e+02
s>                    ( - -3.349e+03 1 0)
s>                    ( QUESTION2_16_L -1 -3.793e+04 1.621e+02 1.689e+02
s>                        ( QUESTION20 1 -3.202e+04 1.485e+02 1.419e+02
s>                            ( - -1.212e+04 1 0)
s>                            ( - -1.974e+04 1 0))
s>                        ( - -5.752e+03 3 0 QUESTION20 1 1.446e+02 2.701e+01))))))INFO: dtree.c(1315): Comp split 7
INFO: dtree.c(1439): stop. leaf nodes are specific
INFO: dtree.c(1478): Final simple tree
|( QUESTION2_4_L -1 -9.124e+04 2.191e+02 4.316e+02
|    ( - -3.040e+03 1 0)
|    ( QUESTION20 1 -8.798e+04 1.673e+02 4.166e+02
|        ( - -8.583e+04 1 0)
|        ( - -1.989e+03 1 0)))
s>    ( QUESTION2_4_L -1 -9.124e+04 2.191e+02 4.316e+02
s>        ( - -3.040e+03 1 0)
s>        ( QUESTION20 1 -8.798e+04 1.673e+02 4.166e+02
s>            ( - -8.583e+04 1 0)
s>            ( - -1.989e+03 1 0)))INFO: dtree.c(1315): Comp split 8
INFO: dtree.c(1439): stop. leaf nodes are specific
INFO: dtree.c(1478): Final simple tree
|( QUESTION18 -1 -7.780e+04 1.219e+02 3.651e+02
|    ( - -2.230e+03 1 0)
|    ( - -7.545e+04 1 0))
s>    ( QUESTION18 -1 -7.780e+04 1.219e+02 3.651e+02
s>        ( - -2.230e+03 1 0)
s>        ( - -7.545e+04 1 0))INFO: dtree.c(1439): stop. leaf nodes are specific
INFO: dtree.c(1478): Final simple tree
|( QUESTION20 1 -6.451e+05 3.226e+02 2.979e+03
|    ( - -4.790e+05 2 0)
|    ( - -1.658e+05 2 0))
s>    ( QUESTION20 1 -6.451e+05 3.226e+02 2.979e+03
s>        ( - -4.790e+05 2 0)
s>        ( - -1.658e+05 2 0))INFO: dtree.c(1315): Comp split 9
INFO: dtree.c(1439): stop. leaf nodes are specific
INFO: dtree.c(1478): Final simple tree
|( QUESTION2_0_L -1 -1.461e+05 3.048e+02 6.591e+02
|    ( - -2.180e+04 1 0)
|    ( QUESTION14 -1 -1.240e+05 1.451e+02 5.604e+02
|        ( WDBNDRY_B 0 -1.693e+04 1.518e+02 7.707e+01
|            ( - -1.586e+04 1 0)
|            ( - -9.149e+02 1 0))
|        ( WDBNDRY_B 0 -1.069e+05 1.747e+02 4.834e+02
|            ( - -2.286e+04 1 0)
|            ( QUESTION18 -1 -8.387e+04 1.446e+02 3.789e+02
|                ( - -5.436e+02 1 0)
|                ( - -8.318e+04 1 0)))))
s>    ( QUESTION2_0_L -1 -1.461e+05 3.048e+02 6.591e+02
s>        ( - -2.180e+04 1 0)
s>        ( QUESTION14 -1 -1.240e+05 1.451e+02 5.604e+02
s>            ( WDBNDRY_B 0 -1.693e+04 1.518e+02 7.707e+01
s>                ( - -1.586e+04 1 0)
s>                ( - -9.149e+02 1 0))
s>            ( WDBNDRY_B 0 -1.069e+05 1.747e+02 4.834e+02
s>                ( - -2.286e+04 1 0)
s>                ( QUESTION18 -1 -8.387e+04 1.446e+02 3.789e+02
s>                    ( - -5.436e+02 1 0)
s>                    ( - -8.318e+04 1 0)))))INFO: dtree.c(1478): Final simple tree
|( QUESTION14 -1 -9.765e+04 3.368e+02 4.364e+02
|    ( QUESTION2_16_L -1 -3.793e+04 1.621e+02 1.689e+02
|        ( QUESTION20 1 -3.202e+04 1.485e+02 1.419e+02
|            ( - -1.212e+04 1 0)
|            ( - -1.974e+04 1 0))
|        ( QUESTION20 1 -5.752e+03 1.446e+02 2.701e+01
|            ( - -1.433e+03 1 0)
|            ( - -4.174e+03 2 0)))
|    ( QUESTION17 -1 -5.938e+04 2.441e+02 2.674e+02
|        ( WDBNDRY_B 0 -3.015e+04 1.380e+02 1.359e+02
|            ( - -5.261e+02 1 0)
|            ( - -2.948e+04 1 0))
|        ( SILENCE -1 -2.899e+04 1.629e+02 1.316e+02
|            ( - -3.349e+03 1 0)
|            ( - -2.548e+04 2 0))))
s>    ( QUESTION14 -1 -9.765e+04 3.368e+02 4.364e+02
s>        ( QUESTION2_16_L -1 -3.793e+04 1.621e+02 1.689e+02
s>            ( QUESTION20 1 -3.202e+04 1.485e+02 1.419e+02
s>                ( - -1.212e+04 1 0)
s>                ( - -1.974e+04 1 0))
s>            ( QUESTION20 1 -5.752e+03 1.446e+02 2.701e+01
s>                ( - -1.433e+03 1 0)
s>                ( - -4.174e+03 2 0)))
s>        ( QUESTION17 -1 -5.938e+04 2.441e+02 2.674e+02
s>            ( WDBNDRY_B 0 -3.015e+04 1.380e+02 1.359e+02
s>                ( - -5.261e+02 1 0)
s>                ( - -2.948e+04 1 0))
s>            ( SILENCE -1 -2.899e+04 1.629e+02 1.316e+02
s>                ( - -3.349e+03 1 0)
s>                ( - -2.548e+04 2 0))))INFO: dtree.c(1315): Comp split 10
INFO: dtree.c(1439): stop. leaf nodes are specific
INFO: dtree.c(1478): Final simple tree
|( WDBNDRY_B 0 -1.935e+05 2.883e+02 8.934e+02
|    ( - -5.660e+03 1 0)
|    ( QUESTION20 1 -1.875e+05 2.182e+02 8.671e+02
|        ( - -1.532e+05 1 0)
|        ( - -3.413e+04 1 0)))
s>    ( WDBNDRY_B 0 -1.935e+05 2.883e+02 8.934e+02
s>        ( - -5.660e+03 1 0)
s>        ( QUESTION20 1 -1.875e+05 2.182e+02 8.671e+02
s>            ( - -1.532e+05 1 0)
s>            ( - -3.413e+04 1 0)))INFO: dtree.c(1315): Comp split 11
INFO: dtree.c(1439): stop. leaf nodes are specific
INFO: dtree.c(1478): Final simple tree
|( QUESTION20 1 -8.515e+04 2.681e+02 3.968e+02
|    ( WDBNDRY_B 0 -4.922e+04 1.638e+02 2.284e+02
|        ( - -5.068e+02 1 0)
|        ( - -4.855e+04 2 0))
|    ( - -3.567e+04 1 0))
s>    ( QUESTION20 1 -8.515e+04 2.681e+02 3.968e+02
s>        ( WDBNDRY_B 0 -4.922e+04 1.638e+02 2.284e+02
s>            ( - -5.068e+02 1 0)
s>            ( - -4.855e+04 2 0))
s>        ( - -3.567e+04 1 0))INFO: dtree.c(1439): stop. leaf nodes are specific
INFO: dtree.c(1478): Final simple tree
|( WDBNDRY_B 0 -1.551e+05 1.591e+02 7.086e+02
|    ( - -3.743e+03 1 0)
|    ( QUESTION20 1 -1.512e+05 1.314e+02 6.911e+02
|        ( - -1.497e+05 4 0)
|        ( - -1.341e+03 1 0)))
s>    ( WDBNDRY_B 0 -1.551e+05 1.591e+02 7.086e+02
s>        ( - -3.743e+03 1 0)
s>        ( QUESTION20 1 -1.512e+05 1.314e+02 6.911e+02
s>            ( - -1.497e+05 4 0)
s>            ( - -1.341e+03 1 0)))INFO: dtree.c(1315): Comp split 12
INFO: dtree.c(1439): stop. leaf nodes are specific
INFO: dtree.c(1478): Final simple tree
|( WDBNDRY_B 0 -6.030e+04 2.447e+02 2.714e+02
|    ( SILENCE -1 -2.899e+04 1.629e+02 1.316e+02
|        ( - -3.349e+03 1 0)
|        ( - -2.548e+04 2 0))
|    ( QUESTION14 -1 -3.107e+04 1.525e+02 1.399e+02
|        ( - -1.433e+03 1 0)
|        ( - -2.948e+04 1 0)))
s>    ( WDBNDRY_B 0 -6.030e+04 2.447e+02 2.714e+02
s>        ( SILENCE -1 -2.899e+04 1.629e+02 1.316e+02
s>            ( - -3.349e+03 1 0)
s>            ( - -2.548e+04 2 0))
s>        ( QUESTION14 -1 -3.107e+04 1.525e+02 1.399e+02
s>            ( - -1.433e+03 1 0)
s>            ( - -2.948e+04 1 0)))INFO: dtree.c(1439): stop. leaf nodes are specific
INFO: dtree.c(1478): Final simple tree
|( QUESTION2_17_L -1 -3.700e+04 1.549e+02 1.649e+02
|    ( QUESTION20 1 -3.202e+04 1.485e+02 1.419e+02
|        ( - -1.212e+04 1 0)
|        ( - -1.974e+04 1 0))
|    ( WDBNDRY_B 0 -4.828e+03 1.279e+02 2.301e+01
|        ( - -5.261e+02 1 0)
|        ( - -4.174e+03 2 0)))
s>    ( QUESTION2_17_L -1 -3.700e+04 1.549e+02 1.649e+02
s>        ( QUESTION20 1 -3.202e+04 1.485e+02 1.419e+02
s>            ( - -1.212e+04 1 0)
s>            ( - -1.974e+04 1 0))
s>        ( WDBNDRY_B 0 -4.828e+03 1.279e+02 2.301e+01
s>            ( - -5.261e+02 1 0)
s>            ( - -4.174e+03 2 0)))INFO: dtree.c(1315): Comp split 13
INFO: dtree.c(1315): Comp split 14
INFO: dtree.c(1439): stop. leaf nodes are specific
INFO: dtree.c(1478): Final simple tree
|( QUESTION14 -1 -1.240e+05 1.451e+02 5.604e+02
|    ( WDBNDRY_B 0 -1.693e+04 1.518e+02 7.707e+01
|        ( - -1.586e+04 1 0)
|        ( - -9.149e+02 1 0))
|    ( WDBNDRY_B 0 -1.069e+05 1.747e+02 4.834e+02
|        ( - -2.286e+04 1 0)
|        ( QUESTION18 -1 -8.387e+04 1.446e+02 3.789e+02
|            ( - -5.436e+02 1 0)
|            ( - -8.318e+04 1 0))))
s>    ( QUESTION14 -1 -1.240e+05 1.451e+02 5.604e+02
s>        ( WDBNDRY_B 0 -1.693e+04 1.518e+02 7.707e+01
s>            ( - -1.586e+04 1 0)
s>            ( - -9.149e+02 1 0))
s>        ( WDBNDRY_B 0 -1.069e+05 1.747e+02 4.834e+02
s>            ( - -2.286e+04 1 0)
s>            ( QUESTION18 -1 -8.387e+04 1.446e+02 3.789e+02
s>                ( - -5.436e+02 1 0)
s>                ( - -8.318e+04 1 0))))INFO: dtree.c(1315): Comp split 15
INFO: dtree.c(1439): stop. leaf nodes are specific
INFO: dtree.c(1478): Final simple tree
|( QUESTION20 1 -1.875e+05 2.182e+02 8.671e+02
|    ( - -1.532e+05 1 0)
|    ( - -3.413e+04 1 0))
s>    ( QUESTION20 1 -1.875e+05 2.182e+02 8.671e+02
s>        ( - -1.532e+05 1 0)
s>        ( - -3.413e+04 1 0))INFO: dtree.c(1315): Comp split 16
INFO: dtree.c(1439): stop. leaf nodes are specific
INFO: dtree.c(1478): Final simple tree
|( WDBNDRY_B 0 -3.634e+04 1.636e+02 1.714e+02
|    ( - -5.068e+02 1 0)
|    ( - -3.567e+04 1 0))
s>    ( WDBNDRY_B 0 -3.634e+04 1.636e+02 1.714e+02
s>        ( - -5.068e+02 1 0)
s>        ( - -3.567e+04 1 0))INFO: dtree.c(1315): Comp split 17
INFO: dtree.c(1439): stop. leaf nodes are specific
INFO: dtree.c(1478): Final simple tree
|( QUESTION20 1 -5.154e+03 1.260e+02 2.500e+01
|    ( - -3.040e+03 1 0)
|    ( - -1.989e+03 1 0))
s>    ( QUESTION20 1 -5.154e+03 1.260e+02 2.500e+01
s>        ( - -3.040e+03 1 0)
s>        ( - -1.989e+03 1 0))INFO: dtree.c(1315): Comp split 18
INFO: dtree.c(1439): stop. leaf nodes are specific
INFO: dtree.c(1478): Final simple tree
|( QUESTION14 -1 -3.107e+04 1.525e+02 1.399e+02
|    ( - -1.433e+03 1 0)
|    ( - -2.948e+04 1 0))
s>    ( QUESTION14 -1 -3.107e+04 1.525e+02 1.399e+02
s>        ( - -1.433e+03 1 0)
s>        ( - -2.948e+04 1 0))INFO: dtree.c(1439): stop. leaf nodes are specific
INFO: dtree.c(1478): Final simple tree
|( SILENCE -1 -2.899e+04 1.629e+02 1.316e+02
|    ( - -3.349e+03 1 0)
|    ( - -2.548e+04 2 0))
s>    ( SILENCE -1 -2.899e+04 1.629e+02 1.316e+02
s>        ( - -3.349e+03 1 0)
s>        ( - -2.548e+04 2 0))INFO: dtree.c(1315): Comp split 19
INFO: dtree.c(1315): Comp split 20
INFO: dtree.c(1439): stop. leaf nodes are specific
INFO: dtree.c(1478): Final simple tree
|( QUESTION18 -1 -1.009e+05 1.447e+02 4.560e+02
|    ( - -5.436e+02 1 0)
|    ( WDBNDRY_B 0 -1.002e+05 1.429e+02 4.530e+02
|        ( - -1.586e+04 1 0)
|        ( QUESTION14 -1 -8.424e+04 1.442e+02 3.809e+02
|            ( - -9.149e+02 1 0)
|            ( - -8.318e+04 1 0))))
s>    ( QUESTION18 -1 -1.009e+05 1.447e+02 4.560e+02
s>        ( - -5.436e+02 1 0)
s>        ( WDBNDRY_B 0 -1.002e+05 1.429e+02 4.530e+02
s>            ( - -1.586e+04 1 0)
s>            ( QUESTION14 -1 -8.424e+04 1.442e+02 3.809e+02
s>                ( - -9.149e+02 1 0)
s>                ( - -8.318e+04 1 0))))INFO: dtree.c(1315): Comp split 21
INFO: dtree.c(1439): stop. leaf nodes are specific
INFO: dtree.c(1478): Final simple tree
|( WDBNDRY_B 0 -9.919e+04 1.419e+02 4.480e+02
|    ( - -1.586e+04 1 0)
|    ( - -8.318e+04 1 0))
s>    ( WDBNDRY_B 0 -9.919e+04 1.419e+02 4.480e+02
s>        ( - -1.586e+04 1 0)
s>        ( - -8.318e+04 1 0))INFO: dtree.c(1439): stop. leaf nodes are specific
INFO: dtree.c(1478): Final simple tree
|( QUESTION14 -1 -1.572e+03 1.135e+02 8.000e+00
|    ( - -9.149e+02 1 0)
|    ( - -5.436e+02 1 0))
s>    ( QUESTION14 -1 -1.572e+03 1.135e+02 8.000e+00
s>        ( - -9.149e+02 1 0)
s>        ( - -5.436e+02 1 0))INFO: dtree.c(1315): Comp split 22
INFO: dtree.c(1439): stop. leaf nodes are specific
INFO: dtree.c(1478): Final simple tree
|( QUESTION20 1 -8.839e+04 1.528e+02 4.128e+02
|    ( - -5.671e+04 1 0)
|    ( - -3.153e+04 1 0))
s>    ( QUESTION20 1 -8.839e+04 1.528e+02 4.128e+02
s>        ( - -5.671e+04 1 0)
s>        ( - -3.153e+04 1 0))INFO: dtree.c(1315): Comp split 23
INFO: dtree.c(1315): Comp split 24
INFO: dtree.c(1315): Comp split 25
INFO: dtree.c(1439): stop. leaf nodes are specific
INFO: dtree.c(1478): Final simple tree
|( QUESTION20 1 -1.512e+05 1.314e+02 6.911e+02
|    ( - -1.497e+05 4 0)
|    ( - -1.341e+03 1 0))
s>    ( QUESTION20 1 -1.512e+05 1.314e+02 6.911e+02
s>        ( - -1.497e+05 4 0)
s>        ( - -1.341e+03 1 0))INFO: dtree.c(1315): Comp split 26
INFO: dtree.c(1439): stop. leaf nodes are specific
INFO: dtree.c(1478): Final simple tree
|( WDBNDRY_B 0 -4.828e+03 1.279e+02 2.301e+01
|    ( - -5.261e+02 1 0)
|    ( - -4.174e+03 2 0))
s>    ( WDBNDRY_B 0 -4.828e+03 1.279e+02 2.301e+01
s>        ( - -5.261e+02 1 0)
s>        ( - -4.174e+03 2 0))INFO: dtree.c(1439): stop. leaf nodes are specific
INFO: dtree.c(1478): Final simple tree
|( QUESTION20 1 -3.202e+04 1.485e+02 1.419e+02
|    ( - -1.212e+04 1 0)
|    ( - -1.974e+04 1 0))
s>    ( QUESTION20 1 -3.202e+04 1.485e+02 1.419e+02
s>        ( - -1.212e+04 1 0)
s>        ( - -1.974e+04 1 0))INFO: dtree.c(1315): Comp split 27
INFO: dtree.c(1315): Comp split 28
INFO: dtree.c(1315): Comp split 29
INFO: dtree.c(1315): Comp split 30
INFO: dtree.c(1315): Comp split 31
INFO: dtree.c(1315): Comp split 32
INFO: dtree.c(1315): Comp split 33
INFO: dtree.c(1315): Comp split 34
INFO: dtree.c(1315): Comp split 35
INFO: dtree.c(1315): Comp split 36
INFO: dtree.c(1315): Comp split 37
INFO: dtree.c(1318): stop. leaf nodes are specific
Sun Mar 19 21:50:49 2017
