Current configuration:
[NAME]		[DEFLT]	[VALUE]
-allphones	no	no
-cntthresh	0.00001	1.000000e-05
-csplitmax	100	2000
-csplitmin	1	1
-csplitthr	8e-4	0.000000e+00
-example	no	no
-fullvar	no	no
-help		no	no
-meanfn			/home/ilya/Рабочий стол/lab_sphinx/ru_base/model_parameters/ru_base.cd_cont_untied/means
-mixwfn			/home/ilya/Рабочий стол/lab_sphinx/ru_base/model_parameters/ru_base.cd_cont_untied/mixture_weights
-moddeffn		/home/ilya/Рабочий стол/lab_sphinx/ru_base/model_architecture/ru_base.untied.mdef
-mwfloor	1e-4	1.000000e-08
-phone			zh
-psetfn			/home/ilya/Рабочий стол/lab_sphinx/ru_base/model_architecture/ru_base.tree_questions
-ssplitmax	5	7
-ssplitmin	1	1
-ssplitthr	8e-4	0.000000e+00
-state			0
-stwt			1.0,0.05,0.0,
-treefn			/home/ilya/Рабочий стол/lab_sphinx/ru_base/trees/ru_base.unpruned/zh-0.dtree
-ts2cbfn	.semi.	.cont.
-varfloor	0.00001	1.000000e-05
-varfn			/home/ilya/Рабочий стол/lab_sphinx/ru_base/model_parameters/ru_base.cd_cont_untied/variances

INFO: main.c(223): Reading: /home/ilya/Рабочий стол/lab_sphinx/ru_base/model_architecture/ru_base.untied.mdef
INFO: model_def_io.c(573): Model definition info:
INFO: model_def_io.c(574): 9415 total models defined (43 base, 9372 tri)
INFO: model_def_io.c(575): 37660 total states
INFO: model_def_io.c(576): 28245 total tied states
INFO: model_def_io.c(577): 129 total tied CI states
INFO: model_def_io.c(578): 43 total tied transition matrices
INFO: model_def_io.c(579): 4 max state/model
INFO: model_def_io.c(580): 4 min state/model
INFO: main.c(242): Building trees for [zh SIL a0 b] through [zh z i0 i]
INFO: main.c(269): Covering states |[27822 28154]| == 333
INFO: main.c(275): Reading: /home/ilya/Рабочий стол/lab_sphinx/ru_base/model_parameters/ru_base.cd_cont_untied/mixture_weights
INFO: s3mixw_io.c(173): Read /home/ilya/Рабочий стол/lab_sphinx/ru_base/model_parameters/ru_base.cd_cont_untied/mixture_weights [333x1x1 array]
INFO: main.c(311): 111 of 111 models have observation count greater than 0.000010
INFO: main.c(95): nrm stwt: 0.952 0.048 0.000 
INFO: s3gau_io.c(169): Read /home/ilya/Рабочий стол/lab_sphinx/ru_base/model_parameters/ru_base.cd_cont_untied/means [28245x1x1 array]
INFO: s3gau_io.c(169): Read /home/ilya/Рабочий стол/lab_sphinx/ru_base/model_parameters/ru_base.cd_cont_untied/variances [28245x1x1 array]
INFO: main.c(549): Reading: /home/ilya/Рабочий стол/lab_sphinx/ru_base/model_architecture/ru_base.tree_questions
INFO: main.c(588): 180 total simple questions (172 phone; 8 word bndry)
INFO: main.c(590): 42 Left Only questions, and 42 Right Only questions
INFO: dtree.c(1478): Final simple tree
|( QUESTION19 -1 -1.929e+06 7.010e+03 8.227e+03
|    ( - -3.803e+05 20 0 QUESTION0 1 1.164e+03 1.666e+03)
|    ( QUESTION2_17_L -1 -1.542e+06 3.909e+03 6.561e+03
|        ( - -3.842e+05 20 0 QUESTION20 1 9.688e+02 1.625e+03)
|        ( WDBNDRY_B 0 -1.154e+06 4.228e+03 4.936e+03
|            ( QUESTION20 1 -4.205e+05 1.769e+03 1.787e+03
|                ( - -1.204e+05 8 0 QUESTION16 -1 3.464e+02 5.151e+02)
|                ( QUESTION15 -1 -2.983e+05 1.201e+03 1.272e+03
|                    ( - -1.003e+05 7 0 QUESTION0_0_R 1 4.145e+02 4.341e+02)
|                    ( - -1.968e+05 13 0 QUESTION2_20_L -1 9.374e+02 8.376e+02)))
|            ( QUESTION16 -1 -7.293e+05 1.433e+03 3.150e+03
|                ( QUESTION0_3_R 1 -6.323e+05 1.170e+03 2.737e+03
|                    ( - -2.349e+05 9 0 QUESTION0_4_R 1 5.063e+02 1.038e+03)
|                    ( - -3.962e+05 18 0 QUESTION14 1 8.245e+02 1.698e+03))
|                ( - -9.548e+04 16 0 QUESTION0 -1 8.097e+02 4.128e+02)))))
s>    ( QUESTION19 -1 -1.929e+06 7.010e+03 8.227e+03
s>        ( - -3.803e+05 20 0 QUESTION0 1 1.164e+03 1.666e+03)
s>        ( QUESTION2_17_L -1 -1.542e+06 3.909e+03 6.561e+03
s>            ( - -3.842e+05 20 0 QUESTION20 1 9.688e+02 1.625e+03)
s>            ( WDBNDRY_B 0 -1.154e+06 4.228e+03 4.936e+03
s>                ( QUESTION20 1 -4.205e+05 1.769e+03 1.787e+03
s>                    ( - -1.204e+05 8 0 QUESTION16 -1 3.464e+02 5.151e+02)
s>                    ( QUESTION15 -1 -2.983e+05 1.201e+03 1.272e+03
s>                        ( - -1.003e+05 7 0 QUESTION0_0_R 1 4.145e+02 4.341e+02)
s>                        ( - -1.968e+05 13 0 QUESTION2_20_L -1 9.374e+02 8.376e+02)))
s>                ( QUESTION16 -1 -7.293e+05 1.433e+03 3.150e+03
s>                    ( QUESTION0_3_R 1 -6.323e+05 1.170e+03 2.737e+03
s>                        ( - -2.349e+05 9 0 QUESTION0_4_R 1 5.063e+02 1.038e+03)
s>                        ( - -3.962e+05 18 0 QUESTION14 1 8.245e+02 1.698e+03))
s>                    ( - -9.548e+04 16 0 QUESTION0 -1 8.097e+02 4.128e+02)))))INFO: dtree.c(1315): Comp split 0
INFO: dtree.c(1478): Final simple tree
|( QUESTION16 -1 -1.120e+06 6.236e+03 4.837e+03
|    ( QUESTION0_3_R 1 -7.291e+05 1.274e+03 3.153e+03
|        ( QUESTION0_4_R 1 -2.585e+05 7.207e+02 1.143e+03
|            ( - -2.015e+05 6 0 WDBNDRY_E 0 1.390e+02 8.889e+02)
|            ( - -5.634e+04 4 0 WDBNDRY_B 0 2.480e+02 2.542e+02))
|        ( QUESTION14 1 -4.693e+05 8.069e+02 2.010e+03
|            ( - -4.011e+04 4 0 WDBNDRY_S 0 4.616e+02 1.734e+02)
|            ( - -4.283e+05 18 0 WDBNDRY_B 0 4.939e+02 1.836e+03)))
|    ( QUESTION0 1 -3.844e+05 1.158e+03 1.684e+03
|        ( - -5.005e+04 4 0 QUESTION0_1_R 1 2.518e+02 2.276e+02)
|        ( QUESTION0_0_R 1 -3.332e+05 5.516e+02 1.456e+03
|            ( - -3.832e+04 4 0 QUESTION20 -1 1.910e+02 1.742e+02)
|            ( WDBNDRY_B 0 -2.943e+05 5.221e+02 1.282e+03
|                ( - -8.794e+04 6 0 QUESTION0_14_R 1 7.029e+02 3.781e+02)
|                ( - -2.059e+05 8 0 QUESTION14 1 3.680e+02 9.042e+02)))))
s>    ( QUESTION16 -1 -1.120e+06 6.236e+03 4.837e+03
s>        ( QUESTION0_3_R 1 -7.291e+05 1.274e+03 3.153e+03
s>            ( QUESTION0_4_R 1 -2.585e+05 7.207e+02 1.143e+03
s>                ( - -2.015e+05 6 0 WDBNDRY_E 0 1.390e+02 8.889e+02)
s>                ( - -5.634e+04 4 0 WDBNDRY_B 0 2.480e+02 2.542e+02))
s>            ( QUESTION14 1 -4.693e+05 8.069e+02 2.010e+03
s>                ( - -4.011e+04 4 0 WDBNDRY_S 0 4.616e+02 1.734e+02)
s>                ( - -4.283e+05 18 0 WDBNDRY_B 0 4.939e+02 1.836e+03)))
s>        ( QUESTION0 1 -3.844e+05 1.158e+03 1.684e+03
s>            ( - -5.005e+04 4 0 QUESTION0_1_R 1 2.518e+02 2.276e+02)
s>            ( QUESTION0_0_R 1 -3.332e+05 5.516e+02 1.456e+03
s>                ( - -3.832e+04 4 0 QUESTION20 -1 1.910e+02 1.742e+02)
s>                ( WDBNDRY_B 0 -2.943e+05 5.221e+02 1.282e+03
s>                    ( - -8.794e+04 6 0 QUESTION0_14_R 1 7.029e+02 3.781e+02)
s>                    ( - -2.059e+05 8 0 QUESTION14 1 3.680e+02 9.042e+02)))))INFO: dtree.c(1478): Final simple tree
|( QUESTION2_17_L -1 -8.024e+05 3.582e+03 3.390e+03
|    ( QUESTION20 1 -3.842e+05 9.688e+02 1.625e+03
|        ( - -9.694e+04 3 0 WDBNDRY_E 0 5.647e+02 4.139e+02)
|        ( QUESTION17 1 -2.863e+05 9.921e+02 1.211e+03
|            ( WDBNDRY_B 0 -1.973e+05 8.472e+02 8.272e+02
|                ( - -3.074e+04 2 0 QUESTION0 -1 1.964e+02 1.281e+02)
|                ( - -1.657e+05 1 0))
|            ( - -8.804e+04 14 0 QUESTION0_14_R 1 4.616e+02 3.838e+02)))
|    ( QUESTION16 -1 -4.146e+05 1.648e+03 1.765e+03
|        ( - -1.034e+05 2 0)
|        ( QUESTION0 -1 -3.096e+05 1.105e+03 1.320e+03
|            ( - -1.408e+05 18 0 QUESTION7 -1 5.704e+02 6.055e+02)
|            ( QUESTION2_14_L -1 -1.677e+05 9.873e+02 7.150e+02
|                ( - -3.156e+04 5 0 QUESTION0_5_R 1 5.296e+02 1.364e+02)
|                ( - -1.351e+05 12 0 SILENCE -1 5.620e+02 5.786e+02)))))
s>    ( QUESTION2_17_L -1 -8.024e+05 3.582e+03 3.390e+03
s>        ( QUESTION20 1 -3.842e+05 9.688e+02 1.625e+03
s>            ( - -9.694e+04 3 0 WDBNDRY_E 0 5.647e+02 4.139e+02)
s>            ( QUESTION17 1 -2.863e+05 9.921e+02 1.211e+03
s>                ( WDBNDRY_B 0 -1.973e+05 8.472e+02 8.272e+02
s>                    ( - -3.074e+04 2 0 QUESTION0 -1 1.964e+02 1.281e+02)
s>                    ( - -1.657e+05 1 0))
s>                ( - -8.804e+04 14 0 QUESTION0_14_R 1 4.616e+02 3.838e+02)))
s>        ( QUESTION16 -1 -4.146e+05 1.648e+03 1.765e+03
s>            ( - -1.034e+05 2 0)
s>            ( QUESTION0 -1 -3.096e+05 1.105e+03 1.320e+03
s>                ( - -1.408e+05 18 0 QUESTION7 -1 5.704e+02 6.055e+02)
s>                ( QUESTION2_14_L -1 -1.677e+05 9.873e+02 7.150e+02
s>                    ( - -3.156e+04 5 0 QUESTION0_5_R 1 5.296e+02 1.364e+02)
s>                    ( - -1.351e+05 12 0 SILENCE -1 5.620e+02 5.786e+02)))))INFO: dtree.c(1315): Comp split 1
INFO: dtree.c(1478): Final simple tree
|( QUESTION0 1 -3.844e+05 1.158e+03 1.684e+03
|    ( - -5.005e+04 4 0 QUESTION0_1_R 1 2.518e+02 2.276e+02)
|    ( QUESTION0_0_R 1 -3.332e+05 5.516e+02 1.456e+03
|        ( - -3.832e+04 4 0 QUESTION20 -1 1.910e+02 1.742e+02)
|        ( WDBNDRY_B 0 -2.943e+05 5.221e+02 1.282e+03
|            ( QUESTION0_14_R 1 -8.794e+04 7.029e+02 3.781e+02
|                ( - -2.539e+04 1 0)
|                ( QUESTION20 -1 -6.185e+04 3.266e+02 2.689e+02
|                    ( - -2.991e+04 2 0 QUESTION20 1 2.496e+02 1.286e+02)
|                    ( - -3.161e+04 3 0 QUESTION2_15_L -1 1.938e+02 1.403e+02)))
|            ( QUESTION14 1 -2.059e+05 3.680e+02 9.042e+02
|                ( - -1.464e+04 2 0 QUESTION0_14_R 1 1.643e+02 6.472e+01)
|                ( QUESTION0_14_R 1 -1.909e+05 2.832e+02 8.395e+02
|                    ( - -1.293e+05 2 0 QUESTION20 -1 1.197e+02 5.716e+02)
|                    ( - -6.126e+04 4 0 QUESTION20 -1 1.626e+02 2.679e+02))))))
s>    ( QUESTION0 1 -3.844e+05 1.158e+03 1.684e+03
s>        ( - -5.005e+04 4 0 QUESTION0_1_R 1 2.518e+02 2.276e+02)
s>        ( QUESTION0_0_R 1 -3.332e+05 5.516e+02 1.456e+03
s>            ( - -3.832e+04 4 0 QUESTION20 -1 1.910e+02 1.742e+02)
s>            ( WDBNDRY_B 0 -2.943e+05 5.221e+02 1.282e+03
s>                ( QUESTION0_14_R 1 -8.794e+04 7.029e+02 3.781e+02
s>                    ( - -2.539e+04 1 0)
s>                    ( QUESTION20 -1 -6.185e+04 3.266e+02 2.689e+02
s>                        ( - -2.991e+04 2 0 QUESTION20 1 2.496e+02 1.286e+02)
s>                        ( - -3.161e+04 3 0 QUESTION2_15_L -1 1.938e+02 1.403e+02)))
s>                ( QUESTION14 1 -2.059e+05 3.680e+02 9.042e+02
s>                    ( - -1.464e+04 2 0 QUESTION0_14_R 1 1.643e+02 6.472e+01)
s>                    ( QUESTION0_14_R 1 -1.909e+05 2.832e+02 8.395e+02
s>                        ( - -1.293e+05 2 0 QUESTION20 -1 1.197e+02 5.716e+02)
s>                        ( - -6.126e+04 4 0 QUESTION20 -1 1.626e+02 2.679e+02))))))INFO: dtree.c(1478): Final simple tree
|( QUESTION0_3_R 1 -7.291e+05 1.274e+03 3.153e+03
|    ( QUESTION0_4_R 1 -2.585e+05 7.207e+02 1.143e+03
|        ( - -2.015e+05 6 0 WDBNDRY_E 0 1.390e+02 8.889e+02)
|        ( - -5.634e+04 4 0 WDBNDRY_B 0 2.480e+02 2.542e+02))
|    ( QUESTION14 1 -4.693e+05 8.069e+02 2.010e+03
|        ( WDBNDRY_S 0 -4.011e+04 4.616e+02 1.734e+02
|            ( - 1.105e+02 1 0)
|            ( - -3.976e+04 3 0 WDBNDRY_E 0 1.703e+02 1.724e+02))
|        ( WDBNDRY_B 0 -4.283e+05 4.939e+02 1.836e+03
|            ( - -7.253e+04 4 0 QUESTION0_14_R 1 1.424e+02 3.110e+02)
|            ( QUESTION20 1 -3.553e+05 4.357e+02 1.525e+03
|                ( - -1.476e+05 2 0 WDBNDRY_S 0 1.440e+02 6.286e+02)
|                ( WDBNDRY_I 0 -2.072e+05 3.196e+02 8.964e+02
|                    ( - -1.937e+05 8 0 QUESTION0_0_R 1 1.819e+02 8.405e+02)
|                    ( - -1.326e+04 4 0 QUESTION0_1_R 1 1.278e+02 5.591e+01))))))
s>    ( QUESTION0_3_R 1 -7.291e+05 1.274e+03 3.153e+03
s>        ( QUESTION0_4_R 1 -2.585e+05 7.207e+02 1.143e+03
s>            ( - -2.015e+05 6 0 WDBNDRY_E 0 1.390e+02 8.889e+02)
s>            ( - -5.634e+04 4 0 WDBNDRY_B 0 2.480e+02 2.542e+02))
s>        ( QUESTION14 1 -4.693e+05 8.069e+02 2.010e+03
s>            ( WDBNDRY_S 0 -4.011e+04 4.616e+02 1.734e+02
s>                ( - 1.105e+02 1 0)
s>                ( - -3.976e+04 3 0 WDBNDRY_E 0 1.703e+02 1.724e+02))
s>            ( WDBNDRY_B 0 -4.283e+05 4.939e+02 1.836e+03
s>                ( - -7.253e+04 4 0 QUESTION0_14_R 1 1.424e+02 3.110e+02)
s>                ( QUESTION20 1 -3.553e+05 4.357e+02 1.525e+03
s>                    ( - -1.476e+05 2 0 WDBNDRY_S 0 1.440e+02 6.286e+02)
s>                    ( WDBNDRY_I 0 -2.072e+05 3.196e+02 8.964e+02
s>                        ( - -1.937e+05 8 0 QUESTION0_0_R 1 1.819e+02 8.405e+02)
s>                        ( - -1.326e+04 4 0 QUESTION0_1_R 1 1.278e+02 5.591e+01))))))INFO: dtree.c(1315): Comp split 2
INFO: dtree.c(1478): Final simple tree
|( QUESTION16 -1 -4.461e+05 1.719e+03 1.894e+03
|    ( - -1.034e+05 2 0)
|    ( QUESTION2_14_L -1 -3.410e+05 1.189e+03 1.449e+03
|        ( QUESTION0_5_R 1 -6.273e+04 5.227e+02 2.645e+02
|            ( - 2.421e+02 1 0)
|            ( - -6.245e+04 6 0 QUESTION2_17_L -1 4.262e+02 2.635e+02))
|        ( QUESTION0 -1 -2.771e+05 1.175e+03 1.184e+03
|            ( QUESTION7 -1 -1.408e+05 5.704e+02 6.055e+02
|                ( - -3.697e+04 1 0)
|                ( QUESTION1 -1 -1.033e+05 5.444e+02 4.468e+02
|                    ( - -2.138e+04 5 0 QUESTION0_14_R 1 2.742e+02 9.654e+01)
|                    ( - -8.133e+04 12 0 QUESTION2_0_L -1 4.900e+02 3.502e+02)))
|            ( SILENCE -1 -1.351e+05 5.620e+02 5.786e+02
|                ( - -1.246e+04 3 0 QUESTION0_14_R 1 1.824e+02 5.467e+01)
|                ( - -1.221e+05 9 0 QUESTION0_15_R 1 5.013e+02 5.239e+02)))))
s>    ( QUESTION16 -1 -4.461e+05 1.719e+03 1.894e+03
s>        ( - -1.034e+05 2 0)
s>        ( QUESTION2_14_L -1 -3.410e+05 1.189e+03 1.449e+03
s>            ( QUESTION0_5_R 1 -6.273e+04 5.227e+02 2.645e+02
s>                ( - 2.421e+02 1 0)
s>                ( - -6.245e+04 6 0 QUESTION2_17_L -1 4.262e+02 2.635e+02))
s>            ( QUESTION0 -1 -2.771e+05 1.175e+03 1.184e+03
s>                ( QUESTION7 -1 -1.408e+05 5.704e+02 6.055e+02
s>                    ( - -3.697e+04 1 0)
s>                    ( QUESTION1 -1 -1.033e+05 5.444e+02 4.468e+02
s>                        ( - -2.138e+04 5 0 QUESTION0_14_R 1 2.742e+02 9.654e+01)
s>                        ( - -8.133e+04 12 0 QUESTION2_0_L -1 4.900e+02 3.502e+02)))
s>                ( SILENCE -1 -1.351e+05 5.620e+02 5.786e+02
s>                    ( - -1.246e+04 3 0 QUESTION0_14_R 1 1.824e+02 5.467e+01)
s>                    ( - -1.221e+05 9 0 QUESTION0_15_R 1 5.013e+02 5.239e+02)))))INFO: dtree.c(1478): Final simple tree
|( QUESTION20 1 -3.527e+05 9.735e+02 1.497e+03
|    ( WDBNDRY_E 0 -9.694e+04 5.647e+02 4.139e+02
|        ( - -3.174e+04 1 0)
|        ( - -6.463e+04 2 0 WDBNDRY_B 0 1.963e+02 2.813e+02))
|    ( QUESTION17 1 -2.548e+05 1.072e+03 1.083e+03
|        ( - -1.657e+05 1 0)
|        ( QUESTION0_14_R 1 -8.804e+04 4.616e+02 3.838e+02
|            ( WDBNDRY_E 0 -3.255e+04 3.509e+02 1.473e+02
|                ( - -1.259e+03 1 0)
|                ( - -3.094e+04 2 0 WDBNDRY_B 0 1.365e+02 1.413e+02))
|            ( QUESTION0_12_R 1 -5.502e+04 3.003e+02 2.365e+02
|                ( - -2.500e+04 1 0)
|                ( QUESTION0_6_R 1 -2.972e+04 2.396e+02 1.270e+02
|                    ( - -4.462e+03 1 0)
|                    ( - -2.501e+04 9 0 WDBNDRY_E 0 2.578e+02 1.070e+02))))))
s>    ( QUESTION20 1 -3.527e+05 9.735e+02 1.497e+03
s>        ( WDBNDRY_E 0 -9.694e+04 5.647e+02 4.139e+02
s>            ( - -3.174e+04 1 0)
s>            ( - -6.463e+04 2 0 WDBNDRY_B 0 1.963e+02 2.813e+02))
s>        ( QUESTION17 1 -2.548e+05 1.072e+03 1.083e+03
s>            ( - -1.657e+05 1 0)
s>            ( QUESTION0_14_R 1 -8.804e+04 4.616e+02 3.838e+02
s>                ( WDBNDRY_E 0 -3.255e+04 3.509e+02 1.473e+02
s>                    ( - -1.259e+03 1 0)
s>                    ( - -3.094e+04 2 0 WDBNDRY_B 0 1.365e+02 1.413e+02))
s>                ( QUESTION0_12_R 1 -5.502e+04 3.003e+02 2.365e+02
s>                    ( - -2.500e+04 1 0)
s>                    ( QUESTION0_6_R 1 -2.972e+04 2.396e+02 1.270e+02
s>                        ( - -4.462e+03 1 0)
s>                        ( - -2.501e+04 9 0 WDBNDRY_E 0 2.578e+02 1.070e+02))))))INFO: dtree.c(1315): Comp split 3
INFO: dtree.c(1478): Final simple tree
|( QUESTION0 -1 -3.276e+05 1.153e+03 1.393e+03
|    ( WDBNDRY_B 0 -1.446e+05 5.689e+02 6.216e+02
|        ( QUESTION6 -1 -1.108e+05 6.061e+02 4.716e+02
|            ( - -1.499e+04 2 0 QUESTION0_0_R 1 1.738e+02 6.738e+01)
|            ( - -9.517e+04 8 0 QUESTION11 -1 4.151e+02 4.042e+02))
|        ( QUESTION14 1 -3.324e+04 4.755e+02 1.500e+02
|            ( - 2.419e+02 1 0)
|            ( - -3.301e+04 8 0 QUESTION1 -1 2.566e+02 1.490e+02)))
|    ( QUESTION2_14_L -1 -1.819e+05 1.097e+03 7.713e+02
|        ( - -5.869e+04 5 0 QUESTION2_17_L -1 4.736e+02 2.474e+02)
|        ( QUESTION0_15_R 1 -1.221e+05 5.013e+02 5.239e+02
|            ( WDBNDRY_B 0 -7.592e+04 4.852e+02 3.246e+02
|                ( - -3.520e+04 4 0 QUESTION20 1 2.404e+02 1.540e+02)
|                ( - -4.023e+04 2 0))
|            ( - -4.567e+04 3 0 WDBNDRY_B 0 3.399e+02 1.993e+02))))
s>    ( QUESTION0 -1 -3.276e+05 1.153e+03 1.393e+03
s>        ( WDBNDRY_B 0 -1.446e+05 5.689e+02 6.216e+02
s>            ( QUESTION6 -1 -1.108e+05 6.061e+02 4.716e+02
s>                ( - -1.499e+04 2 0 QUESTION0_0_R 1 1.738e+02 6.738e+01)
s>                ( - -9.517e+04 8 0 QUESTION11 -1 4.151e+02 4.042e+02))
s>            ( QUESTION14 1 -3.324e+04 4.755e+02 1.500e+02
s>                ( - 2.419e+02 1 0)
s>                ( - -3.301e+04 8 0 QUESTION1 -1 2.566e+02 1.490e+02)))
s>        ( QUESTION2_14_L -1 -1.819e+05 1.097e+03 7.713e+02
s>            ( - -5.869e+04 5 0 QUESTION2_17_L -1 4.736e+02 2.474e+02)
s>            ( QUESTION0_15_R 1 -1.221e+05 5.013e+02 5.239e+02
s>                ( WDBNDRY_B 0 -7.592e+04 4.852e+02 3.246e+02
s>                    ( - -3.520e+04 4 0 QUESTION20 1 2.404e+02 1.540e+02)
s>                    ( - -4.023e+04 2 0))
s>                ( - -4.567e+04 3 0 WDBNDRY_B 0 3.399e+02 1.993e+02))))INFO: dtree.c(1439): stop. leaf nodes are specific
INFO: dtree.c(1478): Final simple tree
|( WDBNDRY_B 0 -1.163e+05 4.937e+02 5.007e+02
|    ( SILENCE -1 -1.160e+05 2.085e+02 4.997e+02
|        ( QUESTION0_14_R 1 -1.246e+04 1.824e+02 5.467e+01
|            ( - -3.401e+02 1 0)
|            ( QUESTION20 1 -1.194e+04 1.051e+02 5.267e+01
|                ( - -1.843e+03 1 0)
|                ( - -9.992e+03 1 0)))
|        ( - -1.034e+05 2 0))
|    ( - 2.421e+02 1 0))
s>    ( WDBNDRY_B 0 -1.163e+05 4.937e+02 5.007e+02
s>        ( SILENCE -1 -1.160e+05 2.085e+02 4.997e+02
s>            ( QUESTION0_14_R 1 -1.246e+04 1.824e+02 5.467e+01
s>                ( - -3.401e+02 1 0)
s>                ( QUESTION20 1 -1.194e+04 1.051e+02 5.267e+01
s>                    ( - -1.843e+03 1 0)
s>                    ( - -9.992e+03 1 0)))
s>            ( - -1.034e+05 2 0))
s>        ( - 2.421e+02 1 0))INFO: dtree.c(1315): Comp split 4
INFO: dtree.c(1439): stop. leaf nodes are specific
INFO: dtree.c(1478): Final simple tree
|( QUESTION0_15_R 1 -1.720e+05 3.507e+02 7.251e+02
|    ( - -1.657e+05 1 0)
|    ( WDBNDRY_E 0 -5.952e+03 2.304e+02 2.604e+01
|        ( - -1.259e+03 1 0)
|        ( - -4.462e+03 1 0)))
s>    ( QUESTION0_15_R 1 -1.720e+05 3.507e+02 7.251e+02
s>        ( - -1.657e+05 1 0)
s>        ( WDBNDRY_E 0 -5.952e+03 2.304e+02 2.604e+01
s>            ( - -1.259e+03 1 0)
s>            ( - -4.462e+03 1 0)))INFO: dtree.c(1478): Final simple tree
|( WDBNDRY_E 0 -1.790e+05 6.585e+02 7.716e+02
|    ( QUESTION0_6_R 1 -6.906e+04 3.565e+02 2.909e+02
|        ( - -2.500e+04 1 0)
|        ( QUESTION15 1 -4.370e+04 2.321e+02 1.814e+02
|            ( - -3.174e+04 1 0)
|            ( - -1.172e+04 6 0 QUESTION0_5_R 1 1.721e+02 4.883e+01)))
|    ( QUESTION0_14_R 1 -1.093e+05 3.771e+02 4.808e+02
|        ( - -3.094e+04 2 0 WDBNDRY_B 0 1.365e+02 1.413e+02)
|        ( QUESTION0_0_R 1 -7.795e+04 2.852e+02 3.394e+02
|            ( QUESTION0_4_R 1 -1.303e+04 1.751e+02 5.815e+01
|                ( - -1.187e+04 1 0)
|                ( - -9.904e+02 2 0))
|            ( WDBNDRY_B 0 -6.463e+04 1.963e+02 2.813e+02
|                ( - -9.944e+02 1 0)
|                ( - -6.344e+04 1 0)))))
s>    ( WDBNDRY_E 0 -1.790e+05 6.585e+02 7.716e+02
s>        ( QUESTION0_6_R 1 -6.906e+04 3.565e+02 2.909e+02
s>            ( - -2.500e+04 1 0)
s>            ( QUESTION15 1 -4.370e+04 2.321e+02 1.814e+02
s>                ( - -3.174e+04 1 0)
s>                ( - -1.172e+04 6 0 QUESTION0_5_R 1 1.721e+02 4.883e+01)))
s>        ( QUESTION0_14_R 1 -1.093e+05 3.771e+02 4.808e+02
s>            ( - -3.094e+04 2 0 WDBNDRY_B 0 1.365e+02 1.413e+02)
s>            ( QUESTION0_0_R 1 -7.795e+04 2.852e+02 3.394e+02
s>                ( QUESTION0_4_R 1 -1.303e+04 1.751e+02 5.815e+01
s>                    ( - -1.187e+04 1 0)
s>                    ( - -9.904e+02 2 0))
s>                ( WDBNDRY_B 0 -6.463e+04 1.963e+02 2.813e+02
s>                    ( - -9.944e+02 1 0)
s>                    ( - -6.344e+04 1 0)))))INFO: dtree.c(1315): Comp split 5
INFO: dtree.c(1439): stop. leaf nodes are specific
INFO: dtree.c(1478): Final simple tree
|( QUESTION0_0_R 1 -7.617e+04 7.347e+02 3.368e+02
|    ( QUESTION0_1_R 1 -5.005e+04 2.518e+02 2.276e+02
|        ( WDBNDRY_B 0 -4.906e+04 1.034e+02 2.236e+02
|            ( - -5.542e+02 1 0)
|            ( - -4.840e+04 2 0))
|        ( - -7.409e+02 1 0))
|    ( - -2.539e+04 1 0))
s>    ( QUESTION0_0_R 1 -7.617e+04 7.347e+02 3.368e+02
s>        ( QUESTION0_1_R 1 -5.005e+04 2.518e+02 2.276e+02
s>            ( WDBNDRY_B 0 -4.906e+04 1.034e+02 2.236e+02
s>                ( - -5.542e+02 1 0)
s>                ( - -4.840e+04 2 0))
s>            ( - -7.409e+02 1 0))
s>        ( - -2.539e+04 1 0))INFO: dtree.c(1478): Final simple tree
|( QUESTION0_0_R 1 -3.070e+05 5.894e+02 1.347e+03
|    ( - -3.832e+04 4 0 QUESTION20 -1 1.910e+02 1.742e+02)
|    ( QUESTION14 1 -2.680e+05 3.685e+02 1.173e+03
|        ( - -1.464e+04 2 0 QUESTION0_14_R 1 1.643e+02 6.472e+01)
|        ( WDBNDRY_B 0 -2.530e+05 3.124e+02 1.108e+03
|            ( QUESTION20 -1 -6.185e+04 3.266e+02 2.689e+02
|                ( QUESTION20 1 -2.991e+04 2.496e+02 1.286e+02
|                    ( - -2.147e+04 1 0)
|                    ( - -8.190e+03 1 0))
|                ( QUESTION2_15_L -1 -3.161e+04 1.938e+02 1.403e+02
|                    ( - -7.595e+02 1 0)
|                    ( - -3.066e+04 2 0 QUESTION18 -1 1.276e+02 1.363e+02)))
|            ( QUESTION0_14_R 1 -1.909e+05 2.832e+02 8.395e+02
|                ( - -1.293e+05 2 0 QUESTION20 -1 1.197e+02 5.716e+02)
|                ( - -6.126e+04 4 0 QUESTION20 -1 1.626e+02 2.679e+02)))))
s>    ( QUESTION0_0_R 1 -3.070e+05 5.894e+02 1.347e+03
s>        ( - -3.832e+04 4 0 QUESTION20 -1 1.910e+02 1.742e+02)
s>        ( QUESTION14 1 -2.680e+05 3.685e+02 1.173e+03
s>            ( - -1.464e+04 2 0 QUESTION0_14_R 1 1.643e+02 6.472e+01)
s>            ( WDBNDRY_B 0 -2.530e+05 3.124e+02 1.108e+03
s>                ( QUESTION20 -1 -6.185e+04 3.266e+02 2.689e+02
s>                    ( QUESTION20 1 -2.991e+04 2.496e+02 1.286e+02
s>                        ( - -2.147e+04 1 0)
s>                        ( - -8.190e+03 1 0))
s>                    ( QUESTION2_15_L -1 -3.161e+04 1.938e+02 1.403e+02
s>                        ( - -7.595e+02 1 0)
s>                        ( - -3.066e+04 2 0 QUESTION18 -1 1.276e+02 1.363e+02)))
s>                ( QUESTION0_14_R 1 -1.909e+05 2.832e+02 8.395e+02
s>                    ( - -1.293e+05 2 0 QUESTION20 -1 1.197e+02 5.716e+02)
s>                    ( - -6.126e+04 4 0 QUESTION20 -1 1.626e+02 2.679e+02)))))INFO: dtree.c(1315): Comp split 6
INFO: dtree.c(1478): Final simple tree
|( QUESTION14 1 -4.693e+05 8.069e+02 2.010e+03
|    ( WDBNDRY_S 0 -4.011e+04 4.616e+02 1.734e+02
|        ( - 1.105e+02 1 0)
|        ( WDBNDRY_E 0 -3.976e+04 1.703e+02 1.724e+02
|            ( - -5.985e+02 1 0)
|            ( - -3.899e+04 2 0)))
|    ( WDBNDRY_B 0 -4.283e+05 4.939e+02 1.836e+03
|        ( - -7.253e+04 4 0 QUESTION0_14_R 1 1.424e+02 3.110e+02)
|        ( QUESTION20 1 -3.553e+05 4.357e+02 1.525e+03
|            ( - -1.476e+05 2 0 WDBNDRY_S 0 1.440e+02 6.286e+02)
|            ( WDBNDRY_I 0 -2.072e+05 3.196e+02 8.964e+02
|                ( QUESTION0_0_R 1 -1.937e+05 1.819e+02 8.405e+02
|                    ( - -2.983e+03 3 0 QUESTION11 1 1.313e+02 1.300e+01)
|                    ( - -1.905e+05 5 0 QUESTION0_14_R 1 1.373e+02 8.275e+02))
|                ( - -1.326e+04 4 0 QUESTION0_1_R 1 1.278e+02 5.591e+01)))))
s>    ( QUESTION14 1 -4.693e+05 8.069e+02 2.010e+03
s>        ( WDBNDRY_S 0 -4.011e+04 4.616e+02 1.734e+02
s>            ( - 1.105e+02 1 0)
s>            ( WDBNDRY_E 0 -3.976e+04 1.703e+02 1.724e+02
s>                ( - -5.985e+02 1 0)
s>                ( - -3.899e+04 2 0)))
s>        ( WDBNDRY_B 0 -4.283e+05 4.939e+02 1.836e+03
s>            ( - -7.253e+04 4 0 QUESTION0_14_R 1 1.424e+02 3.110e+02)
s>            ( QUESTION20 1 -3.553e+05 4.357e+02 1.525e+03
s>                ( - -1.476e+05 2 0 WDBNDRY_S 0 1.440e+02 6.286e+02)
s>                ( WDBNDRY_I 0 -2.072e+05 3.196e+02 8.964e+02
s>                    ( QUESTION0_0_R 1 -1.937e+05 1.819e+02 8.405e+02
s>                        ( - -2.983e+03 3 0 QUESTION11 1 1.313e+02 1.300e+01)
s>                        ( - -1.905e+05 5 0 QUESTION0_14_R 1 1.373e+02 8.275e+02))
s>                    ( - -1.326e+04 4 0 QUESTION0_1_R 1 1.278e+02 5.591e+01)))))INFO: dtree.c(1439): stop. leaf nodes are specific
INFO: dtree.c(1478): Final simple tree
|( QUESTION0_4_R 1 -2.585e+05 7.207e+02 1.143e+03
|    ( WDBNDRY_E 0 -2.015e+05 1.390e+02 8.889e+02
|        ( - -1.197e+03 1 0)
|        ( - -2.001e+05 5 0))
|    ( WDBNDRY_B 0 -5.634e+04 2.480e+02 2.542e+02
|        ( - -2.316e+04 1 0)
|        ( - -3.293e+04 3 0)))
s>    ( QUESTION0_4_R 1 -2.585e+05 7.207e+02 1.143e+03
s>        ( WDBNDRY_E 0 -2.015e+05 1.390e+02 8.889e+02
s>            ( - -1.197e+03 1 0)
s>            ( - -2.001e+05 5 0))
s>        ( WDBNDRY_B 0 -5.634e+04 2.480e+02 2.542e+02
s>            ( - -2.316e+04 1 0)
s>            ( - -3.293e+04 3 0)))INFO: dtree.c(1315): Comp split 7
INFO: dtree.c(1478): Final simple tree
|( QUESTION1 -1 -4.828e+04 3.037e+02 2.164e+02
|    ( QUESTION0_14_R 1 -2.138e+04 2.742e+02 9.654e+01
|        ( - -2.370e+03 1 0)
|        ( WDBNDRY_B 0 -1.874e+04 2.189e+02 8.491e+01
|            ( QUESTION0_0_R 1 -1.499e+04 1.738e+02 6.738e+01
|                ( - -2.282e+03 1 0)
|                ( - -1.253e+04 1 0))
|            ( - -3.533e+03 2 0 QUESTION20 1 1.480e+02 1.752e+01)))
|    ( QUESTION2_0_L -1 -2.660e+04 1.859e+02 1.198e+02
|        ( QUESTION0_14_R 1 -1.521e+03 1.506e+02 7.000e+00
|            ( - -5.562e+02 2 0)
|            ( - -8.144e+02 1 0))
|        ( QUESTION0_14_R 1 -2.489e+04 1.662e+02 1.128e+02
|            ( - -2.442e+04 1 0)
|            ( - -3.025e+02 1 0))))
s>    ( QUESTION1 -1 -4.828e+04 3.037e+02 2.164e+02
s>        ( QUESTION0_14_R 1 -2.138e+04 2.742e+02 9.654e+01
s>            ( - -2.370e+03 1 0)
s>            ( WDBNDRY_B 0 -1.874e+04 2.189e+02 8.491e+01
s>                ( QUESTION0_0_R 1 -1.499e+04 1.738e+02 6.738e+01
s>                    ( - -2.282e+03 1 0)
s>                    ( - -1.253e+04 1 0))
s>                ( - -3.533e+03 2 0 QUESTION20 1 1.480e+02 1.752e+01)))
s>        ( QUESTION2_0_L -1 -2.660e+04 1.859e+02 1.198e+02
s>            ( QUESTION0_14_R 1 -1.521e+03 1.506e+02 7.000e+00
s>                ( - -5.562e+02 2 0)
s>                ( - -8.144e+02 1 0))
s>            ( QUESTION0_14_R 1 -2.489e+04 1.662e+02 1.128e+02
s>                ( - -2.442e+04 1 0)
s>                ( - -3.025e+02 1 0))))INFO: dtree.c(1478): Final simple tree
|( QUESTION2_14_L -1 -2.782e+05 1.109e+03 1.176e+03
|    ( QUESTION2_17_L -1 -6.245e+04 4.262e+02 2.635e+02
|        ( - -3.074e+04 2 0 QUESTION0 -1 1.964e+02 1.281e+02)
|        ( - -3.128e+04 4 0 QUESTION0_0_R 1 1.785e+02 1.354e+02))
|    ( QUESTION0 -1 -2.146e+05 8.652e+02 9.130e+02
|        ( WDBNDRY_B 0 -9.165e+04 4.757e+02 3.891e+02
|            ( QUESTION11 -1 -9.142e+04 4.233e+02 3.881e+02
|                ( - -2.406e+04 2 0 QUESTION20 1 1.539e+02 1.031e+02)
|                ( - -6.693e+04 5 0 QUESTION1 -1 3.855e+02 2.850e+02))
|            ( - 2.419e+02 1 0))
|        ( QUESTION0_15_R 1 -1.221e+05 5.013e+02 5.239e+02
|            ( WDBNDRY_B 0 -7.592e+04 4.852e+02 3.246e+02
|                ( - -3.520e+04 4 0 QUESTION20 1 2.404e+02 1.540e+02)
|                ( - -4.023e+04 2 0))
|            ( - -4.567e+04 3 0 WDBNDRY_B 0 3.399e+02 1.993e+02))))
s>    ( QUESTION2_14_L -1 -2.782e+05 1.109e+03 1.176e+03
s>        ( QUESTION2_17_L -1 -6.245e+04 4.262e+02 2.635e+02
s>            ( - -3.074e+04 2 0 QUESTION0 -1 1.964e+02 1.281e+02)
s>            ( - -3.128e+04 4 0 QUESTION0_0_R 1 1.785e+02 1.354e+02))
s>        ( QUESTION0 -1 -2.146e+05 8.652e+02 9.130e+02
s>            ( WDBNDRY_B 0 -9.165e+04 4.757e+02 3.891e+02
s>                ( QUESTION11 -1 -9.142e+04 4.233e+02 3.881e+02
s>                    ( - -2.406e+04 2 0 QUESTION20 1 1.539e+02 1.031e+02)
s>                    ( - -6.693e+04 5 0 QUESTION1 -1 3.855e+02 2.850e+02))
s>                ( - 2.419e+02 1 0))
s>            ( QUESTION0_15_R 1 -1.221e+05 5.013e+02 5.239e+02
s>                ( WDBNDRY_B 0 -7.592e+04 4.852e+02 3.246e+02
s>                    ( - -3.520e+04 4 0 QUESTION20 1 2.404e+02 1.540e+02)
s>                    ( - -4.023e+04 2 0))
s>                ( - -4.567e+04 3 0 WDBNDRY_B 0 3.399e+02 1.993e+02))))INFO: dtree.c(1315): Comp split 8
INFO: dtree.c(1478): Final simple tree
|( QUESTION2_17_L -1 -8.694e+04 4.486e+02 3.666e+02
|    ( QUESTION0 -1 -3.074e+04 1.964e+02 1.281e+02
|        ( - -3.611e+03 1 0)
|        ( - -2.694e+04 1 0))
|    ( QUESTION0 -1 -5.574e+04 4.051e+02 2.385e+02
|        ( QUESTION20 1 -2.406e+04 1.539e+02 1.031e+02
|            ( - -1.282e+03 1 0)
|            ( - -2.262e+04 1 0))
|        ( QUESTION0_0_R 1 -3.128e+04 1.785e+02 1.354e+02
|            ( - -5.427e+02 1 0)
|            ( WDBNDRY_B 0 -3.056e+04 1.570e+02 1.324e+02
|                ( QUESTION14 -1 -2.986e+04 1.292e+02 1.294e+02
|                    ( - -2.635e+04 1 0)
|                    ( - -3.380e+03 1 0))
|                ( - -5.382e+02 1 0)))))
s>    ( QUESTION2_17_L -1 -8.694e+04 4.486e+02 3.666e+02
s>        ( QUESTION0 -1 -3.074e+04 1.964e+02 1.281e+02
s>            ( - -3.611e+03 1 0)
s>            ( - -2.694e+04 1 0))
s>        ( QUESTION0 -1 -5.574e+04 4.051e+02 2.385e+02
s>            ( QUESTION20 1 -2.406e+04 1.539e+02 1.031e+02
s>                ( - -1.282e+03 1 0)
s>                ( - -2.262e+04 1 0))
s>            ( QUESTION0_0_R 1 -3.128e+04 1.785e+02 1.354e+02
s>                ( - -5.427e+02 1 0)
s>                ( WDBNDRY_B 0 -3.056e+04 1.570e+02 1.324e+02
s>                    ( QUESTION14 -1 -2.986e+04 1.292e+02 1.294e+02
s>                        ( - -2.635e+04 1 0)
s>                        ( - -3.380e+03 1 0))
s>                    ( - -5.382e+02 1 0)))))INFO: dtree.c(1478): Final simple tree
|( QUESTION0 -1 -1.901e+05 8.454e+02 8.099e+02
|    ( WDBNDRY_B 0 -6.716e+04 4.749e+02 2.860e+02
|        ( QUESTION1 -1 -6.693e+04 3.855e+02 2.850e+02
|            ( - -3.697e+04 1 0)
|            ( - -2.958e+04 4 0 QUESTION0_14_R 1 1.928e+02 1.263e+02))
|        ( - 2.419e+02 1 0))
|    ( QUESTION0_15_R 1 -1.221e+05 5.013e+02 5.239e+02
|        ( WDBNDRY_B 0 -7.592e+04 4.852e+02 3.246e+02
|            ( QUESTION20 1 -3.520e+04 2.404e+02 1.540e+02
|                ( - -3.259e+03 1 0)
|                ( - -3.170e+04 3 0))
|            ( - -4.023e+04 2 0))
|        ( WDBNDRY_B 0 -4.567e+04 3.399e+02 1.993e+02
|            ( - -2.632e+04 1 0)
|            ( - -1.902e+04 2 0 QUESTION0_0_R 1 9.823e+01 8.525e+01))))
s>    ( QUESTION0 -1 -1.901e+05 8.454e+02 8.099e+02
s>        ( WDBNDRY_B 0 -6.716e+04 4.749e+02 2.860e+02
s>            ( QUESTION1 -1 -6.693e+04 3.855e+02 2.850e+02
s>                ( - -3.697e+04 1 0)
s>                ( - -2.958e+04 4 0 QUESTION0_14_R 1 1.928e+02 1.263e+02))
s>            ( - 2.419e+02 1 0))
s>        ( QUESTION0_15_R 1 -1.221e+05 5.013e+02 5.239e+02
s>            ( WDBNDRY_B 0 -7.592e+04 4.852e+02 3.246e+02
s>                ( QUESTION20 1 -3.520e+04 2.404e+02 1.540e+02
s>                    ( - -3.259e+03 1 0)
s>                    ( - -3.170e+04 3 0))
s>                ( - -4.023e+04 2 0))
s>            ( WDBNDRY_B 0 -4.567e+04 3.399e+02 1.993e+02
s>                ( - -2.632e+04 1 0)
s>                ( - -1.902e+04 2 0 QUESTION0_0_R 1 9.823e+01 8.525e+01))))INFO: dtree.c(1315): Comp split 9
INFO: dtree.c(1439): stop. leaf nodes are specific
INFO: dtree.c(1478): Final simple tree
|( QUESTION0_15_R 1 -7.780e+04 4.218e+02 3.387e+02
|    ( - -3.170e+04 3 0)
|    ( WDBNDRY_B 0 -4.567e+04 3.399e+02 1.993e+02
|        ( - -2.632e+04 1 0)
|        ( QUESTION0_0_R 1 -1.902e+04 9.823e+01 8.525e+01
|            ( - -1.764e+04 1 0)
|            ( - -1.279e+03 1 0))))
s>    ( QUESTION0_15_R 1 -7.780e+04 4.218e+02 3.387e+02
s>        ( - -3.170e+04 3 0)
s>        ( WDBNDRY_B 0 -4.567e+04 3.399e+02 1.993e+02
s>            ( - -2.632e+04 1 0)
s>            ( QUESTION0_0_R 1 -1.902e+04 9.823e+01 8.525e+01
s>                ( - -1.764e+04 1 0)
s>                ( - -1.279e+03 1 0))))INFO: dtree.c(1478): Final simple tree
|( QUESTION1 -1 -1.114e+05 5.416e+02 4.712e+02
|    ( - -3.697e+04 1 0)
|    ( QUESTION14 1 -7.387e+04 4.719e+02 3.125e+02
|        ( - 2.419e+02 1 0)
|        ( WDBNDRY_B 0 -7.364e+04 3.687e+02 3.115e+02
|            ( QUESTION0_14_R 1 -3.303e+04 2.186e+02 1.409e+02
|                ( - -1.864e+04 1 0)
|                ( QUESTION2_12_L -1 -1.417e+04 1.868e+02 6.208e+01
|                    ( QUESTION20 1 -7.779e+03 1.862e+02 3.480e+01
|                        ( - -3.235e+03 1 0)
|                        ( - -4.358e+03 1 0))
|                    ( QUESTION0 -1 -6.207e+03 1.407e+02 2.728e+01
|                        ( - -2.807e+03 1 0)
|                        ( - -3.259e+03 1 0))))
|            ( - -4.023e+04 2 0))))
s>    ( QUESTION1 -1 -1.114e+05 5.416e+02 4.712e+02
s>        ( - -3.697e+04 1 0)
s>        ( QUESTION14 1 -7.387e+04 4.719e+02 3.125e+02
s>            ( - 2.419e+02 1 0)
s>            ( WDBNDRY_B 0 -7.364e+04 3.687e+02 3.115e+02
s>                ( QUESTION0_14_R 1 -3.303e+04 2.186e+02 1.409e+02
s>                    ( - -1.864e+04 1 0)
s>                    ( QUESTION2_12_L -1 -1.417e+04 1.868e+02 6.208e+01
s>                        ( QUESTION20 1 -7.779e+03 1.862e+02 3.480e+01
s>                            ( - -3.235e+03 1 0)
s>                            ( - -4.358e+03 1 0))
s>                        ( QUESTION0 -1 -6.207e+03 1.407e+02 2.728e+01
s>                            ( - -2.807e+03 1 0)
s>                            ( - -3.259e+03 1 0))))
s>                ( - -4.023e+04 2 0))))INFO: dtree.c(1315): Comp split 10
INFO: dtree.c(1478): Final simple tree
|( WDBNDRY_B 0 -4.295e+05 4.950e+02 1.840e+03
|    ( - -7.253e+04 4 0 QUESTION0_14_R 1 1.424e+02 3.110e+02)
|    ( QUESTION20 1 -3.564e+05 4.333e+02 1.529e+03
|        ( WDBNDRY_S 0 -1.476e+05 1.440e+02 6.286e+02
|            ( - -1.389e+03 1 0)
|            ( - -1.461e+05 1 0))
|        ( WDBNDRY_I 0 -2.084e+05 3.225e+02 9.004e+02
|            ( QUESTION0_0_R 1 -1.937e+05 1.819e+02 8.405e+02
|                ( - -2.983e+03 3 0 QUESTION11 1 1.313e+02 1.300e+01)
|                ( - -1.905e+05 5 0 QUESTION0_14_R 1 1.373e+02 8.275e+02))
|            ( QUESTION14 1 -1.437e+04 1.552e+02 5.991e+01
|                ( WDBNDRY_E 0 -9.611e+02 4.730e+02 4.000e+00
|                    ( - -5.985e+02 1 0)
|                    ( - 1.105e+02 1 0))
|                ( - -1.326e+04 4 0 QUESTION0_1_R 1 1.278e+02 5.591e+01)))))
s>    ( WDBNDRY_B 0 -4.295e+05 4.950e+02 1.840e+03
s>        ( - -7.253e+04 4 0 QUESTION0_14_R 1 1.424e+02 3.110e+02)
s>        ( QUESTION20 1 -3.564e+05 4.333e+02 1.529e+03
s>            ( WDBNDRY_S 0 -1.476e+05 1.440e+02 6.286e+02
s>                ( - -1.389e+03 1 0)
s>                ( - -1.461e+05 1 0))
s>            ( WDBNDRY_I 0 -2.084e+05 3.225e+02 9.004e+02
s>                ( QUESTION0_0_R 1 -1.937e+05 1.819e+02 8.405e+02
s>                    ( - -2.983e+03 3 0 QUESTION11 1 1.313e+02 1.300e+01)
s>                    ( - -1.905e+05 5 0 QUESTION0_14_R 1 1.373e+02 8.275e+02))
s>                ( QUESTION14 1 -1.437e+04 1.552e+02 5.991e+01
s>                    ( WDBNDRY_E 0 -9.611e+02 4.730e+02 4.000e+00
s>                        ( - -5.985e+02 1 0)
s>                        ( - 1.105e+02 1 0))
s>                    ( - -1.326e+04 4 0 QUESTION0_1_R 1 1.278e+02 5.591e+01)))))INFO: dtree.c(1315): Comp split 11
INFO: dtree.c(1439): stop. leaf nodes are specific
INFO: dtree.c(1478): Final simple tree
|( QUESTION15 1 -4.370e+04 2.321e+02 1.814e+02
|    ( - -3.174e+04 1 0)
|    ( QUESTION0_5_R 1 -1.172e+04 1.721e+02 4.883e+01
|        ( - -3.392e+02 1 0)
|        ( QUESTION0_0_R 1 -1.121e+04 1.484e+02 4.683e+01
|            ( QUESTION0 1 -1.044e+04 1.237e+02 4.383e+01
|                ( - -3.930e+03 1 0)
|                ( QUESTION0_2_R 1 -6.381e+03 1.274e+02 2.687e+01
|                    ( - -3.178e+03 1 0)
|                    ( - -3.076e+03 2 0)))
|            ( - -6.288e+02 1 0))))
s>    ( QUESTION15 1 -4.370e+04 2.321e+02 1.814e+02
s>        ( - -3.174e+04 1 0)
s>        ( QUESTION0_5_R 1 -1.172e+04 1.721e+02 4.883e+01
s>            ( - -3.392e+02 1 0)
s>            ( QUESTION0_0_R 1 -1.121e+04 1.484e+02 4.683e+01
s>                ( QUESTION0 1 -1.044e+04 1.237e+02 4.383e+01
s>                    ( - -3.930e+03 1 0)
s>                    ( QUESTION0_2_R 1 -6.381e+03 1.274e+02 2.687e+01
s>                        ( - -3.178e+03 1 0)
s>                        ( - -3.076e+03 2 0)))
s>                ( - -6.288e+02 1 0))))INFO: dtree.c(1439): stop. leaf nodes are specific
INFO: dtree.c(1478): Final simple tree
|( QUESTION0_14_R 1 -1.345e+05 3.985e+02 5.902e+02
|    ( WDBNDRY_B 0 -3.094e+04 1.365e+02 1.413e+02
|        ( - -1.080e+03 1 0)
|        ( - -2.973e+04 1 0))
|    ( QUESTION0_0_R 1 -1.032e+05 2.907e+02 4.489e+02
|        ( WDBNDRY_E 0 -3.825e+04 2.127e+02 1.676e+02
|            ( - -2.500e+04 1 0)
|            ( QUESTION0_4_R 1 -1.303e+04 1.751e+02 5.815e+01
|                ( - -1.187e+04 1 0)
|                ( - -9.904e+02 2 0)))
|        ( WDBNDRY_B 0 -6.463e+04 1.963e+02 2.813e+02
|            ( - -9.944e+02 1 0)
|            ( - -6.344e+04 1 0))))
s>    ( QUESTION0_14_R 1 -1.345e+05 3.985e+02 5.902e+02
s>        ( WDBNDRY_B 0 -3.094e+04 1.365e+02 1.413e+02
s>            ( - -1.080e+03 1 0)
s>            ( - -2.973e+04 1 0))
s>        ( QUESTION0_0_R 1 -1.032e+05 2.907e+02 4.489e+02
s>            ( WDBNDRY_E 0 -3.825e+04 2.127e+02 1.676e+02
s>                ( - -2.500e+04 1 0)
s>                ( QUESTION0_4_R 1 -1.303e+04 1.751e+02 5.815e+01
s>                    ( - -1.187e+04 1 0)
s>                    ( - -9.904e+02 2 0)))
s>            ( WDBNDRY_B 0 -6.463e+04 1.963e+02 2.813e+02
s>                ( - -9.944e+02 1 0)
s>                ( - -6.344e+04 1 0))))INFO: dtree.c(1315): Comp split 12
INFO: dtree.c(1439): stop. leaf nodes are specific
INFO: dtree.c(1478): Final simple tree
|( QUESTION0_1_R 1 -5.005e+04 2.518e+02 2.276e+02
|    ( WDBNDRY_B 0 -4.906e+04 1.034e+02 2.236e+02
|        ( - -5.542e+02 1 0)
|        ( - -4.840e+04 2 0))
|    ( - -7.409e+02 1 0))
s>    ( QUESTION0_1_R 1 -5.005e+04 2.518e+02 2.276e+02
s>        ( WDBNDRY_B 0 -4.906e+04 1.034e+02 2.236e+02
s>            ( - -5.542e+02 1 0)
s>            ( - -4.840e+04 2 0))
s>        ( - -7.409e+02 1 0))INFO: dtree.c(1315): Comp split 13
INFO: dtree.c(1439): stop. leaf nodes are specific
INFO: dtree.c(1478): Final simple tree
|( WDBNDRY_B 0 -5.634e+04 2.480e+02 2.542e+02
|    ( - -2.316e+04 1 0)
|    ( - -3.293e+04 3 0))
s>    ( WDBNDRY_B 0 -5.634e+04 2.480e+02 2.542e+02
s>        ( - -2.316e+04 1 0)
s>        ( - -3.293e+04 3 0))INFO: dtree.c(1439): stop. leaf nodes are specific
INFO: dtree.c(1478): Final simple tree
|( WDBNDRY_E 0 -2.015e+05 1.390e+02 8.889e+02
|    ( - -1.197e+03 1 0)
|    ( - -2.001e+05 5 0))
s>    ( WDBNDRY_E 0 -2.015e+05 1.390e+02 8.889e+02
s>        ( - -1.197e+03 1 0)
s>        ( - -2.001e+05 5 0))INFO: dtree.c(1315): Comp split 14
INFO: dtree.c(1439): stop. leaf nodes are specific
INFO: dtree.c(1478): Final simple tree
|( WDBNDRY_I 0 -2.056e+05 2.873e+02 8.894e+02
|    ( QUESTION0_14_R 1 -1.905e+05 1.373e+02 8.275e+02
|        ( - -2.579e+04 3 0)
|        ( - -1.646e+05 2 0))
|    ( QUESTION20 1 -1.482e+04 1.755e+02 6.191e+01
|        ( - -1.389e+03 1 0)
|        ( QUESTION0_1_R 1 -1.326e+04 1.278e+02 5.591e+01
|            ( WDBNDRY_E 0 -3.859e+03 1.454e+02 1.712e+01
|                ( - -6.012e+02 1 0)
|                ( - -3.113e+03 1 0))
|            ( WDBNDRY_E 0 -9.268e+03 6.828e+01 3.879e+01
|                ( - -3.820e+03 1 0)
|                ( - -5.379e+03 1 0)))))
s>    ( WDBNDRY_I 0 -2.056e+05 2.873e+02 8.894e+02
s>        ( QUESTION0_14_R 1 -1.905e+05 1.373e+02 8.275e+02
s>            ( - -2.579e+04 3 0)
s>            ( - -1.646e+05 2 0))
s>        ( QUESTION20 1 -1.482e+04 1.755e+02 6.191e+01
s>            ( - -1.389e+03 1 0)
s>            ( QUESTION0_1_R 1 -1.326e+04 1.278e+02 5.591e+01
s>                ( WDBNDRY_E 0 -3.859e+03 1.454e+02 1.712e+01
s>                    ( - -6.012e+02 1 0)
s>                    ( - -3.113e+03 1 0))
s>                ( WDBNDRY_E 0 -9.268e+03 6.828e+01 3.879e+01
s>                    ( - -3.820e+03 1 0)
s>                    ( - -5.379e+03 1 0)))))INFO: dtree.c(1439): stop. leaf nodes are specific
INFO: dtree.c(1478): Final simple tree
|( WDBNDRY_S 0 -2.233e+05 4.593e+02 9.507e+02
|    ( - 1.105e+02 1 0)
|    ( WDBNDRY_B 0 -2.229e+05 3.417e+02 9.497e+02
|        ( QUESTION0_14_R 1 -7.253e+04 1.424e+02 3.110e+02
|            ( - -5.681e+03 2 0)
|            ( - -6.671e+04 2 0))
|        ( QUESTION0_0_R 1 -1.500e+05 2.079e+02 6.386e+02
|            ( WDBNDRY_E 0 -3.710e+03 1.280e+02 1.600e+01
|                ( - -5.985e+02 1 0)
|                ( QUESTION11 1 -2.983e+03 1.313e+02 1.300e+01
|                    ( - -5.948e+02 1 0)
|                    ( - -2.257e+03 2 0)))
|            ( - -1.461e+05 1 0))))
s>    ( WDBNDRY_S 0 -2.233e+05 4.593e+02 9.507e+02
s>        ( - 1.105e+02 1 0)
s>        ( WDBNDRY_B 0 -2.229e+05 3.417e+02 9.497e+02
s>            ( QUESTION0_14_R 1 -7.253e+04 1.424e+02 3.110e+02
s>                ( - -5.681e+03 2 0)
s>                ( - -6.671e+04 2 0))
s>            ( QUESTION0_0_R 1 -1.500e+05 2.079e+02 6.386e+02
s>                ( WDBNDRY_E 0 -3.710e+03 1.280e+02 1.600e+01
s>                    ( - -5.985e+02 1 0)
s>                    ( QUESTION11 1 -2.983e+03 1.313e+02 1.300e+01
s>                        ( - -5.948e+02 1 0)
s>                        ( - -2.257e+03 2 0)))
s>                ( - -1.461e+05 1 0))))INFO: dtree.c(1315): Comp split 15
INFO: dtree.c(1439): stop. leaf nodes are specific
INFO: dtree.c(1478): Final simple tree
|( QUESTION20 -1 -3.925e+04 1.913e+02 1.782e+02
|    ( - -1.732e+03 2 0)
|    ( WDBNDRY_B 0 -3.733e+04 1.717e+02 1.702e+02
|        ( - -7.595e+02 1 0)
|        ( - -3.640e+04 2 0)))
s>    ( QUESTION20 -1 -3.925e+04 1.913e+02 1.782e+02
s>        ( - -1.732e+03 2 0)
s>        ( WDBNDRY_B 0 -3.733e+04 1.717e+02 1.702e+02
s>            ( - -7.595e+02 1 0)
s>            ( - -3.640e+04 2 0)))INFO: dtree.c(1478): Final simple tree
|( QUESTION14 1 -2.671e+05 3.693e+02 1.169e+03
|    ( QUESTION0_14_R 1 -1.464e+04 1.643e+02 6.472e+01
|        ( - -1.394e+04 1 0)
|        ( - -5.427e+02 1 0))
|    ( WDBNDRY_B 0 -2.521e+05 3.092e+02 1.104e+03
|        ( QUESTION20 -1 -6.091e+04 3.414e+02 2.649e+02
|            ( QUESTION20 1 -2.991e+04 2.496e+02 1.286e+02
|                ( - -2.147e+04 1 0)
|                ( - -8.190e+03 1 0))
|            ( - -3.066e+04 2 0 QUESTION18 -1 1.276e+02 1.363e+02))
|        ( QUESTION0_14_R 1 -1.909e+05 2.832e+02 8.395e+02
|            ( - -1.293e+05 2 0 QUESTION20 -1 1.197e+02 5.716e+02)
|            ( QUESTION20 -1 -6.126e+04 1.626e+02 2.679e+02
|                ( - -4.308e+04 2 0 QUESTION20 1 4.366e+02 1.898e+02)
|                ( - -1.802e+04 2 0 QUESTION20 1 2.186e+02 7.814e+01)))))
s>    ( QUESTION14 1 -2.671e+05 3.693e+02 1.169e+03
s>        ( QUESTION0_14_R 1 -1.464e+04 1.643e+02 6.472e+01
s>            ( - -1.394e+04 1 0)
s>            ( - -5.427e+02 1 0))
s>        ( WDBNDRY_B 0 -2.521e+05 3.092e+02 1.104e+03
s>            ( QUESTION20 -1 -6.091e+04 3.414e+02 2.649e+02
s>                ( QUESTION20 1 -2.991e+04 2.496e+02 1.286e+02
s>                    ( - -2.147e+04 1 0)
s>                    ( - -8.190e+03 1 0))
s>                ( - -3.066e+04 2 0 QUESTION18 -1 1.276e+02 1.363e+02))
s>            ( QUESTION0_14_R 1 -1.909e+05 2.832e+02 8.395e+02
s>                ( - -1.293e+05 2 0 QUESTION20 -1 1.197e+02 5.716e+02)
s>                ( QUESTION20 -1 -6.126e+04 1.626e+02 2.679e+02
s>                    ( - -4.308e+04 2 0 QUESTION20 1 4.366e+02 1.898e+02)
s>                    ( - -1.802e+04 2 0 QUESTION20 1 2.186e+02 7.814e+01)))))INFO: dtree.c(1315): Comp split 16
INFO: dtree.c(1439): stop. leaf nodes are specific
INFO: dtree.c(1478): Final simple tree
|( QUESTION0_14_R 1 -3.996e+04 1.862e+02 1.714e+02
|    ( - -3.697e+04 1 0)
|    ( - -2.807e+03 1 0))
s>    ( QUESTION0_14_R 1 -3.996e+04 1.862e+02 1.714e+02
s>        ( - -3.697e+04 1 0)
s>        ( - -2.807e+03 1 0))INFO: dtree.c(1439): stop. leaf nodes are specific
INFO: dtree.c(1478): Final simple tree
|( QUESTION14 1 -7.087e+04 4.718e+02 2.998e+02
|    ( - 2.419e+02 1 0)
|    ( WDBNDRY_B 0 -7.064e+04 3.334e+02 2.988e+02
|        ( QUESTION0_14_R 1 -3.007e+04 2.040e+02 1.282e+02
|            ( - -1.864e+04 1 0)
|            ( QUESTION0 -1 -1.123e+04 1.907e+02 4.939e+01
|                ( QUESTION20 1 -7.779e+03 1.862e+02 3.480e+01
|                    ( - -3.235e+03 1 0)
|                    ( - -4.358e+03 1 0))
|                ( - -3.259e+03 1 0)))
|        ( - -4.023e+04 2 0)))
s>    ( QUESTION14 1 -7.087e+04 4.718e+02 2.998e+02
s>        ( - 2.419e+02 1 0)
s>        ( WDBNDRY_B 0 -7.064e+04 3.334e+02 2.988e+02
s>            ( QUESTION0_14_R 1 -3.007e+04 2.040e+02 1.282e+02
s>                ( - -1.864e+04 1 0)
s>                ( QUESTION0 -1 -1.123e+04 1.907e+02 4.939e+01
s>                    ( QUESTION20 1 -7.779e+03 1.862e+02 3.480e+01
s>                        ( - -3.235e+03 1 0)
s>                        ( - -4.358e+03 1 0))
s>                    ( - -3.259e+03 1 0)))
s>            ( - -4.023e+04 2 0)))INFO: dtree.c(1315): Comp split 17
INFO: dtree.c(1439): stop. leaf nodes are specific
INFO: dtree.c(1478): Final simple tree
|( WDBNDRY_B 0 -2.762e+04 1.441e+02 1.150e+02
|    ( - -2.694e+04 1 0)
|    ( - -5.382e+02 1 0))
s>    ( WDBNDRY_B 0 -2.762e+04 1.441e+02 1.150e+02
s>        ( - -2.694e+04 1 0)
s>        ( - -5.382e+02 1 0))INFO: dtree.c(1439): stop. leaf nodes are specific
INFO: dtree.c(1478): Final simple tree
|( QUESTION2_0_L -1 -5.878e+04 3.823e+02 2.516e+02
|    ( QUESTION20 1 -2.406e+04 1.539e+02 1.031e+02
|        ( - -1.282e+03 1 0)
|        ( - -2.262e+04 1 0))
|    ( WDBNDRY_B 0 -3.434e+04 1.799e+02 1.485e+02
|        ( QUESTION14 -1 -3.362e+04 1.515e+02 1.455e+02
|            ( - -2.635e+04 1 0)
|            ( QUESTION0 -1 -7.113e+03 1.228e+02 2.990e+01
|                ( - -3.611e+03 1 0)
|                ( - -3.380e+03 1 0)))
|        ( - -5.427e+02 1 0)))
s>    ( QUESTION2_0_L -1 -5.878e+04 3.823e+02 2.516e+02
s>        ( QUESTION20 1 -2.406e+04 1.539e+02 1.031e+02
s>            ( - -1.282e+03 1 0)
s>            ( - -2.262e+04 1 0))
s>        ( WDBNDRY_B 0 -3.434e+04 1.799e+02 1.485e+02
s>            ( QUESTION14 -1 -3.362e+04 1.515e+02 1.455e+02
s>                ( - -2.635e+04 1 0)
s>                ( QUESTION0 -1 -7.113e+03 1.228e+02 2.990e+01
s>                    ( - -3.611e+03 1 0)
s>                    ( - -3.380e+03 1 0)))
s>            ( - -5.427e+02 1 0)))INFO: dtree.c(1315): Comp split 18
INFO: dtree.c(1439): stop. leaf nodes are specific
INFO: dtree.c(1478): Final simple tree
|( SILENCE -1 -1.160e+05 2.085e+02 4.997e+02
|    ( QUESTION0_14_R 1 -1.246e+04 1.824e+02 5.467e+01
|        ( - -3.401e+02 1 0)
|        ( QUESTION20 1 -1.194e+04 1.051e+02 5.267e+01
|            ( - -1.843e+03 1 0)
|            ( - -9.992e+03 1 0)))
|    ( - -1.034e+05 2 0))
s>    ( SILENCE -1 -1.160e+05 2.085e+02 4.997e+02
s>        ( QUESTION0_14_R 1 -1.246e+04 1.824e+02 5.467e+01
s>            ( - -3.401e+02 1 0)
s>            ( QUESTION20 1 -1.194e+04 1.051e+02 5.267e+01
s>                ( - -1.843e+03 1 0)
s>                ( - -9.992e+03 1 0)))
s>        ( - -1.034e+05 2 0))INFO: dtree.c(1315): Comp split 19
INFO: dtree.c(1439): stop. leaf nodes are specific
INFO: dtree.c(1478): Final simple tree
|( WDBNDRY_B 0 -7.064e+04 3.334e+02 2.988e+02
|    ( QUESTION0_14_R 1 -3.007e+04 2.040e+02 1.282e+02
|        ( - -1.864e+04 1 0)
|        ( QUESTION0 -1 -1.123e+04 1.907e+02 4.939e+01
|            ( QUESTION20 1 -7.779e+03 1.862e+02 3.480e+01
|                ( - -3.235e+03 1 0)
|                ( - -4.358e+03 1 0))
|            ( - -3.259e+03 1 0)))
|    ( - -4.023e+04 2 0))
s>    ( WDBNDRY_B 0 -7.064e+04 3.334e+02 2.988e+02
s>        ( QUESTION0_14_R 1 -3.007e+04 2.040e+02 1.282e+02
s>            ( - -1.864e+04 1 0)
s>            ( QUESTION0 -1 -1.123e+04 1.907e+02 4.939e+01
s>                ( QUESTION20 1 -7.779e+03 1.862e+02 3.480e+01
s>                    ( - -3.235e+03 1 0)
s>                    ( - -4.358e+03 1 0))
s>                ( - -3.259e+03 1 0)))
s>        ( - -4.023e+04 2 0))INFO: dtree.c(1315): Comp split 20
INFO: dtree.c(1439): stop. leaf nodes are specific
INFO: dtree.c(1478): Final simple tree
|( WDBNDRY_B 0 -2.229e+05 3.417e+02 9.497e+02
|    ( QUESTION0_14_R 1 -7.253e+04 1.424e+02 3.110e+02
|        ( - -5.681e+03 2 0)
|        ( - -6.671e+04 2 0))
|    ( QUESTION0_0_R 1 -1.500e+05 2.079e+02 6.386e+02
|        ( WDBNDRY_E 0 -3.710e+03 1.280e+02 1.600e+01
|            ( - -5.985e+02 1 0)
|            ( QUESTION11 1 -2.983e+03 1.313e+02 1.300e+01
|                ( - -5.948e+02 1 0)
|                ( - -2.257e+03 2 0)))
|        ( - -1.461e+05 1 0)))
s>    ( WDBNDRY_B 0 -2.229e+05 3.417e+02 9.497e+02
s>        ( QUESTION0_14_R 1 -7.253e+04 1.424e+02 3.110e+02
s>            ( - -5.681e+03 2 0)
s>            ( - -6.671e+04 2 0))
s>        ( QUESTION0_0_R 1 -1.500e+05 2.079e+02 6.386e+02
s>            ( WDBNDRY_E 0 -3.710e+03 1.280e+02 1.600e+01
s>                ( - -5.985e+02 1 0)
s>                ( QUESTION11 1 -2.983e+03 1.313e+02 1.300e+01
s>                    ( - -5.948e+02 1 0)
s>                    ( - -2.257e+03 2 0)))
s>            ( - -1.461e+05 1 0)))INFO: dtree.c(1315): Comp split 21
INFO: dtree.c(1439): stop. leaf nodes are specific
INFO: dtree.c(1478): Final simple tree
|( QUESTION0_14_R 1 -2.305e+04 2.362e+02 1.004e+02
|    ( - -1.394e+04 1 0)
|    ( WDBNDRY_B 0 -8.880e+03 1.477e+02 3.864e+01
|        ( - -8.190e+03 1 0)
|        ( - -5.427e+02 1 0)))
s>    ( QUESTION0_14_R 1 -2.305e+04 2.362e+02 1.004e+02
s>        ( - -1.394e+04 1 0)
s>        ( WDBNDRY_B 0 -8.880e+03 1.477e+02 3.864e+01
s>            ( - -8.190e+03 1 0)
s>            ( - -5.427e+02 1 0)))INFO: dtree.c(1478): Final simple tree
|( WDBNDRY_B 0 -2.436e+05 2.928e+02 1.069e+03
|    ( QUESTION20 -1 -5.243e+04 2.996e+02 2.293e+02
|        ( - -2.147e+04 1 0)
|        ( QUESTION18 -1 -3.066e+04 1.276e+02 1.363e+02
|            ( - -3.084e+03 1 0)
|            ( - -2.745e+04 1 0)))
|    ( QUESTION0_14_R 1 -1.909e+05 2.832e+02 8.395e+02
|        ( - -1.293e+05 2 0 QUESTION20 -1 1.197e+02 5.716e+02)
|        ( QUESTION20 -1 -6.126e+04 1.626e+02 2.679e+02
|            ( QUESTION20 1 -4.308e+04 4.366e+02 1.898e+02
|                ( - 1.667e+02 1 0)
|                ( - -4.281e+04 1 0))
|            ( QUESTION20 1 -1.802e+04 2.186e+02 7.814e+01
|                ( - -1.756e+04 1 0)
|                ( - -2.380e+02 1 0)))))
s>    ( WDBNDRY_B 0 -2.436e+05 2.928e+02 1.069e+03
s>        ( QUESTION20 -1 -5.243e+04 2.996e+02 2.293e+02
s>            ( - -2.147e+04 1 0)
s>            ( QUESTION18 -1 -3.066e+04 1.276e+02 1.363e+02
s>                ( - -3.084e+03 1 0)
s>                ( - -2.745e+04 1 0)))
s>        ( QUESTION0_14_R 1 -1.909e+05 2.832e+02 8.395e+02
s>            ( - -1.293e+05 2 0 QUESTION20 -1 1.197e+02 5.716e+02)
s>            ( QUESTION20 -1 -6.126e+04 1.626e+02 2.679e+02
s>                ( QUESTION20 1 -4.308e+04 4.366e+02 1.898e+02
s>                    ( - 1.667e+02 1 0)
s>                    ( - -4.281e+04 1 0))
s>                ( QUESTION20 1 -1.802e+04 2.186e+02 7.814e+01
s>                    ( - -1.756e+04 1 0)
s>                    ( - -2.380e+02 1 0)))))INFO: dtree.c(1315): Comp split 22
INFO: dtree.c(1478): Final simple tree
|( WDBNDRY_B 0 -2.433e+05 2.924e+02 1.068e+03
|    ( QUESTION20 -1 -5.243e+04 2.996e+02 2.293e+02
|        ( - -2.147e+04 1 0)
|        ( QUESTION18 -1 -3.066e+04 1.276e+02 1.363e+02
|            ( - -3.084e+03 1 0)
|            ( - -2.745e+04 1 0)))
|    ( QUESTION0_14_R 1 -1.906e+05 2.823e+02 8.385e+02
|        ( QUESTION20 -1 -1.293e+05 1.197e+02 5.716e+02
|            ( - -1.417e+04 1 0)
|            ( - -1.150e+05 1 0))
|        ( QUESTION20 -1 -6.099e+04 1.626e+02 2.669e+02
|            ( - -4.281e+04 1 0)
|            ( QUESTION20 1 -1.802e+04 2.186e+02 7.814e+01
|                ( - -1.756e+04 1 0)
|                ( - -2.380e+02 1 0)))))
s>    ( WDBNDRY_B 0 -2.433e+05 2.924e+02 1.068e+03
s>        ( QUESTION20 -1 -5.243e+04 2.996e+02 2.293e+02
s>            ( - -2.147e+04 1 0)
s>            ( QUESTION18 -1 -3.066e+04 1.276e+02 1.363e+02
s>                ( - -3.084e+03 1 0)
s>                ( - -2.745e+04 1 0)))
s>        ( QUESTION0_14_R 1 -1.906e+05 2.823e+02 8.385e+02
s>            ( QUESTION20 -1 -1.293e+05 1.197e+02 5.716e+02
s>                ( - -1.417e+04 1 0)
s>                ( - -1.150e+05 1 0))
s>            ( QUESTION20 -1 -6.099e+04 1.626e+02 2.669e+02
s>                ( - -4.281e+04 1 0)
s>                ( QUESTION20 1 -1.802e+04 2.186e+02 7.814e+01
s>                    ( - -1.756e+04 1 0)
s>                    ( - -2.380e+02 1 0)))))INFO: dtree.c(1315): Comp split 23
INFO: dtree.c(1439): stop. leaf nodes are specific
INFO: dtree.c(1478): Final simple tree
|( WDBNDRY_B 0 -3.089e+04 1.637e+02 1.413e+02
|    ( - -9.944e+02 1 0)
|    ( - -2.973e+04 1 0))
s>    ( WDBNDRY_B 0 -3.089e+04 1.637e+02 1.413e+02
s>        ( - -9.944e+02 1 0)
s>        ( - -2.973e+04 1 0))INFO: dtree.c(1439): stop. leaf nodes are specific
INFO: dtree.c(1478): Final simple tree
|( QUESTION0_15_R 1 -1.032e+05 3.034e+02 4.489e+02
|    ( - -6.344e+04 1 0)
|    ( WDBNDRY_I 0 -3.945e+04 2.150e+02 1.726e+02
|        ( QUESTION0_4_R 1 -1.303e+04 1.751e+02 5.815e+01
|            ( - -1.187e+04 1 0)
|            ( - -9.904e+02 2 0))
|        ( WDBNDRY_B 0 -2.620e+04 1.155e+02 1.144e+02
|            ( - -1.080e+03 1 0)
|            ( - -2.500e+04 1 0))))
s>    ( QUESTION0_15_R 1 -1.032e+05 3.034e+02 4.489e+02
s>        ( - -6.344e+04 1 0)
s>        ( WDBNDRY_I 0 -3.945e+04 2.150e+02 1.726e+02
s>            ( QUESTION0_4_R 1 -1.303e+04 1.751e+02 5.815e+01
s>                ( - -1.187e+04 1 0)
s>                ( - -9.904e+02 2 0))
s>            ( WDBNDRY_B 0 -2.620e+04 1.155e+02 1.144e+02
s>                ( - -1.080e+03 1 0)
s>                ( - -2.500e+04 1 0))))INFO: dtree.c(1315): Comp split 24
INFO: dtree.c(1439): stop. leaf nodes are specific
INFO: dtree.c(1478): Final simple tree
|( WDBNDRY_B 0 -4.567e+04 3.399e+02 1.993e+02
|    ( - -2.632e+04 1 0)
|    ( QUESTION0_0_R 1 -1.902e+04 9.823e+01 8.525e+01
|        ( - -1.764e+04 1 0)
|        ( - -1.279e+03 1 0)))
s>    ( WDBNDRY_B 0 -4.567e+04 3.399e+02 1.993e+02
s>        ( - -2.632e+04 1 0)
s>        ( QUESTION0_0_R 1 -1.902e+04 9.823e+01 8.525e+01
s>            ( - -1.764e+04 1 0)
s>            ( - -1.279e+03 1 0)))INFO: dtree.c(1315): Comp split 25
INFO: dtree.c(1439): stop. leaf nodes are specific
INFO: dtree.c(1478): Final simple tree
|( QUESTION18 -1 -3.066e+04 1.276e+02 1.363e+02
|    ( - -3.084e+03 1 0)
|    ( - -2.745e+04 1 0))
s>    ( QUESTION18 -1 -3.066e+04 1.276e+02 1.363e+02
s>        ( - -3.084e+03 1 0)
s>        ( - -2.745e+04 1 0))INFO: dtree.c(1439): stop. leaf nodes are specific
INFO: dtree.c(1478): Final simple tree
|( QUESTION0_14_R 1 -2.123e+05 2.353e+02 9.315e+02
|    ( QUESTION20 -1 -1.293e+05 1.197e+02 5.716e+02
|        ( - -1.417e+04 1 0)
|        ( - -1.150e+05 1 0))
|    ( WDBNDRY_B 0 -8.269e+04 2.231e+02 3.599e+02
|        ( - -2.147e+04 1 0)
|        ( QUESTION20 -1 -6.099e+04 1.626e+02 2.669e+02
|            ( - -4.281e+04 1 0)
|            ( QUESTION20 1 -1.802e+04 2.186e+02 7.814e+01
|                ( - -1.756e+04 1 0)
|                ( - -2.380e+02 1 0)))))
s>    ( QUESTION0_14_R 1 -2.123e+05 2.353e+02 9.315e+02
s>        ( QUESTION20 -1 -1.293e+05 1.197e+02 5.716e+02
s>            ( - -1.417e+04 1 0)
s>            ( - -1.150e+05 1 0))
s>        ( WDBNDRY_B 0 -8.269e+04 2.231e+02 3.599e+02
s>            ( - -2.147e+04 1 0)
s>            ( QUESTION20 -1 -6.099e+04 1.626e+02 2.669e+02
s>                ( - -4.281e+04 1 0)
s>                ( QUESTION20 1 -1.802e+04 2.186e+02 7.814e+01
s>                    ( - -1.756e+04 1 0)
s>                    ( - -2.380e+02 1 0)))))INFO: dtree.c(1315): Comp split 26
INFO: dtree.c(1439): stop. leaf nodes are specific
INFO: dtree.c(1478): Final simple tree
|( WDBNDRY_B 0 -3.434e+04 1.799e+02 1.485e+02
|    ( QUESTION14 -1 -3.362e+04 1.515e+02 1.455e+02
|        ( - -2.635e+04 1 0)
|        ( QUESTION0 -1 -7.113e+03 1.228e+02 2.990e+01
|            ( - -3.611e+03 1 0)
|            ( - -3.380e+03 1 0)))
|    ( - -5.427e+02 1 0))
s>    ( WDBNDRY_B 0 -3.434e+04 1.799e+02 1.485e+02
s>        ( QUESTION14 -1 -3.362e+04 1.515e+02 1.455e+02
s>            ( - -2.635e+04 1 0)
s>            ( QUESTION0 -1 -7.113e+03 1.228e+02 2.990e+01
s>                ( - -3.611e+03 1 0)
s>                ( - -3.380e+03 1 0)))
s>        ( - -5.427e+02 1 0))INFO: dtree.c(1439): stop. leaf nodes are specific
INFO: dtree.c(1478): Final simple tree
|( QUESTION20 1 -2.406e+04 1.539e+02 1.031e+02
|    ( - -1.282e+03 1 0)
|    ( - -2.262e+04 1 0))
s>    ( QUESTION20 1 -2.406e+04 1.539e+02 1.031e+02
s>        ( - -1.282e+03 1 0)
s>        ( - -2.262e+04 1 0))INFO: dtree.c(1315): Comp split 27
INFO: dtree.c(1439): stop. leaf nodes are specific
INFO: dtree.c(1478): Final simple tree
|( QUESTION0_0_R 1 -1.558e+05 2.068e+02 6.626e+02
|    ( WDBNDRY_E 0 -3.710e+03 1.280e+02 1.600e+01
|        ( - -5.985e+02 1 0)
|        ( QUESTION11 1 -2.983e+03 1.313e+02 1.300e+01
|            ( - -5.948e+02 1 0)
|            ( - -2.257e+03 2 0)))
|    ( WDBNDRY_B 0 -1.519e+05 1.201e+02 6.466e+02
|        ( - -5.681e+03 2 0)
|        ( - -1.461e+05 1 0)))
s>    ( QUESTION0_0_R 1 -1.558e+05 2.068e+02 6.626e+02
s>        ( WDBNDRY_E 0 -3.710e+03 1.280e+02 1.600e+01
s>            ( - -5.985e+02 1 0)
s>            ( QUESTION11 1 -2.983e+03 1.313e+02 1.300e+01
s>                ( - -5.948e+02 1 0)
s>                ( - -2.257e+03 2 0)))
s>        ( WDBNDRY_B 0 -1.519e+05 1.201e+02 6.466e+02
s>            ( - -5.681e+03 2 0)
s>            ( - -1.461e+05 1 0)))INFO: dtree.c(1315): Comp split 28
INFO: dtree.c(1439): stop. leaf nodes are specific
INFO: dtree.c(1478): Final simple tree
|( WDBNDRY_E 0 -5.952e+03 2.304e+02 2.604e+01
|    ( - -1.259e+03 1 0)
|    ( - -4.462e+03 1 0))
s>    ( WDBNDRY_E 0 -5.952e+03 2.304e+02 2.604e+01
s>        ( - -1.259e+03 1 0)
s>        ( - -4.462e+03 1 0))INFO: dtree.c(1315): Comp split 29
INFO: dtree.c(1439): stop. leaf nodes are specific
INFO: dtree.c(1478): Final simple tree
|( QUESTION0_0_R 1 -1.902e+04 9.823e+01 8.525e+01
|    ( - -1.764e+04 1 0)
|    ( - -1.279e+03 1 0))
s>    ( QUESTION0_0_R 1 -1.902e+04 9.823e+01 8.525e+01
s>        ( - -1.764e+04 1 0)
s>        ( - -1.279e+03 1 0))INFO: dtree.c(1315): Comp split 30
INFO: dtree.c(1439): stop. leaf nodes are specific
INFO: dtree.c(1478): Final simple tree
|( QUESTION0_14_R 1 -3.007e+04 2.040e+02 1.282e+02
|    ( - -1.864e+04 1 0)
|    ( QUESTION0 -1 -1.123e+04 1.907e+02 4.939e+01
|        ( QUESTION20 1 -7.779e+03 1.862e+02 3.480e+01
|            ( - -3.235e+03 1 0)
|            ( - -4.358e+03 1 0))
|        ( - -3.259e+03 1 0)))
s>    ( QUESTION0_14_R 1 -3.007e+04 2.040e+02 1.282e+02
s>        ( - -1.864e+04 1 0)
s>        ( QUESTION0 -1 -1.123e+04 1.907e+02 4.939e+01
s>            ( QUESTION20 1 -7.779e+03 1.862e+02 3.480e+01
s>                ( - -3.235e+03 1 0)
s>                ( - -4.358e+03 1 0))
s>            ( - -3.259e+03 1 0)))INFO: dtree.c(1315): Comp split 31
INFO: dtree.c(1439): stop. leaf nodes are specific
INFO: dtree.c(1478): Final simple tree
|( QUESTION0_1_R 1 -1.251e+04 1.300e+02 5.291e+01
|    ( - -3.113e+03 1 0)
|    ( WDBNDRY_E 0 -9.268e+03 6.828e+01 3.879e+01
|        ( - -3.820e+03 1 0)
|        ( - -5.379e+03 1 0)))
s>    ( QUESTION0_1_R 1 -1.251e+04 1.300e+02 5.291e+01
s>        ( - -3.113e+03 1 0)
s>        ( WDBNDRY_E 0 -9.268e+03 6.828e+01 3.879e+01
s>            ( - -3.820e+03 1 0)
s>            ( - -5.379e+03 1 0)))INFO: dtree.c(1439): stop. leaf nodes are specific
INFO: dtree.c(1478): Final simple tree
|( WDBNDRY_I 0 -1.928e+05 1.447e+02 8.365e+02
|    ( QUESTION0_14_R 1 -1.905e+05 1.373e+02 8.275e+02
|        ( - -2.579e+04 3 0)
|        ( - -1.646e+05 2 0))
|    ( WDBNDRY_E 0 -2.126e+03 1.358e+02 9.000e+00
|        ( - -6.012e+02 1 0)
|        ( - -1.389e+03 1 0)))
s>    ( WDBNDRY_I 0 -1.928e+05 1.447e+02 8.365e+02
s>        ( QUESTION0_14_R 1 -1.905e+05 1.373e+02 8.275e+02
s>            ( - -2.579e+04 3 0)
s>            ( - -1.646e+05 2 0))
s>        ( WDBNDRY_E 0 -2.126e+03 1.358e+02 9.000e+00
s>            ( - -6.012e+02 1 0)
s>            ( - -1.389e+03 1 0)))INFO: dtree.c(1315): Comp split 32
INFO: dtree.c(1439): stop. leaf nodes are specific
INFO: dtree.c(1478): Final simple tree
|( WDBNDRY_B 0 -1.874e+04 2.189e+02 8.491e+01
|    ( QUESTION0_0_R 1 -1.499e+04 1.738e+02 6.738e+01
|        ( - -2.282e+03 1 0)
|        ( - -1.253e+04 1 0))
|    ( QUESTION20 1 -3.533e+03 1.480e+02 1.752e+01
|        ( - -2.406e+03 1 0)
|        ( - -9.785e+02 1 0)))
s>    ( WDBNDRY_B 0 -1.874e+04 2.189e+02 8.491e+01
s>        ( QUESTION0_0_R 1 -1.499e+04 1.738e+02 6.738e+01
s>            ( - -2.282e+03 1 0)
s>            ( - -1.253e+04 1 0))
s>        ( QUESTION20 1 -3.533e+03 1.480e+02 1.752e+01
s>            ( - -2.406e+03 1 0)
s>            ( - -9.785e+02 1 0)))INFO: dtree.c(1439): stop. leaf nodes are specific
INFO: dtree.c(1478): Final simple tree
|( QUESTION1 -1 -2.923e+04 2.658e+02 1.315e+02
|    ( - -2.370e+03 1 0)
|    ( QUESTION2_0_L -1 -2.660e+04 1.859e+02 1.198e+02
|        ( QUESTION0_14_R 1 -1.521e+03 1.506e+02 7.000e+00
|            ( - -5.562e+02 2 0)
|            ( - -8.144e+02 1 0))
|        ( QUESTION0_14_R 1 -2.489e+04 1.662e+02 1.128e+02
|            ( - -2.442e+04 1 0)
|            ( - -3.025e+02 1 0))))
s>    ( QUESTION1 -1 -2.923e+04 2.658e+02 1.315e+02
s>        ( - -2.370e+03 1 0)
s>        ( QUESTION2_0_L -1 -2.660e+04 1.859e+02 1.198e+02
s>            ( QUESTION0_14_R 1 -1.521e+03 1.506e+02 7.000e+00
s>                ( - -5.562e+02 2 0)
s>                ( - -8.144e+02 1 0))
s>            ( QUESTION0_14_R 1 -2.489e+04 1.662e+02 1.128e+02
s>                ( - -2.442e+04 1 0)
s>                ( - -3.025e+02 1 0))))INFO: dtree.c(1315): Comp split 33
INFO: dtree.c(1439): stop. leaf nodes are specific
INFO: dtree.c(1478): Final simple tree
|( WDBNDRY_I 0 -3.945e+04 2.150e+02 1.726e+02
|    ( QUESTION0_4_R 1 -1.303e+04 1.751e+02 5.815e+01
|        ( - -1.187e+04 1 0)
|        ( - -9.904e+02 2 0))
|    ( WDBNDRY_B 0 -2.620e+04 1.155e+02 1.144e+02
|        ( - -1.080e+03 1 0)
|        ( - -2.500e+04 1 0)))
s>    ( WDBNDRY_I 0 -3.945e+04 2.150e+02 1.726e+02
s>        ( QUESTION0_4_R 1 -1.303e+04 1.751e+02 5.815e+01
s>            ( - -1.187e+04 1 0)
s>            ( - -9.904e+02 2 0))
s>        ( WDBNDRY_B 0 -2.620e+04 1.155e+02 1.144e+02
s>            ( - -1.080e+03 1 0)
s>            ( - -2.500e+04 1 0)))INFO: dtree.c(1315): Comp split 34
INFO: dtree.c(1439): stop. leaf nodes are specific
INFO: dtree.c(1478): Final simple tree
|( QUESTION20 -1 -6.053e+04 1.623e+02 2.649e+02
|    ( - -4.281e+04 1 0)
|    ( - -1.756e+04 1 0))
s>    ( QUESTION20 -1 -6.053e+04 1.623e+02 2.649e+02
s>        ( - -4.281e+04 1 0)
s>        ( - -1.756e+04 1 0))INFO: dtree.c(1439): stop. leaf nodes are specific
INFO: dtree.c(1478): Final simple tree
|( QUESTION0_14_R 1 -1.514e+05 1.644e+02 6.666e+02
|    ( QUESTION20 -1 -1.293e+05 1.197e+02 5.716e+02
|        ( - -1.417e+04 1 0)
|        ( - -1.150e+05 1 0))
|    ( WDBNDRY_B 0 -2.193e+04 2.132e+02 9.497e+01
|        ( - -2.147e+04 1 0)
|        ( - -2.380e+02 1 0)))
s>    ( QUESTION0_14_R 1 -1.514e+05 1.644e+02 6.666e+02
s>        ( QUESTION20 -1 -1.293e+05 1.197e+02 5.716e+02
s>            ( - -1.417e+04 1 0)
s>            ( - -1.150e+05 1 0))
s>        ( WDBNDRY_B 0 -2.193e+04 2.132e+02 9.497e+01
s>            ( - -2.147e+04 1 0)
s>            ( - -2.380e+02 1 0)))INFO: dtree.c(1315): Comp split 35
INFO: dtree.c(1439): stop. leaf nodes are specific
INFO: dtree.c(1478): Final simple tree
|( QUESTION2_0_L -1 -2.660e+04 1.859e+02 1.198e+02
|    ( QUESTION0_14_R 1 -1.521e+03 1.506e+02 7.000e+00
|        ( - -5.562e+02 2 0)
|        ( - -8.144e+02 1 0))
|    ( QUESTION0_14_R 1 -2.489e+04 1.662e+02 1.128e+02
|        ( - -2.442e+04 1 0)
|        ( - -3.025e+02 1 0)))
s>    ( QUESTION2_0_L -1 -2.660e+04 1.859e+02 1.198e+02
s>        ( QUESTION0_14_R 1 -1.521e+03 1.506e+02 7.000e+00
s>            ( - -5.562e+02 2 0)
s>            ( - -8.144e+02 1 0))
s>        ( QUESTION0_14_R 1 -2.489e+04 1.662e+02 1.128e+02
s>            ( - -2.442e+04 1 0)
s>            ( - -3.025e+02 1 0)))INFO: dtree.c(1315): Comp split 36
INFO: dtree.c(1439): stop. leaf nodes are specific
INFO: dtree.c(1478): Final simple tree
|( WDBNDRY_B 0 -4.906e+04 1.034e+02 2.236e+02
|    ( - -5.542e+02 1 0)
|    ( - -4.840e+04 2 0))
s>    ( WDBNDRY_B 0 -4.906e+04 1.034e+02 2.236e+02
s>        ( - -5.542e+02 1 0)
s>        ( - -4.840e+04 2 0))INFO: dtree.c(1315): Comp split 37
INFO: dtree.c(1315): Comp split 38
INFO: dtree.c(1439): stop. leaf nodes are specific
INFO: dtree.c(1478): Final simple tree
|( WDBNDRY_B 0 -8.880e+03 1.477e+02 3.864e+01
|    ( - -8.190e+03 1 0)
|    ( - -5.427e+02 1 0))
s>    ( WDBNDRY_B 0 -8.880e+03 1.477e+02 3.864e+01
s>        ( - -8.190e+03 1 0)
s>        ( - -5.427e+02 1 0))INFO: dtree.c(1315): Comp split 39
INFO: dtree.c(1439): stop. leaf nodes are specific
INFO: dtree.c(1478): Final simple tree
|( QUESTION0_0_R 1 -1.121e+04 1.484e+02 4.683e+01
|    ( QUESTION0 1 -1.044e+04 1.237e+02 4.383e+01
|        ( - -3.930e+03 1 0)
|        ( QUESTION0_2_R 1 -6.381e+03 1.274e+02 2.687e+01
|            ( - -3.178e+03 1 0)
|            ( - -3.076e+03 2 0)))
|    ( - -6.288e+02 1 0))
s>    ( QUESTION0_0_R 1 -1.121e+04 1.484e+02 4.683e+01
s>        ( QUESTION0 1 -1.044e+04 1.237e+02 4.383e+01
s>            ( - -3.930e+03 1 0)
s>            ( QUESTION0_2_R 1 -6.381e+03 1.274e+02 2.687e+01
s>                ( - -3.178e+03 1 0)
s>                ( - -3.076e+03 2 0)))
s>        ( - -6.288e+02 1 0))INFO: dtree.c(1439): stop. leaf nodes are specific
INFO: dtree.c(1478): Final simple tree
|( QUESTION0_0_R 1 -3.225e+04 1.686e+02 1.346e+02
|    ( - -3.392e+02 1 0)
|    ( - -3.174e+04 1 0))
s>    ( QUESTION0_0_R 1 -3.225e+04 1.686e+02 1.346e+02
s>        ( - -3.392e+02 1 0)
s>        ( - -3.174e+04 1 0))INFO: dtree.c(1315): Comp split 40
INFO: dtree.c(1315): Comp split 41
INFO: dtree.c(1439): stop. leaf nodes are specific
INFO: dtree.c(1478): Final simple tree
|( QUESTION0_14_R 1 -2.556e+04 1.662e+02 1.158e+02
|    ( QUESTION11 -1 -2.509e+04 1.153e+02 1.138e+02
|        ( - -2.442e+04 1 0)
|        ( - -5.562e+02 2 0))
|    ( - -3.025e+02 1 0))
s>    ( QUESTION0_14_R 1 -2.556e+04 1.662e+02 1.158e+02
s>        ( QUESTION11 -1 -2.509e+04 1.153e+02 1.138e+02
s>            ( - -2.442e+04 1 0)
s>            ( - -5.562e+02 2 0))
s>        ( - -3.025e+02 1 0))INFO: dtree.c(1315): Comp split 42
INFO: dtree.c(1439): stop. leaf nodes are specific
INFO: dtree.c(1478): Final simple tree
|( QUESTION0_0_R 1 -1.754e+04 1.621e+02 7.891e+01
|    ( - -2.282e+03 1 0)
|    ( WDBNDRY_B 0 -1.510e+04 1.587e+02 6.784e+01
|        ( - -1.253e+04 1 0)
|        ( - -2.406e+03 1 0)))
s>    ( QUESTION0_0_R 1 -1.754e+04 1.621e+02 7.891e+01
s>        ( - -2.282e+03 1 0)
s>        ( WDBNDRY_B 0 -1.510e+04 1.587e+02 6.784e+01
s>            ( - -1.253e+04 1 0)
s>            ( - -2.406e+03 1 0)))INFO: dtree.c(1315): Comp split 43
INFO: dtree.c(1439): stop. leaf nodes are specific
INFO: dtree.c(1478): Final simple tree
|( QUESTION20 -1 -1.510e+05 1.635e+02 6.646e+02
|    ( WDBNDRY_B 0 -3.576e+04 1.178e+02 1.566e+02
|        ( - -2.147e+04 1 0)
|        ( - -1.417e+04 1 0))
|    ( - -1.150e+05 1 0))
s>    ( QUESTION20 -1 -1.510e+05 1.635e+02 6.646e+02
s>        ( WDBNDRY_B 0 -3.576e+04 1.178e+02 1.566e+02
s>            ( - -2.147e+04 1 0)
s>            ( - -1.417e+04 1 0))
s>        ( - -1.150e+05 1 0))INFO: dtree.c(1315): Comp split 44
INFO: dtree.c(1439): stop. leaf nodes are specific
INFO: dtree.c(1478): Final simple tree
|( WDBNDRY_B 0 -2.620e+04 1.155e+02 1.144e+02
|    ( - -1.080e+03 1 0)
|    ( - -2.500e+04 1 0))
s>    ( WDBNDRY_B 0 -2.620e+04 1.155e+02 1.144e+02
s>        ( - -1.080e+03 1 0)
s>        ( - -2.500e+04 1 0))INFO: dtree.c(1439): stop. leaf nodes are specific
INFO: dtree.c(1478): Final simple tree
|( QUESTION0_4_R 1 -1.303e+04 1.751e+02 5.815e+01
|    ( - -1.187e+04 1 0)
|    ( - -9.904e+02 2 0))
s>    ( QUESTION0_4_R 1 -1.303e+04 1.751e+02 5.815e+01
s>        ( - -1.187e+04 1 0)
s>        ( - -9.904e+02 2 0))INFO: dtree.c(1315): Comp split 45
INFO: dtree.c(1439): stop. leaf nodes are specific
INFO: dtree.c(1478): Final simple tree
|( QUESTION0 -1 -7.806e+03 1.887e+02 3.441e+01
|    ( - -4.358e+03 1 0)
|    ( - -3.259e+03 1 0))
s>    ( QUESTION0 -1 -7.806e+03 1.887e+02 3.441e+01
s>        ( - -4.358e+03 1 0)
s>        ( - -3.259e+03 1 0))INFO: dtree.c(1439): stop. leaf nodes are specific
INFO: dtree.c(1478): Final simple tree
|( QUESTION0_14_R 1 -2.206e+04 1.790e+02 9.379e+01
|    ( - -1.864e+04 1 0)
|    ( - -3.235e+03 1 0))
s>    ( QUESTION0_14_R 1 -2.206e+04 1.790e+02 9.379e+01
s>        ( - -1.864e+04 1 0)
s>        ( - -3.235e+03 1 0))INFO: dtree.c(1315): Comp split 46
INFO: dtree.c(1439): stop. leaf nodes are specific
INFO: dtree.c(1478): Final simple tree
|( QUESTION0_14_R 1 -1.246e+04 1.824e+02 5.467e+01
|    ( - -3.401e+02 1 0)
|    ( QUESTION20 1 -1.194e+04 1.051e+02 5.267e+01
|        ( - -1.843e+03 1 0)
|        ( - -9.992e+03 1 0)))
s>    ( QUESTION0_14_R 1 -1.246e+04 1.824e+02 5.467e+01
s>        ( - -3.401e+02 1 0)
s>        ( QUESTION20 1 -1.194e+04 1.051e+02 5.267e+01
s>            ( - -1.843e+03 1 0)
s>            ( - -9.992e+03 1 0)))INFO: dtree.c(1315): Comp split 47
INFO: dtree.c(1439): stop. leaf nodes are specific
INFO: dtree.c(1478): Final simple tree
|( WDBNDRY_E 0 -3.710e+03 1.280e+02 1.600e+01
|    ( - -5.985e+02 1 0)
|    ( QUESTION11 1 -2.983e+03 1.313e+02 1.300e+01
|        ( - -5.948e+02 1 0)
|        ( - -2.257e+03 2 0)))
s>    ( WDBNDRY_E 0 -3.710e+03 1.280e+02 1.600e+01
s>        ( - -5.985e+02 1 0)
s>        ( QUESTION11 1 -2.983e+03 1.313e+02 1.300e+01
s>            ( - -5.948e+02 1 0)
s>            ( - -2.257e+03 2 0)))INFO: dtree.c(1439): stop. leaf nodes are specific
INFO: dtree.c(1478): Final simple tree
|( WDBNDRY_B 0 -1.519e+05 1.201e+02 6.466e+02
|    ( - -5.681e+03 2 0)
|    ( - -1.461e+05 1 0))
s>    ( WDBNDRY_B 0 -1.519e+05 1.201e+02 6.466e+02
s>        ( - -5.681e+03 2 0)
s>        ( - -1.461e+05 1 0))INFO: dtree.c(1315): Comp split 48
INFO: dtree.c(1439): stop. leaf nodes are specific
INFO: dtree.c(1478): Final simple tree
|( WDBNDRY_B 0 -3.733e+04 1.717e+02 1.702e+02
|    ( - -7.595e+02 1 0)
|    ( - -3.640e+04 2 0))
s>    ( WDBNDRY_B 0 -3.733e+04 1.717e+02 1.702e+02
s>        ( - -7.595e+02 1 0)
s>        ( - -3.640e+04 2 0))INFO: dtree.c(1315): Comp split 49
INFO: dtree.c(1315): Comp split 50
INFO: dtree.c(1315): Comp split 51
INFO: dtree.c(1439): stop. leaf nodes are specific
INFO: dtree.c(1478): Final simple tree
|( QUESTION20 1 -1.194e+04 1.051e+02 5.267e+01
|    ( - -1.843e+03 1 0)
|    ( - -9.992e+03 1 0))
s>    ( QUESTION20 1 -1.194e+04 1.051e+02 5.267e+01
s>        ( - -1.843e+03 1 0)
s>        ( - -9.992e+03 1 0))INFO: dtree.c(1315): Comp split 52
INFO: dtree.c(1439): stop. leaf nodes are specific
INFO: dtree.c(1478): Final simple tree
|( WDBNDRY_B 0 -4.829e+03 1.407e+02 2.259e+01
|    ( - -2.282e+03 1 0)
|    ( - -2.406e+03 1 0))
s>    ( WDBNDRY_B 0 -4.829e+03 1.407e+02 2.259e+01
s>        ( - -2.282e+03 1 0)
s>        ( - -2.406e+03 1 0))INFO: dtree.c(1315): Comp split 53
INFO: dtree.c(1439): stop. leaf nodes are specific
INFO: dtree.c(1478): Final simple tree
|( QUESTION14 -1 -3.362e+04 1.515e+02 1.455e+02
|    ( - -2.635e+04 1 0)
|    ( QUESTION0 -1 -7.113e+03 1.228e+02 2.990e+01
|        ( - -3.611e+03 1 0)
|        ( - -3.380e+03 1 0)))
s>    ( QUESTION14 -1 -3.362e+04 1.515e+02 1.455e+02
s>        ( - -2.635e+04 1 0)
s>        ( QUESTION0 -1 -7.113e+03 1.228e+02 2.990e+01
s>            ( - -3.611e+03 1 0)
s>            ( - -3.380e+03 1 0)))INFO: dtree.c(1315): Comp split 54
INFO: dtree.c(1315): Comp split 55
INFO: dtree.c(1315): Comp split 56
INFO: dtree.c(1439): stop. leaf nodes are specific
INFO: dtree.c(1478): Final simple tree
|( QUESTION0_0_R 1 -7.863e+03 1.424e+02 3.294e+01
|    ( QUESTION0_2_R 1 -7.092e+03 8.511e+01 2.994e+01
|        ( - -3.930e+03 1 0)
|        ( - -3.076e+03 2 0))
|    ( - -6.288e+02 1 0))
s>    ( QUESTION0_0_R 1 -7.863e+03 1.424e+02 3.294e+01
s>        ( QUESTION0_2_R 1 -7.092e+03 8.511e+01 2.994e+01
s>            ( - -3.930e+03 1 0)
s>            ( - -3.076e+03 2 0))
s>        ( - -6.288e+02 1 0))INFO: dtree.c(1315): Comp split 57
INFO: dtree.c(1315): Comp split 58
INFO: dtree.c(1315): Comp split 59
INFO: dtree.c(1439): stop. leaf nodes are specific
INFO: dtree.c(1478): Final simple tree
|( QUESTION11 -1 -2.509e+04 1.153e+02 1.138e+02
|    ( - -2.442e+04 1 0)
|    ( - -5.562e+02 2 0))
s>    ( QUESTION11 -1 -2.509e+04 1.153e+02 1.138e+02
s>        ( - -2.442e+04 1 0)
s>        ( - -5.562e+02 2 0))INFO: dtree.c(1315): Comp split 60
INFO: dtree.c(1315): Comp split 61
INFO: dtree.c(1439): stop. leaf nodes are specific
INFO: dtree.c(1478): Final simple tree
|( WDBNDRY_B 0 -3.576e+04 1.178e+02 1.566e+02
|    ( - -2.147e+04 1 0)
|    ( - -1.417e+04 1 0))
s>    ( WDBNDRY_B 0 -3.576e+04 1.178e+02 1.566e+02
s>        ( - -2.147e+04 1 0)
s>        ( - -1.417e+04 1 0))INFO: dtree.c(1315): Comp split 62
INFO: dtree.c(1315): Comp split 63
INFO: dtree.c(1315): Comp split 64
INFO: dtree.c(1439): stop. leaf nodes are specific
INFO: dtree.c(1478): Final simple tree
|( QUESTION0 -1 -7.113e+03 1.228e+02 2.990e+01
|    ( - -3.611e+03 1 0)
|    ( - -3.380e+03 1 0))
s>    ( QUESTION0 -1 -7.113e+03 1.228e+02 2.990e+01
s>        ( - -3.611e+03 1 0)
s>        ( - -3.380e+03 1 0))INFO: dtree.c(1315): Comp split 65
INFO: dtree.c(1315): Comp split 66
INFO: dtree.c(1439): stop. leaf nodes are specific
INFO: dtree.c(1478): Final simple tree
|( WDBNDRY_E 0 -2.126e+03 1.358e+02 9.000e+00
|    ( - -6.012e+02 1 0)
|    ( - -1.389e+03 1 0))
s>    ( WDBNDRY_E 0 -2.126e+03 1.358e+02 9.000e+00
s>        ( - -6.012e+02 1 0)
s>        ( - -1.389e+03 1 0))INFO: dtree.c(1439): stop. leaf nodes are specific
INFO: dtree.c(1478): Final simple tree
|( QUESTION0_14_R 1 -1.905e+05 1.373e+02 8.275e+02
|    ( - -2.579e+04 3 0)
|    ( - -1.646e+05 2 0))
s>    ( QUESTION0_14_R 1 -1.905e+05 1.373e+02 8.275e+02
s>        ( - -2.579e+04 3 0)
s>        ( - -1.646e+05 2 0))INFO: dtree.c(1315): Comp split 67
INFO: dtree.c(1315): Comp split 68
INFO: dtree.c(1439): stop. leaf nodes are specific
INFO: dtree.c(1478): Final simple tree
|( QUESTION0_2_R 1 -7.092e+03 8.511e+01 2.994e+01
|    ( - -3.930e+03 1 0)
|    ( - -3.076e+03 2 0))
s>    ( QUESTION0_2_R 1 -7.092e+03 8.511e+01 2.994e+01
s>        ( - -3.930e+03 1 0)
s>        ( - -3.076e+03 2 0))INFO: dtree.c(1315): Comp split 69
INFO: dtree.c(1315): Comp split 70
INFO: dtree.c(1315): Comp split 71
INFO: dtree.c(1315): Comp split 72
INFO: dtree.c(1315): Comp split 73
INFO: dtree.c(1439): stop. leaf nodes are specific
INFO: dtree.c(1478): Final simple tree
|( WDBNDRY_E 0 -9.268e+03 6.828e+01 3.879e+01
|    ( - -3.820e+03 1 0)
|    ( - -5.379e+03 1 0))
s>    ( WDBNDRY_E 0 -9.268e+03 6.828e+01 3.879e+01
s>        ( - -3.820e+03 1 0)
s>        ( - -5.379e+03 1 0))INFO: dtree.c(1315): Comp split 74
INFO: dtree.c(1439): stop. leaf nodes are specific
INFO: dtree.c(1478): Final simple tree
|( QUESTION11 1 -2.983e+03 1.313e+02 1.300e+01
|    ( - -5.948e+02 1 0)
|    ( - -2.257e+03 2 0))
s>    ( QUESTION11 1 -2.983e+03 1.313e+02 1.300e+01
s>        ( - -5.948e+02 1 0)
s>        ( - -2.257e+03 2 0))INFO: dtree.c(1315): Comp split 75
INFO: dtree.c(1315): Comp split 76
INFO: dtree.c(1315): Comp split 77
INFO: dtree.c(1315): Comp split 78
INFO: dtree.c(1315): Comp split 79
INFO: dtree.c(1315): Comp split 80
INFO: dtree.c(1315): Comp split 81
INFO: dtree.c(1315): Comp split 82
INFO: dtree.c(1315): Comp split 83
INFO: dtree.c(1315): Comp split 84
INFO: dtree.c(1315): Comp split 85
INFO: dtree.c(1315): Comp split 86
INFO: dtree.c(1315): Comp split 87
INFO: dtree.c(1318): stop. leaf nodes are specific
Sun Mar 19 21:51:06 2017
