Current configuration:
[NAME]		[DEFLT]	[VALUE]
-allphones	no	no
-cntthresh	0.00001	1.000000e-05
-csplitmax	100	2000
-csplitmin	1	1
-csplitthr	8e-4	0.000000e+00
-example	no	no
-fullvar	no	no
-help		no	no
-meanfn			/home/ilya/Рабочий стол/lab_sphinx/ru_base/model_parameters/ru_base.cd_cont_untied/means
-mixwfn			/home/ilya/Рабочий стол/lab_sphinx/ru_base/model_parameters/ru_base.cd_cont_untied/mixture_weights
-moddeffn		/home/ilya/Рабочий стол/lab_sphinx/ru_base/model_architecture/ru_base.untied.mdef
-mwfloor	1e-4	1.000000e-08
-phone			bj
-psetfn			/home/ilya/Рабочий стол/lab_sphinx/ru_base/model_architecture/ru_base.tree_questions
-ssplitmax	5	7
-ssplitmin	1	1
-ssplitthr	8e-4	0.000000e+00
-state			1
-stwt			1.0,0.05,0.0,
-treefn			/home/ilya/Рабочий стол/lab_sphinx/ru_base/trees/ru_base.unpruned/bj-1.dtree
-ts2cbfn	.semi.	.cont.
-varfloor	0.00001	1.000000e-05
-varfn			/home/ilya/Рабочий стол/lab_sphinx/ru_base/model_parameters/ru_base.cd_cont_untied/variances

INFO: main.c(223): Reading: /home/ilya/Рабочий стол/lab_sphinx/ru_base/model_architecture/ru_base.untied.mdef
INFO: model_def_io.c(573): Model definition info:
INFO: model_def_io.c(574): 9415 total models defined (43 base, 9372 tri)
INFO: model_def_io.c(575): 37660 total states
INFO: model_def_io.c(576): 28245 total tied states
INFO: model_def_io.c(577): 129 total tied CI states
INFO: model_def_io.c(578): 43 total tied transition matrices
INFO: model_def_io.c(579): 4 max state/model
INFO: model_def_io.c(580): 4 min state/model
INFO: main.c(242): Building trees for [bj SIL e0 b] through [bj zh e0 i]
INFO: main.c(269): Covering states |[3195 3311]| == 117
INFO: main.c(275): Reading: /home/ilya/Рабочий стол/lab_sphinx/ru_base/model_parameters/ru_base.cd_cont_untied/mixture_weights
INFO: s3mixw_io.c(173): Read /home/ilya/Рабочий стол/lab_sphinx/ru_base/model_parameters/ru_base.cd_cont_untied/mixture_weights [117x1x1 array]
INFO: main.c(311): 39 of 39 models have observation count greater than 0.000010
INFO: main.c(95): nrm stwt: 0.045 0.909 0.045 
INFO: s3gau_io.c(169): Read /home/ilya/Рабочий стол/lab_sphinx/ru_base/model_parameters/ru_base.cd_cont_untied/means [28245x1x1 array]
INFO: s3gau_io.c(169): Read /home/ilya/Рабочий стол/lab_sphinx/ru_base/model_parameters/ru_base.cd_cont_untied/variances [28245x1x1 array]
INFO: main.c(549): Reading: /home/ilya/Рабочий стол/lab_sphinx/ru_base/model_architecture/ru_base.tree_questions
INFO: main.c(588): 180 total simple questions (172 phone; 8 word bndry)
INFO: main.c(590): 42 Left Only questions, and 42 Right Only questions
INFO: dtree.c(1478): Final simple tree
|( QUESTION11 -1 -7.001e+05 7.937e+02 3.094e+03
|    ( - -3.415e+04 1 0)
|    ( QUESTION20 1 -6.651e+05 6.555e+02 2.951e+03
|        ( WDBNDRY_B 0 -1.623e+05 3.840e+02 7.217e+02
|            ( - -2.276e+04 4 0 QUESTION16 -1 1.602e+02 9.829e+01)
|            ( - -1.391e+05 6 0 QUESTION17 -1 3.507e+02 6.234e+02))
|        ( QUESTION14 1 -5.022e+05 7.590e+02 2.229e+03
|            ( QUESTION0_14_R 1 -8.509e+04 7.979e+02 3.805e+02
|                ( - -2.637e+04 1 0)
|                ( - -5.792e+04 2 0 WDBNDRY_B 0 2.301e+02 2.603e+02))
|            ( QUESTION16 -1 -4.163e+05 5.407e+02 1.849e+03
|                ( - -1.217e+05 4 0 WDBNDRY_B 0 1.913e+02 5.444e+02)
|                ( WDBNDRY_B 0 -2.941e+05 4.805e+02 1.304e+03
|                    ( - -1.794e+05 12 0 QUESTION2_12_L -1 2.855e+02 7.938e+02)
|                    ( - -1.142e+05 9 0 QUESTION18 -1 3.396e+02 5.107e+02))))))
s>    ( QUESTION11 -1 -7.001e+05 7.937e+02 3.094e+03
s>        ( - -3.415e+04 1 0)
s>        ( QUESTION20 1 -6.651e+05 6.555e+02 2.951e+03
s>            ( WDBNDRY_B 0 -1.623e+05 3.840e+02 7.217e+02
s>                ( - -2.276e+04 4 0 QUESTION16 -1 1.602e+02 9.829e+01)
s>                ( - -1.391e+05 6 0 QUESTION17 -1 3.507e+02 6.234e+02))
s>            ( QUESTION14 1 -5.022e+05 7.590e+02 2.229e+03
s>                ( QUESTION0_14_R 1 -8.509e+04 7.979e+02 3.805e+02
s>                    ( - -2.637e+04 1 0)
s>                    ( - -5.792e+04 2 0 WDBNDRY_B 0 2.301e+02 2.603e+02))
s>                ( QUESTION16 -1 -4.163e+05 5.407e+02 1.849e+03
s>                    ( - -1.217e+05 4 0 WDBNDRY_B 0 1.913e+02 5.444e+02)
s>                    ( WDBNDRY_B 0 -2.941e+05 4.805e+02 1.304e+03
s>                        ( - -1.794e+05 12 0 QUESTION2_12_L -1 2.855e+02 7.938e+02)
s>                        ( - -1.142e+05 9 0 QUESTION18 -1 3.396e+02 5.107e+02))))))INFO: dtree.c(1315): Comp split 0
INFO: dtree.c(1478): Final simple tree
|( QUESTION14 1 -2.207e+05 4.925e+02 9.820e+02
|    ( WDBNDRY_B 0 -5.792e+04 2.301e+02 2.603e+02
|        ( - -3.441e+04 1 0)
|        ( - -2.328e+04 1 0))
|    ( WDBNDRY_B 0 -1.623e+05 3.840e+02 7.217e+02
|        ( - -2.276e+04 4 0 QUESTION16 -1 1.602e+02 9.829e+01)
|        ( QUESTION17 -1 -1.391e+05 3.507e+02 6.234e+02
|            ( - -2.300e+04 1 0)
|            ( QUESTION4 -1 -1.158e+05 3.075e+02 5.186e+02
|                ( - -4.336e+04 1 0)
|                ( QUESTION14 -1 -7.210e+04 2.865e+02 3.228e+02
|                    ( - -4.332e+04 1 0)
|                    ( QUESTION0 -1 -2.850e+04 1.644e+02 1.289e+02
|                        ( - -2.213e+04 1 0)
|                        ( - -6.212e+03 2 0)))))))
s>    ( QUESTION14 1 -2.207e+05 4.925e+02 9.820e+02
s>        ( WDBNDRY_B 0 -5.792e+04 2.301e+02 2.603e+02
s>            ( - -3.441e+04 1 0)
s>            ( - -2.328e+04 1 0))
s>        ( WDBNDRY_B 0 -1.623e+05 3.840e+02 7.217e+02
s>            ( - -2.276e+04 4 0 QUESTION16 -1 1.602e+02 9.829e+01)
s>            ( QUESTION17 -1 -1.391e+05 3.507e+02 6.234e+02
s>                ( - -2.300e+04 1 0)
s>                ( QUESTION4 -1 -1.158e+05 3.075e+02 5.186e+02
s>                    ( - -4.336e+04 1 0)
s>                    ( QUESTION14 -1 -7.210e+04 2.865e+02 3.228e+02
s>                        ( - -4.332e+04 1 0)
s>                        ( QUESTION0 -1 -2.850e+04 1.644e+02 1.289e+02
s>                            ( - -2.213e+04 1 0)
s>                            ( - -6.212e+03 2 0)))))))INFO: dtree.c(1478): Final simple tree
|( QUESTION11 -1 -4.784e+05 7.844e+02 2.112e+03
|    ( - -3.415e+04 1 0)
|    ( QUESTION14 1 -4.434e+05 7.127e+02 1.969e+03
|        ( - -2.637e+04 1 0)
|        ( QUESTION16 -1 -4.163e+05 5.407e+02 1.849e+03
|            ( - -1.217e+05 4 0 WDBNDRY_B 0 1.913e+02 5.444e+02)
|            ( WDBNDRY_B 0 -2.941e+05 4.805e+02 1.304e+03
|                ( QUESTION2_12_L -1 -1.794e+05 2.855e+02 7.938e+02
|                    ( - -1.715e+04 1 0)
|                    ( QUESTION2_14_L -1 -1.620e+05 2.608e+02 7.184e+02
|                        ( - -6.828e+04 4 0 QUESTION18 -1 1.929e+02 3.011e+02)
|                        ( - -9.343e+04 7 0 QUESTION14 -1 2.828e+02 4.173e+02)))
|                ( QUESTION18 -1 -1.142e+05 3.396e+02 5.107e+02
|                    ( - -2.066e+04 1 0)
|                    ( - -9.320e+04 8 0 QUESTION14 -1 2.589e+02 4.166e+02))))))
s>    ( QUESTION11 -1 -4.784e+05 7.844e+02 2.112e+03
s>        ( - -3.415e+04 1 0)
s>        ( QUESTION14 1 -4.434e+05 7.127e+02 1.969e+03
s>            ( - -2.637e+04 1 0)
s>            ( QUESTION16 -1 -4.163e+05 5.407e+02 1.849e+03
s>                ( - -1.217e+05 4 0 WDBNDRY_B 0 1.913e+02 5.444e+02)
s>                ( WDBNDRY_B 0 -2.941e+05 4.805e+02 1.304e+03
s>                    ( QUESTION2_12_L -1 -1.794e+05 2.855e+02 7.938e+02
s>                        ( - -1.715e+04 1 0)
s>                        ( QUESTION2_14_L -1 -1.620e+05 2.608e+02 7.184e+02
s>                            ( - -6.828e+04 4 0 QUESTION18 -1 1.929e+02 3.011e+02)
s>                            ( - -9.343e+04 7 0 QUESTION14 -1 2.828e+02 4.173e+02)))
s>                    ( QUESTION18 -1 -1.142e+05 3.396e+02 5.107e+02
s>                        ( - -2.066e+04 1 0)
s>                        ( - -9.320e+04 8 0 QUESTION14 -1 2.589e+02 4.166e+02))))))INFO: dtree.c(1315): Comp split 1
INFO: dtree.c(1478): Final simple tree
|( QUESTION16 -1 -4.163e+05 5.407e+02 1.849e+03
|    ( - -1.217e+05 4 0 WDBNDRY_B 0 1.913e+02 5.444e+02)
|    ( WDBNDRY_B 0 -2.941e+05 4.805e+02 1.304e+03
|        ( QUESTION2_12_L -1 -1.794e+05 2.855e+02 7.938e+02
|            ( - -1.715e+04 1 0)
|            ( QUESTION2_14_L -1 -1.620e+05 2.608e+02 7.184e+02
|                ( - -6.828e+04 4 0 QUESTION18 -1 1.929e+02 3.011e+02)
|                ( QUESTION14 -1 -9.343e+04 2.828e+02 4.173e+02
|                    ( - -6.481e+04 2 0)
|                    ( - -2.833e+04 5 0 QUESTION13 -1 2.215e+02 1.256e+02))))
|        ( QUESTION18 -1 -1.142e+05 3.396e+02 5.107e+02
|            ( - -2.066e+04 1 0)
|            ( QUESTION14 -1 -9.320e+04 2.589e+02 4.166e+02
|                ( - -1.535e+04 2 0 QUESTION0_14_R 1 2.200e+02 6.969e+01)
|                ( - -7.759e+04 6 0 QUESTION6 -1 2.323e+02 3.469e+02)))))
s>    ( QUESTION16 -1 -4.163e+05 5.407e+02 1.849e+03
s>        ( - -1.217e+05 4 0 WDBNDRY_B 0 1.913e+02 5.444e+02)
s>        ( WDBNDRY_B 0 -2.941e+05 4.805e+02 1.304e+03
s>            ( QUESTION2_12_L -1 -1.794e+05 2.855e+02 7.938e+02
s>                ( - -1.715e+04 1 0)
s>                ( QUESTION2_14_L -1 -1.620e+05 2.608e+02 7.184e+02
s>                    ( - -6.828e+04 4 0 QUESTION18 -1 1.929e+02 3.011e+02)
s>                    ( QUESTION14 -1 -9.343e+04 2.828e+02 4.173e+02
s>                        ( - -6.481e+04 2 0)
s>                        ( - -2.833e+04 5 0 QUESTION13 -1 2.215e+02 1.256e+02))))
s>            ( QUESTION18 -1 -1.142e+05 3.396e+02 5.107e+02
s>                ( - -2.066e+04 1 0)
s>                ( QUESTION14 -1 -9.320e+04 2.589e+02 4.166e+02
s>                    ( - -1.535e+04 2 0 QUESTION0_14_R 1 2.200e+02 6.969e+01)
s>                    ( - -7.759e+04 6 0 QUESTION6 -1 2.323e+02 3.469e+02)))))INFO: dtree.c(1439): stop. leaf nodes are specific
INFO: dtree.c(1478): Final simple tree
|( WDBNDRY_B 0 -6.113e+04 6.032e+02 2.633e+02
|    ( - -3.415e+04 1 0)
|    ( - -2.637e+04 1 0))
s>    ( WDBNDRY_B 0 -6.113e+04 6.032e+02 2.633e+02
s>        ( - -3.415e+04 1 0)
s>        ( - -2.637e+04 1 0))INFO: dtree.c(1315): Comp split 2
INFO: dtree.c(1478): Final simple tree
|( QUESTION14 -1 -9.320e+04 2.589e+02 4.166e+02
|    ( QUESTION0_14_R 1 -1.535e+04 2.200e+02 6.969e+01
|        ( - -2.501e+02 1 0)
|        ( - -1.488e+04 1 0))
|    ( QUESTION6 -1 -7.759e+04 2.323e+02 3.469e+02
|        ( - -2.275e+02 1 0)
|        ( QUESTION2 -1 -7.713e+04 2.040e+02 3.449e+02
|            ( - -2.524e+02 1 0)
|            ( QUESTION4 -1 -7.667e+04 1.869e+02 3.429e+02
|                ( - -5.475e+02 1 0)
|                ( QUESTION0_14_R 1 -7.594e+04 1.581e+02 3.399e+02
|                    ( - -2.987e+04 1 0)
|                    ( QUESTION0 -1 -4.591e+04 1.205e+02 2.055e+02
|                        ( - -5.348e+02 1 0)
|                        ( - -4.525e+04 1 0)))))))
s>    ( QUESTION14 -1 -9.320e+04 2.589e+02 4.166e+02
s>        ( QUESTION0_14_R 1 -1.535e+04 2.200e+02 6.969e+01
s>            ( - -2.501e+02 1 0)
s>            ( - -1.488e+04 1 0))
s>        ( QUESTION6 -1 -7.759e+04 2.323e+02 3.469e+02
s>            ( - -2.275e+02 1 0)
s>            ( QUESTION2 -1 -7.713e+04 2.040e+02 3.449e+02
s>                ( - -2.524e+02 1 0)
s>                ( QUESTION4 -1 -7.667e+04 1.869e+02 3.429e+02
s>                    ( - -5.475e+02 1 0)
s>                    ( QUESTION0_14_R 1 -7.594e+04 1.581e+02 3.399e+02
s>                        ( - -2.987e+04 1 0)
s>                        ( QUESTION0 -1 -4.591e+04 1.205e+02 2.055e+02
s>                            ( - -5.348e+02 1 0)
s>                            ( - -4.525e+04 1 0)))))))INFO: dtree.c(1478): Final simple tree
|( QUESTION14 -1 -3.225e+05 5.060e+02 1.432e+03
|    ( QUESTION2_19_L -1 -1.159e+05 3.108e+02 5.155e+02
|        ( - -5.032e+04 1 0)
|        ( - -6.526e+04 3 0 QUESTION2_14_L -1 1.682e+02 2.937e+02))
|    ( WDBNDRY_B 0 -2.061e+05 2.558e+02 9.167e+02
|        ( QUESTION2_12_L -1 -9.263e+04 2.636e+02 4.084e+02
|            ( - -1.715e+04 1 0)
|            ( QUESTION13 -1 -7.521e+04 2.141e+02 3.330e+02
|                ( QUESTION18 -1 -6.737e+04 1.941e+02 3.000e+02
|                    ( - -4.927e+02 1 0)
|                    ( - -6.668e+04 4 0 QUESTION16 -1 1.560e+02 2.980e+02))
|                ( - -7.626e+03 4 0 QUESTION4 -1 1.654e+02 3.304e+01)))
|        ( QUESTION16 -1 -1.132e+05 2.065e+02 5.083e+02
|            ( - -9.232e+04 2 0)
|            ( - -2.066e+04 1 0))))
s>    ( QUESTION14 -1 -3.225e+05 5.060e+02 1.432e+03
s>        ( QUESTION2_19_L -1 -1.159e+05 3.108e+02 5.155e+02
s>            ( - -5.032e+04 1 0)
s>            ( - -6.526e+04 3 0 QUESTION2_14_L -1 1.682e+02 2.937e+02))
s>        ( WDBNDRY_B 0 -2.061e+05 2.558e+02 9.167e+02
s>            ( QUESTION2_12_L -1 -9.263e+04 2.636e+02 4.084e+02
s>                ( - -1.715e+04 1 0)
s>                ( QUESTION13 -1 -7.521e+04 2.141e+02 3.330e+02
s>                    ( QUESTION18 -1 -6.737e+04 1.941e+02 3.000e+02
s>                        ( - -4.927e+02 1 0)
s>                        ( - -6.668e+04 4 0 QUESTION16 -1 1.560e+02 2.980e+02))
s>                    ( - -7.626e+03 4 0 QUESTION4 -1 1.654e+02 3.304e+01)))
s>            ( QUESTION16 -1 -1.132e+05 2.065e+02 5.083e+02
s>                ( - -9.232e+04 2 0)
s>                ( - -2.066e+04 1 0))))INFO: dtree.c(1315): Comp split 3
INFO: dtree.c(1315): Comp split 4
INFO: dtree.c(1478): Final simple tree
|( QUESTION2_20_L -1 -1.244e+05 3.089e+02 5.506e+02
|    ( - -6.481e+04 2 0)
|    ( QUESTION13 -1 -5.928e+04 2.106e+02 2.589e+02
|        ( QUESTION14 -1 -5.145e+04 1.922e+02 2.259e+02
|            ( QUESTION2_17_L -1 -5.076e+04 1.685e+02 2.239e+02
|                ( - -2.761e+02 1 0)
|                ( - -5.032e+04 1 0))
|            ( - -4.927e+02 1 0))
|        ( QUESTION4 -1 -7.626e+03 1.654e+02 3.304e+01
|            ( - -7.165e+02 1 0)
|            ( QUESTION1 -1 -6.744e+03 1.427e+02 2.904e+01
|                ( - -3.057e+02 1 0)
|                ( SILENCE -1 -6.296e+03 1.193e+02 2.704e+01
|                    ( - -2.813e+03 1 0)
|                    ( - -3.364e+03 1 0))))))
s>    ( QUESTION2_20_L -1 -1.244e+05 3.089e+02 5.506e+02
s>        ( - -6.481e+04 2 0)
s>        ( QUESTION13 -1 -5.928e+04 2.106e+02 2.589e+02
s>            ( QUESTION14 -1 -5.145e+04 1.922e+02 2.259e+02
s>                ( QUESTION2_17_L -1 -5.076e+04 1.685e+02 2.239e+02
s>                    ( - -2.761e+02 1 0)
s>                    ( - -5.032e+04 1 0))
s>                ( - -4.927e+02 1 0))
s>            ( QUESTION4 -1 -7.626e+03 1.654e+02 3.304e+01
s>                ( - -7.165e+02 1 0)
s>                ( QUESTION1 -1 -6.744e+03 1.427e+02 2.904e+01
s>                    ( - -3.057e+02 1 0)
s>                    ( SILENCE -1 -6.296e+03 1.193e+02 2.704e+01
s>                        ( - -2.813e+03 1 0)
s>                        ( - -3.364e+03 1 0))))))INFO: dtree.c(1439): stop. leaf nodes are specific
INFO: dtree.c(1478): Final simple tree
|( QUESTION2_20_L -1 -1.975e+05 2.399e+02 8.817e+02
|    ( WDBNDRY_B 0 -1.424e+05 2.251e+02 6.370e+02
|        ( QUESTION16 -1 -4.986e+04 1.760e+02 2.227e+02
|            ( - -2.920e+04 2 0)
|            ( - -2.048e+04 1 0))
|        ( - -9.232e+04 2 0))
|    ( QUESTION0 -1 -5.487e+04 2.085e+02 2.447e+02
|        ( - -1.715e+04 1 0)
|        ( WDBNDRY_B 0 -3.751e+04 1.535e+02 1.693e+02
|            ( - -1.669e+04 1 0)
|            ( - -2.066e+04 1 0))))
s>    ( QUESTION2_20_L -1 -1.975e+05 2.399e+02 8.817e+02
s>        ( WDBNDRY_B 0 -1.424e+05 2.251e+02 6.370e+02
s>            ( QUESTION16 -1 -4.986e+04 1.760e+02 2.227e+02
s>                ( - -2.920e+04 2 0)
s>                ( - -2.048e+04 1 0))
s>            ( - -9.232e+04 2 0))
s>        ( QUESTION0 -1 -5.487e+04 2.085e+02 2.447e+02
s>            ( - -1.715e+04 1 0)
s>            ( WDBNDRY_B 0 -3.751e+04 1.535e+02 1.693e+02
s>                ( - -1.669e+04 1 0)
s>                ( - -2.066e+04 1 0))))INFO: dtree.c(1315): Comp split 5
INFO: dtree.c(1439): stop. leaf nodes are specific
INFO: dtree.c(1478): Final simple tree
|( WDBNDRY_B 0 -1.389e+05 3.864e+02 6.169e+02
|    ( QUESTION16 -1 -2.276e+04 1.602e+02 9.829e+01
|        ( - -4.036e+02 1 0)
|        ( QUESTION14 -1 -2.220e+04 1.384e+02 9.629e+01
|            ( - -2.125e+04 2 0)
|            ( - -8.150e+02 1 0)))
|    ( QUESTION4 -1 -1.158e+05 3.075e+02 5.186e+02
|        ( - -4.336e+04 1 0)
|        ( QUESTION14 -1 -7.210e+04 2.865e+02 3.228e+02
|            ( - -4.332e+04 1 0)
|            ( QUESTION0 -1 -2.850e+04 1.644e+02 1.289e+02
|                ( - -2.213e+04 1 0)
|                ( - -6.212e+03 2 0)))))
s>    ( WDBNDRY_B 0 -1.389e+05 3.864e+02 6.169e+02
s>        ( QUESTION16 -1 -2.276e+04 1.602e+02 9.829e+01
s>            ( - -4.036e+02 1 0)
s>            ( QUESTION14 -1 -2.220e+04 1.384e+02 9.629e+01
s>                ( - -2.125e+04 2 0)
s>                ( - -8.150e+02 1 0)))
s>        ( QUESTION4 -1 -1.158e+05 3.075e+02 5.186e+02
s>            ( - -4.336e+04 1 0)
s>            ( QUESTION14 -1 -7.210e+04 2.865e+02 3.228e+02
s>                ( - -4.332e+04 1 0)
s>                ( QUESTION0 -1 -2.850e+04 1.644e+02 1.289e+02
s>                    ( - -2.213e+04 1 0)
s>                    ( - -6.212e+03 2 0)))))INFO: dtree.c(1439): stop. leaf nodes are specific
INFO: dtree.c(1478): Final simple tree
|( QUESTION14 1 -8.126e+04 3.370e+02 3.651e+02
|    ( WDBNDRY_B 0 -5.792e+04 2.301e+02 2.603e+02
|        ( - -3.441e+04 1 0)
|        ( - -2.328e+04 1 0))
|    ( - -2.300e+04 1 0))
s>    ( QUESTION14 1 -8.126e+04 3.370e+02 3.651e+02
s>        ( WDBNDRY_B 0 -5.792e+04 2.301e+02 2.603e+02
s>            ( - -3.441e+04 1 0)
s>            ( - -2.328e+04 1 0))
s>        ( - -2.300e+04 1 0))INFO: dtree.c(1315): Comp split 6
INFO: dtree.c(1439): stop. leaf nodes are specific
INFO: dtree.c(1478): Final simple tree
|( QUESTION4 -1 -1.173e+05 3.080e+02 5.246e+02
|    ( - -4.336e+04 1 0)
|    ( QUESTION2_14_L -1 -7.362e+04 2.861e+02 3.288e+02
|        ( WDBNDRY_B 0 -4.426e+04 1.330e+02 1.980e+02
|            ( - -8.150e+02 1 0)
|            ( - -4.332e+04 1 0))
|        ( QUESTION0 -1 -2.907e+04 1.666e+02 1.309e+02
|            ( - -2.213e+04 1 0)
|            ( WDBNDRY_B 0 -6.775e+03 1.599e+02 3.001e+01
|                ( - -4.036e+02 1 0)
|                ( - -6.212e+03 2 0)))))
s>    ( QUESTION4 -1 -1.173e+05 3.080e+02 5.246e+02
s>        ( - -4.336e+04 1 0)
s>        ( QUESTION2_14_L -1 -7.362e+04 2.861e+02 3.288e+02
s>            ( WDBNDRY_B 0 -4.426e+04 1.330e+02 1.980e+02
s>                ( - -8.150e+02 1 0)
s>                ( - -4.332e+04 1 0))
s>            ( QUESTION0 -1 -2.907e+04 1.666e+02 1.309e+02
s>                ( - -2.213e+04 1 0)
s>                ( WDBNDRY_B 0 -6.775e+03 1.599e+02 3.001e+01
s>                    ( - -4.036e+02 1 0)
s>                    ( - -6.212e+03 2 0)))))INFO: dtree.c(1315): Comp split 7
INFO: dtree.c(1439): stop. leaf nodes are specific
INFO: dtree.c(1478): Final simple tree
|( WDBNDRY_B 0 -5.792e+04 2.301e+02 2.603e+02
|    ( - -3.441e+04 1 0)
|    ( - -2.328e+04 1 0))
s>    ( WDBNDRY_B 0 -5.792e+04 2.301e+02 2.603e+02
s>        ( - -3.441e+04 1 0)
s>        ( - -2.328e+04 1 0))INFO: dtree.c(1315): Comp split 8
INFO: dtree.c(1439): stop. leaf nodes are specific
INFO: dtree.c(1478): Final simple tree
|( QUESTION0 -1 -2.850e+04 1.644e+02 1.289e+02
|    ( - -2.213e+04 1 0)
|    ( - -6.212e+03 2 0))
s>    ( QUESTION0 -1 -2.850e+04 1.644e+02 1.289e+02
s>        ( - -2.213e+04 1 0)
s>        ( - -6.212e+03 2 0))INFO: dtree.c(1439): stop. leaf nodes are specific
INFO: dtree.c(1478): Final simple tree
|( QUESTION0 -1 -8.845e+04 2.709e+02 3.957e+02
|    ( - -4.336e+04 1 0)
|    ( QUESTION16 -1 -4.482e+04 1.535e+02 2.000e+02
|        ( - -4.036e+02 1 0)
|        ( WDBNDRY_B 0 -4.426e+04 1.330e+02 1.980e+02
|            ( - -8.150e+02 1 0)
|            ( - -4.332e+04 1 0))))
s>    ( QUESTION0 -1 -8.845e+04 2.709e+02 3.957e+02
s>        ( - -4.336e+04 1 0)
s>        ( QUESTION16 -1 -4.482e+04 1.535e+02 2.000e+02
s>            ( - -4.036e+02 1 0)
s>            ( WDBNDRY_B 0 -4.426e+04 1.330e+02 1.980e+02
s>                ( - -8.150e+02 1 0)
s>                ( - -4.332e+04 1 0))))INFO: dtree.c(1315): Comp split 9
INFO: dtree.c(1439): stop. leaf nodes are specific
INFO: dtree.c(1478): Final simple tree
|( QUESTION13 -1 -5.725e+04 1.840e+02 2.509e+02
|    ( - -5.032e+04 1 0)
|    ( QUESTION1 -1 -6.744e+03 1.427e+02 2.904e+01
|        ( - -3.057e+02 1 0)
|        ( SILENCE -1 -6.296e+03 1.193e+02 2.704e+01
|            ( - -2.813e+03 1 0)
|            ( - -3.364e+03 1 0))))
s>    ( QUESTION13 -1 -5.725e+04 1.840e+02 2.509e+02
s>        ( - -5.032e+04 1 0)
s>        ( QUESTION1 -1 -6.744e+03 1.427e+02 2.904e+01
s>            ( - -3.057e+02 1 0)
s>            ( SILENCE -1 -6.296e+03 1.193e+02 2.704e+01
s>                ( - -2.813e+03 1 0)
s>                ( - -3.364e+03 1 0))))INFO: dtree.c(1439): stop. leaf nodes are specific
INFO: dtree.c(1478): Final simple tree
|( QUESTION15 -1 -6.685e+04 1.925e+02 2.997e+02
|    ( - -4.927e+02 1 0)
|    ( QUESTION0 -1 -6.616e+04 1.849e+02 2.977e+02
|        ( - -7.165e+02 1 0)
|        ( QUESTION2_14_L -1 -6.526e+04 1.682e+02 2.937e+02
|            ( - -2.761e+02 1 0)
|            ( - -6.481e+04 2 0))))
s>    ( QUESTION15 -1 -6.685e+04 1.925e+02 2.997e+02
s>        ( - -4.927e+02 1 0)
s>        ( QUESTION0 -1 -6.616e+04 1.849e+02 2.977e+02
s>            ( - -7.165e+02 1 0)
s>            ( QUESTION2_14_L -1 -6.526e+04 1.682e+02 2.937e+02
s>                ( - -2.761e+02 1 0)
s>                ( - -6.481e+04 2 0))))INFO: dtree.c(1315): Comp split 10
INFO: dtree.c(1439): stop. leaf nodes are specific
INFO: dtree.c(1478): Final simple tree
|( QUESTION6 -1 -7.640e+04 2.323e+02 3.419e+02
|    ( - -2.275e+02 1 0)
|    ( QUESTION0_14_R 1 -7.594e+04 1.581e+02 3.399e+02
|        ( - -2.987e+04 1 0)
|        ( QUESTION0 -1 -4.591e+04 1.205e+02 2.055e+02
|            ( - -5.348e+02 1 0)
|            ( - -4.525e+04 1 0))))
s>    ( QUESTION6 -1 -7.640e+04 2.323e+02 3.419e+02
s>        ( - -2.275e+02 1 0)
s>        ( QUESTION0_14_R 1 -7.594e+04 1.581e+02 3.399e+02
s>            ( - -2.987e+04 1 0)
s>            ( QUESTION0 -1 -4.591e+04 1.205e+02 2.055e+02
s>                ( - -5.348e+02 1 0)
s>                ( - -4.525e+04 1 0))))INFO: dtree.c(1439): stop. leaf nodes are specific
INFO: dtree.c(1478): Final simple tree
|( QUESTION0_14_R 1 -1.652e+04 2.188e+02 7.469e+01
|    ( - -2.501e+02 1 0)
|    ( QUESTION2 -1 -1.605e+04 2.052e+02 7.269e+01
|        ( - -2.524e+02 1 0)
|        ( QUESTION0 -1 -1.559e+04 1.659e+02 7.069e+01
|            ( - -5.475e+02 1 0)
|            ( - -1.488e+04 1 0))))
s>    ( QUESTION0_14_R 1 -1.652e+04 2.188e+02 7.469e+01
s>        ( - -2.501e+02 1 0)
s>        ( QUESTION2 -1 -1.605e+04 2.052e+02 7.269e+01
s>            ( - -2.524e+02 1 0)
s>            ( QUESTION0 -1 -1.559e+04 1.659e+02 7.069e+01
s>                ( - -5.475e+02 1 0)
s>                ( - -1.488e+04 1 0))))INFO: dtree.c(1315): Comp split 11
INFO: dtree.c(1439): stop. leaf nodes are specific
INFO: dtree.c(1478): Final simple tree
|( QUESTION16 -1 -6.668e+04 1.560e+02 2.980e+02
|    ( - -2.920e+04 2 0)
|    ( QUESTION20 -1 -3.732e+04 1.538e+02 1.678e+02
|        ( - -1.669e+04 1 0)
|        ( - -2.048e+04 1 0)))
s>    ( QUESTION16 -1 -6.668e+04 1.560e+02 2.980e+02
s>        ( - -2.920e+04 2 0)
s>        ( QUESTION20 -1 -3.732e+04 1.538e+02 1.678e+02
s>            ( - -1.669e+04 1 0)
s>            ( - -2.048e+04 1 0)))INFO: dtree.c(1439): stop. leaf nodes are specific
INFO: dtree.c(1478): Final simple tree
|( QUESTION16 -1 -1.306e+05 2.396e+02 5.837e+02
|    ( - -9.232e+04 2 0)
|    ( WDBNDRY_B 0 -3.800e+04 1.815e+02 1.694e+02
|        ( - -1.715e+04 1 0)
|        ( - -2.066e+04 1 0)))
s>    ( QUESTION16 -1 -1.306e+05 2.396e+02 5.837e+02
s>        ( - -9.232e+04 2 0)
s>        ( WDBNDRY_B 0 -3.800e+04 1.815e+02 1.694e+02
s>            ( - -1.715e+04 1 0)
s>            ( - -2.066e+04 1 0)))INFO: dtree.c(1315): Comp split 12
INFO: dtree.c(1439): stop. leaf nodes are specific
INFO: dtree.c(1478): Final simple tree
|( QUESTION16 -1 -4.482e+04 1.535e+02 2.000e+02
|    ( - -4.036e+02 1 0)
|    ( WDBNDRY_B 0 -4.426e+04 1.330e+02 1.980e+02
|        ( - -8.150e+02 1 0)
|        ( - -4.332e+04 1 0)))
s>    ( QUESTION16 -1 -4.482e+04 1.535e+02 2.000e+02
s>        ( - -4.036e+02 1 0)
s>        ( WDBNDRY_B 0 -4.426e+04 1.330e+02 1.980e+02
s>            ( - -8.150e+02 1 0)
s>            ( - -4.332e+04 1 0)))INFO: dtree.c(1315): Comp split 13
INFO: dtree.c(1439): stop. leaf nodes are specific
INFO: dtree.c(1478): Final simple tree
|( WDBNDRY_B 0 -3.800e+04 1.815e+02 1.694e+02
|    ( - -1.715e+04 1 0)
|    ( - -2.066e+04 1 0))
s>    ( WDBNDRY_B 0 -3.800e+04 1.815e+02 1.694e+02
s>        ( - -1.715e+04 1 0)
s>        ( - -2.066e+04 1 0))INFO: dtree.c(1315): Comp split 14
INFO: dtree.c(1439): stop. leaf nodes are specific
INFO: dtree.c(1478): Final simple tree
|( QUESTION0_14_R 1 -7.594e+04 1.581e+02 3.399e+02
|    ( - -2.987e+04 1 0)
|    ( QUESTION0 -1 -4.591e+04 1.205e+02 2.055e+02
|        ( - -5.348e+02 1 0)
|        ( - -4.525e+04 1 0)))
s>    ( QUESTION0_14_R 1 -7.594e+04 1.581e+02 3.399e+02
s>        ( - -2.987e+04 1 0)
s>        ( QUESTION0 -1 -4.591e+04 1.205e+02 2.055e+02
s>            ( - -5.348e+02 1 0)
s>            ( - -4.525e+04 1 0)))INFO: dtree.c(1315): Comp split 15
INFO: dtree.c(1315): Comp split 16
INFO: dtree.c(1439): stop. leaf nodes are specific
INFO: dtree.c(1478): Final simple tree
|( QUESTION2 -1 -1.605e+04 2.052e+02 7.269e+01
|    ( - -2.524e+02 1 0)
|    ( QUESTION0 -1 -1.559e+04 1.659e+02 7.069e+01
|        ( - -5.475e+02 1 0)
|        ( - -1.488e+04 1 0)))
s>    ( QUESTION2 -1 -1.605e+04 2.052e+02 7.269e+01
s>        ( - -2.524e+02 1 0)
s>        ( QUESTION0 -1 -1.559e+04 1.659e+02 7.069e+01
s>            ( - -5.475e+02 1 0)
s>            ( - -1.488e+04 1 0)))INFO: dtree.c(1315): Comp split 17
INFO: dtree.c(1439): stop. leaf nodes are specific
INFO: dtree.c(1478): Final simple tree
|( QUESTION0 -1 -1.559e+04 1.659e+02 7.069e+01
|    ( - -5.475e+02 1 0)
|    ( - -1.488e+04 1 0))
s>    ( QUESTION0 -1 -1.559e+04 1.659e+02 7.069e+01
s>        ( - -5.475e+02 1 0)
s>        ( - -1.488e+04 1 0))INFO: dtree.c(1315): Comp split 18
INFO: dtree.c(1439): stop. leaf nodes are specific
INFO: dtree.c(1478): Final simple tree
|( QUESTION0 -1 -6.616e+04 1.849e+02 2.977e+02
|    ( - -7.165e+02 1 0)
|    ( QUESTION2_14_L -1 -6.526e+04 1.682e+02 2.937e+02
|        ( - -2.761e+02 1 0)
|        ( - -6.481e+04 2 0)))
s>    ( QUESTION0 -1 -6.616e+04 1.849e+02 2.977e+02
s>        ( - -7.165e+02 1 0)
s>        ( QUESTION2_14_L -1 -6.526e+04 1.682e+02 2.937e+02
s>            ( - -2.761e+02 1 0)
s>            ( - -6.481e+04 2 0)))INFO: dtree.c(1315): Comp split 19
INFO: dtree.c(1439): stop. leaf nodes are specific
INFO: dtree.c(1478): Final simple tree
|( QUESTION2_14_L -1 -6.526e+04 1.682e+02 2.937e+02
|    ( - -2.761e+02 1 0)
|    ( - -6.481e+04 2 0))
s>    ( QUESTION2_14_L -1 -6.526e+04 1.682e+02 2.937e+02
s>        ( - -2.761e+02 1 0)
s>        ( - -6.481e+04 2 0))INFO: dtree.c(1315): Comp split 20
INFO: dtree.c(1439): stop. leaf nodes are specific
INFO: dtree.c(1478): Final simple tree
|( QUESTION1 -1 -6.744e+03 1.427e+02 2.904e+01
|    ( - -3.057e+02 1 0)
|    ( SILENCE -1 -6.296e+03 1.193e+02 2.704e+01
|        ( - -2.813e+03 1 0)
|        ( - -3.364e+03 1 0)))
s>    ( QUESTION1 -1 -6.744e+03 1.427e+02 2.904e+01
s>        ( - -3.057e+02 1 0)
s>        ( SILENCE -1 -6.296e+03 1.193e+02 2.704e+01
s>            ( - -2.813e+03 1 0)
s>            ( - -3.364e+03 1 0)))INFO: dtree.c(1315): Comp split 21
INFO: dtree.c(1315): Comp split 22
INFO: dtree.c(1439): stop. leaf nodes are specific
INFO: dtree.c(1478): Final simple tree
|( QUESTION16 -1 -4.602e+04 1.308e+02 2.054e+02
|    ( - -2.920e+04 2 0)
|    ( - -1.669e+04 1 0))
s>    ( QUESTION16 -1 -4.602e+04 1.308e+02 2.054e+02
s>        ( - -2.920e+04 2 0)
s>        ( - -1.669e+04 1 0))INFO: dtree.c(1315): Comp split 23
INFO: dtree.c(1315): Comp split 24
INFO: dtree.c(1315): Comp split 25
INFO: dtree.c(1315): Comp split 26
INFO: dtree.c(1439): stop. leaf nodes are specific
INFO: dtree.c(1478): Final simple tree
|( QUESTION0 -1 -4.591e+04 1.205e+02 2.055e+02
|    ( - -5.348e+02 1 0)
|    ( - -4.525e+04 1 0))
s>    ( QUESTION0 -1 -4.591e+04 1.205e+02 2.055e+02
s>        ( - -5.348e+02 1 0)
s>        ( - -4.525e+04 1 0))INFO: dtree.c(1315): Comp split 27
INFO: dtree.c(1439): stop. leaf nodes are specific
INFO: dtree.c(1478): Final simple tree
|( WDBNDRY_B 0 -4.426e+04 1.330e+02 1.980e+02
|    ( - -8.150e+02 1 0)
|    ( - -4.332e+04 1 0))
s>    ( WDBNDRY_B 0 -4.426e+04 1.330e+02 1.980e+02
s>        ( - -8.150e+02 1 0)
s>        ( - -4.332e+04 1 0))INFO: dtree.c(1315): Comp split 28
INFO: dtree.c(1439): stop. leaf nodes are specific
INFO: dtree.c(1478): Final simple tree
|( SILENCE -1 -6.296e+03 1.193e+02 2.704e+01
|    ( - -2.813e+03 1 0)
|    ( - -3.364e+03 1 0))
s>    ( SILENCE -1 -6.296e+03 1.193e+02 2.704e+01
s>        ( - -2.813e+03 1 0)
s>        ( - -3.364e+03 1 0))INFO: dtree.c(1315): Comp split 29
INFO: dtree.c(1315): Comp split 30
INFO: dtree.c(1315): Comp split 31
INFO: dtree.c(1315): Comp split 32
INFO: dtree.c(1315): Comp split 33
INFO: dtree.c(1318): stop. leaf nodes are specific
Sun Mar 19 21:50:42 2017
