Current configuration:
[NAME]		[DEFLT]	[VALUE]
-allphones	no	no
-cntthresh	0.00001	1.000000e-05
-csplitmax	100	2000
-csplitmin	1	1
-csplitthr	8e-4	0.000000e+00
-example	no	no
-fullvar	no	no
-help		no	no
-meanfn			/home/ilya/Рабочий стол/lab_sphinx/ru_base/model_parameters/ru_base.cd_cont_untied/means
-mixwfn			/home/ilya/Рабочий стол/lab_sphinx/ru_base/model_parameters/ru_base.cd_cont_untied/mixture_weights
-moddeffn		/home/ilya/Рабочий стол/lab_sphinx/ru_base/model_architecture/ru_base.untied.mdef
-mwfloor	1e-4	1.000000e-08
-phone			hj
-psetfn			/home/ilya/Рабочий стол/lab_sphinx/ru_base/model_architecture/ru_base.tree_questions
-ssplitmax	5	7
-ssplitmin	1	1
-ssplitthr	8e-4	0.000000e+00
-state			0
-stwt			1.0,0.05,0.0,
-treefn			/home/ilya/Рабочий стол/lab_sphinx/ru_base/trees/ru_base.unpruned/hj-0.dtree
-ts2cbfn	.semi.	.cont.
-varfloor	0.00001	1.000000e-05
-varfn			/home/ilya/Рабочий стол/lab_sphinx/ru_base/model_parameters/ru_base.cd_cont_untied/variances

INFO: main.c(223): Reading: /home/ilya/Рабочий стол/lab_sphinx/ru_base/model_architecture/ru_base.untied.mdef
INFO: model_def_io.c(573): Model definition info:
INFO: model_def_io.c(574): 9415 total models defined (43 base, 9372 tri)
INFO: model_def_io.c(575): 37660 total states
INFO: model_def_io.c(576): 28245 total tied states
INFO: model_def_io.c(577): 129 total tied CI states
INFO: model_def_io.c(578): 43 total tied transition matrices
INFO: model_def_io.c(579): 4 max state/model
INFO: model_def_io.c(580): 4 min state/model
INFO: main.c(242): Building trees for [hj a0 e0 i] through [hj u0 i0 i]
INFO: main.c(269): Covering states |[7890 7907]| == 18
INFO: main.c(275): Reading: /home/ilya/Рабочий стол/lab_sphinx/ru_base/model_parameters/ru_base.cd_cont_untied/mixture_weights
INFO: s3mixw_io.c(173): Read /home/ilya/Рабочий стол/lab_sphinx/ru_base/model_parameters/ru_base.cd_cont_untied/mixture_weights [18x1x1 array]
INFO: main.c(311): 6 of 6 models have observation count greater than 0.000010
INFO: main.c(95): nrm stwt: 0.952 0.048 0.000 
INFO: s3gau_io.c(169): Read /home/ilya/Рабочий стол/lab_sphinx/ru_base/model_parameters/ru_base.cd_cont_untied/means [28245x1x1 array]
INFO: s3gau_io.c(169): Read /home/ilya/Рабочий стол/lab_sphinx/ru_base/model_parameters/ru_base.cd_cont_untied/variances [28245x1x1 array]
INFO: main.c(549): Reading: /home/ilya/Рабочий стол/lab_sphinx/ru_base/model_architecture/ru_base.tree_questions
INFO: main.c(588): 180 total simple questions (172 phone; 8 word bndry)
INFO: main.c(590): 42 Left Only questions, and 42 Right Only questions
INFO: dtree.c(1439): stop. leaf nodes are specific
INFO: dtree.c(1478): Final simple tree
|( QUESTION2_14_L -1 -3.660e+04 3.438e+02 1.558e+02
|    ( QUESTION14 -1 -4.050e+03 1.932e+02 1.602e+01
|        ( - -1.343e+03 1 0)
|        ( - -2.513e+03 1 0))
|    ( QUESTION20 1 -3.221e+04 1.959e+02 1.397e+02
|        ( QUESTION0 -1 -5.034e+03 1.145e+02 2.100e+01
|            ( - -6.189e+02 1 0)
|            ( - -4.301e+03 2 0))
|        ( - -2.698e+04 1 0)))
s>    ( QUESTION2_14_L -1 -3.660e+04 3.438e+02 1.558e+02
s>        ( QUESTION14 -1 -4.050e+03 1.932e+02 1.602e+01
s>            ( - -1.343e+03 1 0)
s>            ( - -2.513e+03 1 0))
s>        ( QUESTION20 1 -3.221e+04 1.959e+02 1.397e+02
s>            ( QUESTION0 -1 -5.034e+03 1.145e+02 2.100e+01
s>                ( - -6.189e+02 1 0)
s>                ( - -4.301e+03 2 0))
s>            ( - -2.698e+04 1 0)))INFO: dtree.c(1315): Comp split 0
INFO: dtree.c(1439): stop. leaf nodes are specific
INFO: dtree.c(1478): Final simple tree
|( QUESTION20 1 -3.221e+04 1.959e+02 1.397e+02
|    ( QUESTION0 -1 -5.034e+03 1.145e+02 2.100e+01
|        ( - -6.189e+02 1 0)
|        ( - -4.301e+03 2 0))
|    ( - -2.698e+04 1 0))
s>    ( QUESTION20 1 -3.221e+04 1.959e+02 1.397e+02
s>        ( QUESTION0 -1 -5.034e+03 1.145e+02 2.100e+01
s>            ( - -6.189e+02 1 0)
s>            ( - -4.301e+03 2 0))
s>        ( - -2.698e+04 1 0))INFO: dtree.c(1439): stop. leaf nodes are specific
INFO: dtree.c(1478): Final simple tree
|( QUESTION14 -1 -4.050e+03 1.932e+02 1.602e+01
|    ( - -1.343e+03 1 0)
|    ( - -2.513e+03 1 0))
s>    ( QUESTION14 -1 -4.050e+03 1.932e+02 1.602e+01
s>        ( - -1.343e+03 1 0)
s>        ( - -2.513e+03 1 0))INFO: dtree.c(1315): Comp split 1
INFO: dtree.c(1439): stop. leaf nodes are specific
INFO: dtree.c(1478): Final simple tree
|( QUESTION0 -1 -5.034e+03 1.145e+02 2.100e+01
|    ( - -6.189e+02 1 0)
|    ( - -4.301e+03 2 0))
s>    ( QUESTION0 -1 -5.034e+03 1.145e+02 2.100e+01
s>        ( - -6.189e+02 1 0)
s>        ( - -4.301e+03 2 0))INFO: dtree.c(1315): Comp split 2
INFO: dtree.c(1315): Comp split 3
INFO: dtree.c(1315): Comp split 4
INFO: dtree.c(1318): stop. leaf nodes are specific
Sun Mar 19 21:50:49 2017
