Current configuration:
[NAME]		[DEFLT]	[VALUE]
-allphones	no	no
-cntthresh	0.00001	1.000000e-05
-csplitmax	100	2000
-csplitmin	1	1
-csplitthr	8e-4	0.000000e+00
-example	no	no
-fullvar	no	no
-help		no	no
-meanfn			/home/ilya/Рабочий стол/lab_sphinx/ru_base/model_parameters/ru_base.cd_cont_untied/means
-mixwfn			/home/ilya/Рабочий стол/lab_sphinx/ru_base/model_parameters/ru_base.cd_cont_untied/mixture_weights
-moddeffn		/home/ilya/Рабочий стол/lab_sphinx/ru_base/model_architecture/ru_base.untied.mdef
-mwfloor	1e-4	1.000000e-08
-phone			g
-psetfn			/home/ilya/Рабочий стол/lab_sphinx/ru_base/model_architecture/ru_base.tree_questions
-ssplitmax	5	7
-ssplitmin	1	1
-ssplitthr	8e-4	0.000000e+00
-state			1
-stwt			1.0,0.05,0.0,
-treefn			/home/ilya/Рабочий стол/lab_sphinx/ru_base/trees/ru_base.unpruned/g-1.dtree
-ts2cbfn	.semi.	.cont.
-varfloor	0.00001	1.000000e-05
-varfn			/home/ilya/Рабочий стол/lab_sphinx/ru_base/model_parameters/ru_base.cd_cont_untied/variances

INFO: main.c(223): Reading: /home/ilya/Рабочий стол/lab_sphinx/ru_base/model_architecture/ru_base.untied.mdef
INFO: model_def_io.c(573): Model definition info:
INFO: model_def_io.c(574): 9415 total models defined (43 base, 9372 tri)
INFO: model_def_io.c(575): 37660 total states
INFO: model_def_io.c(576): 28245 total tied states
INFO: model_def_io.c(577): 129 total tied CI states
INFO: model_def_io.c(578): 43 total tied transition matrices
INFO: model_def_io.c(579): 4 max state/model
INFO: model_def_io.c(580): 4 min state/model
INFO: main.c(242): Building trees for [g SIL dj b] through [g z o0 i]
INFO: main.c(269): Covering states |[6927 7382]| == 456
INFO: main.c(275): Reading: /home/ilya/Рабочий стол/lab_sphinx/ru_base/model_parameters/ru_base.cd_cont_untied/mixture_weights
INFO: s3mixw_io.c(173): Read /home/ilya/Рабочий стол/lab_sphinx/ru_base/model_parameters/ru_base.cd_cont_untied/mixture_weights [456x1x1 array]
INFO: main.c(311): 152 of 152 models have observation count greater than 0.000010
INFO: main.c(95): nrm stwt: 0.045 0.909 0.045 
INFO: s3gau_io.c(169): Read /home/ilya/Рабочий стол/lab_sphinx/ru_base/model_parameters/ru_base.cd_cont_untied/means [28245x1x1 array]
INFO: s3gau_io.c(169): Read /home/ilya/Рабочий стол/lab_sphinx/ru_base/model_parameters/ru_base.cd_cont_untied/variances [28245x1x1 array]
INFO: main.c(549): Reading: /home/ilya/Рабочий стол/lab_sphinx/ru_base/model_architecture/ru_base.tree_questions
INFO: main.c(588): 180 total simple questions (172 phone; 8 word bndry)
INFO: main.c(590): 42 Left Only questions, and 42 Right Only questions
INFO: dtree.c(1478): Final simple tree
|( QUESTION0_14_R 1 -2.800e+06 7.468e+03 1.198e+04
|    ( QUESTION2_20_L -1 -2.053e+06 4.551e+03 8.840e+03
|        ( QUESTION17 -1 -1.389e+06 4.043e+03 6.046e+03
|            ( WDBNDRY_B 0 -3.668e+05 2.853e+03 1.657e+03
|                ( - -5.163e+04 3 0 QUESTION14 1 3.729e+02 2.228e+02)
|                ( - -3.123e+05 3 0 QUESTION14 1 4.212e+02 1.434e+03))
|            ( - -1.018e+06 33 0 WDBNDRY_B 0 1.927e+03 4.390e+03))
|        ( QUESTION14 1 -6.596e+05 2.509e+03 2.794e+03
|            ( - -2.163e+05 17 0 QUESTION14 -1 5.811e+02 9.010e+02)
|            ( - -4.407e+05 31 0 QUESTION2_17_L -1 1.574e+03 1.893e+03)))
|    ( QUESTION11 1 -7.401e+05 3.014e+03 3.142e+03
|        ( - -6.106e+04 2 0 QUESTION16 -1 6.756e+02 2.739e+02)
|        ( QUESTION0_17_R 1 -6.761e+05 2.623e+03 2.868e+03
|            ( - -2.347e+05 21 0 QUESTION2_17_L -1 8.720e+02 1.009e+03)
|            ( - -4.387e+05 42 0 QUESTION0_3_R 1 1.527e+03 1.860e+03))))
s>    ( QUESTION0_14_R 1 -2.800e+06 7.468e+03 1.198e+04
s>        ( QUESTION2_20_L -1 -2.053e+06 4.551e+03 8.840e+03
s>            ( QUESTION17 -1 -1.389e+06 4.043e+03 6.046e+03
s>                ( WDBNDRY_B 0 -3.668e+05 2.853e+03 1.657e+03
s>                    ( - -5.163e+04 3 0 QUESTION14 1 3.729e+02 2.228e+02)
s>                    ( - -3.123e+05 3 0 QUESTION14 1 4.212e+02 1.434e+03))
s>                ( - -1.018e+06 33 0 WDBNDRY_B 0 1.927e+03 4.390e+03))
s>            ( QUESTION14 1 -6.596e+05 2.509e+03 2.794e+03
s>                ( - -2.163e+05 17 0 QUESTION14 -1 5.811e+02 9.010e+02)
s>                ( - -4.407e+05 31 0 QUESTION2_17_L -1 1.574e+03 1.893e+03)))
s>        ( QUESTION11 1 -7.401e+05 3.014e+03 3.142e+03
s>            ( - -6.106e+04 2 0 QUESTION16 -1 6.756e+02 2.739e+02)
s>            ( QUESTION0_17_R 1 -6.761e+05 2.623e+03 2.868e+03
s>                ( - -2.347e+05 21 0 QUESTION2_17_L -1 8.720e+02 1.009e+03)
s>                ( - -4.387e+05 42 0 QUESTION0_3_R 1 1.527e+03 1.860e+03))))INFO: dtree.c(1315): Comp split 0
INFO: dtree.c(1478): Final simple tree
|( QUESTION0_13_R 1 -1.236e+06 4.414e+03 5.257e+03
|    ( QUESTION0_17_R 1 -7.321e+05 2.199e+03 3.136e+03
|        ( - -2.347e+05 21 0 QUESTION2_17_L -1 8.720e+02 1.009e+03)
|        ( QUESTION2_17_L -1 -4.952e+05 1.524e+03 2.127e+03
|            ( - -9.255e+04 6 0 WDBNDRY_I 0 3.361e+02 3.988e+02)
|            ( QUESTION11 -1 -4.011e+05 1.398e+03 1.728e+03
|                ( - -3.009e+04 2 0 WDBNDRY_B 0 2.139e+02 1.315e+02)
|                ( - -3.696e+05 28 0 WDBNDRY_I 0 8.878e+02 1.597e+03))))
|    ( QUESTION0_3_R 1 -5.000e+05 2.793e+03 2.122e+03
|        ( QUESTION14 -1 -3.276e+05 9.152e+02 1.390e+03
|            ( - -1.083e+05 7 0 QUESTION0_4_R 1 3.331e+02 4.586e+02)
|            ( - -2.185e+05 17 0 QUESTION0_4_R 1 1.225e+03 9.310e+02))
|        ( QUESTION11 1 -1.695e+05 1.498e+03 7.319e+02
|            ( - -6.106e+04 2 0 QUESTION16 -1 6.756e+02 2.739e+02)
|            ( - -1.070e+05 16 0 WDBNDRY_I 0 7.094e+02 4.580e+02))))
s>    ( QUESTION0_13_R 1 -1.236e+06 4.414e+03 5.257e+03
s>        ( QUESTION0_17_R 1 -7.321e+05 2.199e+03 3.136e+03
s>            ( - -2.347e+05 21 0 QUESTION2_17_L -1 8.720e+02 1.009e+03)
s>            ( QUESTION2_17_L -1 -4.952e+05 1.524e+03 2.127e+03
s>                ( - -9.255e+04 6 0 WDBNDRY_I 0 3.361e+02 3.988e+02)
s>                ( QUESTION11 -1 -4.011e+05 1.398e+03 1.728e+03
s>                    ( - -3.009e+04 2 0 WDBNDRY_B 0 2.139e+02 1.315e+02)
s>                    ( - -3.696e+05 28 0 WDBNDRY_I 0 8.878e+02 1.597e+03))))
s>        ( QUESTION0_3_R 1 -5.000e+05 2.793e+03 2.122e+03
s>            ( QUESTION14 -1 -3.276e+05 9.152e+02 1.390e+03
s>                ( - -1.083e+05 7 0 QUESTION0_4_R 1 3.331e+02 4.586e+02)
s>                ( - -2.185e+05 17 0 QUESTION0_4_R 1 1.225e+03 9.310e+02))
s>            ( QUESTION11 1 -1.695e+05 1.498e+03 7.319e+02
s>                ( - -6.106e+04 2 0 QUESTION16 -1 6.756e+02 2.739e+02)
s>                ( - -1.070e+05 16 0 WDBNDRY_I 0 7.094e+02 4.580e+02))))INFO: dtree.c(1478): Final simple tree
|( QUESTION19 -1 -1.555e+06 4.875e+03 6.725e+03
|    ( QUESTION14 1 -3.599e+05 2.412e+03 1.627e+03
|        ( - -4.787e+04 5 0 QUESTION20 -1 2.254e+02 2.026e+02)
|        ( - -3.096e+05 2 0))
|    ( QUESTION14 1 -1.190e+06 2.618e+03 5.098e+03
|        ( QUESTION16 -1 -4.019e+05 1.259e+03 1.711e+03
|            ( - -1.406e+05 6 0 WDBNDRY_B 0 2.989e+02 6.159e+02)
|            ( - -2.600e+05 20 0 QUESTION2_17_L -1 5.850e+02 1.095e+03))
|        ( QUESTION15 -1 -7.858e+05 1.985e+03 3.387e+03
|            ( WDBNDRY_I 0 -6.078e+05 1.652e+03 2.640e+03
|                ( QUESTION0 1 -4.484e+05 1.300e+03 1.967e+03
|                    ( - -4.450e+04 2 0)
|                    ( - -4.026e+05 4 0))
|                ( - -1.577e+05 5 0 QUESTION0 1 4.643e+02 6.725e+02))
|            ( - -1.760e+05 9 0 QUESTION0 -1 5.808e+02 7.475e+02))))
s>    ( QUESTION19 -1 -1.555e+06 4.875e+03 6.725e+03
s>        ( QUESTION14 1 -3.599e+05 2.412e+03 1.627e+03
s>            ( - -4.787e+04 5 0 QUESTION20 -1 2.254e+02 2.026e+02)
s>            ( - -3.096e+05 2 0))
s>        ( QUESTION14 1 -1.190e+06 2.618e+03 5.098e+03
s>            ( QUESTION16 -1 -4.019e+05 1.259e+03 1.711e+03
s>                ( - -1.406e+05 6 0 WDBNDRY_B 0 2.989e+02 6.159e+02)
s>                ( - -2.600e+05 20 0 QUESTION2_17_L -1 5.850e+02 1.095e+03))
s>            ( QUESTION15 -1 -7.858e+05 1.985e+03 3.387e+03
s>                ( WDBNDRY_I 0 -6.078e+05 1.652e+03 2.640e+03
s>                    ( QUESTION0 1 -4.484e+05 1.300e+03 1.967e+03
s>                        ( - -4.450e+04 2 0)
s>                        ( - -4.026e+05 4 0))
s>                    ( - -1.577e+05 5 0 QUESTION0 1 4.643e+02 6.725e+02))
s>                ( - -1.760e+05 9 0 QUESTION0 -1 5.808e+02 7.475e+02))))INFO: dtree.c(1315): Comp split 1
INFO: dtree.c(1439): stop. leaf nodes are specific
INFO: dtree.c(1478): Final simple tree
|( QUESTION16 -1 -7.147e+05 2.540e+03 3.198e+03
|    ( - -4.026e+05 4 0)
|    ( - -3.096e+05 2 0))
s>    ( QUESTION16 -1 -7.147e+05 2.540e+03 3.198e+03
s>        ( - -4.026e+05 4 0)
s>        ( - -3.096e+05 2 0))INFO: dtree.c(1478): Final simple tree
|( QUESTION14 1 -8.321e+05 2.732e+03 3.527e+03
|    ( QUESTION16 -1 -4.501e+05 1.295e+03 1.913e+03
|        ( - -1.406e+05 6 0 WDBNDRY_B 0 2.989e+02 6.159e+02)
|        ( QUESTION2_17_L -1 -3.082e+05 5.467e+02 1.297e+03
|            ( - -5.198e+04 6 0 QUESTION0 -1 1.632e+02 2.295e+02)
|            ( QUESTION1 -1 -2.557e+05 4.665e+02 1.068e+03
|                ( - -1.698e+04 1 0)
|                ( - -2.382e+05 18 0 QUESTION20 -1 3.940e+02 9.952e+02))))
|    ( WDBNDRY_I 0 -3.792e+05 7.141e+02 1.614e+03
|        ( QUESTION0 -1 -1.520e+05 5.011e+02 6.486e+02
|            ( - -3.771e+04 2 0)
|            ( - -1.138e+05 3 0 QUESTION0 1 3.318e+02 4.876e+02))
|        ( QUESTION0 1 -2.265e+05 4.186e+02 9.651e+02
|            ( - -3.020e+04 3 0 QUESTION14 -1 1.791e+02 1.339e+02)
|            ( - -1.959e+05 8 0 WDBNDRY_B 0 4.109e+02 8.312e+02))))
s>    ( QUESTION14 1 -8.321e+05 2.732e+03 3.527e+03
s>        ( QUESTION16 -1 -4.501e+05 1.295e+03 1.913e+03
s>            ( - -1.406e+05 6 0 WDBNDRY_B 0 2.989e+02 6.159e+02)
s>            ( QUESTION2_17_L -1 -3.082e+05 5.467e+02 1.297e+03
s>                ( - -5.198e+04 6 0 QUESTION0 -1 1.632e+02 2.295e+02)
s>                ( QUESTION1 -1 -2.557e+05 4.665e+02 1.068e+03
s>                    ( - -1.698e+04 1 0)
s>                    ( - -2.382e+05 18 0 QUESTION20 -1 3.940e+02 9.952e+02))))
s>        ( WDBNDRY_I 0 -3.792e+05 7.141e+02 1.614e+03
s>            ( QUESTION0 -1 -1.520e+05 5.011e+02 6.486e+02
s>                ( - -3.771e+04 2 0)
s>                ( - -1.138e+05 3 0 QUESTION0 1 3.318e+02 4.876e+02))
s>            ( QUESTION0 1 -2.265e+05 4.186e+02 9.651e+02
s>                ( - -3.020e+04 3 0 QUESTION14 -1 1.791e+02 1.339e+02)
s>                ( - -1.959e+05 8 0 WDBNDRY_B 0 4.109e+02 8.312e+02))))INFO: dtree.c(1315): Comp split 2
INFO: dtree.c(1478): Final simple tree
|( QUESTION0_3_R 1 -5.000e+05 2.793e+03 2.122e+03
|    ( QUESTION14 -1 -3.276e+05 9.152e+02 1.390e+03
|        ( - -1.083e+05 7 0 QUESTION0_4_R 1 3.331e+02 4.586e+02)
|        ( QUESTION0_4_R 1 -2.185e+05 1.225e+03 9.310e+02
|            ( - -9.260e+04 4 0 QUESTION16 -1 3.193e+02 3.892e+02)
|            ( - -1.246e+05 13 0 WDBNDRY_I 0 4.055e+02 5.419e+02)))
|    ( QUESTION11 1 -1.695e+05 1.498e+03 7.319e+02
|        ( QUESTION16 -1 -6.106e+04 6.756e+02 2.739e+02
|            ( - -1.905e+04 1 0)
|            ( - -4.134e+04 1 0))
|        ( WDBNDRY_I 0 -1.070e+05 7.094e+02 4.580e+02
|            ( - -2.892e+04 5 0 QUESTION0_8_R 1 2.426e+02 1.241e+02)
|            ( QUESTION0_1_R 1 -7.734e+04 6.187e+02 3.339e+02
|                ( - -4.592e+04 4 0 WDBNDRY_B 0 4.448e+02 1.984e+02)
|                ( - -3.079e+04 7 0 QUESTION17 -1 2.955e+02 1.355e+02)))))
s>    ( QUESTION0_3_R 1 -5.000e+05 2.793e+03 2.122e+03
s>        ( QUESTION14 -1 -3.276e+05 9.152e+02 1.390e+03
s>            ( - -1.083e+05 7 0 QUESTION0_4_R 1 3.331e+02 4.586e+02)
s>            ( QUESTION0_4_R 1 -2.185e+05 1.225e+03 9.310e+02
s>                ( - -9.260e+04 4 0 QUESTION16 -1 3.193e+02 3.892e+02)
s>                ( - -1.246e+05 13 0 WDBNDRY_I 0 4.055e+02 5.419e+02)))
s>        ( QUESTION11 1 -1.695e+05 1.498e+03 7.319e+02
s>            ( QUESTION16 -1 -6.106e+04 6.756e+02 2.739e+02
s>                ( - -1.905e+04 1 0)
s>                ( - -4.134e+04 1 0))
s>            ( WDBNDRY_I 0 -1.070e+05 7.094e+02 4.580e+02
s>                ( - -2.892e+04 5 0 QUESTION0_8_R 1 2.426e+02 1.241e+02)
s>                ( QUESTION0_1_R 1 -7.734e+04 6.187e+02 3.339e+02
s>                    ( - -4.592e+04 4 0 WDBNDRY_B 0 4.448e+02 1.984e+02)
s>                    ( - -3.079e+04 7 0 QUESTION17 -1 2.955e+02 1.355e+02)))))INFO: dtree.c(1478): Final simple tree
|( QUESTION0_17_R 1 -7.321e+05 2.199e+03 3.136e+03
|    ( QUESTION2_17_L -1 -2.347e+05 8.720e+02 1.009e+03
|        ( - -1.234e+04 2 0 QUESTION0_18_R 1 4.511e+02 5.250e+01)
|        ( QUESTION15 -1 -2.215e+05 7.351e+02 9.561e+02
|            ( - -1.200e+05 9 0 WDBNDRY_B 0 3.582e+02 5.205e+02)
|            ( - -1.008e+05 10 0 QUESTION2_20_L -1 5.572e+02 4.356e+02)))
|    ( QUESTION2_17_L -1 -4.952e+05 1.524e+03 2.127e+03
|        ( - -9.255e+04 6 0 WDBNDRY_I 0 3.361e+02 3.988e+02)
|        ( QUESTION11 -1 -4.011e+05 1.398e+03 1.728e+03
|            ( - -3.009e+04 2 0 WDBNDRY_B 0 2.139e+02 1.315e+02)
|            ( WDBNDRY_I 0 -3.696e+05 8.878e+02 1.597e+03
|                ( - -1.527e+05 6 0 QUESTION19 -1 4.514e+02 6.692e+02)
|                ( QUESTION0 1 -2.161e+05 6.050e+02 9.278e+02
|                    ( - -3.312e+04 3 0 QUESTION14 -1 1.936e+02 1.492e+02)
|                    ( - -1.824e+05 19 0 QUESTION14 -1 4.179e+02 7.786e+02))))))
s>    ( QUESTION0_17_R 1 -7.321e+05 2.199e+03 3.136e+03
s>        ( QUESTION2_17_L -1 -2.347e+05 8.720e+02 1.009e+03
s>            ( - -1.234e+04 2 0 QUESTION0_18_R 1 4.511e+02 5.250e+01)
s>            ( QUESTION15 -1 -2.215e+05 7.351e+02 9.561e+02
s>                ( - -1.200e+05 9 0 WDBNDRY_B 0 3.582e+02 5.205e+02)
s>                ( - -1.008e+05 10 0 QUESTION2_20_L -1 5.572e+02 4.356e+02)))
s>        ( QUESTION2_17_L -1 -4.952e+05 1.524e+03 2.127e+03
s>            ( - -9.255e+04 6 0 WDBNDRY_I 0 3.361e+02 3.988e+02)
s>            ( QUESTION11 -1 -4.011e+05 1.398e+03 1.728e+03
s>                ( - -3.009e+04 2 0 WDBNDRY_B 0 2.139e+02 1.315e+02)
s>                ( WDBNDRY_I 0 -3.696e+05 8.878e+02 1.597e+03
s>                    ( - -1.527e+05 6 0 QUESTION19 -1 4.514e+02 6.692e+02)
s>                    ( QUESTION0 1 -2.161e+05 6.050e+02 9.278e+02
s>                        ( - -3.312e+04 3 0 QUESTION14 -1 1.936e+02 1.492e+02)
s>                        ( - -1.824e+05 19 0 QUESTION14 -1 4.179e+02 7.786e+02))))))INFO: dtree.c(1315): Comp split 3
INFO: dtree.c(1478): Final simple tree
|( QUESTION0_19_R 1 -5.930e+05 1.970e+03 2.553e+03
|    ( QUESTION15 -1 -1.959e+05 7.069e+02 8.458e+02
|        ( - -1.165e+05 5 0 WDBNDRY_B 0 3.723e+02 5.055e+02)
|        ( - -7.868e+04 6 0 QUESTION2_14_L -1 3.746e+02 3.402e+02))
|    ( WDBNDRY_I 0 -3.952e+05 8.546e+02 1.707e+03
|        ( QUESTION15 -1 -1.583e+05 4.700e+02 6.942e+02
|            ( - -1.017e+05 6 0 QUESTION19 -1 2.493e+02 4.476e+02)
|            ( - -5.620e+04 3 0 QUESTION2_12_L -1 2.725e+02 2.465e+02))
|        ( QUESTION0 1 -2.360e+05 5.998e+02 1.013e+03
|            ( - -3.312e+04 3 0 QUESTION14 -1 1.936e+02 1.492e+02)
|            ( QUESTION14 -1 -2.023e+05 4.039e+02 8.639e+02
|                ( QUESTION2_14_L -1 -5.066e+04 4.335e+02 2.204e+02
|                    ( - -3.209e+04 3 0 QUESTION0_14_R 1 1.566e+02 1.410e+02)
|                    ( - -1.814e+04 2 0))
|                ( - -1.512e+05 19 0 QUESTION14 1 3.808e+02 6.436e+02)))))
s>    ( QUESTION0_19_R 1 -5.930e+05 1.970e+03 2.553e+03
s>        ( QUESTION15 -1 -1.959e+05 7.069e+02 8.458e+02
s>            ( - -1.165e+05 5 0 WDBNDRY_B 0 3.723e+02 5.055e+02)
s>            ( - -7.868e+04 6 0 QUESTION2_14_L -1 3.746e+02 3.402e+02))
s>        ( WDBNDRY_I 0 -3.952e+05 8.546e+02 1.707e+03
s>            ( QUESTION15 -1 -1.583e+05 4.700e+02 6.942e+02
s>                ( - -1.017e+05 6 0 QUESTION19 -1 2.493e+02 4.476e+02)
s>                ( - -5.620e+04 3 0 QUESTION2_12_L -1 2.725e+02 2.465e+02))
s>            ( QUESTION0 1 -2.360e+05 5.998e+02 1.013e+03
s>                ( - -3.312e+04 3 0 QUESTION14 -1 1.936e+02 1.492e+02)
s>                ( QUESTION14 -1 -2.023e+05 4.039e+02 8.639e+02
s>                    ( QUESTION2_14_L -1 -5.066e+04 4.335e+02 2.204e+02
s>                        ( - -3.209e+04 3 0 QUESTION0_14_R 1 1.566e+02 1.410e+02)
s>                        ( - -1.814e+04 2 0))
s>                    ( - -1.512e+05 19 0 QUESTION14 1 3.808e+02 6.436e+02)))))INFO: dtree.c(1478): Final simple tree
|( QUESTION0_19_R 1 -1.362e+05 6.926e+02 5.828e+02
|    ( - -1.211e+04 1 0)
|    ( QUESTION2_0_L -1 -1.234e+05 5.110e+02 5.313e+02
|        ( WDBNDRY_B 0 -3.009e+04 2.139e+02 1.315e+02
|            ( - -1.062e+03 1 0)
|            ( - -2.882e+04 1 0))
|        ( QUESTION0_14_R 1 -9.278e+04 4.518e+02 3.998e+02
|            ( WDBNDRY_I 0 -9.255e+04 3.361e+02 3.988e+02
|                ( - -8.246e+04 2 0)
|                ( QUESTION0 -1 -9.751e+03 1.855e+02 4.301e+01
|                    ( - -1.883e+03 1 0)
|                    ( QUESTION0 1 -7.683e+03 1.505e+02 3.401e+01
|                        ( - -7.497e+02 1 0)
|                        ( - -6.783e+03 2 0 WDBNDRY_B 0 1.185e+02 3.001e+01))))
|            ( - 2.189e+02 1 0))))
s>    ( QUESTION0_19_R 1 -1.362e+05 6.926e+02 5.828e+02
s>        ( - -1.211e+04 1 0)
s>        ( QUESTION2_0_L -1 -1.234e+05 5.110e+02 5.313e+02
s>            ( WDBNDRY_B 0 -3.009e+04 2.139e+02 1.315e+02
s>                ( - -1.062e+03 1 0)
s>                ( - -2.882e+04 1 0))
s>            ( QUESTION0_14_R 1 -9.278e+04 4.518e+02 3.998e+02
s>                ( WDBNDRY_I 0 -9.255e+04 3.361e+02 3.988e+02
s>                    ( - -8.246e+04 2 0)
s>                    ( QUESTION0 -1 -9.751e+03 1.855e+02 4.301e+01
s>                        ( - -1.883e+03 1 0)
s>                        ( QUESTION0 1 -7.683e+03 1.505e+02 3.401e+01
s>                            ( - -7.497e+02 1 0)
s>                            ( - -6.783e+03 2 0 WDBNDRY_B 0 1.185e+02 3.001e+01))))
s>                ( - 2.189e+02 1 0))))INFO: dtree.c(1315): Comp split 4
INFO: dtree.c(1478): Final simple tree
|( WDBNDRY_I 0 -1.398e+05 1.440e+03 6.078e+02
|    ( QUESTION16 -1 -6.106e+04 6.756e+02 2.739e+02
|        ( - -1.905e+04 1 0)
|        ( - -4.134e+04 1 0))
|    ( QUESTION0_1_R 1 -7.734e+04 6.187e+02 3.339e+02
|        ( WDBNDRY_B 0 -4.592e+04 4.448e+02 1.984e+02
|            ( - -1.406e+04 1 0)
|            ( QUESTION0 1 -3.142e+04 1.865e+02 1.353e+02
|                ( - -8.735e+03 2 0)
|                ( - -2.250e+04 1 0)))
|        ( QUESTION17 -1 -3.079e+04 2.955e+02 1.355e+02
|            ( - -1.298e+04 2 0 SILENCE 1 1.785e+02 5.534e+01)
|            ( QUESTION4 1 -1.752e+04 2.007e+02 8.011e+01
|                ( - -2.593e+02 1 0)
|                ( - -1.706e+04 4 0 SILENCE 1 1.769e+02 7.811e+01)))))
s>    ( WDBNDRY_I 0 -1.398e+05 1.440e+03 6.078e+02
s>        ( QUESTION16 -1 -6.106e+04 6.756e+02 2.739e+02
s>            ( - -1.905e+04 1 0)
s>            ( - -4.134e+04 1 0))
s>        ( QUESTION0_1_R 1 -7.734e+04 6.187e+02 3.339e+02
s>            ( WDBNDRY_B 0 -4.592e+04 4.448e+02 1.984e+02
s>                ( - -1.406e+04 1 0)
s>                ( QUESTION0 1 -3.142e+04 1.865e+02 1.353e+02
s>                    ( - -8.735e+03 2 0)
s>                    ( - -2.250e+04 1 0)))
s>            ( QUESTION17 -1 -3.079e+04 2.955e+02 1.355e+02
s>                ( - -1.298e+04 2 0 SILENCE 1 1.785e+02 5.534e+01)
s>                ( QUESTION4 1 -1.752e+04 2.007e+02 8.011e+01
s>                    ( - -2.593e+02 1 0)
s>                    ( - -1.706e+04 4 0 SILENCE 1 1.769e+02 7.811e+01)))))INFO: dtree.c(1478): Final simple tree
|( QUESTION0_5_R 1 -3.572e+05 9.453e+02 1.514e+03
|    ( WDBNDRY_I 0 -2.033e+05 1.428e+03 8.676e+02
|        ( QUESTION20 -1 -1.027e+05 3.552e+02 4.505e+02
|            ( - -5.396e+02 1 0)
|            ( - -1.018e+05 2 0 QUESTION16 -1 2.467e+02 4.465e+02))
|        ( QUESTION14 -1 -9.920e+04 3.034e+02 4.171e+02
|            ( - -7.738e+04 4 0 WDBNDRY_B 0 4.433e+02 3.258e+02)
|            ( - -2.152e+04 10 0 WDBNDRY_B 0 2.060e+02 9.135e+01)))
|    ( QUESTION0_2_R 1 -1.530e+05 6.731e+02 6.461e+02
|        ( - -2.559e+04 2 0 QUESTION16 -1 1.109e+02 1.111e+02)
|        ( QUESTION16 -1 -1.267e+05 3.128e+02 5.350e+02
|            ( - -7.888e+04 3 0)
|            ( WDBNDRY_B 0 -4.752e+04 3.131e+02 2.038e+02
|                ( - -1.871e+04 1 0)
|                ( - -2.850e+04 6 0 QUESTION0_8_R 1 2.186e+02 1.240e+02)))))
s>    ( QUESTION0_5_R 1 -3.572e+05 9.453e+02 1.514e+03
s>        ( WDBNDRY_I 0 -2.033e+05 1.428e+03 8.676e+02
s>            ( QUESTION20 -1 -1.027e+05 3.552e+02 4.505e+02
s>                ( - -5.396e+02 1 0)
s>                ( - -1.018e+05 2 0 QUESTION16 -1 2.467e+02 4.465e+02))
s>            ( QUESTION14 -1 -9.920e+04 3.034e+02 4.171e+02
s>                ( - -7.738e+04 4 0 WDBNDRY_B 0 4.433e+02 3.258e+02)
s>                ( - -2.152e+04 10 0 WDBNDRY_B 0 2.060e+02 9.135e+01)))
s>        ( QUESTION0_2_R 1 -1.530e+05 6.731e+02 6.461e+02
s>            ( - -2.559e+04 2 0 QUESTION16 -1 1.109e+02 1.111e+02)
s>            ( QUESTION16 -1 -1.267e+05 3.128e+02 5.350e+02
s>                ( - -7.888e+04 3 0)
s>                ( WDBNDRY_B 0 -4.752e+04 3.131e+02 2.038e+02
s>                    ( - -1.871e+04 1 0)
s>                    ( - -2.850e+04 6 0 QUESTION0_8_R 1 2.186e+02 1.240e+02)))))INFO: dtree.c(1315): Comp split 5
INFO: dtree.c(1478): Final simple tree
|( WDBNDRY_I 0 -3.966e+05 7.569e+02 1.686e+03
|    ( QUESTION0 -1 -1.520e+05 5.011e+02 6.486e+02
|        ( - -3.771e+04 2 0)
|        ( QUESTION0 1 -1.138e+05 3.318e+02 4.876e+02
|            ( - -4.450e+04 2 0)
|            ( - -6.897e+04 1 0)))
|    ( QUESTION0 1 -2.438e+05 4.236e+02 1.038e+03
|        ( - -3.020e+04 3 0 QUESTION14 -1 1.791e+02 1.339e+02)
|        ( WDBNDRY_B 0 -2.132e+05 4.057e+02 9.038e+02
|            ( QUESTION0 -1 -2.056e+05 3.692e+02 8.698e+02
|                ( - -1.772e+04 2 0 QUESTION1 -1 1.530e+02 7.558e+01)
|                ( QUESTION14 -1 -1.875e+05 3.414e+02 7.942e+02
|                    ( - -6.704e+04 4 0)
|                    ( - -1.202e+05 2 0)))
|            ( - -7.191e+03 1 0))))
s>    ( WDBNDRY_I 0 -3.966e+05 7.569e+02 1.686e+03
s>        ( QUESTION0 -1 -1.520e+05 5.011e+02 6.486e+02
s>            ( - -3.771e+04 2 0)
s>            ( QUESTION0 1 -1.138e+05 3.318e+02 4.876e+02
s>                ( - -4.450e+04 2 0)
s>                ( - -6.897e+04 1 0)))
s>        ( QUESTION0 1 -2.438e+05 4.236e+02 1.038e+03
s>            ( - -3.020e+04 3 0 QUESTION14 -1 1.791e+02 1.339e+02)
s>            ( WDBNDRY_B 0 -2.132e+05 4.057e+02 9.038e+02
s>                ( QUESTION0 -1 -2.056e+05 3.692e+02 8.698e+02
s>                    ( - -1.772e+04 2 0 QUESTION1 -1 1.530e+02 7.558e+01)
s>                    ( QUESTION14 -1 -1.875e+05 3.414e+02 7.942e+02
s>                        ( - -6.704e+04 4 0)
s>                        ( - -1.202e+05 2 0)))
s>                ( - -7.191e+03 1 0))))INFO: dtree.c(1478): Final simple tree
|( QUESTION16 -1 -4.327e+05 1.320e+03 1.841e+03
|    ( WDBNDRY_B 0 -1.406e+05 2.989e+02 6.159e+02
|        ( - -6.359e+04 3 0)
|        ( - -7.675e+04 3 0))
|    ( QUESTION2_17_L -1 -2.907e+05 5.350e+02 1.225e+03
|        ( - -5.198e+04 6 0 QUESTION0 -1 1.632e+02 2.295e+02)
|        ( QUESTION20 -1 -2.382e+05 3.940e+02 9.952e+02
|            ( - -4.535e+04 4 0 WDBNDRY_B 0 1.170e+02 1.926e+02)
|            ( QUESTION15 -1 -1.925e+05 3.766e+02 8.027e+02
|                ( - -3.165e+04 2 0 WDBNDRY_B 0 2.119e+02 1.280e+02)
|                ( SILENCE -1 -1.605e+05 3.043e+02 6.747e+02
|                    ( - -6.855e+04 2 0)
|                    ( QUESTION2_1_L -1 -9.160e+04 2.198e+02 3.973e+02
|                        ( - -2.583e+02 1 0)
|                        ( - -9.113e+04 9 0 QUESTION0 -1 2.067e+02 3.953e+02)))))))
s>    ( QUESTION16 -1 -4.327e+05 1.320e+03 1.841e+03
s>        ( WDBNDRY_B 0 -1.406e+05 2.989e+02 6.159e+02
s>            ( - -6.359e+04 3 0)
s>            ( - -7.675e+04 3 0))
s>        ( QUESTION2_17_L -1 -2.907e+05 5.350e+02 1.225e+03
s>            ( - -5.198e+04 6 0 QUESTION0 -1 1.632e+02 2.295e+02)
s>            ( QUESTION20 -1 -2.382e+05 3.940e+02 9.952e+02
s>                ( - -4.535e+04 4 0 WDBNDRY_B 0 1.170e+02 1.926e+02)
s>                ( QUESTION15 -1 -1.925e+05 3.766e+02 8.027e+02
s>                    ( - -3.165e+04 2 0 WDBNDRY_B 0 2.119e+02 1.280e+02)
s>                    ( SILENCE -1 -1.605e+05 3.043e+02 6.747e+02
s>                        ( - -6.855e+04 2 0)
s>                        ( QUESTION2_1_L -1 -9.160e+04 2.198e+02 3.973e+02
s>                            ( - -2.583e+02 1 0)
s>                            ( - -9.113e+04 9 0 QUESTION0 -1 2.067e+02 3.953e+02)))))))INFO: dtree.c(1315): Comp split 6
INFO: dtree.c(1315): Comp split 7
INFO: dtree.c(1478): Final simple tree
|( WDBNDRY_I 0 -3.952e+05 8.546e+02 1.707e+03
|    ( QUESTION15 -1 -1.583e+05 4.700e+02 6.942e+02
|        ( - -1.017e+05 6 0 QUESTION19 -1 2.493e+02 4.476e+02)
|        ( - -5.620e+04 3 0 QUESTION2_12_L -1 2.725e+02 2.465e+02))
|    ( QUESTION0 1 -2.360e+05 5.998e+02 1.013e+03
|        ( - -3.312e+04 3 0 QUESTION14 -1 1.936e+02 1.492e+02)
|        ( QUESTION14 -1 -2.023e+05 4.039e+02 8.639e+02
|            ( QUESTION2_14_L -1 -5.066e+04 4.335e+02 2.204e+02
|                ( - -3.209e+04 3 0 QUESTION0_14_R 1 1.566e+02 1.410e+02)
|                ( - -1.814e+04 2 0))
|            ( QUESTION14 1 -1.512e+05 3.808e+02 6.436e+02
|                ( WDBNDRY_B 0 -9.134e+03 4.772e+02 3.786e+01
|                    ( - -8.864e+03 2 0)
|                    ( - 2.070e+02 1 0))
|                ( - -1.417e+05 16 0 QUESTION2_12_L -1 3.044e+02 6.057e+02)))))
s>    ( WDBNDRY_I 0 -3.952e+05 8.546e+02 1.707e+03
s>        ( QUESTION15 -1 -1.583e+05 4.700e+02 6.942e+02
s>            ( - -1.017e+05 6 0 QUESTION19 -1 2.493e+02 4.476e+02)
s>            ( - -5.620e+04 3 0 QUESTION2_12_L -1 2.725e+02 2.465e+02))
s>        ( QUESTION0 1 -2.360e+05 5.998e+02 1.013e+03
s>            ( - -3.312e+04 3 0 QUESTION14 -1 1.936e+02 1.492e+02)
s>            ( QUESTION14 -1 -2.023e+05 4.039e+02 8.639e+02
s>                ( QUESTION2_14_L -1 -5.066e+04 4.335e+02 2.204e+02
s>                    ( - -3.209e+04 3 0 QUESTION0_14_R 1 1.566e+02 1.410e+02)
s>                    ( - -1.814e+04 2 0))
s>                ( QUESTION14 1 -1.512e+05 3.808e+02 6.436e+02
s>                    ( WDBNDRY_B 0 -9.134e+03 4.772e+02 3.786e+01
s>                        ( - -8.864e+03 2 0)
s>                        ( - 2.070e+02 1 0))
s>                    ( - -1.417e+05 16 0 QUESTION2_12_L -1 3.044e+02 6.057e+02)))))INFO: dtree.c(1478): Final simple tree
|( QUESTION15 -1 -1.959e+05 7.069e+02 8.458e+02
|    ( WDBNDRY_B 0 -1.165e+05 3.723e+02 5.055e+02
|        ( QUESTION16 -1 -2.862e+04 1.645e+02 1.232e+02
|            ( - -2.715e+04 2 0)
|            ( - -1.306e+03 1 0))
|        ( QUESTION16 -1 -8.748e+04 2.073e+02 3.823e+02
|            ( - -7.328e+04 1 0)
|            ( - -1.400e+04 1 0)))
|    ( QUESTION2_14_L -1 -7.868e+04 3.746e+02 3.402e+02
|        ( - -2.857e+04 1 0)
|        ( QUESTION0 -1 -4.974e+04 2.121e+02 2.157e+02
|            ( WDBNDRY_B 0 -2.921e+04 1.709e+02 1.277e+02
|                ( - -3.218e+02 1 0)
|                ( - -2.872e+04 1 0))
|            ( - -2.031e+04 3 0 WDBNDRY_B 0 1.469e+02 8.794e+01))))
s>    ( QUESTION15 -1 -1.959e+05 7.069e+02 8.458e+02
s>        ( WDBNDRY_B 0 -1.165e+05 3.723e+02 5.055e+02
s>            ( QUESTION16 -1 -2.862e+04 1.645e+02 1.232e+02
s>                ( - -2.715e+04 2 0)
s>                ( - -1.306e+03 1 0))
s>            ( QUESTION16 -1 -8.748e+04 2.073e+02 3.823e+02
s>                ( - -7.328e+04 1 0)
s>                ( - -1.400e+04 1 0)))
s>        ( QUESTION2_14_L -1 -7.868e+04 3.746e+02 3.402e+02
s>            ( - -2.857e+04 1 0)
s>            ( QUESTION0 -1 -4.974e+04 2.121e+02 2.157e+02
s>                ( WDBNDRY_B 0 -2.921e+04 1.709e+02 1.277e+02
s>                    ( - -3.218e+02 1 0)
s>                    ( - -2.872e+04 1 0))
s>                ( - -2.031e+04 3 0 WDBNDRY_B 0 1.469e+02 8.794e+01))))INFO: dtree.c(1315): Comp split 8
INFO: dtree.c(1439): stop. leaf nodes are specific
INFO: dtree.c(1478): Final simple tree
|( QUESTION20 -1 -1.027e+05 3.552e+02 4.505e+02
|    ( - -5.396e+02 1 0)
|    ( QUESTION16 -1 -1.018e+05 2.467e+02 4.465e+02
|        ( - -9.323e+04 1 0)
|        ( - -8.329e+03 1 0)))
s>    ( QUESTION20 -1 -1.027e+05 3.552e+02 4.505e+02
s>        ( - -5.396e+02 1 0)
s>        ( QUESTION16 -1 -1.018e+05 2.467e+02 4.465e+02
s>            ( - -9.323e+04 1 0)
s>            ( - -8.329e+03 1 0)))INFO: dtree.c(1478): Final simple tree
|( QUESTION0_2_R 1 -2.527e+05 7.091e+02 1.063e+03
|    ( - -2.559e+04 2 0 QUESTION16 -1 1.109e+02 1.111e+02)
|    ( QUESTION0_4_R 1 -2.264e+05 5.370e+02 9.521e+02
|        ( QUESTION17 -1 -1.234e+05 3.058e+02 5.220e+02
|            ( - -1.340e+04 1 0)
|            ( QUESTION2_14_L -1 -1.097e+05 3.212e+02 4.640e+02
|                ( - -1.157e+04 2 0 WDBNDRY_E 0 2.065e+02 5.300e+01)
|                ( - -9.780e+04 4 0 WDBNDRY_B 0 2.129e+02 4.110e+02)))
|        ( QUESTION14 -1 -1.025e+05 2.978e+02 4.301e+02
|            ( WDBNDRY_B 0 -7.738e+04 4.433e+02 3.258e+02
|                ( - -7.714e+04 3 0 QUESTION2_14_L -1 2.302e+02 3.248e+02)
|                ( - 2.052e+02 1 0))
|            ( QUESTION0_8_R 1 -2.484e+04 2.324e+02 1.044e+02
|                ( - -3.583e+02 1 0)
|                ( - -2.425e+04 12 0 WDBNDRY_E 0 2.014e+02 1.024e+02)))))
s>    ( QUESTION0_2_R 1 -2.527e+05 7.091e+02 1.063e+03
s>        ( - -2.559e+04 2 0 QUESTION16 -1 1.109e+02 1.111e+02)
s>        ( QUESTION0_4_R 1 -2.264e+05 5.370e+02 9.521e+02
s>            ( QUESTION17 -1 -1.234e+05 3.058e+02 5.220e+02
s>                ( - -1.340e+04 1 0)
s>                ( QUESTION2_14_L -1 -1.097e+05 3.212e+02 4.640e+02
s>                    ( - -1.157e+04 2 0 WDBNDRY_E 0 2.065e+02 5.300e+01)
s>                    ( - -9.780e+04 4 0 WDBNDRY_B 0 2.129e+02 4.110e+02)))
s>            ( QUESTION14 -1 -1.025e+05 2.978e+02 4.301e+02
s>                ( WDBNDRY_B 0 -7.738e+04 4.433e+02 3.258e+02
s>                    ( - -7.714e+04 3 0 QUESTION2_14_L -1 2.302e+02 3.248e+02)
s>                    ( - 2.052e+02 1 0))
s>                ( QUESTION0_8_R 1 -2.484e+04 2.324e+02 1.044e+02
s>                    ( - -3.583e+02 1 0)
s>                    ( - -2.425e+04 12 0 WDBNDRY_E 0 2.014e+02 1.024e+02)))))INFO: dtree.c(1315): Comp split 9
INFO: dtree.c(1478): Final simple tree
|( QUESTION0_1_R 1 -7.734e+04 6.187e+02 3.339e+02
|    ( WDBNDRY_B 0 -4.592e+04 4.448e+02 1.984e+02
|        ( - -1.406e+04 1 0)
|        ( QUESTION0 1 -3.142e+04 1.865e+02 1.353e+02
|            ( - -8.735e+03 2 0)
|            ( - -2.250e+04 1 0)))
|    ( QUESTION17 -1 -3.079e+04 2.955e+02 1.355e+02
|        ( SILENCE 1 -1.298e+04 1.785e+02 5.534e+01
|            ( - -1.248e+04 1 0)
|            ( - -3.209e+02 1 0))
|        ( QUESTION4 1 -1.752e+04 2.007e+02 8.011e+01
|            ( - -2.593e+02 1 0)
|            ( SILENCE 1 -1.706e+04 1.769e+02 7.811e+01
|                ( - -1.422e+04 3 0 QUESTION2_14_L -1 1.618e+02 6.611e+01)
|                ( - -2.657e+03 1 0)))))
s>    ( QUESTION0_1_R 1 -7.734e+04 6.187e+02 3.339e+02
s>        ( WDBNDRY_B 0 -4.592e+04 4.448e+02 1.984e+02
s>            ( - -1.406e+04 1 0)
s>            ( QUESTION0 1 -3.142e+04 1.865e+02 1.353e+02
s>                ( - -8.735e+03 2 0)
s>                ( - -2.250e+04 1 0)))
s>        ( QUESTION17 -1 -3.079e+04 2.955e+02 1.355e+02
s>            ( SILENCE 1 -1.298e+04 1.785e+02 5.534e+01
s>                ( - -1.248e+04 1 0)
s>                ( - -3.209e+02 1 0))
s>            ( QUESTION4 1 -1.752e+04 2.007e+02 8.011e+01
s>                ( - -2.593e+02 1 0)
s>                ( SILENCE 1 -1.706e+04 1.769e+02 7.811e+01
s>                    ( - -1.422e+04 3 0 QUESTION2_14_L -1 1.618e+02 6.611e+01)
s>                    ( - -2.657e+03 1 0)))))INFO: dtree.c(1439): stop. leaf nodes are specific
INFO: dtree.c(1478): Final simple tree
|( QUESTION16 -1 -6.106e+04 6.756e+02 2.739e+02
|    ( - -1.905e+04 1 0)
|    ( - -4.134e+04 1 0))
s>    ( QUESTION16 -1 -6.106e+04 6.756e+02 2.739e+02
s>        ( - -1.905e+04 1 0)
s>        ( - -4.134e+04 1 0))INFO: dtree.c(1315): Comp split 10
INFO: dtree.c(1439): stop. leaf nodes are specific
INFO: dtree.c(1478): Final simple tree
|( QUESTION15 -1 -1.936e+05 4.893e+02 8.474e+02
|    ( WDBNDRY_B 0 -1.406e+05 2.989e+02 6.159e+02
|        ( - -6.359e+04 3 0)
|        ( - -7.675e+04 3 0))
|    ( QUESTION12 -1 -5.245e+04 2.123e+02 2.315e+02
|        ( - -2.583e+02 1 0)
|        ( QUESTION0 -1 -5.198e+04 1.632e+02 2.295e+02
|            ( - -3.154e+03 2 0)
|            ( WDBNDRY_B 0 -4.866e+04 1.180e+02 2.155e+02
|                ( - -1.919e+03 1 0)
|                ( WDBNDRY_E 0 -4.662e+04 1.147e+02 2.065e+02
|                    ( - -1.225e+03 1 0)
|                    ( - -4.528e+04 2 0))))))
s>    ( QUESTION15 -1 -1.936e+05 4.893e+02 8.474e+02
s>        ( WDBNDRY_B 0 -1.406e+05 2.989e+02 6.159e+02
s>            ( - -6.359e+04 3 0)
s>            ( - -7.675e+04 3 0))
s>        ( QUESTION12 -1 -5.245e+04 2.123e+02 2.315e+02
s>            ( - -2.583e+02 1 0)
s>            ( QUESTION0 -1 -5.198e+04 1.632e+02 2.295e+02
s>                ( - -3.154e+03 2 0)
s>                ( WDBNDRY_B 0 -4.866e+04 1.180e+02 2.155e+02
s>                    ( - -1.919e+03 1 0)
s>                    ( WDBNDRY_E 0 -4.662e+04 1.147e+02 2.065e+02
s>                        ( - -1.225e+03 1 0)
s>                        ( - -4.528e+04 2 0))))))INFO: dtree.c(1478): Final simple tree
|( QUESTION20 -1 -2.377e+05 3.954e+02 9.932e+02
|    ( WDBNDRY_B 0 -4.535e+04 1.170e+02 1.926e+02
|        ( - -4.201e+04 2 0)
|        ( - -3.224e+03 2 0))
|    ( QUESTION15 -1 -1.920e+05 3.754e+02 8.007e+02
|        ( WDBNDRY_B 0 -3.165e+04 2.119e+02 1.280e+02
|            ( - -2.914e+04 1 0)
|            ( - -2.298e+03 1 0))
|        ( SILENCE -1 -1.600e+05 3.031e+02 6.727e+02
|            ( - -6.855e+04 2 0)
|            ( QUESTION0 -1 -9.113e+04 2.067e+02 3.953e+02
|                ( - -2.676e+02 1 0)
|                ( QUESTION2_14_L -1 -9.065e+04 1.256e+02 3.933e+02
|                    ( - -1.448e+03 1 0)
|                    ( - -8.908e+04 7 0))))))
s>    ( QUESTION20 -1 -2.377e+05 3.954e+02 9.932e+02
s>        ( WDBNDRY_B 0 -4.535e+04 1.170e+02 1.926e+02
s>            ( - -4.201e+04 2 0)
s>            ( - -3.224e+03 2 0))
s>        ( QUESTION15 -1 -1.920e+05 3.754e+02 8.007e+02
s>            ( WDBNDRY_B 0 -3.165e+04 2.119e+02 1.280e+02
s>                ( - -2.914e+04 1 0)
s>                ( - -2.298e+03 1 0))
s>            ( SILENCE -1 -1.600e+05 3.031e+02 6.727e+02
s>                ( - -6.855e+04 2 0)
s>                ( QUESTION0 -1 -9.113e+04 2.067e+02 3.953e+02
s>                    ( - -2.676e+02 1 0)
s>                    ( QUESTION2_14_L -1 -9.065e+04 1.256e+02 3.933e+02
s>                        ( - -1.448e+03 1 0)
s>                        ( - -8.908e+04 7 0))))))INFO: dtree.c(1315): Comp split 11
INFO: dtree.c(1439): stop. leaf nodes are specific
INFO: dtree.c(1478): Final simple tree
|( WDBNDRY_B 0 -2.132e+05 4.057e+02 9.038e+02
|    ( QUESTION0 -1 -2.056e+05 3.692e+02 8.698e+02
|        ( QUESTION1 -1 -1.772e+04 1.530e+02 7.558e+01
|            ( - -1.698e+04 1 0)
|            ( - -5.851e+02 1 0))
|        ( QUESTION14 -1 -1.875e+05 3.414e+02 7.942e+02
|            ( - -6.704e+04 4 0)
|            ( - -1.202e+05 2 0)))
|    ( - -7.191e+03 1 0))
s>    ( WDBNDRY_B 0 -2.132e+05 4.057e+02 9.038e+02
s>        ( QUESTION0 -1 -2.056e+05 3.692e+02 8.698e+02
s>            ( QUESTION1 -1 -1.772e+04 1.530e+02 7.558e+01
s>                ( - -1.698e+04 1 0)
s>                ( - -5.851e+02 1 0))
s>            ( QUESTION14 -1 -1.875e+05 3.414e+02 7.942e+02
s>                ( - -6.704e+04 4 0)
s>                ( - -1.202e+05 2 0)))
s>        ( - -7.191e+03 1 0))INFO: dtree.c(1439): stop. leaf nodes are specific
INFO: dtree.c(1478): Final simple tree
|( QUESTION0 -1 -1.825e+05 5.554e+02 7.826e+02
|    ( - -3.771e+04 2 0)
|    ( QUESTION0 1 -1.442e+05 3.808e+02 6.216e+02
|        ( QUESTION14 -1 -7.484e+04 1.753e+02 3.277e+02
|            ( - -5.151e+02 1 0)
|            ( WDBNDRY_B 0 -7.415e+04 1.396e+02 3.247e+02
|                ( - -2.951e+04 2 0)
|                ( - -4.450e+04 2 0)))
|        ( - -6.897e+04 1 0)))
s>    ( QUESTION0 -1 -1.825e+05 5.554e+02 7.826e+02
s>        ( - -3.771e+04 2 0)
s>        ( QUESTION0 1 -1.442e+05 3.808e+02 6.216e+02
s>            ( QUESTION14 -1 -7.484e+04 1.753e+02 3.277e+02
s>                ( - -5.151e+02 1 0)
s>                ( WDBNDRY_B 0 -7.415e+04 1.396e+02 3.247e+02
s>                    ( - -2.951e+04 2 0)
s>                    ( - -4.450e+04 2 0)))
s>            ( - -6.897e+04 1 0)))INFO: dtree.c(1315): Comp split 12
INFO: dtree.c(1439): stop. leaf nodes are specific
INFO: dtree.c(1478): Final simple tree
|( QUESTION16 -1 -8.748e+04 2.073e+02 3.823e+02
|    ( - -7.328e+04 1 0)
|    ( - -1.400e+04 1 0))
s>    ( QUESTION16 -1 -8.748e+04 2.073e+02 3.823e+02
s>        ( - -7.328e+04 1 0)
s>        ( - -1.400e+04 1 0))INFO: dtree.c(1439): stop. leaf nodes are specific
INFO: dtree.c(1478): Final simple tree
|( QUESTION2_14_L -1 -1.075e+05 3.544e+02 4.635e+02
|    ( - -2.857e+04 1 0)
|    ( QUESTION0 -1 -7.860e+04 2.546e+02 3.389e+02
|        ( WDBNDRY_B 0 -2.921e+04 1.709e+02 1.277e+02
|            ( - -3.218e+02 1 0)
|            ( - -2.872e+04 1 0))
|        ( WDBNDRY_B 0 -4.913e+04 2.114e+02 2.112e+02
|            ( QUESTION16 -1 -3.004e+04 1.835e+02 1.292e+02
|                ( - -2.715e+04 2 0)
|                ( QUESTION14 -1 -2.704e+03 1.156e+02 1.200e+01
|                    ( - -1.283e+03 1 0)
|                    ( - -1.306e+03 1 0)))
|            ( - -1.888e+04 2 0))))
s>    ( QUESTION2_14_L -1 -1.075e+05 3.544e+02 4.635e+02
s>        ( - -2.857e+04 1 0)
s>        ( QUESTION0 -1 -7.860e+04 2.546e+02 3.389e+02
s>            ( WDBNDRY_B 0 -2.921e+04 1.709e+02 1.277e+02
s>                ( - -3.218e+02 1 0)
s>                ( - -2.872e+04 1 0))
s>            ( WDBNDRY_B 0 -4.913e+04 2.114e+02 2.112e+02
s>                ( QUESTION16 -1 -3.004e+04 1.835e+02 1.292e+02
s>                    ( - -2.715e+04 2 0)
s>                    ( QUESTION14 -1 -2.704e+03 1.156e+02 1.200e+01
s>                        ( - -1.283e+03 1 0)
s>                        ( - -1.306e+03 1 0)))
s>                ( - -1.888e+04 2 0))))INFO: dtree.c(1315): Comp split 13
INFO: dtree.c(1478): Final simple tree
|( QUESTION15 -1 -1.586e+05 4.684e+02 6.952e+02
|    ( WDBNDRY_E 0 -1.019e+05 4.575e+02 4.486e+02
|        ( - 2.070e+02 1 0)
|        ( QUESTION19 -1 -1.017e+05 2.493e+02 4.476e+02
|            ( QUESTION0 1 -9.701e+04 2.284e+02 4.276e+02
|                ( - -7.472e+03 1 0)
|                ( - -8.931e+04 2 0))
|            ( QUESTION0_14_R 1 -4.418e+03 1.508e+02 2.000e+01
|                ( - -1.901e+03 1 0)
|                ( - -2.367e+03 2 0))))
|    ( QUESTION2_12_L -1 -5.620e+04 2.725e+02 2.465e+02
|        ( - -2.653e+04 1 0)
|        ( QUESTION0_14_R 1 -2.940e+04 2.220e+02 1.286e+02
|            ( - -2.628e+04 1 0)
|            ( - -2.893e+03 1 0))))
s>    ( QUESTION15 -1 -1.586e+05 4.684e+02 6.952e+02
s>        ( WDBNDRY_E 0 -1.019e+05 4.575e+02 4.486e+02
s>            ( - 2.070e+02 1 0)
s>            ( QUESTION19 -1 -1.017e+05 2.493e+02 4.476e+02
s>                ( QUESTION0 1 -9.701e+04 2.284e+02 4.276e+02
s>                    ( - -7.472e+03 1 0)
s>                    ( - -8.931e+04 2 0))
s>                ( QUESTION0_14_R 1 -4.418e+03 1.508e+02 2.000e+01
s>                    ( - -1.901e+03 1 0)
s>                    ( - -2.367e+03 2 0))))
s>        ( QUESTION2_12_L -1 -5.620e+04 2.725e+02 2.465e+02
s>            ( - -2.653e+04 1 0)
s>            ( QUESTION0_14_R 1 -2.940e+04 2.220e+02 1.286e+02
s>                ( - -2.628e+04 1 0)
s>                ( - -2.893e+03 1 0))))INFO: dtree.c(1478): Final simple tree
|( QUESTION0 1 -2.357e+05 6.003e+02 1.012e+03
|    ( - -3.312e+04 3 0 QUESTION14 -1 1.936e+02 1.492e+02)
|    ( QUESTION14 -1 -2.020e+05 4.029e+02 8.629e+02
|        ( QUESTION2_14_L -1 -5.066e+04 4.335e+02 2.204e+02
|            ( - -3.209e+04 3 0 QUESTION0_14_R 1 1.566e+02 1.410e+02)
|            ( - -1.814e+04 2 0))
|        ( QUESTION14 1 -1.510e+05 4.013e+02 6.426e+02
|            ( - -8.864e+03 2 0)
|            ( QUESTION2_12_L -1 -1.417e+05 3.044e+02 6.057e+02
|                ( - -3.599e+04 2 0)
|                ( QUESTION2 -1 -1.054e+05 2.544e+02 4.531e+02
|                    ( - -5.237e+02 1 0)
|                    ( WDBNDRY_B 0 -1.046e+05 2.534e+02 4.501e+02
|                        ( - -1.022e+05 12 0 QUESTION2_7_L -1 2.441e+02 4.391e+02)
|                        ( - -2.151e+03 1 0)))))))
s>    ( QUESTION0 1 -2.357e+05 6.003e+02 1.012e+03
s>        ( - -3.312e+04 3 0 QUESTION14 -1 1.936e+02 1.492e+02)
s>        ( QUESTION14 -1 -2.020e+05 4.029e+02 8.629e+02
s>            ( QUESTION2_14_L -1 -5.066e+04 4.335e+02 2.204e+02
s>                ( - -3.209e+04 3 0 QUESTION0_14_R 1 1.566e+02 1.410e+02)
s>                ( - -1.814e+04 2 0))
s>            ( QUESTION14 1 -1.510e+05 4.013e+02 6.426e+02
s>                ( - -8.864e+03 2 0)
s>                ( QUESTION2_12_L -1 -1.417e+05 3.044e+02 6.057e+02
s>                    ( - -3.599e+04 2 0)
s>                    ( QUESTION2 -1 -1.054e+05 2.544e+02 4.531e+02
s>                        ( - -5.237e+02 1 0)
s>                        ( WDBNDRY_B 0 -1.046e+05 2.534e+02 4.501e+02
s>                            ( - -1.022e+05 12 0 QUESTION2_7_L -1 2.441e+02 4.391e+02)
s>                            ( - -2.151e+03 1 0)))))))INFO: dtree.c(1315): Comp split 14
INFO: dtree.c(1439): stop. leaf nodes are specific
INFO: dtree.c(1478): Final simple tree
|( QUESTION16 -1 -2.559e+04 1.109e+02 1.111e+02
|    ( - -2.180e+04 1 0)
|    ( - -3.676e+03 1 0))
s>    ( QUESTION16 -1 -2.559e+04 1.109e+02 1.111e+02
s>        ( - -2.180e+04 1 0)
s>        ( - -3.676e+03 1 0))INFO: dtree.c(1478): Final simple tree
|( QUESTION0_4_R 1 -2.264e+05 5.370e+02 9.521e+02
|    ( QUESTION17 -1 -1.234e+05 3.058e+02 5.220e+02
|        ( - -1.340e+04 1 0)
|        ( QUESTION2_14_L -1 -1.097e+05 3.212e+02 4.640e+02
|            ( - -1.157e+04 2 0 WDBNDRY_E 0 2.065e+02 5.300e+01)
|            ( - -9.780e+04 4 0 WDBNDRY_B 0 2.129e+02 4.110e+02)))
|    ( QUESTION14 -1 -1.025e+05 2.978e+02 4.301e+02
|        ( WDBNDRY_B 0 -7.738e+04 4.433e+02 3.258e+02
|            ( QUESTION2_14_L -1 -7.714e+04 2.302e+02 3.248e+02
|                ( - -5.222e+04 1 0)
|                ( - -2.469e+04 2 0))
|            ( - 2.052e+02 1 0))
|        ( QUESTION0_8_R 1 -2.484e+04 2.324e+02 1.044e+02
|            ( - -3.583e+02 1 0)
|            ( - -2.425e+04 12 0 WDBNDRY_E 0 2.014e+02 1.024e+02))))
s>    ( QUESTION0_4_R 1 -2.264e+05 5.370e+02 9.521e+02
s>        ( QUESTION17 -1 -1.234e+05 3.058e+02 5.220e+02
s>            ( - -1.340e+04 1 0)
s>            ( QUESTION2_14_L -1 -1.097e+05 3.212e+02 4.640e+02
s>                ( - -1.157e+04 2 0 WDBNDRY_E 0 2.065e+02 5.300e+01)
s>                ( - -9.780e+04 4 0 WDBNDRY_B 0 2.129e+02 4.110e+02)))
s>        ( QUESTION14 -1 -1.025e+05 2.978e+02 4.301e+02
s>            ( WDBNDRY_B 0 -7.738e+04 4.433e+02 3.258e+02
s>                ( QUESTION2_14_L -1 -7.714e+04 2.302e+02 3.248e+02
s>                    ( - -5.222e+04 1 0)
s>                    ( - -2.469e+04 2 0))
s>                ( - 2.052e+02 1 0))
s>            ( QUESTION0_8_R 1 -2.484e+04 2.324e+02 1.044e+02
s>                ( - -3.583e+02 1 0)
s>                ( - -2.425e+04 12 0 WDBNDRY_E 0 2.014e+02 1.024e+02))))INFO: dtree.c(1315): Comp split 15
INFO: dtree.c(1439): stop. leaf nodes are specific
INFO: dtree.c(1478): Final simple tree
|( QUESTION0 -1 -1.210e+05 5.103e+02 5.213e+02
|    ( WDBNDRY_B 0 -3.009e+04 2.139e+02 1.315e+02
|        ( - -1.062e+03 1 0)
|        ( - -2.882e+04 1 0))
|    ( WDBNDRY_I 0 -9.037e+04 2.248e+02 3.898e+02
|        ( - -8.246e+04 2 0)
|        ( QUESTION0 1 -7.683e+03 1.505e+02 3.401e+01
|            ( - -7.497e+02 1 0)
|            ( WDBNDRY_B 0 -6.783e+03 1.185e+02 3.001e+01
|                ( - -5.098e+03 1 0)
|                ( - -1.566e+03 1 0)))))
s>    ( QUESTION0 -1 -1.210e+05 5.103e+02 5.213e+02
s>        ( WDBNDRY_B 0 -3.009e+04 2.139e+02 1.315e+02
s>            ( - -1.062e+03 1 0)
s>            ( - -2.882e+04 1 0))
s>        ( WDBNDRY_I 0 -9.037e+04 2.248e+02 3.898e+02
s>            ( - -8.246e+04 2 0)
s>            ( QUESTION0 1 -7.683e+03 1.505e+02 3.401e+01
s>                ( - -7.497e+02 1 0)
s>                ( WDBNDRY_B 0 -6.783e+03 1.185e+02 3.001e+01
s>                    ( - -5.098e+03 1 0)
s>                    ( - -1.566e+03 1 0)))))INFO: dtree.c(1439): stop. leaf nodes are specific
INFO: dtree.c(1478): Final simple tree
|( QUESTION0_18_R 1 -1.451e+04 4.504e+02 6.150e+01
|    ( - 2.189e+02 1 0)
|    ( WDBNDRY_B 0 -1.428e+04 2.889e+02 6.050e+01
|        ( - -1.883e+03 1 0)
|        ( - -1.211e+04 1 0)))
s>    ( QUESTION0_18_R 1 -1.451e+04 4.504e+02 6.150e+01
s>        ( - 2.189e+02 1 0)
s>        ( WDBNDRY_B 0 -1.428e+04 2.889e+02 6.050e+01
s>            ( - -1.883e+03 1 0)
s>            ( - -1.211e+04 1 0)))INFO: dtree.c(1315): Comp split 16
INFO: dtree.c(1439): stop. leaf nodes are specific
INFO: dtree.c(1478): Final simple tree
|( QUESTION0 -1 -4.191e+04 2.497e+02 1.809e+02
|    ( - -5.237e+02 1 0)
|    ( QUESTION14 -1 -4.114e+04 1.888e+02 1.779e+02
|        ( QUESTION0_14_R 1 -3.209e+04 1.566e+02 1.410e+02
|            ( - -3.166e+04 2 0)
|            ( - -2.733e+02 1 0))
|        ( - -8.864e+03 2 0)))
s>    ( QUESTION0 -1 -4.191e+04 2.497e+02 1.809e+02
s>        ( - -5.237e+02 1 0)
s>        ( QUESTION14 -1 -4.114e+04 1.888e+02 1.779e+02
s>            ( QUESTION0_14_R 1 -3.209e+04 1.566e+02 1.410e+02
s>                ( - -3.166e+04 2 0)
s>                ( - -2.733e+02 1 0))
s>            ( - -8.864e+03 2 0)))INFO: dtree.c(1478): Final simple tree
|( QUESTION0 1 -1.931e+05 5.676e+02 8.312e+02
|    ( - -3.312e+04 3 0 QUESTION14 -1 1.936e+02 1.492e+02)
|    ( QUESTION14 -1 -1.594e+05 3.997e+02 6.821e+02
|        ( - -1.814e+04 2 0)
|        ( QUESTION2_12_L -1 -1.409e+05 3.044e+02 6.027e+02
|            ( - -3.599e+04 2 0)
|            ( WDBNDRY_B 0 -1.046e+05 2.534e+02 4.501e+02
|                ( QUESTION2_7_L -1 -1.022e+05 2.441e+02 4.391e+02
|                    ( QUESTION1 -1 -5.617e+03 2.234e+02 2.399e+01
|                        ( - -7.332e+02 1 0)
|                        ( - -4.661e+03 1 0))
|                    ( QUESTION2_20_L -1 -9.635e+04 2.063e+02 4.151e+02
|                        ( - -4.286e+04 2 0 QUESTION0_14_R 1 1.975e+02 1.879e+02)
|                        ( - -5.328e+04 8 0 QUESTION0_14_R 1 1.728e+02 2.272e+02)))
|                ( - -2.151e+03 1 0)))))
s>    ( QUESTION0 1 -1.931e+05 5.676e+02 8.312e+02
s>        ( - -3.312e+04 3 0 QUESTION14 -1 1.936e+02 1.492e+02)
s>        ( QUESTION14 -1 -1.594e+05 3.997e+02 6.821e+02
s>            ( - -1.814e+04 2 0)
s>            ( QUESTION2_12_L -1 -1.409e+05 3.044e+02 6.027e+02
s>                ( - -3.599e+04 2 0)
s>                ( WDBNDRY_B 0 -1.046e+05 2.534e+02 4.501e+02
s>                    ( QUESTION2_7_L -1 -1.022e+05 2.441e+02 4.391e+02
s>                        ( QUESTION1 -1 -5.617e+03 2.234e+02 2.399e+01
s>                            ( - -7.332e+02 1 0)
s>                            ( - -4.661e+03 1 0))
s>                        ( QUESTION2_20_L -1 -9.635e+04 2.063e+02 4.151e+02
s>                            ( - -4.286e+04 2 0 QUESTION0_14_R 1 1.975e+02 1.879e+02)
s>                            ( - -5.328e+04 8 0 QUESTION0_14_R 1 1.728e+02 2.272e+02)))
s>                    ( - -2.151e+03 1 0)))))INFO: dtree.c(1315): Comp split 17
INFO: dtree.c(1315): Comp split 18
INFO: dtree.c(1439): stop. leaf nodes are specific
INFO: dtree.c(1478): Final simple tree
|( WDBNDRY_B 0 -9.780e+04 2.129e+02 4.110e+02
|    ( - -1.871e+04 1 0)
|    ( - -7.888e+04 3 0))
s>    ( WDBNDRY_B 0 -9.780e+04 2.129e+02 4.110e+02
s>        ( - -1.871e+04 1 0)
s>        ( - -7.888e+04 3 0))INFO: dtree.c(1478): Final simple tree
|( QUESTION14 -1 -1.280e+05 3.282e+02 5.411e+02
|    ( QUESTION0_4_R 1 -8.919e+04 2.515e+02 3.788e+02
|        ( WDBNDRY_E 0 -1.157e+04 2.065e+02 5.300e+01
|            ( - -6.497e+03 1 0)
|            ( - -4.864e+03 1 0))
|        ( WDBNDRY_B 0 -7.738e+04 4.433e+02 3.258e+02
|            ( QUESTION2_14_L -1 -7.714e+04 2.302e+02 3.248e+02
|                ( - -5.222e+04 1 0)
|                ( - -2.469e+04 2 0))
|            ( - 2.052e+02 1 0)))
|    ( WDBNDRY_B 0 -3.848e+04 2.509e+02 1.623e+02
|        ( - -1.755e+04 9 0 QUESTION18 -1 1.973e+02 7.516e+01)
|        ( QUESTION0_8_R 1 -2.067e+04 2.237e+02 8.718e+01
|            ( - -3.583e+02 1 0)
|            ( - -2.009e+04 4 0 QUESTION17 -1 1.921e+02 8.518e+01))))
s>    ( QUESTION14 -1 -1.280e+05 3.282e+02 5.411e+02
s>        ( QUESTION0_4_R 1 -8.919e+04 2.515e+02 3.788e+02
s>            ( WDBNDRY_E 0 -1.157e+04 2.065e+02 5.300e+01
s>                ( - -6.497e+03 1 0)
s>                ( - -4.864e+03 1 0))
s>            ( WDBNDRY_B 0 -7.738e+04 4.433e+02 3.258e+02
s>                ( QUESTION2_14_L -1 -7.714e+04 2.302e+02 3.248e+02
s>                    ( - -5.222e+04 1 0)
s>                    ( - -2.469e+04 2 0))
s>                ( - 2.052e+02 1 0)))
s>        ( WDBNDRY_B 0 -3.848e+04 2.509e+02 1.623e+02
s>            ( - -1.755e+04 9 0 QUESTION18 -1 1.973e+02 7.516e+01)
s>            ( QUESTION0_8_R 1 -2.067e+04 2.237e+02 8.718e+01
s>                ( - -3.583e+02 1 0)
s>                ( - -2.009e+04 4 0 QUESTION17 -1 1.921e+02 8.518e+01))))INFO: dtree.c(1315): Comp split 19
INFO: dtree.c(1439): stop. leaf nodes are specific
INFO: dtree.c(1478): Final simple tree
|( QUESTION17 -1 -2.985e+04 3.097e+02 1.315e+02
|    ( - -1.248e+04 1 0)
|    ( SILENCE 1 -1.706e+04 1.769e+02 7.811e+01
|        ( QUESTION2_14_L -1 -1.422e+04 1.618e+02 6.611e+01
|            ( - -9.960e+02 1 0)
|            ( QUESTION14 -1 -1.307e+04 1.625e+02 6.111e+01
|                ( - -5.512e+02 1 0)
|                ( - -1.235e+04 1 0)))
|        ( - -2.657e+03 1 0)))
s>    ( QUESTION17 -1 -2.985e+04 3.097e+02 1.315e+02
s>        ( - -1.248e+04 1 0)
s>        ( SILENCE 1 -1.706e+04 1.769e+02 7.811e+01
s>            ( QUESTION2_14_L -1 -1.422e+04 1.618e+02 6.611e+01
s>                ( - -9.960e+02 1 0)
s>                ( QUESTION14 -1 -1.307e+04 1.625e+02 6.111e+01
s>                    ( - -5.512e+02 1 0)
s>                    ( - -1.235e+04 1 0)))
s>            ( - -2.657e+03 1 0)))INFO: dtree.c(1439): stop. leaf nodes are specific
INFO: dtree.c(1478): Final simple tree
|( WDBNDRY_B 0 -4.685e+04 4.454e+02 2.024e+02
|    ( - -1.406e+04 1 0)
|    ( QUESTION4 1 -3.234e+04 1.952e+02 1.393e+02
|        ( - -2.593e+02 1 0)
|        ( QUESTION0 1 -3.189e+04 1.867e+02 1.373e+02
|            ( QUESTION0_1_R 1 -9.205e+03 1.494e+02 4.055e+01
|                ( - -8.735e+03 2 0)
|                ( - -3.209e+02 1 0))
|            ( - -2.250e+04 1 0))))
s>    ( WDBNDRY_B 0 -4.685e+04 4.454e+02 2.024e+02
s>        ( - -1.406e+04 1 0)
s>        ( QUESTION4 1 -3.234e+04 1.952e+02 1.393e+02
s>            ( - -2.593e+02 1 0)
s>            ( QUESTION0 1 -3.189e+04 1.867e+02 1.373e+02
s>                ( QUESTION0_1_R 1 -9.205e+03 1.494e+02 4.055e+01
s>                    ( - -8.735e+03 2 0)
s>                    ( - -3.209e+02 1 0))
s>                ( - -2.250e+04 1 0))))INFO: dtree.c(1315): Comp split 20
INFO: dtree.c(1439): stop. leaf nodes are specific
INFO: dtree.c(1478): Final simple tree
|( WDBNDRY_I 0 -9.157e+04 2.553e+02 3.948e+02
|    ( - -8.246e+04 2 0)
|    ( QUESTION0 1 -8.861e+03 1.531e+02 3.901e+01
|        ( - -7.497e+02 1 0)
|        ( WDBNDRY_B 0 -7.958e+03 1.190e+02 3.501e+01
|            ( QUESTION0 -1 -6.273e+03 1.129e+02 2.801e+01
|                ( - -1.062e+03 1 0)
|                ( - -5.098e+03 1 0))
|            ( - -1.566e+03 1 0))))
s>    ( WDBNDRY_I 0 -9.157e+04 2.553e+02 3.948e+02
s>        ( - -8.246e+04 2 0)
s>        ( QUESTION0 1 -8.861e+03 1.531e+02 3.901e+01
s>            ( - -7.497e+02 1 0)
s>            ( WDBNDRY_B 0 -7.958e+03 1.190e+02 3.501e+01
s>                ( QUESTION0 -1 -6.273e+03 1.129e+02 2.801e+01
s>                    ( - -1.062e+03 1 0)
s>                    ( - -5.098e+03 1 0))
s>                ( - -1.566e+03 1 0))))INFO: dtree.c(1315): Comp split 21
INFO: dtree.c(1478): Final simple tree
|( QUESTION14 -1 -1.594e+05 3.997e+02 6.821e+02
|    ( - -1.814e+04 2 0)
|    ( QUESTION2_12_L -1 -1.409e+05 3.044e+02 6.027e+02
|        ( - -3.599e+04 2 0)
|        ( WDBNDRY_B 0 -1.046e+05 2.534e+02 4.501e+02
|            ( QUESTION2_7_L -1 -1.022e+05 2.441e+02 4.391e+02
|                ( QUESTION1 -1 -5.617e+03 2.234e+02 2.399e+01
|                    ( - -7.332e+02 1 0)
|                    ( - -4.661e+03 1 0))
|                ( QUESTION2_20_L -1 -9.635e+04 2.063e+02 4.151e+02
|                    ( QUESTION0_14_R 1 -4.286e+04 1.975e+02 1.879e+02
|                        ( - -4.240e+04 1 0)
|                        ( - -2.687e+02 1 0))
|                    ( - -5.328e+04 8 0 QUESTION0_14_R 1 1.728e+02 2.272e+02)))
|            ( - -2.151e+03 1 0))))
s>    ( QUESTION14 -1 -1.594e+05 3.997e+02 6.821e+02
s>        ( - -1.814e+04 2 0)
s>        ( QUESTION2_12_L -1 -1.409e+05 3.044e+02 6.027e+02
s>            ( - -3.599e+04 2 0)
s>            ( WDBNDRY_B 0 -1.046e+05 2.534e+02 4.501e+02
s>                ( QUESTION2_7_L -1 -1.022e+05 2.441e+02 4.391e+02
s>                    ( QUESTION1 -1 -5.617e+03 2.234e+02 2.399e+01
s>                        ( - -7.332e+02 1 0)
s>                        ( - -4.661e+03 1 0))
s>                    ( QUESTION2_20_L -1 -9.635e+04 2.063e+02 4.151e+02
s>                        ( QUESTION0_14_R 1 -4.286e+04 1.975e+02 1.879e+02
s>                            ( - -4.240e+04 1 0)
s>                            ( - -2.687e+02 1 0))
s>                        ( - -5.328e+04 8 0 QUESTION0_14_R 1 1.728e+02 2.272e+02)))
s>                ( - -2.151e+03 1 0))))INFO: dtree.c(1439): stop. leaf nodes are specific
INFO: dtree.c(1478): Final simple tree
|( QUESTION14 -1 -3.312e+04 1.936e+02 1.492e+02
|    ( - -2.359e+04 1 0)
|    ( QUESTION0 -1 -9.341e+03 1.275e+02 4.296e+01
|        ( - -3.458e+03 1 0)
|        ( - -5.755e+03 1 0)))
s>    ( QUESTION14 -1 -3.312e+04 1.936e+02 1.492e+02
s>        ( - -2.359e+04 1 0)
s>        ( QUESTION0 -1 -9.341e+03 1.275e+02 4.296e+01
s>            ( - -3.458e+03 1 0)
s>            ( - -5.755e+03 1 0)))INFO: dtree.c(1315): Comp split 22
INFO: dtree.c(1439): stop. leaf nodes are specific
INFO: dtree.c(1478): Final simple tree
|( QUESTION0 1 -1.442e+05 3.808e+02 6.216e+02
|    ( QUESTION14 -1 -7.484e+04 1.753e+02 3.277e+02
|        ( - -5.151e+02 1 0)
|        ( WDBNDRY_B 0 -7.415e+04 1.396e+02 3.247e+02
|            ( - -2.951e+04 2 0)
|            ( - -4.450e+04 2 0)))
|    ( - -6.897e+04 1 0))
s>    ( QUESTION0 1 -1.442e+05 3.808e+02 6.216e+02
s>        ( QUESTION14 -1 -7.484e+04 1.753e+02 3.277e+02
s>            ( - -5.151e+02 1 0)
s>            ( WDBNDRY_B 0 -7.415e+04 1.396e+02 3.247e+02
s>                ( - -2.951e+04 2 0)
s>                ( - -4.450e+04 2 0)))
s>        ( - -6.897e+04 1 0))INFO: dtree.c(1315): Comp split 23
INFO: dtree.c(1439): stop. leaf nodes are specific
INFO: dtree.c(1478): Final simple tree
|( WDBNDRY_B 0 -1.406e+05 2.989e+02 6.159e+02
|    ( - -6.359e+04 3 0)
|    ( - -7.675e+04 3 0))
s>    ( WDBNDRY_B 0 -1.406e+05 2.989e+02 6.159e+02
s>        ( - -6.359e+04 3 0)
s>        ( - -7.675e+04 3 0))INFO: dtree.c(1439): stop. leaf nodes are specific
INFO: dtree.c(1478): Final simple tree
|( QUESTION12 -1 -5.245e+04 2.123e+02 2.315e+02
|    ( - -2.583e+02 1 0)
|    ( QUESTION0 -1 -5.198e+04 1.632e+02 2.295e+02
|        ( - -3.154e+03 2 0)
|        ( WDBNDRY_B 0 -4.866e+04 1.180e+02 2.155e+02
|            ( - -1.919e+03 1 0)
|            ( WDBNDRY_E 0 -4.662e+04 1.147e+02 2.065e+02
|                ( - -1.225e+03 1 0)
|                ( - -4.528e+04 2 0)))))
s>    ( QUESTION12 -1 -5.245e+04 2.123e+02 2.315e+02
s>        ( - -2.583e+02 1 0)
s>        ( QUESTION0 -1 -5.198e+04 1.632e+02 2.295e+02
s>            ( - -3.154e+03 2 0)
s>            ( WDBNDRY_B 0 -4.866e+04 1.180e+02 2.155e+02
s>                ( - -1.919e+03 1 0)
s>                ( WDBNDRY_E 0 -4.662e+04 1.147e+02 2.065e+02
s>                    ( - -1.225e+03 1 0)
s>                    ( - -4.528e+04 2 0)))))INFO: dtree.c(1315): Comp split 24
INFO: dtree.c(1439): stop. leaf nodes are specific
INFO: dtree.c(1478): Final simple tree
|( QUESTION19 -1 -1.017e+05 2.493e+02 4.476e+02
|    ( QUESTION0 1 -9.701e+04 2.284e+02 4.276e+02
|        ( - -7.472e+03 1 0)
|        ( - -8.931e+04 2 0))
|    ( QUESTION0_14_R 1 -4.418e+03 1.508e+02 2.000e+01
|        ( - -1.901e+03 1 0)
|        ( - -2.367e+03 2 0)))
s>    ( QUESTION19 -1 -1.017e+05 2.493e+02 4.476e+02
s>        ( QUESTION0 1 -9.701e+04 2.284e+02 4.276e+02
s>            ( - -7.472e+03 1 0)
s>            ( - -8.931e+04 2 0))
s>        ( QUESTION0_14_R 1 -4.418e+03 1.508e+02 2.000e+01
s>            ( - -1.901e+03 1 0)
s>            ( - -2.367e+03 2 0)))INFO: dtree.c(1439): stop. leaf nodes are specific
INFO: dtree.c(1478): Final simple tree
|( WDBNDRY_E 0 -5.645e+04 4.556e+02 2.475e+02
|    ( - 2.070e+02 1 0)
|    ( QUESTION2_12_L -1 -5.620e+04 2.725e+02 2.465e+02
|        ( - -2.653e+04 1 0)
|        ( QUESTION0_14_R 1 -2.940e+04 2.220e+02 1.286e+02
|            ( - -2.628e+04 1 0)
|            ( - -2.893e+03 1 0))))
s>    ( WDBNDRY_E 0 -5.645e+04 4.556e+02 2.475e+02
s>        ( - 2.070e+02 1 0)
s>        ( QUESTION2_12_L -1 -5.620e+04 2.725e+02 2.465e+02
s>            ( - -2.653e+04 1 0)
s>            ( QUESTION0_14_R 1 -2.940e+04 2.220e+02 1.286e+02
s>                ( - -2.628e+04 1 0)
s>                ( - -2.893e+03 1 0))))INFO: dtree.c(1315): Comp split 25
INFO: dtree.c(1439): stop. leaf nodes are specific
INFO: dtree.c(1478): Final simple tree
|( QUESTION2_12_L -1 -5.620e+04 2.725e+02 2.465e+02
|    ( - -2.653e+04 1 0)
|    ( QUESTION0_14_R 1 -2.940e+04 2.220e+02 1.286e+02
|        ( - -2.628e+04 1 0)
|        ( - -2.893e+03 1 0)))
s>    ( QUESTION2_12_L -1 -5.620e+04 2.725e+02 2.465e+02
s>        ( - -2.653e+04 1 0)
s>        ( QUESTION0_14_R 1 -2.940e+04 2.220e+02 1.286e+02
s>            ( - -2.628e+04 1 0)
s>            ( - -2.893e+03 1 0)))INFO: dtree.c(1315): Comp split 26
INFO: dtree.c(1439): stop. leaf nodes are specific
INFO: dtree.c(1478): Final simple tree
|( QUESTION2_20_L -1 -1.368e+05 3.232e+02 5.879e+02
|    ( - -8.908e+04 7 0)
|    ( QUESTION0 -1 -4.739e+04 2.053e+02 2.016e+02
|        ( - -2.676e+02 1 0)
|        ( QUESTION14 -1 -4.692e+04 1.201e+02 1.996e+02
|            ( - -1.448e+03 1 0)
|            ( WDBNDRY_B 0 -4.535e+04 1.170e+02 1.926e+02
|                ( - -4.201e+04 2 0)
|                ( - -3.224e+03 2 0)))))
s>    ( QUESTION2_20_L -1 -1.368e+05 3.232e+02 5.879e+02
s>        ( - -8.908e+04 7 0)
s>        ( QUESTION0 -1 -4.739e+04 2.053e+02 2.016e+02
s>            ( - -2.676e+02 1 0)
s>            ( QUESTION14 -1 -4.692e+04 1.201e+02 1.996e+02
s>                ( - -1.448e+03 1 0)
s>                ( WDBNDRY_B 0 -4.535e+04 1.170e+02 1.926e+02
s>                    ( - -4.201e+04 2 0)
s>                    ( - -3.224e+03 2 0)))))INFO: dtree.c(1439): stop. leaf nodes are specific
INFO: dtree.c(1478): Final simple tree
|( QUESTION18 -1 -1.005e+05 3.079e+02 4.054e+02
|    ( - -2.914e+04 1 0)
|    ( WDBNDRY_B 0 -7.106e+04 2.100e+02 2.874e+02
|        ( - -6.855e+04 2 0)
|        ( - -2.298e+03 1 0)))
s>    ( QUESTION18 -1 -1.005e+05 3.079e+02 4.054e+02
s>        ( - -2.914e+04 1 0)
s>        ( WDBNDRY_B 0 -7.106e+04 2.100e+02 2.874e+02
s>            ( - -6.855e+04 2 0)
s>            ( - -2.298e+03 1 0)))INFO: dtree.c(1315): Comp split 27
INFO: dtree.c(1439): stop. leaf nodes are specific
INFO: dtree.c(1478): Final simple tree
|( WDBNDRY_B 0 -1.428e+04 2.889e+02 6.050e+01
|    ( - -1.883e+03 1 0)
|    ( - -1.211e+04 1 0))
s>    ( WDBNDRY_B 0 -1.428e+04 2.889e+02 6.050e+01
s>        ( - -1.883e+03 1 0)
s>        ( - -1.211e+04 1 0))INFO: dtree.c(1315): Comp split 28
INFO: dtree.c(1439): stop. leaf nodes are specific
INFO: dtree.c(1478): Final simple tree
|( QUESTION4 1 -3.234e+04 1.952e+02 1.393e+02
|    ( - -2.593e+02 1 0)
|    ( QUESTION0 1 -3.189e+04 1.867e+02 1.373e+02
|        ( QUESTION0_1_R 1 -9.205e+03 1.494e+02 4.055e+01
|            ( - -8.735e+03 2 0)
|            ( - -3.209e+02 1 0))
|        ( - -2.250e+04 1 0)))
s>    ( QUESTION4 1 -3.234e+04 1.952e+02 1.393e+02
s>        ( - -2.593e+02 1 0)
s>        ( QUESTION0 1 -3.189e+04 1.867e+02 1.373e+02
s>            ( QUESTION0_1_R 1 -9.205e+03 1.494e+02 4.055e+01
s>                ( - -8.735e+03 2 0)
s>                ( - -3.209e+02 1 0))
s>            ( - -2.250e+04 1 0)))INFO: dtree.c(1315): Comp split 29
INFO: dtree.c(1478): Final simple tree
|( QUESTION14 -1 -1.278e+05 3.287e+02 5.401e+02
|    ( WDBNDRY_B 0 -8.896e+04 2.512e+02 3.778e+02
|        ( QUESTION2_14_L -1 -7.714e+04 2.302e+02 3.248e+02
|            ( - -5.222e+04 1 0)
|            ( - -2.469e+04 2 0))
|        ( WDBNDRY_E 0 -1.157e+04 2.065e+02 5.300e+01
|            ( - -6.497e+03 1 0)
|            ( - -4.864e+03 1 0)))
|    ( WDBNDRY_B 0 -3.848e+04 2.509e+02 1.623e+02
|        ( QUESTION18 -1 -1.755e+04 1.973e+02 7.516e+01
|            ( - -2.451e+02 1 0)
|            ( - -1.711e+04 8 0 QUESTION2_20_L -1 1.973e+02 7.316e+01))
|        ( QUESTION0_8_R 1 -2.067e+04 2.237e+02 8.718e+01
|            ( - -3.583e+02 1 0)
|            ( - -2.009e+04 4 0 QUESTION17 -1 1.921e+02 8.518e+01))))
s>    ( QUESTION14 -1 -1.278e+05 3.287e+02 5.401e+02
s>        ( WDBNDRY_B 0 -8.896e+04 2.512e+02 3.778e+02
s>            ( QUESTION2_14_L -1 -7.714e+04 2.302e+02 3.248e+02
s>                ( - -5.222e+04 1 0)
s>                ( - -2.469e+04 2 0))
s>            ( WDBNDRY_E 0 -1.157e+04 2.065e+02 5.300e+01
s>                ( - -6.497e+03 1 0)
s>                ( - -4.864e+03 1 0)))
s>        ( WDBNDRY_B 0 -3.848e+04 2.509e+02 1.623e+02
s>            ( QUESTION18 -1 -1.755e+04 1.973e+02 7.516e+01
s>                ( - -2.451e+02 1 0)
s>                ( - -1.711e+04 8 0 QUESTION2_20_L -1 1.973e+02 7.316e+01))
s>            ( QUESTION0_8_R 1 -2.067e+04 2.237e+02 8.718e+01
s>                ( - -3.583e+02 1 0)
s>                ( - -2.009e+04 4 0 QUESTION17 -1 1.921e+02 8.518e+01))))INFO: dtree.c(1315): Comp split 30
INFO: dtree.c(1439): stop. leaf nodes are specific
INFO: dtree.c(1478): Final simple tree
|( QUESTION14 -1 -1.875e+05 3.414e+02 7.942e+02
|    ( - -6.704e+04 4 0)
|    ( - -1.202e+05 2 0))
s>    ( QUESTION14 -1 -1.875e+05 3.414e+02 7.942e+02
s>        ( - -6.704e+04 4 0)
s>        ( - -1.202e+05 2 0))INFO: dtree.c(1439): stop. leaf nodes are specific
INFO: dtree.c(1478): Final simple tree
|( WDBNDRY_B 0 -2.525e+04 3.417e+02 1.096e+02
|    ( QUESTION1 -1 -1.772e+04 1.530e+02 7.558e+01
|        ( - -1.698e+04 1 0)
|        ( - -5.851e+02 1 0))
|    ( - -7.191e+03 1 0))
s>    ( WDBNDRY_B 0 -2.525e+04 3.417e+02 1.096e+02
s>        ( QUESTION1 -1 -1.772e+04 1.530e+02 7.558e+01
s>            ( - -1.698e+04 1 0)
s>            ( - -5.851e+02 1 0))
s>        ( - -7.191e+03 1 0))INFO: dtree.c(1315): Comp split 31
INFO: dtree.c(1478): Final simple tree
|( QUESTION2_12_L -1 -1.409e+05 3.044e+02 6.027e+02
|    ( - -3.599e+04 2 0)
|    ( WDBNDRY_B 0 -1.046e+05 2.534e+02 4.501e+02
|        ( QUESTION2_7_L -1 -1.022e+05 2.441e+02 4.391e+02
|            ( QUESTION1 -1 -5.617e+03 2.234e+02 2.399e+01
|                ( - -7.332e+02 1 0)
|                ( - -4.661e+03 1 0))
|            ( QUESTION2_20_L -1 -9.635e+04 2.063e+02 4.151e+02
|                ( QUESTION0_14_R 1 -4.286e+04 1.975e+02 1.879e+02
|                    ( - -4.240e+04 1 0)
|                    ( - -2.687e+02 1 0))
|                ( QUESTION0_14_R 1 -5.328e+04 1.728e+02 2.272e+02
|                    ( - -5.284e+04 7 0 QUESTION13 -1 1.702e+02 2.252e+02)
|                    ( - -2.661e+02 1 0))))
|        ( - -2.151e+03 1 0)))
s>    ( QUESTION2_12_L -1 -1.409e+05 3.044e+02 6.027e+02
s>        ( - -3.599e+04 2 0)
s>        ( WDBNDRY_B 0 -1.046e+05 2.534e+02 4.501e+02
s>            ( QUESTION2_7_L -1 -1.022e+05 2.441e+02 4.391e+02
s>                ( QUESTION1 -1 -5.617e+03 2.234e+02 2.399e+01
s>                    ( - -7.332e+02 1 0)
s>                    ( - -4.661e+03 1 0))
s>                ( QUESTION2_20_L -1 -9.635e+04 2.063e+02 4.151e+02
s>                    ( QUESTION0_14_R 1 -4.286e+04 1.975e+02 1.879e+02
s>                        ( - -4.240e+04 1 0)
s>                        ( - -2.687e+02 1 0))
s>                    ( QUESTION0_14_R 1 -5.328e+04 1.728e+02 2.272e+02
s>                        ( - -5.284e+04 7 0 QUESTION13 -1 1.702e+02 2.252e+02)
s>                        ( - -2.661e+02 1 0))))
s>            ( - -2.151e+03 1 0)))INFO: dtree.c(1315): Comp split 32
INFO: dtree.c(1439): stop. leaf nodes are specific
INFO: dtree.c(1478): Final simple tree
|( QUESTION14 -1 -7.484e+04 1.753e+02 3.277e+02
|    ( - -5.151e+02 1 0)
|    ( WDBNDRY_B 0 -7.415e+04 1.396e+02 3.247e+02
|        ( - -2.951e+04 2 0)
|        ( - -4.450e+04 2 0)))
s>    ( QUESTION14 -1 -7.484e+04 1.753e+02 3.277e+02
s>        ( - -5.151e+02 1 0)
s>        ( WDBNDRY_B 0 -7.415e+04 1.396e+02 3.247e+02
s>            ( - -2.951e+04 2 0)
s>            ( - -4.450e+04 2 0)))INFO: dtree.c(1315): Comp split 33
INFO: dtree.c(1439): stop. leaf nodes are specific
INFO: dtree.c(1478): Final simple tree
|( QUESTION14 -1 -3.001e+04 1.366e+02 1.305e+02
|    ( - -2.857e+04 1 0)
|    ( - -1.306e+03 1 0))
s>    ( QUESTION14 -1 -3.001e+04 1.366e+02 1.305e+02
s>        ( - -2.857e+04 1 0)
s>        ( - -1.306e+03 1 0))INFO: dtree.c(1439): stop. leaf nodes are specific
INFO: dtree.c(1478): Final simple tree
|( QUESTION0 -1 -7.714e+04 2.648e+02 3.329e+02
|    ( WDBNDRY_B 0 -2.921e+04 1.709e+02 1.277e+02
|        ( - -3.218e+02 1 0)
|        ( - -2.872e+04 1 0))
|    ( WDBNDRY_B 0 -4.766e+04 2.108e+02 2.052e+02
|        ( QUESTION14 -1 -2.857e+04 1.370e+02 1.232e+02
|            ( - -1.283e+03 1 0)
|            ( - -2.715e+04 2 0))
|        ( - -1.888e+04 2 0)))
s>    ( QUESTION0 -1 -7.714e+04 2.648e+02 3.329e+02
s>        ( WDBNDRY_B 0 -2.921e+04 1.709e+02 1.277e+02
s>            ( - -3.218e+02 1 0)
s>            ( - -2.872e+04 1 0))
s>        ( WDBNDRY_B 0 -4.766e+04 2.108e+02 2.052e+02
s>            ( QUESTION14 -1 -2.857e+04 1.370e+02 1.232e+02
s>                ( - -1.283e+03 1 0)
s>                ( - -2.715e+04 2 0))
s>            ( - -1.888e+04 2 0)))INFO: dtree.c(1315): Comp split 34
INFO: dtree.c(1478): Final simple tree
|( QUESTION10 -1 -1.008e+05 2.383e+02 4.331e+02
|    ( - -4.661e+03 1 0)
|    ( QUESTION2_20_L -1 -9.591e+04 2.035e+02 4.131e+02
|        ( QUESTION0_14_R 1 -4.286e+04 1.975e+02 1.879e+02
|            ( - -4.240e+04 1 0)
|            ( - -2.687e+02 1 0))
|        ( QUESTION13 -1 -5.284e+04 1.702e+02 2.252e+02
|            ( QUESTION18 -1 -3.738e+04 1.058e+02 1.604e+02
|                ( - -4.665e+03 1 0)
|                ( - -3.261e+04 2 0))
|            ( QUESTION4 -1 -1.529e+04 1.047e+02 6.477e+01
|                ( - -2.232e+03 1 0)
|                ( SILENCE -1 -1.296e+04 9.482e+01 5.482e+01
|                    ( - -7.671e+03 1 0)
|                    ( - -5.191e+03 2 0))))))
s>    ( QUESTION10 -1 -1.008e+05 2.383e+02 4.331e+02
s>        ( - -4.661e+03 1 0)
s>        ( QUESTION2_20_L -1 -9.591e+04 2.035e+02 4.131e+02
s>            ( QUESTION0_14_R 1 -4.286e+04 1.975e+02 1.879e+02
s>                ( - -4.240e+04 1 0)
s>                ( - -2.687e+02 1 0))
s>            ( QUESTION13 -1 -5.284e+04 1.702e+02 2.252e+02
s>                ( QUESTION18 -1 -3.738e+04 1.058e+02 1.604e+02
s>                    ( - -4.665e+03 1 0)
s>                    ( - -3.261e+04 2 0))
s>                ( QUESTION4 -1 -1.529e+04 1.047e+02 6.477e+01
s>                    ( - -2.232e+03 1 0)
s>                    ( SILENCE -1 -1.296e+04 9.482e+01 5.482e+01
s>                        ( - -7.671e+03 1 0)
s>                        ( - -5.191e+03 2 0))))))INFO: dtree.c(1439): stop. leaf nodes are specific
INFO: dtree.c(1478): Final simple tree
|( WDBNDRY_B 0 -3.974e+04 2.313e+02 1.696e+02
|    ( QUESTION1 -1 -3.736e+04 1.948e+02 1.586e+02
|        ( - -7.332e+02 1 0)
|        ( QUESTION0_14_R 1 -3.643e+04 1.753e+02 1.546e+02
|            ( - -3.599e+04 2 0)
|            ( - -2.661e+02 1 0)))
|    ( - -2.151e+03 1 0))
s>    ( WDBNDRY_B 0 -3.974e+04 2.313e+02 1.696e+02
s>        ( QUESTION1 -1 -3.736e+04 1.948e+02 1.586e+02
s>            ( - -7.332e+02 1 0)
s>            ( QUESTION0_14_R 1 -3.643e+04 1.753e+02 1.546e+02
s>                ( - -3.599e+04 2 0)
s>                ( - -2.661e+02 1 0)))
s>        ( - -2.151e+03 1 0))INFO: dtree.c(1315): Comp split 35
INFO: dtree.c(1439): stop. leaf nodes are specific
INFO: dtree.c(1478): Final simple tree
|( QUESTION16 -1 -1.018e+05 2.467e+02 4.465e+02
|    ( - -9.323e+04 1 0)
|    ( - -8.329e+03 1 0))
s>    ( QUESTION16 -1 -1.018e+05 2.467e+02 4.465e+02
s>        ( - -9.323e+04 1 0)
s>        ( - -8.329e+03 1 0))INFO: dtree.c(1315): Comp split 36
INFO: dtree.c(1439): stop. leaf nodes are specific
INFO: dtree.c(1478): Final simple tree
|( QUESTION2_14_L -1 -7.714e+04 2.302e+02 3.248e+02
|    ( - -5.222e+04 1 0)
|    ( - -2.469e+04 2 0))
s>    ( QUESTION2_14_L -1 -7.714e+04 2.302e+02 3.248e+02
s>        ( - -5.222e+04 1 0)
s>        ( - -2.469e+04 2 0))INFO: dtree.c(1478): Final simple tree
|( WDBNDRY_B 0 -5.028e+04 3.030e+02 2.153e+02
|    ( QUESTION18 -1 -1.755e+04 1.973e+02 7.516e+01
|        ( - -2.451e+02 1 0)
|        ( QUESTION2_20_L -1 -1.711e+04 1.973e+02 7.316e+01
|            ( QUESTION17 -1 -1.024e+04 4.490e+02 4.416e+01
|                ( - 1.642e+02 1 0)
|                ( - -9.957e+03 2 0 QUESTION0 -1 1.448e+02 4.316e+01))
|            ( - -6.671e+03 5 0 QUESTION2_1_L -1 1.597e+02 2.900e+01)))
|    ( QUESTION0_8_R 1 -3.242e+04 2.160e+02 1.402e+02
|        ( - -3.583e+02 1 0)
|        ( QUESTION17 -1 -3.185e+04 2.264e+02 1.382e+02
|            ( QUESTION0_1_R 1 -1.538e+04 1.697e+02 6.599e+01
|                ( - -1.340e+04 1 0)
|                ( - -1.809e+03 1 0))
|            ( - -1.624e+04 4 0 QUESTION0_4_R 1 1.566e+02 7.218e+01))))
s>    ( WDBNDRY_B 0 -5.028e+04 3.030e+02 2.153e+02
s>        ( QUESTION18 -1 -1.755e+04 1.973e+02 7.516e+01
s>            ( - -2.451e+02 1 0)
s>            ( QUESTION2_20_L -1 -1.711e+04 1.973e+02 7.316e+01
s>                ( QUESTION17 -1 -1.024e+04 4.490e+02 4.416e+01
s>                    ( - 1.642e+02 1 0)
s>                    ( - -9.957e+03 2 0 QUESTION0 -1 1.448e+02 4.316e+01))
s>                ( - -6.671e+03 5 0 QUESTION2_1_L -1 1.597e+02 2.900e+01)))
s>        ( QUESTION0_8_R 1 -3.242e+04 2.160e+02 1.402e+02
s>            ( - -3.583e+02 1 0)
s>            ( QUESTION17 -1 -3.185e+04 2.264e+02 1.382e+02
s>                ( QUESTION0_1_R 1 -1.538e+04 1.697e+02 6.599e+01
s>                    ( - -1.340e+04 1 0)
s>                    ( - -1.809e+03 1 0))
s>                ( - -1.624e+04 4 0 QUESTION0_4_R 1 1.566e+02 7.218e+01))))INFO: dtree.c(1315): Comp split 37
INFO: dtree.c(1478): Final simple tree
|( WDBNDRY_B 0 -5.000e+04 3.040e+02 2.143e+02
|    ( QUESTION2_20_L -1 -1.728e+04 2.014e+02 7.416e+01
|        ( - -9.957e+03 2 0 QUESTION0 -1 1.448e+02 4.316e+01)
|        ( QUESTION18 -1 -7.117e+03 2.006e+02 3.100e+01
|            ( - -2.451e+02 1 0)
|            ( QUESTION2_1_L -1 -6.671e+03 1.597e+02 2.900e+01
|                ( - -8.442e+02 1 0)
|                ( - -5.667e+03 4 0 QUESTION12 -1 1.554e+02 2.500e+01))))
|    ( QUESTION0_8_R 1 -3.242e+04 2.160e+02 1.402e+02
|        ( - -3.583e+02 1 0)
|        ( QUESTION17 -1 -3.185e+04 2.264e+02 1.382e+02
|            ( QUESTION0_1_R 1 -1.538e+04 1.697e+02 6.599e+01
|                ( - -1.340e+04 1 0)
|                ( - -1.809e+03 1 0))
|            ( - -1.624e+04 4 0 QUESTION0_4_R 1 1.566e+02 7.218e+01))))
s>    ( WDBNDRY_B 0 -5.000e+04 3.040e+02 2.143e+02
s>        ( QUESTION2_20_L -1 -1.728e+04 2.014e+02 7.416e+01
s>            ( - -9.957e+03 2 0 QUESTION0 -1 1.448e+02 4.316e+01)
s>            ( QUESTION18 -1 -7.117e+03 2.006e+02 3.100e+01
s>                ( - -2.451e+02 1 0)
s>                ( QUESTION2_1_L -1 -6.671e+03 1.597e+02 2.900e+01
s>                    ( - -8.442e+02 1 0)
s>                    ( - -5.667e+03 4 0 QUESTION12 -1 1.554e+02 2.500e+01))))
s>        ( QUESTION0_8_R 1 -3.242e+04 2.160e+02 1.402e+02
s>            ( - -3.583e+02 1 0)
s>            ( QUESTION17 -1 -3.185e+04 2.264e+02 1.382e+02
s>                ( QUESTION0_1_R 1 -1.538e+04 1.697e+02 6.599e+01
s>                    ( - -1.340e+04 1 0)
s>                    ( - -1.809e+03 1 0))
s>                ( - -1.624e+04 4 0 QUESTION0_4_R 1 1.566e+02 7.218e+01))))INFO: dtree.c(1315): Comp split 38
INFO: dtree.c(1478): Final simple tree
|( QUESTION0_8_R 1 -3.340e+04 2.168e+02 1.442e+02
|    ( - -3.583e+02 1 0)
|    ( QUESTION17 -1 -3.282e+04 2.175e+02 1.422e+02
|        ( QUESTION0_1_R 1 -1.538e+04 1.697e+02 6.599e+01
|            ( - -1.340e+04 1 0)
|            ( - -1.809e+03 1 0))
|        ( QUESTION0_4_R 1 -1.722e+04 1.637e+02 7.618e+01
|            ( WDBNDRY_E 0 -1.157e+04 2.065e+02 5.300e+01
|                ( - -6.497e+03 1 0)
|                ( - -4.864e+03 1 0))
|            ( WDBNDRY_B 0 -5.492e+03 1.333e+02 2.319e+01
|                ( - -8.442e+02 1 0)
|                ( WDBNDRY_E 0 -4.514e+03 1.160e+02 1.919e+01
|                    ( - -3.764e+03 1 0)
|                    ( - -6.340e+02 1 0))))))
s>    ( QUESTION0_8_R 1 -3.340e+04 2.168e+02 1.442e+02
s>        ( - -3.583e+02 1 0)
s>        ( QUESTION17 -1 -3.282e+04 2.175e+02 1.422e+02
s>            ( QUESTION0_1_R 1 -1.538e+04 1.697e+02 6.599e+01
s>                ( - -1.340e+04 1 0)
s>                ( - -1.809e+03 1 0))
s>            ( QUESTION0_4_R 1 -1.722e+04 1.637e+02 7.618e+01
s>                ( WDBNDRY_E 0 -1.157e+04 2.065e+02 5.300e+01
s>                    ( - -6.497e+03 1 0)
s>                    ( - -4.864e+03 1 0))
s>                ( WDBNDRY_B 0 -5.492e+03 1.333e+02 2.319e+01
s>                    ( - -8.442e+02 1 0)
s>                    ( WDBNDRY_E 0 -4.514e+03 1.160e+02 1.919e+01
s>                        ( - -3.764e+03 1 0)
s>                        ( - -6.340e+02 1 0))))))INFO: dtree.c(1439): stop. leaf nodes are specific
INFO: dtree.c(1478): Final simple tree
|( QUESTION18 -1 -1.625e+04 1.962e+02 7.016e+01
|    ( - -2.451e+02 1 0)
|    ( QUESTION2_20_L -1 -1.581e+04 1.888e+02 6.816e+01
|        ( QUESTION0 -1 -9.957e+03 1.448e+02 4.316e+01
|            ( - -5.276e+02 1 0)
|            ( - -9.285e+03 1 0))
|        ( QUESTION12 -1 -5.667e+03 1.554e+02 2.500e+01
|            ( - -5.495e+02 1 0)
|            ( QUESTION0 -1 -4.962e+03 1.441e+02 2.200e+01
|                ( - -5.212e+02 1 0)
|                ( SILENCE -1 -4.297e+03 1.145e+02 1.900e+01
|                    ( - -1.143e+03 1 0)
|                    ( - -3.039e+03 1 0))))))
s>    ( QUESTION18 -1 -1.625e+04 1.962e+02 7.016e+01
s>        ( - -2.451e+02 1 0)
s>        ( QUESTION2_20_L -1 -1.581e+04 1.888e+02 6.816e+01
s>            ( QUESTION0 -1 -9.957e+03 1.448e+02 4.316e+01
s>                ( - -5.276e+02 1 0)
s>                ( - -9.285e+03 1 0))
s>            ( QUESTION12 -1 -5.667e+03 1.554e+02 2.500e+01
s>                ( - -5.495e+02 1 0)
s>                ( QUESTION0 -1 -4.962e+03 1.441e+02 2.200e+01
s>                    ( - -5.212e+02 1 0)
s>                    ( SILENCE -1 -4.297e+03 1.145e+02 1.900e+01
s>                        ( - -1.143e+03 1 0)
s>                        ( - -3.039e+03 1 0))))))INFO: dtree.c(1315): Comp split 39
INFO: dtree.c(1439): stop. leaf nodes are specific
INFO: dtree.c(1478): Final simple tree
|( QUESTION1 -1 -1.772e+04 1.530e+02 7.558e+01
|    ( - -1.698e+04 1 0)
|    ( - -5.851e+02 1 0))
s>    ( QUESTION1 -1 -1.772e+04 1.530e+02 7.558e+01
s>        ( - -1.698e+04 1 0)
s>        ( - -5.851e+02 1 0))INFO: dtree.c(1315): Comp split 40
INFO: dtree.c(1315): Comp split 41
INFO: dtree.c(1439): stop. leaf nodes are specific
INFO: dtree.c(1478): Final simple tree
|( QUESTION0 -1 -4.739e+04 2.053e+02 2.016e+02
|    ( - -2.676e+02 1 0)
|    ( QUESTION14 -1 -4.692e+04 1.201e+02 1.996e+02
|        ( - -1.448e+03 1 0)
|        ( WDBNDRY_B 0 -4.535e+04 1.170e+02 1.926e+02
|            ( - -4.201e+04 2 0)
|            ( - -3.224e+03 2 0))))
s>    ( QUESTION0 -1 -4.739e+04 2.053e+02 2.016e+02
s>        ( - -2.676e+02 1 0)
s>        ( QUESTION14 -1 -4.692e+04 1.201e+02 1.996e+02
s>            ( - -1.448e+03 1 0)
s>            ( WDBNDRY_B 0 -4.535e+04 1.170e+02 1.926e+02
s>                ( - -4.201e+04 2 0)
s>                ( - -3.224e+03 2 0))))INFO: dtree.c(1315): Comp split 42
INFO: dtree.c(1439): stop. leaf nodes are specific
INFO: dtree.c(1478): Final simple tree
|( SILENCE 1 -1.706e+04 1.769e+02 7.811e+01
|    ( QUESTION2_14_L -1 -1.422e+04 1.618e+02 6.611e+01
|        ( - -9.960e+02 1 0)
|        ( QUESTION14 -1 -1.307e+04 1.625e+02 6.111e+01
|            ( - -5.512e+02 1 0)
|            ( - -1.235e+04 1 0)))
|    ( - -2.657e+03 1 0))
s>    ( SILENCE 1 -1.706e+04 1.769e+02 7.811e+01
s>        ( QUESTION2_14_L -1 -1.422e+04 1.618e+02 6.611e+01
s>            ( - -9.960e+02 1 0)
s>            ( QUESTION14 -1 -1.307e+04 1.625e+02 6.111e+01
s>                ( - -5.512e+02 1 0)
s>                ( - -1.235e+04 1 0)))
s>        ( - -2.657e+03 1 0))INFO: dtree.c(1315): Comp split 43
INFO: dtree.c(1439): stop. leaf nodes are specific
INFO: dtree.c(1478): Final simple tree
|( WDBNDRY_B 0 -7.106e+04 2.100e+02 2.874e+02
|    ( - -6.855e+04 2 0)
|    ( - -2.298e+03 1 0))
s>    ( WDBNDRY_B 0 -7.106e+04 2.100e+02 2.874e+02
s>        ( - -6.855e+04 2 0)
s>        ( - -2.298e+03 1 0))INFO: dtree.c(1315): Comp split 44
INFO: dtree.c(1315): Comp split 45
INFO: dtree.c(1315): Comp split 46
INFO: dtree.c(1439): stop. leaf nodes are specific
INFO: dtree.c(1478): Final simple tree
|( QUESTION10 -1 -3.062e+04 1.698e+02 1.337e+02
|    ( - -3.218e+02 1 0)
|    ( WDBNDRY_B 0 -3.013e+04 1.256e+02 1.317e+02
|        ( - -1.283e+03 1 0)
|        ( - -2.872e+04 1 0)))
s>    ( QUESTION10 -1 -3.062e+04 1.698e+02 1.337e+02
s>        ( - -3.218e+02 1 0)
s>        ( WDBNDRY_B 0 -3.013e+04 1.256e+02 1.317e+02
s>            ( - -1.283e+03 1 0)
s>            ( - -2.872e+04 1 0)))INFO: dtree.c(1439): stop. leaf nodes are specific
INFO: dtree.c(1478): Final simple tree
|( WDBNDRY_B 0 -4.624e+04 2.092e+02 1.992e+02
|    ( - -2.715e+04 2 0)
|    ( - -1.888e+04 2 0))
s>    ( WDBNDRY_B 0 -4.624e+04 2.092e+02 1.992e+02
s>        ( - -2.715e+04 2 0)
s>        ( - -1.888e+04 2 0))INFO: dtree.c(1315): Comp split 47
INFO: dtree.c(1439): stop. leaf nodes are specific
INFO: dtree.c(1478): Final simple tree
|( QUESTION0_14_R 1 -2.940e+04 2.220e+02 1.286e+02
|    ( - -2.628e+04 1 0)
|    ( - -2.893e+03 1 0))
s>    ( QUESTION0_14_R 1 -2.940e+04 2.220e+02 1.286e+02
s>        ( - -2.628e+04 1 0)
s>        ( - -2.893e+03 1 0))INFO: dtree.c(1315): Comp split 48
INFO: dtree.c(1439): stop. leaf nodes are specific
INFO: dtree.c(1478): Final simple tree
|( QUESTION0 1 -1.211e+04 2.157e+02 5.402e+01
|    ( - -7.472e+03 1 0)
|    ( QUESTION0_14_R 1 -4.418e+03 1.508e+02 2.000e+01
|        ( - -1.901e+03 1 0)
|        ( - -2.367e+03 2 0)))
s>    ( QUESTION0 1 -1.211e+04 2.157e+02 5.402e+01
s>        ( - -7.472e+03 1 0)
s>        ( QUESTION0_14_R 1 -4.418e+03 1.508e+02 2.000e+01
s>            ( - -1.901e+03 1 0)
s>            ( - -2.367e+03 2 0)))INFO: dtree.c(1315): Comp split 49
INFO: dtree.c(1439): stop. leaf nodes are specific
INFO: dtree.c(1478): Final simple tree
|( WDBNDRY_B 0 -1.438e+04 1.279e+02 6.199e+01
|    ( - -8.442e+02 1 0)
|    ( - -1.340e+04 1 0))
s>    ( WDBNDRY_B 0 -1.438e+04 1.279e+02 6.199e+01
s>        ( - -8.442e+02 1 0)
s>        ( - -1.340e+04 1 0))INFO: dtree.c(1439): stop. leaf nodes are specific
INFO: dtree.c(1478): Final simple tree
|( QUESTION0_8_R 1 -1.876e+04 2.064e+02 8.218e+01
|    ( - -3.583e+02 1 0)
|    ( QUESTION0_5_R 1 -1.820e+04 1.577e+02 8.018e+01
|        ( - -3.764e+03 1 0)
|        ( WDBNDRY_E 0 -1.428e+04 1.424e+02 6.400e+01
|            ( - -6.497e+03 1 0)
|            ( QUESTION0_1_R 1 -7.636e+03 1.879e+02 3.400e+01
|                ( - -4.864e+03 1 0)
|                ( QUESTION0_7_R 1 -2.584e+03 1.409e+02 1.100e+01
|                    ( - -1.809e+03 1 0)
|                    ( - -6.340e+02 1 0))))))
s>    ( QUESTION0_8_R 1 -1.876e+04 2.064e+02 8.218e+01
s>        ( - -3.583e+02 1 0)
s>        ( QUESTION0_5_R 1 -1.820e+04 1.577e+02 8.018e+01
s>            ( - -3.764e+03 1 0)
s>            ( WDBNDRY_E 0 -1.428e+04 1.424e+02 6.400e+01
s>                ( - -6.497e+03 1 0)
s>                ( QUESTION0_1_R 1 -7.636e+03 1.879e+02 3.400e+01
s>                    ( - -4.864e+03 1 0)
s>                    ( QUESTION0_7_R 1 -2.584e+03 1.409e+02 1.100e+01
s>                        ( - -1.809e+03 1 0)
s>                        ( - -6.340e+02 1 0))))))INFO: dtree.c(1315): Comp split 50
INFO: dtree.c(1439): stop. leaf nodes are specific
INFO: dtree.c(1478): Final simple tree
|( QUESTION0 1 -8.861e+03 1.531e+02 3.901e+01
|    ( - -7.497e+02 1 0)
|    ( WDBNDRY_B 0 -7.958e+03 1.190e+02 3.501e+01
|        ( QUESTION0 -1 -6.273e+03 1.129e+02 2.801e+01
|            ( - -1.062e+03 1 0)
|            ( - -5.098e+03 1 0))
|        ( - -1.566e+03 1 0)))
s>    ( QUESTION0 1 -8.861e+03 1.531e+02 3.901e+01
s>        ( - -7.497e+02 1 0)
s>        ( WDBNDRY_B 0 -7.958e+03 1.190e+02 3.501e+01
s>            ( QUESTION0 -1 -6.273e+03 1.129e+02 2.801e+01
s>                ( - -1.062e+03 1 0)
s>                ( - -5.098e+03 1 0))
s>            ( - -1.566e+03 1 0)))INFO: dtree.c(1315): Comp split 51
INFO: dtree.c(1439): stop. leaf nodes are specific
INFO: dtree.c(1478): Final simple tree
|( QUESTION14 -1 -4.114e+04 1.888e+02 1.779e+02
|    ( QUESTION0_14_R 1 -3.209e+04 1.566e+02 1.410e+02
|        ( - -3.166e+04 2 0)
|        ( - -2.733e+02 1 0))
|    ( - -8.864e+03 2 0))
s>    ( QUESTION14 -1 -4.114e+04 1.888e+02 1.779e+02
s>        ( QUESTION0_14_R 1 -3.209e+04 1.566e+02 1.410e+02
s>            ( - -3.166e+04 2 0)
s>            ( - -2.733e+02 1 0))
s>        ( - -8.864e+03 2 0))INFO: dtree.c(1315): Comp split 52
INFO: dtree.c(1315): Comp split 53
INFO: dtree.c(1439): stop. leaf nodes are specific
INFO: dtree.c(1478): Final simple tree
|( QUESTION2_20_L -1 -9.591e+04 2.035e+02 4.131e+02
|    ( QUESTION0_14_R 1 -4.286e+04 1.975e+02 1.879e+02
|        ( - -4.240e+04 1 0)
|        ( - -2.687e+02 1 0))
|    ( QUESTION13 -1 -5.284e+04 1.702e+02 2.252e+02
|        ( QUESTION18 -1 -3.738e+04 1.058e+02 1.604e+02
|            ( - -4.665e+03 1 0)
|            ( - -3.261e+04 2 0))
|        ( QUESTION4 -1 -1.529e+04 1.047e+02 6.477e+01
|            ( - -2.232e+03 1 0)
|            ( SILENCE -1 -1.296e+04 9.482e+01 5.482e+01
|                ( - -7.671e+03 1 0)
|                ( - -5.191e+03 2 0)))))
s>    ( QUESTION2_20_L -1 -9.591e+04 2.035e+02 4.131e+02
s>        ( QUESTION0_14_R 1 -4.286e+04 1.975e+02 1.879e+02
s>            ( - -4.240e+04 1 0)
s>            ( - -2.687e+02 1 0))
s>        ( QUESTION13 -1 -5.284e+04 1.702e+02 2.252e+02
s>            ( QUESTION18 -1 -3.738e+04 1.058e+02 1.604e+02
s>                ( - -4.665e+03 1 0)
s>                ( - -3.261e+04 2 0))
s>            ( QUESTION4 -1 -1.529e+04 1.047e+02 6.477e+01
s>                ( - -2.232e+03 1 0)
s>                ( SILENCE -1 -1.296e+04 9.482e+01 5.482e+01
s>                    ( - -7.671e+03 1 0)
s>                    ( - -5.191e+03 2 0)))))INFO: dtree.c(1315): Comp split 54
INFO: dtree.c(1439): stop. leaf nodes are specific
INFO: dtree.c(1478): Final simple tree
|( QUESTION0_4_R 1 -9.538e+03 1.598e+02 4.219e+01
|    ( - -4.864e+03 1 0)
|    ( WDBNDRY_E 0 -4.514e+03 1.160e+02 1.919e+01
|        ( - -3.764e+03 1 0)
|        ( - -6.340e+02 1 0)))
s>    ( QUESTION0_4_R 1 -9.538e+03 1.598e+02 4.219e+01
s>        ( - -4.864e+03 1 0)
s>        ( WDBNDRY_E 0 -4.514e+03 1.160e+02 1.919e+01
s>            ( - -3.764e+03 1 0)
s>            ( - -6.340e+02 1 0)))INFO: dtree.c(1439): stop. leaf nodes are specific
INFO: dtree.c(1478): Final simple tree
|( QUESTION0_8_R 1 -8.990e+03 2.052e+02 4.000e+01
|    ( - -3.583e+02 1 0)
|    ( WDBNDRY_E 0 -8.426e+03 1.197e+02 3.800e+01
|        ( - -6.497e+03 1 0)
|        ( - -1.809e+03 1 0)))
s>    ( QUESTION0_8_R 1 -8.990e+03 2.052e+02 4.000e+01
s>        ( - -3.583e+02 1 0)
s>        ( WDBNDRY_E 0 -8.426e+03 1.197e+02 3.800e+01
s>            ( - -6.497e+03 1 0)
s>            ( - -1.809e+03 1 0)))INFO: dtree.c(1315): Comp split 55
INFO: dtree.c(1439): stop. leaf nodes are specific
INFO: dtree.c(1478): Final simple tree
|( QUESTION1 -1 -3.736e+04 1.948e+02 1.586e+02
|    ( - -7.332e+02 1 0)
|    ( QUESTION0_14_R 1 -3.643e+04 1.753e+02 1.546e+02
|        ( - -3.599e+04 2 0)
|        ( - -2.661e+02 1 0)))
s>    ( QUESTION1 -1 -3.736e+04 1.948e+02 1.586e+02
s>        ( - -7.332e+02 1 0)
s>        ( QUESTION0_14_R 1 -3.643e+04 1.753e+02 1.546e+02
s>            ( - -3.599e+04 2 0)
s>            ( - -2.661e+02 1 0)))INFO: dtree.c(1315): Comp split 56
INFO: dtree.c(1315): Comp split 57
INFO: dtree.c(1315): Comp split 58
INFO: dtree.c(1439): stop. leaf nodes are specific
INFO: dtree.c(1478): Final simple tree
|( QUESTION0_14_R 1 -4.418e+03 1.508e+02 2.000e+01
|    ( - -1.901e+03 1 0)
|    ( - -2.367e+03 2 0))
s>    ( QUESTION0_14_R 1 -4.418e+03 1.508e+02 2.000e+01
s>        ( - -1.901e+03 1 0)
s>        ( - -2.367e+03 2 0))INFO: dtree.c(1315): Comp split 59
INFO: dtree.c(1315): Comp split 60
INFO: dtree.c(1439): stop. leaf nodes are specific
INFO: dtree.c(1478): Final simple tree
|( QUESTION0 -1 -5.198e+04 1.632e+02 2.295e+02
|    ( - -3.154e+03 2 0)
|    ( WDBNDRY_B 0 -4.866e+04 1.180e+02 2.155e+02
|        ( - -1.919e+03 1 0)
|        ( WDBNDRY_E 0 -4.662e+04 1.147e+02 2.065e+02
|            ( - -1.225e+03 1 0)
|            ( - -4.528e+04 2 0))))
s>    ( QUESTION0 -1 -5.198e+04 1.632e+02 2.295e+02
s>        ( - -3.154e+03 2 0)
s>        ( WDBNDRY_B 0 -4.866e+04 1.180e+02 2.155e+02
s>            ( - -1.919e+03 1 0)
s>            ( WDBNDRY_E 0 -4.662e+04 1.147e+02 2.065e+02
s>                ( - -1.225e+03 1 0)
s>                ( - -4.528e+04 2 0))))INFO: dtree.c(1315): Comp split 61
INFO: dtree.c(1315): Comp split 62
INFO: dtree.c(1315): Comp split 63
INFO: dtree.c(1315): Comp split 64
INFO: dtree.c(1439): stop. leaf nodes are specific
INFO: dtree.c(1478): Final simple tree
|( QUESTION18 -1 -4.716e+04 1.015e+02 2.059e+02
|    ( - -4.665e+03 1 0)
|    ( - -4.240e+04 1 0))
s>    ( QUESTION18 -1 -4.716e+04 1.015e+02 2.059e+02
s>        ( - -4.665e+03 1 0)
s>        ( - -4.240e+04 1 0))INFO: dtree.c(1439): stop. leaf nodes are specific
INFO: dtree.c(1478): Final simple tree
|( QUESTION0_14_R 1 -4.854e+04 1.956e+02 2.072e+02
|    ( QUESTION13 -1 -4.807e+04 1.731e+02 2.052e+02
|        ( - -3.261e+04 2 0)
|        ( QUESTION4 -1 -1.529e+04 1.047e+02 6.477e+01
|            ( - -2.232e+03 1 0)
|            ( SILENCE -1 -1.296e+04 9.482e+01 5.482e+01
|                ( - -7.671e+03 1 0)
|                ( - -5.191e+03 2 0))))
|    ( - -2.687e+02 1 0))
s>    ( QUESTION0_14_R 1 -4.854e+04 1.956e+02 2.072e+02
s>        ( QUESTION13 -1 -4.807e+04 1.731e+02 2.052e+02
s>            ( - -3.261e+04 2 0)
s>            ( QUESTION4 -1 -1.529e+04 1.047e+02 6.477e+01
s>                ( - -2.232e+03 1 0)
s>                ( SILENCE -1 -1.296e+04 9.482e+01 5.482e+01
s>                    ( - -7.671e+03 1 0)
s>                    ( - -5.191e+03 2 0))))
s>        ( - -2.687e+02 1 0))INFO: dtree.c(1315): Comp split 65
INFO: dtree.c(1439): stop. leaf nodes are specific
INFO: dtree.c(1478): Final simple tree
|( QUESTION14 -1 -4.692e+04 1.201e+02 1.996e+02
|    ( - -1.448e+03 1 0)
|    ( WDBNDRY_B 0 -4.535e+04 1.170e+02 1.926e+02
|        ( - -4.201e+04 2 0)
|        ( - -3.224e+03 2 0)))
s>    ( QUESTION14 -1 -4.692e+04 1.201e+02 1.996e+02
s>        ( - -1.448e+03 1 0)
s>        ( WDBNDRY_B 0 -4.535e+04 1.170e+02 1.926e+02
s>            ( - -4.201e+04 2 0)
s>            ( - -3.224e+03 2 0)))INFO: dtree.c(1315): Comp split 66
INFO: dtree.c(1439): stop. leaf nodes are specific
INFO: dtree.c(1478): Final simple tree
|( WDBNDRY_E 0 -8.426e+03 1.197e+02 3.800e+01
|    ( - -6.497e+03 1 0)
|    ( - -1.809e+03 1 0))
s>    ( WDBNDRY_E 0 -8.426e+03 1.197e+02 3.800e+01
s>        ( - -6.497e+03 1 0)
s>        ( - -1.809e+03 1 0))INFO: dtree.c(1315): Comp split 67
INFO: dtree.c(1439): stop. leaf nodes are specific
INFO: dtree.c(1478): Final simple tree
|( QUESTION2_20_L -1 -1.581e+04 1.888e+02 6.816e+01
|    ( QUESTION0 -1 -9.957e+03 1.448e+02 4.316e+01
|        ( - -5.276e+02 1 0)
|        ( - -9.285e+03 1 0))
|    ( QUESTION12 -1 -5.667e+03 1.554e+02 2.500e+01
|        ( - -5.495e+02 1 0)
|        ( QUESTION0 -1 -4.962e+03 1.441e+02 2.200e+01
|            ( - -5.212e+02 1 0)
|            ( SILENCE -1 -4.297e+03 1.145e+02 1.900e+01
|                ( - -1.143e+03 1 0)
|                ( - -3.039e+03 1 0)))))
s>    ( QUESTION2_20_L -1 -1.581e+04 1.888e+02 6.816e+01
s>        ( QUESTION0 -1 -9.957e+03 1.448e+02 4.316e+01
s>            ( - -5.276e+02 1 0)
s>            ( - -9.285e+03 1 0))
s>        ( QUESTION12 -1 -5.667e+03 1.554e+02 2.500e+01
s>            ( - -5.495e+02 1 0)
s>            ( QUESTION0 -1 -4.962e+03 1.441e+02 2.200e+01
s>                ( - -5.212e+02 1 0)
s>                ( SILENCE -1 -4.297e+03 1.145e+02 1.900e+01
s>                    ( - -1.143e+03 1 0)
s>                    ( - -3.039e+03 1 0)))))INFO: dtree.c(1315): Comp split 68
INFO: dtree.c(1439): stop. leaf nodes are specific
INFO: dtree.c(1478): Final simple tree
|( QUESTION13 -1 -4.807e+04 1.731e+02 2.052e+02
|    ( - -3.261e+04 2 0)
|    ( QUESTION4 -1 -1.529e+04 1.047e+02 6.477e+01
|        ( - -2.232e+03 1 0)
|        ( SILENCE -1 -1.296e+04 9.482e+01 5.482e+01
|            ( - -7.671e+03 1 0)
|            ( - -5.191e+03 2 0))))
s>    ( QUESTION13 -1 -4.807e+04 1.731e+02 2.052e+02
s>        ( - -3.261e+04 2 0)
s>        ( QUESTION4 -1 -1.529e+04 1.047e+02 6.477e+01
s>            ( - -2.232e+03 1 0)
s>            ( SILENCE -1 -1.296e+04 9.482e+01 5.482e+01
s>                ( - -7.671e+03 1 0)
s>                ( - -5.191e+03 2 0))))INFO: dtree.c(1315): Comp split 69
INFO: dtree.c(1439): stop. leaf nodes are specific
INFO: dtree.c(1478): Final simple tree
|( QUESTION0 1 -3.189e+04 1.867e+02 1.373e+02
|    ( QUESTION0_1_R 1 -9.205e+03 1.494e+02 4.055e+01
|        ( - -8.735e+03 2 0)
|        ( - -3.209e+02 1 0))
|    ( - -2.250e+04 1 0))
s>    ( QUESTION0 1 -3.189e+04 1.867e+02 1.373e+02
s>        ( QUESTION0_1_R 1 -9.205e+03 1.494e+02 4.055e+01
s>            ( - -8.735e+03 2 0)
s>            ( - -3.209e+02 1 0))
s>        ( - -2.250e+04 1 0))INFO: dtree.c(1315): Comp split 70
INFO: dtree.c(1439): stop. leaf nodes are specific
INFO: dtree.c(1478): Final simple tree
|( QUESTION0_14_R 1 -3.643e+04 1.753e+02 1.546e+02
|    ( - -3.599e+04 2 0)
|    ( - -2.661e+02 1 0))
s>    ( QUESTION0_14_R 1 -3.643e+04 1.753e+02 1.546e+02
s>        ( - -3.599e+04 2 0)
s>        ( - -2.661e+02 1 0))INFO: dtree.c(1315): Comp split 71
INFO: dtree.c(1439): stop. leaf nodes are specific
INFO: dtree.c(1478): Final simple tree
|( QUESTION0 -1 -9.341e+03 1.275e+02 4.296e+01
|    ( - -3.458e+03 1 0)
|    ( - -5.755e+03 1 0))
s>    ( QUESTION0 -1 -9.341e+03 1.275e+02 4.296e+01
s>        ( - -3.458e+03 1 0)
s>        ( - -5.755e+03 1 0))INFO: dtree.c(1315): Comp split 72
INFO: dtree.c(1439): stop. leaf nodes are specific
INFO: dtree.c(1478): Final simple tree
|( QUESTION0_14_R 1 -3.209e+04 1.566e+02 1.410e+02
|    ( - -3.166e+04 2 0)
|    ( - -2.733e+02 1 0))
s>    ( QUESTION0_14_R 1 -3.209e+04 1.566e+02 1.410e+02
s>        ( - -3.166e+04 2 0)
s>        ( - -2.733e+02 1 0))INFO: dtree.c(1315): Comp split 73
INFO: dtree.c(1439): stop. leaf nodes are specific
INFO: dtree.c(1478): Final simple tree
|( QUESTION12 -1 -5.667e+03 1.554e+02 2.500e+01
|    ( - -5.495e+02 1 0)
|    ( QUESTION0 -1 -4.962e+03 1.441e+02 2.200e+01
|        ( - -5.212e+02 1 0)
|        ( SILENCE -1 -4.297e+03 1.145e+02 1.900e+01
|            ( - -1.143e+03 1 0)
|            ( - -3.039e+03 1 0))))
s>    ( QUESTION12 -1 -5.667e+03 1.554e+02 2.500e+01
s>        ( - -5.495e+02 1 0)
s>        ( QUESTION0 -1 -4.962e+03 1.441e+02 2.200e+01
s>            ( - -5.212e+02 1 0)
s>            ( SILENCE -1 -4.297e+03 1.145e+02 1.900e+01
s>                ( - -1.143e+03 1 0)
s>                ( - -3.039e+03 1 0))))INFO: dtree.c(1439): stop. leaf nodes are specific
INFO: dtree.c(1478): Final simple tree
|( QUESTION0 -1 -9.957e+03 1.448e+02 4.316e+01
|    ( - -5.276e+02 1 0)
|    ( - -9.285e+03 1 0))
s>    ( QUESTION0 -1 -9.957e+03 1.448e+02 4.316e+01
s>        ( - -5.276e+02 1 0)
s>        ( - -9.285e+03 1 0))INFO: dtree.c(1315): Comp split 74
INFO: dtree.c(1439): stop. leaf nodes are specific
INFO: dtree.c(1478): Final simple tree
|( SILENCE -1 -1.296e+04 9.482e+01 5.482e+01
|    ( - -7.671e+03 1 0)
|    ( - -5.191e+03 2 0))
s>    ( SILENCE -1 -1.296e+04 9.482e+01 5.482e+01
s>        ( - -7.671e+03 1 0)
s>        ( - -5.191e+03 2 0))INFO: dtree.c(1439): stop. leaf nodes are specific
INFO: dtree.c(1478): Final simple tree
|( QUESTION0 -1 -3.493e+04 8.928e+01 1.504e+02
|    ( - -2.232e+03 1 0)
|    ( - -3.261e+04 2 0))
s>    ( QUESTION0 -1 -3.493e+04 8.928e+01 1.504e+02
s>        ( - -2.232e+03 1 0)
s>        ( - -3.261e+04 2 0))INFO: dtree.c(1315): Comp split 75
INFO: dtree.c(1439): stop. leaf nodes are specific
INFO: dtree.c(1478): Final simple tree
|( QUESTION0_1_R 1 -9.205e+03 1.494e+02 4.055e+01
|    ( - -8.735e+03 2 0)
|    ( - -3.209e+02 1 0))
s>    ( QUESTION0_1_R 1 -9.205e+03 1.494e+02 4.055e+01
s>        ( - -8.735e+03 2 0)
s>        ( - -3.209e+02 1 0))INFO: dtree.c(1315): Comp split 76
INFO: dtree.c(1439): stop. leaf nodes are specific
INFO: dtree.c(1478): Final simple tree
|( QUESTION2_14_L -1 -1.422e+04 1.618e+02 6.611e+01
|    ( - -9.960e+02 1 0)
|    ( QUESTION14 -1 -1.307e+04 1.625e+02 6.111e+01
|        ( - -5.512e+02 1 0)
|        ( - -1.235e+04 1 0)))
s>    ( QUESTION2_14_L -1 -1.422e+04 1.618e+02 6.611e+01
s>        ( - -9.960e+02 1 0)
s>        ( QUESTION14 -1 -1.307e+04 1.625e+02 6.111e+01
s>            ( - -5.512e+02 1 0)
s>            ( - -1.235e+04 1 0)))INFO: dtree.c(1315): Comp split 77
INFO: dtree.c(1439): stop. leaf nodes are specific
INFO: dtree.c(1478): Final simple tree
|( WDBNDRY_B 0 -7.415e+04 1.396e+02 3.247e+02
|    ( - -2.951e+04 2 0)
|    ( - -4.450e+04 2 0))
s>    ( WDBNDRY_B 0 -7.415e+04 1.396e+02 3.247e+02
s>        ( - -2.951e+04 2 0)
s>        ( - -4.450e+04 2 0))INFO: dtree.c(1315): Comp split 78
INFO: dtree.c(1315): Comp split 79
INFO: dtree.c(1439): stop. leaf nodes are specific
INFO: dtree.c(1478): Final simple tree
|( WDBNDRY_B 0 -3.013e+04 1.256e+02 1.317e+02
|    ( - -1.283e+03 1 0)
|    ( - -2.872e+04 1 0))
s>    ( WDBNDRY_B 0 -3.013e+04 1.256e+02 1.317e+02
s>        ( - -1.283e+03 1 0)
s>        ( - -2.872e+04 1 0))INFO: dtree.c(1315): Comp split 80
INFO: dtree.c(1439): stop. leaf nodes are specific
INFO: dtree.c(1478): Final simple tree
|( WDBNDRY_B 0 -4.866e+04 1.180e+02 2.155e+02
|    ( - -1.919e+03 1 0)
|    ( WDBNDRY_E 0 -4.662e+04 1.147e+02 2.065e+02
|        ( - -1.225e+03 1 0)
|        ( - -4.528e+04 2 0)))
s>    ( WDBNDRY_B 0 -4.866e+04 1.180e+02 2.155e+02
s>        ( - -1.919e+03 1 0)
s>        ( WDBNDRY_E 0 -4.662e+04 1.147e+02 2.065e+02
s>            ( - -1.225e+03 1 0)
s>            ( - -4.528e+04 2 0)))INFO: dtree.c(1315): Comp split 81
INFO: dtree.c(1439): stop. leaf nodes are specific
INFO: dtree.c(1478): Final simple tree
|( QUESTION14 -1 -1.307e+04 1.625e+02 6.111e+01
|    ( - -5.512e+02 1 0)
|    ( - -1.235e+04 1 0))
s>    ( QUESTION14 -1 -1.307e+04 1.625e+02 6.111e+01
s>        ( - -5.512e+02 1 0)
s>        ( - -1.235e+04 1 0))INFO: dtree.c(1315): Comp split 82
INFO: dtree.c(1315): Comp split 83
INFO: dtree.c(1439): stop. leaf nodes are specific
INFO: dtree.c(1478): Final simple tree
|( WDBNDRY_E 0 -4.514e+03 1.160e+02 1.919e+01
|    ( - -3.764e+03 1 0)
|    ( - -6.340e+02 1 0))
s>    ( WDBNDRY_E 0 -4.514e+03 1.160e+02 1.919e+01
s>        ( - -3.764e+03 1 0)
s>        ( - -6.340e+02 1 0))INFO: dtree.c(1315): Comp split 84
INFO: dtree.c(1315): Comp split 85
INFO: dtree.c(1439): stop. leaf nodes are specific
INFO: dtree.c(1478): Final simple tree
|( QUESTION0 -1 -4.962e+03 1.441e+02 2.200e+01
|    ( - -5.212e+02 1 0)
|    ( SILENCE -1 -4.297e+03 1.145e+02 1.900e+01
|        ( - -1.143e+03 1 0)
|        ( - -3.039e+03 1 0)))
s>    ( QUESTION0 -1 -4.962e+03 1.441e+02 2.200e+01
s>        ( - -5.212e+02 1 0)
s>        ( SILENCE -1 -4.297e+03 1.145e+02 1.900e+01
s>            ( - -1.143e+03 1 0)
s>            ( - -3.039e+03 1 0)))INFO: dtree.c(1315): Comp split 86
INFO: dtree.c(1439): stop. leaf nodes are specific
INFO: dtree.c(1478): Final simple tree
|( WDBNDRY_B 0 -7.958e+03 1.190e+02 3.501e+01
|    ( QUESTION0 -1 -6.273e+03 1.129e+02 2.801e+01
|        ( - -1.062e+03 1 0)
|        ( - -5.098e+03 1 0))
|    ( - -1.566e+03 1 0))
s>    ( WDBNDRY_B 0 -7.958e+03 1.190e+02 3.501e+01
s>        ( QUESTION0 -1 -6.273e+03 1.129e+02 2.801e+01
s>            ( - -1.062e+03 1 0)
s>            ( - -5.098e+03 1 0))
s>        ( - -1.566e+03 1 0))INFO: dtree.c(1315): Comp split 87
INFO: dtree.c(1315): Comp split 88
INFO: dtree.c(1315): Comp split 89
INFO: dtree.c(1315): Comp split 90
INFO: dtree.c(1315): Comp split 91
INFO: dtree.c(1439): stop. leaf nodes are specific
INFO: dtree.c(1478): Final simple tree
|( SILENCE -1 -4.297e+03 1.145e+02 1.900e+01
|    ( - -1.143e+03 1 0)
|    ( - -3.039e+03 1 0))
s>    ( SILENCE -1 -4.297e+03 1.145e+02 1.900e+01
s>        ( - -1.143e+03 1 0)
s>        ( - -3.039e+03 1 0))INFO: dtree.c(1315): Comp split 92
INFO: dtree.c(1315): Comp split 93
INFO: dtree.c(1315): Comp split 94
INFO: dtree.c(1439): stop. leaf nodes are specific
INFO: dtree.c(1478): Final simple tree
|( WDBNDRY_B 0 -4.778e+03 1.056e+02 2.201e+01
|    ( - -1.448e+03 1 0)
|    ( - -3.224e+03 2 0))
s>    ( WDBNDRY_B 0 -4.778e+03 1.056e+02 2.201e+01
s>        ( - -1.448e+03 1 0)
s>        ( - -3.224e+03 2 0))INFO: dtree.c(1315): Comp split 95
INFO: dtree.c(1315): Comp split 96
INFO: dtree.c(1315): Comp split 97
INFO: dtree.c(1315): Comp split 98
INFO: dtree.c(1315): Comp split 99
INFO: dtree.c(1439): stop. leaf nodes are specific
INFO: dtree.c(1478): Final simple tree
|( QUESTION0 -1 -6.273e+03 1.129e+02 2.801e+01
|    ( - -1.062e+03 1 0)
|    ( - -5.098e+03 1 0))
s>    ( QUESTION0 -1 -6.273e+03 1.129e+02 2.801e+01
s>        ( - -1.062e+03 1 0)
s>        ( - -5.098e+03 1 0))INFO: dtree.c(1315): Comp split 100
INFO: dtree.c(1439): stop. leaf nodes are specific
INFO: dtree.c(1478): Final simple tree
|( WDBNDRY_E 0 -4.662e+04 1.147e+02 2.065e+02
|    ( - -1.225e+03 1 0)
|    ( - -4.528e+04 2 0))
s>    ( WDBNDRY_E 0 -4.662e+04 1.147e+02 2.065e+02
s>        ( - -1.225e+03 1 0)
s>        ( - -4.528e+04 2 0))INFO: dtree.c(1315): Comp split 101
INFO: dtree.c(1315): Comp split 102
INFO: dtree.c(1315): Comp split 103
INFO: dtree.c(1315): Comp split 104
INFO: dtree.c(1315): Comp split 105
INFO: dtree.c(1315): Comp split 106
INFO: dtree.c(1315): Comp split 107
INFO: dtree.c(1315): Comp split 108
INFO: dtree.c(1315): Comp split 109
INFO: dtree.c(1315): Comp split 110
INFO: dtree.c(1318): stop. leaf nodes are specific
Sun Mar 19 21:50:50 2017
