Current configuration:
[NAME]		[DEFLT]	[VALUE]
-allphones	no	no
-cntthresh	0.00001	1.000000e-05
-csplitmax	100	2000
-csplitmin	1	1
-csplitthr	8e-4	0.000000e+00
-example	no	no
-fullvar	no	no
-help		no	no
-meanfn			/home/ilya/Рабочий стол/lab_sphinx/ru_base/model_parameters/ru_base.cd_cont_untied/means
-mixwfn			/home/ilya/Рабочий стол/lab_sphinx/ru_base/model_parameters/ru_base.cd_cont_untied/mixture_weights
-moddeffn		/home/ilya/Рабочий стол/lab_sphinx/ru_base/model_architecture/ru_base.untied.mdef
-mwfloor	1e-4	1.000000e-08
-phone			b
-psetfn			/home/ilya/Рабочий стол/lab_sphinx/ru_base/model_architecture/ru_base.tree_questions
-ssplitmax	5	7
-ssplitmin	1	1
-ssplitthr	8e-4	0.000000e+00
-state			0
-stwt			1.0,0.05,0.0,
-treefn			/home/ilya/Рабочий стол/lab_sphinx/ru_base/trees/ru_base.unpruned/b-0.dtree
-ts2cbfn	.semi.	.cont.
-varfloor	0.00001	1.000000e-05
-varfn			/home/ilya/Рабочий стол/lab_sphinx/ru_base/model_parameters/ru_base.cd_cont_untied/variances

INFO: main.c(223): Reading: /home/ilya/Рабочий стол/lab_sphinx/ru_base/model_architecture/ru_base.untied.mdef
INFO: model_def_io.c(573): Model definition info:
INFO: model_def_io.c(574): 9415 total models defined (43 base, 9372 tri)
INFO: model_def_io.c(575): 37660 total states
INFO: model_def_io.c(576): 28245 total tied states
INFO: model_def_io.c(577): 129 total tied CI states
INFO: model_def_io.c(578): 43 total tied transition matrices
INFO: model_def_io.c(579): 4 max state/model
INFO: model_def_io.c(580): 4 min state/model
INFO: main.c(242): Building trees for [b SIL o0 b] through [b zj a0 b]
INFO: main.c(269): Covering states |[2733 3194]| == 462
INFO: main.c(275): Reading: /home/ilya/Рабочий стол/lab_sphinx/ru_base/model_parameters/ru_base.cd_cont_untied/mixture_weights
INFO: s3mixw_io.c(173): Read /home/ilya/Рабочий стол/lab_sphinx/ru_base/model_parameters/ru_base.cd_cont_untied/mixture_weights [462x1x1 array]
INFO: main.c(311): 154 of 154 models have observation count greater than 0.000010
INFO: main.c(95): nrm stwt: 0.952 0.048 0.000 
INFO: s3gau_io.c(169): Read /home/ilya/Рабочий стол/lab_sphinx/ru_base/model_parameters/ru_base.cd_cont_untied/means [28245x1x1 array]
INFO: s3gau_io.c(169): Read /home/ilya/Рабочий стол/lab_sphinx/ru_base/model_parameters/ru_base.cd_cont_untied/variances [28245x1x1 array]
INFO: main.c(549): Reading: /home/ilya/Рабочий стол/lab_sphinx/ru_base/model_architecture/ru_base.tree_questions
INFO: main.c(588): 180 total simple questions (172 phone; 8 word bndry)
INFO: main.c(590): 42 Left Only questions, and 42 Right Only questions
INFO: dtree.c(1478): Final simple tree
|( QUESTION16 -1 -3.483e+06 7.285e+03 1.648e+04
|    ( QUESTION0_0_R 1 -1.382e+06 2.725e+03 6.568e+03
|        ( - -1.722e+05 14 0 QUESTION0_3_R 1 8.843e+02 8.025e+02)
|        ( QUESTION0_16_R 1 -1.207e+06 1.879e+03 5.766e+03
|            ( - -8.274e+04 2 0 WDBNDRY_E 0 5.785e+02 3.883e+02)
|            ( - -1.122e+06 29 0 WDBNDRY_I 0 1.410e+03 5.377e+03)))
|    ( QUESTION0_14_R 1 -2.094e+06 3.125e+03 9.914e+03
|        ( QUESTION2_13_L -1 -1.765e+06 2.525e+03 8.381e+03
|            ( QUESTION14 -1 -1.340e+06 2.005e+03 6.369e+03
|                ( - -4.064e+05 29 0 WDBNDRY_B 0 9.449e+02 1.908e+03)
|                ( - -9.317e+05 30 0 QUESTION0 1 1.294e+03 4.461e+03))
|            ( SILENCE -1 -4.223e+05 2.006e+03 2.013e+03
|                ( - -7.622e+04 4 0 QUESTION14 1 2.448e+02 3.513e+02)
|                ( - -3.441e+05 20 0 QUESTION2_3_L -1 9.601e+02 1.661e+03)))
|        ( - -3.261e+05 26 0 QUESTION15 -1 1.333e+03 1.532e+03)))
s>    ( QUESTION16 -1 -3.483e+06 7.285e+03 1.648e+04
s>        ( QUESTION0_0_R 1 -1.382e+06 2.725e+03 6.568e+03
s>            ( - -1.722e+05 14 0 QUESTION0_3_R 1 8.843e+02 8.025e+02)
s>            ( QUESTION0_16_R 1 -1.207e+06 1.879e+03 5.766e+03
s>                ( - -8.274e+04 2 0 WDBNDRY_E 0 5.785e+02 3.883e+02)
s>                ( - -1.122e+06 29 0 WDBNDRY_I 0 1.410e+03 5.377e+03)))
s>        ( QUESTION0_14_R 1 -2.094e+06 3.125e+03 9.914e+03
s>            ( QUESTION2_13_L -1 -1.765e+06 2.525e+03 8.381e+03
s>                ( QUESTION14 -1 -1.340e+06 2.005e+03 6.369e+03
s>                    ( - -4.064e+05 29 0 WDBNDRY_B 0 9.449e+02 1.908e+03)
s>                    ( - -9.317e+05 30 0 QUESTION0 1 1.294e+03 4.461e+03))
s>                ( SILENCE -1 -4.223e+05 2.006e+03 2.013e+03
s>                    ( - -7.622e+04 4 0 QUESTION14 1 2.448e+02 3.513e+02)
s>                    ( - -3.441e+05 20 0 QUESTION2_3_L -1 9.601e+02 1.661e+03)))
s>            ( - -3.261e+05 26 0 QUESTION15 -1 1.333e+03 1.532e+03)))INFO: dtree.c(1315): Comp split 0
INFO: dtree.c(1478): Final simple tree
|( QUESTION0_14_R 1 -2.094e+06 3.125e+03 9.914e+03
|    ( QUESTION2_13_L -1 -1.765e+06 2.525e+03 8.381e+03
|        ( QUESTION14 -1 -1.340e+06 2.005e+03 6.369e+03
|            ( - -4.064e+05 29 0 WDBNDRY_B 0 9.449e+02 1.908e+03)
|            ( QUESTION0 1 -9.317e+05 1.294e+03 4.461e+03
|                ( - -5.429e+04 2 0 QUESTION20 -1 3.412e+02 2.541e+02)
|                ( - -8.761e+05 28 0 WDBNDRY_B 0 8.999e+02 4.207e+03)))
|        ( SILENCE -1 -4.223e+05 2.006e+03 2.013e+03
|            ( - -7.622e+04 4 0 QUESTION14 1 2.448e+02 3.513e+02)
|            ( - -3.441e+05 20 0 QUESTION2_3_L -1 9.601e+02 1.661e+03)))
|    ( QUESTION15 -1 -3.261e+05 1.333e+03 1.532e+03
|        ( - -1.172e+05 13 0 QUESTION0_0_R 1 7.612e+02 5.357e+02)
|        ( QUESTION0_18_R 1 -2.075e+05 1.340e+03 9.968e+02
|            ( - -5.163e+04 3 0 WDBNDRY_B 0 3.026e+02 2.655e+02)
|            ( - -1.545e+05 10 0 QUESTION0_2_R 1 1.034e+03 7.313e+02))))
s>    ( QUESTION0_14_R 1 -2.094e+06 3.125e+03 9.914e+03
s>        ( QUESTION2_13_L -1 -1.765e+06 2.525e+03 8.381e+03
s>            ( QUESTION14 -1 -1.340e+06 2.005e+03 6.369e+03
s>                ( - -4.064e+05 29 0 WDBNDRY_B 0 9.449e+02 1.908e+03)
s>                ( QUESTION0 1 -9.317e+05 1.294e+03 4.461e+03
s>                    ( - -5.429e+04 2 0 QUESTION20 -1 3.412e+02 2.541e+02)
s>                    ( - -8.761e+05 28 0 WDBNDRY_B 0 8.999e+02 4.207e+03)))
s>            ( SILENCE -1 -4.223e+05 2.006e+03 2.013e+03
s>                ( - -7.622e+04 4 0 QUESTION14 1 2.448e+02 3.513e+02)
s>                ( - -3.441e+05 20 0 QUESTION2_3_L -1 9.601e+02 1.661e+03)))
s>        ( QUESTION15 -1 -3.261e+05 1.333e+03 1.532e+03
s>            ( - -1.172e+05 13 0 QUESTION0_0_R 1 7.612e+02 5.357e+02)
s>            ( QUESTION0_18_R 1 -2.075e+05 1.340e+03 9.968e+02
s>                ( - -5.163e+04 3 0 WDBNDRY_B 0 3.026e+02 2.655e+02)
s>                ( - -1.545e+05 10 0 QUESTION0_2_R 1 1.034e+03 7.313e+02))))INFO: dtree.c(1478): Final simple tree
|( QUESTION0_0_R 1 -1.382e+06 2.725e+03 6.568e+03
|    ( QUESTION0_3_R 1 -1.722e+05 8.843e+02 8.025e+02
|        ( - -4.851e+04 7 0 QUESTION0_4_R 1 1.745e+02 2.306e+02)
|        ( WDBNDRY_E 0 -1.228e+05 8.515e+02 5.719e+02
|            ( - -5.423e+04 2 0 QUESTION0_1_R 1 2.454e+02 2.619e+02)
|            ( - -6.771e+04 5 0 QUESTION0_7_R 1 4.821e+02 3.101e+02)))
|    ( QUESTION0_16_R 1 -1.207e+06 1.879e+03 5.766e+03
|        ( - -8.274e+04 2 0 WDBNDRY_E 0 5.785e+02 3.883e+02)
|        ( WDBNDRY_I 0 -1.122e+06 1.410e+03 5.377e+03
|            ( QUESTION16 1 -6.585e+05 8.325e+02 3.146e+03
|                ( - -2.295e+05 4 0)
|                ( QUESTION0 1 -4.282e+05 7.727e+02 2.041e+03
|                    ( - -1.414e+05 2 0)
|                    ( - -2.860e+05 8 0 QUESTION14 1 4.359e+02 1.372e+03)))
|            ( - -4.622e+05 15 0 QUESTION17 1 5.922e+02 2.231e+03))))
s>    ( QUESTION0_0_R 1 -1.382e+06 2.725e+03 6.568e+03
s>        ( QUESTION0_3_R 1 -1.722e+05 8.843e+02 8.025e+02
s>            ( - -4.851e+04 7 0 QUESTION0_4_R 1 1.745e+02 2.306e+02)
s>            ( WDBNDRY_E 0 -1.228e+05 8.515e+02 5.719e+02
s>                ( - -5.423e+04 2 0 QUESTION0_1_R 1 2.454e+02 2.619e+02)
s>                ( - -6.771e+04 5 0 QUESTION0_7_R 1 4.821e+02 3.101e+02)))
s>        ( QUESTION0_16_R 1 -1.207e+06 1.879e+03 5.766e+03
s>            ( - -8.274e+04 2 0 WDBNDRY_E 0 5.785e+02 3.883e+02)
s>            ( WDBNDRY_I 0 -1.122e+06 1.410e+03 5.377e+03
s>                ( QUESTION16 1 -6.585e+05 8.325e+02 3.146e+03
s>                    ( - -2.295e+05 4 0)
s>                    ( QUESTION0 1 -4.282e+05 7.727e+02 2.041e+03
s>                        ( - -1.414e+05 2 0)
s>                        ( - -2.860e+05 8 0 QUESTION14 1 4.359e+02 1.372e+03)))
s>                ( - -4.622e+05 15 0 QUESTION17 1 5.922e+02 2.231e+03))))INFO: dtree.c(1315): Comp split 1
INFO: dtree.c(1478): Final simple tree
|( QUESTION0_14_R 1 -4.064e+05 2.582e+03 1.872e+03
|    ( - -1.309e+05 6 0 SILENCE -1 4.105e+02 6.054e+02)
|    ( QUESTION15 -1 -2.729e+05 1.157e+03 1.267e+03
|        ( QUESTION0_0_R 1 -1.172e+05 7.612e+02 5.357e+02
|            ( WDBNDRY_S 0 -6.673e+04 4.696e+02 3.148e+02
|                ( - 2.413e+02 1 0)
|                ( - -6.651e+04 6 0 WDBNDRY_E 0 3.048e+02 3.138e+02))
|            ( - -4.974e+04 6 0 QUESTION20 -1 2.861e+02 2.209e+02))
|        ( QUESTION0_2_R 1 -1.545e+05 1.034e+03 7.313e+02
|            ( QUESTION11 1 -8.849e+04 4.548e+02 4.282e+02
|                ( - -3.216e+04 2 0 WDBNDRY_E 0 1.719e+02 1.546e+02)
|                ( - -5.588e+04 1 0))
|            ( QUESTION0_6_R 1 -6.500e+04 4.245e+02 3.031e+02
|                ( - -1.904e+04 1 0)
|                ( - -4.554e+04 6 0 WDBNDRY_B 0 3.368e+02 2.143e+02)))))
s>    ( QUESTION0_14_R 1 -4.064e+05 2.582e+03 1.872e+03
s>        ( - -1.309e+05 6 0 SILENCE -1 4.105e+02 6.054e+02)
s>        ( QUESTION15 -1 -2.729e+05 1.157e+03 1.267e+03
s>            ( QUESTION0_0_R 1 -1.172e+05 7.612e+02 5.357e+02
s>                ( WDBNDRY_S 0 -6.673e+04 4.696e+02 3.148e+02
s>                    ( - 2.413e+02 1 0)
s>                    ( - -6.651e+04 6 0 WDBNDRY_E 0 3.048e+02 3.138e+02))
s>                ( - -4.974e+04 6 0 QUESTION20 -1 2.861e+02 2.209e+02))
s>            ( QUESTION0_2_R 1 -1.545e+05 1.034e+03 7.313e+02
s>                ( QUESTION11 1 -8.849e+04 4.548e+02 4.282e+02
s>                    ( - -3.216e+04 2 0 WDBNDRY_E 0 1.719e+02 1.546e+02)
s>                    ( - -5.588e+04 1 0))
s>                ( QUESTION0_6_R 1 -6.500e+04 4.245e+02 3.031e+02
s>                    ( - -1.904e+04 1 0)
s>                    ( - -4.554e+04 6 0 WDBNDRY_B 0 3.368e+02 2.143e+02)))))INFO: dtree.c(1478): Final simple tree
|( QUESTION2_0_L -1 -1.684e+06 2.443e+03 8.041e+03
|    ( QUESTION2_3_L -1 -3.441e+05 9.601e+02 1.661e+03
|        ( - -1.023e+05 9 0 QUESTION4 -1 4.109e+02 4.937e+02)
|        ( - -2.409e+05 11 0 QUESTION1 -1 6.998e+02 1.168e+03))
|    ( QUESTION14 -1 -1.338e+06 1.626e+03 6.380e+03
|        ( QUESTION0_14_R 1 -4.598e+05 1.759e+03 2.173e+03
|            ( WDBNDRY_B 0 -4.064e+05 9.449e+02 1.908e+03
|                ( - -1.898e+05 21 0 QUESTION2_19_L -1 5.576e+02 8.856e+02)
|                ( QUESTION0 1 -2.157e+05 9.017e+02 1.022e+03
|                    ( - -1.949e+04 1 0)
|                    ( - -1.953e+05 7 0 QUESTION17 1 4.778e+02 9.257e+02)))
|            ( - -5.163e+04 3 0 WDBNDRY_B 0 3.026e+02 2.655e+02))
|        ( WDBNDRY_B 0 -8.761e+05 8.999e+02 4.207e+03
|            ( - -6.259e+05 18 0 QUESTION14 1 1.028e+03 2.995e+03)
|            ( - -2.493e+05 10 0 QUESTION0 -1 5.631e+02 1.212e+03))))
s>    ( QUESTION2_0_L -1 -1.684e+06 2.443e+03 8.041e+03
s>        ( QUESTION2_3_L -1 -3.441e+05 9.601e+02 1.661e+03
s>            ( - -1.023e+05 9 0 QUESTION4 -1 4.109e+02 4.937e+02)
s>            ( - -2.409e+05 11 0 QUESTION1 -1 6.998e+02 1.168e+03))
s>        ( QUESTION14 -1 -1.338e+06 1.626e+03 6.380e+03
s>            ( QUESTION0_14_R 1 -4.598e+05 1.759e+03 2.173e+03
s>                ( WDBNDRY_B 0 -4.064e+05 9.449e+02 1.908e+03
s>                    ( - -1.898e+05 21 0 QUESTION2_19_L -1 5.576e+02 8.856e+02)
s>                    ( QUESTION0 1 -2.157e+05 9.017e+02 1.022e+03
s>                        ( - -1.949e+04 1 0)
s>                        ( - -1.953e+05 7 0 QUESTION17 1 4.778e+02 9.257e+02)))
s>                ( - -5.163e+04 3 0 WDBNDRY_B 0 3.026e+02 2.655e+02))
s>            ( WDBNDRY_B 0 -8.761e+05 8.999e+02 4.207e+03
s>                ( - -6.259e+05 18 0 QUESTION14 1 1.028e+03 2.995e+03)
s>                ( - -2.493e+05 10 0 QUESTION0 -1 5.631e+02 1.212e+03))))INFO: dtree.c(1315): Comp split 2
INFO: dtree.c(1478): Final simple tree
|( WDBNDRY_I 0 -1.171e+06 1.414e+03 5.608e+03
|    ( QUESTION0 1 -7.067e+05 8.364e+02 3.374e+03
|        ( - -1.459e+05 5 0 QUESTION0_0_R 1 1.587e+02 6.905e+02)
|        ( QUESTION16 1 -5.600e+05 7.889e+02 2.683e+03
|            ( - -2.295e+05 4 0)
|            ( QUESTION14 1 -3.297e+05 5.990e+02 1.578e+03
|                ( - -1.829e+05 7 0 QUESTION0_14_R 1 4.122e+02 8.745e+02)
|                ( - -1.463e+05 4 0 QUESTION0_14_R 1 1.836e+02 7.039e+02))))
|    ( QUESTION17 1 -4.630e+05 5.972e+02 2.234e+03
|        ( - -2.470e+05 3 0 QUESTION0_14_R 1 2.312e+02 1.202e+03)
|        ( QUESTION0_15_R 1 -2.154e+05 5.995e+02 1.032e+03
|            ( - -4.827e+04 2 0)
|            ( WDBNDRY_B 0 -1.665e+05 4.455e+02 7.922e+02
|                ( - -1.289e+05 8 0 QUESTION14 1 2.677e+02 6.155e+02)
|                ( - -3.717e+04 3 0 QUESTION0_0_R 1 1.782e+02 1.766e+02)))))
s>    ( WDBNDRY_I 0 -1.171e+06 1.414e+03 5.608e+03
s>        ( QUESTION0 1 -7.067e+05 8.364e+02 3.374e+03
s>            ( - -1.459e+05 5 0 QUESTION0_0_R 1 1.587e+02 6.905e+02)
s>            ( QUESTION16 1 -5.600e+05 7.889e+02 2.683e+03
s>                ( - -2.295e+05 4 0)
s>                ( QUESTION14 1 -3.297e+05 5.990e+02 1.578e+03
s>                    ( - -1.829e+05 7 0 QUESTION0_14_R 1 4.122e+02 8.745e+02)
s>                    ( - -1.463e+05 4 0 QUESTION0_14_R 1 1.836e+02 7.039e+02))))
s>        ( QUESTION17 1 -4.630e+05 5.972e+02 2.234e+03
s>            ( - -2.470e+05 3 0 QUESTION0_14_R 1 2.312e+02 1.202e+03)
s>            ( QUESTION0_15_R 1 -2.154e+05 5.995e+02 1.032e+03
s>                ( - -4.827e+04 2 0)
s>                ( WDBNDRY_B 0 -1.665e+05 4.455e+02 7.922e+02
s>                    ( - -1.289e+05 8 0 QUESTION14 1 2.677e+02 6.155e+02)
s>                    ( - -3.717e+04 3 0 QUESTION0_0_R 1 1.782e+02 1.766e+02)))))INFO: dtree.c(1439): stop. leaf nodes are specific
INFO: dtree.c(1478): Final simple tree
|( QUESTION0_0_R 1 -2.074e+05 1.867e+03 9.603e+02
|    ( WDBNDRY_E 0 -1.228e+05 8.515e+02 5.719e+02
|        ( QUESTION0_1_R 1 -5.423e+04 2.454e+02 2.619e+02
|            ( - -2.933e+04 1 0)
|            ( - -2.465e+04 1 0))
|        ( QUESTION0_7_R 1 -6.771e+04 4.821e+02 3.101e+02
|            ( QUESTION0_8_R 1 -3.678e+04 1.016e+02 1.665e+02
|                ( - -3.627e+04 2 0)
|                ( - -3.996e+02 1 0))
|            ( - -3.045e+04 2 0)))
|    ( WDBNDRY_E 0 -8.274e+04 5.785e+02 3.883e+02
|        ( - -1.549e+04 1 0)
|        ( - -6.667e+04 1 0)))
s>    ( QUESTION0_0_R 1 -2.074e+05 1.867e+03 9.603e+02
s>        ( WDBNDRY_E 0 -1.228e+05 8.515e+02 5.719e+02
s>            ( QUESTION0_1_R 1 -5.423e+04 2.454e+02 2.619e+02
s>                ( - -2.933e+04 1 0)
s>                ( - -2.465e+04 1 0))
s>            ( QUESTION0_7_R 1 -6.771e+04 4.821e+02 3.101e+02
s>                ( QUESTION0_8_R 1 -3.678e+04 1.016e+02 1.665e+02
s>                    ( - -3.627e+04 2 0)
s>                    ( - -3.996e+02 1 0))
s>                ( - -3.045e+04 2 0)))
s>        ( WDBNDRY_E 0 -8.274e+04 5.785e+02 3.883e+02
s>            ( - -1.549e+04 1 0)
s>            ( - -6.667e+04 1 0)))INFO: dtree.c(1315): Comp split 3
INFO: dtree.c(1478): Final simple tree
|( WDBNDRY_B 0 -4.064e+05 9.449e+02 1.908e+03
|    ( QUESTION2_19_L -1 -1.898e+05 5.576e+02 8.856e+02
|        ( QUESTION16 1 -2.633e+04 3.286e+02 1.287e+02
|            ( - -2.171e+04 1 0)
|            ( - -4.299e+03 1 0))
|        ( QUESTION15 1 -1.629e+05 4.899e+02 7.569e+02
|            ( - -7.282e+04 11 0 QUESTION16 1 2.678e+02 3.375e+02)
|            ( - -8.961e+04 8 0 QUESTION2_16_L -1 3.102e+02 4.194e+02)))
|    ( QUESTION0 1 -2.157e+05 9.017e+02 1.022e+03
|        ( - -1.949e+04 1 0)
|        ( QUESTION17 1 -1.953e+05 4.778e+02 9.257e+02
|            ( - -2.346e+04 1 0)
|            ( QUESTION2_14_L -1 -1.714e+05 3.937e+02 8.098e+02
|                ( - -1.534e+05 3 0 QUESTION14 1 1.974e+02 7.275e+02)
|                ( - -1.761e+04 3 0)))))
s>    ( WDBNDRY_B 0 -4.064e+05 9.449e+02 1.908e+03
s>        ( QUESTION2_19_L -1 -1.898e+05 5.576e+02 8.856e+02
s>            ( QUESTION16 1 -2.633e+04 3.286e+02 1.287e+02
s>                ( - -2.171e+04 1 0)
s>                ( - -4.299e+03 1 0))
s>            ( QUESTION15 1 -1.629e+05 4.899e+02 7.569e+02
s>                ( - -7.282e+04 11 0 QUESTION16 1 2.678e+02 3.375e+02)
s>                ( - -8.961e+04 8 0 QUESTION2_16_L -1 3.102e+02 4.194e+02)))
s>        ( QUESTION0 1 -2.157e+05 9.017e+02 1.022e+03
s>            ( - -1.949e+04 1 0)
s>            ( QUESTION17 1 -1.953e+05 4.778e+02 9.257e+02
s>                ( - -2.346e+04 1 0)
s>                ( QUESTION2_14_L -1 -1.714e+05 3.937e+02 8.098e+02
s>                    ( - -1.534e+05 3 0 QUESTION14 1 1.974e+02 7.275e+02)
s>                    ( - -1.761e+04 3 0)))))INFO: dtree.c(1478): Final simple tree
|( QUESTION2_0_L -1 -1.275e+06 2.062e+03 6.133e+03
|    ( QUESTION2_3_L -1 -3.441e+05 9.601e+02 1.661e+03
|        ( - -1.023e+05 9 0 QUESTION4 -1 4.109e+02 4.937e+02)
|        ( - -2.409e+05 11 0 QUESTION1 -1 6.998e+02 1.168e+03))
|    ( QUESTION14 1 -9.288e+05 1.224e+03 4.472e+03
|        ( QUESTION0_14_R 1 -2.835e+05 8.706e+02 1.396e+03
|            ( QUESTION18 -1 -2.342e+05 1.009e+03 1.145e+03
|                ( - -1.218e+05 1 0)
|                ( - -1.114e+05 6 0 QUESTION2_14_L -1 6.363e+02 5.416e+02))
|            ( - -4.839e+04 1 0))
|        ( QUESTION15 -1 -6.441e+05 8.134e+02 3.077e+03
|            ( QUESTION20 -1 -5.054e+05 8.731e+02 2.415e+03
|                ( - -2.490e+05 7 0 WDBNDRY_B 0 5.330e+02 1.195e+03)
|                ( - -2.555e+05 9 0 QUESTION16 1 6.204e+02 1.220e+03))
|            ( - -1.380e+05 7 0 QUESTION16 1 5.711e+02 6.612e+02))))
s>    ( QUESTION2_0_L -1 -1.275e+06 2.062e+03 6.133e+03
s>        ( QUESTION2_3_L -1 -3.441e+05 9.601e+02 1.661e+03
s>            ( - -1.023e+05 9 0 QUESTION4 -1 4.109e+02 4.937e+02)
s>            ( - -2.409e+05 11 0 QUESTION1 -1 6.998e+02 1.168e+03))
s>        ( QUESTION14 1 -9.288e+05 1.224e+03 4.472e+03
s>            ( QUESTION0_14_R 1 -2.835e+05 8.706e+02 1.396e+03
s>                ( QUESTION18 -1 -2.342e+05 1.009e+03 1.145e+03
s>                    ( - -1.218e+05 1 0)
s>                    ( - -1.114e+05 6 0 QUESTION2_14_L -1 6.363e+02 5.416e+02))
s>                ( - -4.839e+04 1 0))
s>            ( QUESTION15 -1 -6.441e+05 8.134e+02 3.077e+03
s>                ( QUESTION20 -1 -5.054e+05 8.731e+02 2.415e+03
s>                    ( - -2.490e+05 7 0 WDBNDRY_B 0 5.330e+02 1.195e+03)
s>                    ( - -2.555e+05 9 0 QUESTION16 1 6.204e+02 1.220e+03))
s>                ( - -1.380e+05 7 0 QUESTION16 1 5.711e+02 6.612e+02))))INFO: dtree.c(1315): Comp split 4
INFO: dtree.c(1478): Final simple tree
|( QUESTION15 -1 -2.729e+05 1.157e+03 1.267e+03
|    ( QUESTION0_0_R 1 -1.172e+05 7.612e+02 5.357e+02
|        ( WDBNDRY_S 0 -6.673e+04 4.696e+02 3.148e+02
|            ( - 2.413e+02 1 0)
|            ( - -6.651e+04 6 0 WDBNDRY_E 0 3.048e+02 3.138e+02))
|        ( - -4.974e+04 6 0 QUESTION20 -1 2.861e+02 2.209e+02))
|    ( QUESTION0_2_R 1 -1.545e+05 1.034e+03 7.313e+02
|        ( QUESTION11 1 -8.849e+04 4.548e+02 4.282e+02
|            ( - -3.216e+04 2 0 WDBNDRY_E 0 1.719e+02 1.546e+02)
|            ( - -5.588e+04 1 0))
|        ( QUESTION0_6_R 1 -6.500e+04 4.245e+02 3.031e+02
|            ( - -1.904e+04 1 0)
|            ( WDBNDRY_B 0 -4.554e+04 3.368e+02 2.143e+02
|                ( - -6.775e+03 3 0 QUESTION2_0_L -1 1.790e+02 3.400e+01)
|                ( - -3.842e+04 3 0 QUESTION2_14_L -1 4.618e+02 1.803e+02)))))
s>    ( QUESTION15 -1 -2.729e+05 1.157e+03 1.267e+03
s>        ( QUESTION0_0_R 1 -1.172e+05 7.612e+02 5.357e+02
s>            ( WDBNDRY_S 0 -6.673e+04 4.696e+02 3.148e+02
s>                ( - 2.413e+02 1 0)
s>                ( - -6.651e+04 6 0 WDBNDRY_E 0 3.048e+02 3.138e+02))
s>            ( - -4.974e+04 6 0 QUESTION20 -1 2.861e+02 2.209e+02))
s>        ( QUESTION0_2_R 1 -1.545e+05 1.034e+03 7.313e+02
s>            ( QUESTION11 1 -8.849e+04 4.548e+02 4.282e+02
s>                ( - -3.216e+04 2 0 WDBNDRY_E 0 1.719e+02 1.546e+02)
s>                ( - -5.588e+04 1 0))
s>            ( QUESTION0_6_R 1 -6.500e+04 4.245e+02 3.031e+02
s>                ( - -1.904e+04 1 0)
s>                ( WDBNDRY_B 0 -4.554e+04 3.368e+02 2.143e+02
s>                    ( - -6.775e+03 3 0 QUESTION2_0_L -1 1.790e+02 3.400e+01)
s>                    ( - -3.842e+04 3 0 QUESTION2_14_L -1 4.618e+02 1.803e+02)))))INFO: dtree.c(1439): stop. leaf nodes are specific
INFO: dtree.c(1478): Final simple tree
|( SILENCE -1 -1.309e+05 4.105e+02 6.054e+02
|    ( QUESTION14 1 -7.622e+04 2.448e+02 3.513e+02
|        ( - -6.834e+03 1 0)
|        ( QUESTION0 1 -6.914e+04 1.637e+02 3.200e+02
|            ( - -3.095e+03 1 0)
|            ( QUESTION16 1 -6.588e+04 1.610e+02 3.060e+02
|                ( - -4.752e+02 1 0)
|                ( - -6.525e+04 1 0))))
|    ( QUESTION20 -1 -5.429e+04 3.412e+02 2.541e+02
|        ( - -4.660e+04 1 0)
|        ( - -7.346e+03 1 0)))
s>    ( SILENCE -1 -1.309e+05 4.105e+02 6.054e+02
s>        ( QUESTION14 1 -7.622e+04 2.448e+02 3.513e+02
s>            ( - -6.834e+03 1 0)
s>            ( QUESTION0 1 -6.914e+04 1.637e+02 3.200e+02
s>                ( - -3.095e+03 1 0)
s>                ( QUESTION16 1 -6.588e+04 1.610e+02 3.060e+02
s>                    ( - -4.752e+02 1 0)
s>                    ( - -6.525e+04 1 0))))
s>        ( QUESTION20 -1 -5.429e+04 3.412e+02 2.541e+02
s>            ( - -4.660e+04 1 0)
s>            ( - -7.346e+03 1 0)))INFO: dtree.c(1315): Comp split 5
INFO: dtree.c(1478): Final simple tree
|( WDBNDRY_I 0 -6.173e+05 6.978e+02 2.957e+03
|    ( QUESTION0 -1 -2.469e+05 5.686e+02 1.200e+03
|        ( - -8.189e+04 1 0)
|        ( QUESTION16 1 -1.644e+05 5.700e+02 7.929e+02
|            ( - -1.506e+05 5 0 QUESTION20 -1 3.072e+02 7.309e+02)
|            ( - -1.321e+04 2 0 QUESTION14 1 1.984e+02 6.196e+01)))
|    ( QUESTION20 -1 -3.697e+05 7.923e+02 1.757e+03
|        ( - -1.580e+05 5 0 QUESTION14 1 2.662e+02 7.536e+02)
|        ( QUESTION16 1 -2.109e+05 6.089e+02 1.004e+03
|            ( QUESTION18 -1 -1.322e+05 4.793e+02 6.319e+02
|                ( - -4.031e+04 2 0)
|                ( - -9.139e+04 2 0))
|            ( QUESTION0 -1 -7.813e+04 3.088e+02 3.718e+02
|                ( - -8.926e+03 2 0)
|                ( - -6.890e+04 3 0 QUESTION18 -1 1.877e+02 3.310e+02)))))
s>    ( WDBNDRY_I 0 -6.173e+05 6.978e+02 2.957e+03
s>        ( QUESTION0 -1 -2.469e+05 5.686e+02 1.200e+03
s>            ( - -8.189e+04 1 0)
s>            ( QUESTION16 1 -1.644e+05 5.700e+02 7.929e+02
s>                ( - -1.506e+05 5 0 QUESTION20 -1 3.072e+02 7.309e+02)
s>                ( - -1.321e+04 2 0 QUESTION14 1 1.984e+02 6.196e+01)))
s>        ( QUESTION20 -1 -3.697e+05 7.923e+02 1.757e+03
s>            ( - -1.580e+05 5 0 QUESTION14 1 2.662e+02 7.536e+02)
s>            ( QUESTION16 1 -2.109e+05 6.089e+02 1.004e+03
s>                ( QUESTION18 -1 -1.322e+05 4.793e+02 6.319e+02
s>                    ( - -4.031e+04 2 0)
s>                    ( - -9.139e+04 2 0))
s>                ( QUESTION0 -1 -7.813e+04 3.088e+02 3.718e+02
s>                    ( - -8.926e+03 2 0)
s>                    ( - -6.890e+04 3 0 QUESTION18 -1 1.877e+02 3.310e+02)))))INFO: dtree.c(1478): Final simple tree
|( QUESTION0 -1 -6.554e+05 1.694e+03 3.176e+03
|    ( QUESTION2_1_L -1 -4.797e+05 9.821e+02 2.308e+03
|        ( QUESTION14 1 -1.832e+05 7.594e+02 8.792e+02
|            ( - -7.362e+04 2 0 WDBNDRY_B 0 2.199e+02 3.545e+02)
|            ( - -1.088e+05 12 0 WDBNDRY_B 0 4.394e+02 5.247e+02))
|        ( QUESTION11 -1 -2.956e+05 8.585e+02 1.428e+03
|            ( QUESTION16 1 -1.538e+05 5.763e+02 7.361e+02
|                ( - -5.315e+04 2 0 WDBNDRY_B 0 1.590e+02 2.560e+02)
|                ( - -1.001e+05 5 0 QUESTION2_14_L -1 2.811e+02 4.801e+02))
|            ( QUESTION16 1 -1.409e+05 5.902e+02 6.923e+02
|                ( - -1.414e+04 2 0 WDBNDRY_B 0 2.210e+02 6.660e+01)
|                ( - -1.262e+05 2 0))))
|    ( WDBNDRY_B 0 -1.740e+05 6.541e+02 8.689e+02
|        ( - -1.247e+05 2 0 QUESTION0_14_R 1 2.074e+02 6.174e+02)
|        ( - -4.865e+04 2 0 QUESTION14 1 4.996e+02 2.515e+02)))
s>    ( QUESTION0 -1 -6.554e+05 1.694e+03 3.176e+03
s>        ( QUESTION2_1_L -1 -4.797e+05 9.821e+02 2.308e+03
s>            ( QUESTION14 1 -1.832e+05 7.594e+02 8.792e+02
s>                ( - -7.362e+04 2 0 WDBNDRY_B 0 2.199e+02 3.545e+02)
s>                ( - -1.088e+05 12 0 WDBNDRY_B 0 4.394e+02 5.247e+02))
s>            ( QUESTION11 -1 -2.956e+05 8.585e+02 1.428e+03
s>                ( QUESTION16 1 -1.538e+05 5.763e+02 7.361e+02
s>                    ( - -5.315e+04 2 0 WDBNDRY_B 0 1.590e+02 2.560e+02)
s>                    ( - -1.001e+05 5 0 QUESTION2_14_L -1 2.811e+02 4.801e+02))
s>                ( QUESTION16 1 -1.409e+05 5.902e+02 6.923e+02
s>                    ( - -1.414e+04 2 0 WDBNDRY_B 0 2.210e+02 6.660e+01)
s>                    ( - -1.262e+05 2 0))))
s>        ( WDBNDRY_B 0 -1.740e+05 6.541e+02 8.689e+02
s>            ( - -1.247e+05 2 0 QUESTION0_14_R 1 2.074e+02 6.174e+02)
s>            ( - -4.865e+04 2 0 QUESTION14 1 4.996e+02 2.515e+02)))INFO: dtree.c(1315): Comp split 6
INFO: dtree.c(1439): stop. leaf nodes are specific
INFO: dtree.c(1478): Final simple tree
|( WDBNDRY_E 0 -8.274e+04 5.785e+02 3.883e+02
|    ( - -1.549e+04 1 0)
|    ( - -6.667e+04 1 0))
s>    ( WDBNDRY_E 0 -8.274e+04 5.785e+02 3.883e+02
s>        ( - -1.549e+04 1 0)
s>        ( - -6.667e+04 1 0))INFO: dtree.c(1439): stop. leaf nodes are specific
INFO: dtree.c(1478): Final simple tree
|( WDBNDRY_E 0 -1.228e+05 8.515e+02 5.719e+02
|    ( QUESTION0_1_R 1 -5.423e+04 2.454e+02 2.619e+02
|        ( - -2.933e+04 1 0)
|        ( - -2.465e+04 1 0))
|    ( QUESTION0_7_R 1 -6.771e+04 4.821e+02 3.101e+02
|        ( QUESTION0_8_R 1 -3.678e+04 1.016e+02 1.665e+02
|            ( - -3.627e+04 2 0)
|            ( - -3.996e+02 1 0))
|        ( - -3.045e+04 2 0)))
s>    ( WDBNDRY_E 0 -1.228e+05 8.515e+02 5.719e+02
s>        ( QUESTION0_1_R 1 -5.423e+04 2.454e+02 2.619e+02
s>            ( - -2.933e+04 1 0)
s>            ( - -2.465e+04 1 0))
s>        ( QUESTION0_7_R 1 -6.771e+04 4.821e+02 3.101e+02
s>            ( QUESTION0_8_R 1 -3.678e+04 1.016e+02 1.665e+02
s>                ( - -3.627e+04 2 0)
s>                ( - -3.996e+02 1 0))
s>            ( - -3.045e+04 2 0)))INFO: dtree.c(1315): Comp split 7
INFO: dtree.c(1478): Final simple tree
|( QUESTION0 -1 -2.751e+05 1.034e+03 1.349e+03
|    ( QUESTION2_14_L -1 -1.001e+05 2.811e+02 4.801e+02
|        ( - -7.456e+04 1 0)
|        ( QUESTION2_0_L -1 -2.521e+04 1.708e+02 1.198e+02
|            ( QUESTION14 1 -1.869e+04 1.389e+02 8.983e+01
|                ( - -5.716e+03 1 0)
|                ( - -1.284e+04 1 0))
|            ( - -6.346e+03 2 0)))
|    ( WDBNDRY_B 0 -1.740e+05 6.541e+02 8.689e+02
|        ( QUESTION0_14_R 1 -1.247e+05 2.074e+02 6.174e+02
|            ( - -1.218e+05 1 0)
|            ( - -2.683e+03 1 0))
|        ( QUESTION14 1 -4.865e+04 4.996e+02 2.515e+02
|            ( - -4.839e+04 1 0)
|            ( - 2.419e+02 1 0))))
s>    ( QUESTION0 -1 -2.751e+05 1.034e+03 1.349e+03
s>        ( QUESTION2_14_L -1 -1.001e+05 2.811e+02 4.801e+02
s>            ( - -7.456e+04 1 0)
s>            ( QUESTION2_0_L -1 -2.521e+04 1.708e+02 1.198e+02
s>                ( QUESTION14 1 -1.869e+04 1.389e+02 8.983e+01
s>                    ( - -5.716e+03 1 0)
s>                    ( - -1.284e+04 1 0))
s>                ( - -6.346e+03 2 0)))
s>        ( WDBNDRY_B 0 -1.740e+05 6.541e+02 8.689e+02
s>            ( QUESTION0_14_R 1 -1.247e+05 2.074e+02 6.174e+02
s>                ( - -1.218e+05 1 0)
s>                ( - -2.683e+03 1 0))
s>            ( QUESTION14 1 -4.865e+04 4.996e+02 2.515e+02
s>                ( - -4.839e+04 1 0)
s>                ( - 2.419e+02 1 0))))INFO: dtree.c(1478): Final simple tree
|( QUESTION2_12_L -1 -3.786e+05 9.159e+02 1.828e+03
|    ( QUESTION16 1 -1.409e+05 5.902e+02 6.923e+02
|        ( - -1.414e+04 2 0 WDBNDRY_B 0 2.210e+02 6.660e+01)
|        ( - -1.262e+05 2 0))
|    ( QUESTION2_3_L -1 -2.367e+05 7.491e+02 1.135e+03
|        ( QUESTION4 -1 -1.023e+05 4.109e+02 4.937e+02
|            ( QUESTION16 1 -8.107e+04 3.775e+02 3.954e+02
|                ( - -3.684e+04 1 0)
|                ( - -4.385e+04 2 0 WDBNDRY_B 0 1.825e+02 2.146e+02))
|            ( QUESTION2 -1 -2.082e+04 2.366e+02 9.836e+01
|                ( - -2.156e+03 2 0 WDBNDRY_B 0 2.019e+02 1.100e+01)
|                ( - -1.843e+04 4 0 QUESTION0 1 2.124e+02 8.736e+01)))
|        ( QUESTION14 1 -1.337e+05 4.117e+02 6.414e+02
|            ( - -7.289e+04 1 0)
|            ( - -6.037e+04 6 0 WDBNDRY_B 0 1.971e+02 2.900e+02))))
s>    ( QUESTION2_12_L -1 -3.786e+05 9.159e+02 1.828e+03
s>        ( QUESTION16 1 -1.409e+05 5.902e+02 6.923e+02
s>            ( - -1.414e+04 2 0 WDBNDRY_B 0 2.210e+02 6.660e+01)
s>            ( - -1.262e+05 2 0))
s>        ( QUESTION2_3_L -1 -2.367e+05 7.491e+02 1.135e+03
s>            ( QUESTION4 -1 -1.023e+05 4.109e+02 4.937e+02
s>                ( QUESTION16 1 -8.107e+04 3.775e+02 3.954e+02
s>                    ( - -3.684e+04 1 0)
s>                    ( - -4.385e+04 2 0 WDBNDRY_B 0 1.825e+02 2.146e+02))
s>                ( QUESTION2 -1 -2.082e+04 2.366e+02 9.836e+01
s>                    ( - -2.156e+03 2 0 WDBNDRY_B 0 2.019e+02 1.100e+01)
s>                    ( - -1.843e+04 4 0 QUESTION0 1 2.124e+02 8.736e+01)))
s>            ( QUESTION14 1 -1.337e+05 4.117e+02 6.414e+02
s>                ( - -7.289e+04 1 0)
s>                ( - -6.037e+04 6 0 WDBNDRY_B 0 1.971e+02 2.900e+02))))INFO: dtree.c(1315): Comp split 8
INFO: dtree.c(1478): Final simple tree
|( QUESTION17 1 -6.097e+05 6.854e+02 2.938e+03
|    ( WDBNDRY_B 0 -3.936e+05 3.530e+02 1.906e+03
|        ( QUESTION0_14_R 1 -2.470e+05 2.312e+02 1.202e+03
|            ( - -2.440e+05 2 0)
|            ( - -2.753e+03 1 0))
|        ( QUESTION0_14_R 1 -1.463e+05 1.836e+02 7.039e+02
|            ( - -1.438e+05 2 0)
|            ( - -2.306e+03 2 0)))
|    ( QUESTION0_15_R 1 -2.154e+05 5.995e+02 1.032e+03
|        ( - -4.827e+04 2 0)
|        ( WDBNDRY_B 0 -1.665e+05 4.455e+02 7.922e+02
|            ( QUESTION14 1 -1.289e+05 2.677e+02 6.155e+02
|                ( - -1.367e+04 3 0)
|                ( - -1.150e+05 5 0 QUESTION0 1 1.657e+02 5.507e+02))
|            ( - -3.717e+04 3 0 QUESTION0_0_R 1 1.782e+02 1.766e+02))))
s>    ( QUESTION17 1 -6.097e+05 6.854e+02 2.938e+03
s>        ( WDBNDRY_B 0 -3.936e+05 3.530e+02 1.906e+03
s>            ( QUESTION0_14_R 1 -2.470e+05 2.312e+02 1.202e+03
s>                ( - -2.440e+05 2 0)
s>                ( - -2.753e+03 1 0))
s>            ( QUESTION0_14_R 1 -1.463e+05 1.836e+02 7.039e+02
s>                ( - -1.438e+05 2 0)
s>                ( - -2.306e+03 2 0)))
s>        ( QUESTION0_15_R 1 -2.154e+05 5.995e+02 1.032e+03
s>            ( - -4.827e+04 2 0)
s>            ( WDBNDRY_B 0 -1.665e+05 4.455e+02 7.922e+02
s>                ( QUESTION14 1 -1.289e+05 2.677e+02 6.155e+02
s>                    ( - -1.367e+04 3 0)
s>                    ( - -1.150e+05 5 0 QUESTION0 1 1.657e+02 5.507e+02))
s>                ( - -3.717e+04 3 0 QUESTION0_0_R 1 1.782e+02 1.766e+02))))INFO: dtree.c(1439): stop. leaf nodes are specific
INFO: dtree.c(1478): Final simple tree
|( QUESTION0 1 -5.598e+05 8.741e+02 2.670e+03
|    ( QUESTION0_0_R 1 -1.459e+05 1.587e+02 6.905e+02
|        ( - -4.372e+03 3 0)
|        ( - -1.414e+05 2 0))
|    ( QUESTION14 1 -4.130e+05 6.345e+02 1.979e+03
|        ( QUESTION0_14_R 1 -1.829e+05 4.122e+02 8.745e+02
|            ( - -8.125e+04 2 0)
|            ( QUESTION0_0_R 1 -1.012e+05 2.821e+02 4.855e+02
|                ( - -4.319e+04 3 0)
|                ( - -5.772e+04 2 0)))
|        ( - -2.295e+05 4 0)))
s>    ( QUESTION0 1 -5.598e+05 8.741e+02 2.670e+03
s>        ( QUESTION0_0_R 1 -1.459e+05 1.587e+02 6.905e+02
s>            ( - -4.372e+03 3 0)
s>            ( - -1.414e+05 2 0))
s>        ( QUESTION14 1 -4.130e+05 6.345e+02 1.979e+03
s>            ( QUESTION0_14_R 1 -1.829e+05 4.122e+02 8.745e+02
s>                ( - -8.125e+04 2 0)
s>                ( QUESTION0_0_R 1 -1.012e+05 2.821e+02 4.855e+02
s>                    ( - -4.319e+04 3 0)
s>                    ( - -5.772e+04 2 0)))
s>            ( - -2.295e+05 4 0)))INFO: dtree.c(1315): Comp split 9
INFO: dtree.c(1478): Final simple tree
|( QUESTION15 1 -1.853e+05 5.725e+02 8.593e+02
|    ( WDBNDRY_B 0 -9.517e+04 2.902e+02 4.399e+02
|        ( QUESTION16 1 -7.727e+04 2.541e+02 3.576e+02
|            ( - -2.965e+04 6 0 QUESTION2_14_L -1 2.253e+02 1.355e+02)
|            ( - -4.736e+04 6 0 QUESTION2_17_L -1 1.861e+02 2.221e+02))
|        ( - -1.761e+04 3 0))
|    ( QUESTION2_16_L -1 -8.961e+04 3.102e+02 4.194e+02
|        ( QUESTION0 1 -3.508e+04 2.572e+02 1.617e+02
|            ( - -3.371e+03 1 0)
|            ( - -3.145e+04 1 0))
|        ( QUESTION0 1 -5.422e+04 2.728e+02 2.577e+02
|            ( - -7.839e+03 2 0)
|            ( QUESTION2_14_L -1 -4.610e+04 3.001e+02 2.177e+02
|                ( - -1.114e+04 2 0)
|                ( - -3.466e+04 2 0)))))
s>    ( QUESTION15 1 -1.853e+05 5.725e+02 8.593e+02
s>        ( WDBNDRY_B 0 -9.517e+04 2.902e+02 4.399e+02
s>            ( QUESTION16 1 -7.727e+04 2.541e+02 3.576e+02
s>                ( - -2.965e+04 6 0 QUESTION2_14_L -1 2.253e+02 1.355e+02)
s>                ( - -4.736e+04 6 0 QUESTION2_17_L -1 1.861e+02 2.221e+02))
s>            ( - -1.761e+04 3 0))
s>        ( QUESTION2_16_L -1 -8.961e+04 3.102e+02 4.194e+02
s>            ( QUESTION0 1 -3.508e+04 2.572e+02 1.617e+02
s>                ( - -3.371e+03 1 0)
s>                ( - -3.145e+04 1 0))
s>            ( QUESTION0 1 -5.422e+04 2.728e+02 2.577e+02
s>                ( - -7.839e+03 2 0)
s>                ( QUESTION2_14_L -1 -4.610e+04 3.001e+02 2.177e+02
s>                    ( - -1.114e+04 2 0)
s>                    ( - -3.466e+04 2 0)))))INFO: dtree.c(1439): stop. leaf nodes are specific
INFO: dtree.c(1478): Final simple tree
|( QUESTION0 1 -2.198e+05 9.206e+02 1.049e+03
|    ( - -1.949e+04 1 0)
|    ( WDBNDRY_B 0 -1.994e+05 4.754e+02 9.520e+02
|        ( - -2.171e+04 1 0)
|        ( QUESTION17 1 -1.773e+05 4.353e+02 8.434e+02
|            ( - -2.346e+04 1 0)
|            ( QUESTION14 1 -1.534e+05 1.974e+02 7.275e+02
|                ( - -1.576e+03 1 0)
|                ( - -1.516e+05 2 0)))))
s>    ( QUESTION0 1 -2.198e+05 9.206e+02 1.049e+03
s>        ( - -1.949e+04 1 0)
s>        ( WDBNDRY_B 0 -1.994e+05 4.754e+02 9.520e+02
s>            ( - -2.171e+04 1 0)
s>            ( QUESTION17 1 -1.773e+05 4.353e+02 8.434e+02
s>                ( - -2.346e+04 1 0)
s>                ( QUESTION14 1 -1.534e+05 1.974e+02 7.275e+02
s>                    ( - -1.576e+03 1 0)
s>                    ( - -1.516e+05 2 0)))))INFO: dtree.c(1315): Comp split 10
INFO: dtree.c(1439): stop. leaf nodes are specific
INFO: dtree.c(1478): Final simple tree
|( QUESTION16 1 -1.324e+05 5.857e+02 6.281e+02
|    ( - -4.031e+04 2 0)
|    ( QUESTION0 -1 -9.154e+04 3.158e+02 4.338e+02
|        ( - -8.926e+03 2 0)
|        ( QUESTION18 -1 -8.230e+04 1.951e+02 3.929e+02
|            ( - -9.429e+03 1 0)
|            ( WDBNDRY_B 0 -7.268e+04 1.825e+02 3.462e+02
|                ( QUESTION14 1 -5.928e+04 1.311e+02 2.842e+02
|                    ( - -9.047e+02 1 0)
|                    ( - -5.824e+04 1 0))
|                ( QUESTION14 1 -1.321e+04 1.984e+02 6.196e+01
|                    ( - -1.193e+04 1 0)
|                    ( - -1.086e+03 1 0))))))
s>    ( QUESTION16 1 -1.324e+05 5.857e+02 6.281e+02
s>        ( - -4.031e+04 2 0)
s>        ( QUESTION0 -1 -9.154e+04 3.158e+02 4.338e+02
s>            ( - -8.926e+03 2 0)
s>            ( QUESTION18 -1 -8.230e+04 1.951e+02 3.929e+02
s>                ( - -9.429e+03 1 0)
s>                ( WDBNDRY_B 0 -7.268e+04 1.825e+02 3.462e+02
s>                    ( QUESTION14 1 -5.928e+04 1.311e+02 2.842e+02
s>                        ( - -9.047e+02 1 0)
s>                        ( - -5.824e+04 1 0))
s>                    ( QUESTION14 1 -1.321e+04 1.984e+02 6.196e+01
s>                        ( - -1.193e+04 1 0)
s>                        ( - -1.086e+03 1 0))))))INFO: dtree.c(1478): Final simple tree
|( QUESTION17 1 -4.836e+05 7.326e+02 2.329e+03
|    ( - -1.443e+05 1 0)
|    ( QUESTION0 -1 -3.386e+05 5.999e+02 1.642e+03
|        ( - -8.189e+04 1 0)
|        ( WDBNDRY_I 0 -2.561e+05 4.479e+02 1.235e+03
|            ( QUESTION20 -1 -1.506e+05 3.072e+02 7.309e+02
|                ( - -9.580e+04 2 0)
|                ( QUESTION18 -1 -5.451e+04 3.069e+02 2.622e+02
|                    ( - -8.420e+03 2 0)
|                    ( - -4.578e+04 1 0)))
|            ( QUESTION14 1 -1.051e+05 2.093e+02 5.040e+02
|                ( - -6.433e+03 1 0)
|                ( QUESTION20 -1 -9.844e+04 1.790e+02 4.710e+02
|                    ( - -6.870e+03 3 0 WDBNDRY_B 0 1.688e+02 3.347e+01)
|                    ( - -9.139e+04 2 0))))))
s>    ( QUESTION17 1 -4.836e+05 7.326e+02 2.329e+03
s>        ( - -1.443e+05 1 0)
s>        ( QUESTION0 -1 -3.386e+05 5.999e+02 1.642e+03
s>            ( - -8.189e+04 1 0)
s>            ( WDBNDRY_I 0 -2.561e+05 4.479e+02 1.235e+03
s>                ( QUESTION20 -1 -1.506e+05 3.072e+02 7.309e+02
s>                    ( - -9.580e+04 2 0)
s>                    ( QUESTION18 -1 -5.451e+04 3.069e+02 2.622e+02
s>                        ( - -8.420e+03 2 0)
s>                        ( - -4.578e+04 1 0)))
s>                ( QUESTION14 1 -1.051e+05 2.093e+02 5.040e+02
s>                    ( - -6.433e+03 1 0)
s>                    ( QUESTION20 -1 -9.844e+04 1.790e+02 4.710e+02
s>                        ( - -6.870e+03 3 0 WDBNDRY_B 0 1.688e+02 3.347e+01)
s>                        ( - -9.139e+04 2 0))))))INFO: dtree.c(1315): Comp split 11
INFO: dtree.c(1478): Final simple tree
|( QUESTION0_2_R 1 -1.545e+05 1.034e+03 7.313e+02
|    ( QUESTION11 1 -8.849e+04 4.548e+02 4.282e+02
|        ( - -3.216e+04 2 0 WDBNDRY_E 0 1.719e+02 1.546e+02)
|        ( - -5.588e+04 1 0))
|    ( QUESTION0_6_R 1 -6.500e+04 4.245e+02 3.031e+02
|        ( - -1.904e+04 1 0)
|        ( WDBNDRY_B 0 -4.554e+04 3.368e+02 2.143e+02
|            ( QUESTION2_0_L -1 -6.775e+03 1.790e+02 3.400e+01
|                ( - -2.890e+03 1 0)
|                ( - -3.705e+03 2 0 QUESTION0 -1 1.308e+02 1.900e+01))
|            ( QUESTION2_14_L -1 -3.842e+04 4.618e+02 1.803e+02
|                ( QUESTION0_0_R 1 -3.818e+04 1.878e+02 1.793e+02
|                    ( - -3.081e+04 1 0)
|                    ( - -7.179e+03 1 0))
|                ( - 2.158e+02 1 0)))))
s>    ( QUESTION0_2_R 1 -1.545e+05 1.034e+03 7.313e+02
s>        ( QUESTION11 1 -8.849e+04 4.548e+02 4.282e+02
s>            ( - -3.216e+04 2 0 WDBNDRY_E 0 1.719e+02 1.546e+02)
s>            ( - -5.588e+04 1 0))
s>        ( QUESTION0_6_R 1 -6.500e+04 4.245e+02 3.031e+02
s>            ( - -1.904e+04 1 0)
s>            ( WDBNDRY_B 0 -4.554e+04 3.368e+02 2.143e+02
s>                ( QUESTION2_0_L -1 -6.775e+03 1.790e+02 3.400e+01
s>                    ( - -2.890e+03 1 0)
s>                    ( - -3.705e+03 2 0 QUESTION0 -1 1.308e+02 1.900e+01))
s>                ( QUESTION2_14_L -1 -3.842e+04 4.618e+02 1.803e+02
s>                    ( QUESTION0_0_R 1 -3.818e+04 1.878e+02 1.793e+02
s>                        ( - -3.081e+04 1 0)
s>                        ( - -7.179e+03 1 0))
s>                    ( - 2.158e+02 1 0)))))INFO: dtree.c(1478): Final simple tree
|( QUESTION0_0_R 1 -1.172e+05 7.612e+02 5.357e+02
|    ( WDBNDRY_S 0 -6.673e+04 4.696e+02 3.148e+02
|        ( - 2.413e+02 1 0)
|        ( WDBNDRY_E 0 -6.651e+04 3.048e+02 3.138e+02
|            ( - -2.443e+04 1 0)
|            ( QUESTION0_1_R 1 -4.177e+04 2.838e+02 1.944e+02
|                ( QUESTION11 1 -2.336e+04 2.247e+02 1.098e+02
|                    ( - -5.011e+02 1 0)
|                    ( - -2.263e+04 2 0 QUESTION0_2_R 1 2.005e+02 1.068e+02))
|                ( - -1.813e+04 2 0 QUESTION0_8_R 1 1.379e+02 8.464e+01))))
|    ( QUESTION20 -1 -4.974e+04 2.861e+02 2.209e+02
|        ( WDBNDRY_B 0 -4.139e+04 4.560e+02 1.829e+02
|            ( - -4.118e+04 1 0)
|            ( - 2.421e+02 1 0))
|        ( - -8.063e+03 4 0 QUESTION0_18_R 1 2.202e+02 3.801e+01)))
s>    ( QUESTION0_0_R 1 -1.172e+05 7.612e+02 5.357e+02
s>        ( WDBNDRY_S 0 -6.673e+04 4.696e+02 3.148e+02
s>            ( - 2.413e+02 1 0)
s>            ( WDBNDRY_E 0 -6.651e+04 3.048e+02 3.138e+02
s>                ( - -2.443e+04 1 0)
s>                ( QUESTION0_1_R 1 -4.177e+04 2.838e+02 1.944e+02
s>                    ( QUESTION11 1 -2.336e+04 2.247e+02 1.098e+02
s>                        ( - -5.011e+02 1 0)
s>                        ( - -2.263e+04 2 0 QUESTION0_2_R 1 2.005e+02 1.068e+02))
s>                    ( - -1.813e+04 2 0 QUESTION0_8_R 1 1.379e+02 8.464e+01))))
s>        ( QUESTION20 -1 -4.974e+04 2.861e+02 2.209e+02
s>            ( WDBNDRY_B 0 -4.139e+04 4.560e+02 1.829e+02
s>                ( - -4.118e+04 1 0)
s>                ( - 2.421e+02 1 0))
s>            ( - -8.063e+03 4 0 QUESTION0_18_R 1 2.202e+02 3.801e+01)))INFO: dtree.c(1315): Comp split 12
INFO: dtree.c(1439): stop. leaf nodes are specific
INFO: dtree.c(1478): Final simple tree
|( WDBNDRY_B 0 -1.709e+05 6.594e+02 8.539e+02
|    ( - -1.218e+05 1 0)
|    ( - -4.839e+04 1 0))
s>    ( WDBNDRY_B 0 -1.709e+05 6.594e+02 8.539e+02
s>        ( - -1.218e+05 1 0)
s>        ( - -4.839e+04 1 0))INFO: dtree.c(1439): stop. leaf nodes are specific
INFO: dtree.c(1478): Final simple tree
|( WDBNDRY_B 0 -1.031e+05 4.759e+02 4.951e+02
|    ( QUESTION2_14_L -1 -1.029e+05 2.819e+02 4.941e+02
|        ( - -7.456e+04 1 0)
|        ( QUESTION2_0_L -1 -2.807e+04 1.873e+02 1.338e+02
|            ( QUESTION14 1 -1.869e+04 1.389e+02 8.983e+01
|                ( - -5.716e+03 1 0)
|                ( - -1.284e+04 1 0))
|            ( QUESTION0_14_R 1 -9.193e+03 1.638e+02 4.401e+01
|                ( - -6.346e+03 2 0)
|                ( - -2.683e+03 1 0))))
|    ( - 2.419e+02 1 0))
s>    ( WDBNDRY_B 0 -1.031e+05 4.759e+02 4.951e+02
s>        ( QUESTION2_14_L -1 -1.029e+05 2.819e+02 4.941e+02
s>            ( - -7.456e+04 1 0)
s>            ( QUESTION2_0_L -1 -2.807e+04 1.873e+02 1.338e+02
s>                ( QUESTION14 1 -1.869e+04 1.389e+02 8.983e+01
s>                    ( - -5.716e+03 1 0)
s>                    ( - -1.284e+04 1 0))
s>                ( QUESTION0_14_R 1 -9.193e+03 1.638e+02 4.401e+01
s>                    ( - -6.346e+03 2 0)
s>                    ( - -2.683e+03 1 0))))
s>        ( - 2.419e+02 1 0))INFO: dtree.c(1315): Comp split 13
INFO: dtree.c(1439): stop. leaf nodes are specific
INFO: dtree.c(1478): Final simple tree
|( QUESTION1 -1 -1.998e+05 6.694e+02 9.772e+02
|    ( - -7.289e+04 1 0)
|    ( - -1.262e+05 2 0))
s>    ( QUESTION1 -1 -1.998e+05 6.694e+02 9.772e+02
s>        ( - -7.289e+04 1 0)
s>        ( - -1.262e+05 2 0))INFO: dtree.c(1478): Final simple tree
|( QUESTION4 -1 -1.778e+05 6.361e+02 8.503e+02
|    ( QUESTION16 1 -8.107e+04 3.775e+02 3.954e+02
|        ( - -3.684e+04 1 0)
|        ( - -4.385e+04 2 0 WDBNDRY_B 0 1.825e+02 2.146e+02))
|    ( QUESTION11 -1 -9.606e+04 4.819e+02 4.549e+02
|        ( - -5.315e+04 2 0 WDBNDRY_B 0 1.590e+02 2.560e+02)
|        ( QUESTION2_1_L -1 -4.243e+04 2.730e+02 1.989e+02
|            ( QUESTION2 -1 -2.802e+04 2.236e+02 1.323e+02
|                ( - -2.156e+03 2 0 WDBNDRY_B 0 2.019e+02 1.100e+01)
|                ( WDBNDRY_B 0 -2.564e+04 2.090e+02 1.213e+02
|                    ( - -2.441e+04 7 0 QUESTION1 -1 1.940e+02 1.153e+02)
|                    ( - -1.016e+03 1 0)))
|            ( WDBNDRY_B 0 -1.414e+04 2.210e+02 6.660e+01
|                ( - -1.105e+04 1 0)
|                ( - -2.870e+03 1 0)))))
s>    ( QUESTION4 -1 -1.778e+05 6.361e+02 8.503e+02
s>        ( QUESTION16 1 -8.107e+04 3.775e+02 3.954e+02
s>            ( - -3.684e+04 1 0)
s>            ( - -4.385e+04 2 0 WDBNDRY_B 0 1.825e+02 2.146e+02))
s>        ( QUESTION11 -1 -9.606e+04 4.819e+02 4.549e+02
s>            ( - -5.315e+04 2 0 WDBNDRY_B 0 1.590e+02 2.560e+02)
s>            ( QUESTION2_1_L -1 -4.243e+04 2.730e+02 1.989e+02
s>                ( QUESTION2 -1 -2.802e+04 2.236e+02 1.323e+02
s>                    ( - -2.156e+03 2 0 WDBNDRY_B 0 2.019e+02 1.100e+01)
s>                    ( WDBNDRY_B 0 -2.564e+04 2.090e+02 1.213e+02
s>                        ( - -2.441e+04 7 0 QUESTION1 -1 1.940e+02 1.153e+02)
s>                        ( - -1.016e+03 1 0)))
s>                ( WDBNDRY_B 0 -1.414e+04 2.210e+02 6.660e+01
s>                    ( - -1.105e+04 1 0)
s>                    ( - -2.870e+03 1 0)))))INFO: dtree.c(1315): Comp split 14
INFO: dtree.c(1439): stop. leaf nodes are specific
INFO: dtree.c(1478): Final simple tree
|( QUESTION0_6_R 1 -6.500e+04 4.245e+02 3.031e+02
|    ( - -1.904e+04 1 0)
|    ( WDBNDRY_B 0 -4.554e+04 3.368e+02 2.143e+02
|        ( QUESTION2_0_L -1 -6.775e+03 1.790e+02 3.400e+01
|            ( - -2.890e+03 1 0)
|            ( QUESTION0 -1 -3.705e+03 1.308e+02 1.900e+01
|                ( - -2.876e+03 1 0)
|                ( - -6.985e+02 1 0)))
|        ( QUESTION2_14_L -1 -3.842e+04 4.618e+02 1.803e+02
|            ( QUESTION0_0_R 1 -3.818e+04 1.878e+02 1.793e+02
|                ( - -3.081e+04 1 0)
|                ( - -7.179e+03 1 0))
|            ( - 2.158e+02 1 0))))
s>    ( QUESTION0_6_R 1 -6.500e+04 4.245e+02 3.031e+02
s>        ( - -1.904e+04 1 0)
s>        ( WDBNDRY_B 0 -4.554e+04 3.368e+02 2.143e+02
s>            ( QUESTION2_0_L -1 -6.775e+03 1.790e+02 3.400e+01
s>                ( - -2.890e+03 1 0)
s>                ( QUESTION0 -1 -3.705e+03 1.308e+02 1.900e+01
s>                    ( - -2.876e+03 1 0)
s>                    ( - -6.985e+02 1 0)))
s>            ( QUESTION2_14_L -1 -3.842e+04 4.618e+02 1.803e+02
s>                ( QUESTION0_0_R 1 -3.818e+04 1.878e+02 1.793e+02
s>                    ( - -3.081e+04 1 0)
s>                    ( - -7.179e+03 1 0))
s>                ( - 2.158e+02 1 0))))INFO: dtree.c(1439): stop. leaf nodes are specific
INFO: dtree.c(1478): Final simple tree
|( QUESTION11 1 -8.849e+04 4.548e+02 4.282e+02
|    ( WDBNDRY_E 0 -3.216e+04 1.719e+02 1.546e+02
|        ( - -2.876e+03 1 0)
|        ( - -2.911e+04 1 0))
|    ( - -5.588e+04 1 0))
s>    ( QUESTION11 1 -8.849e+04 4.548e+02 4.282e+02
s>        ( WDBNDRY_E 0 -3.216e+04 1.719e+02 1.546e+02
s>            ( - -2.876e+03 1 0)
s>            ( - -2.911e+04 1 0))
s>        ( - -5.588e+04 1 0))INFO: dtree.c(1315): Comp split 15
INFO: dtree.c(1439): stop. leaf nodes are specific
INFO: dtree.c(1478): Final simple tree
|( WDBNDRY_B 0 -1.994e+05 4.754e+02 9.520e+02
|    ( - -2.171e+04 1 0)
|    ( QUESTION17 1 -1.773e+05 4.353e+02 8.434e+02
|        ( - -2.346e+04 1 0)
|        ( QUESTION14 1 -1.534e+05 1.974e+02 7.275e+02
|            ( - -1.576e+03 1 0)
|            ( - -1.516e+05 2 0))))
s>    ( WDBNDRY_B 0 -1.994e+05 4.754e+02 9.520e+02
s>        ( - -2.171e+04 1 0)
s>        ( QUESTION17 1 -1.773e+05 4.353e+02 8.434e+02
s>            ( - -2.346e+04 1 0)
s>            ( QUESTION14 1 -1.534e+05 1.974e+02 7.275e+02
s>                ( - -1.576e+03 1 0)
s>                ( - -1.516e+05 2 0))))INFO: dtree.c(1315): Comp split 16
INFO: dtree.c(1439): stop. leaf nodes are specific
INFO: dtree.c(1478): Final simple tree
|( QUESTION14 1 -4.130e+05 6.345e+02 1.979e+03
|    ( QUESTION0_14_R 1 -1.829e+05 4.122e+02 8.745e+02
|        ( - -8.125e+04 2 0)
|        ( QUESTION0_0_R 1 -1.012e+05 2.821e+02 4.855e+02
|            ( - -4.319e+04 3 0)
|            ( - -5.772e+04 2 0)))
|    ( - -2.295e+05 4 0))
s>    ( QUESTION14 1 -4.130e+05 6.345e+02 1.979e+03
s>        ( QUESTION0_14_R 1 -1.829e+05 4.122e+02 8.745e+02
s>            ( - -8.125e+04 2 0)
s>            ( QUESTION0_0_R 1 -1.012e+05 2.821e+02 4.855e+02
s>                ( - -4.319e+04 3 0)
s>                ( - -5.772e+04 2 0)))
s>        ( - -2.295e+05 4 0))INFO: dtree.c(1439): stop. leaf nodes are specific
INFO: dtree.c(1478): Final simple tree
|( QUESTION0_0_R 1 -1.459e+05 1.587e+02 6.905e+02
|    ( - -4.372e+03 3 0)
|    ( - -1.414e+05 2 0))
s>    ( QUESTION0_0_R 1 -1.459e+05 1.587e+02 6.905e+02
s>        ( - -4.372e+03 3 0)
s>        ( - -1.414e+05 2 0))INFO: dtree.c(1315): Comp split 17
INFO: dtree.c(1439): stop. leaf nodes are specific
INFO: dtree.c(1478): Final simple tree
|( QUESTION0_7_R 1 -6.771e+04 4.821e+02 3.101e+02
|    ( QUESTION0_8_R 1 -3.678e+04 1.016e+02 1.665e+02
|        ( - -3.627e+04 2 0)
|        ( - -3.996e+02 1 0))
|    ( - -3.045e+04 2 0))
s>    ( QUESTION0_7_R 1 -6.771e+04 4.821e+02 3.101e+02
s>        ( QUESTION0_8_R 1 -3.678e+04 1.016e+02 1.665e+02
s>            ( - -3.627e+04 2 0)
s>            ( - -3.996e+02 1 0))
s>        ( - -3.045e+04 2 0))INFO: dtree.c(1439): stop. leaf nodes are specific
INFO: dtree.c(1478): Final simple tree
|( QUESTION0_1_R 1 -5.423e+04 2.454e+02 2.619e+02
|    ( - -2.933e+04 1 0)
|    ( - -2.465e+04 1 0))
s>    ( QUESTION0_1_R 1 -5.423e+04 2.454e+02 2.619e+02
s>        ( - -2.933e+04 1 0)
s>        ( - -2.465e+04 1 0))INFO: dtree.c(1315): Comp split 18
INFO: dtree.c(1439): stop. leaf nodes are specific
INFO: dtree.c(1478): Final simple tree
|( QUESTION20 -1 -5.043e+04 2.839e+02 2.239e+02
|    ( QUESTION0_0_R 1 -4.209e+04 1.971e+02 1.859e+02
|        ( - -5.011e+02 1 0)
|        ( WDBNDRY_B 0 -4.139e+04 4.560e+02 1.829e+02
|            ( - -4.118e+04 1 0)
|            ( - 2.421e+02 1 0)))
|    ( QUESTION0_18_R 1 -8.063e+03 2.202e+02 3.801e+01
|        ( QUESTION18 -1 -3.152e+03 1.521e+02 1.600e+01
|            ( - -1.125e+03 1 0)
|            ( - -1.874e+03 1 0))
|        ( WDBNDRY_B 0 -4.691e+03 1.849e+02 2.201e+01
|            ( - -3.036e+03 1 0)
|            ( - -1.470e+03 1 0))))
s>    ( QUESTION20 -1 -5.043e+04 2.839e+02 2.239e+02
s>        ( QUESTION0_0_R 1 -4.209e+04 1.971e+02 1.859e+02
s>            ( - -5.011e+02 1 0)
s>            ( WDBNDRY_B 0 -4.139e+04 4.560e+02 1.829e+02
s>                ( - -4.118e+04 1 0)
s>                ( - 2.421e+02 1 0)))
s>        ( QUESTION0_18_R 1 -8.063e+03 2.202e+02 3.801e+01
s>            ( QUESTION18 -1 -3.152e+03 1.521e+02 1.600e+01
s>                ( - -1.125e+03 1 0)
s>                ( - -1.874e+03 1 0))
s>            ( WDBNDRY_B 0 -4.691e+03 1.849e+02 2.201e+01
s>                ( - -3.036e+03 1 0)
s>                ( - -1.470e+03 1 0))))INFO: dtree.c(1439): stop. leaf nodes are specific
INFO: dtree.c(1478): Final simple tree
|( WDBNDRY_S 0 -6.601e+04 4.698e+02 3.118e+02
|    ( - 2.413e+02 1 0)
|    ( WDBNDRY_E 0 -6.578e+04 3.005e+02 3.108e+02
|        ( - -2.443e+04 1 0)
|        ( QUESTION0_1_R 1 -4.105e+04 2.865e+02 1.914e+02
|            ( QUESTION0_2_R 1 -2.263e+04 2.005e+02 1.068e+02
|                ( - -2.173e+04 1 0)
|                ( - -6.960e+02 1 0))
|            ( QUESTION0_8_R 1 -1.813e+04 1.379e+02 8.464e+01
|                ( - -1.749e+04 1 0)
|                ( - -5.027e+02 1 0)))))
s>    ( WDBNDRY_S 0 -6.601e+04 4.698e+02 3.118e+02
s>        ( - 2.413e+02 1 0)
s>        ( WDBNDRY_E 0 -6.578e+04 3.005e+02 3.108e+02
s>            ( - -2.443e+04 1 0)
s>            ( QUESTION0_1_R 1 -4.105e+04 2.865e+02 1.914e+02
s>                ( QUESTION0_2_R 1 -2.263e+04 2.005e+02 1.068e+02
s>                    ( - -2.173e+04 1 0)
s>                    ( - -6.960e+02 1 0))
s>                ( QUESTION0_8_R 1 -1.813e+04 1.379e+02 8.464e+01
s>                    ( - -1.749e+04 1 0)
s>                    ( - -5.027e+02 1 0)))))INFO: dtree.c(1315): Comp split 19
INFO: dtree.c(1439): stop. leaf nodes are specific
INFO: dtree.c(1478): Final simple tree
|( QUESTION14 1 -1.556e+05 4.672e+02 7.413e+02
|    ( QUESTION0_0_R 1 -3.247e+04 1.801e+02 1.538e+02
|        ( - -6.030e+02 1 0)
|        ( - -3.169e+04 1 0))
|    ( QUESTION0_14_R 1 -1.226e+05 2.131e+02 5.875e+02
|        ( QUESTION0 1 -1.197e+05 1.636e+02 5.735e+02
|            ( - -4.136e+03 2 0)
|            ( WDBNDRY_B 0 -1.154e+05 1.541e+02 5.522e+02
|                ( - -1.107e+05 3 0)
|                ( - -4.534e+03 1 0)))
|        ( - -2.753e+03 1 0)))
s>    ( QUESTION14 1 -1.556e+05 4.672e+02 7.413e+02
s>        ( QUESTION0_0_R 1 -3.247e+04 1.801e+02 1.538e+02
s>            ( - -6.030e+02 1 0)
s>            ( - -3.169e+04 1 0))
s>        ( QUESTION0_14_R 1 -1.226e+05 2.131e+02 5.875e+02
s>            ( QUESTION0 1 -1.197e+05 1.636e+02 5.735e+02
s>                ( - -4.136e+03 2 0)
s>                ( WDBNDRY_B 0 -1.154e+05 1.541e+02 5.522e+02
s>                    ( - -1.107e+05 3 0)
s>                    ( - -4.534e+03 1 0)))
s>            ( - -2.753e+03 1 0)))INFO: dtree.c(1439): stop. leaf nodes are specific
INFO: dtree.c(1478): Final simple tree
|( QUESTION0_19_R 1 -4.533e+05 5.611e+02 2.197e+03
|    ( - -4.827e+04 2 0)
|    ( WDBNDRY_B 0 -4.045e+05 3.480e+02 1.957e+03
|        ( QUESTION14 1 -2.579e+05 2.416e+02 1.253e+03
|            ( - -1.367e+04 3 0)
|            ( - -2.440e+05 2 0))
|        ( QUESTION0_14_R 1 -1.463e+05 1.836e+02 7.039e+02
|            ( - -1.438e+05 2 0)
|            ( - -2.306e+03 2 0))))
s>    ( QUESTION0_19_R 1 -4.533e+05 5.611e+02 2.197e+03
s>        ( - -4.827e+04 2 0)
s>        ( WDBNDRY_B 0 -4.045e+05 3.480e+02 1.957e+03
s>            ( QUESTION14 1 -2.579e+05 2.416e+02 1.253e+03
s>                ( - -1.367e+04 3 0)
s>                ( - -2.440e+05 2 0))
s>            ( QUESTION0_14_R 1 -1.463e+05 1.836e+02 7.039e+02
s>                ( - -1.438e+05 2 0)
s>                ( - -2.306e+03 2 0))))INFO: dtree.c(1315): Comp split 20
INFO: dtree.c(1478): Final simple tree
|( QUESTION0 -1 -3.386e+05 5.999e+02 1.642e+03
|    ( - -8.189e+04 1 0)
|    ( WDBNDRY_I 0 -2.561e+05 4.479e+02 1.235e+03
|        ( QUESTION20 -1 -1.506e+05 3.072e+02 7.309e+02
|            ( - -9.580e+04 2 0)
|            ( QUESTION18 -1 -5.451e+04 3.069e+02 2.622e+02
|                ( - -8.420e+03 2 0)
|                ( - -4.578e+04 1 0)))
|        ( QUESTION14 1 -1.051e+05 2.093e+02 5.040e+02
|            ( - -6.433e+03 1 0)
|            ( QUESTION20 -1 -9.844e+04 1.790e+02 4.710e+02
|                ( WDBNDRY_B 0 -6.870e+03 1.688e+02 3.347e+01
|                    ( - -5.870e+03 2 0)
|                    ( - -8.313e+02 1 0))
|                ( - -9.139e+04 2 0)))))
s>    ( QUESTION0 -1 -3.386e+05 5.999e+02 1.642e+03
s>        ( - -8.189e+04 1 0)
s>        ( WDBNDRY_I 0 -2.561e+05 4.479e+02 1.235e+03
s>            ( QUESTION20 -1 -1.506e+05 3.072e+02 7.309e+02
s>                ( - -9.580e+04 2 0)
s>                ( QUESTION18 -1 -5.451e+04 3.069e+02 2.622e+02
s>                    ( - -8.420e+03 2 0)
s>                    ( - -4.578e+04 1 0)))
s>            ( QUESTION14 1 -1.051e+05 2.093e+02 5.040e+02
s>                ( - -6.433e+03 1 0)
s>                ( QUESTION20 -1 -9.844e+04 1.790e+02 4.710e+02
s>                    ( WDBNDRY_B 0 -6.870e+03 1.688e+02 3.347e+01
s>                        ( - -5.870e+03 2 0)
s>                        ( - -8.313e+02 1 0))
s>                    ( - -9.139e+04 2 0)))))INFO: dtree.c(1315): Comp split 21
INFO: dtree.c(1315): Comp split 22
INFO: dtree.c(1315): Comp split 23
INFO: dtree.c(1439): stop. leaf nodes are specific
INFO: dtree.c(1478): Final simple tree
|( QUESTION2_14_L -1 -7.003e+04 2.845e+02 3.255e+02
|    ( QUESTION0 1 -3.508e+04 2.572e+02 1.617e+02
|        ( - -3.371e+03 1 0)
|        ( - -3.145e+04 1 0))
|    ( - -3.466e+04 2 0))
s>    ( QUESTION2_14_L -1 -7.003e+04 2.845e+02 3.255e+02
s>        ( QUESTION0 1 -3.508e+04 2.572e+02 1.617e+02
s>            ( - -3.371e+03 1 0)
s>            ( - -3.145e+04 1 0))
s>        ( - -3.466e+04 2 0))INFO: dtree.c(1478): Final simple tree
|( QUESTION16 1 -1.147e+05 3.627e+02 5.338e+02
|    ( QUESTION2_14_L -1 -4.753e+04 2.661e+02 2.178e+02
|        ( - -7.370e+03 2 0 QUESTION2_15_L -1 1.474e+02 3.591e+01)
|        ( WDBNDRY_B 0 -3.989e+04 2.251e+02 1.819e+02
|            ( - -2.206e+04 4 0)
|            ( - -1.761e+04 3 0)))
|    ( QUESTION15 1 -6.678e+04 2.468e+02 3.161e+02
|        ( QUESTION2_17_L -1 -4.736e+04 1.861e+02 2.221e+02
|            ( - -4.846e+03 1 0)
|            ( QUESTION2_14_L -1 -4.233e+04 1.623e+02 1.982e+02
|                ( - -4.299e+03 1 0)
|                ( - -3.787e+04 4 0)))
|        ( QUESTION0 1 -1.917e+04 1.888e+02 9.393e+01
|            ( - -7.839e+03 2 0)
|            ( - -1.114e+04 2 0))))
s>    ( QUESTION16 1 -1.147e+05 3.627e+02 5.338e+02
s>        ( QUESTION2_14_L -1 -4.753e+04 2.661e+02 2.178e+02
s>            ( - -7.370e+03 2 0 QUESTION2_15_L -1 1.474e+02 3.591e+01)
s>            ( WDBNDRY_B 0 -3.989e+04 2.251e+02 1.819e+02
s>                ( - -2.206e+04 4 0)
s>                ( - -1.761e+04 3 0)))
s>        ( QUESTION15 1 -6.678e+04 2.468e+02 3.161e+02
s>            ( QUESTION2_17_L -1 -4.736e+04 1.861e+02 2.221e+02
s>                ( - -4.846e+03 1 0)
s>                ( QUESTION2_14_L -1 -4.233e+04 1.623e+02 1.982e+02
s>                    ( - -4.299e+03 1 0)
s>                    ( - -3.787e+04 4 0)))
s>            ( QUESTION0 1 -1.917e+04 1.888e+02 9.393e+01
s>                ( - -7.839e+03 2 0)
s>                ( - -1.114e+04 2 0))))INFO: dtree.c(1315): Comp split 24
INFO: dtree.c(1439): stop. leaf nodes are specific
INFO: dtree.c(1478): Final simple tree
|( QUESTION2_7_L -1 -8.228e+04 3.831e+02 4.014e+02
|    ( - -3.684e+04 1 0)
|    ( QUESTION4 -1 -4.506e+04 1.898e+02 2.206e+02
|        ( WDBNDRY_B 0 -4.385e+04 1.825e+02 2.146e+02
|            ( - -5.774e+03 1 0)
|            ( - -3.790e+04 1 0))
|        ( - -1.016e+03 1 0)))
s>    ( QUESTION2_7_L -1 -8.228e+04 3.831e+02 4.014e+02
s>        ( - -3.684e+04 1 0)
s>        ( QUESTION4 -1 -4.506e+04 1.898e+02 2.206e+02
s>            ( WDBNDRY_B 0 -4.385e+04 1.825e+02 2.146e+02
s>                ( - -5.774e+03 1 0)
s>                ( - -3.790e+04 1 0))
s>            ( - -1.016e+03 1 0)))INFO: dtree.c(1478): Final simple tree
|( QUESTION11 -1 -9.485e+04 4.977e+02 4.489e+02
|    ( - -5.315e+04 2 0 WDBNDRY_B 0 1.590e+02 2.560e+02)
|    ( QUESTION2_7_L -1 -4.120e+04 2.774e+02 1.929e+02
|        ( QUESTION0 1 -1.843e+04 2.124e+02 8.736e+01
|            ( - -4.306e+03 1 0)
|            ( - -1.391e+04 3 0 QUESTION1 -1 1.310e+02 6.600e+01))
|        ( QUESTION1 -1 -2.250e+04 2.089e+02 1.056e+02
|            ( WDBNDRY_B 0 -8.148e+03 1.938e+02 3.898e+01
|                ( QUESTION0 1 -7.444e+03 1.918e+02 3.598e+01
|                    ( - -1.094e+03 1 0)
|                    ( - -6.158e+03 3 0 QUESTION2 -1 1.683e+02 2.998e+01))
|                ( - -5.099e+02 1 0))
|            ( WDBNDRY_B 0 -1.414e+04 2.210e+02 6.660e+01
|                ( - -1.105e+04 1 0)
|                ( - -2.870e+03 1 0)))))
s>    ( QUESTION11 -1 -9.485e+04 4.977e+02 4.489e+02
s>        ( - -5.315e+04 2 0 WDBNDRY_B 0 1.590e+02 2.560e+02)
s>        ( QUESTION2_7_L -1 -4.120e+04 2.774e+02 1.929e+02
s>            ( QUESTION0 1 -1.843e+04 2.124e+02 8.736e+01
s>                ( - -4.306e+03 1 0)
s>                ( - -1.391e+04 3 0 QUESTION1 -1 1.310e+02 6.600e+01))
s>            ( QUESTION1 -1 -2.250e+04 2.089e+02 1.056e+02
s>                ( WDBNDRY_B 0 -8.148e+03 1.938e+02 3.898e+01
s>                    ( QUESTION0 1 -7.444e+03 1.918e+02 3.598e+01
s>                        ( - -1.094e+03 1 0)
s>                        ( - -6.158e+03 3 0 QUESTION2 -1 1.683e+02 2.998e+01))
s>                    ( - -5.099e+02 1 0))
s>                ( WDBNDRY_B 0 -1.414e+04 2.210e+02 6.660e+01
s>                    ( - -1.105e+04 1 0)
s>                    ( - -2.870e+03 1 0)))))INFO: dtree.c(1315): Comp split 25
INFO: dtree.c(1439): stop. leaf nodes are specific
INFO: dtree.c(1478): Final simple tree
|( QUESTION0_14_R 1 -1.829e+05 4.122e+02 8.745e+02
|    ( - -8.125e+04 2 0)
|    ( QUESTION0_0_R 1 -1.012e+05 2.821e+02 4.855e+02
|        ( - -4.319e+04 3 0)
|        ( - -5.772e+04 2 0)))
s>    ( QUESTION0_14_R 1 -1.829e+05 4.122e+02 8.745e+02
s>        ( - -8.125e+04 2 0)
s>        ( QUESTION0_0_R 1 -1.012e+05 2.821e+02 4.855e+02
s>            ( - -4.319e+04 3 0)
s>            ( - -5.772e+04 2 0)))INFO: dtree.c(1315): Comp split 26
INFO: dtree.c(1439): stop. leaf nodes are specific
INFO: dtree.c(1478): Final simple tree
|( QUESTION14 1 -1.534e+05 1.974e+02 7.275e+02
|    ( - -1.576e+03 1 0)
|    ( - -1.516e+05 2 0))
s>    ( QUESTION14 1 -1.534e+05 1.974e+02 7.275e+02
s>        ( - -1.576e+03 1 0)
s>        ( - -1.516e+05 2 0))INFO: dtree.c(1439): stop. leaf nodes are specific
INFO: dtree.c(1478): Final simple tree
|( WDBNDRY_B 0 -4.545e+04 2.874e+02 2.245e+02
|    ( - -2.171e+04 1 0)
|    ( - -2.346e+04 1 0))
s>    ( WDBNDRY_B 0 -4.545e+04 2.874e+02 2.245e+02
s>        ( - -2.171e+04 1 0)
s>        ( - -2.346e+04 1 0))INFO: dtree.c(1315): Comp split 27
INFO: dtree.c(1439): stop. leaf nodes are specific
INFO: dtree.c(1478): Final simple tree
|( WDBNDRY_B 0 -1.599e+05 3.308e+02 7.662e+02
|    ( QUESTION14 1 -1.041e+05 2.093e+02 4.991e+02
|        ( - -6.433e+03 1 0)
|        ( QUESTION20 -1 -9.744e+04 1.779e+02 4.661e+02
|            ( - -5.870e+03 2 0)
|            ( - -9.139e+04 2 0)))
|    ( QUESTION18 -1 -5.551e+04 3.063e+02 2.672e+02
|        ( - -8.420e+03 2 0)
|        ( WDBNDRY_S 0 -4.678e+04 1.689e+02 2.254e+02
|            ( - -8.313e+02 1 0)
|            ( - -4.578e+04 1 0))))
s>    ( WDBNDRY_B 0 -1.599e+05 3.308e+02 7.662e+02
s>        ( QUESTION14 1 -1.041e+05 2.093e+02 4.991e+02
s>            ( - -6.433e+03 1 0)
s>            ( QUESTION20 -1 -9.744e+04 1.779e+02 4.661e+02
s>                ( - -5.870e+03 2 0)
s>                ( - -9.139e+04 2 0)))
s>        ( QUESTION18 -1 -5.551e+04 3.063e+02 2.672e+02
s>            ( - -8.420e+03 2 0)
s>            ( WDBNDRY_S 0 -4.678e+04 1.689e+02 2.254e+02
s>                ( - -8.313e+02 1 0)
s>                ( - -4.578e+04 1 0))))INFO: dtree.c(1439): stop. leaf nodes are specific
INFO: dtree.c(1478): Final simple tree
|( QUESTION0 -1 -1.781e+05 4.197e+02 8.755e+02
|    ( - -8.189e+04 1 0)
|    ( - -9.580e+04 2 0))
s>    ( QUESTION0 -1 -1.781e+05 4.197e+02 8.755e+02
s>        ( - -8.189e+04 1 0)
s>        ( - -9.580e+04 2 0))INFO: dtree.c(1315): Comp split 28
INFO: dtree.c(1439): stop. leaf nodes are specific
INFO: dtree.c(1478): Final simple tree
|( QUESTION0 -1 -9.154e+04 3.158e+02 4.338e+02
|    ( - -8.926e+03 2 0)
|    ( QUESTION18 -1 -8.230e+04 1.951e+02 3.929e+02
|        ( - -9.429e+03 1 0)
|        ( WDBNDRY_B 0 -7.268e+04 1.825e+02 3.462e+02
|            ( QUESTION14 1 -5.928e+04 1.311e+02 2.842e+02
|                ( - -9.047e+02 1 0)
|                ( - -5.824e+04 1 0))
|            ( QUESTION14 1 -1.321e+04 1.984e+02 6.196e+01
|                ( - -1.193e+04 1 0)
|                ( - -1.086e+03 1 0)))))
s>    ( QUESTION0 -1 -9.154e+04 3.158e+02 4.338e+02
s>        ( - -8.926e+03 2 0)
s>        ( QUESTION18 -1 -8.230e+04 1.951e+02 3.929e+02
s>            ( - -9.429e+03 1 0)
s>            ( WDBNDRY_B 0 -7.268e+04 1.825e+02 3.462e+02
s>                ( QUESTION14 1 -5.928e+04 1.311e+02 2.842e+02
s>                    ( - -9.047e+02 1 0)
s>                    ( - -5.824e+04 1 0))
s>                ( QUESTION14 1 -1.321e+04 1.984e+02 6.196e+01
s>                    ( - -1.193e+04 1 0)
s>                    ( - -1.086e+03 1 0)))))INFO: dtree.c(1315): Comp split 29
INFO: dtree.c(1315): Comp split 30
INFO: dtree.c(1439): stop. leaf nodes are specific
INFO: dtree.c(1478): Final simple tree
|( WDBNDRY_B 0 -4.045e+05 3.480e+02 1.957e+03
|    ( QUESTION14 1 -2.579e+05 2.416e+02 1.253e+03
|        ( - -1.367e+04 3 0)
|        ( - -2.440e+05 2 0))
|    ( QUESTION0_14_R 1 -1.463e+05 1.836e+02 7.039e+02
|        ( - -1.438e+05 2 0)
|        ( - -2.306e+03 2 0)))
s>    ( WDBNDRY_B 0 -4.045e+05 3.480e+02 1.957e+03
s>        ( QUESTION14 1 -2.579e+05 2.416e+02 1.253e+03
s>            ( - -1.367e+04 3 0)
s>            ( - -2.440e+05 2 0))
s>        ( QUESTION0_14_R 1 -1.463e+05 1.836e+02 7.039e+02
s>            ( - -1.438e+05 2 0)
s>            ( - -2.306e+03 2 0)))INFO: dtree.c(1315): Comp split 31
INFO: dtree.c(1439): stop. leaf nodes are specific
INFO: dtree.c(1478): Final simple tree
|( QUESTION0 1 -5.442e+04 1.714e+02 2.620e+02
|    ( - -1.094e+03 1 0)
|    ( WDBNDRY_B 0 -5.315e+04 1.590e+02 2.560e+02
|        ( - -5.168e+04 1 0)
|        ( - -1.311e+03 1 0)))
s>    ( QUESTION0 1 -5.442e+04 1.714e+02 2.620e+02
s>        ( - -1.094e+03 1 0)
s>        ( WDBNDRY_B 0 -5.315e+04 1.590e+02 2.560e+02
s>            ( - -5.168e+04 1 0)
s>            ( - -1.311e+03 1 0)))INFO: dtree.c(1478): Final simple tree
|( QUESTION2_7_L -1 -3.992e+04 2.846e+02 1.869e+02
|    ( QUESTION0 1 -1.843e+04 2.124e+02 8.736e+01
|        ( - -4.306e+03 1 0)
|        ( QUESTION1 -1 -1.391e+04 1.310e+02 6.600e+01
|            ( - -6.050e+03 1 0)
|            ( - -7.726e+03 2 0 QUESTION16 1 1.130e+02 3.700e+01)))
|    ( QUESTION1 -1 -2.121e+04 2.086e+02 9.958e+01
|        ( WDBNDRY_B 0 -6.860e+03 1.922e+02 3.298e+01
|            ( QUESTION2 -1 -6.158e+03 1.683e+02 2.998e+01
|                ( - -1.444e+03 1 0)
|                ( - -4.546e+03 2 0))
|            ( - -5.099e+02 1 0))
|        ( WDBNDRY_B 0 -1.414e+04 2.210e+02 6.660e+01
|            ( - -1.105e+04 1 0)
|            ( - -2.870e+03 1 0))))
s>    ( QUESTION2_7_L -1 -3.992e+04 2.846e+02 1.869e+02
s>        ( QUESTION0 1 -1.843e+04 2.124e+02 8.736e+01
s>            ( - -4.306e+03 1 0)
s>            ( QUESTION1 -1 -1.391e+04 1.310e+02 6.600e+01
s>                ( - -6.050e+03 1 0)
s>                ( - -7.726e+03 2 0 QUESTION16 1 1.130e+02 3.700e+01)))
s>        ( QUESTION1 -1 -2.121e+04 2.086e+02 9.958e+01
s>            ( WDBNDRY_B 0 -6.860e+03 1.922e+02 3.298e+01
s>                ( QUESTION2 -1 -6.158e+03 1.683e+02 2.998e+01
s>                    ( - -1.444e+03 1 0)
s>                    ( - -4.546e+03 2 0))
s>                ( - -5.099e+02 1 0))
s>            ( WDBNDRY_B 0 -1.414e+04 2.210e+02 6.660e+01
s>                ( - -1.105e+04 1 0)
s>                ( - -2.870e+03 1 0))))INFO: dtree.c(1315): Comp split 32
INFO: dtree.c(1439): stop. leaf nodes are specific
INFO: dtree.c(1478): Final simple tree
|( QUESTION0_8_R 1 -3.678e+04 1.016e+02 1.665e+02
|    ( - -3.627e+04 2 0)
|    ( - -3.996e+02 1 0))
s>    ( QUESTION0_8_R 1 -3.678e+04 1.016e+02 1.665e+02
s>        ( - -3.627e+04 2 0)
s>        ( - -3.996e+02 1 0))INFO: dtree.c(1315): Comp split 33
INFO: dtree.c(1439): stop. leaf nodes are specific
INFO: dtree.c(1478): Final simple tree
|( QUESTION2_14_L -1 -1.029e+05 2.819e+02 4.941e+02
|    ( - -7.456e+04 1 0)
|    ( QUESTION2_0_L -1 -2.807e+04 1.873e+02 1.338e+02
|        ( QUESTION14 1 -1.869e+04 1.389e+02 8.983e+01
|            ( - -5.716e+03 1 0)
|            ( - -1.284e+04 1 0))
|        ( QUESTION0_14_R 1 -9.193e+03 1.638e+02 4.401e+01
|            ( - -6.346e+03 2 0)
|            ( - -2.683e+03 1 0))))
s>    ( QUESTION2_14_L -1 -1.029e+05 2.819e+02 4.941e+02
s>        ( - -7.456e+04 1 0)
s>        ( QUESTION2_0_L -1 -2.807e+04 1.873e+02 1.338e+02
s>            ( QUESTION14 1 -1.869e+04 1.389e+02 8.983e+01
s>                ( - -5.716e+03 1 0)
s>                ( - -1.284e+04 1 0))
s>            ( QUESTION0_14_R 1 -9.193e+03 1.638e+02 4.401e+01
s>                ( - -6.346e+03 2 0)
s>                ( - -2.683e+03 1 0))))INFO: dtree.c(1315): Comp split 34
INFO: dtree.c(1439): stop. leaf nodes are specific
INFO: dtree.c(1478): Final simple tree
|( QUESTION0_14_R 1 -1.234e+05 2.396e+02 5.905e+02
|    ( QUESTION0 1 -1.197e+05 1.636e+02 5.735e+02
|        ( - -4.136e+03 2 0)
|        ( WDBNDRY_B 0 -1.154e+05 1.541e+02 5.522e+02
|            ( - -1.107e+05 3 0)
|            ( - -4.534e+03 1 0)))
|    ( WDBNDRY_B 0 -3.504e+03 1.486e+02 1.699e+01
|        ( - -2.753e+03 1 0)
|        ( - -6.030e+02 1 0)))
s>    ( QUESTION0_14_R 1 -1.234e+05 2.396e+02 5.905e+02
s>        ( QUESTION0 1 -1.197e+05 1.636e+02 5.735e+02
s>            ( - -4.136e+03 2 0)
s>            ( WDBNDRY_B 0 -1.154e+05 1.541e+02 5.522e+02
s>                ( - -1.107e+05 3 0)
s>                ( - -4.534e+03 1 0)))
s>        ( WDBNDRY_B 0 -3.504e+03 1.486e+02 1.699e+01
s>            ( - -2.753e+03 1 0)
s>            ( - -6.030e+02 1 0)))INFO: dtree.c(1315): Comp split 35
INFO: dtree.c(1439): stop. leaf nodes are specific
INFO: dtree.c(1478): Final simple tree
|( WDBNDRY_E 0 -6.578e+04 3.005e+02 3.108e+02
|    ( - -2.443e+04 1 0)
|    ( QUESTION0_1_R 1 -4.105e+04 2.865e+02 1.914e+02
|        ( QUESTION0_2_R 1 -2.263e+04 2.005e+02 1.068e+02
|            ( - -2.173e+04 1 0)
|            ( - -6.960e+02 1 0))
|        ( QUESTION0_8_R 1 -1.813e+04 1.379e+02 8.464e+01
|            ( - -1.749e+04 1 0)
|            ( - -5.027e+02 1 0))))
s>    ( WDBNDRY_E 0 -6.578e+04 3.005e+02 3.108e+02
s>        ( - -2.443e+04 1 0)
s>        ( QUESTION0_1_R 1 -4.105e+04 2.865e+02 1.914e+02
s>            ( QUESTION0_2_R 1 -2.263e+04 2.005e+02 1.068e+02
s>                ( - -2.173e+04 1 0)
s>                ( - -6.960e+02 1 0))
s>            ( QUESTION0_8_R 1 -1.813e+04 1.379e+02 8.464e+01
s>                ( - -1.749e+04 1 0)
s>                ( - -5.027e+02 1 0))))INFO: dtree.c(1315): Comp split 36
INFO: dtree.c(1439): stop. leaf nodes are specific
INFO: dtree.c(1478): Final simple tree
|( QUESTION0_6_R 1 -6.476e+04 4.260e+02 3.021e+02
|    ( - -1.904e+04 1 0)
|    ( WDBNDRY_B 0 -4.529e+04 3.369e+02 2.133e+02
|        ( QUESTION2_0_L -1 -6.775e+03 1.790e+02 3.400e+01
|            ( - -2.890e+03 1 0)
|            ( QUESTION0 -1 -3.705e+03 1.308e+02 1.900e+01
|                ( - -2.876e+03 1 0)
|                ( - -6.985e+02 1 0)))
|        ( QUESTION0_0_R 1 -3.818e+04 1.878e+02 1.793e+02
|            ( - -3.081e+04 1 0)
|            ( - -7.179e+03 1 0))))
s>    ( QUESTION0_6_R 1 -6.476e+04 4.260e+02 3.021e+02
s>        ( - -1.904e+04 1 0)
s>        ( WDBNDRY_B 0 -4.529e+04 3.369e+02 2.133e+02
s>            ( QUESTION2_0_L -1 -6.775e+03 1.790e+02 3.400e+01
s>                ( - -2.890e+03 1 0)
s>                ( QUESTION0 -1 -3.705e+03 1.308e+02 1.900e+01
s>                    ( - -2.876e+03 1 0)
s>                    ( - -6.985e+02 1 0)))
s>            ( QUESTION0_0_R 1 -3.818e+04 1.878e+02 1.793e+02
s>                ( - -3.081e+04 1 0)
s>                ( - -7.179e+03 1 0))))INFO: dtree.c(1315): Comp split 37
INFO: dtree.c(1439): stop. leaf nodes are specific
INFO: dtree.c(1478): Final simple tree
|( QUESTION20 -1 -5.022e+04 2.832e+02 2.229e+02
|    ( WDBNDRY_B 0 -4.187e+04 1.970e+02 1.849e+02
|        ( - -4.118e+04 1 0)
|        ( - -5.011e+02 1 0))
|    ( QUESTION0_18_R 1 -8.063e+03 2.202e+02 3.801e+01
|        ( QUESTION18 -1 -3.152e+03 1.521e+02 1.600e+01
|            ( - -1.125e+03 1 0)
|            ( - -1.874e+03 1 0))
|        ( WDBNDRY_B 0 -4.691e+03 1.849e+02 2.201e+01
|            ( - -3.036e+03 1 0)
|            ( - -1.470e+03 1 0))))
s>    ( QUESTION20 -1 -5.022e+04 2.832e+02 2.229e+02
s>        ( WDBNDRY_B 0 -4.187e+04 1.970e+02 1.849e+02
s>            ( - -4.118e+04 1 0)
s>            ( - -5.011e+02 1 0))
s>        ( QUESTION0_18_R 1 -8.063e+03 2.202e+02 3.801e+01
s>            ( QUESTION18 -1 -3.152e+03 1.521e+02 1.600e+01
s>                ( - -1.125e+03 1 0)
s>                ( - -1.874e+03 1 0))
s>            ( WDBNDRY_B 0 -4.691e+03 1.849e+02 2.201e+01
s>                ( - -3.036e+03 1 0)
s>                ( - -1.470e+03 1 0))))INFO: dtree.c(1315): Comp split 38
INFO: dtree.c(1439): stop. leaf nodes are specific
INFO: dtree.c(1478): Final simple tree
|( WDBNDRY_E 0 -3.216e+04 1.719e+02 1.546e+02
|    ( - -2.876e+03 1 0)
|    ( - -2.911e+04 1 0))
s>    ( WDBNDRY_E 0 -3.216e+04 1.719e+02 1.546e+02
s>        ( - -2.876e+03 1 0)
s>        ( - -2.911e+04 1 0))INFO: dtree.c(1315): Comp split 39
INFO: dtree.c(1439): stop. leaf nodes are specific
INFO: dtree.c(1478): Final simple tree
|( WDBNDRY_B 0 -3.989e+04 2.251e+02 1.819e+02
|    ( - -2.206e+04 4 0)
|    ( - -1.761e+04 3 0))
s>    ( WDBNDRY_B 0 -3.989e+04 2.251e+02 1.819e+02
s>        ( - -2.206e+04 4 0)
s>        ( - -1.761e+04 3 0))INFO: dtree.c(1439): stop. leaf nodes are specific
INFO: dtree.c(1478): Final simple tree
|( QUESTION17 1 -7.434e+04 2.731e+02 3.520e+02
|    ( QUESTION2_17_L -1 -4.736e+04 1.861e+02 2.221e+02
|        ( - -4.846e+03 1 0)
|        ( QUESTION2_14_L -1 -4.233e+04 1.623e+02 1.982e+02
|            ( - -4.299e+03 1 0)
|            ( - -3.787e+04 4 0)))
|    ( QUESTION0 1 -2.670e+04 1.948e+02 1.298e+02
|        ( - -7.839e+03 2 0)
|        ( QUESTION2_15_L -1 -1.867e+04 1.886e+02 8.987e+01
|            ( QUESTION14 1 -1.282e+04 1.131e+02 6.196e+01
|                ( - -1.114e+04 2 0)
|                ( - -1.561e+03 1 0))
|            ( - -5.661e+03 1 0))))
s>    ( QUESTION17 1 -7.434e+04 2.731e+02 3.520e+02
s>        ( QUESTION2_17_L -1 -4.736e+04 1.861e+02 2.221e+02
s>            ( - -4.846e+03 1 0)
s>            ( QUESTION2_14_L -1 -4.233e+04 1.623e+02 1.982e+02
s>                ( - -4.299e+03 1 0)
s>                ( - -3.787e+04 4 0)))
s>        ( QUESTION0 1 -2.670e+04 1.948e+02 1.298e+02
s>            ( - -7.839e+03 2 0)
s>            ( QUESTION2_15_L -1 -1.867e+04 1.886e+02 8.987e+01
s>                ( QUESTION14 1 -1.282e+04 1.131e+02 6.196e+01
s>                    ( - -1.114e+04 2 0)
s>                    ( - -1.561e+03 1 0))
s>                ( - -5.661e+03 1 0))))INFO: dtree.c(1315): Comp split 40
INFO: dtree.c(1439): stop. leaf nodes are specific
INFO: dtree.c(1478): Final simple tree
|( WDBNDRY_B 0 -4.529e+04 3.369e+02 2.133e+02
|    ( QUESTION2_0_L -1 -6.775e+03 1.790e+02 3.400e+01
|        ( - -2.890e+03 1 0)
|        ( QUESTION0 -1 -3.705e+03 1.308e+02 1.900e+01
|            ( - -2.876e+03 1 0)
|            ( - -6.985e+02 1 0)))
|    ( QUESTION0_0_R 1 -3.818e+04 1.878e+02 1.793e+02
|        ( - -3.081e+04 1 0)
|        ( - -7.179e+03 1 0)))
s>    ( WDBNDRY_B 0 -4.529e+04 3.369e+02 2.133e+02
s>        ( QUESTION2_0_L -1 -6.775e+03 1.790e+02 3.400e+01
s>            ( - -2.890e+03 1 0)
s>            ( QUESTION0 -1 -3.705e+03 1.308e+02 1.900e+01
s>                ( - -2.876e+03 1 0)
s>                ( - -6.985e+02 1 0)))
s>        ( QUESTION0_0_R 1 -3.818e+04 1.878e+02 1.793e+02
s>            ( - -3.081e+04 1 0)
s>            ( - -7.179e+03 1 0)))INFO: dtree.c(1315): Comp split 41
INFO: dtree.c(1315): Comp split 42
INFO: dtree.c(1439): stop. leaf nodes are specific
INFO: dtree.c(1478): Final simple tree
|( WDBNDRY_S 0 -4.678e+04 1.689e+02 2.254e+02
|    ( - -8.313e+02 1 0)
|    ( - -4.578e+04 1 0))
s>    ( WDBNDRY_S 0 -4.678e+04 1.689e+02 2.254e+02
s>        ( - -8.313e+02 1 0)
s>        ( - -4.578e+04 1 0))INFO: dtree.c(1439): stop. leaf nodes are specific
INFO: dtree.c(1478): Final simple tree
|( QUESTION2_14_L -1 -1.127e+05 2.609e+02 5.408e+02
|    ( QUESTION14 1 -2.107e+04 1.763e+02 1.033e+02
|        ( - -6.433e+03 1 0)
|        ( WDBNDRY_B 0 -1.446e+04 1.686e+02 7.026e+01
|            ( - -5.870e+03 2 0)
|            ( - -8.420e+03 2 0)))
|    ( - -9.139e+04 2 0))
s>    ( QUESTION2_14_L -1 -1.127e+05 2.609e+02 5.408e+02
s>        ( QUESTION14 1 -2.107e+04 1.763e+02 1.033e+02
s>            ( - -6.433e+03 1 0)
s>            ( WDBNDRY_B 0 -1.446e+04 1.686e+02 7.026e+01
s>                ( - -5.870e+03 2 0)
s>                ( - -8.420e+03 2 0)))
s>        ( - -9.139e+04 2 0))INFO: dtree.c(1315): Comp split 43
INFO: dtree.c(1439): stop. leaf nodes are specific
INFO: dtree.c(1478): Final simple tree
|( QUESTION0_0_R 1 -1.012e+05 2.821e+02 4.855e+02
|    ( - -4.319e+04 3 0)
|    ( - -5.772e+04 2 0))
s>    ( QUESTION0_0_R 1 -1.012e+05 2.821e+02 4.855e+02
s>        ( - -4.319e+04 3 0)
s>        ( - -5.772e+04 2 0))INFO: dtree.c(1315): Comp split 44
INFO: dtree.c(1439): stop. leaf nodes are specific
INFO: dtree.c(1478): Final simple tree
|( QUESTION14 1 -7.622e+04 2.448e+02 3.513e+02
|    ( - -6.834e+03 1 0)
|    ( QUESTION0 1 -6.914e+04 1.637e+02 3.200e+02
|        ( - -3.095e+03 1 0)
|        ( QUESTION16 1 -6.588e+04 1.610e+02 3.060e+02
|            ( - -4.752e+02 1 0)
|            ( - -6.525e+04 1 0))))
s>    ( QUESTION14 1 -7.622e+04 2.448e+02 3.513e+02
s>        ( - -6.834e+03 1 0)
s>        ( QUESTION0 1 -6.914e+04 1.637e+02 3.200e+02
s>            ( - -3.095e+03 1 0)
s>            ( QUESTION16 1 -6.588e+04 1.610e+02 3.060e+02
s>                ( - -4.752e+02 1 0)
s>                ( - -6.525e+04 1 0))))INFO: dtree.c(1439): stop. leaf nodes are specific
INFO: dtree.c(1478): Final simple tree
|( QUESTION20 -1 -5.429e+04 3.412e+02 2.541e+02
|    ( - -4.660e+04 1 0)
|    ( - -7.346e+03 1 0))
s>    ( QUESTION20 -1 -5.429e+04 3.412e+02 2.541e+02
s>        ( - -4.660e+04 1 0)
s>        ( - -7.346e+03 1 0))INFO: dtree.c(1315): Comp split 45
INFO: dtree.c(1439): stop. leaf nodes are specific
INFO: dtree.c(1478): Final simple tree
|( QUESTION4 -1 -4.506e+04 1.898e+02 2.206e+02
|    ( WDBNDRY_B 0 -4.385e+04 1.825e+02 2.146e+02
|        ( - -5.774e+03 1 0)
|        ( - -3.790e+04 1 0))
|    ( - -1.016e+03 1 0))
s>    ( QUESTION4 -1 -4.506e+04 1.898e+02 2.206e+02
s>        ( WDBNDRY_B 0 -4.385e+04 1.825e+02 2.146e+02
s>            ( - -5.774e+03 1 0)
s>            ( - -3.790e+04 1 0))
s>        ( - -1.016e+03 1 0))INFO: dtree.c(1315): Comp split 46
INFO: dtree.c(1439): stop. leaf nodes are specific
INFO: dtree.c(1478): Final simple tree
|( WDBNDRY_B 0 -1.602e+05 2.264e+02 7.688e+02
|    ( - -1.367e+04 3 0)
|    ( QUESTION0_14_R 1 -1.463e+05 1.836e+02 7.039e+02
|        ( - -1.438e+05 2 0)
|        ( - -2.306e+03 2 0)))
s>    ( WDBNDRY_B 0 -1.602e+05 2.264e+02 7.688e+02
s>        ( - -1.367e+04 3 0)
s>        ( QUESTION0_14_R 1 -1.463e+05 1.836e+02 7.039e+02
s>            ( - -1.438e+05 2 0)
s>            ( - -2.306e+03 2 0)))INFO: dtree.c(1315): Comp split 47
INFO: dtree.c(1439): stop. leaf nodes are specific
INFO: dtree.c(1478): Final simple tree
|( QUESTION1 -1 -1.269e+04 1.943e+02 6.060e+01
|    ( - -1.444e+03 1 0)
|    ( - -1.105e+04 1 0))
s>    ( QUESTION1 -1 -1.269e+04 1.943e+02 6.060e+01
s>        ( - -1.444e+03 1 0)
s>        ( - -1.105e+04 1 0))INFO: dtree.c(1439): stop. leaf nodes are specific
INFO: dtree.c(1478): Final simple tree
|( QUESTION0 1 -2.688e+04 2.151e+02 1.263e+02
|    ( - -4.306e+03 1 0)
|    ( QUESTION2 -1 -2.236e+04 2.070e+02 1.050e+02
|        ( - -5.099e+02 1 0)
|        ( WDBNDRY_B 0 -2.164e+04 1.617e+02 1.020e+02
|            ( QUESTION1 -1 -1.861e+04 1.585e+02 8.798e+01
|                ( QUESTION6 -1 -1.073e+04 1.300e+02 5.098e+01
|                    ( - -4.546e+03 2 0)
|                    ( - -6.050e+03 1 0))
|                ( QUESTION16 1 -7.726e+03 1.130e+02 3.700e+01
|                    ( - -2.418e+03 1 0)
|                    ( - -5.196e+03 1 0)))
|            ( - -2.870e+03 1 0))))
s>    ( QUESTION0 1 -2.688e+04 2.151e+02 1.263e+02
s>        ( - -4.306e+03 1 0)
s>        ( QUESTION2 -1 -2.236e+04 2.070e+02 1.050e+02
s>            ( - -5.099e+02 1 0)
s>            ( WDBNDRY_B 0 -2.164e+04 1.617e+02 1.020e+02
s>                ( QUESTION1 -1 -1.861e+04 1.585e+02 8.798e+01
s>                    ( QUESTION6 -1 -1.073e+04 1.300e+02 5.098e+01
s>                        ( - -4.546e+03 2 0)
s>                        ( - -6.050e+03 1 0))
s>                    ( QUESTION16 1 -7.726e+03 1.130e+02 3.700e+01
s>                        ( - -2.418e+03 1 0)
s>                        ( - -5.196e+03 1 0)))
s>                ( - -2.870e+03 1 0))))INFO: dtree.c(1315): Comp split 48
INFO: dtree.c(1315): Comp split 49
INFO: dtree.c(1439): stop. leaf nodes are specific
INFO: dtree.c(1478): Final simple tree
|( QUESTION2_0_L -1 -6.775e+03 1.790e+02 3.400e+01
|    ( - -2.890e+03 1 0)
|    ( QUESTION0 -1 -3.705e+03 1.308e+02 1.900e+01
|        ( - -2.876e+03 1 0)
|        ( - -6.985e+02 1 0)))
s>    ( QUESTION2_0_L -1 -6.775e+03 1.790e+02 3.400e+01
s>        ( - -2.890e+03 1 0)
s>        ( QUESTION0 -1 -3.705e+03 1.308e+02 1.900e+01
s>            ( - -2.876e+03 1 0)
s>            ( - -6.985e+02 1 0)))INFO: dtree.c(1439): stop. leaf nodes are specific
INFO: dtree.c(1478): Final simple tree
|( QUESTION0_0_R 1 -3.818e+04 1.878e+02 1.793e+02
|    ( - -3.081e+04 1 0)
|    ( - -7.179e+03 1 0))
s>    ( QUESTION0_0_R 1 -3.818e+04 1.878e+02 1.793e+02
s>        ( - -3.081e+04 1 0)
s>        ( - -7.179e+03 1 0))INFO: dtree.c(1315): Comp split 50
INFO: dtree.c(1439): stop. leaf nodes are specific
INFO: dtree.c(1478): Final simple tree
|( QUESTION18 -1 -8.230e+04 1.951e+02 3.929e+02
|    ( - -9.429e+03 1 0)
|    ( WDBNDRY_B 0 -7.268e+04 1.825e+02 3.462e+02
|        ( QUESTION14 1 -5.928e+04 1.311e+02 2.842e+02
|            ( - -9.047e+02 1 0)
|            ( - -5.824e+04 1 0))
|        ( QUESTION14 1 -1.321e+04 1.984e+02 6.196e+01
|            ( - -1.193e+04 1 0)
|            ( - -1.086e+03 1 0))))
s>    ( QUESTION18 -1 -8.230e+04 1.951e+02 3.929e+02
s>        ( - -9.429e+03 1 0)
s>        ( WDBNDRY_B 0 -7.268e+04 1.825e+02 3.462e+02
s>            ( QUESTION14 1 -5.928e+04 1.311e+02 2.842e+02
s>                ( - -9.047e+02 1 0)
s>                ( - -5.824e+04 1 0))
s>            ( QUESTION14 1 -1.321e+04 1.984e+02 6.196e+01
s>                ( - -1.193e+04 1 0)
s>                ( - -1.086e+03 1 0))))INFO: dtree.c(1315): Comp split 51
INFO: dtree.c(1439): stop. leaf nodes are specific
INFO: dtree.c(1478): Final simple tree
|( QUESTION0 1 -3.114e+04 2.047e+02 1.500e+02
|    ( - -7.839e+03 2 0)
|    ( QUESTION2_17_L -1 -2.309e+04 1.855e+02 1.100e+02
|        ( - -5.661e+03 1 0)
|        ( QUESTION17 1 -1.725e+04 1.307e+02 8.212e+01
|            ( - -4.299e+03 1 0)
|            ( QUESTION14 1 -1.282e+04 1.131e+02 6.196e+01
|                ( - -1.114e+04 2 0)
|                ( - -1.561e+03 1 0)))))
s>    ( QUESTION0 1 -3.114e+04 2.047e+02 1.500e+02
s>        ( - -7.839e+03 2 0)
s>        ( QUESTION2_17_L -1 -2.309e+04 1.855e+02 1.100e+02
s>            ( - -5.661e+03 1 0)
s>            ( QUESTION17 1 -1.725e+04 1.307e+02 8.212e+01
s>                ( - -4.299e+03 1 0)
s>                ( QUESTION14 1 -1.282e+04 1.131e+02 6.196e+01
s>                    ( - -1.114e+04 2 0)
s>                    ( - -1.561e+03 1 0)))))INFO: dtree.c(1439): stop. leaf nodes are specific
INFO: dtree.c(1478): Final simple tree
|( QUESTION2_14_L -1 -4.290e+04 1.819e+02 2.020e+02
|    ( - -4.846e+03 1 0)
|    ( - -3.787e+04 4 0))
s>    ( QUESTION2_14_L -1 -4.290e+04 1.819e+02 2.020e+02
s>        ( - -4.846e+03 1 0)
s>        ( - -3.787e+04 4 0))INFO: dtree.c(1315): Comp split 52
INFO: dtree.c(1439): stop. leaf nodes are specific
INFO: dtree.c(1478): Final simple tree
|( QUESTION0_1_R 1 -4.105e+04 2.865e+02 1.914e+02
|    ( QUESTION0_2_R 1 -2.263e+04 2.005e+02 1.068e+02
|        ( - -2.173e+04 1 0)
|        ( - -6.960e+02 1 0))
|    ( QUESTION0_8_R 1 -1.813e+04 1.379e+02 8.464e+01
|        ( - -1.749e+04 1 0)
|        ( - -5.027e+02 1 0)))
s>    ( QUESTION0_1_R 1 -4.105e+04 2.865e+02 1.914e+02
s>        ( QUESTION0_2_R 1 -2.263e+04 2.005e+02 1.068e+02
s>            ( - -2.173e+04 1 0)
s>            ( - -6.960e+02 1 0))
s>        ( QUESTION0_8_R 1 -1.813e+04 1.379e+02 8.464e+01
s>            ( - -1.749e+04 1 0)
s>            ( - -5.027e+02 1 0)))INFO: dtree.c(1315): Comp split 53
INFO: dtree.c(1315): Comp split 54
INFO: dtree.c(1439): stop. leaf nodes are specific
INFO: dtree.c(1478): Final simple tree
|( QUESTION0_8_R 1 -1.813e+04 1.379e+02 8.464e+01
|    ( - -1.749e+04 1 0)
|    ( - -5.027e+02 1 0))
s>    ( QUESTION0_8_R 1 -1.813e+04 1.379e+02 8.464e+01
s>        ( - -1.749e+04 1 0)
s>        ( - -5.027e+02 1 0))INFO: dtree.c(1439): stop. leaf nodes are specific
INFO: dtree.c(1478): Final simple tree
|( QUESTION0_2_R 1 -2.263e+04 2.005e+02 1.068e+02
|    ( - -2.173e+04 1 0)
|    ( - -6.960e+02 1 0))
s>    ( QUESTION0_2_R 1 -2.263e+04 2.005e+02 1.068e+02
s>        ( - -2.173e+04 1 0)
s>        ( - -6.960e+02 1 0))INFO: dtree.c(1315): Comp split 55
INFO: dtree.c(1439): stop. leaf nodes are specific
INFO: dtree.c(1478): Final simple tree
|( QUESTION0 1 -3.508e+04 2.572e+02 1.617e+02
|    ( - -3.371e+03 1 0)
|    ( - -3.145e+04 1 0))
s>    ( QUESTION0 1 -3.508e+04 2.572e+02 1.617e+02
s>        ( - -3.371e+03 1 0)
s>        ( - -3.145e+04 1 0))INFO: dtree.c(1315): Comp split 56
INFO: dtree.c(1439): stop. leaf nodes are specific
INFO: dtree.c(1478): Final simple tree
|( QUESTION0_18_R 1 -8.063e+03 2.202e+02 3.801e+01
|    ( QUESTION18 -1 -3.152e+03 1.521e+02 1.600e+01
|        ( - -1.125e+03 1 0)
|        ( - -1.874e+03 1 0))
|    ( WDBNDRY_B 0 -4.691e+03 1.849e+02 2.201e+01
|        ( - -3.036e+03 1 0)
|        ( - -1.470e+03 1 0)))
s>    ( QUESTION0_18_R 1 -8.063e+03 2.202e+02 3.801e+01
s>        ( QUESTION18 -1 -3.152e+03 1.521e+02 1.600e+01
s>            ( - -1.125e+03 1 0)
s>            ( - -1.874e+03 1 0))
s>        ( WDBNDRY_B 0 -4.691e+03 1.849e+02 2.201e+01
s>            ( - -3.036e+03 1 0)
s>            ( - -1.470e+03 1 0)))INFO: dtree.c(1439): stop. leaf nodes are specific
INFO: dtree.c(1478): Final simple tree
|( WDBNDRY_B 0 -4.187e+04 1.970e+02 1.849e+02
|    ( - -4.118e+04 1 0)
|    ( - -5.011e+02 1 0))
s>    ( WDBNDRY_B 0 -4.187e+04 1.970e+02 1.849e+02
s>        ( - -4.118e+04 1 0)
s>        ( - -5.011e+02 1 0))INFO: dtree.c(1315): Comp split 57
INFO: dtree.c(1315): Comp split 58
INFO: dtree.c(1439): stop. leaf nodes are specific
INFO: dtree.c(1478): Final simple tree
|( QUESTION2_0_L -1 -2.807e+04 1.873e+02 1.338e+02
|    ( QUESTION14 1 -1.869e+04 1.389e+02 8.983e+01
|        ( - -5.716e+03 1 0)
|        ( - -1.284e+04 1 0))
|    ( QUESTION0_14_R 1 -9.193e+03 1.638e+02 4.401e+01
|        ( - -6.346e+03 2 0)
|        ( - -2.683e+03 1 0)))
s>    ( QUESTION2_0_L -1 -2.807e+04 1.873e+02 1.338e+02
s>        ( QUESTION14 1 -1.869e+04 1.389e+02 8.983e+01
s>            ( - -5.716e+03 1 0)
s>            ( - -1.284e+04 1 0))
s>        ( QUESTION0_14_R 1 -9.193e+03 1.638e+02 4.401e+01
s>            ( - -6.346e+03 2 0)
s>            ( - -2.683e+03 1 0)))INFO: dtree.c(1315): Comp split 59
INFO: dtree.c(1439): stop. leaf nodes are specific
INFO: dtree.c(1478): Final simple tree
|( QUESTION14 1 -2.107e+04 1.763e+02 1.033e+02
|    ( - -6.433e+03 1 0)
|    ( WDBNDRY_B 0 -1.446e+04 1.686e+02 7.026e+01
|        ( - -5.870e+03 2 0)
|        ( - -8.420e+03 2 0)))
s>    ( QUESTION14 1 -2.107e+04 1.763e+02 1.033e+02
s>        ( - -6.433e+03 1 0)
s>        ( WDBNDRY_B 0 -1.446e+04 1.686e+02 7.026e+01
s>            ( - -5.870e+03 2 0)
s>            ( - -8.420e+03 2 0)))INFO: dtree.c(1315): Comp split 60
INFO: dtree.c(1315): Comp split 61
INFO: dtree.c(1315): Comp split 62
INFO: dtree.c(1439): stop. leaf nodes are specific
INFO: dtree.c(1478): Final simple tree
|( QUESTION0 1 -6.914e+04 1.637e+02 3.200e+02
|    ( - -3.095e+03 1 0)
|    ( QUESTION16 1 -6.588e+04 1.610e+02 3.060e+02
|        ( - -4.752e+02 1 0)
|        ( - -6.525e+04 1 0)))
s>    ( QUESTION0 1 -6.914e+04 1.637e+02 3.200e+02
s>        ( - -3.095e+03 1 0)
s>        ( QUESTION16 1 -6.588e+04 1.610e+02 3.060e+02
s>            ( - -4.752e+02 1 0)
s>            ( - -6.525e+04 1 0)))INFO: dtree.c(1315): Comp split 63
INFO: dtree.c(1439): stop. leaf nodes are specific
INFO: dtree.c(1478): Final simple tree
|( WDBNDRY_B 0 -1.614e+04 1.693e+02 7.585e+01
|    ( - -1.367e+04 3 0)
|    ( - -2.306e+03 2 0))
s>    ( WDBNDRY_B 0 -1.614e+04 1.693e+02 7.585e+01
s>        ( - -1.367e+04 3 0)
s>        ( - -2.306e+03 2 0))INFO: dtree.c(1315): Comp split 64
INFO: dtree.c(1439): stop. leaf nodes are specific
INFO: dtree.c(1478): Final simple tree
|( QUESTION0 1 -1.197e+05 1.636e+02 5.735e+02
|    ( - -4.136e+03 2 0)
|    ( WDBNDRY_B 0 -1.154e+05 1.541e+02 5.522e+02
|        ( - -1.107e+05 3 0)
|        ( - -4.534e+03 1 0)))
s>    ( QUESTION0 1 -1.197e+05 1.636e+02 5.735e+02
s>        ( - -4.136e+03 2 0)
s>        ( WDBNDRY_B 0 -1.154e+05 1.541e+02 5.522e+02
s>            ( - -1.107e+05 3 0)
s>            ( - -4.534e+03 1 0)))INFO: dtree.c(1439): stop. leaf nodes are specific
INFO: dtree.c(1478): Final simple tree
|( WDBNDRY_B 0 -3.504e+03 1.486e+02 1.699e+01
|    ( - -2.753e+03 1 0)
|    ( - -6.030e+02 1 0))
s>    ( WDBNDRY_B 0 -3.504e+03 1.486e+02 1.699e+01
s>        ( - -2.753e+03 1 0)
s>        ( - -6.030e+02 1 0))INFO: dtree.c(1315): Comp split 65
INFO: dtree.c(1315): Comp split 66
INFO: dtree.c(1439): stop. leaf nodes are specific
INFO: dtree.c(1478): Final simple tree
|( WDBNDRY_B 0 -4.691e+03 1.849e+02 2.201e+01
|    ( - -3.036e+03 1 0)
|    ( - -1.470e+03 1 0))
s>    ( WDBNDRY_B 0 -4.691e+03 1.849e+02 2.201e+01
s>        ( - -3.036e+03 1 0)
s>        ( - -1.470e+03 1 0))INFO: dtree.c(1439): stop. leaf nodes are specific
INFO: dtree.c(1478): Final simple tree
|( QUESTION18 -1 -3.152e+03 1.521e+02 1.600e+01
|    ( - -1.125e+03 1 0)
|    ( - -1.874e+03 1 0))
s>    ( QUESTION18 -1 -3.152e+03 1.521e+02 1.600e+01
s>        ( - -1.125e+03 1 0)
s>        ( - -1.874e+03 1 0))INFO: dtree.c(1315): Comp split 67
INFO: dtree.c(1439): stop. leaf nodes are specific
INFO: dtree.c(1478): Final simple tree
|( QUESTION2 -1 -2.236e+04 2.070e+02 1.050e+02
|    ( - -5.099e+02 1 0)
|    ( WDBNDRY_B 0 -2.164e+04 1.617e+02 1.020e+02
|        ( QUESTION1 -1 -1.861e+04 1.585e+02 8.798e+01
|            ( QUESTION6 -1 -1.073e+04 1.300e+02 5.098e+01
|                ( - -4.546e+03 2 0)
|                ( - -6.050e+03 1 0))
|            ( QUESTION16 1 -7.726e+03 1.130e+02 3.700e+01
|                ( - -2.418e+03 1 0)
|                ( - -5.196e+03 1 0)))
|        ( - -2.870e+03 1 0)))
s>    ( QUESTION2 -1 -2.236e+04 2.070e+02 1.050e+02
s>        ( - -5.099e+02 1 0)
s>        ( WDBNDRY_B 0 -2.164e+04 1.617e+02 1.020e+02
s>            ( QUESTION1 -1 -1.861e+04 1.585e+02 8.798e+01
s>                ( QUESTION6 -1 -1.073e+04 1.300e+02 5.098e+01
s>                    ( - -4.546e+03 2 0)
s>                    ( - -6.050e+03 1 0))
s>                ( QUESTION16 1 -7.726e+03 1.130e+02 3.700e+01
s>                    ( - -2.418e+03 1 0)
s>                    ( - -5.196e+03 1 0)))
s>            ( - -2.870e+03 1 0)))INFO: dtree.c(1315): Comp split 68
INFO: dtree.c(1439): stop. leaf nodes are specific
INFO: dtree.c(1478): Final simple tree
|( WDBNDRY_B 0 -2.164e+04 1.617e+02 1.020e+02
|    ( QUESTION1 -1 -1.861e+04 1.585e+02 8.798e+01
|        ( QUESTION6 -1 -1.073e+04 1.300e+02 5.098e+01
|            ( - -4.546e+03 2 0)
|            ( - -6.050e+03 1 0))
|        ( QUESTION16 1 -7.726e+03 1.130e+02 3.700e+01
|            ( - -2.418e+03 1 0)
|            ( - -5.196e+03 1 0)))
|    ( - -2.870e+03 1 0))
s>    ( WDBNDRY_B 0 -2.164e+04 1.617e+02 1.020e+02
s>        ( QUESTION1 -1 -1.861e+04 1.585e+02 8.798e+01
s>            ( QUESTION6 -1 -1.073e+04 1.300e+02 5.098e+01
s>                ( - -4.546e+03 2 0)
s>                ( - -6.050e+03 1 0))
s>            ( QUESTION16 1 -7.726e+03 1.130e+02 3.700e+01
s>                ( - -2.418e+03 1 0)
s>                ( - -5.196e+03 1 0)))
s>        ( - -2.870e+03 1 0))INFO: dtree.c(1315): Comp split 69
INFO: dtree.c(1439): stop. leaf nodes are specific
INFO: dtree.c(1478): Final simple tree
|( QUESTION2_17_L -1 -2.309e+04 1.855e+02 1.100e+02
|    ( - -5.661e+03 1 0)
|    ( QUESTION17 1 -1.725e+04 1.307e+02 8.212e+01
|        ( - -4.299e+03 1 0)
|        ( QUESTION14 1 -1.282e+04 1.131e+02 6.196e+01
|            ( - -1.114e+04 2 0)
|            ( - -1.561e+03 1 0))))
s>    ( QUESTION2_17_L -1 -2.309e+04 1.855e+02 1.100e+02
s>        ( - -5.661e+03 1 0)
s>        ( QUESTION17 1 -1.725e+04 1.307e+02 8.212e+01
s>            ( - -4.299e+03 1 0)
s>            ( QUESTION14 1 -1.282e+04 1.131e+02 6.196e+01
s>                ( - -1.114e+04 2 0)
s>                ( - -1.561e+03 1 0))))INFO: dtree.c(1315): Comp split 70
INFO: dtree.c(1439): stop. leaf nodes are specific
INFO: dtree.c(1478): Final simple tree
|( QUESTION18 -1 -8.101e+04 1.955e+02 3.869e+02
|    ( - -9.429e+03 1 0)
|    ( WDBNDRY_B 0 -7.139e+04 1.773e+02 3.402e+02
|        ( QUESTION14 1 -5.928e+04 1.311e+02 2.842e+02
|            ( - -9.047e+02 1 0)
|            ( - -5.824e+04 1 0))
|        ( - -1.193e+04 1 0)))
s>    ( QUESTION18 -1 -8.101e+04 1.955e+02 3.869e+02
s>        ( - -9.429e+03 1 0)
s>        ( WDBNDRY_B 0 -7.139e+04 1.773e+02 3.402e+02
s>            ( QUESTION14 1 -5.928e+04 1.311e+02 2.842e+02
s>                ( - -9.047e+02 1 0)
s>                ( - -5.824e+04 1 0))
s>            ( - -1.193e+04 1 0)))INFO: dtree.c(1315): Comp split 71
INFO: dtree.c(1315): Comp split 72
INFO: dtree.c(1315): Comp split 73
INFO: dtree.c(1315): Comp split 74
INFO: dtree.c(1439): stop. leaf nodes are specific
INFO: dtree.c(1478): Final simple tree
|( WDBNDRY_B 0 -7.139e+04 1.773e+02 3.402e+02
|    ( QUESTION14 1 -5.928e+04 1.311e+02 2.842e+02
|        ( - -9.047e+02 1 0)
|        ( - -5.824e+04 1 0))
|    ( - -1.193e+04 1 0))
s>    ( WDBNDRY_B 0 -7.139e+04 1.773e+02 3.402e+02
s>        ( QUESTION14 1 -5.928e+04 1.311e+02 2.842e+02
s>            ( - -9.047e+02 1 0)
s>            ( - -5.824e+04 1 0))
s>        ( - -1.193e+04 1 0))INFO: dtree.c(1315): Comp split 75
INFO: dtree.c(1315): Comp split 76
INFO: dtree.c(1439): stop. leaf nodes are specific
INFO: dtree.c(1478): Final simple tree
|( WDBNDRY_B 0 -4.385e+04 1.825e+02 2.146e+02
|    ( - -5.774e+03 1 0)
|    ( - -3.790e+04 1 0))
s>    ( WDBNDRY_B 0 -4.385e+04 1.825e+02 2.146e+02
s>        ( - -5.774e+03 1 0)
s>        ( - -3.790e+04 1 0))INFO: dtree.c(1315): Comp split 77
INFO: dtree.c(1315): Comp split 78
INFO: dtree.c(1439): stop. leaf nodes are specific
INFO: dtree.c(1478): Final simple tree
|( QUESTION0_14_R 1 -9.193e+03 1.638e+02 4.401e+01
|    ( - -6.346e+03 2 0)
|    ( - -2.683e+03 1 0))
s>    ( QUESTION0_14_R 1 -9.193e+03 1.638e+02 4.401e+01
s>        ( - -6.346e+03 2 0)
s>        ( - -2.683e+03 1 0))INFO: dtree.c(1439): stop. leaf nodes are specific
INFO: dtree.c(1478): Final simple tree
|( QUESTION14 1 -1.869e+04 1.389e+02 8.983e+01
|    ( - -5.716e+03 1 0)
|    ( - -1.284e+04 1 0))
s>    ( QUESTION14 1 -1.869e+04 1.389e+02 8.983e+01
s>        ( - -5.716e+03 1 0)
s>        ( - -1.284e+04 1 0))INFO: dtree.c(1315): Comp split 79
INFO: dtree.c(1439): stop. leaf nodes are specific
INFO: dtree.c(1478): Final simple tree
|( QUESTION17 1 -1.725e+04 1.307e+02 8.212e+01
|    ( - -4.299e+03 1 0)
|    ( QUESTION14 1 -1.282e+04 1.131e+02 6.196e+01
|        ( - -1.114e+04 2 0)
|        ( - -1.561e+03 1 0)))
s>    ( QUESTION17 1 -1.725e+04 1.307e+02 8.212e+01
s>        ( - -4.299e+03 1 0)
s>        ( QUESTION14 1 -1.282e+04 1.131e+02 6.196e+01
s>            ( - -1.114e+04 2 0)
s>            ( - -1.561e+03 1 0)))INFO: dtree.c(1315): Comp split 80
INFO: dtree.c(1315): Comp split 81
INFO: dtree.c(1315): Comp split 82
INFO: dtree.c(1315): Comp split 83
INFO: dtree.c(1439): stop. leaf nodes are specific
INFO: dtree.c(1478): Final simple tree
|( QUESTION0 -1 -3.705e+03 1.308e+02 1.900e+01
|    ( - -2.876e+03 1 0)
|    ( - -6.985e+02 1 0))
s>    ( QUESTION0 -1 -3.705e+03 1.308e+02 1.900e+01
s>        ( - -2.876e+03 1 0)
s>        ( - -6.985e+02 1 0))INFO: dtree.c(1315): Comp split 84
INFO: dtree.c(1439): stop. leaf nodes are specific
INFO: dtree.c(1478): Final simple tree
|( QUESTION14 1 -5.928e+04 1.311e+02 2.842e+02
|    ( - -9.047e+02 1 0)
|    ( - -5.824e+04 1 0))
s>    ( QUESTION14 1 -5.928e+04 1.311e+02 2.842e+02
s>        ( - -9.047e+02 1 0)
s>        ( - -5.824e+04 1 0))INFO: dtree.c(1315): Comp split 85
INFO: dtree.c(1439): stop. leaf nodes are specific
INFO: dtree.c(1478): Final simple tree
|( WDBNDRY_B 0 -1.446e+04 1.686e+02 7.026e+01
|    ( - -5.870e+03 2 0)
|    ( - -8.420e+03 2 0))
s>    ( WDBNDRY_B 0 -1.446e+04 1.686e+02 7.026e+01
s>        ( - -5.870e+03 2 0)
s>        ( - -8.420e+03 2 0))INFO: dtree.c(1315): Comp split 86
INFO: dtree.c(1439): stop. leaf nodes are specific
INFO: dtree.c(1478): Final simple tree
|( WDBNDRY_B 0 -8.814e+03 1.443e+02 4.425e+01
|    ( - -4.136e+03 2 0)
|    ( - -4.534e+03 1 0))
s>    ( WDBNDRY_B 0 -8.814e+03 1.443e+02 4.425e+01
s>        ( - -4.136e+03 2 0)
s>        ( - -4.534e+03 1 0))INFO: dtree.c(1315): Comp split 87
INFO: dtree.c(1315): Comp split 88
INFO: dtree.c(1439): stop. leaf nodes are specific
INFO: dtree.c(1478): Final simple tree
|( WDBNDRY_B 0 -5.315e+04 1.590e+02 2.560e+02
|    ( - -5.168e+04 1 0)
|    ( - -1.311e+03 1 0))
s>    ( WDBNDRY_B 0 -5.315e+04 1.590e+02 2.560e+02
s>        ( - -5.168e+04 1 0)
s>        ( - -1.311e+03 1 0))INFO: dtree.c(1315): Comp split 89
INFO: dtree.c(1315): Comp split 90
INFO: dtree.c(1315): Comp split 91
INFO: dtree.c(1315): Comp split 92
INFO: dtree.c(1315): Comp split 93
INFO: dtree.c(1439): stop. leaf nodes are specific
INFO: dtree.c(1478): Final simple tree
|( QUESTION16 1 -6.588e+04 1.610e+02 3.060e+02
|    ( - -4.752e+02 1 0)
|    ( - -6.525e+04 1 0))
s>    ( QUESTION16 1 -6.588e+04 1.610e+02 3.060e+02
s>        ( - -4.752e+02 1 0)
s>        ( - -6.525e+04 1 0))INFO: dtree.c(1315): Comp split 94
INFO: dtree.c(1439): stop. leaf nodes are specific
INFO: dtree.c(1478): Final simple tree
|( QUESTION1 -1 -1.861e+04 1.585e+02 8.798e+01
|    ( QUESTION6 -1 -1.073e+04 1.300e+02 5.098e+01
|        ( - -4.546e+03 2 0)
|        ( - -6.050e+03 1 0))
|    ( QUESTION16 1 -7.726e+03 1.130e+02 3.700e+01
|        ( - -2.418e+03 1 0)
|        ( - -5.196e+03 1 0)))
s>    ( QUESTION1 -1 -1.861e+04 1.585e+02 8.798e+01
s>        ( QUESTION6 -1 -1.073e+04 1.300e+02 5.098e+01
s>            ( - -4.546e+03 2 0)
s>            ( - -6.050e+03 1 0))
s>        ( QUESTION16 1 -7.726e+03 1.130e+02 3.700e+01
s>            ( - -2.418e+03 1 0)
s>            ( - -5.196e+03 1 0)))INFO: dtree.c(1315): Comp split 95
INFO: dtree.c(1315): Comp split 96
INFO: dtree.c(1315): Comp split 97
INFO: dtree.c(1315): Comp split 98
INFO: dtree.c(1439): stop. leaf nodes are specific
INFO: dtree.c(1478): Final simple tree
|( QUESTION16 1 -7.726e+03 1.130e+02 3.700e+01
|    ( - -2.418e+03 1 0)
|    ( - -5.196e+03 1 0))
s>    ( QUESTION16 1 -7.726e+03 1.130e+02 3.700e+01
s>        ( - -2.418e+03 1 0)
s>        ( - -5.196e+03 1 0))INFO: dtree.c(1439): stop. leaf nodes are specific
INFO: dtree.c(1478): Final simple tree
|( QUESTION6 -1 -1.073e+04 1.300e+02 5.098e+01
|    ( - -4.546e+03 2 0)
|    ( - -6.050e+03 1 0))
s>    ( QUESTION6 -1 -1.073e+04 1.300e+02 5.098e+01
s>        ( - -4.546e+03 2 0)
s>        ( - -6.050e+03 1 0))INFO: dtree.c(1315): Comp split 99
INFO: dtree.c(1315): Comp split 100
INFO: dtree.c(1315): Comp split 101
INFO: dtree.c(1315): Comp split 102
INFO: dtree.c(1315): Comp split 103
INFO: dtree.c(1315): Comp split 104
INFO: dtree.c(1315): Comp split 105
INFO: dtree.c(1315): Comp split 106
INFO: dtree.c(1439): stop. leaf nodes are specific
INFO: dtree.c(1478): Final simple tree
|( QUESTION14 1 -1.282e+04 1.131e+02 6.196e+01
|    ( - -1.114e+04 2 0)
|    ( - -1.561e+03 1 0))
s>    ( QUESTION14 1 -1.282e+04 1.131e+02 6.196e+01
s>        ( - -1.114e+04 2 0)
s>        ( - -1.561e+03 1 0))INFO: dtree.c(1315): Comp split 107
INFO: dtree.c(1315): Comp split 108
INFO: dtree.c(1315): Comp split 109
INFO: dtree.c(1315): Comp split 110
INFO: dtree.c(1315): Comp split 111
INFO: dtree.c(1318): stop. leaf nodes are specific
Sun Mar 19 21:50:42 2017
