Current configuration:
[NAME]		[DEFLT]	[VALUE]
-allphones	no	no
-cntthresh	0.00001	1.000000e-05
-csplitmax	100	2000
-csplitmin	1	1
-csplitthr	8e-4	0.000000e+00
-example	no	no
-fullvar	no	no
-help		no	no
-meanfn			/home/ilya/Рабочий стол/lab_sphinx/ru_base/model_parameters/ru_base.cd_cont_untied/means
-mixwfn			/home/ilya/Рабочий стол/lab_sphinx/ru_base/model_parameters/ru_base.cd_cont_untied/mixture_weights
-moddeffn		/home/ilya/Рабочий стол/lab_sphinx/ru_base/model_architecture/ru_base.untied.mdef
-mwfloor	1e-4	1.000000e-08
-phone			mj
-psetfn			/home/ilya/Рабочий стол/lab_sphinx/ru_base/model_architecture/ru_base.tree_questions
-ssplitmax	5	7
-ssplitmin	1	1
-ssplitthr	8e-4	0.000000e+00
-state			0
-stwt			1.0,0.05,0.0,
-treefn			/home/ilya/Рабочий стол/lab_sphinx/ru_base/trees/ru_base.unpruned/mj-0.dtree
-ts2cbfn	.semi.	.cont.
-varfloor	0.00001	1.000000e-05
-varfn			/home/ilya/Рабочий стол/lab_sphinx/ru_base/model_parameters/ru_base.cd_cont_untied/variances

INFO: main.c(223): Reading: /home/ilya/Рабочий стол/lab_sphinx/ru_base/model_architecture/ru_base.untied.mdef
INFO: model_def_io.c(573): Model definition info:
INFO: model_def_io.c(574): 9415 total models defined (43 base, 9372 tri)
INFO: model_def_io.c(575): 37660 total states
INFO: model_def_io.c(576): 28245 total tied states
INFO: model_def_io.c(577): 129 total tied CI states
INFO: model_def_io.c(578): 43 total tied transition matrices
INFO: model_def_io.c(579): 4 max state/model
INFO: model_def_io.c(580): 4 min state/model
INFO: main.c(242): Building trees for [mj SIL e0 b] through [mj z e0 i]
INFO: main.c(269): Covering states |[14118 14312]| == 195
INFO: main.c(275): Reading: /home/ilya/Рабочий стол/lab_sphinx/ru_base/model_parameters/ru_base.cd_cont_untied/mixture_weights
INFO: s3mixw_io.c(173): Read /home/ilya/Рабочий стол/lab_sphinx/ru_base/model_parameters/ru_base.cd_cont_untied/mixture_weights [195x1x1 array]
INFO: main.c(311): 65 of 65 models have observation count greater than 0.000010
INFO: main.c(95): nrm stwt: 0.952 0.048 0.000 
INFO: s3gau_io.c(169): Read /home/ilya/Рабочий стол/lab_sphinx/ru_base/model_parameters/ru_base.cd_cont_untied/means [28245x1x1 array]
INFO: s3gau_io.c(169): Read /home/ilya/Рабочий стол/lab_sphinx/ru_base/model_parameters/ru_base.cd_cont_untied/variances [28245x1x1 array]
INFO: main.c(549): Reading: /home/ilya/Рабочий стол/lab_sphinx/ru_base/model_architecture/ru_base.tree_questions
INFO: main.c(588): 180 total simple questions (172 phone; 8 word bndry)
INFO: main.c(590): 42 Left Only questions, and 42 Right Only questions
INFO: dtree.c(1478): Final simple tree
|( QUESTION13 -1 -1.388e+06 8.594e+03 6.216e+03
|    ( QUESTION16 -1 -1.070e+06 3.991e+03 4.824e+03
|        ( - -5.163e+05 9 0 QUESTION20 1 5.999e+02 2.374e+03)
|        ( QUESTION14 -1 -5.498e+05 1.688e+03 2.450e+03
|            ( QUESTION2_16_L -1 -2.181e+05 1.182e+03 9.891e+02
|                ( - -1.323e+05 7 0 QUESTION2_17_L -1 5.099e+02 6.185e+02)
|                ( QUESTION2_14_L -1 -8.469e+04 7.996e+02 3.707e+02
|                    ( - -1.750e+04 2 0 WDBNDRY_B 0 4.603e+02 7.895e+01)
|                    ( - -6.639e+04 6 0 QUESTION20 1 7.575e+02 2.917e+02)))
|            ( WDBNDRY_E 0 -3.299e+05 9.384e+02 1.461e+03
|                ( - -5.354e+04 4 0 QUESTION0_13_R 1 6.076e+02 2.395e+02)
|                ( - -2.755e+05 15 0 QUESTION0_0_R 1 6.983e+02 1.222e+03))))
|    ( SILENCE -1 -3.091e+05 8.365e+02 1.391e+03
|        ( - -2.612e+04 2 0 QUESTION20 1 1.817e+02 1.117e+02)
|        ( - -2.821e+05 20 0 WDBNDRY_B 0 7.384e+02 1.280e+03)))
s>    ( QUESTION13 -1 -1.388e+06 8.594e+03 6.216e+03
s>        ( QUESTION16 -1 -1.070e+06 3.991e+03 4.824e+03
s>            ( - -5.163e+05 9 0 QUESTION20 1 5.999e+02 2.374e+03)
s>            ( QUESTION14 -1 -5.498e+05 1.688e+03 2.450e+03
s>                ( QUESTION2_16_L -1 -2.181e+05 1.182e+03 9.891e+02
s>                    ( - -1.323e+05 7 0 QUESTION2_17_L -1 5.099e+02 6.185e+02)
s>                    ( QUESTION2_14_L -1 -8.469e+04 7.996e+02 3.707e+02
s>                        ( - -1.750e+04 2 0 WDBNDRY_B 0 4.603e+02 7.895e+01)
s>                        ( - -6.639e+04 6 0 QUESTION20 1 7.575e+02 2.917e+02)))
s>                ( WDBNDRY_E 0 -3.299e+05 9.384e+02 1.461e+03
s>                    ( - -5.354e+04 4 0 QUESTION0_13_R 1 6.076e+02 2.395e+02)
s>                    ( - -2.755e+05 15 0 QUESTION0_0_R 1 6.983e+02 1.222e+03))))
s>        ( SILENCE -1 -3.091e+05 8.365e+02 1.391e+03
s>            ( - -2.612e+04 2 0 QUESTION20 1 1.817e+02 1.117e+02)
s>            ( - -2.821e+05 20 0 WDBNDRY_B 0 7.384e+02 1.280e+03)))INFO: dtree.c(1315): Comp split 0
INFO: dtree.c(1478): Final simple tree
|( QUESTION0 -1 -3.764e+05 9.765e+02 1.683e+03
|    ( WDBNDRY_B 0 -2.821e+05 7.384e+02 1.280e+03
|        ( QUESTION12 -1 -1.207e+05 6.061e+02 5.541e+02
|            ( - -3.084e+04 3 0 QUESTION2_1_L -1 1.849e+02 1.428e+02)
|            ( - -8.922e+04 6 0 QUESTION7 -1 4.674e+02 4.113e+02))
|        ( QUESTION2_7_L -1 -1.607e+05 4.958e+02 7.254e+02
|            ( - -5.217e+04 2 0 QUESTION1 -1 2.942e+02 2.322e+02)
|            ( QUESTION5 -1 -1.080e+05 4.996e+02 4.933e+02
|                ( - -7.513e+04 2 0)
|                ( - -3.242e+04 7 0 QUESTION11 -1 2.727e+02 1.473e+02))))
|    ( WDBNDRY_B 0 -9.326e+04 9.207e+02 4.035e+02
|        ( SILENCE -1 -6.496e+04 4.944e+02 2.787e+02
|            ( - -2.612e+04 2 0 QUESTION20 1 1.817e+02 1.117e+02)
|            ( - -3.834e+04 4 0 QUESTION20 1 2.586e+02 1.669e+02))
|        ( - -2.739e+04 2 0 QUESTION20 1 3.546e+02 1.248e+02)))
s>    ( QUESTION0 -1 -3.764e+05 9.765e+02 1.683e+03
s>        ( WDBNDRY_B 0 -2.821e+05 7.384e+02 1.280e+03
s>            ( QUESTION12 -1 -1.207e+05 6.061e+02 5.541e+02
s>                ( - -3.084e+04 3 0 QUESTION2_1_L -1 1.849e+02 1.428e+02)
s>                ( - -8.922e+04 6 0 QUESTION7 -1 4.674e+02 4.113e+02))
s>            ( QUESTION2_7_L -1 -1.607e+05 4.958e+02 7.254e+02
s>                ( - -5.217e+04 2 0 QUESTION1 -1 2.942e+02 2.322e+02)
s>                ( QUESTION5 -1 -1.080e+05 4.996e+02 4.933e+02
s>                    ( - -7.513e+04 2 0)
s>                    ( - -3.242e+04 7 0 QUESTION11 -1 2.727e+02 1.473e+02))))
s>        ( WDBNDRY_B 0 -9.326e+04 9.207e+02 4.035e+02
s>            ( SILENCE -1 -6.496e+04 4.944e+02 2.787e+02
s>                ( - -2.612e+04 2 0 QUESTION20 1 1.817e+02 1.117e+02)
s>                ( - -3.834e+04 4 0 QUESTION20 1 2.586e+02 1.669e+02))
s>            ( - -2.739e+04 2 0 QUESTION20 1 3.546e+02 1.248e+02)))INFO: dtree.c(1478): Final simple tree
|( QUESTION16 -1 -1.002e+06 3.485e+03 4.533e+03
|    ( QUESTION20 1 -5.163e+05 5.999e+02 2.374e+03
|        ( - -3.061e+05 3 0 WDBNDRY_B 0 5.089e+02 1.410e+03)
|        ( - -2.096e+05 6 0 WDBNDRY_B 0 5.234e+02 9.638e+02))
|    ( QUESTION2_17_L -1 -4.820e+05 1.740e+03 2.158e+03
|        ( - -1.034e+05 4 0 QUESTION0_14_R 1 4.352e+02 4.823e+02)
|        ( WDBNDRY_E 0 -3.769e+05 1.000e+03 1.676e+03
|            ( QUESTION0_13_R 1 -5.354e+04 6.076e+02 2.395e+02
|                ( - -2.105e+04 1 0)
|                ( - -3.189e+04 3 0 QUESTION0_6_R 1 3.049e+02 1.455e+02))
|            ( QUESTION0_0_R 1 -3.223e+05 7.123e+02 1.437e+03
|                ( - -2.093e+04 1 0)
|                ( QUESTION2_15_L -1 -3.007e+05 5.864e+02 1.343e+03
|                    ( - -1.750e+04 2 0 WDBNDRY_B 0 4.603e+02 7.895e+01)
|                    ( - -2.826e+05 17 0 QUESTION18 -1 5.040e+02 1.264e+03))))))
s>    ( QUESTION16 -1 -1.002e+06 3.485e+03 4.533e+03
s>        ( QUESTION20 1 -5.163e+05 5.999e+02 2.374e+03
s>            ( - -3.061e+05 3 0 WDBNDRY_B 0 5.089e+02 1.410e+03)
s>            ( - -2.096e+05 6 0 WDBNDRY_B 0 5.234e+02 9.638e+02))
s>        ( QUESTION2_17_L -1 -4.820e+05 1.740e+03 2.158e+03
s>            ( - -1.034e+05 4 0 QUESTION0_14_R 1 4.352e+02 4.823e+02)
s>            ( WDBNDRY_E 0 -3.769e+05 1.000e+03 1.676e+03
s>                ( QUESTION0_13_R 1 -5.354e+04 6.076e+02 2.395e+02
s>                    ( - -2.105e+04 1 0)
s>                    ( - -3.189e+04 3 0 QUESTION0_6_R 1 3.049e+02 1.455e+02))
s>                ( QUESTION0_0_R 1 -3.223e+05 7.123e+02 1.437e+03
s>                    ( - -2.093e+04 1 0)
s>                    ( QUESTION2_15_L -1 -3.007e+05 5.864e+02 1.343e+03
s>                        ( - -1.750e+04 2 0 WDBNDRY_B 0 4.603e+02 7.895e+01)
s>                        ( - -2.826e+05 17 0 QUESTION18 -1 5.040e+02 1.264e+03))))))INFO: dtree.c(1315): Comp split 1
INFO: dtree.c(1478): Final simple tree
|( WDBNDRY_E 0 -5.563e+05 8.869e+02 2.547e+03
|    ( - -2.105e+04 1 0)
|    ( QUESTION20 1 -5.344e+05 5.766e+02 2.453e+03
|        ( WDBNDRY_B 0 -3.063e+05 5.005e+02 1.411e+03
|            ( QUESTION14 -1 -2.515e+04 4.678e+02 1.164e+02
|                ( - 2.416e+02 1 0)
|                ( - -2.493e+04 1 0))
|            ( - -2.807e+05 2 0))
|        ( QUESTION14 -1 -2.275e+05 5.956e+02 1.042e+03
|            ( - -1.728e+04 1 0)
|            ( WDBNDRY_B 0 -2.096e+05 5.234e+02 9.638e+02
|                ( - -8.693e+04 2 0)
|                ( QUESTION0_14_R 1 -1.221e+05 1.622e+02 5.609e+02
|                    ( - -3.421e+03 2 0)
|                    ( - -1.186e+05 2 0))))))
s>    ( WDBNDRY_E 0 -5.563e+05 8.869e+02 2.547e+03
s>        ( - -2.105e+04 1 0)
s>        ( QUESTION20 1 -5.344e+05 5.766e+02 2.453e+03
s>            ( WDBNDRY_B 0 -3.063e+05 5.005e+02 1.411e+03
s>                ( QUESTION14 -1 -2.515e+04 4.678e+02 1.164e+02
s>                    ( - 2.416e+02 1 0)
s>                    ( - -2.493e+04 1 0))
s>                ( - -2.807e+05 2 0))
s>            ( QUESTION14 -1 -2.275e+05 5.956e+02 1.042e+03
s>                ( - -1.728e+04 1 0)
s>                ( WDBNDRY_B 0 -2.096e+05 5.234e+02 9.638e+02
s>                    ( - -8.693e+04 2 0)
s>                    ( QUESTION0_14_R 1 -1.221e+05 1.622e+02 5.609e+02
s>                        ( - -3.421e+03 2 0)
s>                        ( - -1.186e+05 2 0))))))INFO: dtree.c(1478): Final simple tree
|( QUESTION2_17_L -1 -4.419e+05 1.636e+03 1.986e+03
|    ( QUESTION0_14_R 1 -1.034e+05 4.352e+02 4.823e+02
|        ( - 1.810e+02 1 0)
|        ( - -1.031e+05 3 0 WDBNDRY_B 0 2.640e+02 4.813e+02))
|    ( QUESTION0_13_R 1 -3.369e+05 9.014e+02 1.503e+03
|        ( QUESTION18 -1 -2.826e+05 5.040e+02 1.264e+03
|            ( - -4.410e+04 3 0 QUESTION20 1 1.522e+02 2.000e+02)
|            ( QUESTION14 -1 -2.380e+05 4.007e+02 1.064e+03
|                ( QUESTION20 1 -2.836e+04 4.349e+02 1.362e+02
|                    ( - 2.119e+02 1 0)
|                    ( - -2.814e+04 2 0 WDBNDRY_B 0 2.740e+02 1.352e+02))
|                ( - -2.092e+05 11 0 WDBNDRY_B 0 3.265e+02 9.281e+02)))
|        ( QUESTION0_6_R 1 -5.339e+04 6.195e+02 2.390e+02
|            ( - -2.293e+04 1 0)
|            ( - -2.984e+04 3 0 SILENCE 1 2.970e+02 1.357e+02))))
s>    ( QUESTION2_17_L -1 -4.419e+05 1.636e+03 1.986e+03
s>        ( QUESTION0_14_R 1 -1.034e+05 4.352e+02 4.823e+02
s>            ( - 1.810e+02 1 0)
s>            ( - -1.031e+05 3 0 WDBNDRY_B 0 2.640e+02 4.813e+02))
s>        ( QUESTION0_13_R 1 -3.369e+05 9.014e+02 1.503e+03
s>            ( QUESTION18 -1 -2.826e+05 5.040e+02 1.264e+03
s>                ( - -4.410e+04 3 0 QUESTION20 1 1.522e+02 2.000e+02)
s>                ( QUESTION14 -1 -2.380e+05 4.007e+02 1.064e+03
s>                    ( QUESTION20 1 -2.836e+04 4.349e+02 1.362e+02
s>                        ( - 2.119e+02 1 0)
s>                        ( - -2.814e+04 2 0 WDBNDRY_B 0 2.740e+02 1.352e+02))
s>                    ( - -2.092e+05 11 0 WDBNDRY_B 0 3.265e+02 9.281e+02)))
s>            ( QUESTION0_6_R 1 -5.339e+04 6.195e+02 2.390e+02
s>                ( - -2.293e+04 1 0)
s>                ( - -2.984e+04 3 0 SILENCE 1 2.970e+02 1.357e+02))))INFO: dtree.c(1315): Comp split 2
INFO: dtree.c(1478): Final simple tree
|( QUESTION0_13_R 1 -3.369e+05 9.014e+02 1.503e+03
|    ( QUESTION18 -1 -2.826e+05 5.040e+02 1.264e+03
|        ( - -4.410e+04 3 0 QUESTION20 1 1.522e+02 2.000e+02)
|        ( QUESTION14 -1 -2.380e+05 4.007e+02 1.064e+03
|            ( QUESTION20 1 -2.836e+04 4.349e+02 1.362e+02
|                ( - 2.119e+02 1 0)
|                ( - -2.814e+04 2 0 WDBNDRY_B 0 2.740e+02 1.352e+02))
|            ( WDBNDRY_B 0 -2.092e+05 3.265e+02 9.281e+02
|                ( - -7.672e+04 4 0 QUESTION20 1 3.013e+02 3.343e+02)
|                ( QUESTION0_14_R 1 -1.322e+05 3.477e+02 5.938e+02
|                    ( - -1.888e+04 2 0 QUESTION20 -1 1.140e+02 8.580e+01)
|                    ( - -1.130e+05 5 0 QUESTION20 1 3.487e+02 5.080e+02)))))
|    ( QUESTION0_6_R 1 -5.339e+04 6.195e+02 2.390e+02
|        ( - -2.293e+04 1 0)
|        ( - -2.984e+04 3 0 SILENCE 1 2.970e+02 1.357e+02)))
s>    ( QUESTION0_13_R 1 -3.369e+05 9.014e+02 1.503e+03
s>        ( QUESTION18 -1 -2.826e+05 5.040e+02 1.264e+03
s>            ( - -4.410e+04 3 0 QUESTION20 1 1.522e+02 2.000e+02)
s>            ( QUESTION14 -1 -2.380e+05 4.007e+02 1.064e+03
s>                ( QUESTION20 1 -2.836e+04 4.349e+02 1.362e+02
s>                    ( - 2.119e+02 1 0)
s>                    ( - -2.814e+04 2 0 WDBNDRY_B 0 2.740e+02 1.352e+02))
s>                ( WDBNDRY_B 0 -2.092e+05 3.265e+02 9.281e+02
s>                    ( - -7.672e+04 4 0 QUESTION20 1 3.013e+02 3.343e+02)
s>                    ( QUESTION0_14_R 1 -1.322e+05 3.477e+02 5.938e+02
s>                        ( - -1.888e+04 2 0 QUESTION20 -1 1.140e+02 8.580e+01)
s>                        ( - -1.130e+05 5 0 QUESTION20 1 3.487e+02 5.080e+02)))))
s>        ( QUESTION0_6_R 1 -5.339e+04 6.195e+02 2.390e+02
s>            ( - -2.293e+04 1 0)
s>            ( - -2.984e+04 3 0 SILENCE 1 2.970e+02 1.357e+02)))INFO: dtree.c(1439): stop. leaf nodes are specific
INFO: dtree.c(1478): Final simple tree
|( QUESTION0_14_R 1 -1.034e+05 4.352e+02 4.823e+02
|    ( - 1.810e+02 1 0)
|    ( WDBNDRY_B 0 -1.031e+05 2.640e+02 4.813e+02
|        ( QUESTION20 1 -3.591e+04 2.871e+02 1.657e+02
|            ( - -1.311e+04 1 0)
|            ( - -2.251e+04 1 0))
|        ( - -6.696e+04 1 0)))
s>    ( QUESTION0_14_R 1 -1.034e+05 4.352e+02 4.823e+02
s>        ( - 1.810e+02 1 0)
s>        ( WDBNDRY_B 0 -1.031e+05 2.640e+02 4.813e+02
s>            ( QUESTION20 1 -3.591e+04 2.871e+02 1.657e+02
s>                ( - -1.311e+04 1 0)
s>                ( - -2.251e+04 1 0))
s>            ( - -6.696e+04 1 0)))INFO: dtree.c(1315): Comp split 3
INFO: dtree.c(1478): Final simple tree
|( QUESTION0 -1 -1.502e+05 7.835e+02 6.833e+02
|    ( QUESTION4 -1 -1.220e+05 5.736e+02 5.585e+02
|        ( WDBNDRY_B 0 -5.135e+04 2.233e+02 2.388e+02
|            ( - -2.777e+04 1 0)
|            ( - -2.336e+04 1 0))
|        ( QUESTION7 -1 -7.009e+04 4.222e+02 3.197e+02
|            ( - -3.851e+04 2 0 QUESTION20 1 1.574e+02 1.798e+02)
|            ( QUESTION2_20_L -1 -3.115e+04 2.965e+02 1.400e+02
|                ( - -7.005e+03 3 0 QUESTION0_14_R 1 1.678e+02 3.187e+01)
|                ( QUESTION20 1 -2.385e+04 1.736e+02 1.081e+02
|                    ( - -2.092e+04 2 0 WDBNDRY_B 0 1.957e+02 9.510e+01)
|                    ( - -2.755e+03 4 0 WDBNDRY_B 0 1.673e+02 1.300e+01)))))
|    ( QUESTION20 1 -2.739e+04 3.546e+02 1.248e+02
|        ( - -1.873e+04 1 0)
|        ( - -8.300e+03 1 0)))
s>    ( QUESTION0 -1 -1.502e+05 7.835e+02 6.833e+02
s>        ( QUESTION4 -1 -1.220e+05 5.736e+02 5.585e+02
s>            ( WDBNDRY_B 0 -5.135e+04 2.233e+02 2.388e+02
s>                ( - -2.777e+04 1 0)
s>                ( - -2.336e+04 1 0))
s>            ( QUESTION7 -1 -7.009e+04 4.222e+02 3.197e+02
s>                ( - -3.851e+04 2 0 QUESTION20 1 1.574e+02 1.798e+02)
s>                ( QUESTION2_20_L -1 -3.115e+04 2.965e+02 1.400e+02
s>                    ( - -7.005e+03 3 0 QUESTION0_14_R 1 1.678e+02 3.187e+01)
s>                    ( QUESTION20 1 -2.385e+04 1.736e+02 1.081e+02
s>                        ( - -2.092e+04 2 0 WDBNDRY_B 0 1.957e+02 9.510e+01)
s>                        ( - -2.755e+03 4 0 WDBNDRY_B 0 1.673e+02 1.300e+01)))))
s>        ( QUESTION20 1 -2.739e+04 3.546e+02 1.248e+02
s>            ( - -1.873e+04 1 0)
s>            ( - -8.300e+03 1 0)))INFO: dtree.c(1478): Final simple tree
|( QUESTION0 -1 -2.250e+05 9.434e+02 9.997e+02
|    ( QUESTION6 -1 -1.591e+05 4.915e+02 7.210e+02
|        ( - -7.513e+04 2 0)
|        ( WDBNDRY_B 0 -8.344e+04 4.246e+02 3.750e+02
|            ( QUESTION2_1_L -1 -3.084e+04 1.849e+02 1.428e+02
|                ( - -4.334e+03 1 0)
|                ( - -2.632e+04 2 0 QUESTION20 1 1.712e+02 1.228e+02))
|            ( QUESTION1 -1 -5.217e+04 2.942e+02 2.322e+02
|                ( - -2.211e+04 1 0)
|                ( - -2.977e+04 1 0))))
|    ( SILENCE -1 -6.496e+04 4.944e+02 2.787e+02
|        ( - -2.612e+04 2 0 QUESTION20 1 1.817e+02 1.117e+02)
|        ( QUESTION20 1 -3.834e+04 2.586e+02 1.669e+02
|            ( - -1.823e+02 1 0)
|            ( - -3.790e+04 3 0))))
s>    ( QUESTION0 -1 -2.250e+05 9.434e+02 9.997e+02
s>        ( QUESTION6 -1 -1.591e+05 4.915e+02 7.210e+02
s>            ( - -7.513e+04 2 0)
s>            ( WDBNDRY_B 0 -8.344e+04 4.246e+02 3.750e+02
s>                ( QUESTION2_1_L -1 -3.084e+04 1.849e+02 1.428e+02
s>                    ( - -4.334e+03 1 0)
s>                    ( - -2.632e+04 2 0 QUESTION20 1 1.712e+02 1.228e+02))
s>                ( QUESTION1 -1 -5.217e+04 2.942e+02 2.322e+02
s>                    ( - -2.211e+04 1 0)
s>                    ( - -2.977e+04 1 0))))
s>        ( SILENCE -1 -6.496e+04 4.944e+02 2.787e+02
s>            ( - -2.612e+04 2 0 QUESTION20 1 1.817e+02 1.117e+02)
s>            ( QUESTION20 1 -3.834e+04 2.586e+02 1.669e+02
s>                ( - -1.823e+02 1 0)
s>                ( - -3.790e+04 3 0))))INFO: dtree.c(1315): Comp split 4
INFO: dtree.c(1439): stop. leaf nodes are specific
INFO: dtree.c(1478): Final simple tree
|( QUESTION6 -1 -1.591e+05 4.915e+02 7.210e+02
|    ( - -7.513e+04 2 0)
|    ( WDBNDRY_B 0 -8.344e+04 4.246e+02 3.750e+02
|        ( QUESTION2_1_L -1 -3.084e+04 1.849e+02 1.428e+02
|            ( - -4.334e+03 1 0)
|            ( QUESTION20 1 -2.632e+04 1.712e+02 1.228e+02
|                ( - -3.937e+03 1 0)
|                ( - -2.221e+04 1 0)))
|        ( QUESTION1 -1 -5.217e+04 2.942e+02 2.322e+02
|            ( - -2.211e+04 1 0)
|            ( - -2.977e+04 1 0))))
s>    ( QUESTION6 -1 -1.591e+05 4.915e+02 7.210e+02
s>        ( - -7.513e+04 2 0)
s>        ( WDBNDRY_B 0 -8.344e+04 4.246e+02 3.750e+02
s>            ( QUESTION2_1_L -1 -3.084e+04 1.849e+02 1.428e+02
s>                ( - -4.334e+03 1 0)
s>                ( QUESTION20 1 -2.632e+04 1.712e+02 1.228e+02
s>                    ( - -3.937e+03 1 0)
s>                    ( - -2.221e+04 1 0)))
s>            ( QUESTION1 -1 -5.217e+04 2.942e+02 2.322e+02
s>                ( - -2.211e+04 1 0)
s>                ( - -2.977e+04 1 0))))INFO: dtree.c(1439): stop. leaf nodes are specific
INFO: dtree.c(1478): Final simple tree
|( SILENCE -1 -6.496e+04 4.944e+02 2.787e+02
|    ( QUESTION20 1 -2.612e+04 1.817e+02 1.117e+02
|        ( - -2.368e+02 1 0)
|        ( - -2.570e+04 1 0))
|    ( QUESTION20 1 -3.834e+04 2.586e+02 1.669e+02
|        ( - -1.823e+02 1 0)
|        ( - -3.790e+04 3 0)))
s>    ( SILENCE -1 -6.496e+04 4.944e+02 2.787e+02
s>        ( QUESTION20 1 -2.612e+04 1.817e+02 1.117e+02
s>            ( - -2.368e+02 1 0)
s>            ( - -2.570e+04 1 0))
s>        ( QUESTION20 1 -3.834e+04 2.586e+02 1.669e+02
s>            ( - -1.823e+02 1 0)
s>            ( - -3.790e+04 3 0)))INFO: dtree.c(1315): Comp split 5
INFO: dtree.c(1478): Final simple tree
|( QUESTION18 -1 -2.826e+05 5.040e+02 1.264e+03
|    ( - -4.410e+04 3 0 QUESTION20 1 1.522e+02 2.000e+02)
|    ( QUESTION14 -1 -2.380e+05 4.007e+02 1.064e+03
|        ( QUESTION20 1 -2.836e+04 4.349e+02 1.362e+02
|            ( - 2.119e+02 1 0)
|            ( - -2.814e+04 2 0 WDBNDRY_B 0 2.740e+02 1.352e+02))
|        ( WDBNDRY_B 0 -2.092e+05 3.265e+02 9.281e+02
|            ( - -7.672e+04 4 0 QUESTION20 1 3.013e+02 3.343e+02)
|            ( QUESTION0_14_R 1 -1.322e+05 3.477e+02 5.938e+02
|                ( - -1.888e+04 2 0 QUESTION20 -1 1.140e+02 8.580e+01)
|                ( QUESTION20 1 -1.130e+05 3.487e+02 5.080e+02
|                    ( - -2.701e+04 2 0 QUESTION20 -1 1.477e+02 1.254e+02)
|                    ( QUESTION20 -1 -8.561e+04 3.353e+02 3.826e+02
|                        ( - -4.089e+04 1 0)
|                        ( - -4.438e+04 2 0 QUESTION14 1 2.568e+02 2.016e+02)))))))
s>    ( QUESTION18 -1 -2.826e+05 5.040e+02 1.264e+03
s>        ( - -4.410e+04 3 0 QUESTION20 1 1.522e+02 2.000e+02)
s>        ( QUESTION14 -1 -2.380e+05 4.007e+02 1.064e+03
s>            ( QUESTION20 1 -2.836e+04 4.349e+02 1.362e+02
s>                ( - 2.119e+02 1 0)
s>                ( - -2.814e+04 2 0 WDBNDRY_B 0 2.740e+02 1.352e+02))
s>            ( WDBNDRY_B 0 -2.092e+05 3.265e+02 9.281e+02
s>                ( - -7.672e+04 4 0 QUESTION20 1 3.013e+02 3.343e+02)
s>                ( QUESTION0_14_R 1 -1.322e+05 3.477e+02 5.938e+02
s>                    ( - -1.888e+04 2 0 QUESTION20 -1 1.140e+02 8.580e+01)
s>                    ( QUESTION20 1 -1.130e+05 3.487e+02 5.080e+02
s>                        ( - -2.701e+04 2 0 QUESTION20 -1 1.477e+02 1.254e+02)
s>                        ( QUESTION20 -1 -8.561e+04 3.353e+02 3.826e+02
s>                            ( - -4.089e+04 1 0)
s>                            ( - -4.438e+04 2 0 QUESTION14 1 2.568e+02 2.016e+02)))))))INFO: dtree.c(1439): stop. leaf nodes are specific
INFO: dtree.c(1478): Final simple tree
|( QUESTION0_6_R 1 -5.339e+04 6.195e+02 2.390e+02
|    ( - -2.293e+04 1 0)
|    ( SILENCE 1 -2.984e+04 2.970e+02 1.357e+02
|        ( - -6.501e+03 1 0)
|        ( WDBNDRY_E 0 -2.304e+04 1.197e+02 1.035e+02
|            ( - -1.986e+03 1 0)
|            ( - -2.093e+04 1 0))))
s>    ( QUESTION0_6_R 1 -5.339e+04 6.195e+02 2.390e+02
s>        ( - -2.293e+04 1 0)
s>        ( SILENCE 1 -2.984e+04 2.970e+02 1.357e+02
s>            ( - -6.501e+03 1 0)
s>            ( WDBNDRY_E 0 -2.304e+04 1.197e+02 1.035e+02
s>                ( - -1.986e+03 1 0)
s>                ( - -2.093e+04 1 0))))INFO: dtree.c(1315): Comp split 6
INFO: dtree.c(1439): stop. leaf nodes are specific
INFO: dtree.c(1478): Final simple tree
|( QUESTION20 1 -5.344e+05 5.766e+02 2.453e+03
|    ( WDBNDRY_B 0 -3.063e+05 5.005e+02 1.411e+03
|        ( QUESTION14 -1 -2.515e+04 4.678e+02 1.164e+02
|            ( - 2.416e+02 1 0)
|            ( - -2.493e+04 1 0))
|        ( - -2.807e+05 2 0))
|    ( QUESTION14 -1 -2.275e+05 5.956e+02 1.042e+03
|        ( - -1.728e+04 1 0)
|        ( WDBNDRY_B 0 -2.096e+05 5.234e+02 9.638e+02
|            ( - -8.693e+04 2 0)
|            ( QUESTION0_14_R 1 -1.221e+05 1.622e+02 5.609e+02
|                ( - -3.421e+03 2 0)
|                ( - -1.186e+05 2 0)))))
s>    ( QUESTION20 1 -5.344e+05 5.766e+02 2.453e+03
s>        ( WDBNDRY_B 0 -3.063e+05 5.005e+02 1.411e+03
s>            ( QUESTION14 -1 -2.515e+04 4.678e+02 1.164e+02
s>                ( - 2.416e+02 1 0)
s>                ( - -2.493e+04 1 0))
s>            ( - -2.807e+05 2 0))
s>        ( QUESTION14 -1 -2.275e+05 5.956e+02 1.042e+03
s>            ( - -1.728e+04 1 0)
s>            ( WDBNDRY_B 0 -2.096e+05 5.234e+02 9.638e+02
s>                ( - -8.693e+04 2 0)
s>                ( QUESTION0_14_R 1 -1.221e+05 1.622e+02 5.609e+02
s>                    ( - -3.421e+03 2 0)
s>                    ( - -1.186e+05 2 0)))))INFO: dtree.c(1315): Comp split 7
INFO: dtree.c(1478): Final simple tree
|( QUESTION7 -1 -1.306e+05 5.545e+02 5.969e+02
|    ( QUESTION20 1 -3.851e+04 1.574e+02 1.798e+02
|        ( - -5.153e+02 1 0)
|        ( - -3.784e+04 1 0))
|    ( QUESTION10 -1 -9.155e+04 5.053e+02 4.171e+02
|        ( QUESTION2_20_L -1 -3.047e+04 2.955e+02 1.370e+02
|            ( QUESTION0_14_R 1 -7.005e+03 1.678e+02 3.187e+01
|                ( - -5.164e+02 1 0)
|                ( - -6.320e+03 2 0 QUESTION20 1 1.172e+02 2.887e+01))
|            ( - -2.317e+04 5 0 WDBNDRY_B 0 1.500e+02 1.051e+02))
|        ( QUESTION0_14_R 1 -6.057e+04 2.528e+02 2.801e+02
|            ( - -2.777e+04 1 0)
|            ( QUESTION0 -1 -3.255e+04 2.240e+02 1.487e+02
|                ( - -2.403e+04 2 0 WDBNDRY_B 0 1.369e+02 1.104e+02)
|                ( - -8.300e+03 1 0)))))
s>    ( QUESTION7 -1 -1.306e+05 5.545e+02 5.969e+02
s>        ( QUESTION20 1 -3.851e+04 1.574e+02 1.798e+02
s>            ( - -5.153e+02 1 0)
s>            ( - -3.784e+04 1 0))
s>        ( QUESTION10 -1 -9.155e+04 5.053e+02 4.171e+02
s>            ( QUESTION2_20_L -1 -3.047e+04 2.955e+02 1.370e+02
s>                ( QUESTION0_14_R 1 -7.005e+03 1.678e+02 3.187e+01
s>                    ( - -5.164e+02 1 0)
s>                    ( - -6.320e+03 2 0 QUESTION20 1 1.172e+02 2.887e+01))
s>                ( - -2.317e+04 5 0 WDBNDRY_B 0 1.500e+02 1.051e+02))
s>            ( QUESTION0_14_R 1 -6.057e+04 2.528e+02 2.801e+02
s>                ( - -2.777e+04 1 0)
s>                ( QUESTION0 -1 -3.255e+04 2.240e+02 1.487e+02
s>                    ( - -2.403e+04 2 0 WDBNDRY_B 0 1.369e+02 1.104e+02)
s>                    ( - -8.300e+03 1 0)))))INFO: dtree.c(1315): Comp split 8
INFO: dtree.c(1439): stop. leaf nodes are specific
INFO: dtree.c(1478): Final simple tree
|( QUESTION0_14_R 1 -1.221e+05 1.622e+02 5.609e+02
|    ( - -3.421e+03 2 0)
|    ( - -1.186e+05 2 0))
s>    ( QUESTION0_14_R 1 -1.221e+05 1.622e+02 5.609e+02
s>        ( - -3.421e+03 2 0)
s>        ( - -1.186e+05 2 0))INFO: dtree.c(1439): stop. leaf nodes are specific
INFO: dtree.c(1478): Final simple tree
|( WDBNDRY_B 0 -4.115e+05 5.689e+02 1.892e+03
|    ( QUESTION14 -1 -1.124e+05 4.607e+02 5.192e+02
|        ( - 2.416e+02 1 0)
|        ( QUESTION20 1 -1.122e+05 3.389e+02 5.182e+02
|            ( - -2.493e+04 1 0)
|            ( - -8.693e+04 2 0)))
|    ( QUESTION14 -1 -2.985e+05 5.621e+02 1.373e+03
|        ( - -1.728e+04 1 0)
|        ( - -2.807e+05 2 0)))
s>    ( WDBNDRY_B 0 -4.115e+05 5.689e+02 1.892e+03
s>        ( QUESTION14 -1 -1.124e+05 4.607e+02 5.192e+02
s>            ( - 2.416e+02 1 0)
s>            ( QUESTION20 1 -1.122e+05 3.389e+02 5.182e+02
s>                ( - -2.493e+04 1 0)
s>                ( - -8.693e+04 2 0)))
s>        ( QUESTION14 -1 -2.985e+05 5.621e+02 1.373e+03
s>            ( - -1.728e+04 1 0)
s>            ( - -2.807e+05 2 0)))INFO: dtree.c(1315): Comp split 9
INFO: dtree.c(1439): stop. leaf nodes are specific
INFO: dtree.c(1478): Final simple tree
|( QUESTION0 -1 -6.192e+04 2.425e+02 2.861e+02
|    ( QUESTION0_14_R 1 -5.337e+04 2.168e+02 2.478e+02
|        ( WDBNDRY_B 0 -2.847e+04 1.833e+02 1.344e+02
|            ( - -2.777e+04 1 0)
|            ( - -5.164e+02 1 0))
|        ( QUESTION7 -1 -2.469e+04 1.493e+02 1.134e+02
|            ( - -5.153e+02 1 0)
|            ( WDBNDRY_B 0 -2.403e+04 1.369e+02 1.104e+02
|                ( - -5.335e+02 1 0)
|                ( - -2.336e+04 1 0))))
|    ( - -8.300e+03 1 0))
s>    ( QUESTION0 -1 -6.192e+04 2.425e+02 2.861e+02
s>        ( QUESTION0_14_R 1 -5.337e+04 2.168e+02 2.478e+02
s>            ( WDBNDRY_B 0 -2.847e+04 1.833e+02 1.344e+02
s>                ( - -2.777e+04 1 0)
s>                ( - -5.164e+02 1 0))
s>            ( QUESTION7 -1 -2.469e+04 1.493e+02 1.134e+02
s>                ( - -5.153e+02 1 0)
s>                ( WDBNDRY_B 0 -2.403e+04 1.369e+02 1.104e+02
s>                    ( - -5.335e+02 1 0)
s>                    ( - -2.336e+04 1 0))))
s>        ( - -8.300e+03 1 0))INFO: dtree.c(1439): stop. leaf nodes are specific
INFO: dtree.c(1478): Final simple tree
|( QUESTION1 -1 -6.805e+04 4.269e+02 3.107e+02
|    ( - -3.784e+04 1 0)
|    ( QUESTION2_20_L -1 -2.978e+04 2.850e+02 1.340e+02
|        ( QUESTION20 1 -6.320e+03 1.172e+02 2.887e+01
|            ( - -7.563e+02 1 0)
|            ( - -5.447e+03 1 0))
|        ( WDBNDRY_B 0 -2.317e+04 1.500e+02 1.051e+02
|            ( QUESTION20 1 -2.138e+04 1.441e+02 9.710e+01
|                ( - -2.049e+04 1 0)
|                ( - -7.424e+02 1 0))
|            ( QUESTION20 1 -1.646e+03 2.057e+02 8.000e+00
|                ( - -2.386e+02 1 0)
|                ( - -1.202e+03 2 0)))))
s>    ( QUESTION1 -1 -6.805e+04 4.269e+02 3.107e+02
s>        ( - -3.784e+04 1 0)
s>        ( QUESTION2_20_L -1 -2.978e+04 2.850e+02 1.340e+02
s>            ( QUESTION20 1 -6.320e+03 1.172e+02 2.887e+01
s>                ( - -7.563e+02 1 0)
s>                ( - -5.447e+03 1 0))
s>            ( WDBNDRY_B 0 -2.317e+04 1.500e+02 1.051e+02
s>                ( QUESTION20 1 -2.138e+04 1.441e+02 9.710e+01
s>                    ( - -2.049e+04 1 0)
s>                    ( - -7.424e+02 1 0))
s>                ( QUESTION20 1 -1.646e+03 2.057e+02 8.000e+00
s>                    ( - -2.386e+02 1 0)
s>                    ( - -1.202e+03 2 0)))))INFO: dtree.c(1315): Comp split 10
INFO: dtree.c(1439): stop. leaf nodes are specific
INFO: dtree.c(1478): Final simple tree
|( SILENCE 1 -2.984e+04 2.970e+02 1.357e+02
|    ( - -6.501e+03 1 0)
|    ( WDBNDRY_E 0 -2.304e+04 1.197e+02 1.035e+02
|        ( - -1.986e+03 1 0)
|        ( - -2.093e+04 1 0)))
s>    ( SILENCE 1 -2.984e+04 2.970e+02 1.357e+02
s>        ( - -6.501e+03 1 0)
s>        ( WDBNDRY_E 0 -2.304e+04 1.197e+02 1.035e+02
s>            ( - -1.986e+03 1 0)
s>            ( - -2.093e+04 1 0)))INFO: dtree.c(1315): Comp split 11
INFO: dtree.c(1439): stop. leaf nodes are specific
INFO: dtree.c(1478): Final simple tree
|( QUESTION20 1 -1.122e+05 3.389e+02 5.182e+02
|    ( - -2.493e+04 1 0)
|    ( - -8.693e+04 2 0))
s>    ( QUESTION20 1 -1.122e+05 3.389e+02 5.182e+02
s>        ( - -2.493e+04 1 0)
s>        ( - -8.693e+04 2 0))INFO: dtree.c(1439): stop. leaf nodes are specific
INFO: dtree.c(1478): Final simple tree
|( QUESTION20 1 -2.987e+05 5.619e+02 1.374e+03
|    ( WDBNDRY_B 0 -2.809e+05 4.593e+02 1.296e+03
|        ( - 2.416e+02 1 0)
|        ( - -2.807e+05 2 0))
|    ( - -1.728e+04 1 0))
s>    ( QUESTION20 1 -2.987e+05 5.619e+02 1.374e+03
s>        ( WDBNDRY_B 0 -2.809e+05 4.593e+02 1.296e+03
s>            ( - 2.416e+02 1 0)
s>            ( - -2.807e+05 2 0))
s>        ( - -1.728e+04 1 0))INFO: dtree.c(1315): Comp split 12
INFO: dtree.c(1439): stop. leaf nodes are specific
INFO: dtree.c(1478): Final simple tree
|( WDBNDRY_B 0 -2.809e+05 4.593e+02 1.296e+03
|    ( - 2.416e+02 1 0)
|    ( - -2.807e+05 2 0))
s>    ( WDBNDRY_B 0 -2.809e+05 4.593e+02 1.296e+03
s>        ( - 2.416e+02 1 0)
s>        ( - -2.807e+05 2 0))INFO: dtree.c(1315): Comp split 13
INFO: dtree.c(1439): stop. leaf nodes are specific
INFO: dtree.c(1478): Final simple tree
|( QUESTION20 1 -1.301e+05 4.120e+02 5.826e+02
|    ( WDBNDRY_B 0 -4.365e+04 1.888e+02 1.980e+02
|        ( - -2.695e+02 1 0)
|        ( - -4.319e+04 1 0))
|    ( QUESTION20 -1 -8.605e+04 3.358e+02 3.846e+02
|        ( - -4.089e+04 1 0)
|        ( QUESTION14 1 -4.483e+04 2.541e+02 2.036e+02
|            ( - -1.765e+04 1 0)
|            ( WDBNDRY_B 0 -2.692e+04 1.513e+02 1.243e+02
|                ( - -2.942e+02 1 0)
|                ( - -2.648e+04 1 0)))))
s>    ( QUESTION20 1 -1.301e+05 4.120e+02 5.826e+02
s>        ( WDBNDRY_B 0 -4.365e+04 1.888e+02 1.980e+02
s>            ( - -2.695e+02 1 0)
s>            ( - -4.319e+04 1 0))
s>        ( QUESTION20 -1 -8.605e+04 3.358e+02 3.846e+02
s>            ( - -4.089e+04 1 0)
s>            ( QUESTION14 1 -4.483e+04 2.541e+02 2.036e+02
s>                ( - -1.765e+04 1 0)
s>                ( WDBNDRY_B 0 -2.692e+04 1.513e+02 1.243e+02
s>                    ( - -2.942e+02 1 0)
s>                    ( - -2.648e+04 1 0)))))INFO: dtree.c(1478): Final simple tree
|( QUESTION14 -1 -1.520e+05 3.428e+02 6.817e+02
|    ( QUESTION20 1 -2.836e+04 4.349e+02 1.362e+02
|        ( - 2.119e+02 1 0)
|        ( - -2.814e+04 2 0 WDBNDRY_B 0 2.740e+02 1.352e+02))
|    ( WDBNDRY_B 0 -1.233e+05 3.738e+02 5.455e+02
|        ( QUESTION20 1 -7.672e+04 3.013e+02 3.343e+02
|            ( QUESTION20 -1 -3.611e+04 4.449e+02 1.567e+02
|                ( - -1.562e+04 1 0)
|                ( - -2.004e+04 1 0))
|            ( QUESTION20 -1 -4.031e+04 4.317e+02 1.776e+02
|                ( - -2.104e+04 1 0)
|                ( - -1.884e+04 1 0)))
|        ( QUESTION0_14_R 1 -4.617e+04 2.788e+02 2.112e+02
|            ( - -1.888e+04 2 0 QUESTION20 -1 1.140e+02 8.580e+01)
|            ( - -2.701e+04 2 0 QUESTION20 -1 1.477e+02 1.254e+02))))
s>    ( QUESTION14 -1 -1.520e+05 3.428e+02 6.817e+02
s>        ( QUESTION20 1 -2.836e+04 4.349e+02 1.362e+02
s>            ( - 2.119e+02 1 0)
s>            ( - -2.814e+04 2 0 WDBNDRY_B 0 2.740e+02 1.352e+02))
s>        ( WDBNDRY_B 0 -1.233e+05 3.738e+02 5.455e+02
s>            ( QUESTION20 1 -7.672e+04 3.013e+02 3.343e+02
s>                ( QUESTION20 -1 -3.611e+04 4.449e+02 1.567e+02
s>                    ( - -1.562e+04 1 0)
s>                    ( - -2.004e+04 1 0))
s>                ( QUESTION20 -1 -4.031e+04 4.317e+02 1.776e+02
s>                    ( - -2.104e+04 1 0)
s>                    ( - -1.884e+04 1 0)))
s>            ( QUESTION0_14_R 1 -4.617e+04 2.788e+02 2.112e+02
s>                ( - -1.888e+04 2 0 QUESTION20 -1 1.140e+02 8.580e+01)
s>                ( - -2.701e+04 2 0 QUESTION20 -1 1.477e+02 1.254e+02))))INFO: dtree.c(1315): Comp split 14
INFO: dtree.c(1439): stop. leaf nodes are specific
INFO: dtree.c(1478): Final simple tree
|( QUESTION20 -1 -4.131e+04 2.317e+02 1.782e+02
|    ( - -2.104e+04 1 0)
|    ( - -2.004e+04 1 0))
s>    ( QUESTION20 -1 -4.131e+04 2.317e+02 1.782e+02
s>        ( - -2.104e+04 1 0)
s>        ( - -2.004e+04 1 0))INFO: dtree.c(1478): Final simple tree
|( WDBNDRY_B 0 -1.100e+05 4.517e+02 5.035e+02
|    ( QUESTION20 1 -6.213e+04 3.806e+02 2.873e+02
|        ( QUESTION14 -1 -1.584e+04 4.315e+02 7.043e+01
|            ( - 2.119e+02 1 0)
|            ( - -1.562e+04 1 0))
|        ( QUESTION14 -1 -4.591e+04 1.820e+02 2.168e+02
|            ( - -2.689e+04 1 0)
|            ( - -1.884e+04 1 0)))
|    ( QUESTION0_14_R 1 -4.737e+04 2.995e+02 2.162e+02
|        ( - -1.888e+04 2 0 QUESTION20 -1 1.140e+02 8.580e+01)
|        ( QUESTION20 -1 -2.820e+04 2.167e+02 1.304e+02
|            ( - -2.516e+04 1 0)
|            ( QUESTION14 -1 -2.823e+03 1.377e+02 1.300e+01
|                ( - -9.767e+02 1 0)
|                ( - -1.708e+03 1 0)))))
s>    ( WDBNDRY_B 0 -1.100e+05 4.517e+02 5.035e+02
s>        ( QUESTION20 1 -6.213e+04 3.806e+02 2.873e+02
s>            ( QUESTION14 -1 -1.584e+04 4.315e+02 7.043e+01
s>                ( - 2.119e+02 1 0)
s>                ( - -1.562e+04 1 0))
s>            ( QUESTION14 -1 -4.591e+04 1.820e+02 2.168e+02
s>                ( - -2.689e+04 1 0)
s>                ( - -1.884e+04 1 0)))
s>        ( QUESTION0_14_R 1 -4.737e+04 2.995e+02 2.162e+02
s>            ( - -1.888e+04 2 0 QUESTION20 -1 1.140e+02 8.580e+01)
s>            ( QUESTION20 -1 -2.820e+04 2.167e+02 1.304e+02
s>                ( - -2.516e+04 1 0)
s>                ( QUESTION14 -1 -2.823e+03 1.377e+02 1.300e+01
s>                    ( - -9.767e+02 1 0)
s>                    ( - -1.708e+03 1 0)))))INFO: dtree.c(1315): Comp split 15
INFO: dtree.c(1439): stop. leaf nodes are specific
INFO: dtree.c(1478): Final simple tree
|( WDBNDRY_B 0 -7.137e+04 3.057e+02 3.342e+02
|    ( QUESTION14 -1 -4.591e+04 1.820e+02 2.168e+02
|        ( - -2.689e+04 1 0)
|        ( - -1.884e+04 1 0))
|    ( - -2.516e+04 1 0))
s>    ( WDBNDRY_B 0 -7.137e+04 3.057e+02 3.342e+02
s>        ( QUESTION14 -1 -4.591e+04 1.820e+02 2.168e+02
s>            ( - -2.689e+04 1 0)
s>            ( - -1.884e+04 1 0))
s>        ( - -2.516e+04 1 0))INFO: dtree.c(1439): stop. leaf nodes are specific
INFO: dtree.c(1478): Final simple tree
|( WDBNDRY_B 0 -3.806e+04 2.961e+02 1.692e+02
|    ( QUESTION14 -1 -1.584e+04 4.315e+02 7.043e+01
|        ( - 2.119e+02 1 0)
|        ( - -1.562e+04 1 0))
|    ( QUESTION0_14_R 1 -2.192e+04 2.234e+02 9.880e+01
|        ( QUESTION20 -1 -1.888e+04 1.140e+02 8.580e+01
|            ( - -1.104e+03 1 0)
|            ( - -1.766e+04 1 0))
|        ( QUESTION14 -1 -2.823e+03 1.377e+02 1.300e+01
|            ( - -9.767e+02 1 0)
|            ( - -1.708e+03 1 0))))
s>    ( WDBNDRY_B 0 -3.806e+04 2.961e+02 1.692e+02
s>        ( QUESTION14 -1 -1.584e+04 4.315e+02 7.043e+01
s>            ( - 2.119e+02 1 0)
s>            ( - -1.562e+04 1 0))
s>        ( QUESTION0_14_R 1 -2.192e+04 2.234e+02 9.880e+01
s>            ( QUESTION20 -1 -1.888e+04 1.140e+02 8.580e+01
s>                ( - -1.104e+03 1 0)
s>                ( - -1.766e+04 1 0))
s>            ( QUESTION14 -1 -2.823e+03 1.377e+02 1.300e+01
s>                ( - -9.767e+02 1 0)
s>                ( - -1.708e+03 1 0))))INFO: dtree.c(1315): Comp split 16
INFO: dtree.c(1439): stop. leaf nodes are specific
INFO: dtree.c(1478): Final simple tree
|( QUESTION20 1 -3.834e+04 2.586e+02 1.669e+02
|    ( - -1.823e+02 1 0)
|    ( - -3.790e+04 3 0))
s>    ( QUESTION20 1 -3.834e+04 2.586e+02 1.669e+02
s>        ( - -1.823e+02 1 0)
s>        ( - -3.790e+04 3 0))INFO: dtree.c(1439): stop. leaf nodes are specific
INFO: dtree.c(1478): Final simple tree
|( QUESTION20 1 -2.612e+04 1.817e+02 1.117e+02
|    ( - -2.368e+02 1 0)
|    ( - -2.570e+04 1 0))
s>    ( QUESTION20 1 -2.612e+04 1.817e+02 1.117e+02
s>        ( - -2.368e+02 1 0)
s>        ( - -2.570e+04 1 0))INFO: dtree.c(1315): Comp split 17
INFO: dtree.c(1439): stop. leaf nodes are specific
INFO: dtree.c(1478): Final simple tree
|( WDBNDRY_B 0 -8.344e+04 4.246e+02 3.750e+02
|    ( QUESTION2_1_L -1 -3.084e+04 1.849e+02 1.428e+02
|        ( - -4.334e+03 1 0)
|        ( QUESTION20 1 -2.632e+04 1.712e+02 1.228e+02
|            ( - -3.937e+03 1 0)
|            ( - -2.221e+04 1 0)))
|    ( QUESTION1 -1 -5.217e+04 2.942e+02 2.322e+02
|        ( - -2.211e+04 1 0)
|        ( - -2.977e+04 1 0)))
s>    ( WDBNDRY_B 0 -8.344e+04 4.246e+02 3.750e+02
s>        ( QUESTION2_1_L -1 -3.084e+04 1.849e+02 1.428e+02
s>            ( - -4.334e+03 1 0)
s>            ( QUESTION20 1 -2.632e+04 1.712e+02 1.228e+02
s>                ( - -3.937e+03 1 0)
s>                ( - -2.221e+04 1 0)))
s>        ( QUESTION1 -1 -5.217e+04 2.942e+02 2.322e+02
s>            ( - -2.211e+04 1 0)
s>            ( - -2.977e+04 1 0)))INFO: dtree.c(1315): Comp split 18
INFO: dtree.c(1315): Comp split 19
INFO: dtree.c(1439): stop. leaf nodes are specific
INFO: dtree.c(1478): Final simple tree
|( QUESTION1 -1 -6.079e+04 3.166e+02 2.706e+02
|    ( - -2.211e+04 1 0)
|    ( WDBNDRY_B 0 -3.836e+04 2.215e+02 1.717e+02
|        ( QUESTION20 1 -8.370e+03 9.848e+01 3.839e+01
|            ( - -3.937e+03 1 0)
|            ( - -4.334e+03 1 0))
|        ( - -2.977e+04 1 0)))
s>    ( QUESTION1 -1 -6.079e+04 3.166e+02 2.706e+02
s>        ( - -2.211e+04 1 0)
s>        ( WDBNDRY_B 0 -3.836e+04 2.215e+02 1.717e+02
s>            ( QUESTION20 1 -8.370e+03 9.848e+01 3.839e+01
s>                ( - -3.937e+03 1 0)
s>                ( - -4.334e+03 1 0))
s>            ( - -2.977e+04 1 0)))INFO: dtree.c(1315): Comp split 20
INFO: dtree.c(1439): stop. leaf nodes are specific
INFO: dtree.c(1478): Final simple tree
|( WDBNDRY_B 0 -1.031e+05 2.640e+02 4.813e+02
|    ( QUESTION20 1 -3.591e+04 2.871e+02 1.657e+02
|        ( - -1.311e+04 1 0)
|        ( - -2.251e+04 1 0))
|    ( - -6.696e+04 1 0))
s>    ( WDBNDRY_B 0 -1.031e+05 2.640e+02 4.813e+02
s>        ( QUESTION20 1 -3.591e+04 2.871e+02 1.657e+02
s>            ( - -1.311e+04 1 0)
s>            ( - -2.251e+04 1 0))
s>        ( - -6.696e+04 1 0))INFO: dtree.c(1315): Comp split 21
INFO: dtree.c(1439): stop. leaf nodes are specific
INFO: dtree.c(1478): Final simple tree
|( WDBNDRY_B 0 -3.784e+04 2.944e+02 1.682e+02
|    ( - -1.562e+04 1 0)
|    ( QUESTION0_14_R 1 -2.192e+04 2.234e+02 9.880e+01
|        ( QUESTION20 -1 -1.888e+04 1.140e+02 8.580e+01
|            ( - -1.104e+03 1 0)
|            ( - -1.766e+04 1 0))
|        ( QUESTION14 -1 -2.823e+03 1.377e+02 1.300e+01
|            ( - -9.767e+02 1 0)
|            ( - -1.708e+03 1 0))))
s>    ( WDBNDRY_B 0 -3.784e+04 2.944e+02 1.682e+02
s>        ( - -1.562e+04 1 0)
s>        ( QUESTION0_14_R 1 -2.192e+04 2.234e+02 9.880e+01
s>            ( QUESTION20 -1 -1.888e+04 1.140e+02 8.580e+01
s>                ( - -1.104e+03 1 0)
s>                ( - -1.766e+04 1 0))
s>            ( QUESTION14 -1 -2.823e+03 1.377e+02 1.300e+01
s>                ( - -9.767e+02 1 0)
s>                ( - -1.708e+03 1 0))))INFO: dtree.c(1315): Comp split 22
INFO: dtree.c(1439): stop. leaf nodes are specific
INFO: dtree.c(1478): Final simple tree
|( QUESTION2_20_L -1 -2.889e+04 2.657e+02 1.300e+02
|    ( - -5.447e+03 1 0)
|    ( WDBNDRY_B 0 -2.317e+04 1.500e+02 1.051e+02
|        ( QUESTION20 1 -2.138e+04 1.441e+02 9.710e+01
|            ( - -2.049e+04 1 0)
|            ( - -7.424e+02 1 0))
|        ( QUESTION20 1 -1.646e+03 2.057e+02 8.000e+00
|            ( - -2.386e+02 1 0)
|            ( - -1.202e+03 2 0))))
s>    ( QUESTION2_20_L -1 -2.889e+04 2.657e+02 1.300e+02
s>        ( - -5.447e+03 1 0)
s>        ( WDBNDRY_B 0 -2.317e+04 1.500e+02 1.051e+02
s>            ( QUESTION20 1 -2.138e+04 1.441e+02 9.710e+01
s>                ( - -2.049e+04 1 0)
s>                ( - -7.424e+02 1 0))
s>            ( QUESTION20 1 -1.646e+03 2.057e+02 8.000e+00
s>                ( - -2.386e+02 1 0)
s>                ( - -1.202e+03 2 0))))INFO: dtree.c(1439): stop. leaf nodes are specific
INFO: dtree.c(1478): Final simple tree
|( WDBNDRY_B 0 -3.873e+04 1.337e+02 1.808e+02
|    ( - -3.784e+04 1 0)
|    ( - -7.563e+02 1 0))
s>    ( WDBNDRY_B 0 -3.873e+04 1.337e+02 1.808e+02
s>        ( - -3.784e+04 1 0)
s>        ( - -7.563e+02 1 0))INFO: dtree.c(1315): Comp split 23
INFO: dtree.c(1439): stop. leaf nodes are specific
INFO: dtree.c(1478): Final simple tree
|( QUESTION2_14_L -1 -8.650e+04 3.354e+02 3.866e+02
|    ( QUESTION20 1 -4.178e+04 1.753e+02 1.851e+02
|        ( - -2.695e+02 1 0)
|        ( WDBNDRY_B 0 -4.133e+04 1.513e+02 1.831e+02
|            ( - -2.942e+02 1 0)
|            ( - -4.089e+04 1 0)))
|    ( QUESTION14 1 -4.438e+04 2.568e+02 2.016e+02
|        ( - -1.765e+04 1 0)
|        ( - -2.648e+04 1 0)))
s>    ( QUESTION2_14_L -1 -8.650e+04 3.354e+02 3.866e+02
s>        ( QUESTION20 1 -4.178e+04 1.753e+02 1.851e+02
s>            ( - -2.695e+02 1 0)
s>            ( WDBNDRY_B 0 -4.133e+04 1.513e+02 1.831e+02
s>                ( - -2.942e+02 1 0)
s>                ( - -4.089e+04 1 0)))
s>        ( QUESTION14 1 -4.438e+04 2.568e+02 2.016e+02
s>            ( - -1.765e+04 1 0)
s>            ( - -2.648e+04 1 0)))INFO: dtree.c(1315): Comp split 24
INFO: dtree.c(1315): Comp split 25
INFO: dtree.c(1439): stop. leaf nodes are specific
INFO: dtree.c(1478): Final simple tree
|( WDBNDRY_B 0 -8.028e+04 2.126e+02 3.760e+02
|    ( - -1.311e+04 1 0)
|    ( - -6.696e+04 1 0))
s>    ( WDBNDRY_B 0 -8.028e+04 2.126e+02 3.760e+02
s>        ( - -1.311e+04 1 0)
s>        ( - -6.696e+04 1 0))INFO: dtree.c(1315): Comp split 26
INFO: dtree.c(1439): stop. leaf nodes are specific
INFO: dtree.c(1478): Final simple tree
|( QUESTION14 1 -4.483e+04 2.541e+02 2.036e+02
|    ( - -1.765e+04 1 0)
|    ( WDBNDRY_B 0 -2.692e+04 1.513e+02 1.243e+02
|        ( - -2.942e+02 1 0)
|        ( - -2.648e+04 1 0)))
s>    ( QUESTION14 1 -4.483e+04 2.541e+02 2.036e+02
s>        ( - -1.765e+04 1 0)
s>        ( WDBNDRY_B 0 -2.692e+04 1.513e+02 1.243e+02
s>            ( - -2.942e+02 1 0)
s>            ( - -2.648e+04 1 0)))INFO: dtree.c(1439): stop. leaf nodes are specific
INFO: dtree.c(1478): Final simple tree
|( WDBNDRY_B 0 -4.133e+04 1.755e+02 1.831e+02
|    ( - -2.695e+02 1 0)
|    ( - -4.089e+04 1 0))
s>    ( WDBNDRY_B 0 -4.133e+04 1.755e+02 1.831e+02
s>        ( - -2.695e+02 1 0)
s>        ( - -4.089e+04 1 0))INFO: dtree.c(1315): Comp split 27
INFO: dtree.c(1439): stop. leaf nodes are specific
INFO: dtree.c(1478): Final simple tree
|( QUESTION14 -1 -4.005e+03 1.387e+02 1.800e+01
|    ( - -9.767e+02 1 0)
|    ( QUESTION0_14_R 1 -2.889e+03 7.655e+01 1.300e+01
|        ( - -1.104e+03 1 0)
|        ( - -1.708e+03 1 0)))
s>    ( QUESTION14 -1 -4.005e+03 1.387e+02 1.800e+01
s>        ( - -9.767e+02 1 0)
s>        ( QUESTION0_14_R 1 -2.889e+03 7.655e+01 1.300e+01
s>            ( - -1.104e+03 1 0)
s>            ( - -1.708e+03 1 0)))INFO: dtree.c(1439): stop. leaf nodes are specific
INFO: dtree.c(1478): Final simple tree
|( WDBNDRY_B 0 -3.352e+04 2.357e+02 1.502e+02
|    ( - -1.562e+04 1 0)
|    ( - -1.766e+04 1 0))
s>    ( WDBNDRY_B 0 -3.352e+04 2.357e+02 1.502e+02
s>        ( - -1.562e+04 1 0)
s>        ( - -1.766e+04 1 0))INFO: dtree.c(1315): Comp split 28
INFO: dtree.c(1439): stop. leaf nodes are specific
INFO: dtree.c(1478): Final simple tree
|( WDBNDRY_B 0 -3.836e+04 2.215e+02 1.717e+02
|    ( QUESTION20 1 -8.370e+03 9.848e+01 3.839e+01
|        ( - -3.937e+03 1 0)
|        ( - -4.334e+03 1 0))
|    ( - -2.977e+04 1 0))
s>    ( WDBNDRY_B 0 -3.836e+04 2.215e+02 1.717e+02
s>        ( QUESTION20 1 -8.370e+03 9.848e+01 3.839e+01
s>            ( - -3.937e+03 1 0)
s>            ( - -4.334e+03 1 0))
s>        ( - -2.977e+04 1 0))INFO: dtree.c(1315): Comp split 29
INFO: dtree.c(1439): stop. leaf nodes are specific
INFO: dtree.c(1478): Final simple tree
|( QUESTION14 -1 -4.591e+04 1.820e+02 2.168e+02
|    ( - -2.689e+04 1 0)
|    ( - -1.884e+04 1 0))
s>    ( QUESTION14 -1 -4.591e+04 1.820e+02 2.168e+02
s>        ( - -2.689e+04 1 0)
s>        ( - -1.884e+04 1 0))INFO: dtree.c(1315): Comp split 30
INFO: dtree.c(1439): stop. leaf nodes are specific
INFO: dtree.c(1478): Final simple tree
|( WDBNDRY_E 0 -2.304e+04 1.197e+02 1.035e+02
|    ( - -1.986e+03 1 0)
|    ( - -2.093e+04 1 0))
s>    ( WDBNDRY_E 0 -2.304e+04 1.197e+02 1.035e+02
s>        ( - -1.986e+03 1 0)
s>        ( - -2.093e+04 1 0))INFO: dtree.c(1315): Comp split 31
INFO: dtree.c(1439): stop. leaf nodes are specific
INFO: dtree.c(1478): Final simple tree
|( WDBNDRY_B 0 -2.317e+04 1.500e+02 1.051e+02
|    ( QUESTION20 1 -2.138e+04 1.441e+02 9.710e+01
|        ( - -2.049e+04 1 0)
|        ( - -7.424e+02 1 0))
|    ( QUESTION20 1 -1.646e+03 2.057e+02 8.000e+00
|        ( - -2.386e+02 1 0)
|        ( - -1.202e+03 2 0)))
s>    ( WDBNDRY_B 0 -2.317e+04 1.500e+02 1.051e+02
s>        ( QUESTION20 1 -2.138e+04 1.441e+02 9.710e+01
s>            ( - -2.049e+04 1 0)
s>            ( - -7.424e+02 1 0))
s>        ( QUESTION20 1 -1.646e+03 2.057e+02 8.000e+00
s>            ( - -2.386e+02 1 0)
s>            ( - -1.202e+03 2 0)))INFO: dtree.c(1315): Comp split 32
INFO: dtree.c(1439): stop. leaf nodes are specific
INFO: dtree.c(1478): Final simple tree
|( QUESTION0_14_R 1 -2.842e+04 1.403e+02 1.344e+02
|    ( - -2.777e+04 1 0)
|    ( - -5.153e+02 1 0))
s>    ( QUESTION0_14_R 1 -2.842e+04 1.403e+02 1.344e+02
s>        ( - -2.777e+04 1 0)
s>        ( - -5.153e+02 1 0))INFO: dtree.c(1439): stop. leaf nodes are specific
INFO: dtree.c(1478): Final simple tree
|( QUESTION0 -1 -3.324e+04 2.234e+02 1.517e+02
|    ( QUESTION0_14_R 1 -2.471e+04 1.687e+02 1.134e+02
|        ( - -5.164e+02 1 0)
|        ( WDBNDRY_B 0 -2.403e+04 1.369e+02 1.104e+02
|            ( - -5.335e+02 1 0)
|            ( - -2.336e+04 1 0)))
|    ( - -8.300e+03 1 0))
s>    ( QUESTION0 -1 -3.324e+04 2.234e+02 1.517e+02
s>        ( QUESTION0_14_R 1 -2.471e+04 1.687e+02 1.134e+02
s>            ( - -5.164e+02 1 0)
s>            ( WDBNDRY_B 0 -2.403e+04 1.369e+02 1.104e+02
s>                ( - -5.335e+02 1 0)
s>                ( - -2.336e+04 1 0)))
s>        ( - -8.300e+03 1 0))INFO: dtree.c(1315): Comp split 33
INFO: dtree.c(1439): stop. leaf nodes are specific
INFO: dtree.c(1478): Final simple tree
|( WDBNDRY_B 0 -1.809e+04 1.465e+02 8.126e+01
|    ( - -2.942e+02 1 0)
|    ( - -1.765e+04 1 0))
s>    ( WDBNDRY_B 0 -1.809e+04 1.465e+02 8.126e+01
s>        ( - -2.942e+02 1 0)
s>        ( - -1.765e+04 1 0))INFO: dtree.c(1315): Comp split 34
INFO: dtree.c(1315): Comp split 35
INFO: dtree.c(1315): Comp split 36
INFO: dtree.c(1315): Comp split 37
INFO: dtree.c(1439): stop. leaf nodes are specific
INFO: dtree.c(1478): Final simple tree
|( QUESTION0_14_R 1 -2.471e+04 1.687e+02 1.134e+02
|    ( - -5.164e+02 1 0)
|    ( WDBNDRY_B 0 -2.403e+04 1.369e+02 1.104e+02
|        ( - -5.335e+02 1 0)
|        ( - -2.336e+04 1 0)))
s>    ( QUESTION0_14_R 1 -2.471e+04 1.687e+02 1.134e+02
s>        ( - -5.164e+02 1 0)
s>        ( WDBNDRY_B 0 -2.403e+04 1.369e+02 1.104e+02
s>            ( - -5.335e+02 1 0)
s>            ( - -2.336e+04 1 0)))INFO: dtree.c(1315): Comp split 38
INFO: dtree.c(1439): stop. leaf nodes are specific
INFO: dtree.c(1478): Final simple tree
|( QUESTION20 1 -8.370e+03 9.848e+01 3.839e+01
|    ( - -3.937e+03 1 0)
|    ( - -4.334e+03 1 0))
s>    ( QUESTION20 1 -8.370e+03 9.848e+01 3.839e+01
s>        ( - -3.937e+03 1 0)
s>        ( - -4.334e+03 1 0))INFO: dtree.c(1315): Comp split 39
INFO: dtree.c(1315): Comp split 40
INFO: dtree.c(1439): stop. leaf nodes are specific
INFO: dtree.c(1478): Final simple tree
|( WDBNDRY_B 0 -2.274e+04 1.626e+02 1.031e+02
|    ( QUESTION20 1 -2.138e+04 1.441e+02 9.710e+01
|        ( - -2.049e+04 1 0)
|        ( - -7.424e+02 1 0))
|    ( - -1.202e+03 2 0))
s>    ( WDBNDRY_B 0 -2.274e+04 1.626e+02 1.031e+02
s>        ( QUESTION20 1 -2.138e+04 1.441e+02 9.710e+01
s>            ( - -2.049e+04 1 0)
s>            ( - -7.424e+02 1 0))
s>        ( - -1.202e+03 2 0))INFO: dtree.c(1315): Comp split 41
INFO: dtree.c(1315): Comp split 42
INFO: dtree.c(1315): Comp split 43
INFO: dtree.c(1315): Comp split 44
INFO: dtree.c(1439): stop. leaf nodes are specific
INFO: dtree.c(1478): Final simple tree
|( WDBNDRY_B 0 -2.403e+04 1.369e+02 1.104e+02
|    ( - -5.335e+02 1 0)
|    ( - -2.336e+04 1 0))
s>    ( WDBNDRY_B 0 -2.403e+04 1.369e+02 1.104e+02
s>        ( - -5.335e+02 1 0)
s>        ( - -2.336e+04 1 0))INFO: dtree.c(1315): Comp split 45
INFO: dtree.c(1439): stop. leaf nodes are specific
INFO: dtree.c(1478): Final simple tree
|( QUESTION20 1 -2.138e+04 1.441e+02 9.710e+01
|    ( - -2.049e+04 1 0)
|    ( - -7.424e+02 1 0))
s>    ( QUESTION20 1 -2.138e+04 1.441e+02 9.710e+01
s>        ( - -2.049e+04 1 0)
s>        ( - -7.424e+02 1 0))INFO: dtree.c(1315): Comp split 46
INFO: dtree.c(1315): Comp split 47
INFO: dtree.c(1315): Comp split 48
INFO: dtree.c(1315): Comp split 49
INFO: dtree.c(1315): Comp split 50
INFO: dtree.c(1439): stop. leaf nodes are specific
INFO: dtree.c(1478): Final simple tree
|( QUESTION0_14_R 1 -2.889e+03 7.655e+01 1.300e+01
|    ( - -1.104e+03 1 0)
|    ( - -1.708e+03 1 0))
s>    ( QUESTION0_14_R 1 -2.889e+03 7.655e+01 1.300e+01
s>        ( - -1.104e+03 1 0)
s>        ( - -1.708e+03 1 0))INFO: dtree.c(1315): Comp split 51
INFO: dtree.c(1315): Comp split 52
INFO: dtree.c(1315): Comp split 53
INFO: dtree.c(1315): Comp split 54
INFO: dtree.c(1315): Comp split 55
INFO: dtree.c(1315): Comp split 56
INFO: dtree.c(1318): stop. leaf nodes are specific
Sun Mar 19 21:50:51 2017
