Current configuration:
[NAME]		[DEFLT]	[VALUE]
-allphones	no	no
-cntthresh	0.00001	1.000000e-05
-csplitmax	100	2000
-csplitmin	1	1
-csplitthr	8e-4	0.000000e+00
-example	no	no
-fullvar	no	no
-help		no	no
-meanfn			/home/ilya/Рабочий стол/lab_sphinx/ru_base/model_parameters/ru_base.cd_cont_untied/means
-mixwfn			/home/ilya/Рабочий стол/lab_sphinx/ru_base/model_parameters/ru_base.cd_cont_untied/mixture_weights
-moddeffn		/home/ilya/Рабочий стол/lab_sphinx/ru_base/model_architecture/ru_base.untied.mdef
-mwfloor	1e-4	1.000000e-08
-phone			sj
-psetfn			/home/ilya/Рабочий стол/lab_sphinx/ru_base/model_architecture/ru_base.tree_questions
-ssplitmax	5	7
-ssplitmin	1	1
-ssplitthr	8e-4	0.000000e+00
-state			0
-stwt			1.0,0.05,0.0,
-treefn			/home/ilya/Рабочий стол/lab_sphinx/ru_base/trees/ru_base.unpruned/sj-0.dtree
-ts2cbfn	.semi.	.cont.
-varfloor	0.00001	1.000000e-05
-varfn			/home/ilya/Рабочий стол/lab_sphinx/ru_base/model_parameters/ru_base.cd_cont_untied/variances

INFO: main.c(223): Reading: /home/ilya/Рабочий стол/lab_sphinx/ru_base/model_architecture/ru_base.untied.mdef
INFO: model_def_io.c(573): Model definition info:
INFO: model_def_io.c(574): 9415 total models defined (43 base, 9372 tri)
INFO: model_def_io.c(575): 37660 total states
INFO: model_def_io.c(576): 28245 total tied states
INFO: model_def_io.c(577): 129 total tied CI states
INFO: model_def_io.c(578): 43 total tied transition matrices
INFO: model_def_io.c(579): 4 max state/model
INFO: model_def_io.c(580): 4 min state/model
INFO: main.c(242): Building trees for [sj SIL e0 b] through [sj y0 i0 b]
INFO: main.c(269): Covering states |[21372 21770]| == 399
INFO: main.c(275): Reading: /home/ilya/Рабочий стол/lab_sphinx/ru_base/model_parameters/ru_base.cd_cont_untied/mixture_weights
INFO: s3mixw_io.c(173): Read /home/ilya/Рабочий стол/lab_sphinx/ru_base/model_parameters/ru_base.cd_cont_untied/mixture_weights [399x1x1 array]
INFO: main.c(311): 133 of 133 models have observation count greater than 0.000010
INFO: main.c(95): nrm stwt: 0.952 0.048 0.000 
INFO: s3gau_io.c(169): Read /home/ilya/Рабочий стол/lab_sphinx/ru_base/model_parameters/ru_base.cd_cont_untied/means [28245x1x1 array]
INFO: s3gau_io.c(169): Read /home/ilya/Рабочий стол/lab_sphinx/ru_base/model_parameters/ru_base.cd_cont_untied/variances [28245x1x1 array]
INFO: main.c(549): Reading: /home/ilya/Рабочий стол/lab_sphinx/ru_base/model_architecture/ru_base.tree_questions
INFO: main.c(588): 180 total simple questions (172 phone; 8 word bndry)
INFO: main.c(590): 42 Left Only questions, and 42 Right Only questions
INFO: dtree.c(1478): Final simple tree
|( QUESTION15 -1 -2.730e+06 7.086e+03 1.159e+04
|    ( QUESTION16 -1 -1.284e+06 4.667e+03 5.496e+03
|        ( - -7.847e+05 41 0 QUESTION0_16_R 1 1.007e+03 3.360e+03)
|        ( - -4.948e+05 46 0 QUESTION18 -1 7.426e+02 2.136e+03))
|    ( QUESTION2_13_L -1 -1.439e+06 4.233e+03 6.099e+03
|        ( QUESTION16 1 -1.091e+06 3.612e+03 4.597e+03
|            ( - -5.001e+05 6 0 QUESTION2_14_L -1 1.062e+03 2.130e+03)
|            ( QUESTION2_16_L -1 -5.871e+05 2.623e+03 2.467e+03
|                ( - -2.411e+05 7 0 WDBNDRY_I 0 1.105e+03 1.002e+03)
|                ( - -3.433e+05 14 0 WDBNDRY_B 0 1.535e+03 1.465e+03)))
|        ( SILENCE -1 -3.435e+05 1.887e+03 1.501e+03
|            ( - -6.551e+04 1 0)
|            ( QUESTION11 -1 -2.761e+05 1.605e+03 1.216e+03
|                ( - -5.412e+04 4 0 WDBNDRY_B 0 3.364e+02 2.372e+02)
|                ( - -2.204e+05 14 0 QUESTION0_14_R 1 9.598e+02 9.790e+02)))))
s>    ( QUESTION15 -1 -2.730e+06 7.086e+03 1.159e+04
s>        ( QUESTION16 -1 -1.284e+06 4.667e+03 5.496e+03
s>            ( - -7.847e+05 41 0 QUESTION0_16_R 1 1.007e+03 3.360e+03)
s>            ( - -4.948e+05 46 0 QUESTION18 -1 7.426e+02 2.136e+03))
s>        ( QUESTION2_13_L -1 -1.439e+06 4.233e+03 6.099e+03
s>            ( QUESTION16 1 -1.091e+06 3.612e+03 4.597e+03
s>                ( - -5.001e+05 6 0 QUESTION2_14_L -1 1.062e+03 2.130e+03)
s>                ( QUESTION2_16_L -1 -5.871e+05 2.623e+03 2.467e+03
s>                    ( - -2.411e+05 7 0 WDBNDRY_I 0 1.105e+03 1.002e+03)
s>                    ( - -3.433e+05 14 0 WDBNDRY_B 0 1.535e+03 1.465e+03)))
s>            ( SILENCE -1 -3.435e+05 1.887e+03 1.501e+03
s>                ( - -6.551e+04 1 0)
s>                ( QUESTION11 -1 -2.761e+05 1.605e+03 1.216e+03
s>                    ( - -5.412e+04 4 0 WDBNDRY_B 0 3.364e+02 2.372e+02)
s>                    ( - -2.204e+05 14 0 QUESTION0_14_R 1 9.598e+02 9.790e+02)))))INFO: dtree.c(1315): Comp split 0
INFO: dtree.c(1478): Final simple tree
|( QUESTION17 -1 -1.528e+06 4.491e+03 6.499e+03
|    ( QUESTION18 -1 -4.948e+05 7.426e+02 2.136e+03
|        ( - -5.491e+04 3 0 WDBNDRY_B 0 2.236e+02 2.425e+02)
|        ( - -4.391e+05 43 0 WDBNDRY_E 0 7.643e+02 1.894e+03))
|    ( QUESTION2_17_L -1 -1.028e+06 2.582e+03 4.362e+03
|        ( WDBNDRY_E 0 -2.386e+05 1.103e+03 9.915e+02
|            ( - -4.397e+04 1 0)
|            ( WDBNDRY_B 0 -1.935e+05 8.926e+02 8.197e+02
|                ( - -6.205e+04 2 0 QUESTION0 -1 1.245e+02 2.641e+02)
|                ( - -1.306e+05 2 0 QUESTION20 1 1.474e+02 5.556e+02)))
|        ( QUESTION0_16_R 1 -7.873e+05 1.016e+03 3.371e+03
|            ( - -3.286e+05 12 0 WDBNDRY_E 0 6.195e+02 1.413e+03)
|            ( SILENCE 1 -4.577e+05 9.215e+02 1.957e+03
|                ( - -4.001e+04 2 0)
|                ( - -4.168e+05 29 0 QUESTION0_4_R 1 6.064e+02 1.786e+03)))))
s>    ( QUESTION17 -1 -1.528e+06 4.491e+03 6.499e+03
s>        ( QUESTION18 -1 -4.948e+05 7.426e+02 2.136e+03
s>            ( - -5.491e+04 3 0 WDBNDRY_B 0 2.236e+02 2.425e+02)
s>            ( - -4.391e+05 43 0 WDBNDRY_E 0 7.643e+02 1.894e+03))
s>        ( QUESTION2_17_L -1 -1.028e+06 2.582e+03 4.362e+03
s>            ( WDBNDRY_E 0 -2.386e+05 1.103e+03 9.915e+02
s>                ( - -4.397e+04 1 0)
s>                ( WDBNDRY_B 0 -1.935e+05 8.926e+02 8.197e+02
s>                    ( - -6.205e+04 2 0 QUESTION0 -1 1.245e+02 2.641e+02)
s>                    ( - -1.306e+05 2 0 QUESTION20 1 1.474e+02 5.556e+02)))
s>            ( QUESTION0_16_R 1 -7.873e+05 1.016e+03 3.371e+03
s>                ( - -3.286e+05 12 0 WDBNDRY_E 0 6.195e+02 1.413e+03)
s>                ( SILENCE 1 -4.577e+05 9.215e+02 1.957e+03
s>                    ( - -4.001e+04 2 0)
s>                    ( - -4.168e+05 29 0 QUESTION0_4_R 1 6.064e+02 1.786e+03)))))INFO: dtree.c(1478): Final simple tree
|( QUESTION16 1 -1.194e+06 4.157e+03 5.096e+03
|    ( QUESTION2_20_L -1 -6.137e+05 3.001e+03 2.626e+03
|        ( - -4.653e+05 4 0)
|        ( QUESTION12 -1 -1.454e+05 9.251e+02 6.442e+02
|            ( - -1.077e+05 2 0 QUESTION2_1_L -1 4.213e+02 4.832e+02)
|            ( - -3.684e+04 3 0 QUESTION10 -1 5.018e+02 1.610e+02)))
|    ( SILENCE -1 -5.758e+05 1.812e+03 2.470e+03
|        ( - -6.551e+04 1 0)
|        ( QUESTION2_1_L -1 -5.084e+05 1.534e+03 2.185e+03
|            ( - -7.033e+04 6 0 QUESTION1 -1 3.169e+02 3.154e+02)
|            ( WDBNDRY_B 0 -4.366e+05 1.283e+03 1.869e+03
|                ( QUESTION11 -1 -1.603e+05 7.902e+02 6.825e+02
|                    ( - -2.707e+04 3 0 QUESTION2_0_L -1 2.000e+02 1.195e+02)
|                    ( - -1.324e+05 10 0 QUESTION20 1 4.275e+02 5.629e+02))
|                ( - -2.750e+05 10 0 QUESTION2_20_L -1 7.746e+02 1.187e+03)))))
s>    ( QUESTION16 1 -1.194e+06 4.157e+03 5.096e+03
s>        ( QUESTION2_20_L -1 -6.137e+05 3.001e+03 2.626e+03
s>            ( - -4.653e+05 4 0)
s>            ( QUESTION12 -1 -1.454e+05 9.251e+02 6.442e+02
s>                ( - -1.077e+05 2 0 QUESTION2_1_L -1 4.213e+02 4.832e+02)
s>                ( - -3.684e+04 3 0 QUESTION10 -1 5.018e+02 1.610e+02)))
s>        ( SILENCE -1 -5.758e+05 1.812e+03 2.470e+03
s>            ( - -6.551e+04 1 0)
s>            ( QUESTION2_1_L -1 -5.084e+05 1.534e+03 2.185e+03
s>                ( - -7.033e+04 6 0 QUESTION1 -1 3.169e+02 3.154e+02)
s>                ( WDBNDRY_B 0 -4.366e+05 1.283e+03 1.869e+03
s>                    ( QUESTION11 -1 -1.603e+05 7.902e+02 6.825e+02
s>                        ( - -2.707e+04 3 0 QUESTION2_0_L -1 2.000e+02 1.195e+02)
s>                        ( - -1.324e+05 10 0 QUESTION20 1 4.275e+02 5.629e+02))
s>                    ( - -2.750e+05 10 0 QUESTION2_20_L -1 7.746e+02 1.187e+03)))))INFO: dtree.c(1315): Comp split 1
INFO: dtree.c(1478): Final simple tree
|( QUESTION12 -1 -7.227e+05 2.344e+03 3.114e+03
|    ( WDBNDRY_B 0 -1.927e+05 8.276e+02 8.606e+02
|        ( - -5.804e+04 3 0 QUESTION2_1_L -1 2.983e+02 2.594e+02)
|        ( - -1.339e+05 4 0 QUESTION2_1_L -1 4.082e+02 6.012e+02))
|    ( WDBNDRY_B 0 -5.276e+05 2.327e+03 2.253e+03
|        ( SILENCE -1 -2.193e+05 1.028e+03 9.353e+02
|            ( - -6.551e+04 1 0)
|            ( QUESTION10 -1 -1.528e+05 7.994e+02 6.504e+02
|                ( - -2.707e+04 3 0 QUESTION2_0_L -1 2.000e+02 1.195e+02)
|                ( - -1.249e+05 11 0 QUESTION20 1 4.169e+02 5.309e+02)))
|        ( QUESTION10 -1 -3.059e+05 7.914e+02 1.318e+03
|            ( - -7.346e+04 5 0 QUESTION2_20_L -1 6.520e+02 3.167e+02)
|            ( QUESTION2_20_L -1 -2.317e+05 8.665e+02 1.001e+03
|                ( - -1.663e+05 3 0 QUESTION0_0_R 1 2.874e+02 7.225e+02)
|                ( - -6.444e+04 5 0 QUESTION0 -1 5.195e+02 2.789e+02)))))
s>    ( QUESTION12 -1 -7.227e+05 2.344e+03 3.114e+03
s>        ( WDBNDRY_B 0 -1.927e+05 8.276e+02 8.606e+02
s>            ( - -5.804e+04 3 0 QUESTION2_1_L -1 2.983e+02 2.594e+02)
s>            ( - -1.339e+05 4 0 QUESTION2_1_L -1 4.082e+02 6.012e+02))
s>        ( WDBNDRY_B 0 -5.276e+05 2.327e+03 2.253e+03
s>            ( SILENCE -1 -2.193e+05 1.028e+03 9.353e+02
s>                ( - -6.551e+04 1 0)
s>                ( QUESTION10 -1 -1.528e+05 7.994e+02 6.504e+02
s>                    ( - -2.707e+04 3 0 QUESTION2_0_L -1 2.000e+02 1.195e+02)
s>                    ( - -1.249e+05 11 0 QUESTION20 1 4.169e+02 5.309e+02)))
s>            ( QUESTION10 -1 -3.059e+05 7.914e+02 1.318e+03
s>                ( - -7.346e+04 5 0 QUESTION2_20_L -1 6.520e+02 3.167e+02)
s>                ( QUESTION2_20_L -1 -2.317e+05 8.665e+02 1.001e+03
s>                    ( - -1.663e+05 3 0 QUESTION0_0_R 1 2.874e+02 7.225e+02)
s>                    ( - -6.444e+04 5 0 QUESTION0 -1 5.195e+02 2.789e+02)))))INFO: dtree.c(1315): Comp split 2
INFO: dtree.c(1478): Final simple tree
|( QUESTION2_19_L -1 -5.576e+05 8.405e+02 2.401e+03
|    ( WDBNDRY_E 0 -2.082e+05 6.257e+02 9.090e+02
|        ( QUESTION13 1 -1.348e+05 3.688e+02 5.892e+02
|            ( - -7.579e+04 5 0 QUESTION0_2_R 1 2.949e+02 3.307e+02)
|            ( - -5.862e+04 10 0 QUESTION12 1 2.652e+02 2.586e+02))
|        ( QUESTION18 -1 -7.283e+04 3.036e+02 3.197e+02
|            ( - -5.491e+04 3 0 WDBNDRY_B 0 2.236e+02 2.425e+02)
|            ( - -1.761e+04 7 0 QUESTION20 1 1.089e+02 7.719e+01)))
|    ( QUESTION15 1 -3.485e+05 7.519e+02 1.492e+03
|        ( QUESTION15 -1 -2.931e+05 4.791e+02 1.255e+03
|            ( QUESTION0_14_R 1 -2.305e+05 4.855e+02 9.913e+02
|                ( - -1.230e+05 2 0)
|                ( - -1.070e+05 6 0 WDBNDRY_B 0 2.488e+02 4.608e+02))
|            ( - -6.205e+04 2 0 QUESTION0 -1 1.245e+02 2.641e+02))
|        ( - -5.470e+04 13 0 QUESTION12 1 2.875e+02 2.362e+02)))
s>    ( QUESTION2_19_L -1 -5.576e+05 8.405e+02 2.401e+03
s>        ( WDBNDRY_E 0 -2.082e+05 6.257e+02 9.090e+02
s>            ( QUESTION13 1 -1.348e+05 3.688e+02 5.892e+02
s>                ( - -7.579e+04 5 0 QUESTION0_2_R 1 2.949e+02 3.307e+02)
s>                ( - -5.862e+04 10 0 QUESTION12 1 2.652e+02 2.586e+02))
s>            ( QUESTION18 -1 -7.283e+04 3.036e+02 3.197e+02
s>                ( - -5.491e+04 3 0 WDBNDRY_B 0 2.236e+02 2.425e+02)
s>                ( - -1.761e+04 7 0 QUESTION20 1 1.089e+02 7.719e+01)))
s>        ( QUESTION15 1 -3.485e+05 7.519e+02 1.492e+03
s>            ( QUESTION15 -1 -2.931e+05 4.791e+02 1.255e+03
s>                ( QUESTION0_14_R 1 -2.305e+05 4.855e+02 9.913e+02
s>                    ( - -1.230e+05 2 0)
s>                    ( - -1.070e+05 6 0 WDBNDRY_B 0 2.488e+02 4.608e+02))
s>                ( - -6.205e+04 2 0 QUESTION0 -1 1.245e+02 2.641e+02))
s>            ( - -5.470e+04 13 0 QUESTION12 1 2.875e+02 2.362e+02)))INFO: dtree.c(1478): Final simple tree
|( QUESTION2_17_L -1 -9.652e+05 2.224e+03 4.098e+03
|    ( WDBNDRY_E 0 -1.756e+05 1.102e+03 7.273e+02
|        ( - -4.397e+04 1 0)
|        ( - -1.306e+05 2 0 QUESTION20 1 1.474e+02 5.556e+02))
|    ( QUESTION0_16_R 1 -7.873e+05 1.016e+03 3.371e+03
|        ( WDBNDRY_E 0 -3.286e+05 6.195e+02 1.413e+03
|            ( - -9.022e+04 2 0 QUESTION14 1 1.789e+02 3.916e+02)
|            ( - -2.378e+05 10 0 WDBNDRY_B 0 2.838e+02 1.022e+03))
|        ( SILENCE 1 -4.577e+05 9.215e+02 1.957e+03
|            ( - -4.001e+04 2 0)
|            ( QUESTION0_4_R 1 -4.168e+05 6.064e+02 1.786e+03
|                ( - -5.503e+04 7 0 WDBNDRY_E 0 4.527e+02 2.386e+02)
|                ( QUESTION15 1 -3.611e+05 5.184e+02 1.548e+03
|                    ( - -8.466e+04 3 0 WDBNDRY_E 0 6.571e+02 3.570e+02)
|                    ( - -2.760e+05 19 0 QUESTION0_0_R 1 5.037e+02 1.191e+03))))))
s>    ( QUESTION2_17_L -1 -9.652e+05 2.224e+03 4.098e+03
s>        ( WDBNDRY_E 0 -1.756e+05 1.102e+03 7.273e+02
s>            ( - -4.397e+04 1 0)
s>            ( - -1.306e+05 2 0 QUESTION20 1 1.474e+02 5.556e+02))
s>        ( QUESTION0_16_R 1 -7.873e+05 1.016e+03 3.371e+03
s>            ( WDBNDRY_E 0 -3.286e+05 6.195e+02 1.413e+03
s>                ( - -9.022e+04 2 0 QUESTION14 1 1.789e+02 3.916e+02)
s>                ( - -2.378e+05 10 0 WDBNDRY_B 0 2.838e+02 1.022e+03))
s>            ( SILENCE 1 -4.577e+05 9.215e+02 1.957e+03
s>                ( - -4.001e+04 2 0)
s>                ( QUESTION0_4_R 1 -4.168e+05 6.064e+02 1.786e+03
s>                    ( - -5.503e+04 7 0 WDBNDRY_E 0 4.527e+02 2.386e+02)
s>                    ( QUESTION15 1 -3.611e+05 5.184e+02 1.548e+03
s>                        ( - -8.466e+04 3 0 WDBNDRY_E 0 6.571e+02 3.570e+02)
s>                        ( - -2.760e+05 19 0 QUESTION0_0_R 1 5.037e+02 1.191e+03))))))INFO: dtree.c(1315): Comp split 3
INFO: dtree.c(1478): Final simple tree
|( QUESTION2_1_L -1 -3.927e+05 1.452e+03 1.697e+03
|    ( WDBNDRY_B 0 -7.171e+04 3.174e+02 3.233e+02
|        ( - -4.888e+04 1 0)
|        ( - -2.252e+04 3 0 QUESTION0_14_R 1 1.710e+02 1.009e+02))
|    ( QUESTION11 -1 -3.195e+05 9.482e+02 1.374e+03
|        ( QUESTION2_20_L -1 -1.009e+05 7.397e+02 4.362e+02
|            ( QUESTION20 1 -2.904e+04 4.531e+02 1.254e+02
|                ( - 1.870e+02 1 0)
|                ( - -2.878e+04 2 0 WDBNDRY_B 0 1.691e+02 1.244e+02))
|            ( - -7.112e+04 5 0 WDBNDRY_B 0 3.154e+02 3.108e+02))
|        ( QUESTION2_14_L -1 -2.177e+05 8.208e+02 9.375e+02
|            ( QUESTION0_14_R 1 -4.140e+04 3.401e+02 1.780e+02
|                ( - -1.654e+04 1 0)
|                ( - -2.451e+04 1 0))
|            ( - -1.755e+05 5 0 QUESTION0_0_R 1 2.819e+02 7.595e+02))))
s>    ( QUESTION2_1_L -1 -3.927e+05 1.452e+03 1.697e+03
s>        ( WDBNDRY_B 0 -7.171e+04 3.174e+02 3.233e+02
s>            ( - -4.888e+04 1 0)
s>            ( - -2.252e+04 3 0 QUESTION0_14_R 1 1.710e+02 1.009e+02))
s>        ( QUESTION11 -1 -3.195e+05 9.482e+02 1.374e+03
s>            ( QUESTION2_20_L -1 -1.009e+05 7.397e+02 4.362e+02
s>                ( QUESTION20 1 -2.904e+04 4.531e+02 1.254e+02
s>                    ( - 1.870e+02 1 0)
s>                    ( - -2.878e+04 2 0 WDBNDRY_B 0 1.691e+02 1.244e+02))
s>                ( - -7.112e+04 5 0 WDBNDRY_B 0 3.154e+02 3.108e+02))
s>            ( QUESTION2_14_L -1 -2.177e+05 8.208e+02 9.375e+02
s>                ( QUESTION0_14_R 1 -4.140e+04 3.401e+02 1.780e+02
s>                    ( - -1.654e+04 1 0)
s>                    ( - -2.451e+04 1 0))
s>                ( - -1.755e+05 5 0 QUESTION0_0_R 1 2.819e+02 7.595e+02))))INFO: dtree.c(1478): Final simple tree
|( QUESTION0_14_R 1 -3.271e+05 1.890e+03 1.417e+03
|    ( QUESTION2_1_L -1 -1.317e+05 4.174e+02 5.921e+02
|        ( - -2.339e+04 1 0)
|        ( QUESTION14 1 -1.079e+05 3.497e+02 4.902e+02
|            ( WDBNDRY_B 0 -2.367e+04 2.321e+02 1.089e+02
|                ( - -1.842e+03 1 0)
|                ( - -2.159e+04 1 0))
|            ( - -8.387e+04 1 0)))
|    ( SILENCE -1 -1.936e+05 9.554e+02 8.248e+02
|        ( - -6.551e+04 1 0)
|        ( QUESTION20 1 -1.271e+05 4.243e+02 5.400e+02
|            ( - -3.869e+04 4 0 QUESTION0 -1 2.215e+02 1.673e+02)
|            ( QUESTION6 -1 -8.798e+04 4.527e+02 3.726e+02
|                ( - 1.463e+02 1 0)
|                ( - -8.767e+04 6 0 WDBNDRY_B 0 2.023e+02 3.716e+02)))))
s>    ( QUESTION0_14_R 1 -3.271e+05 1.890e+03 1.417e+03
s>        ( QUESTION2_1_L -1 -1.317e+05 4.174e+02 5.921e+02
s>            ( - -2.339e+04 1 0)
s>            ( QUESTION14 1 -1.079e+05 3.497e+02 4.902e+02
s>                ( WDBNDRY_B 0 -2.367e+04 2.321e+02 1.089e+02
s>                    ( - -1.842e+03 1 0)
s>                    ( - -2.159e+04 1 0))
s>                ( - -8.387e+04 1 0)))
s>        ( SILENCE -1 -1.936e+05 9.554e+02 8.248e+02
s>            ( - -6.551e+04 1 0)
s>            ( QUESTION20 1 -1.271e+05 4.243e+02 5.400e+02
s>                ( - -3.869e+04 4 0 QUESTION0 -1 2.215e+02 1.673e+02)
s>                ( QUESTION6 -1 -8.798e+04 4.527e+02 3.726e+02
s>                    ( - 1.463e+02 1 0)
s>                    ( - -8.767e+04 6 0 WDBNDRY_B 0 2.023e+02 3.716e+02)))))INFO: dtree.c(1315): Comp split 4
INFO: dtree.c(1478): Final simple tree
|( QUESTION0_16_R 1 -7.873e+05 1.016e+03 3.371e+03
|    ( WDBNDRY_E 0 -3.286e+05 6.195e+02 1.413e+03
|        ( - -9.022e+04 2 0 QUESTION14 1 1.789e+02 3.916e+02)
|        ( - -2.378e+05 10 0 WDBNDRY_B 0 2.838e+02 1.022e+03))
|    ( SILENCE 1 -4.577e+05 9.215e+02 1.957e+03
|        ( - -4.001e+04 2 0)
|        ( QUESTION0_4_R 1 -4.168e+05 6.064e+02 1.786e+03
|            ( - -5.503e+04 7 0 WDBNDRY_E 0 4.527e+02 2.386e+02)
|            ( QUESTION15 1 -3.611e+05 5.184e+02 1.548e+03
|                ( WDBNDRY_E 0 -8.466e+04 6.571e+02 3.570e+02
|                    ( - -3.113e+04 1 0)
|                    ( - -5.288e+04 2 0 WDBNDRY_B 0 1.443e+02 2.294e+02))
|                ( QUESTION0_0_R 1 -2.760e+05 5.037e+02 1.191e+03
|                    ( - -2.213e+05 16 0 QUESTION0_3_R 1 3.981e+02 9.578e+02)
|                    ( - -5.418e+04 3 0 QUESTION0_14_R 1 1.703e+02 2.328e+02))))))
s>    ( QUESTION0_16_R 1 -7.873e+05 1.016e+03 3.371e+03
s>        ( WDBNDRY_E 0 -3.286e+05 6.195e+02 1.413e+03
s>            ( - -9.022e+04 2 0 QUESTION14 1 1.789e+02 3.916e+02)
s>            ( - -2.378e+05 10 0 WDBNDRY_B 0 2.838e+02 1.022e+03))
s>        ( SILENCE 1 -4.577e+05 9.215e+02 1.957e+03
s>            ( - -4.001e+04 2 0)
s>            ( QUESTION0_4_R 1 -4.168e+05 6.064e+02 1.786e+03
s>                ( - -5.503e+04 7 0 WDBNDRY_E 0 4.527e+02 2.386e+02)
s>                ( QUESTION15 1 -3.611e+05 5.184e+02 1.548e+03
s>                    ( WDBNDRY_E 0 -8.466e+04 6.571e+02 3.570e+02
s>                        ( - -3.113e+04 1 0)
s>                        ( - -5.288e+04 2 0 WDBNDRY_B 0 1.443e+02 2.294e+02))
s>                    ( QUESTION0_0_R 1 -2.760e+05 5.037e+02 1.191e+03
s>                        ( - -2.213e+05 16 0 QUESTION0_3_R 1 3.981e+02 9.578e+02)
s>                        ( - -5.418e+04 3 0 QUESTION0_14_R 1 1.703e+02 2.328e+02))))))INFO: dtree.c(1439): stop. leaf nodes are specific
INFO: dtree.c(1478): Final simple tree
|( WDBNDRY_E 0 -1.756e+05 1.102e+03 7.273e+02
|    ( - -4.397e+04 1 0)
|    ( QUESTION20 1 -1.306e+05 1.474e+02 5.556e+02
|        ( - -1.112e+03 1 0)
|        ( - -1.293e+05 1 0)))
s>    ( WDBNDRY_E 0 -1.756e+05 1.102e+03 7.273e+02
s>        ( - -4.397e+04 1 0)
s>        ( QUESTION20 1 -1.306e+05 1.474e+02 5.556e+02
s>            ( - -1.112e+03 1 0)
s>            ( - -1.293e+05 1 0)))INFO: dtree.c(1315): Comp split 5
INFO: dtree.c(1478): Final simple tree
|( SILENCE -1 -1.955e+05 9.558e+02 8.328e+02
|    ( - -6.551e+04 1 0)
|    ( QUESTION20 1 -1.291e+05 4.204e+02 5.480e+02
|        ( QUESTION0 -1 -3.869e+04 2.215e+02 1.673e+02
|            ( - -6.318e+02 1 0)
|            ( - -3.784e+04 3 0))
|        ( QUESTION6 -1 -8.997e+04 4.525e+02 3.806e+02
|            ( - 1.463e+02 1 0)
|            ( WDBNDRY_B 0 -8.966e+04 2.039e+02 3.796e+02
|                ( QUESTION2_0_L -1 -8.551e+04 1.843e+02 3.626e+02
|                    ( - -3.196e+03 2 0 QUESTION0 -1 1.457e+02 1.452e+01)
|                    ( QUESTION0_14_R 1 -8.213e+04 1.462e+02 3.480e+02
|                        ( - -1.842e+03 1 0)
|                        ( - -8.015e+04 3 0)))
|                ( - -3.945e+03 1 0)))))
s>    ( SILENCE -1 -1.955e+05 9.558e+02 8.328e+02
s>        ( - -6.551e+04 1 0)
s>        ( QUESTION20 1 -1.291e+05 4.204e+02 5.480e+02
s>            ( QUESTION0 -1 -3.869e+04 2.215e+02 1.673e+02
s>                ( - -6.318e+02 1 0)
s>                ( - -3.784e+04 3 0))
s>            ( QUESTION6 -1 -8.997e+04 4.525e+02 3.806e+02
s>                ( - 1.463e+02 1 0)
s>                ( WDBNDRY_B 0 -8.966e+04 2.039e+02 3.796e+02
s>                    ( QUESTION2_0_L -1 -8.551e+04 1.843e+02 3.626e+02
s>                        ( - -3.196e+03 2 0 QUESTION0 -1 1.457e+02 1.452e+01)
s>                        ( QUESTION0_14_R 1 -8.213e+04 1.462e+02 3.480e+02
s>                            ( - -1.842e+03 1 0)
s>                            ( - -8.015e+04 3 0)))
s>                    ( - -3.945e+03 1 0)))))INFO: dtree.c(1439): stop. leaf nodes are specific
INFO: dtree.c(1478): Final simple tree
|( QUESTION2_1_L -1 -1.296e+05 4.177e+02 5.841e+02
|    ( - -2.339e+04 1 0)
|    ( QUESTION14 1 -1.058e+05 3.691e+02 4.822e+02
|        ( - -2.159e+04 1 0)
|        ( - -8.387e+04 1 0)))
s>    ( QUESTION2_1_L -1 -1.296e+05 4.177e+02 5.841e+02
s>        ( - -2.339e+04 1 0)
s>        ( QUESTION14 1 -1.058e+05 3.691e+02 4.822e+02
s>            ( - -2.159e+04 1 0)
s>            ( - -8.387e+04 1 0)))INFO: dtree.c(1315): Comp split 6
INFO: dtree.c(1478): Final simple tree
|( WDBNDRY_E 0 -3.102e+05 7.995e+02 1.321e+03
|    ( SILENCE 1 -7.163e+04 4.953e+02 2.989e+02
|        ( - -4.001e+04 2 0)
|        ( - -3.113e+04 1 0))
|    ( WDBNDRY_B 0 -2.378e+05 2.838e+02 1.022e+03
|        ( QUESTION20 1 -8.598e+04 2.424e+02 3.688e+02
|            ( QUESTION14 -1 -5.610e+04 1.673e+02 2.425e+02
|                ( - -9.418e+02 1 0)
|                ( - -5.500e+04 2 0))
|            ( QUESTION14 -1 -2.964e+04 1.492e+02 1.263e+02
|                ( - -1.320e+03 1 0)
|                ( - -2.817e+04 2 0)))
|        ( QUESTION20 1 -1.515e+05 3.947e+02 6.529e+02
|            ( - -3.821e+04 2 0)
|            ( - -1.129e+05 2 0))))
s>    ( WDBNDRY_E 0 -3.102e+05 7.995e+02 1.321e+03
s>        ( SILENCE 1 -7.163e+04 4.953e+02 2.989e+02
s>            ( - -4.001e+04 2 0)
s>            ( - -3.113e+04 1 0))
s>        ( WDBNDRY_B 0 -2.378e+05 2.838e+02 1.022e+03
s>            ( QUESTION20 1 -8.598e+04 2.424e+02 3.688e+02
s>                ( QUESTION14 -1 -5.610e+04 1.673e+02 2.425e+02
s>                    ( - -9.418e+02 1 0)
s>                    ( - -5.500e+04 2 0))
s>                ( QUESTION14 -1 -2.964e+04 1.492e+02 1.263e+02
s>                    ( - -1.320e+03 1 0)
s>                    ( - -2.817e+04 2 0)))
s>            ( QUESTION20 1 -1.515e+05 3.947e+02 6.529e+02
s>                ( - -3.821e+04 2 0)
s>                ( - -1.129e+05 2 0))))INFO: dtree.c(1478): Final simple tree
|( QUESTION0_4_R 1 -4.755e+05 5.825e+02 2.050e+03
|    ( WDBNDRY_E 0 -5.503e+04 4.527e+02 2.386e+02
|        ( - -2.866e+04 5 0)
|        ( - -2.592e+04 2 0))
|    ( QUESTION0_16_R 1 -4.199e+05 5.459e+02 1.812e+03
|        ( - -9.022e+04 2 0 QUESTION14 1 1.789e+02 3.916e+02)
|        ( QUESTION0_0_R 1 -3.291e+05 3.991e+02 1.420e+03
|            ( QUESTION0_3_R 1 -2.213e+05 3.981e+02 9.578e+02
|                ( - -1.303e+04 5 0 WDBNDRY_E 0 1.697e+02 5.950e+01)
|                ( QUESTION0_1_R 1 -2.078e+05 2.721e+02 8.983e+02
|                    ( - -1.069e+05 6 0 QUESTION0 1 1.237e+02 4.600e+02)
|                    ( - -1.007e+05 5 0 QUESTION0_8_R 1 2.167e+02 4.383e+02)))
|            ( WDBNDRY_E 0 -1.075e+05 4.075e+02 4.622e+02
|                ( - -5.418e+04 3 0 QUESTION0_14_R 1 1.703e+02 2.328e+02)
|                ( - -5.288e+04 2 0 WDBNDRY_B 0 1.443e+02 2.294e+02)))))
s>    ( QUESTION0_4_R 1 -4.755e+05 5.825e+02 2.050e+03
s>        ( WDBNDRY_E 0 -5.503e+04 4.527e+02 2.386e+02
s>            ( - -2.866e+04 5 0)
s>            ( - -2.592e+04 2 0))
s>        ( QUESTION0_16_R 1 -4.199e+05 5.459e+02 1.812e+03
s>            ( - -9.022e+04 2 0 QUESTION14 1 1.789e+02 3.916e+02)
s>            ( QUESTION0_0_R 1 -3.291e+05 3.991e+02 1.420e+03
s>                ( QUESTION0_3_R 1 -2.213e+05 3.981e+02 9.578e+02
s>                    ( - -1.303e+04 5 0 WDBNDRY_E 0 1.697e+02 5.950e+01)
s>                    ( QUESTION0_1_R 1 -2.078e+05 2.721e+02 8.983e+02
s>                        ( - -1.069e+05 6 0 QUESTION0 1 1.237e+02 4.600e+02)
s>                        ( - -1.007e+05 5 0 QUESTION0_8_R 1 2.167e+02 4.383e+02)))
s>                ( WDBNDRY_E 0 -1.075e+05 4.075e+02 4.622e+02
s>                    ( - -5.418e+04 3 0 QUESTION0_14_R 1 1.703e+02 2.328e+02)
s>                    ( - -5.288e+04 2 0 WDBNDRY_B 0 1.443e+02 2.294e+02)))))INFO: dtree.c(1315): Comp split 7
INFO: dtree.c(1478): Final simple tree
|( QUESTION11 -1 -3.195e+05 9.482e+02 1.374e+03
|    ( QUESTION2_20_L -1 -1.009e+05 7.397e+02 4.362e+02
|        ( QUESTION20 1 -2.904e+04 4.531e+02 1.254e+02
|            ( - 1.870e+02 1 0)
|            ( - -2.878e+04 2 0 WDBNDRY_B 0 1.691e+02 1.244e+02))
|        ( WDBNDRY_B 0 -7.112e+04 3.154e+02 3.108e+02
|            ( - -2.596e+04 2 0 QUESTION20 1 1.926e+02 1.155e+02)
|            ( - -4.485e+04 3 0 QUESTION0_14_R 1 2.654e+02 1.953e+02)))
|    ( QUESTION2_14_L -1 -2.177e+05 8.208e+02 9.375e+02
|        ( QUESTION0_14_R 1 -4.140e+04 3.401e+02 1.780e+02
|            ( - -1.654e+04 1 0)
|            ( - -2.451e+04 1 0))
|        ( QUESTION0_0_R 1 -1.755e+05 2.819e+02 7.595e+02
|            ( - -1.324e+03 1 0)
|            ( - -1.739e+05 4 0 WDBNDRY_B 0 2.517e+02 7.535e+02))))
s>    ( QUESTION11 -1 -3.195e+05 9.482e+02 1.374e+03
s>        ( QUESTION2_20_L -1 -1.009e+05 7.397e+02 4.362e+02
s>            ( QUESTION20 1 -2.904e+04 4.531e+02 1.254e+02
s>                ( - 1.870e+02 1 0)
s>                ( - -2.878e+04 2 0 WDBNDRY_B 0 1.691e+02 1.244e+02))
s>            ( WDBNDRY_B 0 -7.112e+04 3.154e+02 3.108e+02
s>                ( - -2.596e+04 2 0 QUESTION20 1 1.926e+02 1.155e+02)
s>                ( - -4.485e+04 3 0 QUESTION0_14_R 1 2.654e+02 1.953e+02)))
s>        ( QUESTION2_14_L -1 -2.177e+05 8.208e+02 9.375e+02
s>            ( QUESTION0_14_R 1 -4.140e+04 3.401e+02 1.780e+02
s>                ( - -1.654e+04 1 0)
s>                ( - -2.451e+04 1 0))
s>            ( QUESTION0_0_R 1 -1.755e+05 2.819e+02 7.595e+02
s>                ( - -1.324e+03 1 0)
s>                ( - -1.739e+05 4 0 WDBNDRY_B 0 2.517e+02 7.535e+02))))INFO: dtree.c(1439): stop. leaf nodes are specific
INFO: dtree.c(1478): Final simple tree
|( WDBNDRY_B 0 -7.171e+04 3.174e+02 3.233e+02
|    ( - -4.888e+04 1 0)
|    ( QUESTION0_14_R 1 -2.252e+04 1.710e+02 1.009e+02
|        ( - -2.802e+03 1 0)
|        ( QUESTION20 1 -1.955e+04 1.546e+02 8.809e+01
|            ( - -1.886e+04 1 0)
|            ( - -5.315e+02 1 0))))
s>    ( WDBNDRY_B 0 -7.171e+04 3.174e+02 3.233e+02
s>        ( - -4.888e+04 1 0)
s>        ( QUESTION0_14_R 1 -2.252e+04 1.710e+02 1.009e+02
s>            ( - -2.802e+03 1 0)
s>            ( QUESTION20 1 -1.955e+04 1.546e+02 8.809e+01
s>                ( - -1.886e+04 1 0)
s>                ( - -5.315e+02 1 0))))INFO: dtree.c(1315): Comp split 8
INFO: dtree.c(1478): Final simple tree
|( QUESTION14 -1 -3.520e+05 5.036e+02 1.514e+03
|    ( - -6.113e+04 1 0)
|    ( QUESTION16 1 -2.904e+05 4.990e+02 1.253e+03
|        ( - -1.230e+05 2 0)
|        ( WDBNDRY_B 0 -1.669e+05 3.154e+02 7.223e+02
|            ( QUESTION20 1 -7.507e+04 2.689e+02 3.225e+02
|                ( - -2.253e+04 2 0 QUESTION0 -1 1.287e+02 9.749e+01)
|                ( - -5.227e+04 1 0))
|            ( SILENCE 1 -9.150e+04 2.487e+02 3.998e+02
|                ( - -7.194e+03 1 0)
|                ( QUESTION0_7_R 1 -8.406e+04 2.655e+02 3.681e+02
|                    ( - -2.312e+04 1 0)
|                    ( QUESTION4 1 -6.067e+04 2.273e+02 2.655e+02
|                        ( - -1.862e+02 1 0)
|                        ( - -6.026e+04 11 0 QUESTION0_2_R 1 2.148e+02 2.635e+02)))))))
s>    ( QUESTION14 -1 -3.520e+05 5.036e+02 1.514e+03
s>        ( - -6.113e+04 1 0)
s>        ( QUESTION16 1 -2.904e+05 4.990e+02 1.253e+03
s>            ( - -1.230e+05 2 0)
s>            ( WDBNDRY_B 0 -1.669e+05 3.154e+02 7.223e+02
s>                ( QUESTION20 1 -7.507e+04 2.689e+02 3.225e+02
s>                    ( - -2.253e+04 2 0 QUESTION0 -1 1.287e+02 9.749e+01)
s>                    ( - -5.227e+04 1 0))
s>                ( SILENCE 1 -9.150e+04 2.487e+02 3.998e+02
s>                    ( - -7.194e+03 1 0)
s>                    ( QUESTION0_7_R 1 -8.406e+04 2.655e+02 3.681e+02
s>                        ( - -2.312e+04 1 0)
s>                        ( QUESTION4 1 -6.067e+04 2.273e+02 2.655e+02
s>                            ( - -1.862e+02 1 0)
s>                            ( - -6.026e+04 11 0 QUESTION0_2_R 1 2.148e+02 2.635e+02)))))))INFO: dtree.c(1478): Final simple tree
|( WDBNDRY_E 0 -2.042e+05 5.284e+02 8.866e+02
|    ( QUESTION20 -1 -1.253e+05 3.188e+02 5.435e+02
|        ( QUESTION0_2_R 1 -7.579e+04 2.949e+02 3.307e+02
|            ( - -3.647e+04 1 0)
|            ( - -3.903e+04 4 0 QUESTION0_0_R 1 1.671e+02 1.686e+02))
|        ( QUESTION0_2_R 1 -4.919e+04 2.887e+02 2.128e+02
|            ( - -2.022e+04 4 0 QUESTION0 1 1.532e+02 8.890e+01)
|            ( QUESTION0_14_R 1 -2.869e+04 2.051e+02 1.239e+02
|                ( - -8.045e+02 1 0)
|                ( - -2.768e+04 7 0 QUESTION0_5_R 1 1.867e+02 1.199e+02))))
|    ( QUESTION18 -1 -7.836e+04 3.855e+02 3.431e+02
|        ( WDBNDRY_B 0 -5.491e+04 2.236e+02 2.425e+02
|            ( - -8.343e+03 2 0 QUESTION20 1 1.234e+02 3.604e+01)
|            ( - -4.635e+04 1 0))
|        ( - -2.306e+04 8 0 QUESTION20 -1 1.910e+02 1.006e+02)))
s>    ( WDBNDRY_E 0 -2.042e+05 5.284e+02 8.866e+02
s>        ( QUESTION20 -1 -1.253e+05 3.188e+02 5.435e+02
s>            ( QUESTION0_2_R 1 -7.579e+04 2.949e+02 3.307e+02
s>                ( - -3.647e+04 1 0)
s>                ( - -3.903e+04 4 0 QUESTION0_0_R 1 1.671e+02 1.686e+02))
s>            ( QUESTION0_2_R 1 -4.919e+04 2.887e+02 2.128e+02
s>                ( - -2.022e+04 4 0 QUESTION0 1 1.532e+02 8.890e+01)
s>                ( QUESTION0_14_R 1 -2.869e+04 2.051e+02 1.239e+02
s>                    ( - -8.045e+02 1 0)
s>                    ( - -2.768e+04 7 0 QUESTION0_5_R 1 1.867e+02 1.199e+02))))
s>        ( QUESTION18 -1 -7.836e+04 3.855e+02 3.431e+02
s>            ( WDBNDRY_B 0 -5.491e+04 2.236e+02 2.425e+02
s>                ( - -8.343e+03 2 0 QUESTION20 1 1.234e+02 3.604e+01)
s>                ( - -4.635e+04 1 0))
s>            ( - -2.306e+04 8 0 QUESTION20 -1 1.910e+02 1.006e+02)))INFO: dtree.c(1315): Comp split 9
INFO: dtree.c(1439): stop. leaf nodes are specific
INFO: dtree.c(1478): Final simple tree
|( QUESTION16 1 -1.912e+05 5.192e+02 8.290e+02
|    ( - -1.654e+04 1 0)
|    ( QUESTION11 -1 -1.741e+05 4.433e+02 7.545e+02
|        ( - 1.870e+02 1 0)
|        ( WDBNDRY_B 0 -1.739e+05 2.517e+02 7.535e+02
|            ( QUESTION20 1 -8.863e+03 1.089e+02 3.703e+01
|                ( - -5.523e+03 1 0)
|                ( - -3.231e+03 1 0))
|            ( QUESTION0_14_R 1 -1.647e+05 1.486e+02 7.165e+02
|                ( - -4.043e+03 1 0)
|                ( - -1.605e+05 1 0)))))
s>    ( QUESTION16 1 -1.912e+05 5.192e+02 8.290e+02
s>        ( - -1.654e+04 1 0)
s>        ( QUESTION11 -1 -1.741e+05 4.433e+02 7.545e+02
s>            ( - 1.870e+02 1 0)
s>            ( WDBNDRY_B 0 -1.739e+05 2.517e+02 7.535e+02
s>                ( QUESTION20 1 -8.863e+03 1.089e+02 3.703e+01
s>                    ( - -5.523e+03 1 0)
s>                    ( - -3.231e+03 1 0))
s>                ( QUESTION0_14_R 1 -1.647e+05 1.486e+02 7.165e+02
s>                    ( - -4.043e+03 1 0)
s>                    ( - -1.605e+05 1 0)))))INFO: dtree.c(1478): Final simple tree
|( QUESTION2_20_L -1 -1.272e+05 7.136e+02 5.447e+02
|    ( WDBNDRY_B 0 -3.026e+04 1.660e+02 1.304e+02
|        ( - -9.083e+02 1 0)
|        ( QUESTION0_0_R 1 -2.919e+04 1.673e+02 1.264e+02
|            ( - -1.324e+03 1 0)
|            ( - -2.770e+04 1 0)))
|    ( QUESTION0 -1 -9.623e+04 5.968e+02 4.143e+02
|        ( WDBNDRY_B 0 -7.112e+04 3.154e+02 3.108e+02
|            ( QUESTION20 1 -2.596e+04 1.926e+02 1.155e+02
|                ( - -1.164e+03 1 0)
|                ( - -2.460e+04 1 0))
|            ( QUESTION0_14_R 1 -4.485e+04 2.654e+02 1.953e+02
|                ( - -1.675e+04 1 0)
|                ( - -2.783e+04 2 0 QUESTION20 1 1.504e+02 1.217e+02)))
|        ( - -2.451e+04 1 0)))
s>    ( QUESTION2_20_L -1 -1.272e+05 7.136e+02 5.447e+02
s>        ( WDBNDRY_B 0 -3.026e+04 1.660e+02 1.304e+02
s>            ( - -9.083e+02 1 0)
s>            ( QUESTION0_0_R 1 -2.919e+04 1.673e+02 1.264e+02
s>                ( - -1.324e+03 1 0)
s>                ( - -2.770e+04 1 0)))
s>        ( QUESTION0 -1 -9.623e+04 5.968e+02 4.143e+02
s>            ( WDBNDRY_B 0 -7.112e+04 3.154e+02 3.108e+02
s>                ( QUESTION20 1 -2.596e+04 1.926e+02 1.155e+02
s>                    ( - -1.164e+03 1 0)
s>                    ( - -2.460e+04 1 0))
s>                ( QUESTION0_14_R 1 -4.485e+04 2.654e+02 1.953e+02
s>                    ( - -1.675e+04 1 0)
s>                    ( - -2.783e+04 2 0 QUESTION20 1 1.504e+02 1.217e+02)))
s>            ( - -2.451e+04 1 0)))INFO: dtree.c(1315): Comp split 10
INFO: dtree.c(1439): stop. leaf nodes are specific
INFO: dtree.c(1478): Final simple tree
|( WDBNDRY_E 0 -4.523e+04 1.454e+02 1.767e+02
|    ( - -4.397e+04 1 0)
|    ( - -1.112e+03 1 0))
s>    ( WDBNDRY_E 0 -4.523e+04 1.454e+02 1.767e+02
s>        ( - -4.397e+04 1 0)
s>        ( - -1.112e+03 1 0))INFO: dtree.c(1315): Comp split 11
INFO: dtree.c(1439): stop. leaf nodes are specific
INFO: dtree.c(1478): Final simple tree
|( QUESTION6 -1 -1.282e+05 4.518e+02 5.460e+02
|    ( - 1.463e+02 1 0)
|    ( QUESTION20 1 -1.279e+05 4.194e+02 5.450e+02
|        ( - -3.784e+04 3 0)
|        ( WDBNDRY_B 0 -8.966e+04 2.039e+02 3.796e+02
|            ( QUESTION2_0_L -1 -8.551e+04 1.843e+02 3.626e+02
|                ( QUESTION0 -1 -3.196e+03 1.457e+02 1.452e+01
|                    ( - -3.325e+02 1 0)
|                    ( - -2.718e+03 1 0))
|                ( QUESTION0_14_R 1 -8.213e+04 1.462e+02 3.480e+02
|                    ( - -1.842e+03 1 0)
|                    ( - -8.015e+04 3 0)))
|            ( - -3.945e+03 1 0))))
s>    ( QUESTION6 -1 -1.282e+05 4.518e+02 5.460e+02
s>        ( - 1.463e+02 1 0)
s>        ( QUESTION20 1 -1.279e+05 4.194e+02 5.450e+02
s>            ( - -3.784e+04 3 0)
s>            ( WDBNDRY_B 0 -8.966e+04 2.039e+02 3.796e+02
s>                ( QUESTION2_0_L -1 -8.551e+04 1.843e+02 3.626e+02
s>                    ( QUESTION0 -1 -3.196e+03 1.457e+02 1.452e+01
s>                        ( - -3.325e+02 1 0)
s>                        ( - -2.718e+03 1 0))
s>                    ( QUESTION0_14_R 1 -8.213e+04 1.462e+02 3.480e+02
s>                        ( - -1.842e+03 1 0)
s>                        ( - -8.015e+04 3 0)))
s>                ( - -3.945e+03 1 0))))INFO: dtree.c(1439): stop. leaf nodes are specific
INFO: dtree.c(1478): Final simple tree
|( SILENCE -1 -6.636e+04 2.187e+02 2.869e+02
|    ( - -6.551e+04 1 0)
|    ( - -6.318e+02 1 0))
s>    ( SILENCE -1 -6.636e+04 2.187e+02 2.869e+02
s>        ( - -6.551e+04 1 0)
s>        ( - -6.318e+02 1 0))INFO: dtree.c(1315): Comp split 12
INFO: dtree.c(1439): stop. leaf nodes are specific
INFO: dtree.c(1478): Final simple tree
|( SILENCE 1 -7.308e+04 5.006e+02 3.049e+02
|    ( - -4.001e+04 2 0)
|    ( WDBNDRY_B 0 -3.257e+04 1.266e+02 1.336e+02
|        ( - -1.320e+03 1 0)
|        ( - -3.113e+04 1 0)))
s>    ( SILENCE 1 -7.308e+04 5.006e+02 3.049e+02
s>        ( - -4.001e+04 2 0)
s>        ( WDBNDRY_B 0 -3.257e+04 1.266e+02 1.336e+02
s>            ( - -1.320e+03 1 0)
s>            ( - -3.113e+04 1 0)))INFO: dtree.c(1439): stop. leaf nodes are specific
INFO: dtree.c(1478): Final simple tree
|( WDBNDRY_B 0 -2.363e+05 2.884e+02 1.016e+03
|    ( QUESTION20 1 -8.453e+04 2.551e+02 3.628e+02
|        ( QUESTION14 -1 -5.610e+04 1.673e+02 2.425e+02
|            ( - -9.418e+02 1 0)
|            ( - -5.500e+04 2 0))
|        ( - -2.817e+04 2 0))
|    ( QUESTION20 1 -1.515e+05 3.947e+02 6.529e+02
|        ( - -3.821e+04 2 0)
|        ( - -1.129e+05 2 0)))
s>    ( WDBNDRY_B 0 -2.363e+05 2.884e+02 1.016e+03
s>        ( QUESTION20 1 -8.453e+04 2.551e+02 3.628e+02
s>            ( QUESTION14 -1 -5.610e+04 1.673e+02 2.425e+02
s>                ( - -9.418e+02 1 0)
s>                ( - -5.500e+04 2 0))
s>            ( - -2.817e+04 2 0))
s>        ( QUESTION20 1 -1.515e+05 3.947e+02 6.529e+02
s>            ( - -3.821e+04 2 0)
s>            ( - -1.129e+05 2 0)))INFO: dtree.c(1315): Comp split 13
INFO: dtree.c(1439): stop. leaf nodes are specific
INFO: dtree.c(1478): Final simple tree
|( WDBNDRY_B 0 -7.112e+04 3.154e+02 3.108e+02
|    ( QUESTION20 1 -2.596e+04 1.926e+02 1.155e+02
|        ( - -1.164e+03 1 0)
|        ( - -2.460e+04 1 0))
|    ( QUESTION0_14_R 1 -4.485e+04 2.654e+02 1.953e+02
|        ( - -1.675e+04 1 0)
|        ( QUESTION20 1 -2.783e+04 1.504e+02 1.217e+02
|            ( - -4.253e+03 1 0)
|            ( - -2.342e+04 1 0))))
s>    ( WDBNDRY_B 0 -7.112e+04 3.154e+02 3.108e+02
s>        ( QUESTION20 1 -2.596e+04 1.926e+02 1.155e+02
s>            ( - -1.164e+03 1 0)
s>            ( - -2.460e+04 1 0))
s>        ( QUESTION0_14_R 1 -4.485e+04 2.654e+02 1.953e+02
s>            ( - -1.675e+04 1 0)
s>            ( QUESTION20 1 -2.783e+04 1.504e+02 1.217e+02
s>                ( - -4.253e+03 1 0)
s>                ( - -2.342e+04 1 0))))INFO: dtree.c(1439): stop. leaf nodes are specific
INFO: dtree.c(1478): Final simple tree
|( QUESTION20 1 -5.532e+04 5.379e+02 2.339e+02
|    ( - -2.451e+04 1 0)
|    ( WDBNDRY_B 0 -3.026e+04 1.660e+02 1.304e+02
|        ( - -9.083e+02 1 0)
|        ( QUESTION0_0_R 1 -2.919e+04 1.673e+02 1.264e+02
|            ( - -1.324e+03 1 0)
|            ( - -2.770e+04 1 0))))
s>    ( QUESTION20 1 -5.532e+04 5.379e+02 2.339e+02
s>        ( - -2.451e+04 1 0)
s>        ( WDBNDRY_B 0 -3.026e+04 1.660e+02 1.304e+02
s>            ( - -9.083e+02 1 0)
s>            ( QUESTION0_0_R 1 -2.919e+04 1.673e+02 1.264e+02
s>                ( - -1.324e+03 1 0)
s>                ( - -2.770e+04 1 0))))INFO: dtree.c(1315): Comp split 14
INFO: dtree.c(1478): Final simple tree
|( QUESTION0_3_R 1 -3.555e+05 4.644e+02 1.532e+03
|    ( WDBNDRY_E 0 -3.928e+04 3.376e+02 1.720e+02
|        ( - -1.187e+04 4 0)
|        ( - -2.707e+04 3 0 QUESTION0_4_R 1 1.674e+02 1.175e+02))
|    ( QUESTION0_0_R 1 -3.157e+05 4.200e+02 1.360e+03
|        ( QUESTION0_1_R 1 -2.078e+05 2.721e+02 8.983e+02
|            ( - -1.069e+05 6 0 QUESTION0 1 1.237e+02 4.600e+02)
|            ( QUESTION0_8_R 1 -1.007e+05 2.167e+02 4.383e+02
|                ( - -3.020e+04 1 0)
|                ( - -7.029e+04 4 0 QUESTION6 1 1.680e+02 3.065e+02)))
|        ( WDBNDRY_E 0 -1.075e+05 4.075e+02 4.622e+02
|            ( QUESTION0_14_R 1 -5.418e+04 1.703e+02 2.328e+02
|                ( - -2.483e+04 2 0 QUESTION0 1 1.409e+02 1.076e+02)
|                ( - -2.918e+04 1 0))
|            ( - -5.288e+04 2 0 WDBNDRY_B 0 1.443e+02 2.294e+02))))
s>    ( QUESTION0_3_R 1 -3.555e+05 4.644e+02 1.532e+03
s>        ( WDBNDRY_E 0 -3.928e+04 3.376e+02 1.720e+02
s>            ( - -1.187e+04 4 0)
s>            ( - -2.707e+04 3 0 QUESTION0_4_R 1 1.674e+02 1.175e+02))
s>        ( QUESTION0_0_R 1 -3.157e+05 4.200e+02 1.360e+03
s>            ( QUESTION0_1_R 1 -2.078e+05 2.721e+02 8.983e+02
s>                ( - -1.069e+05 6 0 QUESTION0 1 1.237e+02 4.600e+02)
s>                ( QUESTION0_8_R 1 -1.007e+05 2.167e+02 4.383e+02
s>                    ( - -3.020e+04 1 0)
s>                    ( - -7.029e+04 4 0 QUESTION6 1 1.680e+02 3.065e+02)))
s>            ( WDBNDRY_E 0 -1.075e+05 4.075e+02 4.622e+02
s>                ( QUESTION0_14_R 1 -5.418e+04 1.703e+02 2.328e+02
s>                    ( - -2.483e+04 2 0 QUESTION0 1 1.409e+02 1.076e+02)
s>                    ( - -2.918e+04 1 0))
s>                ( - -5.288e+04 2 0 WDBNDRY_B 0 1.443e+02 2.294e+02))))INFO: dtree.c(1439): stop. leaf nodes are specific
INFO: dtree.c(1478): Final simple tree
|( QUESTION0_0_R 1 -1.193e+05 4.065e+02 5.177e+02
|    ( - -2.866e+04 5 0)
|    ( QUESTION14 1 -9.022e+04 1.789e+02 3.916e+02
|        ( - -7.030e+02 1 0)
|        ( - -8.933e+04 1 0)))
s>    ( QUESTION0_0_R 1 -1.193e+05 4.065e+02 5.177e+02
s>        ( - -2.866e+04 5 0)
s>        ( QUESTION14 1 -9.022e+04 1.789e+02 3.916e+02
s>            ( - -7.030e+02 1 0)
s>            ( - -8.933e+04 1 0)))INFO: dtree.c(1315): Comp split 15
INFO: dtree.c(1478): Final simple tree
|( QUESTION16 1 -1.073e+05 3.972e+02 4.670e+02
|    ( - -4.869e+04 3 0 WDBNDRY_B 0 1.579e+02 2.165e+02)
|    ( QUESTION0_4_R 1 -5.823e+04 2.299e+02 2.505e+02
|        ( - -8.373e+03 4 0 WDBNDRY_E 0 1.029e+02 3.740e+01)
|        ( QUESTION20 -1 -4.963e+04 2.045e+02 2.131e+02
|            ( - -1.397e+04 4 0 QUESTION0_14_R 1 1.252e+02 6.119e+01)
|            ( QUESTION0_14_R 1 -3.545e+04 1.959e+02 1.519e+02
|                ( - -8.045e+02 1 0)
|                ( QUESTION0_1_R 1 -3.445e+04 1.916e+02 1.479e+02
|                    ( - -7.248e+02 1 0)
|                    ( QUESTION0_17_R 1 -3.353e+04 1.716e+02 1.439e+02
|                        ( - -1.459e+04 1 0)
|                        ( QUESTION0_0_R 1 -1.877e+04 1.625e+02 8.022e+01
|                            ( - -4.719e+02 1 0)
|                            ( - -1.814e+04 4 0 SILENCE 1 1.603e+02 7.722e+01))))))))
s>    ( QUESTION16 1 -1.073e+05 3.972e+02 4.670e+02
s>        ( - -4.869e+04 3 0 WDBNDRY_B 0 1.579e+02 2.165e+02)
s>        ( QUESTION0_4_R 1 -5.823e+04 2.299e+02 2.505e+02
s>            ( - -8.373e+03 4 0 WDBNDRY_E 0 1.029e+02 3.740e+01)
s>            ( QUESTION20 -1 -4.963e+04 2.045e+02 2.131e+02
s>                ( - -1.397e+04 4 0 QUESTION0_14_R 1 1.252e+02 6.119e+01)
s>                ( QUESTION0_14_R 1 -3.545e+04 1.959e+02 1.519e+02
s>                    ( - -8.045e+02 1 0)
s>                    ( QUESTION0_1_R 1 -3.445e+04 1.916e+02 1.479e+02
s>                        ( - -7.248e+02 1 0)
s>                        ( QUESTION0_17_R 1 -3.353e+04 1.716e+02 1.439e+02
s>                            ( - -1.459e+04 1 0)
s>                            ( QUESTION0_0_R 1 -1.877e+04 1.625e+02 8.022e+01
s>                                ( - -4.719e+02 1 0)
s>                                ( - -1.814e+04 4 0 SILENCE 1 1.603e+02 7.722e+01))))))))INFO: dtree.c(1439): stop. leaf nodes are specific
INFO: dtree.c(1478): Final simple tree
|( QUESTION0_2_R 1 -9.626e+04 2.734e+02 4.196e+02
|    ( QUESTION12 1 -5.696e+04 2.918e+02 2.510e+02
|        ( - -1.787e+04 2 0)
|        ( QUESTION20 -1 -3.880e+04 1.402e+02 1.721e+02
|            ( - -3.647e+04 1 0)
|            ( QUESTION0 1 -2.197e+03 1.391e+02 1.000e+01
|                ( - -1.308e+03 1 0)
|                ( - -7.499e+02 1 0))))
|    ( QUESTION0_0_R 1 -3.903e+04 1.671e+02 1.686e+02
|        ( - -1.828e+04 1 0)
|        ( QUESTION0_14_R 1 -2.058e+04 1.388e+02 8.863e+01
|            ( - -1.799e+04 2 0)
|            ( - -2.456e+03 1 0))))
s>    ( QUESTION0_2_R 1 -9.626e+04 2.734e+02 4.196e+02
s>        ( QUESTION12 1 -5.696e+04 2.918e+02 2.510e+02
s>            ( - -1.787e+04 2 0)
s>            ( QUESTION20 -1 -3.880e+04 1.402e+02 1.721e+02
s>                ( - -3.647e+04 1 0)
s>                ( QUESTION0 1 -2.197e+03 1.391e+02 1.000e+01
s>                    ( - -1.308e+03 1 0)
s>                    ( - -7.499e+02 1 0))))
s>        ( QUESTION0_0_R 1 -3.903e+04 1.671e+02 1.686e+02
s>            ( - -1.828e+04 1 0)
s>            ( QUESTION0_14_R 1 -2.058e+04 1.388e+02 8.863e+01
s>                ( - -1.799e+04 2 0)
s>                ( - -2.456e+03 1 0))))INFO: dtree.c(1315): Comp split 16
INFO: dtree.c(1439): stop. leaf nodes are specific
INFO: dtree.c(1478): Final simple tree
|( QUESTION0_0_R 1 -6.638e+04 3.229e+02 2.873e+02
|    ( - -1.187e+04 4 0)
|    ( QUESTION0_14_R 1 -5.418e+04 1.703e+02 2.328e+02
|        ( QUESTION0 1 -2.483e+04 1.409e+02 1.076e+02
|            ( - -5.534e+02 1 0)
|            ( - -2.414e+04 1 0))
|        ( - -2.918e+04 1 0)))
s>    ( QUESTION0_0_R 1 -6.638e+04 3.229e+02 2.873e+02
s>        ( - -1.187e+04 4 0)
s>        ( QUESTION0_14_R 1 -5.418e+04 1.703e+02 2.328e+02
s>            ( QUESTION0 1 -2.483e+04 1.409e+02 1.076e+02
s>                ( - -5.534e+02 1 0)
s>                ( - -2.414e+04 1 0))
s>            ( - -2.918e+04 1 0)))INFO: dtree.c(1478): Final simple tree
|( QUESTION0_4_R 1 -2.885e+05 4.209e+02 1.245e+03
|    ( - -2.592e+04 2 0)
|    ( QUESTION0_6_R 1 -2.622e+05 3.240e+02 1.133e+03
|        ( QUESTION0_8_R 1 -1.007e+05 2.167e+02 4.383e+02
|            ( - -3.020e+04 1 0)
|            ( QUESTION6 1 -7.029e+04 1.680e+02 3.065e+02
|                ( - -3.978e+04 2 0)
|                ( - -3.034e+04 2 0 QUESTION0_7_R 1 1.004e+02 1.324e+02)))
|        ( QUESTION0_0_R 1 -1.611e+05 2.441e+02 6.944e+02
|            ( WDBNDRY_E 0 -1.080e+05 1.648e+02 4.650e+02
|                ( - -1.069e+05 6 0 QUESTION0 1 1.237e+02 4.600e+02)
|                ( - -9.833e+02 1 0))
|            ( WDBNDRY_B 0 -5.288e+04 1.443e+02 2.294e+02
|                ( - -1.029e+03 1 0)
|                ( - -5.170e+04 1 0)))))
s>    ( QUESTION0_4_R 1 -2.885e+05 4.209e+02 1.245e+03
s>        ( - -2.592e+04 2 0)
s>        ( QUESTION0_6_R 1 -2.622e+05 3.240e+02 1.133e+03
s>            ( QUESTION0_8_R 1 -1.007e+05 2.167e+02 4.383e+02
s>                ( - -3.020e+04 1 0)
s>                ( QUESTION6 1 -7.029e+04 1.680e+02 3.065e+02
s>                    ( - -3.978e+04 2 0)
s>                    ( - -3.034e+04 2 0 QUESTION0_7_R 1 1.004e+02 1.324e+02)))
s>            ( QUESTION0_0_R 1 -1.611e+05 2.441e+02 6.944e+02
s>                ( WDBNDRY_E 0 -1.080e+05 1.648e+02 4.650e+02
s>                    ( - -1.069e+05 6 0 QUESTION0 1 1.237e+02 4.600e+02)
s>                    ( - -9.833e+02 1 0))
s>                ( WDBNDRY_B 0 -5.288e+04 1.443e+02 2.294e+02
s>                    ( - -1.029e+03 1 0)
s>                    ( - -5.170e+04 1 0)))))INFO: dtree.c(1315): Comp split 17
INFO: dtree.c(1478): Final simple tree
|( WDBNDRY_B 0 -1.594e+05 3.107e+02 6.906e+02
|    ( QUESTION20 1 -7.507e+04 2.689e+02 3.225e+02
|        ( - -2.253e+04 2 0 QUESTION0 -1 1.287e+02 9.749e+01)
|        ( - -5.227e+04 1 0))
|    ( QUESTION0_7_R 1 -8.406e+04 2.655e+02 3.681e+02
|        ( - -2.312e+04 1 0)
|        ( QUESTION4 1 -6.067e+04 2.273e+02 2.655e+02
|            ( - -1.862e+02 1 0)
|            ( QUESTION0_2_R 1 -6.026e+04 2.148e+02 2.635e+02
|                ( - -2.286e+04 3 0 QUESTION11 1 1.438e+02 1.016e+02)
|                ( QUESTION20 1 -3.718e+04 1.840e+02 1.620e+02
|                    ( - -1.965e+03 2 0 WDBNDRY_E 0 1.347e+02 8.983e+00)
|                    ( QUESTION0_14_R 1 -3.503e+04 1.734e+02 1.530e+02
|                        ( - -7.143e+02 1 0)
|                        ( - -3.414e+04 5 0 QUESTION11 1 2.350e+02 1.490e+02)))))))
s>    ( WDBNDRY_B 0 -1.594e+05 3.107e+02 6.906e+02
s>        ( QUESTION20 1 -7.507e+04 2.689e+02 3.225e+02
s>            ( - -2.253e+04 2 0 QUESTION0 -1 1.287e+02 9.749e+01)
s>            ( - -5.227e+04 1 0))
s>        ( QUESTION0_7_R 1 -8.406e+04 2.655e+02 3.681e+02
s>            ( - -2.312e+04 1 0)
s>            ( QUESTION4 1 -6.067e+04 2.273e+02 2.655e+02
s>                ( - -1.862e+02 1 0)
s>                ( QUESTION0_2_R 1 -6.026e+04 2.148e+02 2.635e+02
s>                    ( - -2.286e+04 3 0 QUESTION11 1 1.438e+02 1.016e+02)
s>                    ( QUESTION20 1 -3.718e+04 1.840e+02 1.620e+02
s>                        ( - -1.965e+03 2 0 WDBNDRY_E 0 1.347e+02 8.983e+00)
s>                        ( QUESTION0_14_R 1 -3.503e+04 1.734e+02 1.530e+02
s>                            ( - -7.143e+02 1 0)
s>                            ( - -3.414e+04 5 0 QUESTION11 1 2.350e+02 1.490e+02)))))))INFO: dtree.c(1439): stop. leaf nodes are specific
INFO: dtree.c(1478): Final simple tree
|( WDBNDRY_B 0 -1.920e+05 4.586e+02 8.234e+02
|    ( - -6.113e+04 1 0)
|    ( WDBNDRY_E 0 -1.304e+05 2.069e+02 5.623e+02
|        ( - -7.194e+03 1 0)
|        ( - -1.230e+05 2 0)))
s>    ( WDBNDRY_B 0 -1.920e+05 4.586e+02 8.234e+02
s>        ( - -6.113e+04 1 0)
s>        ( WDBNDRY_E 0 -1.304e+05 2.069e+02 5.623e+02
s>            ( - -7.194e+03 1 0)
s>            ( - -1.230e+05 2 0)))INFO: dtree.c(1315): Comp split 18
INFO: dtree.c(1439): stop. leaf nodes are specific
INFO: dtree.c(1478): Final simple tree
|( WDBNDRY_B 0 -3.026e+04 1.660e+02 1.304e+02
|    ( - -9.083e+02 1 0)
|    ( QUESTION0_0_R 1 -2.919e+04 1.673e+02 1.264e+02
|        ( - -1.324e+03 1 0)
|        ( - -2.770e+04 1 0)))
s>    ( WDBNDRY_B 0 -3.026e+04 1.660e+02 1.304e+02
s>        ( - -9.083e+02 1 0)
s>        ( QUESTION0_0_R 1 -2.919e+04 1.673e+02 1.264e+02
s>            ( - -1.324e+03 1 0)
s>            ( - -2.770e+04 1 0)))INFO: dtree.c(1315): Comp split 19
INFO: dtree.c(1439): stop. leaf nodes are specific
INFO: dtree.c(1478): Final simple tree
|( QUESTION11 -1 -1.741e+05 4.433e+02 7.545e+02
|    ( - 1.870e+02 1 0)
|    ( WDBNDRY_B 0 -1.739e+05 2.517e+02 7.535e+02
|        ( QUESTION20 1 -8.863e+03 1.089e+02 3.703e+01
|            ( - -5.523e+03 1 0)
|            ( - -3.231e+03 1 0))
|        ( QUESTION0_14_R 1 -1.647e+05 1.486e+02 7.165e+02
|            ( - -4.043e+03 1 0)
|            ( - -1.605e+05 1 0))))
s>    ( QUESTION11 -1 -1.741e+05 4.433e+02 7.545e+02
s>        ( - 1.870e+02 1 0)
s>        ( WDBNDRY_B 0 -1.739e+05 2.517e+02 7.535e+02
s>            ( QUESTION20 1 -8.863e+03 1.089e+02 3.703e+01
s>                ( - -5.523e+03 1 0)
s>                ( - -3.231e+03 1 0))
s>            ( QUESTION0_14_R 1 -1.647e+05 1.486e+02 7.165e+02
s>                ( - -4.043e+03 1 0)
s>                ( - -1.605e+05 1 0))))INFO: dtree.c(1315): Comp split 20
INFO: dtree.c(1439): stop. leaf nodes are specific
INFO: dtree.c(1478): Final simple tree
|( WDBNDRY_B 0 -3.257e+04 1.266e+02 1.336e+02
|    ( - -1.320e+03 1 0)
|    ( - -3.113e+04 1 0))
s>    ( WDBNDRY_B 0 -3.257e+04 1.266e+02 1.336e+02
s>        ( - -1.320e+03 1 0)
s>        ( - -3.113e+04 1 0))INFO: dtree.c(1315): Comp split 21
INFO: dtree.c(1439): stop. leaf nodes are specific
INFO: dtree.c(1478): Final simple tree
|( WDBNDRY_B 0 -1.682e+05 3.352e+02 7.277e+02
|    ( - -5.500e+04 2 0)
|    ( - -1.129e+05 2 0))
s>    ( WDBNDRY_B 0 -1.682e+05 3.352e+02 7.277e+02
s>        ( - -5.500e+04 2 0)
s>        ( - -1.129e+05 2 0))INFO: dtree.c(1439): stop. leaf nodes are specific
INFO: dtree.c(1478): Final simple tree
|( QUESTION14 -1 -6.761e+04 1.589e+02 2.880e+02
|    ( - -9.418e+02 1 0)
|    ( WDBNDRY_B 0 -6.651e+04 1.313e+02 2.830e+02
|        ( - -2.817e+04 2 0)
|        ( - -3.821e+04 2 0)))
s>    ( QUESTION14 -1 -6.761e+04 1.589e+02 2.880e+02
s>        ( - -9.418e+02 1 0)
s>        ( WDBNDRY_B 0 -6.651e+04 1.313e+02 2.830e+02
s>            ( - -2.817e+04 2 0)
s>            ( - -3.821e+04 2 0)))INFO: dtree.c(1315): Comp split 22
INFO: dtree.c(1439): stop. leaf nodes are specific
INFO: dtree.c(1478): Final simple tree
|( WDBNDRY_E 0 -1.304e+05 2.069e+02 5.623e+02
|    ( - -7.194e+03 1 0)
|    ( - -1.230e+05 2 0))
s>    ( WDBNDRY_E 0 -1.304e+05 2.069e+02 5.623e+02
s>        ( - -7.194e+03 1 0)
s>        ( - -1.230e+05 2 0))INFO: dtree.c(1315): Comp split 23
INFO: dtree.c(1439): stop. leaf nodes are specific
INFO: dtree.c(1478): Final simple tree
|( QUESTION20 1 -1.279e+05 4.194e+02 5.450e+02
|    ( - -3.784e+04 3 0)
|    ( WDBNDRY_B 0 -8.966e+04 2.039e+02 3.796e+02
|        ( QUESTION2_0_L -1 -8.551e+04 1.843e+02 3.626e+02
|            ( QUESTION0 -1 -3.196e+03 1.457e+02 1.452e+01
|                ( - -3.325e+02 1 0)
|                ( - -2.718e+03 1 0))
|            ( QUESTION0_14_R 1 -8.213e+04 1.462e+02 3.480e+02
|                ( - -1.842e+03 1 0)
|                ( - -8.015e+04 3 0)))
|        ( - -3.945e+03 1 0)))
s>    ( QUESTION20 1 -1.279e+05 4.194e+02 5.450e+02
s>        ( - -3.784e+04 3 0)
s>        ( WDBNDRY_B 0 -8.966e+04 2.039e+02 3.796e+02
s>            ( QUESTION2_0_L -1 -8.551e+04 1.843e+02 3.626e+02
s>                ( QUESTION0 -1 -3.196e+03 1.457e+02 1.452e+01
s>                    ( - -3.325e+02 1 0)
s>                    ( - -2.718e+03 1 0))
s>                ( QUESTION0_14_R 1 -8.213e+04 1.462e+02 3.480e+02
s>                    ( - -1.842e+03 1 0)
s>                    ( - -8.015e+04 3 0)))
s>            ( - -3.945e+03 1 0)))INFO: dtree.c(1315): Comp split 24
INFO: dtree.c(1439): stop. leaf nodes are specific
INFO: dtree.c(1478): Final simple tree
|( WDBNDRY_B 0 -1.739e+05 2.517e+02 7.535e+02
|    ( QUESTION20 1 -8.863e+03 1.089e+02 3.703e+01
|        ( - -5.523e+03 1 0)
|        ( - -3.231e+03 1 0))
|    ( QUESTION0_14_R 1 -1.647e+05 1.486e+02 7.165e+02
|        ( - -4.043e+03 1 0)
|        ( - -1.605e+05 1 0)))
s>    ( WDBNDRY_B 0 -1.739e+05 2.517e+02 7.535e+02
s>        ( QUESTION20 1 -8.863e+03 1.089e+02 3.703e+01
s>            ( - -5.523e+03 1 0)
s>            ( - -3.231e+03 1 0))
s>        ( QUESTION0_14_R 1 -1.647e+05 1.486e+02 7.165e+02
s>            ( - -4.043e+03 1 0)
s>            ( - -1.605e+05 1 0)))INFO: dtree.c(1315): Comp split 25
INFO: dtree.c(1439): stop. leaf nodes are specific
INFO: dtree.c(1478): Final simple tree
|( WDBNDRY_B 0 -2.708e+04 1.354e+02 1.175e+02
|    ( - -1.029e+03 1 0)
|    ( - -2.592e+04 2 0))
s>    ( WDBNDRY_B 0 -2.708e+04 1.354e+02 1.175e+02
s>        ( - -1.029e+03 1 0)
s>        ( - -2.592e+04 2 0))INFO: dtree.c(1478): Final simple tree
|( QUESTION0_6_R 1 -2.610e+05 3.237e+02 1.128e+03
|    ( QUESTION0_8_R 1 -1.007e+05 2.167e+02 4.383e+02
|        ( - -3.020e+04 1 0)
|        ( QUESTION6 1 -7.029e+04 1.680e+02 3.065e+02
|            ( - -3.978e+04 2 0)
|            ( QUESTION0_7_R 1 -3.034e+04 1.004e+02 1.324e+02
|                ( - -2.860e+04 1 0)
|                ( - -1.640e+03 1 0))))
|    ( QUESTION0_0_R 1 -1.600e+05 2.382e+02 6.894e+02
|        ( WDBNDRY_E 0 -1.080e+05 1.648e+02 4.650e+02
|            ( QUESTION0 1 -1.069e+05 1.237e+02 4.600e+02
|                ( - -7.886e+04 4 0)
|                ( - -2.789e+04 2 0))
|            ( - -9.833e+02 1 0))
|        ( - -5.170e+04 1 0)))
s>    ( QUESTION0_6_R 1 -2.610e+05 3.237e+02 1.128e+03
s>        ( QUESTION0_8_R 1 -1.007e+05 2.167e+02 4.383e+02
s>            ( - -3.020e+04 1 0)
s>            ( QUESTION6 1 -7.029e+04 1.680e+02 3.065e+02
s>                ( - -3.978e+04 2 0)
s>                ( QUESTION0_7_R 1 -3.034e+04 1.004e+02 1.324e+02
s>                    ( - -2.860e+04 1 0)
s>                    ( - -1.640e+03 1 0))))
s>        ( QUESTION0_0_R 1 -1.600e+05 2.382e+02 6.894e+02
s>            ( WDBNDRY_E 0 -1.080e+05 1.648e+02 4.650e+02
s>                ( QUESTION0 1 -1.069e+05 1.237e+02 4.600e+02
s>                    ( - -7.886e+04 4 0)
s>                    ( - -2.789e+04 2 0))
s>                ( - -9.833e+02 1 0))
s>            ( - -5.170e+04 1 0)))INFO: dtree.c(1315): Comp split 26
INFO: dtree.c(1439): stop. leaf nodes are specific
INFO: dtree.c(1478): Final simple tree
|( QUESTION14 1 -4.534e+04 3.567e+02 2.028e+02
|    ( - -2.159e+04 1 0)
|    ( - -2.339e+04 1 0))
s>    ( QUESTION14 1 -4.534e+04 3.567e+02 2.028e+02
s>        ( - -2.159e+04 1 0)
s>        ( - -2.339e+04 1 0))INFO: dtree.c(1315): Comp split 27
INFO: dtree.c(1439): stop. leaf nodes are specific
INFO: dtree.c(1478): Final simple tree
|( QUESTION0 -1 -3.831e+04 1.349e+02 1.673e+02
|    ( - -3.325e+02 1 0)
|    ( - -3.784e+04 3 0))
s>    ( QUESTION0 -1 -3.831e+04 1.349e+02 1.673e+02
s>        ( - -3.325e+02 1 0)
s>        ( - -3.784e+04 3 0))INFO: dtree.c(1439): stop. leaf nodes are specific
INFO: dtree.c(1478): Final simple tree
|( WDBNDRY_B 0 -8.919e+04 2.043e+02 3.776e+02
|    ( QUESTION2_0_L -1 -8.504e+04 1.846e+02 3.606e+02
|        ( - -2.718e+03 1 0)
|        ( QUESTION0_14_R 1 -8.213e+04 1.462e+02 3.480e+02
|            ( - -1.842e+03 1 0)
|            ( - -8.015e+04 3 0)))
|    ( - -3.945e+03 1 0))
s>    ( WDBNDRY_B 0 -8.919e+04 2.043e+02 3.776e+02
s>        ( QUESTION2_0_L -1 -8.504e+04 1.846e+02 3.606e+02
s>            ( - -2.718e+03 1 0)
s>            ( QUESTION0_14_R 1 -8.213e+04 1.462e+02 3.480e+02
s>                ( - -1.842e+03 1 0)
s>                ( - -8.015e+04 3 0)))
s>        ( - -3.945e+03 1 0))INFO: dtree.c(1315): Comp split 28
INFO: dtree.c(1439): stop. leaf nodes are specific
INFO: dtree.c(1478): Final simple tree
|( QUESTION14 1 -9.022e+04 1.789e+02 3.916e+02
|    ( - -7.030e+02 1 0)
|    ( - -8.933e+04 1 0))
s>    ( QUESTION14 1 -9.022e+04 1.789e+02 3.916e+02
s>        ( - -7.030e+02 1 0)
s>        ( - -8.933e+04 1 0))INFO: dtree.c(1315): Comp split 29
INFO: dtree.c(1439): stop. leaf nodes are specific
INFO: dtree.c(1478): Final simple tree
|( WDBNDRY_E 0 -5.062e+04 2.135e+02 2.245e+02
|    ( QUESTION0_0_R 1 -1.712e+03 1.825e+02 8.000e+00
|        ( - -7.248e+02 1 0)
|        ( - -8.045e+02 1 0))
|    ( WDBNDRY_B 0 -4.869e+04 1.579e+02 2.165e+02
|        ( - -7.682e+02 1 0)
|        ( QUESTION18 -1 -4.777e+04 1.829e+02 2.125e+02
|            ( - -4.635e+04 1 0)
|            ( - -1.235e+03 1 0))))
s>    ( WDBNDRY_E 0 -5.062e+04 2.135e+02 2.245e+02
s>        ( QUESTION0_0_R 1 -1.712e+03 1.825e+02 8.000e+00
s>            ( - -7.248e+02 1 0)
s>            ( - -8.045e+02 1 0))
s>        ( WDBNDRY_B 0 -4.869e+04 1.579e+02 2.165e+02
s>            ( - -7.682e+02 1 0)
s>            ( QUESTION18 -1 -4.777e+04 1.829e+02 2.125e+02
s>                ( - -4.635e+04 1 0)
s>                ( - -1.235e+03 1 0))))INFO: dtree.c(1478): Final simple tree
|( QUESTION0_0_R 1 -5.630e+04 2.331e+02 2.425e+02
|    ( QUESTION0_1_R 1 -8.985e+03 1.405e+02 4.040e+01
|        ( - -8.373e+03 4 0 WDBNDRY_E 0 1.029e+02 3.740e+01)
|        ( - -4.719e+02 1 0))
|    ( QUESTION20 -1 -4.708e+04 2.036e+02 2.021e+02
|        ( QUESTION0_14_R 1 -1.397e+04 1.252e+02 6.119e+01
|            ( - -1.735e+03 1 0)
|            ( - -1.211e+04 3 0 QUESTION20 1 1.129e+02 5.319e+01))
|        ( QUESTION0_17_R 1 -3.290e+04 1.758e+02 1.409e+02
|            ( - -1.459e+04 1 0)
|            ( SILENCE 1 -1.814e+04 1.603e+02 7.722e+01
|                ( - -5.751e+03 1 0)
|                ( QUESTION20 1 -1.223e+04 1.162e+02 5.306e+01
|                    ( - -4.066e+03 1 0)
|                    ( - -8.044e+03 2 0 WDBNDRY_B 0 1.074e+02 3.505e+01))))))
s>    ( QUESTION0_0_R 1 -5.630e+04 2.331e+02 2.425e+02
s>        ( QUESTION0_1_R 1 -8.985e+03 1.405e+02 4.040e+01
s>            ( - -8.373e+03 4 0 WDBNDRY_E 0 1.029e+02 3.740e+01)
s>            ( - -4.719e+02 1 0))
s>        ( QUESTION20 -1 -4.708e+04 2.036e+02 2.021e+02
s>            ( QUESTION0_14_R 1 -1.397e+04 1.252e+02 6.119e+01
s>                ( - -1.735e+03 1 0)
s>                ( - -1.211e+04 3 0 QUESTION20 1 1.129e+02 5.319e+01))
s>            ( QUESTION0_17_R 1 -3.290e+04 1.758e+02 1.409e+02
s>                ( - -1.459e+04 1 0)
s>                ( SILENCE 1 -1.814e+04 1.603e+02 7.722e+01
s>                    ( - -5.751e+03 1 0)
s>                    ( QUESTION20 1 -1.223e+04 1.162e+02 5.306e+01
s>                        ( - -4.066e+03 1 0)
s>                        ( - -8.044e+03 2 0 WDBNDRY_B 0 1.074e+02 3.505e+01))))))INFO: dtree.c(1315): Comp split 30
INFO: dtree.c(1478): Final simple tree
|( QUESTION0_7_R 1 -1.068e+05 2.993e+02 4.655e+02
|    ( - -2.312e+04 1 0)
|    ( QUESTION4 1 -8.337e+04 2.252e+02 3.630e+02
|        ( - -1.862e+02 1 0)
|        ( QUESTION2_14_L -1 -8.296e+04 2.036e+02 3.610e+02
|            ( QUESTION0_14_R 1 -2.832e+04 1.766e+02 1.253e+02
|                ( - -7.143e+02 1 0)
|                ( QUESTION0_6_R 1 -2.743e+04 1.523e+02 1.213e+02
|                    ( - -7.069e+02 1 0)
|                    ( - -2.657e+04 6 0 QUESTION12 1 1.309e+02 1.173e+02)))
|            ( WDBNDRY_B 0 -5.443e+04 1.809e+02 2.357e+02
|                ( - -2.160e+04 1 0)
|                ( QUESTION20 1 -3.265e+04 1.918e+02 1.412e+02
|                    ( - -1.965e+03 2 0 WDBNDRY_E 0 1.347e+02 8.983e+00)
|                    ( - -3.049e+04 2 0 WDBNDRY_E 0 1.109e+02 1.323e+02))))))
s>    ( QUESTION0_7_R 1 -1.068e+05 2.993e+02 4.655e+02
s>        ( - -2.312e+04 1 0)
s>        ( QUESTION4 1 -8.337e+04 2.252e+02 3.630e+02
s>            ( - -1.862e+02 1 0)
s>            ( QUESTION2_14_L -1 -8.296e+04 2.036e+02 3.610e+02
s>                ( QUESTION0_14_R 1 -2.832e+04 1.766e+02 1.253e+02
s>                    ( - -7.143e+02 1 0)
s>                    ( QUESTION0_6_R 1 -2.743e+04 1.523e+02 1.213e+02
s>                        ( - -7.069e+02 1 0)
s>                        ( - -2.657e+04 6 0 QUESTION12 1 1.309e+02 1.173e+02)))
s>                ( WDBNDRY_B 0 -5.443e+04 1.809e+02 2.357e+02
s>                    ( - -2.160e+04 1 0)
s>                    ( QUESTION20 1 -3.265e+04 1.918e+02 1.412e+02
s>                        ( - -1.965e+03 2 0 WDBNDRY_E 0 1.347e+02 8.983e+00)
s>                        ( - -3.049e+04 2 0 WDBNDRY_E 0 1.109e+02 1.323e+02))))))INFO: dtree.c(1315): Comp split 31
INFO: dtree.c(1315): Comp split 32
INFO: dtree.c(1439): stop. leaf nodes are specific
INFO: dtree.c(1478): Final simple tree
|( WDBNDRY_B 0 -2.478e+04 1.863e+02 1.094e+02
|    ( - -1.164e+03 1 0)
|    ( - -2.342e+04 1 0))
s>    ( WDBNDRY_B 0 -2.478e+04 1.863e+02 1.094e+02
s>        ( - -1.164e+03 1 0)
s>        ( - -2.342e+04 1 0))INFO: dtree.c(1439): stop. leaf nodes are specific
INFO: dtree.c(1478): Final simple tree
|( QUESTION0_14_R 1 -4.599e+04 2.573e+02 2.014e+02
|    ( - -1.675e+04 1 0)
|    ( WDBNDRY_B 0 -2.899e+04 1.315e+02 1.278e+02
|        ( - -2.460e+04 1 0)
|        ( - -4.253e+03 1 0)))
s>    ( QUESTION0_14_R 1 -4.599e+04 2.573e+02 2.014e+02
s>        ( - -1.675e+04 1 0)
s>        ( WDBNDRY_B 0 -2.899e+04 1.315e+02 1.278e+02
s>            ( - -2.460e+04 1 0)
s>            ( - -4.253e+03 1 0)))INFO: dtree.c(1315): Comp split 33
INFO: dtree.c(1439): stop. leaf nodes are specific
INFO: dtree.c(1478): Final simple tree
|( QUESTION20 -1 -4.137e+04 1.370e+02 1.830e+02
|    ( QUESTION0_0_R 1 -3.904e+04 1.157e+02 1.730e+02
|        ( - -3.647e+04 1 0)
|        ( - -2.456e+03 1 0))
|    ( QUESTION0 1 -2.197e+03 1.391e+02 1.000e+01
|        ( - -1.308e+03 1 0)
|        ( - -7.499e+02 1 0)))
s>    ( QUESTION20 -1 -4.137e+04 1.370e+02 1.830e+02
s>        ( QUESTION0_0_R 1 -3.904e+04 1.157e+02 1.730e+02
s>            ( - -3.647e+04 1 0)
s>            ( - -2.456e+03 1 0))
s>        ( QUESTION0 1 -2.197e+03 1.391e+02 1.000e+01
s>            ( - -1.308e+03 1 0)
s>            ( - -7.499e+02 1 0)))INFO: dtree.c(1439): stop. leaf nodes are specific
INFO: dtree.c(1478): Final simple tree
|( QUESTION0_2_R 1 -5.455e+04 2.473e+02 2.366e+02
|    ( - -1.787e+04 2 0)
|    ( QUESTION0_0_R 1 -3.643e+04 1.662e+02 1.577e+02
|        ( - -1.828e+04 1 0)
|        ( - -1.799e+04 2 0)))
s>    ( QUESTION0_2_R 1 -5.455e+04 2.473e+02 2.366e+02
s>        ( - -1.787e+04 2 0)
s>        ( QUESTION0_0_R 1 -3.643e+04 1.662e+02 1.577e+02
s>            ( - -1.828e+04 1 0)
s>            ( - -1.799e+04 2 0)))INFO: dtree.c(1315): Comp split 34
INFO: dtree.c(1315): Comp split 35
INFO: dtree.c(1439): stop. leaf nodes are specific
INFO: dtree.c(1478): Final simple tree
|( QUESTION0_0_R 1 -1.600e+05 2.382e+02 6.894e+02
|    ( WDBNDRY_E 0 -1.080e+05 1.648e+02 4.650e+02
|        ( QUESTION0 1 -1.069e+05 1.237e+02 4.600e+02
|            ( - -7.886e+04 4 0)
|            ( - -2.789e+04 2 0))
|        ( - -9.833e+02 1 0))
|    ( - -5.170e+04 1 0))
s>    ( QUESTION0_0_R 1 -1.600e+05 2.382e+02 6.894e+02
s>        ( WDBNDRY_E 0 -1.080e+05 1.648e+02 4.650e+02
s>            ( QUESTION0 1 -1.069e+05 1.237e+02 4.600e+02
s>                ( - -7.886e+04 4 0)
s>                ( - -2.789e+04 2 0))
s>            ( - -9.833e+02 1 0))
s>        ( - -5.170e+04 1 0))INFO: dtree.c(1439): stop. leaf nodes are specific
INFO: dtree.c(1478): Final simple tree
|( QUESTION0_8_R 1 -1.007e+05 2.167e+02 4.383e+02
|    ( - -3.020e+04 1 0)
|    ( QUESTION6 1 -7.029e+04 1.680e+02 3.065e+02
|        ( - -3.978e+04 2 0)
|        ( QUESTION0_7_R 1 -3.034e+04 1.004e+02 1.324e+02
|            ( - -2.860e+04 1 0)
|            ( - -1.640e+03 1 0))))
s>    ( QUESTION0_8_R 1 -1.007e+05 2.167e+02 4.383e+02
s>        ( - -3.020e+04 1 0)
s>        ( QUESTION6 1 -7.029e+04 1.680e+02 3.065e+02
s>            ( - -3.978e+04 2 0)
s>            ( QUESTION0_7_R 1 -3.034e+04 1.004e+02 1.324e+02
s>                ( - -2.860e+04 1 0)
s>                ( - -1.640e+03 1 0))))INFO: dtree.c(1315): Comp split 36
INFO: dtree.c(1439): stop. leaf nodes are specific
INFO: dtree.c(1478): Final simple tree
|( QUESTION0_14_R 1 -5.418e+04 1.703e+02 2.328e+02
|    ( QUESTION0 1 -2.483e+04 1.409e+02 1.076e+02
|        ( - -5.534e+02 1 0)
|        ( - -2.414e+04 1 0))
|    ( - -2.918e+04 1 0))
s>    ( QUESTION0_14_R 1 -5.418e+04 1.703e+02 2.328e+02
s>        ( QUESTION0 1 -2.483e+04 1.409e+02 1.076e+02
s>            ( - -5.534e+02 1 0)
s>            ( - -2.414e+04 1 0))
s>        ( - -2.918e+04 1 0))INFO: dtree.c(1315): Comp split 37
INFO: dtree.c(1439): stop. leaf nodes are specific
INFO: dtree.c(1478): Final simple tree
|( WDBNDRY_B 0 -4.956e+04 1.519e+02 2.254e+02
|    ( - -4.888e+04 1 0)
|    ( - -5.315e+02 1 0))
s>    ( WDBNDRY_B 0 -4.956e+04 1.519e+02 2.254e+02
s>        ( - -4.888e+04 1 0)
s>        ( - -5.315e+02 1 0))INFO: dtree.c(1439): stop. leaf nodes are specific
INFO: dtree.c(1478): Final simple tree
|( QUESTION0_14_R 1 -2.183e+04 1.701e+02 9.793e+01
|    ( - -2.802e+03 1 0)
|    ( - -1.886e+04 1 0))
s>    ( QUESTION0_14_R 1 -2.183e+04 1.701e+02 9.793e+01
s>        ( - -2.802e+03 1 0)
s>        ( - -1.886e+04 1 0))INFO: dtree.c(1315): Comp split 38
INFO: dtree.c(1478): Final simple tree
|( QUESTION4 1 -8.337e+04 2.252e+02 3.630e+02
|    ( - -1.862e+02 1 0)
|    ( QUESTION2_14_L -1 -8.296e+04 2.036e+02 3.610e+02
|        ( QUESTION0_14_R 1 -2.832e+04 1.766e+02 1.253e+02
|            ( - -7.143e+02 1 0)
|            ( QUESTION0_6_R 1 -2.743e+04 1.523e+02 1.213e+02
|                ( - -7.069e+02 1 0)
|                ( - -2.657e+04 6 0 QUESTION12 1 1.309e+02 1.173e+02)))
|        ( WDBNDRY_B 0 -5.443e+04 1.809e+02 2.357e+02
|            ( - -2.160e+04 1 0)
|            ( QUESTION20 1 -3.265e+04 1.918e+02 1.412e+02
|                ( WDBNDRY_E 0 -1.965e+03 1.347e+02 8.983e+00
|                    ( - -1.286e+03 1 0)
|                    ( - -5.444e+02 1 0))
|                ( - -3.049e+04 2 0 WDBNDRY_E 0 1.109e+02 1.323e+02)))))
s>    ( QUESTION4 1 -8.337e+04 2.252e+02 3.630e+02
s>        ( - -1.862e+02 1 0)
s>        ( QUESTION2_14_L -1 -8.296e+04 2.036e+02 3.610e+02
s>            ( QUESTION0_14_R 1 -2.832e+04 1.766e+02 1.253e+02
s>                ( - -7.143e+02 1 0)
s>                ( QUESTION0_6_R 1 -2.743e+04 1.523e+02 1.213e+02
s>                    ( - -7.069e+02 1 0)
s>                    ( - -2.657e+04 6 0 QUESTION12 1 1.309e+02 1.173e+02)))
s>            ( WDBNDRY_B 0 -5.443e+04 1.809e+02 2.357e+02
s>                ( - -2.160e+04 1 0)
s>                ( QUESTION20 1 -3.265e+04 1.918e+02 1.412e+02
s>                    ( WDBNDRY_E 0 -1.965e+03 1.347e+02 8.983e+00
s>                        ( - -1.286e+03 1 0)
s>                        ( - -5.444e+02 1 0))
s>                    ( - -3.049e+04 2 0 WDBNDRY_E 0 1.109e+02 1.323e+02)))))INFO: dtree.c(1315): Comp split 39
INFO: dtree.c(1439): stop. leaf nodes are specific
INFO: dtree.c(1478): Final simple tree
|( QUESTION0_17_R 1 -3.290e+04 1.758e+02 1.409e+02
|    ( - -1.459e+04 1 0)
|    ( SILENCE 1 -1.814e+04 1.603e+02 7.722e+01
|        ( - -5.751e+03 1 0)
|        ( QUESTION20 1 -1.223e+04 1.162e+02 5.306e+01
|            ( - -4.066e+03 1 0)
|            ( WDBNDRY_B 0 -8.044e+03 1.074e+02 3.505e+01
|                ( - -4.154e+03 1 0)
|                ( - -3.783e+03 1 0)))))
s>    ( QUESTION0_17_R 1 -3.290e+04 1.758e+02 1.409e+02
s>        ( - -1.459e+04 1 0)
s>        ( SILENCE 1 -1.814e+04 1.603e+02 7.722e+01
s>            ( - -5.751e+03 1 0)
s>            ( QUESTION20 1 -1.223e+04 1.162e+02 5.306e+01
s>                ( - -4.066e+03 1 0)
s>                ( WDBNDRY_B 0 -8.044e+03 1.074e+02 3.505e+01
s>                    ( - -4.154e+03 1 0)
s>                    ( - -3.783e+03 1 0)))))INFO: dtree.c(1478): Final simple tree
|( QUESTION20 -1 -2.311e+04 1.618e+02 1.016e+02
|    ( QUESTION0_14_R 1 -1.531e+04 1.240e+02 6.719e+01
|        ( - -1.735e+03 1 0)
|        ( WDBNDRY_B 0 -1.345e+04 1.173e+02 5.919e+01
|            ( - -9.023e+03 1 0)
|            ( QUESTION20 1 -4.314e+03 1.100e+02 1.900e+01
|                ( - -1.216e+03 1 0)
|                ( QUESTION0_0_R 1 -2.988e+03 8.327e+01 1.300e+01
|                    ( - -1.256e+03 1 0)
|                    ( - -1.649e+03 1 0)))))
|    ( QUESTION0_1_R 1 -7.638e+03 1.404e+02 3.440e+01
|        ( WDBNDRY_E 0 -7.026e+03 1.181e+02 3.140e+01
|            ( - -1.646e+03 2 0)
|            ( - -5.261e+03 1 0))
|        ( - -4.719e+02 1 0)))
s>    ( QUESTION20 -1 -2.311e+04 1.618e+02 1.016e+02
s>        ( QUESTION0_14_R 1 -1.531e+04 1.240e+02 6.719e+01
s>            ( - -1.735e+03 1 0)
s>            ( WDBNDRY_B 0 -1.345e+04 1.173e+02 5.919e+01
s>                ( - -9.023e+03 1 0)
s>                ( QUESTION20 1 -4.314e+03 1.100e+02 1.900e+01
s>                    ( - -1.216e+03 1 0)
s>                    ( QUESTION0_0_R 1 -2.988e+03 8.327e+01 1.300e+01
s>                        ( - -1.256e+03 1 0)
s>                        ( - -1.649e+03 1 0)))))
s>        ( QUESTION0_1_R 1 -7.638e+03 1.404e+02 3.440e+01
s>            ( WDBNDRY_E 0 -7.026e+03 1.181e+02 3.140e+01
s>                ( - -1.646e+03 2 0)
s>                ( - -5.261e+03 1 0))
s>            ( - -4.719e+02 1 0)))INFO: dtree.c(1315): Comp split 40
INFO: dtree.c(1439): stop. leaf nodes are specific
INFO: dtree.c(1478): Final simple tree
|( WDBNDRY_B 0 -1.304e+04 1.338e+02 5.494e+01
|    ( QUESTION20 1 -8.863e+03 1.089e+02 3.703e+01
|        ( - -5.523e+03 1 0)
|        ( - -3.231e+03 1 0))
|    ( - -4.043e+03 1 0))
s>    ( WDBNDRY_B 0 -1.304e+04 1.338e+02 5.494e+01
s>        ( QUESTION20 1 -8.863e+03 1.089e+02 3.703e+01
s>            ( - -5.523e+03 1 0)
s>            ( - -3.231e+03 1 0))
s>        ( - -4.043e+03 1 0))INFO: dtree.c(1315): Comp split 41
INFO: dtree.c(1439): stop. leaf nodes are specific
INFO: dtree.c(1478): Final simple tree
|( WDBNDRY_B 0 -2.899e+04 1.315e+02 1.278e+02
|    ( - -2.460e+04 1 0)
|    ( - -4.253e+03 1 0))
s>    ( WDBNDRY_B 0 -2.899e+04 1.315e+02 1.278e+02
s>        ( - -2.460e+04 1 0)
s>        ( - -4.253e+03 1 0))INFO: dtree.c(1315): Comp split 42
INFO: dtree.c(1439): stop. leaf nodes are specific
INFO: dtree.c(1478): Final simple tree
|( QUESTION0_0_R 1 -3.643e+04 1.662e+02 1.577e+02
|    ( - -1.828e+04 1 0)
|    ( - -1.799e+04 2 0))
s>    ( QUESTION0_0_R 1 -3.643e+04 1.662e+02 1.577e+02
s>        ( - -1.828e+04 1 0)
s>        ( - -1.799e+04 2 0))INFO: dtree.c(1315): Comp split 43
INFO: dtree.c(1439): stop. leaf nodes are specific
INFO: dtree.c(1478): Final simple tree
|( WDBNDRY_E 0 -1.080e+05 1.648e+02 4.650e+02
|    ( QUESTION0 1 -1.069e+05 1.237e+02 4.600e+02
|        ( - -7.886e+04 4 0)
|        ( - -2.789e+04 2 0))
|    ( - -9.833e+02 1 0))
s>    ( WDBNDRY_E 0 -1.080e+05 1.648e+02 4.650e+02
s>        ( QUESTION0 1 -1.069e+05 1.237e+02 4.600e+02
s>            ( - -7.886e+04 4 0)
s>            ( - -2.789e+04 2 0))
s>        ( - -9.833e+02 1 0))INFO: dtree.c(1315): Comp split 44
INFO: dtree.c(1439): stop. leaf nodes are specific
INFO: dtree.c(1478): Final simple tree
|( QUESTION14 1 -3.109e+03 1.960e+02 1.400e+01
|    ( - -8.045e+02 1 0)
|    ( WDBNDRY_E 0 -2.109e+03 1.491e+02 1.000e+01
|        ( - -7.248e+02 1 0)
|        ( - -1.235e+03 1 0)))
s>    ( QUESTION14 1 -3.109e+03 1.960e+02 1.400e+01
s>        ( - -8.045e+02 1 0)
s>        ( WDBNDRY_E 0 -2.109e+03 1.491e+02 1.000e+01
s>            ( - -7.248e+02 1 0)
s>            ( - -1.235e+03 1 0)))INFO: dtree.c(1439): stop. leaf nodes are specific
INFO: dtree.c(1478): Final simple tree
|( WDBNDRY_B 0 -4.728e+04 1.588e+02 2.105e+02
|    ( - -7.682e+02 1 0)
|    ( - -4.635e+04 1 0))
s>    ( WDBNDRY_B 0 -4.728e+04 1.588e+02 2.105e+02
s>        ( - -7.682e+02 1 0)
s>        ( - -4.635e+04 1 0))INFO: dtree.c(1315): Comp split 45
INFO: dtree.c(1478): Final simple tree
|( QUESTION2_14_L -1 -8.296e+04 2.036e+02 3.610e+02
|    ( QUESTION0_14_R 1 -2.832e+04 1.766e+02 1.253e+02
|        ( - -7.143e+02 1 0)
|        ( QUESTION0_6_R 1 -2.743e+04 1.523e+02 1.213e+02
|            ( - -7.069e+02 1 0)
|            ( QUESTION12 1 -2.657e+04 1.309e+02 1.173e+02
|                ( - -2.126e+04 3 0 QUESTION0_2_R 1 1.147e+02 9.454e+01)
|                ( - -5.174e+03 3 0 QUESTION0_3_R 1 2.381e+02 2.275e+01))))
|    ( WDBNDRY_B 0 -5.443e+04 1.809e+02 2.357e+02
|        ( - -2.160e+04 1 0)
|        ( QUESTION20 1 -3.265e+04 1.918e+02 1.412e+02
|            ( WDBNDRY_E 0 -1.965e+03 1.347e+02 8.983e+00
|                ( - -1.286e+03 1 0)
|                ( - -5.444e+02 1 0))
|            ( - -3.049e+04 2 0 WDBNDRY_E 0 1.109e+02 1.323e+02))))
s>    ( QUESTION2_14_L -1 -8.296e+04 2.036e+02 3.610e+02
s>        ( QUESTION0_14_R 1 -2.832e+04 1.766e+02 1.253e+02
s>            ( - -7.143e+02 1 0)
s>            ( QUESTION0_6_R 1 -2.743e+04 1.523e+02 1.213e+02
s>                ( - -7.069e+02 1 0)
s>                ( QUESTION12 1 -2.657e+04 1.309e+02 1.173e+02
s>                    ( - -2.126e+04 3 0 QUESTION0_2_R 1 1.147e+02 9.454e+01)
s>                    ( - -5.174e+03 3 0 QUESTION0_3_R 1 2.381e+02 2.275e+01))))
s>        ( WDBNDRY_B 0 -5.443e+04 1.809e+02 2.357e+02
s>            ( - -2.160e+04 1 0)
s>            ( QUESTION20 1 -3.265e+04 1.918e+02 1.412e+02
s>                ( WDBNDRY_E 0 -1.965e+03 1.347e+02 8.983e+00
s>                    ( - -1.286e+03 1 0)
s>                    ( - -5.444e+02 1 0))
s>                ( - -3.049e+04 2 0 WDBNDRY_E 0 1.109e+02 1.323e+02))))INFO: dtree.c(1315): Comp split 46
INFO: dtree.c(1315): Comp split 47
INFO: dtree.c(1439): stop. leaf nodes are specific
INFO: dtree.c(1478): Final simple tree
|( QUESTION6 1 -7.029e+04 1.680e+02 3.065e+02
|    ( - -3.978e+04 2 0)
|    ( QUESTION0_7_R 1 -3.034e+04 1.004e+02 1.324e+02
|        ( - -2.860e+04 1 0)
|        ( - -1.640e+03 1 0)))
s>    ( QUESTION6 1 -7.029e+04 1.680e+02 3.065e+02
s>        ( - -3.978e+04 2 0)
s>        ( QUESTION0_7_R 1 -3.034e+04 1.004e+02 1.324e+02
s>            ( - -2.860e+04 1 0)
s>            ( - -1.640e+03 1 0)))INFO: dtree.c(1315): Comp split 48
INFO: dtree.c(1478): Final simple tree
|( QUESTION2_14_L -1 -3.047e+04 1.837e+02 1.343e+02
|    ( QUESTION0_14_R 1 -2.832e+04 1.766e+02 1.253e+02
|        ( - -7.143e+02 1 0)
|        ( QUESTION0_6_R 1 -2.743e+04 1.523e+02 1.213e+02
|            ( - -7.069e+02 1 0)
|            ( QUESTION12 1 -2.657e+04 1.309e+02 1.173e+02
|                ( - -2.126e+04 3 0 QUESTION0_2_R 1 1.147e+02 9.454e+01)
|                ( QUESTION0_3_R 1 -5.174e+03 2.381e+02 2.275e+01
|                    ( - -2.148e+02 1 0)
|                    ( WDBNDRY_B 0 -4.721e+03 1.315e+02 2.075e+01
|                        ( - -7.949e+02 1 0)
|                        ( - -3.795e+03 1 0))))))
|    ( WDBNDRY_E 0 -1.965e+03 1.347e+02 8.983e+00
|        ( - -1.286e+03 1 0)
|        ( - -5.444e+02 1 0)))
s>    ( QUESTION2_14_L -1 -3.047e+04 1.837e+02 1.343e+02
s>        ( QUESTION0_14_R 1 -2.832e+04 1.766e+02 1.253e+02
s>            ( - -7.143e+02 1 0)
s>            ( QUESTION0_6_R 1 -2.743e+04 1.523e+02 1.213e+02
s>                ( - -7.069e+02 1 0)
s>                ( QUESTION12 1 -2.657e+04 1.309e+02 1.173e+02
s>                    ( - -2.126e+04 3 0 QUESTION0_2_R 1 1.147e+02 9.454e+01)
s>                    ( QUESTION0_3_R 1 -5.174e+03 2.381e+02 2.275e+01
s>                        ( - -2.148e+02 1 0)
s>                        ( WDBNDRY_B 0 -4.721e+03 1.315e+02 2.075e+01
s>                            ( - -7.949e+02 1 0)
s>                            ( - -3.795e+03 1 0))))))
s>        ( WDBNDRY_E 0 -1.965e+03 1.347e+02 8.983e+00
s>            ( - -1.286e+03 1 0)
s>            ( - -5.444e+02 1 0)))INFO: dtree.c(1439): stop. leaf nodes are specific
INFO: dtree.c(1478): Final simple tree
|( WDBNDRY_B 0 -5.227e+04 1.796e+02 2.268e+02
|    ( - -2.160e+04 1 0)
|    ( WDBNDRY_E 0 -3.049e+04 1.109e+02 1.323e+02
|        ( - -4.924e+03 1 0)
|        ( - -2.545e+04 1 0)))
s>    ( WDBNDRY_B 0 -5.227e+04 1.796e+02 2.268e+02
s>        ( - -2.160e+04 1 0)
s>        ( WDBNDRY_E 0 -3.049e+04 1.109e+02 1.323e+02
s>            ( - -4.924e+03 1 0)
s>            ( - -2.545e+04 1 0)))INFO: dtree.c(1315): Comp split 49
INFO: dtree.c(1478): Final simple tree
|( QUESTION2_14_L -1 -3.002e+04 1.850e+02 1.323e+02
|    ( QUESTION0_14_R 1 -2.787e+04 1.776e+02 1.233e+02
|        ( - -7.143e+02 1 0)
|        ( QUESTION0_6_R 1 -2.698e+04 1.516e+02 1.193e+02
|            ( - -7.069e+02 1 0)
|            ( QUESTION11 1 -2.612e+04 1.420e+02 1.153e+02
|                ( - -3.795e+03 1 0)
|                ( WDBNDRY_B 0 -2.219e+04 1.260e+02 9.754e+01
|                    ( - -7.949e+02 1 0)
|                    ( QUESTION0_2_R 1 -2.126e+04 1.147e+02 9.454e+01
|                        ( - -1.893e+04 2 0)
|                        ( - -2.225e+03 1 0))))))
|    ( WDBNDRY_E 0 -1.965e+03 1.347e+02 8.983e+00
|        ( - -1.286e+03 1 0)
|        ( - -5.444e+02 1 0)))
s>    ( QUESTION2_14_L -1 -3.002e+04 1.850e+02 1.323e+02
s>        ( QUESTION0_14_R 1 -2.787e+04 1.776e+02 1.233e+02
s>            ( - -7.143e+02 1 0)
s>            ( QUESTION0_6_R 1 -2.698e+04 1.516e+02 1.193e+02
s>                ( - -7.069e+02 1 0)
s>                ( QUESTION11 1 -2.612e+04 1.420e+02 1.153e+02
s>                    ( - -3.795e+03 1 0)
s>                    ( WDBNDRY_B 0 -2.219e+04 1.260e+02 9.754e+01
s>                        ( - -7.949e+02 1 0)
s>                        ( QUESTION0_2_R 1 -2.126e+04 1.147e+02 9.454e+01
s>                            ( - -1.893e+04 2 0)
s>                            ( - -2.225e+03 1 0))))))
s>        ( WDBNDRY_E 0 -1.965e+03 1.347e+02 8.983e+00
s>            ( - -1.286e+03 1 0)
s>            ( - -5.444e+02 1 0)))INFO: dtree.c(1315): Comp split 50
INFO: dtree.c(1315): Comp split 51
INFO: dtree.c(1439): stop. leaf nodes are specific
INFO: dtree.c(1478): Final simple tree
|( QUESTION2_0_L -1 -8.504e+04 1.846e+02 3.606e+02
|    ( - -2.718e+03 1 0)
|    ( QUESTION0_14_R 1 -8.213e+04 1.462e+02 3.480e+02
|        ( - -1.842e+03 1 0)
|        ( - -8.015e+04 3 0)))
s>    ( QUESTION2_0_L -1 -8.504e+04 1.846e+02 3.606e+02
s>        ( - -2.718e+03 1 0)
s>        ( QUESTION0_14_R 1 -8.213e+04 1.462e+02 3.480e+02
s>            ( - -1.842e+03 1 0)
s>            ( - -8.015e+04 3 0)))INFO: dtree.c(1315): Comp split 52
INFO: dtree.c(1439): stop. leaf nodes are specific
INFO: dtree.c(1478): Final simple tree
|( QUESTION0_6_R 1 -1.765e+04 1.433e+02 7.819e+01
|    ( - -4.719e+02 1 0)
|    ( WDBNDRY_B 0 -1.704e+04 1.403e+02 7.519e+01
|        ( QUESTION0_14_R 1 -1.088e+04 1.248e+02 4.819e+01
|            ( - -1.735e+03 1 0)
|            ( - -9.023e+03 1 0))
|        ( QUESTION20 1 -6.012e+03 1.016e+02 2.700e+01
|            ( - -1.216e+03 1 0)
|            ( QUESTION0_0_R 1 -4.695e+03 7.493e+01 2.100e+01
|                ( WDBNDRY_E 0 -2.970e+03 6.795e+01 1.400e+01
|                    ( - -1.646e+03 2 0)
|                    ( - -1.256e+03 1 0))
|                ( - -1.649e+03 1 0)))))
s>    ( QUESTION0_6_R 1 -1.765e+04 1.433e+02 7.819e+01
s>        ( - -4.719e+02 1 0)
s>        ( WDBNDRY_B 0 -1.704e+04 1.403e+02 7.519e+01
s>            ( QUESTION0_14_R 1 -1.088e+04 1.248e+02 4.819e+01
s>                ( - -1.735e+03 1 0)
s>                ( - -9.023e+03 1 0))
s>            ( QUESTION20 1 -6.012e+03 1.016e+02 2.700e+01
s>                ( - -1.216e+03 1 0)
s>                ( QUESTION0_0_R 1 -4.695e+03 7.493e+01 2.100e+01
s>                    ( WDBNDRY_E 0 -2.970e+03 6.795e+01 1.400e+01
s>                        ( - -1.646e+03 2 0)
s>                        ( - -1.256e+03 1 0))
s>                    ( - -1.649e+03 1 0)))))INFO: dtree.c(1315): Comp split 53
INFO: dtree.c(1439): stop. leaf nodes are specific
INFO: dtree.c(1478): Final simple tree
|( WDBNDRY_E 0 -2.109e+03 1.491e+02 1.000e+01
|    ( - -7.248e+02 1 0)
|    ( - -1.235e+03 1 0))
s>    ( WDBNDRY_E 0 -2.109e+03 1.491e+02 1.000e+01
s>        ( - -7.248e+02 1 0)
s>        ( - -1.235e+03 1 0))INFO: dtree.c(1315): Comp split 54
INFO: dtree.c(1439): stop. leaf nodes are specific
INFO: dtree.c(1478): Final simple tree
|( WDBNDRY_B 0 -2.374e+03 1.415e+02 1.000e+01
|    ( - -9.083e+02 1 0)
|    ( - -1.324e+03 1 0))
s>    ( WDBNDRY_B 0 -2.374e+03 1.415e+02 1.000e+01
s>        ( - -9.083e+02 1 0)
s>        ( - -1.324e+03 1 0))INFO: dtree.c(1315): Comp split 55
INFO: dtree.c(1439): stop. leaf nodes are specific
INFO: dtree.c(1478): Final simple tree
|( QUESTION0_14_R 1 -2.986e+04 1.245e+02 1.282e+02
|    ( - -5.534e+02 1 0)
|    ( - -2.918e+04 1 0))
s>    ( QUESTION0_14_R 1 -2.986e+04 1.245e+02 1.282e+02
s>        ( - -5.534e+02 1 0)
s>        ( - -2.918e+04 1 0))INFO: dtree.c(1315): Comp split 56
INFO: dtree.c(1315): Comp split 57
INFO: dtree.c(1439): stop. leaf nodes are specific
INFO: dtree.c(1478): Final simple tree
|( QUESTION0_14_R 1 -2.787e+04 1.776e+02 1.233e+02
|    ( - -7.143e+02 1 0)
|    ( QUESTION0_6_R 1 -2.698e+04 1.516e+02 1.193e+02
|        ( - -7.069e+02 1 0)
|        ( QUESTION11 1 -2.612e+04 1.420e+02 1.153e+02
|            ( - -3.795e+03 1 0)
|            ( WDBNDRY_B 0 -2.219e+04 1.260e+02 9.754e+01
|                ( - -7.949e+02 1 0)
|                ( QUESTION0_2_R 1 -2.126e+04 1.147e+02 9.454e+01
|                    ( - -1.893e+04 2 0)
|                    ( - -2.225e+03 1 0))))))
s>    ( QUESTION0_14_R 1 -2.787e+04 1.776e+02 1.233e+02
s>        ( - -7.143e+02 1 0)
s>        ( QUESTION0_6_R 1 -2.698e+04 1.516e+02 1.193e+02
s>            ( - -7.069e+02 1 0)
s>            ( QUESTION11 1 -2.612e+04 1.420e+02 1.153e+02
s>                ( - -3.795e+03 1 0)
s>                ( WDBNDRY_B 0 -2.219e+04 1.260e+02 9.754e+01
s>                    ( - -7.949e+02 1 0)
s>                    ( QUESTION0_2_R 1 -2.126e+04 1.147e+02 9.454e+01
s>                        ( - -1.893e+04 2 0)
s>                        ( - -2.225e+03 1 0))))))INFO: dtree.c(1439): stop. leaf nodes are specific
INFO: dtree.c(1478): Final simple tree
|( WDBNDRY_E 0 -1.965e+03 1.347e+02 8.983e+00
|    ( - -1.286e+03 1 0)
|    ( - -5.444e+02 1 0))
s>    ( WDBNDRY_E 0 -1.965e+03 1.347e+02 8.983e+00
s>        ( - -1.286e+03 1 0)
s>        ( - -5.444e+02 1 0))INFO: dtree.c(1315): Comp split 58
INFO: dtree.c(1439): stop. leaf nodes are specific
INFO: dtree.c(1478): Final simple tree
|( QUESTION0_14_R 1 -8.213e+04 1.462e+02 3.480e+02
|    ( - -1.842e+03 1 0)
|    ( - -8.015e+04 3 0))
s>    ( QUESTION0_14_R 1 -8.213e+04 1.462e+02 3.480e+02
s>        ( - -1.842e+03 1 0)
s>        ( - -8.015e+04 3 0))INFO: dtree.c(1315): Comp split 59
INFO: dtree.c(1439): stop. leaf nodes are specific
INFO: dtree.c(1478): Final simple tree
|( WDBNDRY_E 0 -3.049e+04 1.109e+02 1.323e+02
|    ( - -4.924e+03 1 0)
|    ( - -2.545e+04 1 0))
s>    ( WDBNDRY_E 0 -3.049e+04 1.109e+02 1.323e+02
s>        ( - -4.924e+03 1 0)
s>        ( - -2.545e+04 1 0))INFO: dtree.c(1315): Comp split 60
INFO: dtree.c(1315): Comp split 61
INFO: dtree.c(1439): stop. leaf nodes are specific
INFO: dtree.c(1478): Final simple tree
|( QUESTION0_6_R 1 -2.698e+04 1.516e+02 1.193e+02
|    ( - -7.069e+02 1 0)
|    ( QUESTION11 1 -2.612e+04 1.420e+02 1.153e+02
|        ( - -3.795e+03 1 0)
|        ( WDBNDRY_B 0 -2.219e+04 1.260e+02 9.754e+01
|            ( - -7.949e+02 1 0)
|            ( QUESTION0_2_R 1 -2.126e+04 1.147e+02 9.454e+01
|                ( - -1.893e+04 2 0)
|                ( - -2.225e+03 1 0)))))
s>    ( QUESTION0_6_R 1 -2.698e+04 1.516e+02 1.193e+02
s>        ( - -7.069e+02 1 0)
s>        ( QUESTION11 1 -2.612e+04 1.420e+02 1.153e+02
s>            ( - -3.795e+03 1 0)
s>            ( WDBNDRY_B 0 -2.219e+04 1.260e+02 9.754e+01
s>                ( - -7.949e+02 1 0)
s>                ( QUESTION0_2_R 1 -2.126e+04 1.147e+02 9.454e+01
s>                    ( - -1.893e+04 2 0)
s>                    ( - -2.225e+03 1 0)))))INFO: dtree.c(1315): Comp split 62
INFO: dtree.c(1439): stop. leaf nodes are specific
INFO: dtree.c(1478): Final simple tree
|( SILENCE 1 -1.814e+04 1.603e+02 7.722e+01
|    ( - -5.751e+03 1 0)
|    ( QUESTION20 1 -1.223e+04 1.162e+02 5.306e+01
|        ( - -4.066e+03 1 0)
|        ( WDBNDRY_B 0 -8.044e+03 1.074e+02 3.505e+01
|            ( - -4.154e+03 1 0)
|            ( - -3.783e+03 1 0))))
s>    ( SILENCE 1 -1.814e+04 1.603e+02 7.722e+01
s>        ( - -5.751e+03 1 0)
s>        ( QUESTION20 1 -1.223e+04 1.162e+02 5.306e+01
s>            ( - -4.066e+03 1 0)
s>            ( WDBNDRY_B 0 -8.044e+03 1.074e+02 3.505e+01
s>                ( - -4.154e+03 1 0)
s>                ( - -3.783e+03 1 0))))INFO: dtree.c(1315): Comp split 63
INFO: dtree.c(1315): Comp split 64
INFO: dtree.c(1439): stop. leaf nodes are specific
INFO: dtree.c(1478): Final simple tree
|( QUESTION0_7_R 1 -3.034e+04 1.004e+02 1.324e+02
|    ( - -2.860e+04 1 0)
|    ( - -1.640e+03 1 0))
s>    ( QUESTION0_7_R 1 -3.034e+04 1.004e+02 1.324e+02
s>        ( - -2.860e+04 1 0)
s>        ( - -1.640e+03 1 0))INFO: dtree.c(1315): Comp split 65
INFO: dtree.c(1315): Comp split 66
INFO: dtree.c(1439): stop. leaf nodes are specific
INFO: dtree.c(1478): Final simple tree
|( QUESTION0 1 -1.069e+05 1.237e+02 4.600e+02
|    ( - -7.886e+04 4 0)
|    ( - -2.789e+04 2 0))
s>    ( QUESTION0 1 -1.069e+05 1.237e+02 4.600e+02
s>        ( - -7.886e+04 4 0)
s>        ( - -2.789e+04 2 0))INFO: dtree.c(1315): Comp split 67
INFO: dtree.c(1439): stop. leaf nodes are specific
INFO: dtree.c(1478): Final simple tree
|( QUESTION0_6_R 1 -7.895e+03 1.371e+02 3.547e+01
|    ( - -7.069e+02 1 0)
|    ( WDBNDRY_B 0 -7.051e+03 1.208e+02 3.147e+01
|        ( - -7.949e+02 1 0)
|        ( QUESTION0_2_R 1 -6.135e+03 1.160e+02 2.847e+01
|            ( - -3.795e+03 1 0)
|            ( - -2.225e+03 1 0))))
s>    ( QUESTION0_6_R 1 -7.895e+03 1.371e+02 3.547e+01
s>        ( - -7.069e+02 1 0)
s>        ( WDBNDRY_B 0 -7.051e+03 1.208e+02 3.147e+01
s>            ( - -7.949e+02 1 0)
s>            ( QUESTION0_2_R 1 -6.135e+03 1.160e+02 2.847e+01
s>                ( - -3.795e+03 1 0)
s>                ( - -2.225e+03 1 0))))INFO: dtree.c(1315): Comp split 68
INFO: dtree.c(1439): stop. leaf nodes are specific
INFO: dtree.c(1478): Final simple tree
|( QUESTION20 1 -1.223e+04 1.162e+02 5.306e+01
|    ( - -4.066e+03 1 0)
|    ( WDBNDRY_B 0 -8.044e+03 1.074e+02 3.505e+01
|        ( - -4.154e+03 1 0)
|        ( - -3.783e+03 1 0)))
s>    ( QUESTION20 1 -1.223e+04 1.162e+02 5.306e+01
s>        ( - -4.066e+03 1 0)
s>        ( WDBNDRY_B 0 -8.044e+03 1.074e+02 3.505e+01
s>            ( - -4.154e+03 1 0)
s>            ( - -3.783e+03 1 0)))INFO: dtree.c(1315): Comp split 69
INFO: dtree.c(1439): stop. leaf nodes are specific
INFO: dtree.c(1478): Final simple tree
|( WDBNDRY_B 0 -6.651e+04 1.313e+02 2.830e+02
|    ( - -2.817e+04 2 0)
|    ( - -3.821e+04 2 0))
s>    ( WDBNDRY_B 0 -6.651e+04 1.313e+02 2.830e+02
s>        ( - -2.817e+04 2 0)
s>        ( - -3.821e+04 2 0))INFO: dtree.c(1315): Comp split 70
INFO: dtree.c(1315): Comp split 71
INFO: dtree.c(1439): stop. leaf nodes are specific
INFO: dtree.c(1478): Final simple tree
|( QUESTION0_0_R 1 -3.309e+03 1.029e+02 1.484e+01
|    ( - -7.499e+02 1 0)
|    ( - -2.456e+03 1 0))
s>    ( QUESTION0_0_R 1 -3.309e+03 1.029e+02 1.484e+01
s>        ( - -7.499e+02 1 0)
s>        ( - -2.456e+03 1 0))INFO: dtree.c(1439): stop. leaf nodes are specific
INFO: dtree.c(1478): Final simple tree
|( QUESTION0 1 -3.791e+04 1.343e+02 1.681e+02
|    ( - -1.308e+03 1 0)
|    ( - -3.647e+04 1 0))
s>    ( QUESTION0 1 -3.791e+04 1.343e+02 1.681e+02
s>        ( - -1.308e+03 1 0)
s>        ( - -3.647e+04 1 0))INFO: dtree.c(1315): Comp split 72
INFO: dtree.c(1315): Comp split 73
INFO: dtree.c(1315): Comp split 74
INFO: dtree.c(1315): Comp split 75
INFO: dtree.c(1315): Comp split 76
INFO: dtree.c(1439): stop. leaf nodes are specific
INFO: dtree.c(1478): Final simple tree
|( WDBNDRY_B 0 -1.704e+04 1.403e+02 7.519e+01
|    ( QUESTION0_14_R 1 -1.088e+04 1.248e+02 4.819e+01
|        ( - -1.735e+03 1 0)
|        ( - -9.023e+03 1 0))
|    ( QUESTION20 1 -6.012e+03 1.016e+02 2.700e+01
|        ( - -1.216e+03 1 0)
|        ( QUESTION0_0_R 1 -4.695e+03 7.493e+01 2.100e+01
|            ( WDBNDRY_E 0 -2.970e+03 6.795e+01 1.400e+01
|                ( - -1.646e+03 2 0)
|                ( - -1.256e+03 1 0))
|            ( - -1.649e+03 1 0))))
s>    ( WDBNDRY_B 0 -1.704e+04 1.403e+02 7.519e+01
s>        ( QUESTION0_14_R 1 -1.088e+04 1.248e+02 4.819e+01
s>            ( - -1.735e+03 1 0)
s>            ( - -9.023e+03 1 0))
s>        ( QUESTION20 1 -6.012e+03 1.016e+02 2.700e+01
s>            ( - -1.216e+03 1 0)
s>            ( QUESTION0_0_R 1 -4.695e+03 7.493e+01 2.100e+01
s>                ( WDBNDRY_E 0 -2.970e+03 6.795e+01 1.400e+01
s>                    ( - -1.646e+03 2 0)
s>                    ( - -1.256e+03 1 0))
s>                ( - -1.649e+03 1 0))))INFO: dtree.c(1315): Comp split 77
INFO: dtree.c(1315): Comp split 78
INFO: dtree.c(1439): stop. leaf nodes are specific
INFO: dtree.c(1478): Final simple tree
|( QUESTION20 1 -6.012e+03 1.016e+02 2.700e+01
|    ( - -1.216e+03 1 0)
|    ( QUESTION0_0_R 1 -4.695e+03 7.493e+01 2.100e+01
|        ( WDBNDRY_E 0 -2.970e+03 6.795e+01 1.400e+01
|            ( - -1.646e+03 2 0)
|            ( - -1.256e+03 1 0))
|        ( - -1.649e+03 1 0)))
s>    ( QUESTION20 1 -6.012e+03 1.016e+02 2.700e+01
s>        ( - -1.216e+03 1 0)
s>        ( QUESTION0_0_R 1 -4.695e+03 7.493e+01 2.100e+01
s>            ( WDBNDRY_E 0 -2.970e+03 6.795e+01 1.400e+01
s>                ( - -1.646e+03 2 0)
s>                ( - -1.256e+03 1 0))
s>            ( - -1.649e+03 1 0)))INFO: dtree.c(1439): stop. leaf nodes are specific
INFO: dtree.c(1478): Final simple tree
|( QUESTION0_14_R 1 -1.088e+04 1.248e+02 4.819e+01
|    ( - -1.735e+03 1 0)
|    ( - -9.023e+03 1 0))
s>    ( QUESTION0_14_R 1 -1.088e+04 1.248e+02 4.819e+01
s>        ( - -1.735e+03 1 0)
s>        ( - -9.023e+03 1 0))INFO: dtree.c(1315): Comp split 79
INFO: dtree.c(1439): stop. leaf nodes are specific
INFO: dtree.c(1478): Final simple tree
|( WDBNDRY_B 0 -7.051e+03 1.208e+02 3.147e+01
|    ( - -7.949e+02 1 0)
|    ( QUESTION0_2_R 1 -6.135e+03 1.160e+02 2.847e+01
|        ( - -3.795e+03 1 0)
|        ( - -2.225e+03 1 0)))
s>    ( WDBNDRY_B 0 -7.051e+03 1.208e+02 3.147e+01
s>        ( - -7.949e+02 1 0)
s>        ( QUESTION0_2_R 1 -6.135e+03 1.160e+02 2.847e+01
s>            ( - -3.795e+03 1 0)
s>            ( - -2.225e+03 1 0)))INFO: dtree.c(1315): Comp split 80
INFO: dtree.c(1315): Comp split 81
INFO: dtree.c(1315): Comp split 82
INFO: dtree.c(1315): Comp split 83
INFO: dtree.c(1315): Comp split 84
INFO: dtree.c(1439): stop. leaf nodes are specific
INFO: dtree.c(1478): Final simple tree
|( QUESTION20 1 -8.863e+03 1.089e+02 3.703e+01
|    ( - -5.523e+03 1 0)
|    ( - -3.231e+03 1 0))
s>    ( QUESTION20 1 -8.863e+03 1.089e+02 3.703e+01
s>        ( - -5.523e+03 1 0)
s>        ( - -3.231e+03 1 0))INFO: dtree.c(1315): Comp split 85
INFO: dtree.c(1315): Comp split 86
INFO: dtree.c(1315): Comp split 87
INFO: dtree.c(1315): Comp split 88
INFO: dtree.c(1315): Comp split 89
INFO: dtree.c(1315): Comp split 90
INFO: dtree.c(1315): Comp split 91
INFO: dtree.c(1439): stop. leaf nodes are specific
INFO: dtree.c(1478): Final simple tree
|( QUESTION0_2_R 1 -6.135e+03 1.160e+02 2.847e+01
|    ( - -3.795e+03 1 0)
|    ( - -2.225e+03 1 0))
s>    ( QUESTION0_2_R 1 -6.135e+03 1.160e+02 2.847e+01
s>        ( - -3.795e+03 1 0)
s>        ( - -2.225e+03 1 0))INFO: dtree.c(1315): Comp split 92
INFO: dtree.c(1439): stop. leaf nodes are specific
INFO: dtree.c(1478): Final simple tree
|( WDBNDRY_B 0 -7.955e+03 1.063e+02 3.502e+01
|    ( - -4.066e+03 1 0)
|    ( - -3.783e+03 1 0))
s>    ( WDBNDRY_B 0 -7.955e+03 1.063e+02 3.502e+01
s>        ( - -4.066e+03 1 0)
s>        ( - -3.783e+03 1 0))INFO: dtree.c(1315): Comp split 93
INFO: dtree.c(1315): Comp split 94
INFO: dtree.c(1315): Comp split 95
INFO: dtree.c(1315): Comp split 96
INFO: dtree.c(1315): Comp split 97
INFO: dtree.c(1315): Comp split 98
INFO: dtree.c(1439): stop. leaf nodes are specific
INFO: dtree.c(1478): Final simple tree
|( QUESTION0_0_R 1 -4.695e+03 7.493e+01 2.100e+01
|    ( WDBNDRY_E 0 -2.970e+03 6.795e+01 1.400e+01
|        ( - -1.646e+03 2 0)
|        ( - -1.256e+03 1 0))
|    ( - -1.649e+03 1 0))
s>    ( QUESTION0_0_R 1 -4.695e+03 7.493e+01 2.100e+01
s>        ( WDBNDRY_E 0 -2.970e+03 6.795e+01 1.400e+01
s>            ( - -1.646e+03 2 0)
s>            ( - -1.256e+03 1 0))
s>        ( - -1.649e+03 1 0))INFO: dtree.c(1315): Comp split 99
INFO: dtree.c(1315): Comp split 100
INFO: dtree.c(1439): stop. leaf nodes are specific
INFO: dtree.c(1478): Final simple tree
|( WDBNDRY_E 0 -2.970e+03 6.795e+01 1.400e+01
|    ( - -1.646e+03 2 0)
|    ( - -1.256e+03 1 0))
s>    ( WDBNDRY_E 0 -2.970e+03 6.795e+01 1.400e+01
s>        ( - -1.646e+03 2 0)
s>        ( - -1.256e+03 1 0))INFO: dtree.c(1315): Comp split 101
INFO: dtree.c(1315): Comp split 102
INFO: dtree.c(1318): stop. leaf nodes are specific
Sun Mar 19 21:50:59 2017
