Current configuration:
[NAME]		[DEFLT]	[VALUE]
-allphones	no	no
-cntthresh	0.00001	1.000000e-05
-csplitmax	100	2000
-csplitmin	1	1
-csplitthr	8e-4	0.000000e+00
-example	no	no
-fullvar	no	no
-help		no	no
-meanfn			/home/ilya/Рабочий стол/lab_sphinx/ru_base/model_parameters/ru_base.cd_cont_untied/means
-mixwfn			/home/ilya/Рабочий стол/lab_sphinx/ru_base/model_parameters/ru_base.cd_cont_untied/mixture_weights
-moddeffn		/home/ilya/Рабочий стол/lab_sphinx/ru_base/model_architecture/ru_base.untied.mdef
-mwfloor	1e-4	1.000000e-08
-phone			zh
-psetfn			/home/ilya/Рабочий стол/lab_sphinx/ru_base/model_architecture/ru_base.tree_questions
-ssplitmax	5	7
-ssplitmin	1	1
-ssplitthr	8e-4	0.000000e+00
-state			1
-stwt			1.0,0.05,0.0,
-treefn			/home/ilya/Рабочий стол/lab_sphinx/ru_base/trees/ru_base.unpruned/zh-1.dtree
-ts2cbfn	.semi.	.cont.
-varfloor	0.00001	1.000000e-05
-varfn			/home/ilya/Рабочий стол/lab_sphinx/ru_base/model_parameters/ru_base.cd_cont_untied/variances

INFO: main.c(223): Reading: /home/ilya/Рабочий стол/lab_sphinx/ru_base/model_architecture/ru_base.untied.mdef
INFO: model_def_io.c(573): Model definition info:
INFO: model_def_io.c(574): 9415 total models defined (43 base, 9372 tri)
INFO: model_def_io.c(575): 37660 total states
INFO: model_def_io.c(576): 28245 total tied states
INFO: model_def_io.c(577): 129 total tied CI states
INFO: model_def_io.c(578): 43 total tied transition matrices
INFO: model_def_io.c(579): 4 max state/model
INFO: model_def_io.c(580): 4 min state/model
INFO: main.c(242): Building trees for [zh SIL a0 b] through [zh z i0 i]
INFO: main.c(269): Covering states |[27822 28154]| == 333
INFO: main.c(275): Reading: /home/ilya/Рабочий стол/lab_sphinx/ru_base/model_parameters/ru_base.cd_cont_untied/mixture_weights
INFO: s3mixw_io.c(173): Read /home/ilya/Рабочий стол/lab_sphinx/ru_base/model_parameters/ru_base.cd_cont_untied/mixture_weights [333x1x1 array]
INFO: main.c(311): 111 of 111 models have observation count greater than 0.000010
INFO: main.c(95): nrm stwt: 0.045 0.909 0.045 
INFO: s3gau_io.c(169): Read /home/ilya/Рабочий стол/lab_sphinx/ru_base/model_parameters/ru_base.cd_cont_untied/means [28245x1x1 array]
INFO: s3gau_io.c(169): Read /home/ilya/Рабочий стол/lab_sphinx/ru_base/model_parameters/ru_base.cd_cont_untied/variances [28245x1x1 array]
INFO: main.c(549): Reading: /home/ilya/Рабочий стол/lab_sphinx/ru_base/model_architecture/ru_base.tree_questions
INFO: main.c(588): 180 total simple questions (172 phone; 8 word bndry)
INFO: main.c(590): 42 Left Only questions, and 42 Right Only questions
INFO: dtree.c(1478): Final simple tree
|( QUESTION0_3_R 1 -2.873e+06 1.409e+04 1.357e+04
|    ( QUESTION0_4_R 1 -4.883e+05 1.171e+03 2.222e+03
|        ( - -3.225e+05 15 0 QUESTION17 -1 5.792e+02 1.458e+03)
|        ( - -1.646e+05 13 0 QUESTION17 -1 7.573e+02 7.641e+02))
|    ( QUESTION2_17_L -1 -2.371e+06 3.958e+03 1.135e+04
|        ( WDBNDRY_E 0 -5.632e+05 1.058e+03 2.690e+03
|            ( - -1.164e+05 6 0 QUESTION0_6_R 1 6.898e+02 5.529e+02)
|            ( - -4.457e+05 8 0 WDBNDRY_B 0 6.974e+02 2.137e+03))
|        ( QUESTION16 -1 -1.804e+06 2.416e+03 8.660e+03
|            ( WDBNDRY_I 0 -8.797e+05 1.017e+03 4.217e+03
|                ( - -5.984e+05 11 0 QUESTION14 1 6.769e+02 2.870e+03)
|                ( - -2.803e+05 13 0 QUESTION20 1 5.963e+02 1.346e+03))
|            ( QUESTION16 1 -9.215e+05 1.126e+03 4.444e+03
|                ( - -3.899e+05 11 0 WDBNDRY_B 0 6.498e+02 1.888e+03)
|                ( - -5.304e+05 34 0 QUESTION19 -1 7.704e+02 2.556e+03)))))
s>    ( QUESTION0_3_R 1 -2.873e+06 1.409e+04 1.357e+04
s>        ( QUESTION0_4_R 1 -4.883e+05 1.171e+03 2.222e+03
s>            ( - -3.225e+05 15 0 QUESTION17 -1 5.792e+02 1.458e+03)
s>            ( - -1.646e+05 13 0 QUESTION17 -1 7.573e+02 7.641e+02))
s>        ( QUESTION2_17_L -1 -2.371e+06 3.958e+03 1.135e+04
s>            ( WDBNDRY_E 0 -5.632e+05 1.058e+03 2.690e+03
s>                ( - -1.164e+05 6 0 QUESTION0_6_R 1 6.898e+02 5.529e+02)
s>                ( - -4.457e+05 8 0 WDBNDRY_B 0 6.974e+02 2.137e+03))
s>            ( QUESTION16 -1 -1.804e+06 2.416e+03 8.660e+03
s>                ( WDBNDRY_I 0 -8.797e+05 1.017e+03 4.217e+03
s>                    ( - -5.984e+05 11 0 QUESTION14 1 6.769e+02 2.870e+03)
s>                    ( - -2.803e+05 13 0 QUESTION20 1 5.963e+02 1.346e+03))
s>                ( QUESTION16 1 -9.215e+05 1.126e+03 4.444e+03
s>                    ( - -3.899e+05 11 0 WDBNDRY_B 0 6.498e+02 1.888e+03)
s>                    ( - -5.304e+05 34 0 QUESTION19 -1 7.704e+02 2.556e+03)))))INFO: dtree.c(1315): Comp split 0
INFO: dtree.c(1478): Final simple tree
|( QUESTION2_17_L -1 -2.371e+06 3.958e+03 1.135e+04
|    ( WDBNDRY_E 0 -5.632e+05 1.058e+03 2.690e+03
|        ( - -1.164e+05 6 0 QUESTION0_6_R 1 6.898e+02 5.529e+02)
|        ( WDBNDRY_B 0 -4.457e+05 6.974e+02 2.137e+03
|            ( - -7.194e+04 4 0 QUESTION0 -1 2.168e+02 3.508e+02)
|            ( - -3.731e+05 4 0 QUESTION0_0_R 1 4.268e+02 1.786e+03)))
|    ( QUESTION16 -1 -1.804e+06 2.416e+03 8.660e+03
|        ( WDBNDRY_I 0 -8.797e+05 1.017e+03 4.217e+03
|            ( - -5.984e+05 11 0 QUESTION14 1 6.769e+02 2.870e+03)
|            ( - -2.803e+05 13 0 QUESTION20 1 5.963e+02 1.346e+03))
|        ( QUESTION16 1 -9.215e+05 1.126e+03 4.444e+03
|            ( - -3.899e+05 11 0 WDBNDRY_B 0 6.498e+02 1.888e+03)
|            ( QUESTION19 -1 -5.304e+05 7.704e+02 2.556e+03
|                ( - -2.490e+05 10 0 QUESTION0_0_R 1 4.666e+02 1.213e+03)
|                ( - -2.806e+05 24 0 QUESTION14 -1 5.404e+02 1.343e+03)))))
s>    ( QUESTION2_17_L -1 -2.371e+06 3.958e+03 1.135e+04
s>        ( WDBNDRY_E 0 -5.632e+05 1.058e+03 2.690e+03
s>            ( - -1.164e+05 6 0 QUESTION0_6_R 1 6.898e+02 5.529e+02)
s>            ( WDBNDRY_B 0 -4.457e+05 6.974e+02 2.137e+03
s>                ( - -7.194e+04 4 0 QUESTION0 -1 2.168e+02 3.508e+02)
s>                ( - -3.731e+05 4 0 QUESTION0_0_R 1 4.268e+02 1.786e+03)))
s>        ( QUESTION16 -1 -1.804e+06 2.416e+03 8.660e+03
s>            ( WDBNDRY_I 0 -8.797e+05 1.017e+03 4.217e+03
s>                ( - -5.984e+05 11 0 QUESTION14 1 6.769e+02 2.870e+03)
s>                ( - -2.803e+05 13 0 QUESTION20 1 5.963e+02 1.346e+03))
s>            ( QUESTION16 1 -9.215e+05 1.126e+03 4.444e+03
s>                ( - -3.899e+05 11 0 WDBNDRY_B 0 6.498e+02 1.888e+03)
s>                ( QUESTION19 -1 -5.304e+05 7.704e+02 2.556e+03
s>                    ( - -2.490e+05 10 0 QUESTION0_0_R 1 4.666e+02 1.213e+03)
s>                    ( - -2.806e+05 24 0 QUESTION14 -1 5.404e+02 1.343e+03)))))INFO: dtree.c(1478): Final simple tree
|( QUESTION0_4_R 1 -4.883e+05 1.171e+03 2.222e+03
|    ( QUESTION17 -1 -3.225e+05 5.792e+02 1.458e+03
|        ( - -4.563e+04 5 0 QUESTION2_14_L -1 2.724e+02 2.094e+02)
|        ( QUESTION14 -1 -2.762e+05 4.643e+02 1.249e+03
|            ( QUESTION2_14_L -1 -4.144e+04 2.958e+02 1.891e+02
|                ( - -1.916e+04 3 0 WDBNDRY_E 0 1.892e+02 8.680e+01)
|                ( - -2.199e+04 1 0))
|            ( - -2.343e+05 6 0 WDBNDRY_E 0 1.391e+02 1.060e+03)))
|    ( QUESTION17 -1 -1.646e+05 7.573e+02 7.641e+02
|        ( QUESTION18 -1 -5.442e+04 4.789e+02 2.487e+02
|            ( - 2.411e+02 1 0)
|            ( - -5.418e+04 3 0 WDBNDRY_B 0 1.255e+02 2.477e+02))
|        ( QUESTION14 -1 -1.095e+05 5.072e+02 5.154e+02
|            ( - -3.163e+04 4 0 WDBNDRY_E 0 2.702e+02 1.488e+02)
|            ( - -7.734e+04 5 0 WDBNDRY_B 0 2.020e+02 3.666e+02))))
s>    ( QUESTION0_4_R 1 -4.883e+05 1.171e+03 2.222e+03
s>        ( QUESTION17 -1 -3.225e+05 5.792e+02 1.458e+03
s>            ( - -4.563e+04 5 0 QUESTION2_14_L -1 2.724e+02 2.094e+02)
s>            ( QUESTION14 -1 -2.762e+05 4.643e+02 1.249e+03
s>                ( QUESTION2_14_L -1 -4.144e+04 2.958e+02 1.891e+02
s>                    ( - -1.916e+04 3 0 WDBNDRY_E 0 1.892e+02 8.680e+01)
s>                    ( - -2.199e+04 1 0))
s>                ( - -2.343e+05 6 0 WDBNDRY_E 0 1.391e+02 1.060e+03)))
s>        ( QUESTION17 -1 -1.646e+05 7.573e+02 7.641e+02
s>            ( QUESTION18 -1 -5.442e+04 4.789e+02 2.487e+02
s>                ( - 2.411e+02 1 0)
s>                ( - -5.418e+04 3 0 WDBNDRY_B 0 1.255e+02 2.477e+02))
s>            ( QUESTION14 -1 -1.095e+05 5.072e+02 5.154e+02
s>                ( - -3.163e+04 4 0 WDBNDRY_E 0 2.702e+02 1.488e+02)
s>                ( - -7.734e+04 5 0 WDBNDRY_B 0 2.020e+02 3.666e+02))))INFO: dtree.c(1315): Comp split 1
INFO: dtree.c(1478): Final simple tree
|( QUESTION16 1 -1.202e+06 1.319e+03 5.790e+03
|    ( WDBNDRY_B 0 -4.022e+05 6.491e+02 1.948e+03
|        ( QUESTION17 -1 -1.469e+05 5.671e+02 7.165e+02
|            ( - -4.101e+04 1 0)
|            ( - -1.053e+05 5 0 QUESTION1 -1 4.363e+02 5.137e+02))
|        ( - -2.547e+05 7 0 QUESTION1 -1 3.848e+02 1.231e+03))
|    ( QUESTION19 -1 -7.990e+05 9.071e+02 3.843e+03
|        ( - -2.490e+05 10 0 QUESTION0_0_R 1 4.666e+02 1.213e+03)
|        ( QUESTION14 -1 -5.490e+05 4.918e+02 2.630e+03
|            ( - -1.573e+05 7 0 QUESTION2_14_L -1 4.090e+02 7.497e+02)
|            ( WDBNDRY_B 0 -3.912e+05 5.061e+02 1.880e+03
|                ( QUESTION20 1 -3.463e+05 4.706e+02 1.668e+03
|                    ( - -1.358e+05 7 0 QUESTION16 -1 3.833e+02 6.516e+02)
|                    ( - -2.101e+05 8 0 QUESTION13 -1 4.264e+02 1.016e+03))
|                ( - -4.434e+04 13 0 QUESTION0_14_R 1 4.573e+02 2.118e+02)))))
s>    ( QUESTION16 1 -1.202e+06 1.319e+03 5.790e+03
s>        ( WDBNDRY_B 0 -4.022e+05 6.491e+02 1.948e+03
s>            ( QUESTION17 -1 -1.469e+05 5.671e+02 7.165e+02
s>                ( - -4.101e+04 1 0)
s>                ( - -1.053e+05 5 0 QUESTION1 -1 4.363e+02 5.137e+02))
s>            ( - -2.547e+05 7 0 QUESTION1 -1 3.848e+02 1.231e+03))
s>        ( QUESTION19 -1 -7.990e+05 9.071e+02 3.843e+03
s>            ( - -2.490e+05 10 0 QUESTION0_0_R 1 4.666e+02 1.213e+03)
s>            ( QUESTION14 -1 -5.490e+05 4.918e+02 2.630e+03
s>                ( - -1.573e+05 7 0 QUESTION2_14_L -1 4.090e+02 7.497e+02)
s>                ( WDBNDRY_B 0 -3.912e+05 5.061e+02 1.880e+03
s>                    ( QUESTION20 1 -3.463e+05 4.706e+02 1.668e+03
s>                        ( - -1.358e+05 7 0 QUESTION16 -1 3.833e+02 6.516e+02)
s>                        ( - -2.101e+05 8 0 QUESTION13 -1 4.264e+02 1.016e+03))
s>                    ( - -4.434e+04 13 0 QUESTION0_14_R 1 4.573e+02 2.118e+02)))))INFO: dtree.c(1478): Final simple tree
|( QUESTION14 -1 -1.164e+06 2.120e+03 5.560e+03
|    ( WDBNDRY_E 0 -5.575e+05 1.069e+03 2.663e+03
|        ( QUESTION0_6_R 1 -1.164e+05 6.898e+02 5.529e+02
|            ( - -3.994e+04 1 0)
|            ( - -7.577e+04 5 0 QUESTION0_14_R 1 3.147e+02 3.664e+02))
|        ( WDBNDRY_B 0 -4.401e+05 6.186e+02 2.110e+03
|            ( - -6.635e+04 3 0 QUESTION0_14_R 1 1.703e+02 3.242e+02)
|            ( QUESTION0_0_R 1 -3.731e+05 4.268e+02 1.786e+03
|                ( - -5.310e+03 1 0)
|                ( - -3.673e+05 3 0 QUESTION0_14_R 1 3.335e+02 1.760e+03))))
|    ( QUESTION14 1 -6.040e+05 6.744e+02 2.897e+03
|        ( - -4.862e+04 2 0)
|        ( QUESTION20 1 -5.548e+05 4.878e+02 2.663e+03
|            ( - -2.562e+05 1 0)
|            ( - -2.980e+05 9 0 QUESTION0_0_R 1 2.726e+02 1.421e+03))))
s>    ( QUESTION14 -1 -1.164e+06 2.120e+03 5.560e+03
s>        ( WDBNDRY_E 0 -5.575e+05 1.069e+03 2.663e+03
s>            ( QUESTION0_6_R 1 -1.164e+05 6.898e+02 5.529e+02
s>                ( - -3.994e+04 1 0)
s>                ( - -7.577e+04 5 0 QUESTION0_14_R 1 3.147e+02 3.664e+02))
s>            ( WDBNDRY_B 0 -4.401e+05 6.186e+02 2.110e+03
s>                ( - -6.635e+04 3 0 QUESTION0_14_R 1 1.703e+02 3.242e+02)
s>                ( QUESTION0_0_R 1 -3.731e+05 4.268e+02 1.786e+03
s>                    ( - -5.310e+03 1 0)
s>                    ( - -3.673e+05 3 0 QUESTION0_14_R 1 3.335e+02 1.760e+03))))
s>        ( QUESTION14 1 -6.040e+05 6.744e+02 2.897e+03
s>            ( - -4.862e+04 2 0)
s>            ( QUESTION20 1 -5.548e+05 4.878e+02 2.663e+03
s>                ( - -2.562e+05 1 0)
s>                ( - -2.980e+05 9 0 QUESTION0_0_R 1 2.726e+02 1.421e+03))))INFO: dtree.c(1315): Comp split 2
INFO: dtree.c(1478): Final simple tree
|( QUESTION14 1 -6.097e+05 6.722e+02 2.923e+03
|    ( - -4.862e+04 2 0)
|    ( QUESTION20 1 -5.604e+05 4.998e+02 2.689e+03
|        ( - -2.562e+05 1 0)
|        ( QUESTION0_0_R 1 -3.037e+05 3.720e+02 1.447e+03
|            ( QUESTION0_1_R 1 -1.029e+04 2.527e+02 5.003e+01
|                ( QUESTION11 1 -4.724e+03 1.383e+02 2.400e+01
|                    ( - -1.788e+03 1 0)
|                    ( - -2.797e+03 2 0))
|                ( - -5.310e+03 1 0))
|            ( WDBNDRY_B 0 -2.930e+05 2.377e+02 1.397e+03
|                ( - -5.373e+03 1 0)
|                ( QUESTION0_14_R 1 -2.874e+05 1.517e+02 1.371e+03
|                    ( - -3.999e+04 3 0)
|                    ( - -2.473e+05 2 0))))))
s>    ( QUESTION14 1 -6.097e+05 6.722e+02 2.923e+03
s>        ( - -4.862e+04 2 0)
s>        ( QUESTION20 1 -5.604e+05 4.998e+02 2.689e+03
s>            ( - -2.562e+05 1 0)
s>            ( QUESTION0_0_R 1 -3.037e+05 3.720e+02 1.447e+03
s>                ( QUESTION0_1_R 1 -1.029e+04 2.527e+02 5.003e+01
s>                    ( QUESTION11 1 -4.724e+03 1.383e+02 2.400e+01
s>                        ( - -1.788e+03 1 0)
s>                        ( - -2.797e+03 2 0))
s>                    ( - -5.310e+03 1 0))
s>                ( WDBNDRY_B 0 -2.930e+05 2.377e+02 1.397e+03
s>                    ( - -5.373e+03 1 0)
s>                    ( QUESTION0_14_R 1 -2.874e+05 1.517e+02 1.371e+03
s>                        ( - -3.999e+04 3 0)
s>                        ( - -2.473e+05 2 0))))))INFO: dtree.c(1478): Final simple tree
|( WDBNDRY_E 0 -5.518e+05 1.083e+03 2.637e+03
|    ( QUESTION0_6_R 1 -1.164e+05 6.898e+02 5.529e+02
|        ( - -3.994e+04 1 0)
|        ( QUESTION0_14_R 1 -7.577e+04 3.147e+02 3.664e+02
|            ( - -2.036e+03 1 0)
|            ( QUESTION0_0_R 1 -7.342e+04 2.560e+02 3.554e+02
|                ( - -1.068e+04 2 0 QUESTION0 1 1.940e+02 5.000e+01)
|                ( - -6.249e+04 2 0 QUESTION14 1 2.491e+02 3.054e+02))))
|    ( WDBNDRY_B 0 -4.343e+05 6.260e+02 2.084e+03
|        ( - -6.635e+04 3 0 QUESTION0_14_R 1 1.703e+02 3.242e+02)
|        ( QUESTION0_14_R 1 -3.673e+05 3.335e+02 1.760e+03
|            ( - -4.133e+04 1 0)
|            ( QUESTION20 1 -3.257e+05 3.391e+02 1.559e+03
|                ( - -1.002e+05 1 0)
|                ( - -2.251e+05 1 0)))))
s>    ( WDBNDRY_E 0 -5.518e+05 1.083e+03 2.637e+03
s>        ( QUESTION0_6_R 1 -1.164e+05 6.898e+02 5.529e+02
s>            ( - -3.994e+04 1 0)
s>            ( QUESTION0_14_R 1 -7.577e+04 3.147e+02 3.664e+02
s>                ( - -2.036e+03 1 0)
s>                ( QUESTION0_0_R 1 -7.342e+04 2.560e+02 3.554e+02
s>                    ( - -1.068e+04 2 0 QUESTION0 1 1.940e+02 5.000e+01)
s>                    ( - -6.249e+04 2 0 QUESTION14 1 2.491e+02 3.054e+02))))
s>        ( WDBNDRY_B 0 -4.343e+05 6.260e+02 2.084e+03
s>            ( - -6.635e+04 3 0 QUESTION0_14_R 1 1.703e+02 3.242e+02)
s>            ( QUESTION0_14_R 1 -3.673e+05 3.335e+02 1.760e+03
s>                ( - -4.133e+04 1 0)
s>                ( QUESTION20 1 -3.257e+05 3.391e+02 1.559e+03
s>                    ( - -1.002e+05 1 0)
s>                    ( - -2.251e+05 1 0)))))INFO: dtree.c(1315): Comp split 3
INFO: dtree.c(1439): stop. leaf nodes are specific
INFO: dtree.c(1478): Final simple tree
|( QUESTION1 -1 -2.547e+05 3.848e+02 1.231e+03
|    ( - -3.021e+03 1 0)
|    ( QUESTION0 -1 -2.513e+05 3.168e+02 1.217e+03
|        ( QUESTION11 -1 -3.518e+04 1.464e+02 1.707e+02
|            ( - -3.394e+04 1 0)
|            ( - -1.095e+03 2 0))
|        ( QUESTION20 -1 -2.158e+05 1.914e+02 1.046e+03
|            ( - -2.413e+04 1 0)
|            ( QUESTION14 -1 -1.914e+05 1.231e+02 9.291e+02
|                ( - -2.169e+03 1 0)
|                ( - -1.891e+05 1 0)))))
s>    ( QUESTION1 -1 -2.547e+05 3.848e+02 1.231e+03
s>        ( - -3.021e+03 1 0)
s>        ( QUESTION0 -1 -2.513e+05 3.168e+02 1.217e+03
s>            ( QUESTION11 -1 -3.518e+04 1.464e+02 1.707e+02
s>                ( - -3.394e+04 1 0)
s>                ( - -1.095e+03 2 0))
s>            ( QUESTION20 -1 -2.158e+05 1.914e+02 1.046e+03
s>                ( - -2.413e+04 1 0)
s>                ( QUESTION14 -1 -1.914e+05 1.231e+02 9.291e+02
s>                    ( - -2.169e+03 1 0)
s>                    ( - -1.891e+05 1 0)))))INFO: dtree.c(1478): Final simple tree
|( QUESTION19 -1 -9.464e+05 8.632e+02 4.559e+03
|    ( QUESTION16 1 -2.907e+05 6.534e+02 1.416e+03
|        ( - -4.101e+04 1 0)
|        ( QUESTION0_0_R 1 -2.490e+05 4.666e+02 1.213e+03
|            ( - 1.735e+02 1 0)
|            ( - -2.488e+05 9 0 WDBNDRY_B 0 4.326e+02 1.212e+03)))
|    ( QUESTION2_1_L -1 -6.549e+05 7.679e+02 3.143e+03
|        ( - -1.265e+05 6 0 QUESTION1 -1 4.277e+02 6.163e+02)
|        ( QUESTION14 -1 -5.276e+05 4.849e+02 2.527e+03
|            ( - -1.573e+05 7 0 QUESTION2_14_L -1 4.090e+02 7.497e+02)
|            ( WDBNDRY_B 0 -3.697e+05 5.482e+02 1.777e+03
|                ( QUESTION20 1 -3.299e+05 5.347e+02 1.589e+03
|                    ( - -1.290e+05 6 0 QUESTION16 -1 3.152e+02 6.185e+02)
|                    ( - -2.004e+05 10 0 QUESTION13 -1 4.087e+02 9.703e+02))
|                ( - -3.928e+04 11 0 QUESTION0_14_R 1 4.570e+02 1.884e+02)))))
s>    ( QUESTION19 -1 -9.464e+05 8.632e+02 4.559e+03
s>        ( QUESTION16 1 -2.907e+05 6.534e+02 1.416e+03
s>            ( - -4.101e+04 1 0)
s>            ( QUESTION0_0_R 1 -2.490e+05 4.666e+02 1.213e+03
s>                ( - 1.735e+02 1 0)
s>                ( - -2.488e+05 9 0 WDBNDRY_B 0 4.326e+02 1.212e+03)))
s>        ( QUESTION2_1_L -1 -6.549e+05 7.679e+02 3.143e+03
s>            ( - -1.265e+05 6 0 QUESTION1 -1 4.277e+02 6.163e+02)
s>            ( QUESTION14 -1 -5.276e+05 4.849e+02 2.527e+03
s>                ( - -1.573e+05 7 0 QUESTION2_14_L -1 4.090e+02 7.497e+02)
s>                ( WDBNDRY_B 0 -3.697e+05 5.482e+02 1.777e+03
s>                    ( QUESTION20 1 -3.299e+05 5.347e+02 1.589e+03
s>                        ( - -1.290e+05 6 0 QUESTION16 -1 3.152e+02 6.185e+02)
s>                        ( - -2.004e+05 10 0 QUESTION13 -1 4.087e+02 9.703e+02))
s>                    ( - -3.928e+04 11 0 QUESTION0_14_R 1 4.570e+02 1.884e+02)))))INFO: dtree.c(1315): Comp split 4
INFO: dtree.c(1478): Final simple tree
|( QUESTION14 -1 -3.547e+05 6.968e+02 1.607e+03
|    ( QUESTION0_4_R 1 -7.348e+04 4.150e+02 3.379e+02
|        ( QUESTION2_14_L -1 -4.144e+04 2.958e+02 1.891e+02
|            ( WDBNDRY_E 0 -1.916e+04 1.892e+02 8.680e+01
|                ( - -5.948e+03 2 0)
|                ( - -1.302e+04 1 0))
|            ( - -2.199e+04 1 0))
|        ( WDBNDRY_E 0 -3.163e+04 2.702e+02 1.488e+02
|            ( - -1.402e+03 1 0)
|            ( - -2.996e+04 3 0 WDBNDRY_B 0 1.538e+02 1.408e+02)))
|    ( QUESTION16 -1 -2.805e+05 5.662e+02 1.269e+03
|        ( - -2.343e+05 6 0 WDBNDRY_E 0 1.391e+02 1.060e+03)
|        ( QUESTION2_14_L -1 -4.563e+04 2.724e+02 2.094e+02
|            ( - -3.281e+03 3 0 QUESTION18 -1 1.635e+02 1.600e+01)
|            ( - -4.208e+04 2 0))))
s>    ( QUESTION14 -1 -3.547e+05 6.968e+02 1.607e+03
s>        ( QUESTION0_4_R 1 -7.348e+04 4.150e+02 3.379e+02
s>            ( QUESTION2_14_L -1 -4.144e+04 2.958e+02 1.891e+02
s>                ( WDBNDRY_E 0 -1.916e+04 1.892e+02 8.680e+01
s>                    ( - -5.948e+03 2 0)
s>                    ( - -1.302e+04 1 0))
s>                ( - -2.199e+04 1 0))
s>            ( WDBNDRY_E 0 -3.163e+04 2.702e+02 1.488e+02
s>                ( - -1.402e+03 1 0)
s>                ( - -2.996e+04 3 0 WDBNDRY_B 0 1.538e+02 1.408e+02)))
s>        ( QUESTION16 -1 -2.805e+05 5.662e+02 1.269e+03
s>            ( - -2.343e+05 6 0 WDBNDRY_E 0 1.391e+02 1.060e+03)
s>            ( QUESTION2_14_L -1 -4.563e+04 2.724e+02 2.094e+02
s>                ( - -3.281e+03 3 0 QUESTION18 -1 1.635e+02 1.600e+01)
s>                ( - -4.208e+04 2 0))))INFO: dtree.c(1439): stop. leaf nodes are specific
INFO: dtree.c(1478): Final simple tree
|( QUESTION17 -1 -1.323e+05 5.969e+02 6.153e+02
|    ( QUESTION18 -1 -5.442e+04 4.789e+02 2.487e+02
|        ( - 2.411e+02 1 0)
|        ( WDBNDRY_B 0 -5.418e+04 1.255e+02 2.477e+02
|            ( - -7.361e+02 1 0)
|            ( - -5.332e+04 2 0)))
|    ( WDBNDRY_B 0 -7.734e+04 2.020e+02 3.666e+02
|        ( QUESTION0 -1 -3.570e+04 1.805e+02 1.714e+02
|            ( - -3.426e+03 1 0)
|            ( - -3.209e+04 1 0))
|        ( - -4.144e+04 3 0)))
s>    ( QUESTION17 -1 -1.323e+05 5.969e+02 6.153e+02
s>        ( QUESTION18 -1 -5.442e+04 4.789e+02 2.487e+02
s>            ( - 2.411e+02 1 0)
s>            ( WDBNDRY_B 0 -5.418e+04 1.255e+02 2.477e+02
s>                ( - -7.361e+02 1 0)
s>                ( - -5.332e+04 2 0)))
s>        ( WDBNDRY_B 0 -7.734e+04 2.020e+02 3.666e+02
s>            ( QUESTION0 -1 -3.570e+04 1.805e+02 1.714e+02
s>                ( - -3.426e+03 1 0)
s>                ( - -3.209e+04 1 0))
s>            ( - -4.144e+04 3 0)))INFO: dtree.c(1315): Comp split 5
INFO: dtree.c(1439): stop. leaf nodes are specific
INFO: dtree.c(1478): Final simple tree
|( QUESTION0_14_R 1 -7.577e+04 3.147e+02 3.664e+02
|    ( - -2.036e+03 1 0)
|    ( QUESTION0_0_R 1 -7.342e+04 2.560e+02 3.554e+02
|        ( QUESTION0 1 -1.068e+04 1.940e+02 5.000e+01
|            ( - -3.685e+03 1 0)
|            ( - -6.800e+03 1 0))
|        ( QUESTION14 1 -6.249e+04 2.491e+02 3.054e+02
|            ( - -1.923e+03 1 0)
|            ( - -6.032e+04 1 0))))
s>    ( QUESTION0_14_R 1 -7.577e+04 3.147e+02 3.664e+02
s>        ( - -2.036e+03 1 0)
s>        ( QUESTION0_0_R 1 -7.342e+04 2.560e+02 3.554e+02
s>            ( QUESTION0 1 -1.068e+04 1.940e+02 5.000e+01
s>                ( - -3.685e+03 1 0)
s>                ( - -6.800e+03 1 0))
s>            ( QUESTION14 1 -6.249e+04 2.491e+02 3.054e+02
s>                ( - -1.923e+03 1 0)
s>                ( - -6.032e+04 1 0))))INFO: dtree.c(1439): stop. leaf nodes are specific
INFO: dtree.c(1478): Final simple tree
|( WDBNDRY_I 0 -4.749e+05 6.912e+02 2.271e+03
|    ( QUESTION0_14_R 1 -3.673e+05 3.335e+02 1.760e+03
|        ( - -4.133e+04 1 0)
|        ( QUESTION20 1 -3.257e+05 3.391e+02 1.559e+03
|            ( - -1.002e+05 1 0)
|            ( - -2.251e+05 1 0)))
|    ( WDBNDRY_B 0 -1.068e+05 5.602e+02 5.107e+02
|        ( QUESTION0_14_R 1 -6.635e+04 1.703e+02 3.242e+02
|            ( - -3.127e+03 1 0)
|            ( QUESTION20 1 -6.305e+04 1.656e+02 3.082e+02
|                ( - -2.442e+03 1 0)
|                ( - -6.044e+04 1 0)))
|        ( - -3.994e+04 1 0)))
s>    ( WDBNDRY_I 0 -4.749e+05 6.912e+02 2.271e+03
s>        ( QUESTION0_14_R 1 -3.673e+05 3.335e+02 1.760e+03
s>            ( - -4.133e+04 1 0)
s>            ( QUESTION20 1 -3.257e+05 3.391e+02 1.559e+03
s>                ( - -1.002e+05 1 0)
s>                ( - -2.251e+05 1 0)))
s>        ( WDBNDRY_B 0 -1.068e+05 5.602e+02 5.107e+02
s>            ( QUESTION0_14_R 1 -6.635e+04 1.703e+02 3.242e+02
s>                ( - -3.127e+03 1 0)
s>                ( QUESTION20 1 -6.305e+04 1.656e+02 3.082e+02
s>                    ( - -2.442e+03 1 0)
s>                    ( - -6.044e+04 1 0)))
s>            ( - -3.994e+04 1 0)))INFO: dtree.c(1315): Comp split 6
INFO: dtree.c(1478): Final simple tree
|( WDBNDRY_B 0 -2.488e+05 4.326e+02 1.212e+03
|    ( QUESTION20 -1 -1.115e+05 3.560e+02 5.502e+02
|        ( QUESTION20 1 -6.811e+04 2.584e+02 3.399e+02
|            ( - -5.087e+04 1 0)
|            ( - -1.698e+04 1 0))
|        ( - -4.306e+04 1 0))
|    ( QUESTION0_16_R 1 -1.368e+05 3.747e+02 6.619e+02
|        ( QUESTION20 1 -1.138e+05 2.857e+02 5.529e+02
|            ( - -3.468e+04 2 0 QUESTION20 -1 1.941e+02 1.694e+02)
|            ( QUESTION20 -1 -7.883e+04 2.131e+02 3.835e+02
|                ( - -7.799e+04 1 0)
|                ( - -6.293e+02 1 0)))
|        ( QUESTION0_14_R 1 -2.262e+04 2.199e+02 1.090e+02
|            ( - -2.081e+04 1 0)
|            ( - -1.588e+03 1 0))))
s>    ( WDBNDRY_B 0 -2.488e+05 4.326e+02 1.212e+03
s>        ( QUESTION20 -1 -1.115e+05 3.560e+02 5.502e+02
s>            ( QUESTION20 1 -6.811e+04 2.584e+02 3.399e+02
s>                ( - -5.087e+04 1 0)
s>                ( - -1.698e+04 1 0))
s>            ( - -4.306e+04 1 0))
s>        ( QUESTION0_16_R 1 -1.368e+05 3.747e+02 6.619e+02
s>            ( QUESTION20 1 -1.138e+05 2.857e+02 5.529e+02
s>                ( - -3.468e+04 2 0 QUESTION20 -1 1.941e+02 1.694e+02)
s>                ( QUESTION20 -1 -7.883e+04 2.131e+02 3.835e+02
s>                    ( - -7.799e+04 1 0)
s>                    ( - -6.293e+02 1 0)))
s>            ( QUESTION0_14_R 1 -2.262e+04 2.199e+02 1.090e+02
s>                ( - -2.081e+04 1 0)
s>                ( - -1.588e+03 1 0))))INFO: dtree.c(1478): Final simple tree
|( QUESTION2_1_L -1 -6.968e+05 7.607e+02 3.347e+03
|    ( - -1.265e+05 6 0 QUESTION1 -1 4.277e+02 6.163e+02)
|    ( QUESTION20 -1 -5.695e+05 6.142e+02 2.731e+03
|        ( - -4.101e+04 1 0)
|        ( QUESTION14 -1 -5.279e+05 4.837e+02 2.528e+03
|            ( - -1.573e+05 7 0 QUESTION2_14_L -1 4.090e+02 7.497e+02)
|            ( WDBNDRY_B 0 -3.700e+05 5.482e+02 1.778e+03
|                ( QUESTION20 1 -3.299e+05 5.347e+02 1.589e+03
|                    ( - -1.290e+05 6 0 QUESTION16 -1 3.152e+02 6.185e+02)
|                    ( - -2.004e+05 10 0 QUESTION13 -1 4.087e+02 9.703e+02))
|                ( QUESTION19 -1 -3.958e+04 4.654e+02 1.894e+02
|                    ( - 1.735e+02 1 0)
|                    ( QUESTION0_14_R 1 -3.928e+04 4.570e+02 1.884e+02
|                        ( - 2.158e+02 1 0)
|                        ( - -3.904e+04 10 0 QUESTION14 1 2.918e+02 1.874e+02)))))))
s>    ( QUESTION2_1_L -1 -6.968e+05 7.607e+02 3.347e+03
s>        ( - -1.265e+05 6 0 QUESTION1 -1 4.277e+02 6.163e+02)
s>        ( QUESTION20 -1 -5.695e+05 6.142e+02 2.731e+03
s>            ( - -4.101e+04 1 0)
s>            ( QUESTION14 -1 -5.279e+05 4.837e+02 2.528e+03
s>                ( - -1.573e+05 7 0 QUESTION2_14_L -1 4.090e+02 7.497e+02)
s>                ( WDBNDRY_B 0 -3.700e+05 5.482e+02 1.778e+03
s>                    ( QUESTION20 1 -3.299e+05 5.347e+02 1.589e+03
s>                        ( - -1.290e+05 6 0 QUESTION16 -1 3.152e+02 6.185e+02)
s>                        ( - -2.004e+05 10 0 QUESTION13 -1 4.087e+02 9.703e+02))
s>                    ( QUESTION19 -1 -3.958e+04 4.654e+02 1.894e+02
s>                        ( - 1.735e+02 1 0)
s>                        ( QUESTION0_14_R 1 -3.928e+04 4.570e+02 1.884e+02
s>                            ( - 2.158e+02 1 0)
s>                            ( - -3.904e+04 10 0 QUESTION14 1 2.918e+02 1.874e+02)))))))INFO: dtree.c(1315): Comp split 7
INFO: dtree.c(1478): Final simple tree
|( QUESTION20 -1 -5.695e+05 6.142e+02 2.731e+03
|    ( - -4.101e+04 1 0)
|    ( QUESTION14 -1 -5.279e+05 4.837e+02 2.528e+03
|        ( QUESTION2_14_L -1 -1.573e+05 4.090e+02 7.497e+02
|            ( - -4.602e+04 1 0)
|            ( - -1.109e+05 6 0 WDBNDRY_B 0 4.295e+02 5.251e+02))
|        ( WDBNDRY_B 0 -3.700e+05 5.482e+02 1.778e+03
|            ( QUESTION20 1 -3.299e+05 5.347e+02 1.589e+03
|                ( - -1.290e+05 6 0 QUESTION16 -1 3.152e+02 6.185e+02)
|                ( - -2.004e+05 10 0 QUESTION13 -1 4.087e+02 9.703e+02))
|            ( QUESTION19 -1 -3.958e+04 4.654e+02 1.894e+02
|                ( - 1.735e+02 1 0)
|                ( QUESTION0_14_R 1 -3.928e+04 4.570e+02 1.884e+02
|                    ( - 2.158e+02 1 0)
|                    ( - -3.904e+04 10 0 QUESTION14 1 2.918e+02 1.874e+02))))))
s>    ( QUESTION20 -1 -5.695e+05 6.142e+02 2.731e+03
s>        ( - -4.101e+04 1 0)
s>        ( QUESTION14 -1 -5.279e+05 4.837e+02 2.528e+03
s>            ( QUESTION2_14_L -1 -1.573e+05 4.090e+02 7.497e+02
s>                ( - -4.602e+04 1 0)
s>                ( - -1.109e+05 6 0 WDBNDRY_B 0 4.295e+02 5.251e+02))
s>            ( WDBNDRY_B 0 -3.700e+05 5.482e+02 1.778e+03
s>                ( QUESTION20 1 -3.299e+05 5.347e+02 1.589e+03
s>                    ( - -1.290e+05 6 0 QUESTION16 -1 3.152e+02 6.185e+02)
s>                    ( - -2.004e+05 10 0 QUESTION13 -1 4.087e+02 9.703e+02))
s>                ( QUESTION19 -1 -3.958e+04 4.654e+02 1.894e+02
s>                    ( - 1.735e+02 1 0)
s>                    ( QUESTION0_14_R 1 -3.928e+04 4.570e+02 1.884e+02
s>                        ( - 2.158e+02 1 0)
s>                        ( - -3.904e+04 10 0 QUESTION14 1 2.918e+02 1.874e+02))))))INFO: dtree.c(1439): stop. leaf nodes are specific
INFO: dtree.c(1478): Final simple tree
|( QUESTION1 -1 -1.265e+05 4.277e+02 6.163e+02
|    ( WDBNDRY_B 0 -8.350e+04 3.656e+02 4.111e+02
|        ( QUESTION0_14_R 1 -7.848e+04 2.469e+02 3.877e+02
|            ( - -5.500e+04 1 0)
|            ( - -2.323e+04 1 0))
|        ( QUESTION20 1 -4.653e+03 1.695e+02 2.340e+01
|            ( - -3.493e+03 1 0)
|            ( - -9.909e+02 1 0)))
|    ( QUESTION0_14_R 1 -4.261e+04 2.474e+02 2.053e+02
|        ( - -3.581e+04 1 0)
|        ( - -6.552e+03 1 0)))
s>    ( QUESTION1 -1 -1.265e+05 4.277e+02 6.163e+02
s>        ( WDBNDRY_B 0 -8.350e+04 3.656e+02 4.111e+02
s>            ( QUESTION0_14_R 1 -7.848e+04 2.469e+02 3.877e+02
s>                ( - -5.500e+04 1 0)
s>                ( - -2.323e+04 1 0))
s>            ( QUESTION20 1 -4.653e+03 1.695e+02 2.340e+01
s>                ( - -3.493e+03 1 0)
s>                ( - -9.909e+02 1 0)))
s>        ( QUESTION0_14_R 1 -4.261e+04 2.474e+02 2.053e+02
s>            ( - -3.581e+04 1 0)
s>            ( - -6.552e+03 1 0)))INFO: dtree.c(1315): Comp split 8
INFO: dtree.c(1478): Final simple tree
|( QUESTION0_4_R 1 -7.704e+04 4.166e+02 3.539e+02
|    ( QUESTION2_14_L -1 -4.500e+04 3.299e+02 2.051e+02
|        ( QUESTION14 -1 -2.268e+04 2.426e+02 1.028e+02
|            ( WDBNDRY_E 0 -1.916e+04 1.892e+02 8.680e+01
|                ( - -5.948e+03 2 0)
|                ( - -1.302e+04 1 0))
|            ( QUESTION18 -1 -3.281e+03 1.635e+02 1.600e+01
|                ( - -1.259e+03 1 0)
|                ( - -1.858e+03 2 0)))
|        ( - -2.199e+04 1 0))
|    ( WDBNDRY_E 0 -3.163e+04 2.702e+02 1.488e+02
|        ( - -1.402e+03 1 0)
|        ( WDBNDRY_B 0 -2.996e+04 1.538e+02 1.408e+02
|            ( - -2.943e+04 1 0)
|            ( - -3.734e+02 2 0))))
s>    ( QUESTION0_4_R 1 -7.704e+04 4.166e+02 3.539e+02
s>        ( QUESTION2_14_L -1 -4.500e+04 3.299e+02 2.051e+02
s>            ( QUESTION14 -1 -2.268e+04 2.426e+02 1.028e+02
s>                ( WDBNDRY_E 0 -1.916e+04 1.892e+02 8.680e+01
s>                    ( - -5.948e+03 2 0)
s>                    ( - -1.302e+04 1 0))
s>                ( QUESTION18 -1 -3.281e+03 1.635e+02 1.600e+01
s>                    ( - -1.259e+03 1 0)
s>                    ( - -1.858e+03 2 0)))
s>            ( - -2.199e+04 1 0))
s>        ( WDBNDRY_E 0 -3.163e+04 2.702e+02 1.488e+02
s>            ( - -1.402e+03 1 0)
s>            ( WDBNDRY_B 0 -2.996e+04 1.538e+02 1.408e+02
s>                ( - -2.943e+04 1 0)
s>                ( - -3.734e+02 2 0))))INFO: dtree.c(1439): stop. leaf nodes are specific
INFO: dtree.c(1478): Final simple tree
|( QUESTION16 -1 -2.769e+05 5.288e+02 1.253e+03
|    ( WDBNDRY_E 0 -2.343e+05 1.391e+02 1.060e+03
|        ( - -1.020e+03 1 0)
|        ( - -2.332e+05 5 0))
|    ( - -4.208e+04 2 0))
s>    ( QUESTION16 -1 -2.769e+05 5.288e+02 1.253e+03
s>        ( WDBNDRY_E 0 -2.343e+05 1.391e+02 1.060e+03
s>            ( - -1.020e+03 1 0)
s>            ( - -2.332e+05 5 0))
s>        ( - -4.208e+04 2 0))INFO: dtree.c(1315): Comp split 9
INFO: dtree.c(1439): stop. leaf nodes are specific
INFO: dtree.c(1478): Final simple tree
|( WDBNDRY_B 0 -1.068e+05 5.602e+02 5.107e+02
|    ( QUESTION0_14_R 1 -6.635e+04 1.703e+02 3.242e+02
|        ( - -3.127e+03 1 0)
|        ( QUESTION20 1 -6.305e+04 1.656e+02 3.082e+02
|            ( - -2.442e+03 1 0)
|            ( - -6.044e+04 1 0)))
|    ( - -3.994e+04 1 0))
s>    ( WDBNDRY_B 0 -1.068e+05 5.602e+02 5.107e+02
s>        ( QUESTION0_14_R 1 -6.635e+04 1.703e+02 3.242e+02
s>            ( - -3.127e+03 1 0)
s>            ( QUESTION20 1 -6.305e+04 1.656e+02 3.082e+02
s>                ( - -2.442e+03 1 0)
s>                ( - -6.044e+04 1 0)))
s>        ( - -3.994e+04 1 0))INFO: dtree.c(1439): stop. leaf nodes are specific
INFO: dtree.c(1478): Final simple tree
|( QUESTION0_14_R 1 -3.673e+05 3.335e+02 1.760e+03
|    ( - -4.133e+04 1 0)
|    ( QUESTION20 1 -3.257e+05 3.391e+02 1.559e+03
|        ( - -1.002e+05 1 0)
|        ( - -2.251e+05 1 0)))
s>    ( QUESTION0_14_R 1 -3.673e+05 3.335e+02 1.760e+03
s>        ( - -4.133e+04 1 0)
s>        ( QUESTION20 1 -3.257e+05 3.391e+02 1.559e+03
s>            ( - -1.002e+05 1 0)
s>            ( - -2.251e+05 1 0)))INFO: dtree.c(1315): Comp split 10
INFO: dtree.c(1478): Final simple tree
|( WDBNDRY_B 0 -2.400e+05 5.206e+02 1.158e+03
|    ( QUESTION13 -1 -2.004e+05 4.087e+02 9.703e+02
|        ( - -1.416e+05 6 0 QUESTION2_15_L -1 2.126e+02 6.875e+02)
|        ( QUESTION11 -1 -5.837e+04 2.597e+02 2.828e+02
|            ( - -4.228e+04 1 0)
|            ( QUESTION0_14_R 1 -1.583e+04 2.231e+02 7.620e+01
|                ( - -1.539e+03 1 0)
|                ( - -1.407e+04 2 0 SILENCE -1 1.368e+02 6.720e+01))))
|    ( QUESTION14 1 -3.904e+04 2.918e+02 1.874e+02
|        ( - -4.385e+03 2 0 WDBNDRY_E 0 1.618e+02 2.300e+01)
|        ( QUESTION20 1 -3.437e+04 2.797e+02 1.644e+02
|            ( - -7.222e+03 3 0 WDBNDRY_S 0 2.173e+02 3.600e+01)
|            ( WDBNDRY_I 0 -2.686e+04 2.474e+02 1.284e+02
|                ( - -1.219e+03 1 0)
|                ( - -2.540e+04 4 0 QUESTION0_0_R 1 2.125e+02 1.214e+02)))))
s>    ( WDBNDRY_B 0 -2.400e+05 5.206e+02 1.158e+03
s>        ( QUESTION13 -1 -2.004e+05 4.087e+02 9.703e+02
s>            ( - -1.416e+05 6 0 QUESTION2_15_L -1 2.126e+02 6.875e+02)
s>            ( QUESTION11 -1 -5.837e+04 2.597e+02 2.828e+02
s>                ( - -4.228e+04 1 0)
s>                ( QUESTION0_14_R 1 -1.583e+04 2.231e+02 7.620e+01
s>                    ( - -1.539e+03 1 0)
s>                    ( - -1.407e+04 2 0 SILENCE -1 1.368e+02 6.720e+01))))
s>        ( QUESTION14 1 -3.904e+04 2.918e+02 1.874e+02
s>            ( - -4.385e+03 2 0 WDBNDRY_E 0 1.618e+02 2.300e+01)
s>            ( QUESTION20 1 -3.437e+04 2.797e+02 1.644e+02
s>                ( - -7.222e+03 3 0 WDBNDRY_S 0 2.173e+02 3.600e+01)
s>                ( WDBNDRY_I 0 -2.686e+04 2.474e+02 1.284e+02
s>                    ( - -1.219e+03 1 0)
s>                    ( - -2.540e+04 4 0 QUESTION0_0_R 1 2.125e+02 1.214e+02)))))INFO: dtree.c(1478): Final simple tree
|( QUESTION16 1 -3.288e+05 5.664e+02 1.573e+03
|    ( - -4.101e+04 1 0)
|    ( QUESTION16 -1 -2.873e+05 4.812e+02 1.370e+03
|        ( - -1.072e+05 2 0)
|        ( QUESTION0_0_R 1 -1.796e+05 4.632e+02 8.571e+02
|            ( - 1.735e+02 1 0)
|            ( QUESTION0_14_R 1 -1.793e+05 4.593e+02 8.561e+02
|                ( - 2.158e+02 1 0)
|                ( QUESTION2_14_L -1 -1.791e+05 4.246e+02 8.551e+02
|                    ( - -5.569e+04 2 0 QUESTION14 -1 1.793e+02 2.724e+02)
|                    ( WDBNDRY_B 0 -1.230e+05 4.003e+02 5.827e+02
|                        ( QUESTION20 1 -6.099e+04 3.747e+02 2.880e+02
|                            ( - -1.935e+04 4 0 QUESTION13 -1 2.907e+02 9.515e+01)
|                            ( - -4.127e+04 3 0))
|                        ( - -6.157e+04 2 0)))))))
s>    ( QUESTION16 1 -3.288e+05 5.664e+02 1.573e+03
s>        ( - -4.101e+04 1 0)
s>        ( QUESTION16 -1 -2.873e+05 4.812e+02 1.370e+03
s>            ( - -1.072e+05 2 0)
s>            ( QUESTION0_0_R 1 -1.796e+05 4.632e+02 8.571e+02
s>                ( - 1.735e+02 1 0)
s>                ( QUESTION0_14_R 1 -1.793e+05 4.593e+02 8.561e+02
s>                    ( - 2.158e+02 1 0)
s>                    ( QUESTION2_14_L -1 -1.791e+05 4.246e+02 8.551e+02
s>                        ( - -5.569e+04 2 0 QUESTION14 -1 1.793e+02 2.724e+02)
s>                        ( WDBNDRY_B 0 -1.230e+05 4.003e+02 5.827e+02
s>                            ( QUESTION20 1 -6.099e+04 3.747e+02 2.880e+02
s>                                ( - -1.935e+04 4 0 QUESTION13 -1 2.907e+02 9.515e+01)
s>                                ( - -4.127e+04 3 0))
s>                            ( - -6.157e+04 2 0)))))))INFO: dtree.c(1315): Comp split 11
INFO: dtree.c(1439): stop. leaf nodes are specific
INFO: dtree.c(1478): Final simple tree
|( QUESTION20 1 -5.604e+05 4.998e+02 2.689e+03
|    ( - -2.562e+05 1 0)
|    ( QUESTION0_0_R 1 -3.037e+05 3.720e+02 1.447e+03
|        ( QUESTION0_1_R 1 -1.029e+04 2.527e+02 5.003e+01
|            ( QUESTION11 1 -4.724e+03 1.383e+02 2.400e+01
|                ( - -1.788e+03 1 0)
|                ( - -2.797e+03 2 0))
|            ( - -5.310e+03 1 0))
|        ( WDBNDRY_B 0 -2.930e+05 2.377e+02 1.397e+03
|            ( - -5.373e+03 1 0)
|            ( QUESTION0_14_R 1 -2.874e+05 1.517e+02 1.371e+03
|                ( - -3.999e+04 3 0)
|                ( - -2.473e+05 2 0)))))
s>    ( QUESTION20 1 -5.604e+05 4.998e+02 2.689e+03
s>        ( - -2.562e+05 1 0)
s>        ( QUESTION0_0_R 1 -3.037e+05 3.720e+02 1.447e+03
s>            ( QUESTION0_1_R 1 -1.029e+04 2.527e+02 5.003e+01
s>                ( QUESTION11 1 -4.724e+03 1.383e+02 2.400e+01
s>                    ( - -1.788e+03 1 0)
s>                    ( - -2.797e+03 2 0))
s>                ( - -5.310e+03 1 0))
s>            ( WDBNDRY_B 0 -2.930e+05 2.377e+02 1.397e+03
s>                ( - -5.373e+03 1 0)
s>                ( QUESTION0_14_R 1 -2.874e+05 1.517e+02 1.371e+03
s>                    ( - -3.999e+04 3 0)
s>                    ( - -2.473e+05 2 0)))))INFO: dtree.c(1315): Comp split 12
INFO: dtree.c(1439): stop. leaf nodes are specific
INFO: dtree.c(1478): Final simple tree
|( WDBNDRY_B 0 -3.973e+04 2.632e+02 1.886e+02
|    ( SILENCE -1 -1.407e+04 1.368e+02 6.720e+01
|        ( - -7.434e+03 1 0)
|        ( - -6.495e+03 1 0))
|    ( QUESTION0_0_R 1 -2.540e+04 2.125e+02 1.214e+02
|        ( WDBNDRY_E 0 -1.311e+04 2.328e+02 6.387e+01
|            ( QUESTION0_1_R 1 -9.334e+03 2.208e+02 4.687e+01
|                ( - -1.802e+03 1 0)
|                ( - -7.312e+03 1 0))
|            ( - -3.543e+03 1 0))
|        ( - -1.208e+04 1 0)))
s>    ( WDBNDRY_B 0 -3.973e+04 2.632e+02 1.886e+02
s>        ( SILENCE -1 -1.407e+04 1.368e+02 6.720e+01
s>            ( - -7.434e+03 1 0)
s>            ( - -6.495e+03 1 0))
s>        ( QUESTION0_0_R 1 -2.540e+04 2.125e+02 1.214e+02
s>            ( WDBNDRY_E 0 -1.311e+04 2.328e+02 6.387e+01
s>                ( QUESTION0_1_R 1 -9.334e+03 2.208e+02 4.687e+01
s>                    ( - -1.802e+03 1 0)
s>                    ( - -7.312e+03 1 0))
s>                ( - -3.543e+03 1 0))
s>            ( - -1.208e+04 1 0)))INFO: dtree.c(1478): Final simple tree
|( WDBNDRY_B 0 -1.996e+05 3.518e+02 9.691e+02
|    ( QUESTION16 -1 -1.860e+05 3.263e+02 9.031e+02
|        ( - -1.360e+05 4 0 QUESTION0_14_R 1 1.912e+02 6.608e+02)
|        ( SILENCE -1 -4.963e+04 2.414e+02 2.423e+02
|            ( - -1.539e+03 1 0)
|            ( QUESTION2_15_L -1 -4.785e+04 1.990e+02 2.333e+02
|                ( - -1.028e+03 1 0)
|                ( - -4.663e+04 2 0 QUESTION0 -1 1.539e+02 2.273e+02))))
|    ( QUESTION14 1 -1.326e+04 2.381e+02 6.600e+01
|        ( - -4.385e+03 2 0 WDBNDRY_E 0 1.618e+02 2.300e+01)
|        ( WDBNDRY_S 0 -8.636e+03 1.965e+02 4.300e+01
|            ( - -5.424e+03 1 0)
|            ( QUESTION20 1 -3.015e+03 2.160e+02 1.500e+01
|                ( - -1.580e+03 2 0 QUESTION0 -1 1.422e+02 8.000e+00)
|                ( - -1.219e+03 1 0)))))
s>    ( WDBNDRY_B 0 -1.996e+05 3.518e+02 9.691e+02
s>        ( QUESTION16 -1 -1.860e+05 3.263e+02 9.031e+02
s>            ( - -1.360e+05 4 0 QUESTION0_14_R 1 1.912e+02 6.608e+02)
s>            ( SILENCE -1 -4.963e+04 2.414e+02 2.423e+02
s>                ( - -1.539e+03 1 0)
s>                ( QUESTION2_15_L -1 -4.785e+04 1.990e+02 2.333e+02
s>                    ( - -1.028e+03 1 0)
s>                    ( - -4.663e+04 2 0 QUESTION0 -1 1.539e+02 2.273e+02))))
s>        ( QUESTION14 1 -1.326e+04 2.381e+02 6.600e+01
s>            ( - -4.385e+03 2 0 WDBNDRY_E 0 1.618e+02 2.300e+01)
s>            ( WDBNDRY_S 0 -8.636e+03 1.965e+02 4.300e+01
s>                ( - -5.424e+03 1 0)
s>                ( QUESTION20 1 -3.015e+03 2.160e+02 1.500e+01
s>                    ( - -1.580e+03 2 0 QUESTION0 -1 1.422e+02 8.000e+00)
s>                    ( - -1.219e+03 1 0)))))INFO: dtree.c(1315): Comp split 13
INFO: dtree.c(1439): stop. leaf nodes are specific
INFO: dtree.c(1478): Final simple tree
|( WDBNDRY_B 0 -4.151e+04 4.555e+02 1.938e+02
|    ( - -4.127e+04 3 0)
|    ( - 2.158e+02 1 0))
s>    ( WDBNDRY_B 0 -4.151e+04 4.555e+02 1.938e+02
s>        ( - -4.127e+04 3 0)
s>        ( - 2.158e+02 1 0))INFO: dtree.c(1478): Final simple tree
|( QUESTION0_14_R 1 -2.867e+05 5.337e+02 1.379e+03
|    ( - -4.101e+04 1 0)
|    ( QUESTION0_0_R 1 -2.452e+05 4.649e+02 1.176e+03
|        ( - 1.735e+02 1 0)
|        ( QUESTION16 -1 -2.449e+05 4.284e+02 1.175e+03
|            ( - -1.072e+05 2 0)
|            ( WDBNDRY_B 0 -1.373e+05 3.960e+02 6.623e+02
|                ( QUESTION2_20_L -1 -7.531e+04 3.161e+02 3.676e+02
|                    ( - -7.231e+03 1 0)
|                    ( QUESTION14 -1 -6.776e+04 2.667e+02 3.300e+02
|                        ( - -4.602e+04 1 0)
|                        ( QUESTION12 -1 -2.148e+04 2.169e+02 1.054e+02
|                            ( - -5.179e+03 1 0)
|                            ( - -1.608e+04 3 0 SILENCE -1 1.481e+02 7.980e+01))))
|                ( - -6.157e+04 2 0)))))
s>    ( QUESTION0_14_R 1 -2.867e+05 5.337e+02 1.379e+03
s>        ( - -4.101e+04 1 0)
s>        ( QUESTION0_0_R 1 -2.452e+05 4.649e+02 1.176e+03
s>            ( - 1.735e+02 1 0)
s>            ( QUESTION16 -1 -2.449e+05 4.284e+02 1.175e+03
s>                ( - -1.072e+05 2 0)
s>                ( WDBNDRY_B 0 -1.373e+05 3.960e+02 6.623e+02
s>                    ( QUESTION2_20_L -1 -7.531e+04 3.161e+02 3.676e+02
s>                        ( - -7.231e+03 1 0)
s>                        ( QUESTION14 -1 -6.776e+04 2.667e+02 3.300e+02
s>                            ( - -4.602e+04 1 0)
s>                            ( QUESTION12 -1 -2.148e+04 2.169e+02 1.054e+02
s>                                ( - -5.179e+03 1 0)
s>                                ( - -1.608e+04 3 0 SILENCE -1 1.481e+02 7.980e+01))))
s>                    ( - -6.157e+04 2 0)))))INFO: dtree.c(1315): Comp split 14
INFO: dtree.c(1439): stop. leaf nodes are specific
INFO: dtree.c(1478): Final simple tree
|( WDBNDRY_B 0 -7.734e+04 2.020e+02 3.666e+02
|    ( QUESTION0 -1 -3.570e+04 1.805e+02 1.714e+02
|        ( - -3.426e+03 1 0)
|        ( - -3.209e+04 1 0))
|    ( - -4.144e+04 3 0))
s>    ( WDBNDRY_B 0 -7.734e+04 2.020e+02 3.666e+02
s>        ( QUESTION0 -1 -3.570e+04 1.805e+02 1.714e+02
s>            ( - -3.426e+03 1 0)
s>            ( - -3.209e+04 1 0))
s>        ( - -4.144e+04 3 0))INFO: dtree.c(1439): stop. leaf nodes are specific
INFO: dtree.c(1478): Final simple tree
|( QUESTION18 -1 -5.442e+04 4.789e+02 2.487e+02
|    ( - 2.411e+02 1 0)
|    ( WDBNDRY_B 0 -5.418e+04 1.255e+02 2.477e+02
|        ( - -7.361e+02 1 0)
|        ( - -5.332e+04 2 0)))
s>    ( QUESTION18 -1 -5.442e+04 4.789e+02 2.487e+02
s>        ( - 2.411e+02 1 0)
s>        ( WDBNDRY_B 0 -5.418e+04 1.255e+02 2.477e+02
s>            ( - -7.361e+02 1 0)
s>            ( - -5.332e+04 2 0)))INFO: dtree.c(1315): Comp split 15
INFO: dtree.c(1439): stop. leaf nodes are specific
INFO: dtree.c(1478): Final simple tree
|( QUESTION0_14_R 1 -6.635e+04 1.703e+02 3.242e+02
|    ( - -3.127e+03 1 0)
|    ( QUESTION20 1 -6.305e+04 1.656e+02 3.082e+02
|        ( - -2.442e+03 1 0)
|        ( - -6.044e+04 1 0)))
s>    ( QUESTION0_14_R 1 -6.635e+04 1.703e+02 3.242e+02
s>        ( - -3.127e+03 1 0)
s>        ( QUESTION20 1 -6.305e+04 1.656e+02 3.082e+02
s>            ( - -2.442e+03 1 0)
s>            ( - -6.044e+04 1 0)))INFO: dtree.c(1315): Comp split 16
INFO: dtree.c(1478): Final simple tree
|( QUESTION0_0_R 1 -2.452e+05 4.649e+02 1.176e+03
|    ( - 1.735e+02 1 0)
|    ( QUESTION16 -1 -2.449e+05 4.284e+02 1.175e+03
|        ( - -1.072e+05 2 0)
|        ( WDBNDRY_B 0 -1.373e+05 3.960e+02 6.623e+02
|            ( QUESTION2_20_L -1 -7.531e+04 3.161e+02 3.676e+02
|                ( - -7.231e+03 1 0)
|                ( QUESTION14 -1 -6.776e+04 2.667e+02 3.300e+02
|                    ( - -4.602e+04 1 0)
|                    ( QUESTION12 -1 -2.148e+04 2.169e+02 1.054e+02
|                        ( - -5.179e+03 1 0)
|                        ( SILENCE -1 -1.608e+04 1.481e+02 7.980e+01
|                            ( - -3.615e+03 1 0)
|                            ( - -1.232e+04 2 0 QUESTION0 -1 1.258e+02 6.180e+01)))))
|            ( - -6.157e+04 2 0))))
s>    ( QUESTION0_0_R 1 -2.452e+05 4.649e+02 1.176e+03
s>        ( - 1.735e+02 1 0)
s>        ( QUESTION16 -1 -2.449e+05 4.284e+02 1.175e+03
s>            ( - -1.072e+05 2 0)
s>            ( WDBNDRY_B 0 -1.373e+05 3.960e+02 6.623e+02
s>                ( QUESTION2_20_L -1 -7.531e+04 3.161e+02 3.676e+02
s>                    ( - -7.231e+03 1 0)
s>                    ( QUESTION14 -1 -6.776e+04 2.667e+02 3.300e+02
s>                        ( - -4.602e+04 1 0)
s>                        ( QUESTION12 -1 -2.148e+04 2.169e+02 1.054e+02
s>                            ( - -5.179e+03 1 0)
s>                            ( SILENCE -1 -1.608e+04 1.481e+02 7.980e+01
s>                                ( - -3.615e+03 1 0)
s>                                ( - -1.232e+04 2 0 QUESTION0 -1 1.258e+02 6.180e+01)))))
s>                ( - -6.157e+04 2 0))))INFO: dtree.c(1315): Comp split 17
INFO: dtree.c(1439): stop. leaf nodes are specific
INFO: dtree.c(1478): Final simple tree
|( WDBNDRY_E 0 -2.343e+05 1.391e+02 1.060e+03
|    ( - -1.020e+03 1 0)
|    ( - -2.332e+05 5 0))
s>    ( WDBNDRY_E 0 -2.343e+05 1.391e+02 1.060e+03
s>        ( - -1.020e+03 1 0)
s>        ( - -2.332e+05 5 0))INFO: dtree.c(1315): Comp split 18
INFO: dtree.c(1439): stop. leaf nodes are specific
INFO: dtree.c(1478): Final simple tree
|( WDBNDRY_B 0 -1.214e+05 3.536e+02 5.898e+02
|    ( - -4.306e+04 1 0)
|    ( - -7.799e+04 1 0))
s>    ( WDBNDRY_B 0 -1.214e+05 3.536e+02 5.898e+02
s>        ( - -4.306e+04 1 0)
s>        ( - -7.799e+04 1 0))INFO: dtree.c(1439): stop. leaf nodes are specific
INFO: dtree.c(1478): Final simple tree
|( WDBNDRY_B 0 -1.268e+05 3.688e+02 6.223e+02
|    ( QUESTION20 1 -6.811e+04 2.584e+02 3.399e+02
|        ( - -5.087e+04 1 0)
|        ( - -1.698e+04 1 0))
|    ( QUESTION20 1 -5.836e+04 2.302e+02 2.824e+02
|        ( QUESTION20 -1 -3.468e+04 1.941e+02 1.694e+02
|            ( - -1.244e+03 1 0)
|            ( - -3.325e+04 1 0))
|        ( QUESTION0_14_R 1 -2.345e+04 2.765e+02 1.130e+02
|            ( - -2.081e+04 1 0)
|            ( QUESTION0_16_R 1 -2.362e+03 1.451e+02 1.300e+01
|                ( - -6.293e+02 1 0)
|                ( - -1.588e+03 1 0)))))
s>    ( WDBNDRY_B 0 -1.268e+05 3.688e+02 6.223e+02
s>        ( QUESTION20 1 -6.811e+04 2.584e+02 3.399e+02
s>            ( - -5.087e+04 1 0)
s>            ( - -1.698e+04 1 0))
s>        ( QUESTION20 1 -5.836e+04 2.302e+02 2.824e+02
s>            ( QUESTION20 -1 -3.468e+04 1.941e+02 1.694e+02
s>                ( - -1.244e+03 1 0)
s>                ( - -3.325e+04 1 0))
s>            ( QUESTION0_14_R 1 -2.345e+04 2.765e+02 1.130e+02
s>                ( - -2.081e+04 1 0)
s>                ( QUESTION0_16_R 1 -2.362e+03 1.451e+02 1.300e+01
s>                    ( - -6.293e+02 1 0)
s>                    ( - -1.588e+03 1 0)))))INFO: dtree.c(1315): Comp split 19
INFO: dtree.c(1439): stop. leaf nodes are specific
INFO: dtree.c(1478): Final simple tree
|( QUESTION0_0_R 1 -2.582e+05 2.117e+02 1.252e+03
|    ( - -1.788e+03 1 0)
|    ( - -2.562e+05 1 0))
s>    ( QUESTION0_0_R 1 -2.582e+05 2.117e+02 1.252e+03
s>        ( - -1.788e+03 1 0)
s>        ( - -2.562e+05 1 0))INFO: dtree.c(1439): stop. leaf nodes are specific
INFO: dtree.c(1478): Final simple tree
|( QUESTION0_0_R 1 -3.017e+05 3.598e+02 1.437e+03
|    ( QUESTION0_1_R 1 -8.298e+03 1.904e+02 4.003e+01
|        ( - -2.797e+03 2 0)
|        ( - -5.310e+03 1 0))
|    ( WDBNDRY_B 0 -2.930e+05 2.377e+02 1.397e+03
|        ( - -5.373e+03 1 0)
|        ( QUESTION0_14_R 1 -2.874e+05 1.517e+02 1.371e+03
|            ( - -3.999e+04 3 0)
|            ( - -2.473e+05 2 0))))
s>    ( QUESTION0_0_R 1 -3.017e+05 3.598e+02 1.437e+03
s>        ( QUESTION0_1_R 1 -8.298e+03 1.904e+02 4.003e+01
s>            ( - -2.797e+03 2 0)
s>            ( - -5.310e+03 1 0))
s>        ( WDBNDRY_B 0 -2.930e+05 2.377e+02 1.397e+03
s>            ( - -5.373e+03 1 0)
s>            ( QUESTION0_14_R 1 -2.874e+05 1.517e+02 1.371e+03
s>                ( - -3.999e+04 3 0)
s>                ( - -2.473e+05 2 0))))INFO: dtree.c(1315): Comp split 20
INFO: dtree.c(1439): stop. leaf nodes are specific
INFO: dtree.c(1478): Final simple tree
|( WDBNDRY_B 0 -3.959e+04 2.917e+02 1.896e+02
|    ( - -3.581e+04 1 0)
|    ( - -3.493e+03 1 0))
s>    ( WDBNDRY_B 0 -3.959e+04 2.917e+02 1.896e+02
s>        ( - -3.581e+04 1 0)
s>        ( - -3.493e+03 1 0))INFO: dtree.c(1439): stop. leaf nodes are specific
INFO: dtree.c(1478): Final simple tree
|( QUESTION0_14_R 1 -8.646e+04 2.525e+02 4.267e+02
|    ( - -5.500e+04 1 0)
|    ( WDBNDRY_B 0 -3.121e+04 2.258e+02 1.542e+02
|        ( QUESTION1 -1 -2.999e+04 2.070e+02 1.482e+02
|            ( - -2.323e+04 1 0)
|            ( - -6.552e+03 1 0))
|        ( - -9.909e+02 1 0)))
s>    ( QUESTION0_14_R 1 -8.646e+04 2.525e+02 4.267e+02
s>        ( - -5.500e+04 1 0)
s>        ( WDBNDRY_B 0 -3.121e+04 2.258e+02 1.542e+02
s>            ( QUESTION1 -1 -2.999e+04 2.070e+02 1.482e+02
s>                ( - -2.323e+04 1 0)
s>                ( - -6.552e+03 1 0))
s>            ( - -9.909e+02 1 0)))INFO: dtree.c(1315): Comp split 21
INFO: dtree.c(1439): stop. leaf nodes are specific
INFO: dtree.c(1478): Final simple tree
|( WDBNDRY_B 0 -5.418e+04 1.255e+02 2.477e+02
|    ( - -7.361e+02 1 0)
|    ( - -5.332e+04 2 0))
s>    ( WDBNDRY_B 0 -5.418e+04 1.255e+02 2.477e+02
s>        ( - -7.361e+02 1 0)
s>        ( - -5.332e+04 2 0))INFO: dtree.c(1315): Comp split 22
INFO: dtree.c(1478): Final simple tree
|( QUESTION16 -1 -2.449e+05 4.284e+02 1.175e+03
|    ( - -1.072e+05 2 0)
|    ( WDBNDRY_B 0 -1.373e+05 3.960e+02 6.623e+02
|        ( QUESTION2_20_L -1 -7.531e+04 3.161e+02 3.676e+02
|            ( - -7.231e+03 1 0)
|            ( QUESTION14 -1 -6.776e+04 2.667e+02 3.300e+02
|                ( - -4.602e+04 1 0)
|                ( QUESTION12 -1 -2.148e+04 2.169e+02 1.054e+02
|                    ( - -5.179e+03 1 0)
|                    ( SILENCE -1 -1.608e+04 1.481e+02 7.980e+01
|                        ( - -3.615e+03 1 0)
|                        ( QUESTION0 -1 -1.232e+04 1.258e+02 6.180e+01
|                            ( - -2.701e+03 1 0)
|                            ( - -9.491e+03 1 0))))))
|        ( - -6.157e+04 2 0)))
s>    ( QUESTION16 -1 -2.449e+05 4.284e+02 1.175e+03
s>        ( - -1.072e+05 2 0)
s>        ( WDBNDRY_B 0 -1.373e+05 3.960e+02 6.623e+02
s>            ( QUESTION2_20_L -1 -7.531e+04 3.161e+02 3.676e+02
s>                ( - -7.231e+03 1 0)
s>                ( QUESTION14 -1 -6.776e+04 2.667e+02 3.300e+02
s>                    ( - -4.602e+04 1 0)
s>                    ( QUESTION12 -1 -2.148e+04 2.169e+02 1.054e+02
s>                        ( - -5.179e+03 1 0)
s>                        ( SILENCE -1 -1.608e+04 1.481e+02 7.980e+01
s>                            ( - -3.615e+03 1 0)
s>                            ( QUESTION0 -1 -1.232e+04 1.258e+02 6.180e+01
s>                                ( - -2.701e+03 1 0)
s>                                ( - -9.491e+03 1 0))))))
s>            ( - -6.157e+04 2 0)))INFO: dtree.c(1315): Comp split 23
INFO: dtree.c(1315): Comp split 24
INFO: dtree.c(1439): stop. leaf nodes are specific
INFO: dtree.c(1478): Final simple tree
|( QUESTION2_20_L -1 -6.704e+04 3.161e+02 3.280e+02
|    ( - -7.231e+03 1 0)
|    ( QUESTION14 -1 -5.949e+04 2.239e+02 2.904e+02
|        ( - -4.602e+04 1 0)
|        ( SILENCE -1 -1.325e+04 1.420e+02 6.580e+01
|            ( - -3.615e+03 1 0)
|            ( - -9.491e+03 1 0))))
s>    ( QUESTION2_20_L -1 -6.704e+04 3.161e+02 3.280e+02
s>        ( - -7.231e+03 1 0)
s>        ( QUESTION14 -1 -5.949e+04 2.239e+02 2.904e+02
s>            ( - -4.602e+04 1 0)
s>            ( SILENCE -1 -1.325e+04 1.420e+02 6.580e+01
s>                ( - -3.615e+03 1 0)
s>                ( - -9.491e+03 1 0))))INFO: dtree.c(1439): stop. leaf nodes are specific
INFO: dtree.c(1478): Final simple tree
|( QUESTION15 -1 -1.774e+05 3.956e+02 8.474e+02
|    ( - -1.072e+05 2 0)
|    ( QUESTION12 -1 -6.982e+04 2.414e+02 3.343e+02
|        ( - -5.179e+03 1 0)
|        ( WDBNDRY_B 0 -6.440e+04 1.292e+02 3.087e+02
|            ( - -2.701e+03 1 0)
|            ( - -6.157e+04 2 0))))
s>    ( QUESTION15 -1 -1.774e+05 3.956e+02 8.474e+02
s>        ( - -1.072e+05 2 0)
s>        ( QUESTION12 -1 -6.982e+04 2.414e+02 3.343e+02
s>            ( - -5.179e+03 1 0)
s>            ( WDBNDRY_B 0 -6.440e+04 1.292e+02 3.087e+02
s>                ( - -2.701e+03 1 0)
s>                ( - -6.157e+04 2 0))))INFO: dtree.c(1315): Comp split 25
INFO: dtree.c(1439): stop. leaf nodes are specific
INFO: dtree.c(1478): Final simple tree
|( QUESTION0_14_R 1 -1.418e+05 2.285e+02 6.870e+02
|    ( - -4.133e+04 1 0)
|    ( - -1.002e+05 1 0))
s>    ( QUESTION0_14_R 1 -1.418e+05 2.285e+02 6.870e+02
s>        ( - -4.133e+04 1 0)
s>        ( - -1.002e+05 1 0))INFO: dtree.c(1315): Comp split 26
INFO: dtree.c(1439): stop. leaf nodes are specific
INFO: dtree.c(1478): Final simple tree
|( WDBNDRY_B 0 -3.110e+04 2.707e+02 1.468e+02
|    ( - -2.943e+04 1 0)
|    ( - -1.402e+03 1 0))
s>    ( WDBNDRY_B 0 -3.110e+04 2.707e+02 1.468e+02
s>        ( - -2.943e+04 1 0)
s>        ( - -1.402e+03 1 0))INFO: dtree.c(1439): stop. leaf nodes are specific
INFO: dtree.c(1478): Final simple tree
|( QUESTION2_14_L -1 -4.551e+04 3.385e+02 2.071e+02
|    ( QUESTION14 -1 -2.319e+04 2.412e+02 1.048e+02
|        ( WDBNDRY_E 0 -1.967e+04 1.941e+02 8.880e+01
|            ( - -5.948e+03 2 0)
|            ( QUESTION0_4_R 1 -1.352e+04 1.323e+02 6.078e+01
|                ( - -1.302e+04 1 0)
|                ( - -3.734e+02 2 0)))
|        ( QUESTION18 -1 -3.281e+03 1.635e+02 1.600e+01
|            ( - -1.259e+03 1 0)
|            ( - -1.858e+03 2 0)))
|    ( - -2.199e+04 1 0))
s>    ( QUESTION2_14_L -1 -4.551e+04 3.385e+02 2.071e+02
s>        ( QUESTION14 -1 -2.319e+04 2.412e+02 1.048e+02
s>            ( WDBNDRY_E 0 -1.967e+04 1.941e+02 8.880e+01
s>                ( - -5.948e+03 2 0)
s>                ( QUESTION0_4_R 1 -1.352e+04 1.323e+02 6.078e+01
s>                    ( - -1.302e+04 1 0)
s>                    ( - -3.734e+02 2 0)))
s>            ( QUESTION18 -1 -3.281e+03 1.635e+02 1.600e+01
s>                ( - -1.259e+03 1 0)
s>                ( - -1.858e+03 2 0)))
s>        ( - -2.199e+04 1 0))INFO: dtree.c(1315): Comp split 27
INFO: dtree.c(1439): stop. leaf nodes are specific
INFO: dtree.c(1478): Final simple tree
|( QUESTION0_14_R 1 -2.874e+05 1.517e+02 1.371e+03
|    ( - -3.999e+04 3 0)
|    ( - -2.473e+05 2 0))
s>    ( QUESTION0_14_R 1 -2.874e+05 1.517e+02 1.371e+03
s>        ( - -3.999e+04 3 0)
s>        ( - -2.473e+05 2 0))INFO: dtree.c(1439): stop. leaf nodes are specific
INFO: dtree.c(1478): Final simple tree
|( QUESTION0_6_R 1 -1.387e+04 2.240e+02 6.665e+01
|    ( - -5.310e+03 1 0)
|    ( WDBNDRY_B 0 -8.338e+03 1.682e+02 4.062e+01
|        ( - -5.373e+03 1 0)
|        ( - -2.797e+03 2 0)))
s>    ( QUESTION0_6_R 1 -1.387e+04 2.240e+02 6.665e+01
s>        ( - -5.310e+03 1 0)
s>        ( WDBNDRY_B 0 -8.338e+03 1.682e+02 4.062e+01
s>            ( - -5.373e+03 1 0)
s>            ( - -2.797e+03 2 0)))INFO: dtree.c(1315): Comp split 28
INFO: dtree.c(1439): stop. leaf nodes are specific
INFO: dtree.c(1478): Final simple tree
|( QUESTION12 -1 -6.982e+04 2.414e+02 3.343e+02
|    ( - -5.179e+03 1 0)
|    ( WDBNDRY_B 0 -6.440e+04 1.292e+02 3.087e+02
|        ( - -2.701e+03 1 0)
|        ( - -6.157e+04 2 0)))
s>    ( QUESTION12 -1 -6.982e+04 2.414e+02 3.343e+02
s>        ( - -5.179e+03 1 0)
s>        ( WDBNDRY_B 0 -6.440e+04 1.292e+02 3.087e+02
s>            ( - -2.701e+03 1 0)
s>            ( - -6.157e+04 2 0)))INFO: dtree.c(1315): Comp split 29
INFO: dtree.c(1439): stop. leaf nodes are specific
INFO: dtree.c(1478): Final simple tree
|( QUESTION20 1 -7.073e+04 2.906e+02 3.529e+02
|    ( - -5.087e+04 1 0)
|    ( WDBNDRY_B 0 -1.957e+04 2.195e+02 9.670e+01
|        ( - -1.698e+04 1 0)
|        ( QUESTION0_16_R 1 -2.362e+03 1.451e+02 1.300e+01
|            ( - -6.293e+02 1 0)
|            ( - -1.588e+03 1 0))))
s>    ( QUESTION20 1 -7.073e+04 2.906e+02 3.529e+02
s>        ( - -5.087e+04 1 0)
s>        ( WDBNDRY_B 0 -1.957e+04 2.195e+02 9.670e+01
s>            ( - -1.698e+04 1 0)
s>            ( QUESTION0_16_R 1 -2.362e+03 1.451e+02 1.300e+01
s>                ( - -6.293e+02 1 0)
s>                ( - -1.588e+03 1 0))))INFO: dtree.c(1439): stop. leaf nodes are specific
INFO: dtree.c(1478): Final simple tree
|( QUESTION0_14_R 1 -5.572e+04 2.291e+02 2.694e+02
|    ( - -2.081e+04 1 0)
|    ( QUESTION20 -1 -3.468e+04 1.941e+02 1.694e+02
|        ( - -1.244e+03 1 0)
|        ( - -3.325e+04 1 0)))
s>    ( QUESTION0_14_R 1 -5.572e+04 2.291e+02 2.694e+02
s>        ( - -2.081e+04 1 0)
s>        ( QUESTION20 -1 -3.468e+04 1.941e+02 1.694e+02
s>            ( - -1.244e+03 1 0)
s>            ( - -3.325e+04 1 0)))INFO: dtree.c(1315): Comp split 30
INFO: dtree.c(1439): stop. leaf nodes are specific
INFO: dtree.c(1478): Final simple tree
|( QUESTION0 -1 -2.513e+05 3.168e+02 1.217e+03
|    ( QUESTION11 -1 -3.518e+04 1.464e+02 1.707e+02
|        ( - -3.394e+04 1 0)
|        ( - -1.095e+03 2 0))
|    ( QUESTION20 -1 -2.158e+05 1.914e+02 1.046e+03
|        ( - -2.413e+04 1 0)
|        ( QUESTION14 -1 -1.914e+05 1.231e+02 9.291e+02
|            ( - -2.169e+03 1 0)
|            ( - -1.891e+05 1 0))))
s>    ( QUESTION0 -1 -2.513e+05 3.168e+02 1.217e+03
s>        ( QUESTION11 -1 -3.518e+04 1.464e+02 1.707e+02
s>            ( - -3.394e+04 1 0)
s>            ( - -1.095e+03 2 0))
s>        ( QUESTION20 -1 -2.158e+05 1.914e+02 1.046e+03
s>            ( - -2.413e+04 1 0)
s>            ( QUESTION14 -1 -1.914e+05 1.231e+02 9.291e+02
s>                ( - -2.169e+03 1 0)
s>                ( - -1.891e+05 1 0))))INFO: dtree.c(1315): Comp split 31
INFO: dtree.c(1439): stop. leaf nodes are specific
INFO: dtree.c(1478): Final simple tree
|( WDBNDRY_B 0 -1.425e+05 3.357e+02 6.918e+02
|    ( QUESTION0_14_R 1 -1.360e+05 1.912e+02 6.608e+02
|        ( - -1.200e+04 2 0)
|        ( - -1.238e+05 2 0))
|    ( WDBNDRY_S 0 -6.135e+03 1.860e+02 3.100e+01
|        ( - -2.331e+03 1 0)
|        ( QUESTION17 -1 -3.619e+03 1.589e+02 1.800e+01
|            ( - -4.897e+02 1 0)
|            ( WDBNDRY_E 0 -2.970e+03 1.293e+02 1.500e+01
|                ( - -1.893e+03 1 0)
|                ( - -9.479e+02 1 0)))))
s>    ( WDBNDRY_B 0 -1.425e+05 3.357e+02 6.918e+02
s>        ( QUESTION0_14_R 1 -1.360e+05 1.912e+02 6.608e+02
s>            ( - -1.200e+04 2 0)
s>            ( - -1.238e+05 2 0))
s>        ( WDBNDRY_S 0 -6.135e+03 1.860e+02 3.100e+01
s>            ( - -2.331e+03 1 0)
s>            ( QUESTION17 -1 -3.619e+03 1.589e+02 1.800e+01
s>                ( - -4.897e+02 1 0)
s>                ( WDBNDRY_E 0 -2.970e+03 1.293e+02 1.500e+01
s>                    ( - -1.893e+03 1 0)
s>                    ( - -9.479e+02 1 0)))))INFO: dtree.c(1439): stop. leaf nodes are specific
INFO: dtree.c(1478): Final simple tree
|( WDBNDRY_S 0 -5.672e+04 2.567e+02 2.773e+02
|    ( - -5.424e+03 1 0)
|    ( SILENCE -1 -5.104e+04 2.401e+02 2.493e+02
|        ( - -1.539e+03 1 0)
|        ( QUESTION2_15_L -1 -4.926e+04 1.973e+02 2.403e+02
|            ( - -1.028e+03 1 0)
|            ( WDBNDRY_B 0 -4.804e+04 1.935e+02 2.343e+02
|                ( QUESTION0 -1 -4.663e+04 1.539e+02 2.273e+02
|                    ( - -4.228e+04 1 0)
|                    ( - -4.193e+03 1 0))
|                ( - -1.219e+03 1 0)))))
s>    ( WDBNDRY_S 0 -5.672e+04 2.567e+02 2.773e+02
s>        ( - -5.424e+03 1 0)
s>        ( SILENCE -1 -5.104e+04 2.401e+02 2.493e+02
s>            ( - -1.539e+03 1 0)
s>            ( QUESTION2_15_L -1 -4.926e+04 1.973e+02 2.403e+02
s>                ( - -1.028e+03 1 0)
s>                ( WDBNDRY_B 0 -4.804e+04 1.935e+02 2.343e+02
s>                    ( QUESTION0 -1 -4.663e+04 1.539e+02 2.273e+02
s>                        ( - -4.228e+04 1 0)
s>                        ( - -4.193e+03 1 0))
s>                    ( - -1.219e+03 1 0)))))INFO: dtree.c(1315): Comp split 32
INFO: dtree.c(1439): stop. leaf nodes are specific
INFO: dtree.c(1478): Final simple tree
|( QUESTION0_0_R 1 -7.125e+04 2.563e+02 3.454e+02
|    ( QUESTION0 1 -1.068e+04 1.940e+02 5.000e+01
|        ( - -3.685e+03 1 0)
|        ( - -6.800e+03 1 0))
|    ( - -6.032e+04 1 0))
s>    ( QUESTION0_0_R 1 -7.125e+04 2.563e+02 3.454e+02
s>        ( QUESTION0 1 -1.068e+04 1.940e+02 5.000e+01
s>            ( - -3.685e+03 1 0)
s>            ( - -6.800e+03 1 0))
s>        ( - -6.032e+04 1 0))INFO: dtree.c(1439): stop. leaf nodes are specific
INFO: dtree.c(1478): Final simple tree
|( QUESTION0_14_R 1 -4.154e+03 1.948e+02 2.100e+01
|    ( - -2.036e+03 1 0)
|    ( - -1.923e+03 1 0))
s>    ( QUESTION0_14_R 1 -4.154e+03 1.948e+02 2.100e+01
s>        ( - -2.036e+03 1 0)
s>        ( - -1.923e+03 1 0))INFO: dtree.c(1315): Comp split 33
INFO: dtree.c(1315): Comp split 34
INFO: dtree.c(1439): stop. leaf nodes are specific
INFO: dtree.c(1478): Final simple tree
|( QUESTION14 -1 -2.319e+04 2.412e+02 1.048e+02
|    ( WDBNDRY_E 0 -1.967e+04 1.941e+02 8.880e+01
|        ( - -5.948e+03 2 0)
|        ( QUESTION0_4_R 1 -1.352e+04 1.323e+02 6.078e+01
|            ( - -1.302e+04 1 0)
|            ( - -3.734e+02 2 0)))
|    ( QUESTION18 -1 -3.281e+03 1.635e+02 1.600e+01
|        ( - -1.259e+03 1 0)
|        ( - -1.858e+03 2 0)))
s>    ( QUESTION14 -1 -2.319e+04 2.412e+02 1.048e+02
s>        ( WDBNDRY_E 0 -1.967e+04 1.941e+02 8.880e+01
s>            ( - -5.948e+03 2 0)
s>            ( QUESTION0_4_R 1 -1.352e+04 1.323e+02 6.078e+01
s>                ( - -1.302e+04 1 0)
s>                ( - -3.734e+02 2 0)))
s>        ( QUESTION18 -1 -3.281e+03 1.635e+02 1.600e+01
s>            ( - -1.259e+03 1 0)
s>            ( - -1.858e+03 2 0)))INFO: dtree.c(1315): Comp split 35
INFO: dtree.c(1439): stop. leaf nodes are specific
INFO: dtree.c(1478): Final simple tree
|( WDBNDRY_S 0 -6.135e+03 1.860e+02 3.100e+01
|    ( - -2.331e+03 1 0)
|    ( QUESTION17 -1 -3.619e+03 1.589e+02 1.800e+01
|        ( - -4.897e+02 1 0)
|        ( WDBNDRY_E 0 -2.970e+03 1.293e+02 1.500e+01
|            ( - -1.893e+03 1 0)
|            ( - -9.479e+02 1 0))))
s>    ( WDBNDRY_S 0 -6.135e+03 1.860e+02 3.100e+01
s>        ( - -2.331e+03 1 0)
s>        ( QUESTION17 -1 -3.619e+03 1.589e+02 1.800e+01
s>            ( - -4.897e+02 1 0)
s>            ( WDBNDRY_E 0 -2.970e+03 1.293e+02 1.500e+01
s>                ( - -1.893e+03 1 0)
s>                ( - -9.479e+02 1 0))))INFO: dtree.c(1439): stop. leaf nodes are specific
INFO: dtree.c(1478): Final simple tree
|( QUESTION0_14_R 1 -1.360e+05 1.912e+02 6.608e+02
|    ( - -1.200e+04 2 0)
|    ( - -1.238e+05 2 0))
s>    ( QUESTION0_14_R 1 -1.360e+05 1.912e+02 6.608e+02
s>        ( - -1.200e+04 2 0)
s>        ( - -1.238e+05 2 0))INFO: dtree.c(1315): Comp split 36
INFO: dtree.c(1439): stop. leaf nodes are specific
INFO: dtree.c(1478): Final simple tree
|( QUESTION20 -1 -2.158e+05 1.914e+02 1.046e+03
|    ( - -2.413e+04 1 0)
|    ( QUESTION14 -1 -1.914e+05 1.231e+02 9.291e+02
|        ( - -2.169e+03 1 0)
|        ( - -1.891e+05 1 0)))
s>    ( QUESTION20 -1 -2.158e+05 1.914e+02 1.046e+03
s>        ( - -2.413e+04 1 0)
s>        ( QUESTION14 -1 -1.914e+05 1.231e+02 9.291e+02
s>            ( - -2.169e+03 1 0)
s>            ( - -1.891e+05 1 0)))INFO: dtree.c(1439): stop. leaf nodes are specific
INFO: dtree.c(1478): Final simple tree
|( QUESTION11 -1 -3.518e+04 1.464e+02 1.707e+02
|    ( - -3.394e+04 1 0)
|    ( - -1.095e+03 2 0))
s>    ( QUESTION11 -1 -3.518e+04 1.464e+02 1.707e+02
s>        ( - -3.394e+04 1 0)
s>        ( - -1.095e+03 2 0))INFO: dtree.c(1315): Comp split 37
INFO: dtree.c(1439): stop. leaf nodes are specific
INFO: dtree.c(1478): Final simple tree
|( QUESTION14 -1 -5.949e+04 2.239e+02 2.904e+02
|    ( - -4.602e+04 1 0)
|    ( SILENCE -1 -1.325e+04 1.420e+02 6.580e+01
|        ( - -3.615e+03 1 0)
|        ( - -9.491e+03 1 0)))
s>    ( QUESTION14 -1 -5.949e+04 2.239e+02 2.904e+02
s>        ( - -4.602e+04 1 0)
s>        ( SILENCE -1 -1.325e+04 1.420e+02 6.580e+01
s>            ( - -3.615e+03 1 0)
s>            ( - -9.491e+03 1 0)))INFO: dtree.c(1315): Comp split 38
INFO: dtree.c(1439): stop. leaf nodes are specific
INFO: dtree.c(1478): Final simple tree
|( QUESTION0 -1 -4.663e+04 1.539e+02 2.273e+02
|    ( - -4.228e+04 1 0)
|    ( - -4.193e+03 1 0))
s>    ( QUESTION0 -1 -4.663e+04 1.539e+02 2.273e+02
s>        ( - -4.228e+04 1 0)
s>        ( - -4.193e+03 1 0))INFO: dtree.c(1439): stop. leaf nodes are specific
INFO: dtree.c(1478): Final simple tree
|( WDBNDRY_S 0 -9.786e+03 2.373e+02 5.000e+01
|    ( - -5.424e+03 1 0)
|    ( SILENCE -1 -4.125e+03 1.657e+02 2.200e+01
|        ( - -1.539e+03 1 0)
|        ( WDBNDRY_B 0 -2.420e+03 1.731e+02 1.300e+01
|            ( - -1.028e+03 1 0)
|            ( - -1.219e+03 1 0))))
s>    ( WDBNDRY_S 0 -9.786e+03 2.373e+02 5.000e+01
s>        ( - -5.424e+03 1 0)
s>        ( SILENCE -1 -4.125e+03 1.657e+02 2.200e+01
s>            ( - -1.539e+03 1 0)
s>            ( WDBNDRY_B 0 -2.420e+03 1.731e+02 1.300e+01
s>                ( - -1.028e+03 1 0)
s>                ( - -1.219e+03 1 0))))INFO: dtree.c(1315): Comp split 39
INFO: dtree.c(1315): Comp split 40
INFO: dtree.c(1439): stop. leaf nodes are specific
INFO: dtree.c(1478): Final simple tree
|( WDBNDRY_B 0 -1.957e+04 2.195e+02 9.670e+01
|    ( - -1.698e+04 1 0)
|    ( QUESTION0_16_R 1 -2.362e+03 1.451e+02 1.300e+01
|        ( - -6.293e+02 1 0)
|        ( - -1.588e+03 1 0)))
s>    ( WDBNDRY_B 0 -1.957e+04 2.195e+02 9.670e+01
s>        ( - -1.698e+04 1 0)
s>        ( QUESTION0_16_R 1 -2.362e+03 1.451e+02 1.300e+01
s>            ( - -6.293e+02 1 0)
s>            ( - -1.588e+03 1 0)))INFO: dtree.c(1315): Comp split 41
INFO: dtree.c(1439): stop. leaf nodes are specific
INFO: dtree.c(1478): Final simple tree
|( WDBNDRY_B 0 -1.609e+04 2.250e+02 7.720e+01
|    ( SILENCE -1 -1.407e+04 1.368e+02 6.720e+01
|        ( - -7.434e+03 1 0)
|        ( - -6.495e+03 1 0))
|    ( - -1.802e+03 1 0))
s>    ( WDBNDRY_B 0 -1.609e+04 2.250e+02 7.720e+01
s>        ( SILENCE -1 -1.407e+04 1.368e+02 6.720e+01
s>            ( - -7.434e+03 1 0)
s>            ( - -6.495e+03 1 0))
s>        ( - -1.802e+03 1 0))INFO: dtree.c(1439): stop. leaf nodes are specific
INFO: dtree.c(1478): Final simple tree
|( QUESTION0_1_R 1 -2.336e+04 2.348e+02 1.114e+02
|    ( - -3.543e+03 1 0)
|    ( WDBNDRY_E 0 -1.958e+04 1.929e+02 9.435e+01
|        ( - -7.312e+03 1 0)
|        ( - -1.208e+04 1 0)))
s>    ( QUESTION0_1_R 1 -2.336e+04 2.348e+02 1.114e+02
s>        ( - -3.543e+03 1 0)
s>        ( WDBNDRY_E 0 -1.958e+04 1.929e+02 9.435e+01
s>            ( - -7.312e+03 1 0)
s>            ( - -1.208e+04 1 0)))INFO: dtree.c(1315): Comp split 42
INFO: dtree.c(1315): Comp split 43
INFO: dtree.c(1439): stop. leaf nodes are specific
INFO: dtree.c(1478): Final simple tree
|( QUESTION0 1 -1.068e+04 1.940e+02 5.000e+01
|    ( - -3.685e+03 1 0)
|    ( - -6.800e+03 1 0))
s>    ( QUESTION0 1 -1.068e+04 1.940e+02 5.000e+01
s>        ( - -3.685e+03 1 0)
s>        ( - -6.800e+03 1 0))INFO: dtree.c(1315): Comp split 44
INFO: dtree.c(1439): stop. leaf nodes are specific
INFO: dtree.c(1478): Final simple tree
|( QUESTION1 -1 -2.999e+04 2.070e+02 1.482e+02
|    ( - -2.323e+04 1 0)
|    ( - -6.552e+03 1 0))
s>    ( QUESTION1 -1 -2.999e+04 2.070e+02 1.482e+02
s>        ( - -2.323e+04 1 0)
s>        ( - -6.552e+03 1 0))INFO: dtree.c(1439): stop. leaf nodes are specific
INFO: dtree.c(1478): Final simple tree
|( WDBNDRY_B 0 -5.622e+04 2.241e+02 2.785e+02
|    ( - -5.500e+04 1 0)
|    ( - -9.909e+02 1 0))
s>    ( WDBNDRY_B 0 -5.622e+04 2.241e+02 2.785e+02
s>        ( - -5.500e+04 1 0)
s>        ( - -9.909e+02 1 0))INFO: dtree.c(1315): Comp split 45
INFO: dtree.c(1439): stop. leaf nodes are specific
INFO: dtree.c(1478): Final simple tree
|( WDBNDRY_B 0 -6.440e+04 1.292e+02 3.087e+02
|    ( - -2.701e+03 1 0)
|    ( - -6.157e+04 2 0))
s>    ( WDBNDRY_B 0 -6.440e+04 1.292e+02 3.087e+02
s>        ( - -2.701e+03 1 0)
s>        ( - -6.157e+04 2 0))INFO: dtree.c(1315): Comp split 46
INFO: dtree.c(1439): stop. leaf nodes are specific
INFO: dtree.c(1478): Final simple tree
|( QUESTION18 -1 -3.281e+03 1.635e+02 1.600e+01
|    ( - -1.259e+03 1 0)
|    ( - -1.858e+03 2 0))
s>    ( QUESTION18 -1 -3.281e+03 1.635e+02 1.600e+01
s>        ( - -1.259e+03 1 0)
s>        ( - -1.858e+03 2 0))INFO: dtree.c(1439): stop. leaf nodes are specific
INFO: dtree.c(1478): Final simple tree
|( WDBNDRY_E 0 -1.967e+04 1.941e+02 8.880e+01
|    ( - -5.948e+03 2 0)
|    ( QUESTION0_4_R 1 -1.352e+04 1.323e+02 6.078e+01
|        ( - -1.302e+04 1 0)
|        ( - -3.734e+02 2 0)))
s>    ( WDBNDRY_E 0 -1.967e+04 1.941e+02 8.880e+01
s>        ( - -5.948e+03 2 0)
s>        ( QUESTION0_4_R 1 -1.352e+04 1.323e+02 6.078e+01
s>            ( - -1.302e+04 1 0)
s>            ( - -3.734e+02 2 0)))INFO: dtree.c(1315): Comp split 47
INFO: dtree.c(1439): stop. leaf nodes are specific
INFO: dtree.c(1478): Final simple tree
|( SILENCE -1 -4.125e+03 1.657e+02 2.200e+01
|    ( - -1.539e+03 1 0)
|    ( WDBNDRY_B 0 -2.420e+03 1.731e+02 1.300e+01
|        ( - -1.028e+03 1 0)
|        ( - -1.219e+03 1 0)))
s>    ( SILENCE -1 -4.125e+03 1.657e+02 2.200e+01
s>        ( - -1.539e+03 1 0)
s>        ( WDBNDRY_B 0 -2.420e+03 1.731e+02 1.300e+01
s>            ( - -1.028e+03 1 0)
s>            ( - -1.219e+03 1 0)))INFO: dtree.c(1315): Comp split 48
INFO: dtree.c(1439): stop. leaf nodes are specific
INFO: dtree.c(1478): Final simple tree
|( WDBNDRY_E 0 -1.958e+04 1.929e+02 9.435e+01
|    ( - -7.312e+03 1 0)
|    ( - -1.208e+04 1 0))
s>    ( WDBNDRY_E 0 -1.958e+04 1.929e+02 9.435e+01
s>        ( - -7.312e+03 1 0)
s>        ( - -1.208e+04 1 0))INFO: dtree.c(1315): Comp split 49
INFO: dtree.c(1439): stop. leaf nodes are specific
INFO: dtree.c(1478): Final simple tree
|( QUESTION20 -1 -3.468e+04 1.941e+02 1.694e+02
|    ( - -1.244e+03 1 0)
|    ( - -3.325e+04 1 0))
s>    ( QUESTION20 -1 -3.468e+04 1.941e+02 1.694e+02
s>        ( - -1.244e+03 1 0)
s>        ( - -3.325e+04 1 0))INFO: dtree.c(1315): Comp split 50
INFO: dtree.c(1315): Comp split 51
INFO: dtree.c(1439): stop. leaf nodes are specific
INFO: dtree.c(1478): Final simple tree
|( SILENCE -1 -1.407e+04 1.368e+02 6.720e+01
|    ( - -7.434e+03 1 0)
|    ( - -6.495e+03 1 0))
s>    ( SILENCE -1 -1.407e+04 1.368e+02 6.720e+01
s>        ( - -7.434e+03 1 0)
s>        ( - -6.495e+03 1 0))INFO: dtree.c(1315): Comp split 52
INFO: dtree.c(1315): Comp split 53
INFO: dtree.c(1439): stop. leaf nodes are specific
INFO: dtree.c(1478): Final simple tree
|( WDBNDRY_B 0 -8.338e+03 1.682e+02 4.062e+01
|    ( - -5.373e+03 1 0)
|    ( - -2.797e+03 2 0))
s>    ( WDBNDRY_B 0 -8.338e+03 1.682e+02 4.062e+01
s>        ( - -5.373e+03 1 0)
s>        ( - -2.797e+03 2 0))INFO: dtree.c(1315): Comp split 54
INFO: dtree.c(1439): stop. leaf nodes are specific
INFO: dtree.c(1478): Final simple tree
|( SILENCE -1 -1.325e+04 1.420e+02 6.580e+01
|    ( - -3.615e+03 1 0)
|    ( - -9.491e+03 1 0))
s>    ( SILENCE -1 -1.325e+04 1.420e+02 6.580e+01
s>        ( - -3.615e+03 1 0)
s>        ( - -9.491e+03 1 0))INFO: dtree.c(1315): Comp split 55
INFO: dtree.c(1439): stop. leaf nodes are specific
INFO: dtree.c(1478): Final simple tree
|( QUESTION0_16_R 1 -2.362e+03 1.451e+02 1.300e+01
|    ( - -6.293e+02 1 0)
|    ( - -1.588e+03 1 0))
s>    ( QUESTION0_16_R 1 -2.362e+03 1.451e+02 1.300e+01
s>        ( - -6.293e+02 1 0)
s>        ( - -1.588e+03 1 0))INFO: dtree.c(1315): Comp split 56
INFO: dtree.c(1439): stop. leaf nodes are specific
INFO: dtree.c(1478): Final simple tree
|( WDBNDRY_B 0 -4.503e+04 1.668e+02 2.122e+02
|    ( - -3.426e+03 1 0)
|    ( - -4.144e+04 3 0))
s>    ( WDBNDRY_B 0 -4.503e+04 1.668e+02 2.122e+02
s>        ( - -3.426e+03 1 0)
s>        ( - -4.144e+04 3 0))INFO: dtree.c(1315): Comp split 57
INFO: dtree.c(1315): Comp split 58
INFO: dtree.c(1315): Comp split 59
INFO: dtree.c(1315): Comp split 60
INFO: dtree.c(1439): stop. leaf nodes are specific
INFO: dtree.c(1478): Final simple tree
|( QUESTION0_4_R 1 -1.352e+04 1.323e+02 6.078e+01
|    ( - -1.302e+04 1 0)
|    ( - -3.734e+02 2 0))
s>    ( QUESTION0_4_R 1 -1.352e+04 1.323e+02 6.078e+01
s>        ( - -1.302e+04 1 0)
s>        ( - -3.734e+02 2 0))INFO: dtree.c(1315): Comp split 61
INFO: dtree.c(1315): Comp split 62
INFO: dtree.c(1315): Comp split 63
INFO: dtree.c(1315): Comp split 64
INFO: dtree.c(1439): stop. leaf nodes are specific
INFO: dtree.c(1478): Final simple tree
|( QUESTION14 -1 -1.914e+05 1.231e+02 9.291e+02
|    ( - -2.169e+03 1 0)
|    ( - -1.891e+05 1 0))
s>    ( QUESTION14 -1 -1.914e+05 1.231e+02 9.291e+02
s>        ( - -2.169e+03 1 0)
s>        ( - -1.891e+05 1 0))INFO: dtree.c(1315): Comp split 65
INFO: dtree.c(1315): Comp split 66
INFO: dtree.c(1439): stop. leaf nodes are specific
INFO: dtree.c(1478): Final simple tree
|( QUESTION17 -1 -3.619e+03 1.589e+02 1.800e+01
|    ( - -4.897e+02 1 0)
|    ( WDBNDRY_E 0 -2.970e+03 1.293e+02 1.500e+01
|        ( - -1.893e+03 1 0)
|        ( - -9.479e+02 1 0)))
s>    ( QUESTION17 -1 -3.619e+03 1.589e+02 1.800e+01
s>        ( - -4.897e+02 1 0)
s>        ( WDBNDRY_E 0 -2.970e+03 1.293e+02 1.500e+01
s>            ( - -1.893e+03 1 0)
s>            ( - -9.479e+02 1 0)))INFO: dtree.c(1315): Comp split 67
INFO: dtree.c(1439): stop. leaf nodes are specific
INFO: dtree.c(1478): Final simple tree
|( QUESTION20 1 -6.305e+04 1.656e+02 3.082e+02
|    ( - -2.442e+03 1 0)
|    ( - -6.044e+04 1 0))
s>    ( QUESTION20 1 -6.305e+04 1.656e+02 3.082e+02
s>        ( - -2.442e+03 1 0)
s>        ( - -6.044e+04 1 0))INFO: dtree.c(1315): Comp split 68
INFO: dtree.c(1315): Comp split 69
INFO: dtree.c(1315): Comp split 70
INFO: dtree.c(1439): stop. leaf nodes are specific
INFO: dtree.c(1478): Final simple tree
|( WDBNDRY_B 0 -2.420e+03 1.731e+02 1.300e+01
|    ( - -1.028e+03 1 0)
|    ( - -1.219e+03 1 0))
s>    ( WDBNDRY_B 0 -2.420e+03 1.731e+02 1.300e+01
s>        ( - -1.028e+03 1 0)
s>        ( - -1.219e+03 1 0))INFO: dtree.c(1315): Comp split 71
INFO: dtree.c(1315): Comp split 72
INFO: dtree.c(1315): Comp split 73
INFO: dtree.c(1315): Comp split 74
INFO: dtree.c(1439): stop. leaf nodes are specific
INFO: dtree.c(1478): Final simple tree
|( WDBNDRY_E 0 -2.970e+03 1.293e+02 1.500e+01
|    ( - -1.893e+03 1 0)
|    ( - -9.479e+02 1 0))
s>    ( WDBNDRY_E 0 -2.970e+03 1.293e+02 1.500e+01
s>        ( - -1.893e+03 1 0)
s>        ( - -9.479e+02 1 0))INFO: dtree.c(1315): Comp split 75
INFO: dtree.c(1315): Comp split 76
INFO: dtree.c(1315): Comp split 77
INFO: dtree.c(1315): Comp split 78
INFO: dtree.c(1315): Comp split 79
INFO: dtree.c(1315): Comp split 80
INFO: dtree.c(1315): Comp split 81
INFO: dtree.c(1315): Comp split 82
INFO: dtree.c(1315): Comp split 83
INFO: dtree.c(1315): Comp split 84
INFO: dtree.c(1315): Comp split 85
INFO: dtree.c(1315): Comp split 86
INFO: dtree.c(1315): Comp split 87
INFO: dtree.c(1318): stop. leaf nodes are specific
Sun Mar 19 21:51:06 2017
