Current configuration:
[NAME]		[DEFLT]	[VALUE]
-allphones	no	no
-cntthresh	0.00001	1.000000e-05
-csplitmax	100	2000
-csplitmin	1	1
-csplitthr	8e-4	0.000000e+00
-example	no	no
-fullvar	no	no
-help		no	no
-meanfn			/home/ilya/Рабочий стол/lab_sphinx/ru_base/model_parameters/ru_base.cd_cont_untied/means
-mixwfn			/home/ilya/Рабочий стол/lab_sphinx/ru_base/model_parameters/ru_base.cd_cont_untied/mixture_weights
-moddeffn		/home/ilya/Рабочий стол/lab_sphinx/ru_base/model_architecture/ru_base.untied.mdef
-mwfloor	1e-4	1.000000e-08
-phone			zj
-psetfn			/home/ilya/Рабочий стол/lab_sphinx/ru_base/model_architecture/ru_base.tree_questions
-ssplitmax	5	7
-ssplitmin	1	1
-ssplitthr	8e-4	0.000000e+00
-state			0
-stwt			1.0,0.05,0.0,
-treefn			/home/ilya/Рабочий стол/lab_sphinx/ru_base/trees/ru_base.unpruned/zj-0.dtree
-ts2cbfn	.semi.	.cont.
-varfloor	0.00001	1.000000e-05
-varfn			/home/ilya/Рабочий стол/lab_sphinx/ru_base/model_parameters/ru_base.cd_cont_untied/variances

INFO: main.c(223): Reading: /home/ilya/Рабочий стол/lab_sphinx/ru_base/model_architecture/ru_base.untied.mdef
INFO: model_def_io.c(573): Model definition info:
INFO: model_def_io.c(574): 9415 total models defined (43 base, 9372 tri)
INFO: model_def_io.c(575): 37660 total states
INFO: model_def_io.c(576): 28245 total tied states
INFO: model_def_io.c(577): 129 total tied CI states
INFO: model_def_io.c(578): 43 total tied transition matrices
INFO: model_def_io.c(579): 4 max state/model
INFO: model_def_io.c(580): 4 min state/model
INFO: main.c(242): Building trees for [zj SIL e0 b] through [zj y0 e0 b]
INFO: main.c(269): Covering states |[28155 28244]| == 90
INFO: main.c(275): Reading: /home/ilya/Рабочий стол/lab_sphinx/ru_base/model_parameters/ru_base.cd_cont_untied/mixture_weights
INFO: s3mixw_io.c(173): Read /home/ilya/Рабочий стол/lab_sphinx/ru_base/model_parameters/ru_base.cd_cont_untied/mixture_weights [90x1x1 array]
INFO: main.c(311): 30 of 30 models have observation count greater than 0.000010
INFO: main.c(95): nrm stwt: 0.952 0.048 0.000 
INFO: s3gau_io.c(169): Read /home/ilya/Рабочий стол/lab_sphinx/ru_base/model_parameters/ru_base.cd_cont_untied/means [28245x1x1 array]
INFO: s3gau_io.c(169): Read /home/ilya/Рабочий стол/lab_sphinx/ru_base/model_parameters/ru_base.cd_cont_untied/variances [28245x1x1 array]
INFO: main.c(549): Reading: /home/ilya/Рабочий стол/lab_sphinx/ru_base/model_architecture/ru_base.tree_questions
INFO: main.c(588): 180 total simple questions (172 phone; 8 word bndry)
INFO: main.c(590): 42 Left Only questions, and 42 Right Only questions
INFO: dtree.c(1478): Final simple tree
|( WDBNDRY_E 0 -4.662e+05 2.889e+03 2.013e+03
|    ( QUESTION4 1 -1.366e+05 7.385e+02 5.998e+02
|        ( - -2.949e+04 1 0)
|        ( QUESTION0_3_R 1 -1.063e+05 4.980e+02 4.649e+02
|            ( - -1.822e+04 1 0)
|            ( - -8.763e+04 5 0 QUESTION0_7_R 1 4.496e+02 3.822e+02)))
|    ( QUESTION18 -1 -3.267e+05 1.733e+03 1.413e+03
|        ( - -5.943e+04 1 0)
|        ( QUESTION16 -1 -2.655e+05 1.179e+03 1.148e+03
|            ( - -7.996e+04 5 0 WDBNDRY_B 0 2.623e+02 3.568e+02)
|            ( WDBNDRY_B 0 -1.844e+05 8.925e+02 7.908e+02
|                ( - -9.123e+04 7 0 SILENCE -1 4.514e+02 3.822e+02)
|                ( QUESTION20 -1 -9.228e+04 6.636e+02 4.086e+02
|                    ( - -2.244e+04 2 0 QUESTION20 1 1.214e+02 1.034e+02)
|                    ( - -6.918e+04 8 0 QUESTION0 -1 3.873e+02 3.051e+02))))))
s>    ( WDBNDRY_E 0 -4.662e+05 2.889e+03 2.013e+03
s>        ( QUESTION4 1 -1.366e+05 7.385e+02 5.998e+02
s>            ( - -2.949e+04 1 0)
s>            ( QUESTION0_3_R 1 -1.063e+05 4.980e+02 4.649e+02
s>                ( - -1.822e+04 1 0)
s>                ( - -8.763e+04 5 0 QUESTION0_7_R 1 4.496e+02 3.822e+02)))
s>        ( QUESTION18 -1 -3.267e+05 1.733e+03 1.413e+03
s>            ( - -5.943e+04 1 0)
s>            ( QUESTION16 -1 -2.655e+05 1.179e+03 1.148e+03
s>                ( - -7.996e+04 5 0 WDBNDRY_B 0 2.623e+02 3.568e+02)
s>                ( WDBNDRY_B 0 -1.844e+05 8.925e+02 7.908e+02
s>                    ( - -9.123e+04 7 0 SILENCE -1 4.514e+02 3.822e+02)
s>                    ( QUESTION20 -1 -9.228e+04 6.636e+02 4.086e+02
s>                        ( - -2.244e+04 2 0 QUESTION20 1 1.214e+02 1.034e+02)
s>                        ( - -6.918e+04 8 0 QUESTION0 -1 3.873e+02 3.051e+02))))))INFO: dtree.c(1315): Comp split 0
INFO: dtree.c(1478): Final simple tree
|( QUESTION18 -1 -3.267e+05 1.733e+03 1.413e+03
|    ( - -5.943e+04 1 0)
|    ( QUESTION16 -1 -2.655e+05 1.179e+03 1.148e+03
|        ( - -7.996e+04 5 0 WDBNDRY_B 0 2.623e+02 3.568e+02)
|        ( WDBNDRY_B 0 -1.844e+05 8.925e+02 7.908e+02
|            ( SILENCE -1 -9.123e+04 4.514e+02 3.822e+02
|                ( - -6.170e+03 1 0)
|                ( QUESTION10 -1 -8.461e+04 3.929e+02 3.541e+02
|                    ( - -2.235e+04 2 0 QUESTION11 -1 1.775e+02 9.461e+01)
|                    ( - -6.187e+04 4 0 QUESTION0 -1 3.099e+02 2.595e+02)))
|            ( QUESTION20 -1 -9.228e+04 6.636e+02 4.086e+02
|                ( - -2.244e+04 2 0 QUESTION20 1 1.214e+02 1.034e+02)
|                ( QUESTION0 -1 -6.918e+04 3.873e+02 3.051e+02
|                    ( - -2.367e+04 1 0)
|                    ( - -4.513e+04 7 0 QUESTION2_15_L -1 3.280e+02 1.986e+02))))))
s>    ( QUESTION18 -1 -3.267e+05 1.733e+03 1.413e+03
s>        ( - -5.943e+04 1 0)
s>        ( QUESTION16 -1 -2.655e+05 1.179e+03 1.148e+03
s>            ( - -7.996e+04 5 0 WDBNDRY_B 0 2.623e+02 3.568e+02)
s>            ( WDBNDRY_B 0 -1.844e+05 8.925e+02 7.908e+02
s>                ( SILENCE -1 -9.123e+04 4.514e+02 3.822e+02
s>                    ( - -6.170e+03 1 0)
s>                    ( QUESTION10 -1 -8.461e+04 3.929e+02 3.541e+02
s>                        ( - -2.235e+04 2 0 QUESTION11 -1 1.775e+02 9.461e+01)
s>                        ( - -6.187e+04 4 0 QUESTION0 -1 3.099e+02 2.595e+02)))
s>                ( QUESTION20 -1 -9.228e+04 6.636e+02 4.086e+02
s>                    ( - -2.244e+04 2 0 QUESTION20 1 1.214e+02 1.034e+02)
s>                    ( QUESTION0 -1 -6.918e+04 3.873e+02 3.051e+02
s>                        ( - -2.367e+04 1 0)
s>                        ( - -4.513e+04 7 0 QUESTION2_15_L -1 3.280e+02 1.986e+02))))))INFO: dtree.c(1439): stop. leaf nodes are specific
INFO: dtree.c(1478): Final simple tree
|( QUESTION4 1 -1.366e+05 7.385e+02 5.998e+02
|    ( - -2.949e+04 1 0)
|    ( QUESTION0_3_R 1 -1.063e+05 4.980e+02 4.649e+02
|        ( - -1.822e+04 1 0)
|        ( QUESTION0_7_R 1 -8.763e+04 4.496e+02 3.822e+02
|            ( - 2.049e+02 1 0)
|            ( QUESTION0_6_R 1 -8.738e+04 4.000e+02 3.812e+02
|                ( - -1.918e+04 1 0)
|                ( QUESTION0 1 -6.780e+04 2.097e+02 2.940e+02
|                    ( QUESTION0_0_R 1 -4.177e+04 1.866e+02 1.822e+02
|                        ( - -1.830e+04 1 0)
|                        ( - -2.328e+04 1 0))
|                    ( - -2.582e+04 1 0))))))
s>    ( QUESTION4 1 -1.366e+05 7.385e+02 5.998e+02
s>        ( - -2.949e+04 1 0)
s>        ( QUESTION0_3_R 1 -1.063e+05 4.980e+02 4.649e+02
s>            ( - -1.822e+04 1 0)
s>            ( QUESTION0_7_R 1 -8.763e+04 4.496e+02 3.822e+02
s>                ( - 2.049e+02 1 0)
s>                ( QUESTION0_6_R 1 -8.738e+04 4.000e+02 3.812e+02
s>                    ( - -1.918e+04 1 0)
s>                    ( QUESTION0 1 -6.780e+04 2.097e+02 2.940e+02
s>                        ( QUESTION0_0_R 1 -4.177e+04 1.866e+02 1.822e+02
s>                            ( - -1.830e+04 1 0)
s>                            ( - -2.328e+04 1 0))
s>                        ( - -2.582e+04 1 0))))))INFO: dtree.c(1315): Comp split 1
INFO: dtree.c(1478): Final simple tree
|( QUESTION20 -1 -1.728e+05 8.462e+02 7.653e+02
|    ( - -2.244e+04 2 0 QUESTION20 1 1.214e+02 1.034e+02)
|    ( QUESTION14 -1 -1.495e+05 4.241e+02 6.619e+02
|        ( QUESTION2_15_L -1 -4.445e+04 3.339e+02 1.956e+02
|            ( QUESTION0_14_R 1 -3.043e+04 1.702e+02 1.348e+02
|                ( - -6.882e+03 1 0)
|                ( - -2.338e+04 1 0))
|            ( QUESTION0_14_R 1 -1.368e+04 1.904e+02 6.081e+01
|                ( - -7.322e+03 1 0)
|                ( - -6.169e+03 2 0 QUESTION14 1 1.402e+02 2.743e+01)))
|        ( QUESTION0 -1 -1.047e+05 3.614e+02 4.663e+02
|            ( - -2.367e+04 1 0)
|            ( WDBNDRY_B 0 -8.064e+04 2.604e+02 3.598e+02
|                ( - -3.591e+04 1 0)
|                ( - -4.447e+04 6 0 QUESTION20 1 1.686e+02 1.986e+02)))))
s>    ( QUESTION20 -1 -1.728e+05 8.462e+02 7.653e+02
s>        ( - -2.244e+04 2 0 QUESTION20 1 1.214e+02 1.034e+02)
s>        ( QUESTION14 -1 -1.495e+05 4.241e+02 6.619e+02
s>            ( QUESTION2_15_L -1 -4.445e+04 3.339e+02 1.956e+02
s>                ( QUESTION0_14_R 1 -3.043e+04 1.702e+02 1.348e+02
s>                    ( - -6.882e+03 1 0)
s>                    ( - -2.338e+04 1 0))
s>                ( QUESTION0_14_R 1 -1.368e+04 1.904e+02 6.081e+01
s>                    ( - -7.322e+03 1 0)
s>                    ( - -6.169e+03 2 0 QUESTION14 1 1.402e+02 2.743e+01)))
s>            ( QUESTION0 -1 -1.047e+05 3.614e+02 4.663e+02
s>                ( - -2.367e+04 1 0)
s>                ( WDBNDRY_B 0 -8.064e+04 2.604e+02 3.598e+02
s>                    ( - -3.591e+04 1 0)
s>                    ( - -4.447e+04 6 0 QUESTION20 1 1.686e+02 1.986e+02)))))INFO: dtree.c(1439): stop. leaf nodes are specific
INFO: dtree.c(1478): Final simple tree
|( QUESTION15 -1 -1.516e+05 9.200e+02 6.481e+02
|    ( - -5.943e+04 1 0)
|    ( SILENCE -1 -9.123e+04 4.514e+02 3.822e+02
|        ( - -6.170e+03 1 0)
|        ( QUESTION10 -1 -8.461e+04 3.929e+02 3.541e+02
|            ( QUESTION11 -1 -2.235e+04 1.775e+02 9.461e+01
|                ( - -2.188e+04 1 0)
|                ( - -2.900e+02 1 0))
|            ( QUESTION0 -1 -6.187e+04 3.099e+02 2.595e+02
|                ( - -1.434e+04 1 0)
|                ( - -4.722e+04 3 0)))))
s>    ( QUESTION15 -1 -1.516e+05 9.200e+02 6.481e+02
s>        ( - -5.943e+04 1 0)
s>        ( SILENCE -1 -9.123e+04 4.514e+02 3.822e+02
s>            ( - -6.170e+03 1 0)
s>            ( QUESTION10 -1 -8.461e+04 3.929e+02 3.541e+02
s>                ( QUESTION11 -1 -2.235e+04 1.775e+02 9.461e+01
s>                    ( - -2.188e+04 1 0)
s>                    ( - -2.900e+02 1 0))
s>                ( QUESTION0 -1 -6.187e+04 3.099e+02 2.595e+02
s>                    ( - -1.434e+04 1 0)
s>                    ( - -4.722e+04 3 0)))))INFO: dtree.c(1315): Comp split 2
INFO: dtree.c(1439): stop. leaf nodes are specific
INFO: dtree.c(1478): Final simple tree
|( QUESTION10 -1 -8.461e+04 3.929e+02 3.541e+02
|    ( QUESTION11 -1 -2.235e+04 1.775e+02 9.461e+01
|        ( - -2.188e+04 1 0)
|        ( - -2.900e+02 1 0))
|    ( QUESTION0 -1 -6.187e+04 3.099e+02 2.595e+02
|        ( - -1.434e+04 1 0)
|        ( - -4.722e+04 3 0)))
s>    ( QUESTION10 -1 -8.461e+04 3.929e+02 3.541e+02
s>        ( QUESTION11 -1 -2.235e+04 1.775e+02 9.461e+01
s>            ( - -2.188e+04 1 0)
s>            ( - -2.900e+02 1 0))
s>        ( QUESTION0 -1 -6.187e+04 3.099e+02 2.595e+02
s>            ( - -1.434e+04 1 0)
s>            ( - -4.722e+04 3 0)))INFO: dtree.c(1439): stop. leaf nodes are specific
INFO: dtree.c(1478): Final simple tree
|( SILENCE -1 -6.581e+04 2.120e+02 2.940e+02
|    ( - -6.170e+03 1 0)
|    ( - -5.943e+04 1 0))
s>    ( SILENCE -1 -6.581e+04 2.120e+02 2.940e+02
s>        ( - -6.170e+03 1 0)
s>        ( - -5.943e+04 1 0))INFO: dtree.c(1315): Comp split 3
INFO: dtree.c(1439): stop. leaf nodes are specific
INFO: dtree.c(1478): Final simple tree
|( QUESTION0_7_R 1 -8.763e+04 4.496e+02 3.822e+02
|    ( - 2.049e+02 1 0)
|    ( QUESTION0_6_R 1 -8.738e+04 4.000e+02 3.812e+02
|        ( - -1.918e+04 1 0)
|        ( QUESTION0 1 -6.780e+04 2.097e+02 2.940e+02
|            ( QUESTION0_0_R 1 -4.177e+04 1.866e+02 1.822e+02
|                ( - -1.830e+04 1 0)
|                ( - -2.328e+04 1 0))
|            ( - -2.582e+04 1 0))))
s>    ( QUESTION0_7_R 1 -8.763e+04 4.496e+02 3.822e+02
s>        ( - 2.049e+02 1 0)
s>        ( QUESTION0_6_R 1 -8.738e+04 4.000e+02 3.812e+02
s>            ( - -1.918e+04 1 0)
s>            ( QUESTION0 1 -6.780e+04 2.097e+02 2.940e+02
s>                ( QUESTION0_0_R 1 -4.177e+04 1.866e+02 1.822e+02
s>                    ( - -1.830e+04 1 0)
s>                    ( - -2.328e+04 1 0))
s>                ( - -2.582e+04 1 0))))INFO: dtree.c(1439): stop. leaf nodes are specific
INFO: dtree.c(1478): Final simple tree
|( QUESTION0_1_R 1 -4.804e+04 3.228e+02 2.175e+02
|    ( - -1.822e+04 1 0)
|    ( - -2.949e+04 1 0))
s>    ( QUESTION0_1_R 1 -4.804e+04 3.228e+02 2.175e+02
s>        ( - -1.822e+04 1 0)
s>        ( - -2.949e+04 1 0))INFO: dtree.c(1315): Comp split 4
INFO: dtree.c(1478): Final simple tree
|( QUESTION14 -1 -1.495e+05 4.241e+02 6.619e+02
|    ( QUESTION2_15_L -1 -4.445e+04 3.339e+02 1.956e+02
|        ( QUESTION0_14_R 1 -3.043e+04 1.702e+02 1.348e+02
|            ( - -6.882e+03 1 0)
|            ( - -2.338e+04 1 0))
|        ( QUESTION0_14_R 1 -1.368e+04 1.904e+02 6.081e+01
|            ( - -7.322e+03 1 0)
|            ( - -6.169e+03 2 0 QUESTION14 1 1.402e+02 2.743e+01)))
|    ( QUESTION0 -1 -1.047e+05 3.614e+02 4.663e+02
|        ( - -2.367e+04 1 0)
|        ( WDBNDRY_B 0 -8.064e+04 2.604e+02 3.598e+02
|            ( - -3.591e+04 1 0)
|            ( QUESTION20 1 -4.447e+04 1.686e+02 1.986e+02
|                ( - -1.434e+04 3 0 QUESTION16 -1 4.570e+02 6.433e+01)
|                ( - -2.996e+04 3 0 QUESTION16 -1 1.931e+02 1.342e+02)))))
s>    ( QUESTION14 -1 -1.495e+05 4.241e+02 6.619e+02
s>        ( QUESTION2_15_L -1 -4.445e+04 3.339e+02 1.956e+02
s>            ( QUESTION0_14_R 1 -3.043e+04 1.702e+02 1.348e+02
s>                ( - -6.882e+03 1 0)
s>                ( - -2.338e+04 1 0))
s>            ( QUESTION0_14_R 1 -1.368e+04 1.904e+02 6.081e+01
s>                ( - -7.322e+03 1 0)
s>                ( - -6.169e+03 2 0 QUESTION14 1 1.402e+02 2.743e+01)))
s>        ( QUESTION0 -1 -1.047e+05 3.614e+02 4.663e+02
s>            ( - -2.367e+04 1 0)
s>            ( WDBNDRY_B 0 -8.064e+04 2.604e+02 3.598e+02
s>                ( - -3.591e+04 1 0)
s>                ( QUESTION20 1 -4.447e+04 1.686e+02 1.986e+02
s>                    ( - -1.434e+04 3 0 QUESTION16 -1 4.570e+02 6.433e+01)
s>                    ( - -2.996e+04 3 0 QUESTION16 -1 1.931e+02 1.342e+02)))))INFO: dtree.c(1439): stop. leaf nodes are specific
INFO: dtree.c(1478): Final simple tree
|( QUESTION20 1 -2.244e+04 1.214e+02 1.034e+02
|    ( - -2.185e+04 1 0)
|    ( - -4.668e+02 1 0))
s>    ( QUESTION20 1 -2.244e+04 1.214e+02 1.034e+02
s>        ( - -2.185e+04 1 0)
s>        ( - -4.668e+02 1 0))INFO: dtree.c(1315): Comp split 5
INFO: dtree.c(1439): stop. leaf nodes are specific
INFO: dtree.c(1478): Final simple tree
|( QUESTION0_6_R 1 -8.738e+04 4.000e+02 3.812e+02
|    ( - -1.918e+04 1 0)
|    ( QUESTION0 1 -6.780e+04 2.097e+02 2.940e+02
|        ( QUESTION0_0_R 1 -4.177e+04 1.866e+02 1.822e+02
|            ( - -1.830e+04 1 0)
|            ( - -2.328e+04 1 0))
|        ( - -2.582e+04 1 0)))
s>    ( QUESTION0_6_R 1 -8.738e+04 4.000e+02 3.812e+02
s>        ( - -1.918e+04 1 0)
s>        ( QUESTION0 1 -6.780e+04 2.097e+02 2.940e+02
s>            ( QUESTION0_0_R 1 -4.177e+04 1.866e+02 1.822e+02
s>                ( - -1.830e+04 1 0)
s>                ( - -2.328e+04 1 0))
s>            ( - -2.582e+04 1 0)))INFO: dtree.c(1315): Comp split 6
INFO: dtree.c(1478): Final simple tree
|( QUESTION0 -1 -1.111e+05 3.524e+02 4.937e+02
|    ( - -2.367e+04 1 0)
|    ( WDBNDRY_B 0 -8.705e+04 2.675e+02 3.872e+02
|        ( - -3.591e+04 1 0)
|        ( QUESTION16 -1 -5.088e+04 2.425e+02 2.260e+02
|            ( QUESTION20 1 -4.379e+04 1.686e+02 1.956e+02
|                ( - -1.413e+04 2 0)
|                ( - -2.949e+04 2 0 QUESTION0_14_R 1 1.174e+02 1.322e+02))
|            ( QUESTION20 1 -6.850e+03 4.623e+02 3.043e+01
|                ( - 2.429e+02 1 0)
|                ( QUESTION14 -1 -6.630e+03 1.850e+02 2.943e+01
|                    ( QUESTION14 1 -6.169e+03 1.402e+02 2.743e+01
|                        ( - -3.080e+03 1 0)
|                        ( - -2.948e+03 1 0))
|                    ( - -2.765e+02 1 0))))))
s>    ( QUESTION0 -1 -1.111e+05 3.524e+02 4.937e+02
s>        ( - -2.367e+04 1 0)
s>        ( WDBNDRY_B 0 -8.705e+04 2.675e+02 3.872e+02
s>            ( - -3.591e+04 1 0)
s>            ( QUESTION16 -1 -5.088e+04 2.425e+02 2.260e+02
s>                ( QUESTION20 1 -4.379e+04 1.686e+02 1.956e+02
s>                    ( - -1.413e+04 2 0)
s>                    ( - -2.949e+04 2 0 QUESTION0_14_R 1 1.174e+02 1.322e+02))
s>                ( QUESTION20 1 -6.850e+03 4.623e+02 3.043e+01
s>                    ( - 2.429e+02 1 0)
s>                    ( QUESTION14 -1 -6.630e+03 1.850e+02 2.943e+01
s>                        ( QUESTION14 1 -6.169e+03 1.402e+02 2.743e+01
s>                            ( - -3.080e+03 1 0)
s>                            ( - -2.948e+03 1 0))
s>                        ( - -2.765e+02 1 0))))))INFO: dtree.c(1439): stop. leaf nodes are specific
INFO: dtree.c(1478): Final simple tree
|( QUESTION2_14_L -1 -3.802e+04 2.646e+02 1.682e+02
|    ( QUESTION0_14_R 1 -3.043e+04 1.702e+02 1.348e+02
|        ( - -6.882e+03 1 0)
|        ( - -2.338e+04 1 0))
|    ( - -7.322e+03 1 0))
s>    ( QUESTION2_14_L -1 -3.802e+04 2.646e+02 1.682e+02
s>        ( QUESTION0_14_R 1 -3.043e+04 1.702e+02 1.348e+02
s>            ( - -6.882e+03 1 0)
s>            ( - -2.338e+04 1 0))
s>        ( - -7.322e+03 1 0))INFO: dtree.c(1315): Comp split 7
INFO: dtree.c(1478): Final simple tree
|( QUESTION0 -1 -1.109e+05 3.527e+02 4.927e+02
|    ( - -2.367e+04 1 0)
|    ( WDBNDRY_B 0 -8.684e+04 2.680e+02 3.862e+02
|        ( - -3.591e+04 1 0)
|        ( QUESTION16 -1 -5.067e+04 2.477e+02 2.250e+02
|            ( QUESTION20 1 -4.379e+04 1.686e+02 1.956e+02
|                ( - -1.413e+04 2 0)
|                ( QUESTION0_14_R 1 -2.949e+04 1.174e+02 1.322e+02
|                    ( - -6.811e+03 1 0)
|                    ( - -2.257e+04 1 0)))
|            ( QUESTION14 -1 -6.630e+03 1.850e+02 2.943e+01
|                ( QUESTION14 1 -6.169e+03 1.402e+02 2.743e+01
|                    ( - -3.080e+03 1 0)
|                    ( - -2.948e+03 1 0))
|                ( - -2.765e+02 1 0)))))
s>    ( QUESTION0 -1 -1.109e+05 3.527e+02 4.927e+02
s>        ( - -2.367e+04 1 0)
s>        ( WDBNDRY_B 0 -8.684e+04 2.680e+02 3.862e+02
s>            ( - -3.591e+04 1 0)
s>            ( QUESTION16 -1 -5.067e+04 2.477e+02 2.250e+02
s>                ( QUESTION20 1 -4.379e+04 1.686e+02 1.956e+02
s>                    ( - -1.413e+04 2 0)
s>                    ( QUESTION0_14_R 1 -2.949e+04 1.174e+02 1.322e+02
s>                        ( - -6.811e+03 1 0)
s>                        ( - -2.257e+04 1 0)))
s>                ( QUESTION14 -1 -6.630e+03 1.850e+02 2.943e+01
s>                    ( QUESTION14 1 -6.169e+03 1.402e+02 2.743e+01
s>                        ( - -3.080e+03 1 0)
s>                        ( - -2.948e+03 1 0))
s>                    ( - -2.765e+02 1 0)))))INFO: dtree.c(1315): Comp split 8
INFO: dtree.c(1439): stop. leaf nodes are specific
INFO: dtree.c(1478): Final simple tree
|( QUESTION0 1 -6.780e+04 2.097e+02 2.940e+02
|    ( QUESTION0_0_R 1 -4.177e+04 1.866e+02 1.822e+02
|        ( - -1.830e+04 1 0)
|        ( - -2.328e+04 1 0))
|    ( - -2.582e+04 1 0))
s>    ( QUESTION0 1 -6.780e+04 2.097e+02 2.940e+02
s>        ( QUESTION0_0_R 1 -4.177e+04 1.866e+02 1.822e+02
s>            ( - -1.830e+04 1 0)
s>            ( - -2.328e+04 1 0))
s>        ( - -2.582e+04 1 0))INFO: dtree.c(1315): Comp split 9
INFO: dtree.c(1439): stop. leaf nodes are specific
INFO: dtree.c(1478): Final simple tree
|( QUESTION0 -1 -6.187e+04 3.099e+02 2.595e+02
|    ( - -1.434e+04 1 0)
|    ( - -4.722e+04 3 0))
s>    ( QUESTION0 -1 -6.187e+04 3.099e+02 2.595e+02
s>        ( - -1.434e+04 1 0)
s>        ( - -4.722e+04 3 0))INFO: dtree.c(1439): stop. leaf nodes are specific
INFO: dtree.c(1478): Final simple tree
|( QUESTION11 -1 -2.235e+04 1.775e+02 9.461e+01
|    ( - -2.188e+04 1 0)
|    ( - -2.900e+02 1 0))
s>    ( QUESTION11 -1 -2.235e+04 1.775e+02 9.461e+01
s>        ( - -2.188e+04 1 0)
s>        ( - -2.900e+02 1 0))INFO: dtree.c(1315): Comp split 10
INFO: dtree.c(1439): stop. leaf nodes are specific
INFO: dtree.c(1478): Final simple tree
|( QUESTION0 -1 -2.691e+04 1.611e+02 1.199e+02
|    ( - -2.367e+04 1 0)
|    ( - -3.080e+03 1 0))
s>    ( QUESTION0 -1 -2.691e+04 1.611e+02 1.199e+02
s>        ( - -2.367e+04 1 0)
s>        ( - -3.080e+03 1 0))INFO: dtree.c(1439): stop. leaf nodes are specific
INFO: dtree.c(1478): Final simple tree
|( WDBNDRY_B 0 -8.359e+04 2.620e+02 3.728e+02
|    ( - -3.591e+04 1 0)
|    ( QUESTION16 -1 -4.742e+04 2.296e+02 2.116e+02
|        ( QUESTION20 1 -4.379e+04 1.686e+02 1.956e+02
|            ( - -1.413e+04 2 0)
|            ( QUESTION0_14_R 1 -2.949e+04 1.174e+02 1.322e+02
|                ( - -6.811e+03 1 0)
|                ( - -2.257e+04 1 0)))
|        ( QUESTION14 -1 -3.403e+03 1.784e+02 1.600e+01
|            ( - -2.948e+03 1 0)
|            ( - -2.765e+02 1 0))))
s>    ( WDBNDRY_B 0 -8.359e+04 2.620e+02 3.728e+02
s>        ( - -3.591e+04 1 0)
s>        ( QUESTION16 -1 -4.742e+04 2.296e+02 2.116e+02
s>            ( QUESTION20 1 -4.379e+04 1.686e+02 1.956e+02
s>                ( - -1.413e+04 2 0)
s>                ( QUESTION0_14_R 1 -2.949e+04 1.174e+02 1.322e+02
s>                    ( - -6.811e+03 1 0)
s>                    ( - -2.257e+04 1 0)))
s>            ( QUESTION14 -1 -3.403e+03 1.784e+02 1.600e+01
s>                ( - -2.948e+03 1 0)
s>                ( - -2.765e+02 1 0))))INFO: dtree.c(1315): Comp split 11
INFO: dtree.c(1315): Comp split 12
INFO: dtree.c(1315): Comp split 13
INFO: dtree.c(1439): stop. leaf nodes are specific
INFO: dtree.c(1478): Final simple tree
|( WDBNDRY_B 0 -5.865e+04 1.778e+02 2.624e+02
|    ( - -3.591e+04 1 0)
|    ( - -2.257e+04 1 0))
s>    ( WDBNDRY_B 0 -5.865e+04 1.778e+02 2.624e+02
s>        ( - -3.591e+04 1 0)
s>        ( - -2.257e+04 1 0))INFO: dtree.c(1439): stop. leaf nodes are specific
INFO: dtree.c(1478): Final simple tree
|( QUESTION16 -1 -2.466e+04 2.129e+02 1.103e+02
|    ( QUESTION0_14_R 1 -2.105e+04 1.098e+02 9.434e+01
|        ( - -6.811e+03 1 0)
|        ( - -1.413e+04 2 0))
|    ( QUESTION14 -1 -3.403e+03 1.784e+02 1.600e+01
|        ( - -2.948e+03 1 0)
|        ( - -2.765e+02 1 0)))
s>    ( QUESTION16 -1 -2.466e+04 2.129e+02 1.103e+02
s>        ( QUESTION0_14_R 1 -2.105e+04 1.098e+02 9.434e+01
s>            ( - -6.811e+03 1 0)
s>            ( - -1.413e+04 2 0))
s>        ( QUESTION14 -1 -3.403e+03 1.784e+02 1.600e+01
s>            ( - -2.948e+03 1 0)
s>            ( - -2.765e+02 1 0)))INFO: dtree.c(1315): Comp split 14
INFO: dtree.c(1439): stop. leaf nodes are specific
INFO: dtree.c(1478): Final simple tree
|( QUESTION0_14_R 1 -3.043e+04 1.702e+02 1.348e+02
|    ( - -6.882e+03 1 0)
|    ( - -2.338e+04 1 0))
s>    ( QUESTION0_14_R 1 -3.043e+04 1.702e+02 1.348e+02
s>        ( - -6.882e+03 1 0)
s>        ( - -2.338e+04 1 0))INFO: dtree.c(1315): Comp split 15
INFO: dtree.c(1439): stop. leaf nodes are specific
INFO: dtree.c(1478): Final simple tree
|( QUESTION14 -1 -3.403e+03 1.784e+02 1.600e+01
|    ( - -2.948e+03 1 0)
|    ( - -2.765e+02 1 0))
s>    ( QUESTION14 -1 -3.403e+03 1.784e+02 1.600e+01
s>        ( - -2.948e+03 1 0)
s>        ( - -2.765e+02 1 0))INFO: dtree.c(1439): stop. leaf nodes are specific
INFO: dtree.c(1478): Final simple tree
|( QUESTION0_14_R 1 -2.105e+04 1.098e+02 9.434e+01
|    ( - -6.811e+03 1 0)
|    ( - -1.413e+04 2 0))
s>    ( QUESTION0_14_R 1 -2.105e+04 1.098e+02 9.434e+01
s>        ( - -6.811e+03 1 0)
s>        ( - -1.413e+04 2 0))INFO: dtree.c(1315): Comp split 16
INFO: dtree.c(1315): Comp split 17
INFO: dtree.c(1439): stop. leaf nodes are specific
INFO: dtree.c(1478): Final simple tree
|( QUESTION0_0_R 1 -4.177e+04 1.866e+02 1.822e+02
|    ( - -1.830e+04 1 0)
|    ( - -2.328e+04 1 0))
s>    ( QUESTION0_0_R 1 -4.177e+04 1.866e+02 1.822e+02
s>        ( - -1.830e+04 1 0)
s>        ( - -2.328e+04 1 0))INFO: dtree.c(1315): Comp split 18
INFO: dtree.c(1315): Comp split 19
INFO: dtree.c(1315): Comp split 20
INFO: dtree.c(1315): Comp split 21
INFO: dtree.c(1315): Comp split 22
INFO: dtree.c(1315): Comp split 23
INFO: dtree.c(1315): Comp split 24
INFO: dtree.c(1315): Comp split 25
INFO: dtree.c(1315): Comp split 26
INFO: dtree.c(1318): stop. leaf nodes are specific
Sun Mar 19 21:51:05 2017
