Current configuration:
[NAME]		[DEFLT]	[VALUE]
-allphones	no	no
-cntthresh	0.00001	1.000000e-05
-csplitmax	100	2000
-csplitmin	1	1
-csplitthr	8e-4	0.000000e+00
-example	no	no
-fullvar	no	no
-help		no	no
-meanfn			/home/ilya/Рабочий стол/lab_sphinx/ru_base/model_parameters/ru_base.cd_cont_untied/means
-mixwfn			/home/ilya/Рабочий стол/lab_sphinx/ru_base/model_parameters/ru_base.cd_cont_untied/mixture_weights
-moddeffn		/home/ilya/Рабочий стол/lab_sphinx/ru_base/model_architecture/ru_base.untied.mdef
-mwfloor	1e-4	1.000000e-08
-phone			nj
-psetfn			/home/ilya/Рабочий стол/lab_sphinx/ru_base/model_architecture/ru_base.tree_questions
-ssplitmax	5	7
-ssplitmin	1	1
-ssplitthr	8e-4	0.000000e+00
-state			0
-stwt			1.0,0.05,0.0,
-treefn			/home/ilya/Рабочий стол/lab_sphinx/ru_base/trees/ru_base.unpruned/nj-0.dtree
-ts2cbfn	.semi.	.cont.
-varfloor	0.00001	1.000000e-05
-varfn			/home/ilya/Рабочий стол/lab_sphinx/ru_base/model_parameters/ru_base.cd_cont_untied/variances

INFO: main.c(223): Reading: /home/ilya/Рабочий стол/lab_sphinx/ru_base/model_architecture/ru_base.untied.mdef
INFO: model_def_io.c(573): Model definition info:
INFO: model_def_io.c(574): 9415 total models defined (43 base, 9372 tri)
INFO: model_def_io.c(575): 37660 total states
INFO: model_def_io.c(576): 28245 total tied states
INFO: model_def_io.c(577): 129 total tied CI states
INFO: model_def_io.c(578): 43 total tied transition matrices
INFO: model_def_io.c(579): 4 max state/model
INFO: model_def_io.c(580): 4 min state/model
INFO: main.c(242): Building trees for [nj SIL e0 b] through [nj zh u0 i]
INFO: main.c(269): Covering states |[15090 15500]| == 411
INFO: main.c(275): Reading: /home/ilya/Рабочий стол/lab_sphinx/ru_base/model_parameters/ru_base.cd_cont_untied/mixture_weights
INFO: s3mixw_io.c(173): Read /home/ilya/Рабочий стол/lab_sphinx/ru_base/model_parameters/ru_base.cd_cont_untied/mixture_weights [411x1x1 array]
INFO: main.c(311): 137 of 137 models have observation count greater than 0.000010
INFO: main.c(95): nrm stwt: 0.952 0.048 0.000 
INFO: s3gau_io.c(169): Read /home/ilya/Рабочий стол/lab_sphinx/ru_base/model_parameters/ru_base.cd_cont_untied/means [28245x1x1 array]
INFO: s3gau_io.c(169): Read /home/ilya/Рабочий стол/lab_sphinx/ru_base/model_parameters/ru_base.cd_cont_untied/variances [28245x1x1 array]
INFO: main.c(549): Reading: /home/ilya/Рабочий стол/lab_sphinx/ru_base/model_architecture/ru_base.tree_questions
INFO: main.c(588): 180 total simple questions (172 phone; 8 word bndry)
INFO: main.c(590): 42 Left Only questions, and 42 Right Only questions
INFO: dtree.c(1478): Final simple tree
|( QUESTION13 -1 -4.135e+06 1.290e+04 1.910e+04
|    ( QUESTION16 -1 -2.977e+06 6.426e+03 1.386e+04
|        ( WDBNDRY_B 0 -1.337e+06 1.453e+03 6.236e+03
|            ( - -6.610e+05 4 0 QUESTION20 1 8.308e+02 3.090e+03)
|            ( - -6.741e+05 11 0 QUESTION20 1 3.776e+02 3.145e+03))
|        ( WDBNDRY_I 0 -1.634e+06 3.037e+03 7.628e+03
|            ( QUESTION14 -1 -1.013e+06 2.647e+03 4.782e+03
|                ( - -2.877e+05 15 0 QUESTION2_15_L -1 9.202e+02 1.339e+03)
|                ( - -7.228e+05 14 0 QUESTION0_0_R 1 9.835e+02 3.442e+03))
|            ( - -6.175e+05 34 0 QUESTION14 -1 1.126e+03 2.846e+03)))
|    ( QUESTION2 -1 -1.145e+06 3.038e+03 5.240e+03
|        ( - -1.501e+05 10 0 QUESTION2_4_L -1 7.700e+02 6.934e+02)
|        ( SILENCE -1 -9.924e+05 2.770e+03 4.546e+03
|            ( - -3.214e+05 2 0 QUESTION20 1 4.156e+02 1.482e+03)
|            ( - -6.682e+05 47 0 QUESTION12 -1 9.959e+02 3.065e+03))))
s>    ( QUESTION13 -1 -4.135e+06 1.290e+04 1.910e+04
s>        ( QUESTION16 -1 -2.977e+06 6.426e+03 1.386e+04
s>            ( WDBNDRY_B 0 -1.337e+06 1.453e+03 6.236e+03
s>                ( - -6.610e+05 4 0 QUESTION20 1 8.308e+02 3.090e+03)
s>                ( - -6.741e+05 11 0 QUESTION20 1 3.776e+02 3.145e+03))
s>            ( WDBNDRY_I 0 -1.634e+06 3.037e+03 7.628e+03
s>                ( QUESTION14 -1 -1.013e+06 2.647e+03 4.782e+03
s>                    ( - -2.877e+05 15 0 QUESTION2_15_L -1 9.202e+02 1.339e+03)
s>                    ( - -7.228e+05 14 0 QUESTION0_0_R 1 9.835e+02 3.442e+03))
s>                ( - -6.175e+05 34 0 QUESTION14 -1 1.126e+03 2.846e+03)))
s>        ( QUESTION2 -1 -1.145e+06 3.038e+03 5.240e+03
s>            ( - -1.501e+05 10 0 QUESTION2_4_L -1 7.700e+02 6.934e+02)
s>            ( SILENCE -1 -9.924e+05 2.770e+03 4.546e+03
s>                ( - -3.214e+05 2 0 QUESTION20 1 4.156e+02 1.482e+03)
s>                ( - -6.682e+05 47 0 QUESTION12 -1 9.959e+02 3.065e+03))))INFO: dtree.c(1315): Comp split 0
INFO: dtree.c(1478): Final simple tree
|( QUESTION16 -1 -2.977e+06 6.426e+03 1.386e+04
|    ( WDBNDRY_B 0 -1.337e+06 1.453e+03 6.236e+03
|        ( - -6.610e+05 4 0 QUESTION20 1 8.308e+02 3.090e+03)
|        ( - -6.741e+05 11 0 QUESTION20 1 3.776e+02 3.145e+03))
|    ( WDBNDRY_I 0 -1.634e+06 3.037e+03 7.628e+03
|        ( QUESTION14 -1 -1.013e+06 2.647e+03 4.782e+03
|            ( - -2.877e+05 15 0 QUESTION2_15_L -1 9.202e+02 1.339e+03)
|            ( QUESTION0_0_R 1 -7.228e+05 9.835e+02 3.442e+03
|                ( - -4.741e+04 3 0 QUESTION11 1 2.942e+02 2.168e+02)
|                ( - -6.744e+05 11 0 QUESTION0_17_R 1 9.654e+02 3.226e+03)))
|        ( QUESTION14 -1 -6.175e+05 1.126e+03 2.846e+03
|            ( - -2.533e+05 14 0 QUESTION2_14_L -1 4.143e+02 1.167e+03)
|            ( QUESTION20 1 -3.631e+05 1.006e+03 1.680e+03
|                ( - -6.547e+04 3 0 QUESTION20 -1 4.210e+02 2.983e+02)
|                ( - -2.966e+05 17 0 QUESTION20 -1 9.362e+02 1.381e+03)))))
s>    ( QUESTION16 -1 -2.977e+06 6.426e+03 1.386e+04
s>        ( WDBNDRY_B 0 -1.337e+06 1.453e+03 6.236e+03
s>            ( - -6.610e+05 4 0 QUESTION20 1 8.308e+02 3.090e+03)
s>            ( - -6.741e+05 11 0 QUESTION20 1 3.776e+02 3.145e+03))
s>        ( WDBNDRY_I 0 -1.634e+06 3.037e+03 7.628e+03
s>            ( QUESTION14 -1 -1.013e+06 2.647e+03 4.782e+03
s>                ( - -2.877e+05 15 0 QUESTION2_15_L -1 9.202e+02 1.339e+03)
s>                ( QUESTION0_0_R 1 -7.228e+05 9.835e+02 3.442e+03
s>                    ( - -4.741e+04 3 0 QUESTION11 1 2.942e+02 2.168e+02)
s>                    ( - -6.744e+05 11 0 QUESTION0_17_R 1 9.654e+02 3.226e+03)))
s>            ( QUESTION14 -1 -6.175e+05 1.126e+03 2.846e+03
s>                ( - -2.533e+05 14 0 QUESTION2_14_L -1 4.143e+02 1.167e+03)
s>                ( QUESTION20 1 -3.631e+05 1.006e+03 1.680e+03
s>                    ( - -6.547e+04 3 0 QUESTION20 -1 4.210e+02 2.983e+02)
s>                    ( - -2.966e+05 17 0 QUESTION20 -1 9.362e+02 1.381e+03)))))INFO: dtree.c(1478): Final simple tree
|( QUESTION2 -1 -1.145e+06 3.038e+03 5.240e+03
|    ( QUESTION2_4_L -1 -1.501e+05 7.700e+02 6.934e+02
|        ( QUESTION2_6_L -1 -1.030e+05 5.410e+02 4.744e+02
|            ( - -3.008e+04 4 0 QUESTION0_14_R 1 1.862e+02 1.384e+02)
|            ( - -7.236e+04 4 0 QUESTION0_14_R 1 4.778e+02 3.360e+02))
|        ( - -4.631e+04 2 0 QUESTION20 1 2.566e+02 2.190e+02))
|    ( SILENCE -1 -9.924e+05 2.770e+03 4.546e+03
|        ( - -3.214e+05 2 0 QUESTION20 1 4.156e+02 1.482e+03)
|        ( QUESTION12 -1 -6.682e+05 9.959e+02 3.065e+03
|            ( QUESTION20 1 -3.332e+05 6.040e+02 1.536e+03
|                ( - -1.256e+05 7 0 WDBNDRY_B 0 3.664e+02 5.796e+02)
|                ( - -2.070e+05 10 0 WDBNDRY_B 0 4.437e+02 9.566e+02))
|            ( QUESTION2_20_L -1 -3.341e+05 8.369e+02 1.528e+03
|                ( - -1.162e+05 6 0 QUESTION20 1 4.177e+02 5.396e+02)
|                ( - -2.171e+05 24 0 QUESTION4 -1 4.153e+02 9.889e+02)))))
s>    ( QUESTION2 -1 -1.145e+06 3.038e+03 5.240e+03
s>        ( QUESTION2_4_L -1 -1.501e+05 7.700e+02 6.934e+02
s>            ( QUESTION2_6_L -1 -1.030e+05 5.410e+02 4.744e+02
s>                ( - -3.008e+04 4 0 QUESTION0_14_R 1 1.862e+02 1.384e+02)
s>                ( - -7.236e+04 4 0 QUESTION0_14_R 1 4.778e+02 3.360e+02))
s>            ( - -4.631e+04 2 0 QUESTION20 1 2.566e+02 2.190e+02))
s>        ( SILENCE -1 -9.924e+05 2.770e+03 4.546e+03
s>            ( - -3.214e+05 2 0 QUESTION20 1 4.156e+02 1.482e+03)
s>            ( QUESTION12 -1 -6.682e+05 9.959e+02 3.065e+03
s>                ( QUESTION20 1 -3.332e+05 6.040e+02 1.536e+03
s>                    ( - -1.256e+05 7 0 WDBNDRY_B 0 3.664e+02 5.796e+02)
s>                    ( - -2.070e+05 10 0 WDBNDRY_B 0 4.437e+02 9.566e+02))
s>                ( QUESTION2_20_L -1 -3.341e+05 8.369e+02 1.528e+03
s>                    ( - -1.162e+05 6 0 QUESTION20 1 4.177e+02 5.396e+02)
s>                    ( - -2.171e+05 24 0 QUESTION4 -1 4.153e+02 9.889e+02)))))INFO: dtree.c(1315): Comp split 1
INFO: dtree.c(1478): Final simple tree
|( QUESTION20 -1 -1.404e+06 2.237e+03 6.534e+03
|    ( - -4.798e+04 1 0)
|    ( WDBNDRY_I 0 -1.354e+06 1.514e+03 6.315e+03
|        ( QUESTION20 1 -6.714e+05 3.838e+02 3.132e+03
|            ( - -4.357e+05 2 0)
|            ( QUESTION14 1 -2.353e+05 3.190e+02 1.097e+03
|                ( - -2.680e+04 2 0 QUESTION0_14_R 1 1.636e+02 1.280e+02)
|                ( QUESTION0_15_R 1 -2.081e+05 3.045e+02 9.687e+02
|                    ( - -1.843e+05 2 0)
|                    ( - -2.354e+04 3 0 QUESTION0_0_R 1 2.573e+02 1.074e+02))))
|        ( QUESTION20 1 -6.811e+05 7.349e+02 3.183e+03
|            ( WDBNDRY_B 0 -2.499e+05 3.768e+02 1.185e+03
|                ( - -2.443e+05 3 0 QUESTION16 -1 2.381e+02 1.160e+03)
|                ( - -5.276e+03 1 0))
|            ( - -4.305e+05 4 0 WDBNDRY_B 0 2.642e+02 1.998e+03))))
s>    ( QUESTION20 -1 -1.404e+06 2.237e+03 6.534e+03
s>        ( - -4.798e+04 1 0)
s>        ( WDBNDRY_I 0 -1.354e+06 1.514e+03 6.315e+03
s>            ( QUESTION20 1 -6.714e+05 3.838e+02 3.132e+03
s>                ( - -4.357e+05 2 0)
s>                ( QUESTION14 1 -2.353e+05 3.190e+02 1.097e+03
s>                    ( - -2.680e+04 2 0 QUESTION0_14_R 1 1.636e+02 1.280e+02)
s>                    ( QUESTION0_15_R 1 -2.081e+05 3.045e+02 9.687e+02
s>                        ( - -1.843e+05 2 0)
s>                        ( - -2.354e+04 3 0 QUESTION0_0_R 1 2.573e+02 1.074e+02))))
s>            ( QUESTION20 1 -6.811e+05 7.349e+02 3.183e+03
s>                ( WDBNDRY_B 0 -2.499e+05 3.768e+02 1.185e+03
s>                    ( - -2.443e+05 3 0 QUESTION16 -1 2.381e+02 1.160e+03)
s>                    ( - -5.276e+03 1 0))
s>                ( - -4.305e+05 4 0 WDBNDRY_B 0 2.642e+02 1.998e+03))))INFO: dtree.c(1478): Final simple tree
|( QUESTION14 -1 -1.566e+06 2.703e+03 7.330e+03
|    ( QUESTION2_15_L -1 -5.413e+05 9.648e+02 2.506e+03
|        ( - -3.512e+04 3 0 QUESTION0_14_R 1 3.944e+02 1.725e+02)
|        ( - -5.053e+05 26 0 QUESTION0_14_R 1 4.419e+02 2.334e+03))
|    ( WDBNDRY_I 0 -1.022e+06 2.384e+03 4.824e+03
|        ( QUESTION0_0_R 1 -7.228e+05 9.835e+02 3.442e+03
|            ( - -4.741e+04 3 0 QUESTION11 1 2.942e+02 2.168e+02)
|            ( QUESTION0_17_R 1 -6.744e+05 9.654e+02 3.226e+03
|                ( - -2.455e+04 1 0)
|                ( - -6.489e+05 10 0 QUESTION20 -1 8.594e+02 3.104e+03)))
|        ( QUESTION20 -1 -2.966e+05 9.362e+02 1.381e+03
|            ( - -7.222e+04 1 0)
|            ( QUESTION0_14_R 1 -2.235e+05 8.924e+02 1.034e+03
|                ( - -2.538e+04 2 0 QUESTION0 1 2.011e+02 1.234e+02)
|                ( - -1.972e+05 14 0 WDBNDRY_B 0 5.616e+02 9.106e+02)))))
s>    ( QUESTION14 -1 -1.566e+06 2.703e+03 7.330e+03
s>        ( QUESTION2_15_L -1 -5.413e+05 9.648e+02 2.506e+03
s>            ( - -3.512e+04 3 0 QUESTION0_14_R 1 3.944e+02 1.725e+02)
s>            ( - -5.053e+05 26 0 QUESTION0_14_R 1 4.419e+02 2.334e+03))
s>        ( WDBNDRY_I 0 -1.022e+06 2.384e+03 4.824e+03
s>            ( QUESTION0_0_R 1 -7.228e+05 9.835e+02 3.442e+03
s>                ( - -4.741e+04 3 0 QUESTION11 1 2.942e+02 2.168e+02)
s>                ( QUESTION0_17_R 1 -6.744e+05 9.654e+02 3.226e+03
s>                    ( - -2.455e+04 1 0)
s>                    ( - -6.489e+05 10 0 QUESTION20 -1 8.594e+02 3.104e+03)))
s>            ( QUESTION20 -1 -2.966e+05 9.362e+02 1.381e+03
s>                ( - -7.222e+04 1 0)
s>                ( QUESTION0_14_R 1 -2.235e+05 8.924e+02 1.034e+03
s>                    ( - -2.538e+04 2 0 QUESTION0 1 2.011e+02 1.234e+02)
s>                    ( - -1.972e+05 14 0 WDBNDRY_B 0 5.616e+02 9.106e+02)))))INFO: dtree.c(1315): Comp split 2
INFO: dtree.c(1478): Final simple tree
|( QUESTION14 -1 -7.036e+05 1.083e+03 3.244e+03
|    ( QUESTION0_14_R 1 -5.053e+05 4.419e+02 2.334e+03
|        ( - -4.367e+04 3 0 WDBNDRY_B 0 2.939e+02 2.019e+02)
|        ( QUESTION2_14_L -1 -4.611e+05 4.099e+02 2.132e+03
|            ( WDBNDRY_B 0 -8.092e+04 4.157e+02 3.763e+02
|                ( - -7.096e+04 3 0 QUESTION2_17_L -1 2.122e+02 3.283e+02)
|                ( QUESTION20 1 -9.543e+03 4.794e+02 4.802e+01
|                    ( - 2.425e+02 1 0)
|                    ( - -9.306e+03 1 0)))
|            ( QUESTION20 1 -3.798e+05 4.105e+02 1.756e+03
|                ( - -1.939e+05 9 0 WDBNDRY_B 0 3.884e+02 9.006e+02)
|                ( - -1.855e+05 9 0 WDBNDRY_B 0 5.081e+02 8.549e+02))))
|    ( WDBNDRY_B 0 -1.972e+05 5.616e+02 9.106e+02
|        ( - -1.729e+05 2 0 QUESTION18 -1 3.281e+02 7.995e+02)
|        ( - -2.374e+04 12 0 QUESTION0_18_R 1 2.576e+02 1.111e+02)))
s>    ( QUESTION14 -1 -7.036e+05 1.083e+03 3.244e+03
s>        ( QUESTION0_14_R 1 -5.053e+05 4.419e+02 2.334e+03
s>            ( - -4.367e+04 3 0 WDBNDRY_B 0 2.939e+02 2.019e+02)
s>            ( QUESTION2_14_L -1 -4.611e+05 4.099e+02 2.132e+03
s>                ( WDBNDRY_B 0 -8.092e+04 4.157e+02 3.763e+02
s>                    ( - -7.096e+04 3 0 QUESTION2_17_L -1 2.122e+02 3.283e+02)
s>                    ( QUESTION20 1 -9.543e+03 4.794e+02 4.802e+01
s>                        ( - 2.425e+02 1 0)
s>                        ( - -9.306e+03 1 0)))
s>                ( QUESTION20 1 -3.798e+05 4.105e+02 1.756e+03
s>                    ( - -1.939e+05 9 0 WDBNDRY_B 0 3.884e+02 9.006e+02)
s>                    ( - -1.855e+05 9 0 WDBNDRY_B 0 5.081e+02 8.549e+02))))
s>        ( WDBNDRY_B 0 -1.972e+05 5.616e+02 9.106e+02
s>            ( - -1.729e+05 2 0 QUESTION18 -1 3.281e+02 7.995e+02)
s>            ( - -2.374e+04 12 0 QUESTION0_18_R 1 2.576e+02 1.111e+02)))INFO: dtree.c(1478): Final simple tree
|( QUESTION15 1 -8.579e+05 1.305e+03 4.086e+03
|    ( QUESTION2_14_L -1 -7.040e+05 1.059e+03 3.367e+03
|        ( QUESTION20 1 -1.981e+05 5.288e+02 9.532e+02
|            ( - -1.042e+05 2 0 QUESTION14 -1 2.852e+02 5.041e+02)
|            ( - -9.331e+04 5 0 WDBNDRY_B 0 2.541e+02 4.491e+02))
|        ( QUESTION0_17_R 1 -5.049e+05 1.008e+03 2.413e+03
|            ( - -2.455e+04 1 0)
|            ( QUESTION0_14_R 1 -4.793e+05 6.936e+02 2.292e+03
|                ( - -1.126e+05 2 0 WDBNDRY_E 0 1.648e+02 5.417e+02)
|                ( - -3.660e+05 2 0 QUESTION20 1 2.501e+02 1.750e+03))))
|    ( QUESTION0_0_R 1 -1.525e+05 1.027e+03 7.191e+02
|        ( - -4.741e+04 3 0 QUESTION11 1 2.942e+02 2.168e+02)
|        ( QUESTION18 -1 -1.041e+05 7.789e+02 5.023e+02
|            ( - -2.150e+04 1 0)
|            ( - -8.183e+04 4 0 WDBNDRY_E 0 5.007e+02 3.989e+02))))
s>    ( QUESTION15 1 -8.579e+05 1.305e+03 4.086e+03
s>        ( QUESTION2_14_L -1 -7.040e+05 1.059e+03 3.367e+03
s>            ( QUESTION20 1 -1.981e+05 5.288e+02 9.532e+02
s>                ( - -1.042e+05 2 0 QUESTION14 -1 2.852e+02 5.041e+02)
s>                ( - -9.331e+04 5 0 WDBNDRY_B 0 2.541e+02 4.491e+02))
s>            ( QUESTION0_17_R 1 -5.049e+05 1.008e+03 2.413e+03
s>                ( - -2.455e+04 1 0)
s>                ( QUESTION0_14_R 1 -4.793e+05 6.936e+02 2.292e+03
s>                    ( - -1.126e+05 2 0 WDBNDRY_E 0 1.648e+02 5.417e+02)
s>                    ( - -3.660e+05 2 0 QUESTION20 1 2.501e+02 1.750e+03))))
s>        ( QUESTION0_0_R 1 -1.525e+05 1.027e+03 7.191e+02
s>            ( - -4.741e+04 3 0 QUESTION11 1 2.942e+02 2.168e+02)
s>            ( QUESTION18 -1 -1.041e+05 7.789e+02 5.023e+02
s>                ( - -2.150e+04 1 0)
s>                ( - -8.183e+04 4 0 WDBNDRY_E 0 5.007e+02 3.989e+02))))INFO: dtree.c(1315): Comp split 3
INFO: dtree.c(1478): Final simple tree
|( SILENCE -1 -9.924e+05 2.770e+03 4.546e+03
|    ( QUESTION20 1 -3.214e+05 4.156e+02 1.482e+03
|        ( - -2.995e+04 1 0)
|        ( - -2.910e+05 1 0))
|    ( QUESTION12 -1 -6.682e+05 9.959e+02 3.065e+03
|        ( QUESTION20 1 -3.332e+05 6.040e+02 1.536e+03
|            ( - -1.256e+05 7 0 WDBNDRY_B 0 3.664e+02 5.796e+02)
|            ( WDBNDRY_B 0 -2.070e+05 4.437e+02 9.566e+02
|                ( - -7.665e+04 4 0 QUESTION2_1_L -1 2.519e+02 3.567e+02)
|                ( - -1.299e+05 6 0 QUESTION0_14_R 1 2.670e+02 6.000e+02)))
|        ( QUESTION2_20_L -1 -3.341e+05 8.369e+02 1.528e+03
|            ( QUESTION20 1 -1.162e+05 4.177e+02 5.396e+02
|                ( - -3.740e+04 2 0)
|                ( - -7.835e+04 4 0 QUESTION0_14_R 1 2.846e+02 3.645e+02))
|            ( - -2.171e+05 24 0 QUESTION4 -1 4.153e+02 9.889e+02))))
s>    ( SILENCE -1 -9.924e+05 2.770e+03 4.546e+03
s>        ( QUESTION20 1 -3.214e+05 4.156e+02 1.482e+03
s>            ( - -2.995e+04 1 0)
s>            ( - -2.910e+05 1 0))
s>        ( QUESTION12 -1 -6.682e+05 9.959e+02 3.065e+03
s>            ( QUESTION20 1 -3.332e+05 6.040e+02 1.536e+03
s>                ( - -1.256e+05 7 0 WDBNDRY_B 0 3.664e+02 5.796e+02)
s>                ( WDBNDRY_B 0 -2.070e+05 4.437e+02 9.566e+02
s>                    ( - -7.665e+04 4 0 QUESTION2_1_L -1 2.519e+02 3.567e+02)
s>                    ( - -1.299e+05 6 0 QUESTION0_14_R 1 2.670e+02 6.000e+02)))
s>            ( QUESTION2_20_L -1 -3.341e+05 8.369e+02 1.528e+03
s>                ( QUESTION20 1 -1.162e+05 4.177e+02 5.396e+02
s>                    ( - -3.740e+04 2 0)
s>                    ( - -7.835e+04 4 0 QUESTION0_14_R 1 2.846e+02 3.645e+02))
s>                ( - -2.171e+05 24 0 QUESTION4 -1 4.153e+02 9.889e+02))))INFO: dtree.c(1478): Final simple tree
|( QUESTION2_4_L -1 -1.501e+05 7.700e+02 6.934e+02
|    ( QUESTION2_6_L -1 -1.030e+05 5.410e+02 4.744e+02
|        ( QUESTION0_14_R 1 -3.008e+04 1.862e+02 1.384e+02
|            ( - -7.419e+02 1 0)
|            ( - -2.916e+04 3 0 QUESTION20 1 1.590e+02 1.344e+02))
|        ( QUESTION0_14_R 1 -7.236e+04 4.778e+02 3.360e+02
|            ( - 2.413e+02 1 0)
|            ( QUESTION20 1 -7.213e+04 1.966e+02 3.350e+02
|                ( WDBNDRY_B 0 -6.051e+03 1.657e+02 2.797e+01
|                    ( - -7.155e+02 1 0)
|                    ( - -5.169e+03 1 0))
|                ( - -6.588e+04 1 0))))
|    ( QUESTION20 1 -4.631e+04 2.566e+02 2.190e+02
|        ( - -2.800e+04 1 0)
|        ( - -1.805e+04 1 0)))
s>    ( QUESTION2_4_L -1 -1.501e+05 7.700e+02 6.934e+02
s>        ( QUESTION2_6_L -1 -1.030e+05 5.410e+02 4.744e+02
s>            ( QUESTION0_14_R 1 -3.008e+04 1.862e+02 1.384e+02
s>                ( - -7.419e+02 1 0)
s>                ( - -2.916e+04 3 0 QUESTION20 1 1.590e+02 1.344e+02))
s>            ( QUESTION0_14_R 1 -7.236e+04 4.778e+02 3.360e+02
s>                ( - 2.413e+02 1 0)
s>                ( QUESTION20 1 -7.213e+04 1.966e+02 3.350e+02
s>                    ( WDBNDRY_B 0 -6.051e+03 1.657e+02 2.797e+01
s>                        ( - -7.155e+02 1 0)
s>                        ( - -5.169e+03 1 0))
s>                    ( - -6.588e+04 1 0))))
s>        ( QUESTION20 1 -4.631e+04 2.566e+02 2.190e+02
s>            ( - -2.800e+04 1 0)
s>            ( - -1.805e+04 1 0)))INFO: dtree.c(1315): Comp split 4
INFO: dtree.c(1478): Final simple tree
|( QUESTION12 -1 -6.682e+05 9.959e+02 3.065e+03
|    ( QUESTION20 1 -3.332e+05 6.040e+02 1.536e+03
|        ( WDBNDRY_B 0 -1.256e+05 3.664e+02 5.796e+02
|            ( - -1.678e+04 4 0 QUESTION2_1_L -1 1.829e+02 7.778e+01)
|            ( - -1.084e+05 3 0))
|        ( WDBNDRY_B 0 -2.070e+05 4.437e+02 9.566e+02
|            ( - -7.665e+04 4 0 QUESTION2_1_L -1 2.519e+02 3.567e+02)
|            ( - -1.299e+05 6 0 QUESTION0_14_R 1 2.670e+02 6.000e+02)))
|    ( QUESTION2_20_L -1 -3.341e+05 8.369e+02 1.528e+03
|        ( QUESTION20 1 -1.162e+05 4.177e+02 5.396e+02
|            ( - -3.740e+04 2 0)
|            ( - -7.835e+04 4 0 QUESTION0_14_R 1 2.846e+02 3.645e+02))
|        ( QUESTION4 -1 -2.171e+05 4.153e+02 9.889e+02
|            ( - -4.816e+04 10 0 SILENCE 1 3.300e+02 2.234e+02)
|            ( - -1.685e+05 14 0 WDBNDRY_B 0 2.960e+02 7.654e+02))))
s>    ( QUESTION12 -1 -6.682e+05 9.959e+02 3.065e+03
s>        ( QUESTION20 1 -3.332e+05 6.040e+02 1.536e+03
s>            ( WDBNDRY_B 0 -1.256e+05 3.664e+02 5.796e+02
s>                ( - -1.678e+04 4 0 QUESTION2_1_L -1 1.829e+02 7.778e+01)
s>                ( - -1.084e+05 3 0))
s>            ( WDBNDRY_B 0 -2.070e+05 4.437e+02 9.566e+02
s>                ( - -7.665e+04 4 0 QUESTION2_1_L -1 2.519e+02 3.567e+02)
s>                ( - -1.299e+05 6 0 QUESTION0_14_R 1 2.670e+02 6.000e+02)))
s>        ( QUESTION2_20_L -1 -3.341e+05 8.369e+02 1.528e+03
s>            ( QUESTION20 1 -1.162e+05 4.177e+02 5.396e+02
s>                ( - -3.740e+04 2 0)
s>                ( - -7.835e+04 4 0 QUESTION0_14_R 1 2.846e+02 3.645e+02))
s>            ( QUESTION4 -1 -2.171e+05 4.153e+02 9.889e+02
s>                ( - -4.816e+04 10 0 SILENCE 1 3.300e+02 2.234e+02)
s>                ( - -1.685e+05 14 0 WDBNDRY_B 0 2.960e+02 7.654e+02))))INFO: dtree.c(1439): stop. leaf nodes are specific
INFO: dtree.c(1478): Final simple tree
|( QUESTION20 1 -3.214e+05 4.156e+02 1.482e+03
|    ( - -2.995e+04 1 0)
|    ( - -2.910e+05 1 0))
s>    ( QUESTION20 1 -3.214e+05 4.156e+02 1.482e+03
s>        ( - -2.995e+04 1 0)
s>        ( - -2.910e+05 1 0))INFO: dtree.c(1315): Comp split 5
INFO: dtree.c(1439): stop. leaf nodes are specific
INFO: dtree.c(1478): Final simple tree
|( WDBNDRY_B 0 -8.927e+05 9.200e+02 4.185e+03
|    ( QUESTION16 -1 -2.443e+05 2.381e+02 1.160e+03
|        ( - -2.325e+05 2 0)
|        ( - -1.154e+04 1 0))
|    ( QUESTION20 1 -6.475e+05 3.630e+02 3.025e+03
|        ( - -4.357e+05 2 0)
|        ( QUESTION14 1 -2.114e+05 3.074e+02 9.893e+02
|            ( QUESTION0_14_R 1 -2.680e+04 1.636e+02 1.280e+02
|                ( - -9.078e+02 1 0)
|                ( - -2.573e+04 1 0))
|            ( - -1.843e+05 2 0))))
s>    ( WDBNDRY_B 0 -8.927e+05 9.200e+02 4.185e+03
s>        ( QUESTION16 -1 -2.443e+05 2.381e+02 1.160e+03
s>            ( - -2.325e+05 2 0)
s>            ( - -1.154e+04 1 0))
s>        ( QUESTION20 1 -6.475e+05 3.630e+02 3.025e+03
s>            ( - -4.357e+05 2 0)
s>            ( QUESTION14 1 -2.114e+05 3.074e+02 9.893e+02
s>                ( QUESTION0_14_R 1 -2.680e+04 1.636e+02 1.280e+02
s>                    ( - -9.078e+02 1 0)
s>                    ( - -2.573e+04 1 0))
s>                ( - -1.843e+05 2 0))))INFO: dtree.c(1439): stop. leaf nodes are specific
INFO: dtree.c(1478): Final simple tree
|( QUESTION16 -1 -5.092e+05 1.383e+03 2.349e+03
|    ( QUESTION0_0_R 1 -4.543e+05 3.757e+02 2.105e+03
|        ( WDBNDRY_E 0 -8.842e+03 2.202e+02 4.190e+01
|            ( QUESTION0_2_R 1 -2.491e+03 1.623e+02 1.300e+01
|                ( - -1.049e+03 1 0)
|                ( - -1.280e+03 1 0))
|            ( - -6.130e+03 1 0))
|        ( WDBNDRY_B 0 -4.451e+05 2.019e+02 2.063e+03
|            ( - -4.277e+05 2 0)
|            ( - -1.715e+04 2 0)))
|    ( WDBNDRY_B 0 -5.350e+04 2.396e+02 2.443e+02
|        ( - -4.798e+04 1 0)
|        ( - -5.276e+03 1 0)))
s>    ( QUESTION16 -1 -5.092e+05 1.383e+03 2.349e+03
s>        ( QUESTION0_0_R 1 -4.543e+05 3.757e+02 2.105e+03
s>            ( WDBNDRY_E 0 -8.842e+03 2.202e+02 4.190e+01
s>                ( QUESTION0_2_R 1 -2.491e+03 1.623e+02 1.300e+01
s>                    ( - -1.049e+03 1 0)
s>                    ( - -1.280e+03 1 0))
s>                ( - -6.130e+03 1 0))
s>            ( WDBNDRY_B 0 -4.451e+05 2.019e+02 2.063e+03
s>                ( - -4.277e+05 2 0)
s>                ( - -1.715e+04 2 0)))
s>        ( WDBNDRY_B 0 -5.350e+04 2.396e+02 2.443e+02
s>            ( - -4.798e+04 1 0)
s>            ( - -5.276e+03 1 0)))INFO: dtree.c(1315): Comp split 6
INFO: dtree.c(1478): Final simple tree
|( QUESTION0_0_R 1 -1.777e+05 9.739e+02 8.405e+02
|    ( QUESTION11 1 -4.741e+04 2.942e+02 2.168e+02
|        ( - -2.756e+04 2 0 QUESTION0_2_R 1 2.819e+02 1.269e+02)
|        ( - -1.955e+04 1 0))
|    ( QUESTION0_17_R 1 -1.293e+05 6.695e+02 6.237e+02
|        ( - -2.455e+04 1 0)
|        ( QUESTION18 -1 -1.041e+05 7.789e+02 5.023e+02
|            ( - -2.150e+04 1 0)
|            ( WDBNDRY_E 0 -8.183e+04 5.007e+02 3.989e+02
|                ( - -2.488e+04 1 0)
|                ( QUESTION14 -1 -5.644e+04 3.955e+02 2.775e+02
|                    ( - -2.694e+04 1 0)
|                    ( QUESTION0_14_R 1 -2.911e+04 2.977e+02 1.431e+02
|                        ( - -4.106e+02 1 0)
|                        ( - -2.840e+04 1 0)))))))
s>    ( QUESTION0_0_R 1 -1.777e+05 9.739e+02 8.405e+02
s>        ( QUESTION11 1 -4.741e+04 2.942e+02 2.168e+02
s>            ( - -2.756e+04 2 0 QUESTION0_2_R 1 2.819e+02 1.269e+02)
s>            ( - -1.955e+04 1 0))
s>        ( QUESTION0_17_R 1 -1.293e+05 6.695e+02 6.237e+02
s>            ( - -2.455e+04 1 0)
s>            ( QUESTION18 -1 -1.041e+05 7.789e+02 5.023e+02
s>                ( - -2.150e+04 1 0)
s>                ( WDBNDRY_E 0 -8.183e+04 5.007e+02 3.989e+02
s>                    ( - -2.488e+04 1 0)
s>                    ( QUESTION14 -1 -5.644e+04 3.955e+02 2.775e+02
s>                        ( - -2.694e+04 1 0)
s>                        ( QUESTION0_14_R 1 -2.911e+04 2.977e+02 1.431e+02
s>                            ( - -4.106e+02 1 0)
s>                            ( - -2.840e+04 1 0)))))))INFO: dtree.c(1478): Final simple tree
|( QUESTION2_14_L -1 -6.784e+05 1.021e+03 3.245e+03
|    ( QUESTION20 1 -1.981e+05 5.288e+02 9.532e+02
|        ( QUESTION14 -1 -1.042e+05 2.852e+02 5.041e+02
|            ( - -2.540e+03 1 0)
|            ( - -1.014e+05 1 0))
|        ( WDBNDRY_B 0 -9.331e+04 2.541e+02 4.491e+02
|            ( - -7.222e+04 1 0)
|            ( QUESTION14 -1 -2.083e+04 2.796e+02 1.019e+02
|                ( - -4.984e+03 1 0)
|                ( - -1.557e+04 3 0 QUESTION18 -1 2.277e+02 7.684e+01))))
|    ( QUESTION0_14_R 1 -4.793e+05 6.936e+02 2.292e+03
|        ( - -1.126e+05 2 0 WDBNDRY_E 0 1.648e+02 5.417e+02)
|        ( QUESTION20 1 -3.660e+05 2.501e+02 1.750e+03
|            ( - -2.831e+05 1 0)
|            ( - -8.267e+04 1 0))))
s>    ( QUESTION2_14_L -1 -6.784e+05 1.021e+03 3.245e+03
s>        ( QUESTION20 1 -1.981e+05 5.288e+02 9.532e+02
s>            ( QUESTION14 -1 -1.042e+05 2.852e+02 5.041e+02
s>                ( - -2.540e+03 1 0)
s>                ( - -1.014e+05 1 0))
s>            ( WDBNDRY_B 0 -9.331e+04 2.541e+02 4.491e+02
s>                ( - -7.222e+04 1 0)
s>                ( QUESTION14 -1 -2.083e+04 2.796e+02 1.019e+02
s>                    ( - -4.984e+03 1 0)
s>                    ( - -1.557e+04 3 0 QUESTION18 -1 2.277e+02 7.684e+01))))
s>        ( QUESTION0_14_R 1 -4.793e+05 6.936e+02 2.292e+03
s>            ( - -1.126e+05 2 0 WDBNDRY_E 0 1.648e+02 5.417e+02)
s>            ( QUESTION20 1 -3.660e+05 2.501e+02 1.750e+03
s>                ( - -2.831e+05 1 0)
s>                ( - -8.267e+04 1 0))))INFO: dtree.c(1315): Comp split 7
INFO: dtree.c(1439): stop. leaf nodes are specific
INFO: dtree.c(1478): Final simple tree
|( QUESTION0_0_R 1 -4.543e+05 3.757e+02 2.105e+03
|    ( WDBNDRY_E 0 -8.842e+03 2.202e+02 4.190e+01
|        ( QUESTION0_2_R 1 -2.491e+03 1.623e+02 1.300e+01
|            ( - -1.049e+03 1 0)
|            ( - -1.280e+03 1 0))
|        ( - -6.130e+03 1 0))
|    ( WDBNDRY_B 0 -4.451e+05 2.019e+02 2.063e+03
|        ( - -4.277e+05 2 0)
|        ( - -1.715e+04 2 0)))
s>    ( QUESTION0_0_R 1 -4.543e+05 3.757e+02 2.105e+03
s>        ( WDBNDRY_E 0 -8.842e+03 2.202e+02 4.190e+01
s>            ( QUESTION0_2_R 1 -2.491e+03 1.623e+02 1.300e+01
s>                ( - -1.049e+03 1 0)
s>                ( - -1.280e+03 1 0))
s>            ( - -6.130e+03 1 0))
s>        ( WDBNDRY_B 0 -4.451e+05 2.019e+02 2.063e+03
s>            ( - -4.277e+05 2 0)
s>            ( - -1.715e+04 2 0)))INFO: dtree.c(1439): stop. leaf nodes are specific
INFO: dtree.c(1478): Final simple tree
|( WDBNDRY_B 0 -5.350e+04 2.396e+02 2.443e+02
|    ( - -4.798e+04 1 0)
|    ( - -5.276e+03 1 0))
s>    ( WDBNDRY_B 0 -5.350e+04 2.396e+02 2.443e+02
s>        ( - -4.798e+04 1 0)
s>        ( - -5.276e+03 1 0))INFO: dtree.c(1315): Comp split 8
INFO: dtree.c(1439): stop. leaf nodes are specific
INFO: dtree.c(1478): Final simple tree
|( QUESTION11 -1 -3.179e+05 7.143e+02 1.466e+03
|    ( QUESTION0_14_R 1 -7.835e+04 2.846e+02 3.645e+02
|        ( - -3.094e+04 2 0)
|        ( WDBNDRY_B 0 -4.713e+04 2.312e+02 2.166e+02
|            ( - -2.550e+03 1 0)
|            ( - -4.435e+04 1 0)))
|    ( QUESTION20 1 -2.389e+05 5.354e+02 1.102e+03
|        ( - -1.084e+05 3 0)
|        ( QUESTION0_14_R 1 -1.299e+05 2.670e+02 6.000e+02
|            ( - -1.234e+05 4 0)
|            ( - -6.224e+03 2 0))))
s>    ( QUESTION11 -1 -3.179e+05 7.143e+02 1.466e+03
s>        ( QUESTION0_14_R 1 -7.835e+04 2.846e+02 3.645e+02
s>            ( - -3.094e+04 2 0)
s>            ( WDBNDRY_B 0 -4.713e+04 2.312e+02 2.166e+02
s>                ( - -2.550e+03 1 0)
s>                ( - -4.435e+04 1 0)))
s>        ( QUESTION20 1 -2.389e+05 5.354e+02 1.102e+03
s>            ( - -1.084e+05 3 0)
s>            ( QUESTION0_14_R 1 -1.299e+05 2.670e+02 6.000e+02
s>                ( - -1.234e+05 4 0)
s>                ( - -6.224e+03 2 0))))INFO: dtree.c(1478): Final simple tree
|( QUESTION2_20_L -1 -3.491e+05 5.341e+02 1.598e+03
|    ( - -3.740e+04 2 0)
|    ( QUESTION4 -1 -3.112e+05 4.045e+02 1.423e+03
|        ( SILENCE 1 -4.816e+04 3.300e+02 2.234e+02
|            ( - -2.493e+03 1 0)
|            ( - -4.534e+04 9 0 QUESTION20 1 2.605e+02 2.104e+02))
|        ( QUESTION12 -1 -2.626e+05 3.366e+02 1.200e+03
|            ( QUESTION20 1 -9.379e+04 3.525e+02 4.345e+02
|                ( - -1.678e+04 4 0 QUESTION2_1_L -1 1.829e+02 7.778e+01)
|                ( - -7.665e+04 4 0 QUESTION2_1_L -1 2.519e+02 3.567e+02))
|            ( WDBNDRY_B 0 -1.685e+05 2.960e+02 7.654e+02
|                ( QUESTION1 -1 -1.176e+05 3.951e+02 5.396e+02
|                    ( - -3.963e+04 3 0 QUESTION6 -1 2.679e+02 1.807e+02)
|                    ( - -7.761e+04 4 0 QUESTION2_0_L -1 2.123e+02 3.588e+02))
|                ( - -5.055e+04 7 0 QUESTION20 1 2.672e+02 2.259e+02)))))
s>    ( QUESTION2_20_L -1 -3.491e+05 5.341e+02 1.598e+03
s>        ( - -3.740e+04 2 0)
s>        ( QUESTION4 -1 -3.112e+05 4.045e+02 1.423e+03
s>            ( SILENCE 1 -4.816e+04 3.300e+02 2.234e+02
s>                ( - -2.493e+03 1 0)
s>                ( - -4.534e+04 9 0 QUESTION20 1 2.605e+02 2.104e+02))
s>            ( QUESTION12 -1 -2.626e+05 3.366e+02 1.200e+03
s>                ( QUESTION20 1 -9.379e+04 3.525e+02 4.345e+02
s>                    ( - -1.678e+04 4 0 QUESTION2_1_L -1 1.829e+02 7.778e+01)
s>                    ( - -7.665e+04 4 0 QUESTION2_1_L -1 2.519e+02 3.567e+02))
s>                ( WDBNDRY_B 0 -1.685e+05 2.960e+02 7.654e+02
s>                    ( QUESTION1 -1 -1.176e+05 3.951e+02 5.396e+02
s>                        ( - -3.963e+04 3 0 QUESTION6 -1 2.679e+02 1.807e+02)
s>                        ( - -7.761e+04 4 0 QUESTION2_0_L -1 2.123e+02 3.588e+02))
s>                    ( - -5.055e+04 7 0 QUESTION20 1 2.672e+02 2.259e+02)))))INFO: dtree.c(1315): Comp split 9
INFO: dtree.c(1439): stop. leaf nodes are specific
INFO: dtree.c(1478): Final simple tree
|( WDBNDRY_E 0 -8.112e+04 5.036e+02 3.959e+02
|    ( - -2.488e+04 1 0)
|    ( QUESTION0_14_R 1 -5.573e+04 3.932e+02 2.745e+02
|        ( - -2.694e+04 1 0)
|        ( - -2.840e+04 1 0)))
s>    ( WDBNDRY_E 0 -8.112e+04 5.036e+02 3.959e+02
s>        ( - -2.488e+04 1 0)
s>        ( QUESTION0_14_R 1 -5.573e+04 3.932e+02 2.745e+02
s>            ( - -2.694e+04 1 0)
s>            ( - -2.840e+04 1 0)))INFO: dtree.c(1439): stop. leaf nodes are specific
INFO: dtree.c(1478): Final simple tree
|( QUESTION0_0_R 1 -9.541e+04 7.432e+02 4.446e+02
|    ( QUESTION11 1 -4.741e+04 2.942e+02 2.168e+02
|        ( QUESTION0_2_R 1 -2.756e+04 2.819e+02 1.269e+02
|            ( - -4.018e+03 1 0)
|            ( - -2.326e+04 1 0))
|        ( - -1.955e+04 1 0))
|    ( QUESTION18 -1 -4.727e+04 5.047e+02 2.278e+02
|        ( - -2.150e+04 1 0)
|        ( QUESTION0_14_R 1 -2.527e+04 3.089e+02 1.245e+02
|            ( - -4.106e+02 1 0)
|            ( - -2.455e+04 1 0))))
s>    ( QUESTION0_0_R 1 -9.541e+04 7.432e+02 4.446e+02
s>        ( QUESTION11 1 -4.741e+04 2.942e+02 2.168e+02
s>            ( QUESTION0_2_R 1 -2.756e+04 2.819e+02 1.269e+02
s>                ( - -4.018e+03 1 0)
s>                ( - -2.326e+04 1 0))
s>            ( - -1.955e+04 1 0))
s>        ( QUESTION18 -1 -4.727e+04 5.047e+02 2.278e+02
s>            ( - -2.150e+04 1 0)
s>            ( QUESTION0_14_R 1 -2.527e+04 3.089e+02 1.245e+02
s>                ( - -4.106e+02 1 0)
s>                ( - -2.455e+04 1 0))))INFO: dtree.c(1315): Comp split 10
INFO: dtree.c(1478): Final simple tree
|( QUESTION0_14_R 1 -5.053e+05 4.419e+02 2.334e+03
|    ( - -4.367e+04 3 0 WDBNDRY_B 0 2.939e+02 2.019e+02)
|    ( QUESTION2_14_L -1 -4.611e+05 4.099e+02 2.132e+03
|        ( WDBNDRY_B 0 -8.092e+04 4.157e+02 3.763e+02
|            ( - -7.096e+04 3 0 QUESTION2_17_L -1 2.122e+02 3.283e+02)
|            ( QUESTION20 1 -9.543e+03 4.794e+02 4.802e+01
|                ( - 2.425e+02 1 0)
|                ( - -9.306e+03 1 0)))
|        ( QUESTION20 1 -3.798e+05 4.105e+02 1.756e+03
|            ( - -1.939e+05 9 0 WDBNDRY_B 0 3.884e+02 9.006e+02)
|            ( WDBNDRY_B 0 -1.855e+05 5.081e+02 8.549e+02
|                ( QUESTION2_0_L -1 -1.231e+05 4.451e+02 5.695e+02
|                    ( - 1.968e+02 1 0)
|                    ( - -1.228e+05 4 0))
|                ( - -6.196e+04 4 0)))))
s>    ( QUESTION0_14_R 1 -5.053e+05 4.419e+02 2.334e+03
s>        ( - -4.367e+04 3 0 WDBNDRY_B 0 2.939e+02 2.019e+02)
s>        ( QUESTION2_14_L -1 -4.611e+05 4.099e+02 2.132e+03
s>            ( WDBNDRY_B 0 -8.092e+04 4.157e+02 3.763e+02
s>                ( - -7.096e+04 3 0 QUESTION2_17_L -1 2.122e+02 3.283e+02)
s>                ( QUESTION20 1 -9.543e+03 4.794e+02 4.802e+01
s>                    ( - 2.425e+02 1 0)
s>                    ( - -9.306e+03 1 0)))
s>            ( QUESTION20 1 -3.798e+05 4.105e+02 1.756e+03
s>                ( - -1.939e+05 9 0 WDBNDRY_B 0 3.884e+02 9.006e+02)
s>                ( WDBNDRY_B 0 -1.855e+05 5.081e+02 8.549e+02
s>                    ( QUESTION2_0_L -1 -1.231e+05 4.451e+02 5.695e+02
s>                        ( - 1.968e+02 1 0)
s>                        ( - -1.228e+05 4 0))
s>                    ( - -6.196e+04 4 0)))))INFO: dtree.c(1478): Final simple tree
|( WDBNDRY_B 0 -1.972e+05 5.616e+02 9.106e+02
|    ( QUESTION18 -1 -1.729e+05 3.281e+02 7.995e+02
|        ( - -9.855e+03 1 0)
|        ( - -1.627e+05 1 0))
|    ( QUESTION0_18_R 1 -2.374e+04 2.576e+02 1.111e+02
|        ( - -1.862e+02 1 0)
|        ( QUESTION0_7_R 1 -2.330e+04 2.558e+02 1.091e+02
|            ( - -2.798e+03 1 0)
|            ( QUESTION6 1 -2.025e+04 2.217e+02 9.613e+01
|                ( - -2.195e+02 1 0)
|                ( QUESTION0_13_R 1 -1.980e+04 2.207e+02 9.413e+01
|                    ( - -6.585e+02 1 0)
|                    ( QUESTION11 1 -1.893e+04 2.174e+02 9.013e+01
|                        ( - -1.070e+03 1 0)
|                        ( - -1.764e+04 7 0 QUESTION0_3_R 1 2.182e+02 8.413e+01)))))))
s>    ( WDBNDRY_B 0 -1.972e+05 5.616e+02 9.106e+02
s>        ( QUESTION18 -1 -1.729e+05 3.281e+02 7.995e+02
s>            ( - -9.855e+03 1 0)
s>            ( - -1.627e+05 1 0))
s>        ( QUESTION0_18_R 1 -2.374e+04 2.576e+02 1.111e+02
s>            ( - -1.862e+02 1 0)
s>            ( QUESTION0_7_R 1 -2.330e+04 2.558e+02 1.091e+02
s>                ( - -2.798e+03 1 0)
s>                ( QUESTION6 1 -2.025e+04 2.217e+02 9.613e+01
s>                    ( - -2.195e+02 1 0)
s>                    ( QUESTION0_13_R 1 -1.980e+04 2.207e+02 9.413e+01
s>                        ( - -6.585e+02 1 0)
s>                        ( QUESTION11 1 -1.893e+04 2.174e+02 9.013e+01
s>                            ( - -1.070e+03 1 0)
s>                            ( - -1.764e+04 7 0 QUESTION0_3_R 1 2.182e+02 8.413e+01)))))))INFO: dtree.c(1315): Comp split 11
INFO: dtree.c(1439): stop. leaf nodes are specific
INFO: dtree.c(1478): Final simple tree
|( QUESTION14 -1 -3.688e+05 2.539e+02 1.763e+03
|    ( - -2.540e+03 1 0)
|    ( QUESTION20 1 -3.660e+05 2.501e+02 1.750e+03
|        ( - -2.831e+05 1 0)
|        ( - -8.267e+04 1 0)))
s>    ( QUESTION14 -1 -3.688e+05 2.539e+02 1.763e+03
s>        ( - -2.540e+03 1 0)
s>        ( QUESTION20 1 -3.660e+05 2.501e+02 1.750e+03
s>            ( - -2.831e+05 1 0)
s>            ( - -8.267e+04 1 0)))INFO: dtree.c(1478): Final simple tree
|( QUESTION20 1 -3.085e+05 6.859e+02 1.482e+03
|    ( - -1.014e+05 1 0)
|    ( QUESTION0_14_R 1 -2.064e+05 5.248e+02 9.908e+02
|        ( WDBNDRY_E 0 -1.135e+05 1.645e+02 5.457e+02
|            ( - -2.952e+02 1 0)
|            ( QUESTION20 -1 -1.130e+05 1.262e+02 5.437e+02
|                ( - -7.409e+02 1 0)
|                ( - -1.121e+05 1 0)))
|        ( WDBNDRY_B 0 -9.243e+04 2.586e+02 4.451e+02
|            ( - -7.222e+04 1 0)
|            ( QUESTION14 -1 -1.996e+04 2.862e+02 9.790e+01
|                ( - -4.984e+03 1 0)
|                ( QUESTION18 -1 -1.468e+04 2.304e+02 7.284e+01
|                    ( - -1.949e+02 1 0)
|                    ( - -1.426e+04 1 0))))))
s>    ( QUESTION20 1 -3.085e+05 6.859e+02 1.482e+03
s>        ( - -1.014e+05 1 0)
s>        ( QUESTION0_14_R 1 -2.064e+05 5.248e+02 9.908e+02
s>            ( WDBNDRY_E 0 -1.135e+05 1.645e+02 5.457e+02
s>                ( - -2.952e+02 1 0)
s>                ( QUESTION20 -1 -1.130e+05 1.262e+02 5.437e+02
s>                    ( - -7.409e+02 1 0)
s>                    ( - -1.121e+05 1 0)))
s>            ( WDBNDRY_B 0 -9.243e+04 2.586e+02 4.451e+02
s>                ( - -7.222e+04 1 0)
s>                ( QUESTION14 -1 -1.996e+04 2.862e+02 9.790e+01
s>                    ( - -4.984e+03 1 0)
s>                    ( QUESTION18 -1 -1.468e+04 2.304e+02 7.284e+01
s>                        ( - -1.949e+02 1 0)
s>                        ( - -1.426e+04 1 0))))))INFO: dtree.c(1315): Comp split 12
INFO: dtree.c(1439): stop. leaf nodes are specific
INFO: dtree.c(1478): Final simple tree
|( QUESTION16 -1 -2.713e+05 2.388e+02 1.288e+03
|    ( WDBNDRY_B 0 -2.595e+05 2.213e+02 1.234e+03
|        ( - -2.325e+05 2 0)
|        ( QUESTION0_14_R 1 -2.680e+04 1.636e+02 1.280e+02
|            ( - -9.078e+02 1 0)
|            ( - -2.573e+04 1 0)))
|    ( - -1.154e+04 1 0))
s>    ( QUESTION16 -1 -2.713e+05 2.388e+02 1.288e+03
s>        ( WDBNDRY_B 0 -2.595e+05 2.213e+02 1.234e+03
s>            ( - -2.325e+05 2 0)
s>            ( QUESTION0_14_R 1 -2.680e+04 1.636e+02 1.280e+02
s>                ( - -9.078e+02 1 0)
s>                ( - -2.573e+04 1 0)))
s>        ( - -1.154e+04 1 0))INFO: dtree.c(1439): stop. leaf nodes are specific
INFO: dtree.c(1478): Final simple tree
|( QUESTION20 1 -6.204e+05 3.932e+02 2.897e+03
|    ( - -4.357e+05 2 0)
|    ( - -1.843e+05 2 0))
s>    ( QUESTION20 1 -6.204e+05 3.932e+02 2.897e+03
s>        ( - -4.357e+05 2 0)
s>        ( - -1.843e+05 2 0))INFO: dtree.c(1315): Comp split 13
INFO: dtree.c(1439): stop. leaf nodes are specific
INFO: dtree.c(1478): Final simple tree
|( QUESTION0_14_R 1 -7.236e+04 4.778e+02 3.360e+02
|    ( - 2.413e+02 1 0)
|    ( QUESTION20 1 -7.213e+04 1.966e+02 3.350e+02
|        ( WDBNDRY_B 0 -6.051e+03 1.657e+02 2.797e+01
|            ( - -7.155e+02 1 0)
|            ( - -5.169e+03 1 0))
|        ( - -6.588e+04 1 0)))
s>    ( QUESTION0_14_R 1 -7.236e+04 4.778e+02 3.360e+02
s>        ( - 2.413e+02 1 0)
s>        ( QUESTION20 1 -7.213e+04 1.966e+02 3.350e+02
s>            ( WDBNDRY_B 0 -6.051e+03 1.657e+02 2.797e+01
s>                ( - -7.155e+02 1 0)
s>                ( - -5.169e+03 1 0))
s>            ( - -6.588e+04 1 0)))INFO: dtree.c(1439): stop. leaf nodes are specific
INFO: dtree.c(1478): Final simple tree
|( QUESTION2_4_L -1 -7.682e+04 4.232e+02 3.574e+02
|    ( QUESTION0_14_R 1 -3.008e+04 1.862e+02 1.384e+02
|        ( - -7.419e+02 1 0)
|        ( QUESTION20 1 -2.916e+04 1.590e+02 1.344e+02
|            ( - -2.319e+04 1 0)
|            ( WDBNDRY_B 0 -5.803e+03 1.684e+02 2.648e+01
|                ( - -5.321e+03 1 0)
|                ( - -3.127e+02 1 0))))
|    ( QUESTION20 1 -4.631e+04 2.566e+02 2.190e+02
|        ( - -2.800e+04 1 0)
|        ( - -1.805e+04 1 0)))
s>    ( QUESTION2_4_L -1 -7.682e+04 4.232e+02 3.574e+02
s>        ( QUESTION0_14_R 1 -3.008e+04 1.862e+02 1.384e+02
s>            ( - -7.419e+02 1 0)
s>            ( QUESTION20 1 -2.916e+04 1.590e+02 1.344e+02
s>                ( - -2.319e+04 1 0)
s>                ( WDBNDRY_B 0 -5.803e+03 1.684e+02 2.648e+01
s>                    ( - -5.321e+03 1 0)
s>                    ( - -3.127e+02 1 0))))
s>        ( QUESTION20 1 -4.631e+04 2.566e+02 2.190e+02
s>            ( - -2.800e+04 1 0)
s>            ( - -1.805e+04 1 0)))INFO: dtree.c(1315): Comp split 14
INFO: dtree.c(1439): stop. leaf nodes are specific
INFO: dtree.c(1478): Final simple tree
|( QUESTION11 1 -4.809e+04 2.971e+02 2.198e+02
|    ( QUESTION0_2_R 1 -2.756e+04 2.819e+02 1.269e+02
|        ( - -4.018e+03 1 0)
|        ( - -2.326e+04 1 0))
|    ( QUESTION0_0_R 1 -2.023e+04 2.747e+02 9.295e+01
|        ( - -1.955e+04 1 0)
|        ( - -4.106e+02 1 0)))
s>    ( QUESTION11 1 -4.809e+04 2.971e+02 2.198e+02
s>        ( QUESTION0_2_R 1 -2.756e+04 2.819e+02 1.269e+02
s>            ( - -4.018e+03 1 0)
s>            ( - -2.326e+04 1 0))
s>        ( QUESTION0_0_R 1 -2.023e+04 2.747e+02 9.295e+01
s>            ( - -1.955e+04 1 0)
s>            ( - -4.106e+02 1 0)))INFO: dtree.c(1439): stop. leaf nodes are specific
INFO: dtree.c(1478): Final simple tree
|( QUESTION0_14_R 1 -4.654e+04 5.009e+02 2.248e+02
|    ( - -2.150e+04 1 0)
|    ( - -2.455e+04 1 0))
s>    ( QUESTION0_14_R 1 -4.654e+04 5.009e+02 2.248e+02
s>        ( - -2.150e+04 1 0)
s>        ( - -2.455e+04 1 0))INFO: dtree.c(1315): Comp split 15
INFO: dtree.c(1439): stop. leaf nodes are specific
INFO: dtree.c(1478): Final simple tree
|( QUESTION20 1 -2.389e+05 5.354e+02 1.102e+03
|    ( - -1.084e+05 3 0)
|    ( QUESTION0_14_R 1 -1.299e+05 2.670e+02 6.000e+02
|        ( - -1.234e+05 4 0)
|        ( - -6.224e+03 2 0)))
s>    ( QUESTION20 1 -2.389e+05 5.354e+02 1.102e+03
s>        ( - -1.084e+05 3 0)
s>        ( QUESTION0_14_R 1 -1.299e+05 2.670e+02 6.000e+02
s>            ( - -1.234e+05 4 0)
s>            ( - -6.224e+03 2 0)))INFO: dtree.c(1439): stop. leaf nodes are specific
INFO: dtree.c(1478): Final simple tree
|( QUESTION0_14_R 1 -7.835e+04 2.846e+02 3.645e+02
|    ( - -3.094e+04 2 0)
|    ( WDBNDRY_B 0 -4.713e+04 2.312e+02 2.166e+02
|        ( - -2.550e+03 1 0)
|        ( - -4.435e+04 1 0)))
s>    ( QUESTION0_14_R 1 -7.835e+04 2.846e+02 3.645e+02
s>        ( - -3.094e+04 2 0)
s>        ( WDBNDRY_B 0 -4.713e+04 2.312e+02 2.166e+02
s>            ( - -2.550e+03 1 0)
s>            ( - -4.435e+04 1 0)))INFO: dtree.c(1315): Comp split 16
INFO: dtree.c(1439): stop. leaf nodes are specific
INFO: dtree.c(1478): Final simple tree
|( QUESTION18 -1 -1.018e+05 2.285e+02 4.931e+02
|    ( - -1.949e+02 1 0)
|    ( - -1.014e+05 1 0))
s>    ( QUESTION18 -1 -1.018e+05 2.285e+02 4.931e+02
s>        ( - -1.949e+02 1 0)
s>        ( - -1.014e+05 1 0))INFO: dtree.c(1439): stop. leaf nodes are specific
INFO: dtree.c(1478): Final simple tree
|( QUESTION0_14_R 1 -2.060e+05 5.230e+02 9.888e+02
|    ( WDBNDRY_E 0 -1.135e+05 1.645e+02 5.457e+02
|        ( - -2.952e+02 1 0)
|        ( QUESTION20 -1 -1.130e+05 1.262e+02 5.437e+02
|            ( - -7.409e+02 1 0)
|            ( - -1.121e+05 1 0)))
|    ( WDBNDRY_B 0 -9.201e+04 2.604e+02 4.431e+02
|        ( - -7.222e+04 1 0)
|        ( QUESTION14 -1 -1.953e+04 2.862e+02 9.590e+01
|            ( - -4.984e+03 1 0)
|            ( - -1.426e+04 1 0))))
s>    ( QUESTION0_14_R 1 -2.060e+05 5.230e+02 9.888e+02
s>        ( WDBNDRY_E 0 -1.135e+05 1.645e+02 5.457e+02
s>            ( - -2.952e+02 1 0)
s>            ( QUESTION20 -1 -1.130e+05 1.262e+02 5.437e+02
s>                ( - -7.409e+02 1 0)
s>                ( - -1.121e+05 1 0)))
s>        ( WDBNDRY_B 0 -9.201e+04 2.604e+02 4.431e+02
s>            ( - -7.222e+04 1 0)
s>            ( QUESTION14 -1 -1.953e+04 2.862e+02 9.590e+01
s>                ( - -4.984e+03 1 0)
s>                ( - -1.426e+04 1 0))))INFO: dtree.c(1315): Comp split 17
INFO: dtree.c(1439): stop. leaf nodes are specific
INFO: dtree.c(1478): Final simple tree
|( WDBNDRY_B 0 -1.182e+05 4.740e+02 5.468e+02
|    ( QUESTION2_0_L -1 -7.761e+04 2.123e+02 3.588e+02
|        ( QUESTION20 1 -6.759e+04 1.465e+02 3.146e+02
|            ( - -1.184e+03 1 0)
|            ( - -6.626e+04 1 0))
|        ( QUESTION20 1 -9.808e+03 1.851e+02 4.420e+01
|            ( - -3.388e+03 1 0)
|            ( - -6.235e+03 1 0)))
|    ( WDBNDRY_E 0 -4.016e+04 2.618e+02 1.880e+02
|        ( - -2.493e+03 1 0)
|        ( - -3.740e+04 2 0)))
s>    ( WDBNDRY_B 0 -1.182e+05 4.740e+02 5.468e+02
s>        ( QUESTION2_0_L -1 -7.761e+04 2.123e+02 3.588e+02
s>            ( QUESTION20 1 -6.759e+04 1.465e+02 3.146e+02
s>                ( - -1.184e+03 1 0)
s>                ( - -6.626e+04 1 0))
s>            ( QUESTION20 1 -9.808e+03 1.851e+02 4.420e+01
s>                ( - -3.388e+03 1 0)
s>                ( - -6.235e+03 1 0)))
s>        ( WDBNDRY_E 0 -4.016e+04 2.618e+02 1.880e+02
s>            ( - -2.493e+03 1 0)
s>            ( - -3.740e+04 2 0)))INFO: dtree.c(1478): Final simple tree
|( QUESTION4 -1 -2.302e+05 3.825e+02 1.052e+03
|    ( QUESTION20 1 -4.534e+04 2.605e+02 2.104e+02
|        ( WDBNDRY_B 0 -1.175e+04 2.715e+02 5.548e+01
|            ( - -3.236e+03 1 0)
|            ( - -8.246e+03 1 0))
|        ( - -3.332e+04 7 0 QUESTION0_14_R 1 1.804e+02 1.550e+02))
|    ( QUESTION12 -1 -1.845e+05 3.436e+02 8.411e+02
|        ( QUESTION20 1 -9.379e+04 3.525e+02 4.345e+02
|            ( - -1.678e+04 4 0 QUESTION2_1_L -1 1.829e+02 7.778e+01)
|            ( QUESTION2_1_L -1 -7.665e+04 2.519e+02 3.567e+02
|                ( - -1.575e+04 1 0)
|                ( - -6.065e+04 3 0)))
|        ( QUESTION7 -1 -9.036e+04 2.343e+02 4.066e+02
|            ( - -2.192e+04 1 0)
|            ( - -6.821e+04 9 0 QUESTION0_14_R 1 2.322e+02 3.072e+02))))
s>    ( QUESTION4 -1 -2.302e+05 3.825e+02 1.052e+03
s>        ( QUESTION20 1 -4.534e+04 2.605e+02 2.104e+02
s>            ( WDBNDRY_B 0 -1.175e+04 2.715e+02 5.548e+01
s>                ( - -3.236e+03 1 0)
s>                ( - -8.246e+03 1 0))
s>            ( - -3.332e+04 7 0 QUESTION0_14_R 1 1.804e+02 1.550e+02))
s>        ( QUESTION12 -1 -1.845e+05 3.436e+02 8.411e+02
s>            ( QUESTION20 1 -9.379e+04 3.525e+02 4.345e+02
s>                ( - -1.678e+04 4 0 QUESTION2_1_L -1 1.829e+02 7.778e+01)
s>                ( QUESTION2_1_L -1 -7.665e+04 2.519e+02 3.567e+02
s>                    ( - -1.575e+04 1 0)
s>                    ( - -6.065e+04 3 0)))
s>            ( QUESTION7 -1 -9.036e+04 2.343e+02 4.066e+02
s>                ( - -2.192e+04 1 0)
s>                ( - -6.821e+04 9 0 QUESTION0_14_R 1 2.322e+02 3.072e+02))))INFO: dtree.c(1315): Comp split 18
INFO: dtree.c(1478): Final simple tree
|( WDBNDRY_B 0 -3.389e+04 2.913e+02 1.551e+02
|    ( - -9.855e+03 1 0)
|    ( QUESTION0_18_R 1 -2.374e+04 2.576e+02 1.111e+02
|        ( - -1.862e+02 1 0)
|        ( QUESTION0_7_R 1 -2.330e+04 2.558e+02 1.091e+02
|            ( - -2.798e+03 1 0)
|            ( QUESTION6 1 -2.025e+04 2.217e+02 9.613e+01
|                ( - -2.195e+02 1 0)
|                ( QUESTION0_13_R 1 -1.980e+04 2.207e+02 9.413e+01
|                    ( - -6.585e+02 1 0)
|                    ( QUESTION11 1 -1.893e+04 2.174e+02 9.013e+01
|                        ( - -1.070e+03 1 0)
|                        ( QUESTION0_3_R 1 -1.764e+04 2.182e+02 8.413e+01
|                            ( - -1.650e+03 1 0)
|                            ( - -1.577e+04 6 0 QUESTION0 1 1.983e+02 7.513e+01))))))))
s>    ( WDBNDRY_B 0 -3.389e+04 2.913e+02 1.551e+02
s>        ( - -9.855e+03 1 0)
s>        ( QUESTION0_18_R 1 -2.374e+04 2.576e+02 1.111e+02
s>            ( - -1.862e+02 1 0)
s>            ( QUESTION0_7_R 1 -2.330e+04 2.558e+02 1.091e+02
s>                ( - -2.798e+03 1 0)
s>                ( QUESTION6 1 -2.025e+04 2.217e+02 9.613e+01
s>                    ( - -2.195e+02 1 0)
s>                    ( QUESTION0_13_R 1 -1.980e+04 2.207e+02 9.413e+01
s>                        ( - -6.585e+02 1 0)
s>                        ( QUESTION11 1 -1.893e+04 2.174e+02 9.013e+01
s>                            ( - -1.070e+03 1 0)
s>                            ( QUESTION0_3_R 1 -1.764e+04 2.182e+02 8.413e+01
s>                                ( - -1.650e+03 1 0)
s>                                ( - -1.577e+04 6 0 QUESTION0 1 1.983e+02 7.513e+01))))))))INFO: dtree.c(1315): Comp split 19
INFO: dtree.c(1439): stop. leaf nodes are specific
INFO: dtree.c(1478): Final simple tree
|( WDBNDRY_B 0 -3.270e+05 5.210e+02 1.517e+03
|    ( QUESTION20 1 -1.636e+05 2.337e+02 7.551e+02
|        ( QUESTION2_0_L -1 -4.028e+04 1.333e+02 1.856e+02
|            ( - -7.333e+02 1 0)
|            ( - -3.942e+04 4 0))
|        ( QUESTION2_0_L -1 -1.231e+05 4.451e+02 5.695e+02
|            ( - 1.968e+02 1 0)
|            ( - -1.228e+05 4 0)))
|    ( QUESTION20 1 -1.629e+05 4.166e+02 7.620e+02
|        ( - -1.532e+05 4 0)
|        ( - -9.306e+03 1 0)))
s>    ( WDBNDRY_B 0 -3.270e+05 5.210e+02 1.517e+03
s>        ( QUESTION20 1 -1.636e+05 2.337e+02 7.551e+02
s>            ( QUESTION2_0_L -1 -4.028e+04 1.333e+02 1.856e+02
s>                ( - -7.333e+02 1 0)
s>                ( - -3.942e+04 4 0))
s>            ( QUESTION2_0_L -1 -1.231e+05 4.451e+02 5.695e+02
s>                ( - 1.968e+02 1 0)
s>                ( - -1.228e+05 4 0)))
s>        ( QUESTION20 1 -1.629e+05 4.166e+02 7.620e+02
s>            ( - -1.532e+05 4 0)
s>            ( - -9.306e+03 1 0)))INFO: dtree.c(1439): stop. leaf nodes are specific
INFO: dtree.c(1478): Final simple tree
|( WDBNDRY_B 0 -1.776e+05 4.008e+02 8.166e+02
|    ( QUESTION0_14_R 1 -8.926e+04 3.524e+02 4.118e+02
|        ( - -1.795e+04 1 0)
|        ( QUESTION2_17_L -1 -7.096e+04 2.122e+02 3.283e+02
|            ( QUESTION20 1 -4.737e+04 1.397e+02 2.184e+02
|                ( - -3.429e+04 1 0)
|                ( - -1.294e+04 1 0))
|            ( - -2.338e+04 1 0)))
|    ( QUESTION20 1 -8.798e+04 4.617e+02 4.048e+02
|        ( - 2.425e+02 1 0)
|        ( QUESTION0_14_R 1 -8.777e+04 3.738e+02 4.038e+02
|            ( - -2.543e+04 2 0)
|            ( - -6.196e+04 4 0))))
s>    ( WDBNDRY_B 0 -1.776e+05 4.008e+02 8.166e+02
s>        ( QUESTION0_14_R 1 -8.926e+04 3.524e+02 4.118e+02
s>            ( - -1.795e+04 1 0)
s>            ( QUESTION2_17_L -1 -7.096e+04 2.122e+02 3.283e+02
s>                ( QUESTION20 1 -4.737e+04 1.397e+02 2.184e+02
s>                    ( - -3.429e+04 1 0)
s>                    ( - -1.294e+04 1 0))
s>                ( - -2.338e+04 1 0)))
s>        ( QUESTION20 1 -8.798e+04 4.617e+02 4.048e+02
s>            ( - 2.425e+02 1 0)
s>            ( QUESTION0_14_R 1 -8.777e+04 3.738e+02 4.038e+02
s>                ( - -2.543e+04 2 0)
s>                ( - -6.196e+04 4 0))))INFO: dtree.c(1315): Comp split 20
INFO: dtree.c(1439): stop. leaf nodes are specific
INFO: dtree.c(1478): Final simple tree
|( QUESTION0_14_R 1 -1.299e+05 2.670e+02 6.000e+02
|    ( - -1.234e+05 4 0)
|    ( - -6.224e+03 2 0))
s>    ( QUESTION0_14_R 1 -1.299e+05 2.670e+02 6.000e+02
s>        ( - -1.234e+05 4 0)
s>        ( - -6.224e+03 2 0))INFO: dtree.c(1315): Comp split 21
INFO: dtree.c(1439): stop. leaf nodes are specific
INFO: dtree.c(1478): Final simple tree
|( WDBNDRY_B 0 -9.201e+04 2.604e+02 4.431e+02
|    ( - -7.222e+04 1 0)
|    ( QUESTION14 -1 -1.953e+04 2.862e+02 9.590e+01
|        ( - -4.984e+03 1 0)
|        ( - -1.426e+04 1 0)))
s>    ( WDBNDRY_B 0 -9.201e+04 2.604e+02 4.431e+02
s>        ( - -7.222e+04 1 0)
s>        ( QUESTION14 -1 -1.953e+04 2.862e+02 9.590e+01
s>            ( - -4.984e+03 1 0)
s>            ( - -1.426e+04 1 0)))INFO: dtree.c(1439): stop. leaf nodes are specific
INFO: dtree.c(1478): Final simple tree
|( WDBNDRY_E 0 -1.135e+05 1.645e+02 5.457e+02
|    ( - -2.952e+02 1 0)
|    ( QUESTION20 -1 -1.130e+05 1.262e+02 5.437e+02
|        ( - -7.409e+02 1 0)
|        ( - -1.121e+05 1 0)))
s>    ( WDBNDRY_E 0 -1.135e+05 1.645e+02 5.457e+02
s>        ( - -2.952e+02 1 0)
s>        ( QUESTION20 -1 -1.130e+05 1.262e+02 5.437e+02
s>            ( - -7.409e+02 1 0)
s>            ( - -1.121e+05 1 0)))INFO: dtree.c(1315): Comp split 22
INFO: dtree.c(1439): stop. leaf nodes are specific
INFO: dtree.c(1478): Final simple tree
|( WDBNDRY_B 0 -1.632e+05 4.455e+02 7.630e+02
|    ( - 1.968e+02 1 0)
|    ( QUESTION20 1 -1.629e+05 4.166e+02 7.620e+02
|        ( - -1.532e+05 4 0)
|        ( - -9.306e+03 1 0)))
s>    ( WDBNDRY_B 0 -1.632e+05 4.455e+02 7.630e+02
s>        ( - 1.968e+02 1 0)
s>        ( QUESTION20 1 -1.629e+05 4.166e+02 7.620e+02
s>            ( - -1.532e+05 4 0)
s>            ( - -9.306e+03 1 0)))INFO: dtree.c(1439): stop. leaf nodes are specific
INFO: dtree.c(1478): Final simple tree
|( QUESTION20 1 -1.633e+05 2.331e+02 7.541e+02
|    ( QUESTION2_0_L -1 -4.028e+04 1.333e+02 1.856e+02
|        ( - -7.333e+02 1 0)
|        ( - -3.942e+04 4 0))
|    ( - -1.228e+05 4 0))
s>    ( QUESTION20 1 -1.633e+05 2.331e+02 7.541e+02
s>        ( QUESTION2_0_L -1 -4.028e+04 1.333e+02 1.856e+02
s>            ( - -7.333e+02 1 0)
s>            ( - -3.942e+04 4 0))
s>        ( - -1.228e+05 4 0))INFO: dtree.c(1315): Comp split 23
INFO: dtree.c(1439): stop. leaf nodes are specific
INFO: dtree.c(1478): Final simple tree
|( QUESTION0_14_R 1 -5.573e+04 3.932e+02 2.745e+02
|    ( - -2.694e+04 1 0)
|    ( - -2.840e+04 1 0))
s>    ( QUESTION0_14_R 1 -5.573e+04 3.932e+02 2.745e+02
s>        ( - -2.694e+04 1 0)
s>        ( - -2.840e+04 1 0))INFO: dtree.c(1315): Comp split 24
INFO: dtree.c(1315): Comp split 25
INFO: dtree.c(1439): stop. leaf nodes are specific
INFO: dtree.c(1478): Final simple tree
|( QUESTION16 1 -1.152e+05 3.362e+02 5.312e+02
|    ( - -1.795e+04 1 0)
|    ( QUESTION0_14_R 1 -9.690e+04 2.896e+02 4.476e+02
|        ( - -2.543e+04 2 0)
|        ( WDBNDRY_B 0 -7.118e+04 4.640e+02 3.293e+02
|            ( QUESTION2_17_L -1 -7.096e+04 2.122e+02 3.283e+02
|                ( QUESTION20 1 -4.737e+04 1.397e+02 2.184e+02
|                    ( - -3.429e+04 1 0)
|                    ( - -1.294e+04 1 0))
|                ( - -2.338e+04 1 0))
|            ( - 2.425e+02 1 0))))
s>    ( QUESTION16 1 -1.152e+05 3.362e+02 5.312e+02
s>        ( - -1.795e+04 1 0)
s>        ( QUESTION0_14_R 1 -9.690e+04 2.896e+02 4.476e+02
s>            ( - -2.543e+04 2 0)
s>            ( WDBNDRY_B 0 -7.118e+04 4.640e+02 3.293e+02
s>                ( QUESTION2_17_L -1 -7.096e+04 2.122e+02 3.283e+02
s>                    ( QUESTION20 1 -4.737e+04 1.397e+02 2.184e+02
s>                        ( - -3.429e+04 1 0)
s>                        ( - -1.294e+04 1 0))
s>                    ( - -2.338e+04 1 0))
s>                ( - 2.425e+02 1 0))))INFO: dtree.c(1315): Comp split 26
INFO: dtree.c(1439): stop. leaf nodes are specific
INFO: dtree.c(1478): Final simple tree
|( QUESTION20 1 -7.213e+04 1.966e+02 3.350e+02
|    ( WDBNDRY_B 0 -6.051e+03 1.657e+02 2.797e+01
|        ( - -7.155e+02 1 0)
|        ( - -5.169e+03 1 0))
|    ( - -6.588e+04 1 0))
s>    ( QUESTION20 1 -7.213e+04 1.966e+02 3.350e+02
s>        ( WDBNDRY_B 0 -6.051e+03 1.657e+02 2.797e+01
s>            ( - -7.155e+02 1 0)
s>            ( - -5.169e+03 1 0))
s>        ( - -6.588e+04 1 0))INFO: dtree.c(1315): Comp split 27
INFO: dtree.c(1439): stop. leaf nodes are specific
INFO: dtree.c(1478): Final simple tree
|( QUESTION2_0_L -1 -7.761e+04 2.123e+02 3.588e+02
|    ( QUESTION20 1 -6.759e+04 1.465e+02 3.146e+02
|        ( - -1.184e+03 1 0)
|        ( - -6.626e+04 1 0))
|    ( QUESTION20 1 -9.808e+03 1.851e+02 4.420e+01
|        ( - -3.388e+03 1 0)
|        ( - -6.235e+03 1 0)))
s>    ( QUESTION2_0_L -1 -7.761e+04 2.123e+02 3.588e+02
s>        ( QUESTION20 1 -6.759e+04 1.465e+02 3.146e+02
s>            ( - -1.184e+03 1 0)
s>            ( - -6.626e+04 1 0))
s>        ( QUESTION20 1 -9.808e+03 1.851e+02 4.420e+01
s>            ( - -3.388e+03 1 0)
s>            ( - -6.235e+03 1 0)))INFO: dtree.c(1439): stop. leaf nodes are specific
INFO: dtree.c(1478): Final simple tree
|( WDBNDRY_E 0 -4.016e+04 2.618e+02 1.880e+02
|    ( - -2.493e+03 1 0)
|    ( - -3.740e+04 2 0))
s>    ( WDBNDRY_E 0 -4.016e+04 2.618e+02 1.880e+02
s>        ( - -2.493e+03 1 0)
s>        ( - -3.740e+04 2 0))INFO: dtree.c(1315): Comp split 28
INFO: dtree.c(1439): stop. leaf nodes are specific
INFO: dtree.c(1478): Final simple tree
|( QUESTION16 1 -1.150e+05 3.376e+02 5.302e+02
|    ( - -1.795e+04 1 0)
|    ( WDBNDRY_B 0 -9.668e+04 2.903e+02 4.466e+02
|        ( QUESTION2_17_L -1 -7.096e+04 2.122e+02 3.283e+02
|            ( QUESTION20 1 -4.737e+04 1.397e+02 2.184e+02
|                ( - -3.429e+04 1 0)
|                ( - -1.294e+04 1 0))
|            ( - -2.338e+04 1 0))
|        ( - -2.543e+04 2 0)))
s>    ( QUESTION16 1 -1.150e+05 3.376e+02 5.302e+02
s>        ( - -1.795e+04 1 0)
s>        ( WDBNDRY_B 0 -9.668e+04 2.903e+02 4.466e+02
s>            ( QUESTION2_17_L -1 -7.096e+04 2.122e+02 3.283e+02
s>                ( QUESTION20 1 -4.737e+04 1.397e+02 2.184e+02
s>                    ( - -3.429e+04 1 0)
s>                    ( - -1.294e+04 1 0))
s>                ( - -2.338e+04 1 0))
s>            ( - -2.543e+04 2 0)))INFO: dtree.c(1315): Comp split 29
INFO: dtree.c(1439): stop. leaf nodes are specific
INFO: dtree.c(1478): Final simple tree
|( QUESTION20 1 -1.629e+05 4.166e+02 7.620e+02
|    ( - -1.532e+05 4 0)
|    ( - -9.306e+03 1 0))
s>    ( QUESTION20 1 -1.629e+05 4.166e+02 7.620e+02
s>        ( - -1.532e+05 4 0)
s>        ( - -9.306e+03 1 0))INFO: dtree.c(1315): Comp split 30
INFO: dtree.c(1439): stop. leaf nodes are specific
INFO: dtree.c(1478): Final simple tree
|( WDBNDRY_B 0 -6.918e+04 2.879e+02 3.231e+02
|    ( - -6.065e+04 3 0)
|    ( - -8.246e+03 1 0))
s>    ( WDBNDRY_B 0 -6.918e+04 2.879e+02 3.231e+02
s>        ( - -6.065e+04 3 0)
s>        ( - -8.246e+03 1 0))INFO: dtree.c(1478): Final simple tree
|( QUESTION4 -1 -1.606e+05 3.695e+02 7.284e+02
|    ( QUESTION20 1 -3.681e+04 2.480e+02 1.709e+02
|        ( - -3.236e+03 1 0)
|        ( - -3.332e+04 7 0 QUESTION0_14_R 1 1.804e+02 1.550e+02))
|    ( QUESTION7 -1 -1.234e+05 2.703e+02 5.576e+02
|        ( - -2.192e+04 1 0)
|        ( QUESTION12 -1 -1.012e+05 2.340e+02 4.581e+02
|            ( QUESTION20 1 -3.278e+04 2.459e+02 1.509e+02
|                ( - -1.678e+04 4 0 QUESTION2_1_L -1 1.829e+02 7.778e+01)
|                ( - -1.575e+04 1 0))
|            ( QUESTION0_14_R 1 -6.821e+04 2.322e+02 3.072e+02
|                ( - -4.099e+03 2 0 QUESTION1 -1 1.840e+02 1.900e+01)
|                ( QUESTION20 1 -6.388e+04 2.236e+02 2.882e+02
|                    ( - -4.487e+04 4 0 WDBNDRY_B 0 1.647e+02 2.019e+02)
|                    ( - -1.879e+04 3 0 QUESTION1 -1 3.045e+02 8.629e+01))))))
s>    ( QUESTION4 -1 -1.606e+05 3.695e+02 7.284e+02
s>        ( QUESTION20 1 -3.681e+04 2.480e+02 1.709e+02
s>            ( - -3.236e+03 1 0)
s>            ( - -3.332e+04 7 0 QUESTION0_14_R 1 1.804e+02 1.550e+02))
s>        ( QUESTION7 -1 -1.234e+05 2.703e+02 5.576e+02
s>            ( - -2.192e+04 1 0)
s>            ( QUESTION12 -1 -1.012e+05 2.340e+02 4.581e+02
s>                ( QUESTION20 1 -3.278e+04 2.459e+02 1.509e+02
s>                    ( - -1.678e+04 4 0 QUESTION2_1_L -1 1.829e+02 7.778e+01)
s>                    ( - -1.575e+04 1 0))
s>                ( QUESTION0_14_R 1 -6.821e+04 2.322e+02 3.072e+02
s>                    ( - -4.099e+03 2 0 QUESTION1 -1 1.840e+02 1.900e+01)
s>                    ( QUESTION20 1 -6.388e+04 2.236e+02 2.882e+02
s>                        ( - -4.487e+04 4 0 WDBNDRY_B 0 1.647e+02 2.019e+02)
s>                        ( - -1.879e+04 3 0 QUESTION1 -1 3.045e+02 8.629e+01))))))INFO: dtree.c(1315): Comp split 31
INFO: dtree.c(1439): stop. leaf nodes are specific
INFO: dtree.c(1478): Final simple tree
|( QUESTION0_14_R 1 -3.008e+04 1.862e+02 1.384e+02
|    ( - -7.419e+02 1 0)
|    ( QUESTION20 1 -2.916e+04 1.590e+02 1.344e+02
|        ( - -2.319e+04 1 0)
|        ( WDBNDRY_B 0 -5.803e+03 1.684e+02 2.648e+01
|            ( - -5.321e+03 1 0)
|            ( - -3.127e+02 1 0))))
s>    ( QUESTION0_14_R 1 -3.008e+04 1.862e+02 1.384e+02
s>        ( - -7.419e+02 1 0)
s>        ( QUESTION20 1 -2.916e+04 1.590e+02 1.344e+02
s>            ( - -2.319e+04 1 0)
s>            ( WDBNDRY_B 0 -5.803e+03 1.684e+02 2.648e+01
s>                ( - -5.321e+03 1 0)
s>                ( - -3.127e+02 1 0))))INFO: dtree.c(1439): stop. leaf nodes are specific
INFO: dtree.c(1478): Final simple tree
|( QUESTION20 1 -4.631e+04 2.566e+02 2.190e+02
|    ( - -2.800e+04 1 0)
|    ( - -1.805e+04 1 0))
s>    ( QUESTION20 1 -4.631e+04 2.566e+02 2.190e+02
s>        ( - -2.800e+04 1 0)
s>        ( - -1.805e+04 1 0))INFO: dtree.c(1315): Comp split 32
INFO: dtree.c(1315): Comp split 33
INFO: dtree.c(1315): Comp split 34
INFO: dtree.c(1315): Comp split 35
INFO: dtree.c(1315): Comp split 36
INFO: dtree.c(1478): Final simple tree
|( QUESTION1 -1 -5.388e+04 2.855e+02 2.486e+02
|    ( QUESTION20 1 -3.681e+04 2.480e+02 1.709e+02
|        ( - -3.236e+03 1 0)
|        ( QUESTION0_14_R 1 -3.332e+04 1.804e+02 1.550e+02
|            ( - -2.567e+02 1 0)
|            ( WDBNDRY_I 0 -3.289e+04 1.703e+02 1.530e+02
|                ( - -2.479e+03 1 0)
|                ( QUESTION0_2_R 1 -3.024e+04 1.193e+02 1.410e+02
|                    ( - -7.906e+02 1 0)
|                    ( WDBNDRY_B 0 -2.933e+04 1.056e+02 1.370e+02
|                        ( - -2.735e+04 1 0)
|                        ( - -1.867e+03 3 0 QUESTION0_0_R 1 1.913e+02 9.000e+00))))))
|    ( QUESTION2_1_L -1 -1.678e+04 1.829e+02 7.778e+01
|        ( - -3.115e+03 1 0)
|        ( - -1.349e+04 3 0)))
s>    ( QUESTION1 -1 -5.388e+04 2.855e+02 2.486e+02
s>        ( QUESTION20 1 -3.681e+04 2.480e+02 1.709e+02
s>            ( - -3.236e+03 1 0)
s>            ( QUESTION0_14_R 1 -3.332e+04 1.804e+02 1.550e+02
s>                ( - -2.567e+02 1 0)
s>                ( WDBNDRY_I 0 -3.289e+04 1.703e+02 1.530e+02
s>                    ( - -2.479e+03 1 0)
s>                    ( QUESTION0_2_R 1 -3.024e+04 1.193e+02 1.410e+02
s>                        ( - -7.906e+02 1 0)
s>                        ( WDBNDRY_B 0 -2.933e+04 1.056e+02 1.370e+02
s>                            ( - -2.735e+04 1 0)
s>                            ( - -1.867e+03 3 0 QUESTION0_0_R 1 1.913e+02 9.000e+00))))))
s>        ( QUESTION2_1_L -1 -1.678e+04 1.829e+02 7.778e+01
s>            ( - -3.115e+03 1 0)
s>            ( - -1.349e+04 3 0)))INFO: dtree.c(1478): Final simple tree
|( QUESTION7 -1 -1.063e+05 2.570e+02 4.798e+02
|    ( - -2.192e+04 1 0)
|    ( QUESTION0_14_R 1 -8.415e+04 2.332e+02 3.803e+02
|        ( QUESTION1 -1 -4.099e+03 1.840e+02 1.900e+01
|            ( - -1.147e+03 1 0)
|            ( - -2.767e+03 1 0))
|        ( QUESTION1 -1 -7.982e+04 2.201e+02 3.613e+02
|            ( - -2.458e+04 4 0 WDBNDRY_B 0 1.486e+02 1.126e+02)
|            ( QUESTION20 1 -5.502e+04 2.307e+02 2.487e+02
|                ( QUESTION2_0_L -1 -3.590e+04 1.620e+02 1.616e+02
|                    ( - -3.540e+04 1 0)
|                    ( - -3.388e+02 1 0))
|                ( WDBNDRY_B 0 -1.889e+04 2.764e+02 8.715e+01
|                    ( - -1.575e+04 1 0)
|                    ( - -2.860e+03 1 0))))))
s>    ( QUESTION7 -1 -1.063e+05 2.570e+02 4.798e+02
s>        ( - -2.192e+04 1 0)
s>        ( QUESTION0_14_R 1 -8.415e+04 2.332e+02 3.803e+02
s>            ( QUESTION1 -1 -4.099e+03 1.840e+02 1.900e+01
s>                ( - -1.147e+03 1 0)
s>                ( - -2.767e+03 1 0))
s>            ( QUESTION1 -1 -7.982e+04 2.201e+02 3.613e+02
s>                ( - -2.458e+04 4 0 WDBNDRY_B 0 1.486e+02 1.126e+02)
s>                ( QUESTION20 1 -5.502e+04 2.307e+02 2.487e+02
s>                    ( QUESTION2_0_L -1 -3.590e+04 1.620e+02 1.616e+02
s>                        ( - -3.540e+04 1 0)
s>                        ( - -3.388e+02 1 0))
s>                    ( WDBNDRY_B 0 -1.889e+04 2.764e+02 8.715e+01
s>                        ( - -1.575e+04 1 0)
s>                        ( - -2.860e+03 1 0))))))INFO: dtree.c(1315): Comp split 37
INFO: dtree.c(1439): stop. leaf nodes are specific
INFO: dtree.c(1478): Final simple tree
|( WDBNDRY_E 0 -8.842e+03 2.202e+02 4.190e+01
|    ( QUESTION0_2_R 1 -2.491e+03 1.623e+02 1.300e+01
|        ( - -1.049e+03 1 0)
|        ( - -1.280e+03 1 0))
|    ( - -6.130e+03 1 0))
s>    ( WDBNDRY_E 0 -8.842e+03 2.202e+02 4.190e+01
s>        ( QUESTION0_2_R 1 -2.491e+03 1.623e+02 1.300e+01
s>            ( - -1.049e+03 1 0)
s>            ( - -1.280e+03 1 0))
s>        ( - -6.130e+03 1 0))INFO: dtree.c(1439): stop. leaf nodes are specific
INFO: dtree.c(1478): Final simple tree
|( WDBNDRY_B 0 -4.451e+05 2.019e+02 2.063e+03
|    ( - -4.277e+05 2 0)
|    ( - -1.715e+04 2 0))
s>    ( WDBNDRY_B 0 -4.451e+05 2.019e+02 2.063e+03
s>        ( - -4.277e+05 2 0)
s>        ( - -1.715e+04 2 0))INFO: dtree.c(1315): Comp split 38
INFO: dtree.c(1478): Final simple tree
|( QUESTION7 -1 -1.031e+05 2.473e+02 4.658e+02
|    ( - -2.192e+04 1 0)
|    ( QUESTION0_14_R 1 -8.096e+04 2.330e+02 3.663e+02
|        ( QUESTION1 -1 -4.099e+03 1.840e+02 1.900e+01
|            ( - -1.147e+03 1 0)
|            ( - -2.767e+03 1 0))
|        ( QUESTION1 -1 -7.663e+04 2.168e+02 3.473e+02
|            ( WDBNDRY_B 0 -2.458e+04 1.486e+02 1.126e+02
|                ( - -1.745e+04 2 0 QUESTION20 1 1.559e+02 8.130e+01)
|                ( - -6.982e+03 2 0 QUESTION20 1 1.687e+02 3.130e+01))
|            ( WDBNDRY_B 0 -5.183e+04 1.782e+02 2.347e+02
|                ( - -1.575e+04 1 0)
|                ( QUESTION2_0_L -1 -3.590e+04 1.620e+02 1.616e+02
|                    ( - -3.540e+04 1 0)
|                    ( - -3.388e+02 1 0))))))
s>    ( QUESTION7 -1 -1.031e+05 2.473e+02 4.658e+02
s>        ( - -2.192e+04 1 0)
s>        ( QUESTION0_14_R 1 -8.096e+04 2.330e+02 3.663e+02
s>            ( QUESTION1 -1 -4.099e+03 1.840e+02 1.900e+01
s>                ( - -1.147e+03 1 0)
s>                ( - -2.767e+03 1 0))
s>            ( QUESTION1 -1 -7.663e+04 2.168e+02 3.473e+02
s>                ( WDBNDRY_B 0 -2.458e+04 1.486e+02 1.126e+02
s>                    ( - -1.745e+04 2 0 QUESTION20 1 1.559e+02 8.130e+01)
s>                    ( - -6.982e+03 2 0 QUESTION20 1 1.687e+02 3.130e+01))
s>                ( WDBNDRY_B 0 -5.183e+04 1.782e+02 2.347e+02
s>                    ( - -1.575e+04 1 0)
s>                    ( QUESTION2_0_L -1 -3.590e+04 1.620e+02 1.616e+02
s>                        ( - -3.540e+04 1 0)
s>                        ( - -3.388e+02 1 0))))))INFO: dtree.c(1315): Comp split 39
INFO: dtree.c(1439): stop. leaf nodes are specific
INFO: dtree.c(1478): Final simple tree
|( WDBNDRY_B 0 -9.668e+04 2.903e+02 4.466e+02
|    ( QUESTION2_17_L -1 -7.096e+04 2.122e+02 3.283e+02
|        ( QUESTION20 1 -4.737e+04 1.397e+02 2.184e+02
|            ( - -3.429e+04 1 0)
|            ( - -1.294e+04 1 0))
|        ( - -2.338e+04 1 0))
|    ( - -2.543e+04 2 0))
s>    ( WDBNDRY_B 0 -9.668e+04 2.903e+02 4.466e+02
s>        ( QUESTION2_17_L -1 -7.096e+04 2.122e+02 3.283e+02
s>            ( QUESTION20 1 -4.737e+04 1.397e+02 2.184e+02
s>                ( - -3.429e+04 1 0)
s>                ( - -1.294e+04 1 0))
s>            ( - -2.338e+04 1 0))
s>        ( - -2.543e+04 2 0))INFO: dtree.c(1315): Comp split 40
INFO: dtree.c(1478): Final simple tree
|( QUESTION6 1 -2.025e+04 2.217e+02 9.613e+01
|    ( - -2.195e+02 1 0)
|    ( QUESTION0_13_R 1 -1.980e+04 2.207e+02 9.413e+01
|        ( - -6.585e+02 1 0)
|        ( QUESTION11 1 -1.893e+04 2.174e+02 9.013e+01
|            ( - -1.070e+03 1 0)
|            ( QUESTION0_3_R 1 -1.764e+04 2.182e+02 8.413e+01
|                ( - -1.650e+03 1 0)
|                ( QUESTION0 1 -1.577e+04 1.983e+02 7.513e+01
|                    ( QUESTION0_1_R 1 -1.164e+04 1.636e+02 5.571e+01
|                        ( - -9.662e+03 3 0)
|                        ( - -1.811e+03 1 0))
|                    ( SILENCE 1 -3.935e+03 1.374e+02 1.942e+01
|                        ( - -4.768e+02 1 0)
|                        ( - -3.321e+03 1 0)))))))
s>    ( QUESTION6 1 -2.025e+04 2.217e+02 9.613e+01
s>        ( - -2.195e+02 1 0)
s>        ( QUESTION0_13_R 1 -1.980e+04 2.207e+02 9.413e+01
s>            ( - -6.585e+02 1 0)
s>            ( QUESTION11 1 -1.893e+04 2.174e+02 9.013e+01
s>                ( - -1.070e+03 1 0)
s>                ( QUESTION0_3_R 1 -1.764e+04 2.182e+02 8.413e+01
s>                    ( - -1.650e+03 1 0)
s>                    ( QUESTION0 1 -1.577e+04 1.983e+02 7.513e+01
s>                        ( QUESTION0_1_R 1 -1.164e+04 1.636e+02 5.571e+01
s>                            ( - -9.662e+03 3 0)
s>                            ( - -1.811e+03 1 0))
s>                        ( SILENCE 1 -3.935e+03 1.374e+02 1.942e+01
s>                            ( - -4.768e+02 1 0)
s>                            ( - -3.321e+03 1 0)))))))INFO: dtree.c(1439): stop. leaf nodes are specific
INFO: dtree.c(1478): Final simple tree
|( QUESTION0_17_R 1 -1.333e+04 2.605e+02 5.901e+01
|    ( - -1.862e+02 1 0)
|    ( WDBNDRY_B 0 -1.289e+04 2.324e+02 5.701e+01
|        ( - -9.855e+03 1 0)
|        ( - -2.798e+03 1 0)))
s>    ( QUESTION0_17_R 1 -1.333e+04 2.605e+02 5.901e+01
s>        ( - -1.862e+02 1 0)
s>        ( WDBNDRY_B 0 -1.289e+04 2.324e+02 5.701e+01
s>            ( - -9.855e+03 1 0)
s>            ( - -2.798e+03 1 0)))INFO: dtree.c(1315): Comp split 41
INFO: dtree.c(1439): stop. leaf nodes are specific
INFO: dtree.c(1478): Final simple tree
|( QUESTION0_0_R 1 -4.377e+04 2.775e+02 2.008e+02
|    ( QUESTION0_2_R 1 -4.308e+04 2.718e+02 1.978e+02
|        ( - -1.955e+04 1 0)
|        ( - -2.326e+04 1 0))
|    ( - -4.106e+02 1 0))
s>    ( QUESTION0_0_R 1 -4.377e+04 2.775e+02 2.008e+02
s>        ( QUESTION0_2_R 1 -4.308e+04 2.718e+02 1.978e+02
s>            ( - -1.955e+04 1 0)
s>            ( - -2.326e+04 1 0))
s>        ( - -4.106e+02 1 0))INFO: dtree.c(1315): Comp split 42
INFO: dtree.c(1439): stop. leaf nodes are specific
INFO: dtree.c(1478): Final simple tree
|( QUESTION20 1 -6.977e+04 1.271e+02 3.248e+02
|    ( - -3.388e+03 1 0)
|    ( - -6.626e+04 1 0))
s>    ( QUESTION20 1 -6.977e+04 1.271e+02 3.248e+02
s>        ( - -3.388e+03 1 0)
s>        ( - -6.626e+04 1 0))INFO: dtree.c(1439): stop. leaf nodes are specific
INFO: dtree.c(1478): Final simple tree
|( QUESTION20 1 -7.538e+03 1.187e+02 3.400e+01
|    ( - -1.184e+03 1 0)
|    ( - -6.235e+03 1 0))
s>    ( QUESTION20 1 -7.538e+03 1.187e+02 3.400e+01
s>        ( - -1.184e+03 1 0)
s>        ( - -6.235e+03 1 0))INFO: dtree.c(1315): Comp split 43
INFO: dtree.c(1439): stop. leaf nodes are specific
INFO: dtree.c(1478): Final simple tree
|( WDBNDRY_B 0 -3.370e+04 2.180e+02 1.609e+02
|    ( - -2.550e+03 1 0)
|    ( - -3.094e+04 2 0))
s>    ( WDBNDRY_B 0 -3.370e+04 2.180e+02 1.609e+02
s>        ( - -2.550e+03 1 0)
s>        ( - -3.094e+04 2 0))INFO: dtree.c(1315): Comp split 44
INFO: dtree.c(1439): stop. leaf nodes are specific
INFO: dtree.c(1478): Final simple tree
|( WDBNDRY_B 0 -7.745e+04 2.513e+02 3.723e+02
|    ( - -7.222e+04 1 0)
|    ( - -4.984e+03 1 0))
s>    ( WDBNDRY_B 0 -7.745e+04 2.513e+02 3.723e+02
s>        ( - -7.222e+04 1 0)
s>        ( - -4.984e+03 1 0))INFO: dtree.c(1315): Comp split 45
INFO: dtree.c(1439): stop. leaf nodes are specific
INFO: dtree.c(1478): Final simple tree
|( QUESTION2_17_L -1 -7.096e+04 2.122e+02 3.283e+02
|    ( QUESTION20 1 -4.737e+04 1.397e+02 2.184e+02
|        ( - -3.429e+04 1 0)
|        ( - -1.294e+04 1 0))
|    ( - -2.338e+04 1 0))
s>    ( QUESTION2_17_L -1 -7.096e+04 2.122e+02 3.283e+02
s>        ( QUESTION20 1 -4.737e+04 1.397e+02 2.184e+02
s>            ( - -3.429e+04 1 0)
s>            ( - -1.294e+04 1 0))
s>        ( - -2.338e+04 1 0))INFO: dtree.c(1315): Comp split 46
INFO: dtree.c(1439): stop. leaf nodes are specific
INFO: dtree.c(1478): Final simple tree
|( QUESTION1 -1 -7.663e+04 2.168e+02 3.473e+02
|    ( WDBNDRY_B 0 -2.458e+04 1.486e+02 1.126e+02
|        ( QUESTION20 1 -1.745e+04 1.559e+02 8.130e+01
|            ( - -2.380e+03 1 0)
|            ( - -1.491e+04 1 0))
|        ( QUESTION20 1 -6.982e+03 1.687e+02 3.130e+01
|            ( - -6.275e+03 1 0)
|            ( - -5.382e+02 1 0)))
|    ( WDBNDRY_B 0 -5.183e+04 1.782e+02 2.347e+02
|        ( - -1.575e+04 1 0)
|        ( QUESTION2_0_L -1 -3.590e+04 1.620e+02 1.616e+02
|            ( - -3.540e+04 1 0)
|            ( - -3.388e+02 1 0))))
s>    ( QUESTION1 -1 -7.663e+04 2.168e+02 3.473e+02
s>        ( WDBNDRY_B 0 -2.458e+04 1.486e+02 1.126e+02
s>            ( QUESTION20 1 -1.745e+04 1.559e+02 8.130e+01
s>                ( - -2.380e+03 1 0)
s>                ( - -1.491e+04 1 0))
s>            ( QUESTION20 1 -6.982e+03 1.687e+02 3.130e+01
s>                ( - -6.275e+03 1 0)
s>                ( - -5.382e+02 1 0)))
s>        ( WDBNDRY_B 0 -5.183e+04 1.782e+02 2.347e+02
s>            ( - -1.575e+04 1 0)
s>            ( QUESTION2_0_L -1 -3.590e+04 1.620e+02 1.616e+02
s>                ( - -3.540e+04 1 0)
s>                ( - -3.388e+02 1 0))))INFO: dtree.c(1439): stop. leaf nodes are specific
INFO: dtree.c(1478): Final simple tree
|( QUESTION6 -1 -2.620e+04 1.952e+02 1.184e+02
|    ( - -1.147e+03 1 0)
|    ( WDBNDRY_B 0 -2.486e+04 1.793e+02 1.124e+02
|        ( - -2.192e+04 1 0)
|        ( - -2.767e+03 1 0)))
s>    ( QUESTION6 -1 -2.620e+04 1.952e+02 1.184e+02
s>        ( - -1.147e+03 1 0)
s>        ( WDBNDRY_B 0 -2.486e+04 1.793e+02 1.124e+02
s>            ( - -2.192e+04 1 0)
s>            ( - -2.767e+03 1 0)))INFO: dtree.c(1315): Comp split 47
INFO: dtree.c(1315): Comp split 48
INFO: dtree.c(1439): stop. leaf nodes are specific
INFO: dtree.c(1478): Final simple tree
|( QUESTION20 1 -3.681e+04 2.480e+02 1.709e+02
|    ( - -3.236e+03 1 0)
|    ( QUESTION0_14_R 1 -3.332e+04 1.804e+02 1.550e+02
|        ( - -2.567e+02 1 0)
|        ( WDBNDRY_I 0 -3.289e+04 1.703e+02 1.530e+02
|            ( - -2.479e+03 1 0)
|            ( QUESTION0_2_R 1 -3.024e+04 1.193e+02 1.410e+02
|                ( - -7.906e+02 1 0)
|                ( WDBNDRY_B 0 -2.933e+04 1.056e+02 1.370e+02
|                    ( - -2.735e+04 1 0)
|                    ( QUESTION0_0_R 1 -1.867e+03 1.913e+02 9.000e+00
|                        ( - -1.229e+03 2 0)
|                        ( - -4.465e+02 1 0)))))))
s>    ( QUESTION20 1 -3.681e+04 2.480e+02 1.709e+02
s>        ( - -3.236e+03 1 0)
s>        ( QUESTION0_14_R 1 -3.332e+04 1.804e+02 1.550e+02
s>            ( - -2.567e+02 1 0)
s>            ( WDBNDRY_I 0 -3.289e+04 1.703e+02 1.530e+02
s>                ( - -2.479e+03 1 0)
s>                ( QUESTION0_2_R 1 -3.024e+04 1.193e+02 1.410e+02
s>                    ( - -7.906e+02 1 0)
s>                    ( WDBNDRY_B 0 -2.933e+04 1.056e+02 1.370e+02
s>                        ( - -2.735e+04 1 0)
s>                        ( QUESTION0_0_R 1 -1.867e+03 1.913e+02 9.000e+00
s>                            ( - -1.229e+03 2 0)
s>                            ( - -4.465e+02 1 0)))))))INFO: dtree.c(1439): stop. leaf nodes are specific
INFO: dtree.c(1478): Final simple tree
|( QUESTION2_1_L -1 -1.678e+04 1.829e+02 7.778e+01
|    ( - -3.115e+03 1 0)
|    ( - -1.349e+04 3 0))
s>    ( QUESTION2_1_L -1 -1.678e+04 1.829e+02 7.778e+01
s>        ( - -3.115e+03 1 0)
s>        ( - -1.349e+04 3 0))INFO: dtree.c(1315): Comp split 49
INFO: dtree.c(1439): stop. leaf nodes are specific
INFO: dtree.c(1478): Final simple tree
|( QUESTION0_2_R 1 -4.308e+04 2.718e+02 1.978e+02
|    ( - -1.955e+04 1 0)
|    ( - -2.326e+04 1 0))
s>    ( QUESTION0_2_R 1 -4.308e+04 2.718e+02 1.978e+02
s>        ( - -1.955e+04 1 0)
s>        ( - -2.326e+04 1 0))INFO: dtree.c(1315): Comp split 50
INFO: dtree.c(1315): Comp split 51
INFO: dtree.c(1315): Comp split 52
INFO: dtree.c(1315): Comp split 53
INFO: dtree.c(1439): stop. leaf nodes are specific
INFO: dtree.c(1478): Final simple tree
|( WDBNDRY_B 0 -1.289e+04 2.324e+02 5.701e+01
|    ( - -9.855e+03 1 0)
|    ( - -2.798e+03 1 0))
s>    ( WDBNDRY_B 0 -1.289e+04 2.324e+02 5.701e+01
s>        ( - -9.855e+03 1 0)
s>        ( - -2.798e+03 1 0))INFO: dtree.c(1315): Comp split 54
INFO: dtree.c(1315): Comp split 55
INFO: dtree.c(1439): stop. leaf nodes are specific
INFO: dtree.c(1478): Final simple tree
|( QUESTION20 1 -3.660e+05 2.501e+02 1.750e+03
|    ( - -2.831e+05 1 0)
|    ( - -8.267e+04 1 0))
s>    ( QUESTION20 1 -3.660e+05 2.501e+02 1.750e+03
s>        ( - -2.831e+05 1 0)
s>        ( - -8.267e+04 1 0))INFO: dtree.c(1315): Comp split 56
INFO: dtree.c(1315): Comp split 57
INFO: dtree.c(1315): Comp split 58
INFO: dtree.c(1439): stop. leaf nodes are specific
INFO: dtree.c(1478): Final simple tree
|( QUESTION0_14_R 1 -3.332e+04 1.804e+02 1.550e+02
|    ( - -2.567e+02 1 0)
|    ( WDBNDRY_I 0 -3.289e+04 1.703e+02 1.530e+02
|        ( - -2.479e+03 1 0)
|        ( QUESTION0_2_R 1 -3.024e+04 1.193e+02 1.410e+02
|            ( - -7.906e+02 1 0)
|            ( WDBNDRY_B 0 -2.933e+04 1.056e+02 1.370e+02
|                ( - -2.735e+04 1 0)
|                ( QUESTION0_0_R 1 -1.867e+03 1.913e+02 9.000e+00
|                    ( - -1.229e+03 2 0)
|                    ( - -4.465e+02 1 0))))))
s>    ( QUESTION0_14_R 1 -3.332e+04 1.804e+02 1.550e+02
s>        ( - -2.567e+02 1 0)
s>        ( WDBNDRY_I 0 -3.289e+04 1.703e+02 1.530e+02
s>            ( - -2.479e+03 1 0)
s>            ( QUESTION0_2_R 1 -3.024e+04 1.193e+02 1.410e+02
s>                ( - -7.906e+02 1 0)
s>                ( WDBNDRY_B 0 -2.933e+04 1.056e+02 1.370e+02
s>                    ( - -2.735e+04 1 0)
s>                    ( QUESTION0_0_R 1 -1.867e+03 1.913e+02 9.000e+00
s>                        ( - -1.229e+03 2 0)
s>                        ( - -4.465e+02 1 0))))))INFO: dtree.c(1315): Comp split 59
INFO: dtree.c(1439): stop. leaf nodes are specific
INFO: dtree.c(1478): Final simple tree
|( QUESTION16 -1 -2.453e+05 2.383e+02 1.165e+03
|    ( WDBNDRY_B 0 -2.335e+05 1.432e+02 1.111e+03
|        ( - -2.325e+05 2 0)
|        ( - -9.078e+02 1 0))
|    ( - -1.154e+04 1 0))
s>    ( QUESTION16 -1 -2.453e+05 2.383e+02 1.165e+03
s>        ( WDBNDRY_B 0 -2.335e+05 1.432e+02 1.111e+03
s>            ( - -2.325e+05 2 0)
s>            ( - -9.078e+02 1 0))
s>        ( - -1.154e+04 1 0))INFO: dtree.c(1315): Comp split 60
INFO: dtree.c(1315): Comp split 61
INFO: dtree.c(1439): stop. leaf nodes are specific
INFO: dtree.c(1478): Final simple tree
|( WDBNDRY_B 0 -2.335e+05 1.432e+02 1.111e+03
|    ( - -2.325e+05 2 0)
|    ( - -9.078e+02 1 0))
s>    ( WDBNDRY_B 0 -2.335e+05 1.432e+02 1.111e+03
s>        ( - -2.325e+05 2 0)
s>        ( - -9.078e+02 1 0))INFO: dtree.c(1315): Comp split 62
INFO: dtree.c(1439): stop. leaf nodes are specific
INFO: dtree.c(1478): Final simple tree
|( QUESTION2_0_L -1 -4.028e+04 1.333e+02 1.856e+02
|    ( - -7.333e+02 1 0)
|    ( - -3.942e+04 4 0))
s>    ( QUESTION2_0_L -1 -4.028e+04 1.333e+02 1.856e+02
s>        ( - -7.333e+02 1 0)
s>        ( - -3.942e+04 4 0))INFO: dtree.c(1315): Comp split 63
INFO: dtree.c(1315): Comp split 64
INFO: dtree.c(1439): stop. leaf nodes are specific
INFO: dtree.c(1478): Final simple tree
|( QUESTION6 1 -1.621e+04 2.253e+02 7.713e+01
|    ( - -2.195e+02 1 0)
|    ( QUESTION0 1 -1.577e+04 1.983e+02 7.513e+01
|        ( QUESTION0_1_R 1 -1.164e+04 1.636e+02 5.571e+01
|            ( - -9.662e+03 3 0)
|            ( - -1.811e+03 1 0))
|        ( SILENCE 1 -3.935e+03 1.374e+02 1.942e+01
|            ( - -4.768e+02 1 0)
|            ( - -3.321e+03 1 0))))
s>    ( QUESTION6 1 -1.621e+04 2.253e+02 7.713e+01
s>        ( - -2.195e+02 1 0)
s>        ( QUESTION0 1 -1.577e+04 1.983e+02 7.513e+01
s>            ( QUESTION0_1_R 1 -1.164e+04 1.636e+02 5.571e+01
s>                ( - -9.662e+03 3 0)
s>                ( - -1.811e+03 1 0))
s>            ( SILENCE 1 -3.935e+03 1.374e+02 1.942e+01
s>                ( - -4.768e+02 1 0)
s>                ( - -3.321e+03 1 0))))INFO: dtree.c(1439): stop. leaf nodes are specific
INFO: dtree.c(1478): Final simple tree
|( QUESTION0_0_R 1 -3.801e+03 2.122e+02 1.900e+01
|    ( QUESTION0_2_R 1 -2.930e+03 2.102e+02 1.500e+01
|        ( - -1.070e+03 1 0)
|        ( - -1.650e+03 1 0))
|    ( - -6.585e+02 1 0))
s>    ( QUESTION0_0_R 1 -3.801e+03 2.122e+02 1.900e+01
s>        ( QUESTION0_2_R 1 -2.930e+03 2.102e+02 1.500e+01
s>            ( - -1.070e+03 1 0)
s>            ( - -1.650e+03 1 0))
s>        ( - -6.585e+02 1 0))INFO: dtree.c(1315): Comp split 65
INFO: dtree.c(1315): Comp split 66
INFO: dtree.c(1439): stop. leaf nodes are specific
INFO: dtree.c(1478): Final simple tree
|( QUESTION0 1 -1.577e+04 1.983e+02 7.513e+01
|    ( QUESTION0_1_R 1 -1.164e+04 1.636e+02 5.571e+01
|        ( - -9.662e+03 3 0)
|        ( - -1.811e+03 1 0))
|    ( SILENCE 1 -3.935e+03 1.374e+02 1.942e+01
|        ( - -4.768e+02 1 0)
|        ( - -3.321e+03 1 0)))
s>    ( QUESTION0 1 -1.577e+04 1.983e+02 7.513e+01
s>        ( QUESTION0_1_R 1 -1.164e+04 1.636e+02 5.571e+01
s>            ( - -9.662e+03 3 0)
s>            ( - -1.811e+03 1 0))
s>        ( SILENCE 1 -3.935e+03 1.374e+02 1.942e+01
s>            ( - -4.768e+02 1 0)
s>            ( - -3.321e+03 1 0)))INFO: dtree.c(1315): Comp split 67
INFO: dtree.c(1439): stop. leaf nodes are specific
INFO: dtree.c(1478): Final simple tree
|( WDBNDRY_B 0 -5.254e+04 1.806e+02 2.377e+02
|    ( - -1.575e+04 1 0)
|    ( QUESTION1 -1 -3.661e+04 1.635e+02 1.646e+02
|        ( - -5.382e+02 1 0)
|        ( QUESTION2_0_L -1 -3.590e+04 1.620e+02 1.616e+02
|            ( - -3.540e+04 1 0)
|            ( - -3.388e+02 1 0))))
s>    ( WDBNDRY_B 0 -5.254e+04 1.806e+02 2.377e+02
s>        ( - -1.575e+04 1 0)
s>        ( QUESTION1 -1 -3.661e+04 1.635e+02 1.646e+02
s>            ( - -5.382e+02 1 0)
s>            ( QUESTION2_0_L -1 -3.590e+04 1.620e+02 1.616e+02
s>                ( - -3.540e+04 1 0)
s>                ( - -3.388e+02 1 0))))INFO: dtree.c(1439): stop. leaf nodes are specific
INFO: dtree.c(1478): Final simple tree
|( WDBNDRY_B 0 -2.387e+04 1.446e+02 1.096e+02
|    ( QUESTION20 1 -1.745e+04 1.559e+02 8.130e+01
|        ( - -2.380e+03 1 0)
|        ( - -1.491e+04 1 0))
|    ( - -6.275e+03 1 0))
s>    ( WDBNDRY_B 0 -2.387e+04 1.446e+02 1.096e+02
s>        ( QUESTION20 1 -1.745e+04 1.559e+02 8.130e+01
s>            ( - -2.380e+03 1 0)
s>            ( - -1.491e+04 1 0))
s>        ( - -6.275e+03 1 0))INFO: dtree.c(1315): Comp split 68
INFO: dtree.c(1439): stop. leaf nodes are specific
INFO: dtree.c(1478): Final simple tree
|( QUESTION0_2_R 1 -2.491e+03 1.623e+02 1.300e+01
|    ( - -1.049e+03 1 0)
|    ( - -1.280e+03 1 0))
s>    ( QUESTION0_2_R 1 -2.491e+03 1.623e+02 1.300e+01
s>        ( - -1.049e+03 1 0)
s>        ( - -1.280e+03 1 0))INFO: dtree.c(1315): Comp split 69
INFO: dtree.c(1315): Comp split 70
INFO: dtree.c(1439): stop. leaf nodes are specific
INFO: dtree.c(1478): Final simple tree
|( QUESTION0_2_R 1 -2.930e+03 2.102e+02 1.500e+01
|    ( - -1.070e+03 1 0)
|    ( - -1.650e+03 1 0))
s>    ( QUESTION0_2_R 1 -2.930e+03 2.102e+02 1.500e+01
s>        ( - -1.070e+03 1 0)
s>        ( - -1.650e+03 1 0))INFO: dtree.c(1315): Comp split 71
INFO: dtree.c(1439): stop. leaf nodes are specific
INFO: dtree.c(1478): Final simple tree
|( QUESTION20 1 -4.737e+04 1.397e+02 2.184e+02
|    ( - -3.429e+04 1 0)
|    ( - -1.294e+04 1 0))
s>    ( QUESTION20 1 -4.737e+04 1.397e+02 2.184e+02
s>        ( - -3.429e+04 1 0)
s>        ( - -1.294e+04 1 0))INFO: dtree.c(1315): Comp split 72
INFO: dtree.c(1315): Comp split 73
INFO: dtree.c(1315): Comp split 74
INFO: dtree.c(1439): stop. leaf nodes are specific
INFO: dtree.c(1478): Final simple tree
|( WDBNDRY_B 0 -6.676e+04 1.626e+02 3.111e+02
|    ( - -7.155e+02 1 0)
|    ( - -6.588e+04 1 0))
s>    ( WDBNDRY_B 0 -6.676e+04 1.626e+02 3.111e+02
s>        ( - -7.155e+02 1 0)
s>        ( - -6.588e+04 1 0))INFO: dtree.c(1315): Comp split 75
INFO: dtree.c(1439): stop. leaf nodes are specific
INFO: dtree.c(1478): Final simple tree
|( SILENCE 1 -3.935e+03 1.374e+02 1.942e+01
|    ( - -4.768e+02 1 0)
|    ( - -3.321e+03 1 0))
s>    ( SILENCE 1 -3.935e+03 1.374e+02 1.942e+01
s>        ( - -4.768e+02 1 0)
s>        ( - -3.321e+03 1 0))INFO: dtree.c(1439): stop. leaf nodes are specific
INFO: dtree.c(1478): Final simple tree
|( QUESTION0_1_R 1 -1.164e+04 1.636e+02 5.571e+01
|    ( - -9.662e+03 3 0)
|    ( - -1.811e+03 1 0))
s>    ( QUESTION0_1_R 1 -1.164e+04 1.636e+02 5.571e+01
s>        ( - -9.662e+03 3 0)
s>        ( - -1.811e+03 1 0))INFO: dtree.c(1315): Comp split 76
INFO: dtree.c(1439): stop. leaf nodes are specific
INFO: dtree.c(1478): Final simple tree
|( WDBNDRY_B 0 -2.486e+04 1.793e+02 1.124e+02
|    ( - -2.192e+04 1 0)
|    ( - -2.767e+03 1 0))
s>    ( WDBNDRY_B 0 -2.486e+04 1.793e+02 1.124e+02
s>        ( - -2.192e+04 1 0)
s>        ( - -2.767e+03 1 0))INFO: dtree.c(1315): Comp split 77
INFO: dtree.c(1439): stop. leaf nodes are specific
INFO: dtree.c(1478): Final simple tree
|( QUESTION0_14_R 1 -3.268e+04 1.806e+02 1.520e+02
|    ( - -2.567e+02 1 0)
|    ( WDBNDRY_I 0 -3.224e+04 1.697e+02 1.500e+02
|        ( - -2.479e+03 1 0)
|        ( QUESTION0_2_R 1 -2.960e+04 1.184e+02 1.380e+02
|            ( - -7.906e+02 1 0)
|            ( WDBNDRY_B 0 -2.869e+04 1.041e+02 1.340e+02
|                ( - -2.735e+04 1 0)
|                ( - -1.229e+03 2 0)))))
s>    ( QUESTION0_14_R 1 -3.268e+04 1.806e+02 1.520e+02
s>        ( - -2.567e+02 1 0)
s>        ( WDBNDRY_I 0 -3.224e+04 1.697e+02 1.500e+02
s>            ( - -2.479e+03 1 0)
s>            ( QUESTION0_2_R 1 -2.960e+04 1.184e+02 1.380e+02
s>                ( - -7.906e+02 1 0)
s>                ( WDBNDRY_B 0 -2.869e+04 1.041e+02 1.340e+02
s>                    ( - -2.735e+04 1 0)
s>                    ( - -1.229e+03 2 0)))))INFO: dtree.c(1315): Comp split 78
INFO: dtree.c(1439): stop. leaf nodes are specific
INFO: dtree.c(1478): Final simple tree
|( WDBNDRY_B 0 -2.866e+04 1.436e+02 1.324e+02
|    ( - -5.321e+03 1 0)
|    ( - -2.319e+04 1 0))
s>    ( WDBNDRY_B 0 -2.866e+04 1.436e+02 1.324e+02
s>        ( - -5.321e+03 1 0)
s>        ( - -2.319e+04 1 0))INFO: dtree.c(1439): stop. leaf nodes are specific
INFO: dtree.c(1478): Final simple tree
|( QUESTION0_14_R 1 -1.238e+03 1.835e+02 6.000e+00
|    ( - -7.419e+02 1 0)
|    ( - -3.127e+02 1 0))
s>    ( QUESTION0_14_R 1 -1.238e+03 1.835e+02 6.000e+00
s>        ( - -7.419e+02 1 0)
s>        ( - -3.127e+02 1 0))INFO: dtree.c(1315): Comp split 79
INFO: dtree.c(1315): Comp split 80
INFO: dtree.c(1315): Comp split 81
INFO: dtree.c(1439): stop. leaf nodes are specific
INFO: dtree.c(1478): Final simple tree
|( QUESTION1 -1 -3.661e+04 1.635e+02 1.646e+02
|    ( - -5.382e+02 1 0)
|    ( QUESTION2_0_L -1 -3.590e+04 1.620e+02 1.616e+02
|        ( - -3.540e+04 1 0)
|        ( - -3.388e+02 1 0)))
s>    ( QUESTION1 -1 -3.661e+04 1.635e+02 1.646e+02
s>        ( - -5.382e+02 1 0)
s>        ( QUESTION2_0_L -1 -3.590e+04 1.620e+02 1.616e+02
s>            ( - -3.540e+04 1 0)
s>            ( - -3.388e+02 1 0)))INFO: dtree.c(1315): Comp split 82
INFO: dtree.c(1439): stop. leaf nodes are specific
INFO: dtree.c(1478): Final simple tree
|( WDBNDRY_I 0 -3.224e+04 1.697e+02 1.500e+02
|    ( - -2.479e+03 1 0)
|    ( QUESTION0_2_R 1 -2.960e+04 1.184e+02 1.380e+02
|        ( - -7.906e+02 1 0)
|        ( WDBNDRY_B 0 -2.869e+04 1.041e+02 1.340e+02
|            ( - -2.735e+04 1 0)
|            ( - -1.229e+03 2 0))))
s>    ( WDBNDRY_I 0 -3.224e+04 1.697e+02 1.500e+02
s>        ( - -2.479e+03 1 0)
s>        ( QUESTION0_2_R 1 -2.960e+04 1.184e+02 1.380e+02
s>            ( - -7.906e+02 1 0)
s>            ( WDBNDRY_B 0 -2.869e+04 1.041e+02 1.340e+02
s>                ( - -2.735e+04 1 0)
s>                ( - -1.229e+03 2 0))))INFO: dtree.c(1315): Comp split 83
INFO: dtree.c(1315): Comp split 84
INFO: dtree.c(1439): stop. leaf nodes are specific
INFO: dtree.c(1478): Final simple tree
|( WDBNDRY_B 0 -2.869e+04 1.041e+02 1.340e+02
|    ( - -2.735e+04 1 0)
|    ( - -1.229e+03 2 0))
s>    ( WDBNDRY_B 0 -2.869e+04 1.041e+02 1.340e+02
s>        ( - -2.735e+04 1 0)
s>        ( - -1.229e+03 2 0))INFO: dtree.c(1439): stop. leaf nodes are specific
INFO: dtree.c(1478): Final simple tree
|( WDBNDRY_E 0 -3.384e+03 1.141e+02 1.600e+01
|    ( - -7.906e+02 1 0)
|    ( - -2.479e+03 1 0))
s>    ( WDBNDRY_E 0 -3.384e+03 1.141e+02 1.600e+01
s>        ( - -7.906e+02 1 0)
s>        ( - -2.479e+03 1 0))INFO: dtree.c(1315): Comp split 85
INFO: dtree.c(1439): stop. leaf nodes are specific
INFO: dtree.c(1478): Final simple tree
|( QUESTION20 -1 -1.130e+05 1.262e+02 5.437e+02
|    ( - -7.409e+02 1 0)
|    ( - -1.121e+05 1 0))
s>    ( QUESTION20 -1 -1.130e+05 1.262e+02 5.437e+02
s>        ( - -7.409e+02 1 0)
s>        ( - -1.121e+05 1 0))INFO: dtree.c(1315): Comp split 86
INFO: dtree.c(1315): Comp split 87
INFO: dtree.c(1439): stop. leaf nodes are specific
INFO: dtree.c(1478): Final simple tree
|( QUESTION2_0_L -1 -3.590e+04 1.620e+02 1.616e+02
|    ( - -3.540e+04 1 0)
|    ( - -3.388e+02 1 0))
s>    ( QUESTION2_0_L -1 -3.590e+04 1.620e+02 1.616e+02
s>        ( - -3.540e+04 1 0)
s>        ( - -3.388e+02 1 0))INFO: dtree.c(1315): Comp split 88
INFO: dtree.c(1315): Comp split 89
INFO: dtree.c(1315): Comp split 90
INFO: dtree.c(1315): Comp split 91
INFO: dtree.c(1439): stop. leaf nodes are specific
INFO: dtree.c(1478): Final simple tree
|( WDBNDRY_B 0 -2.134e+04 1.491e+02 9.759e+01
|    ( - -1.491e+04 1 0)
|    ( - -6.275e+03 1 0))
s>    ( WDBNDRY_B 0 -2.134e+04 1.491e+02 9.759e+01
s>        ( - -1.491e+04 1 0)
s>        ( - -6.275e+03 1 0))INFO: dtree.c(1315): Comp split 92
INFO: dtree.c(1315): Comp split 93
INFO: dtree.c(1315): Comp split 94
INFO: dtree.c(1315): Comp split 95
INFO: dtree.c(1315): Comp split 96
INFO: dtree.c(1315): Comp split 97
INFO: dtree.c(1315): Comp split 98
INFO: dtree.c(1315): Comp split 99
INFO: dtree.c(1315): Comp split 100
INFO: dtree.c(1315): Comp split 101
INFO: dtree.c(1315): Comp split 102
INFO: dtree.c(1315): Comp split 103
INFO: dtree.c(1318): stop. leaf nodes are specific
Sun Mar 19 21:50:57 2017
