Current configuration:
[NAME]		[DEFLT]	[VALUE]
-allphones	no	no
-cntthresh	0.00001	1.000000e-05
-csplitmax	100	2000
-csplitmin	1	1
-csplitthr	8e-4	0.000000e+00
-example	no	no
-fullvar	no	no
-help		no	no
-meanfn			/home/ilya/Рабочий стол/lab_sphinx/ru_base/model_parameters/ru_base.cd_cont_untied/means
-mixwfn			/home/ilya/Рабочий стол/lab_sphinx/ru_base/model_parameters/ru_base.cd_cont_untied/mixture_weights
-moddeffn		/home/ilya/Рабочий стол/lab_sphinx/ru_base/model_architecture/ru_base.untied.mdef
-mwfloor	1e-4	1.000000e-08
-phone			dj
-psetfn			/home/ilya/Рабочий стол/lab_sphinx/ru_base/model_architecture/ru_base.tree_questions
-ssplitmax	5	7
-ssplitmin	1	1
-ssplitthr	8e-4	0.000000e+00
-state			2
-stwt			1.0,0.05,0.0,
-treefn			/home/ilya/Рабочий стол/lab_sphinx/ru_base/trees/ru_base.unpruned/dj-2.dtree
-ts2cbfn	.semi.	.cont.
-varfloor	0.00001	1.000000e-05
-varfn			/home/ilya/Рабочий стол/lab_sphinx/ru_base/model_parameters/ru_base.cd_cont_untied/variances

INFO: main.c(223): Reading: /home/ilya/Рабочий стол/lab_sphinx/ru_base/model_architecture/ru_base.untied.mdef
INFO: model_def_io.c(573): Model definition info:
INFO: model_def_io.c(574): 9415 total models defined (43 base, 9372 tri)
INFO: model_def_io.c(575): 37660 total states
INFO: model_def_io.c(576): 28245 total tied states
INFO: model_def_io.c(577): 129 total tied CI states
INFO: model_def_io.c(578): 43 total tied transition matrices
INFO: model_def_io.c(579): 4 max state/model
INFO: model_def_io.c(580): 4 min state/model
INFO: main.c(242): Building trees for [dj SIL e0 b] through [dj zh o0 i]
INFO: main.c(269): Covering states |[4671 4880]| == 210
INFO: main.c(275): Reading: /home/ilya/Рабочий стол/lab_sphinx/ru_base/model_parameters/ru_base.cd_cont_untied/mixture_weights
INFO: s3mixw_io.c(173): Read /home/ilya/Рабочий стол/lab_sphinx/ru_base/model_parameters/ru_base.cd_cont_untied/mixture_weights [210x1x1 array]
INFO: main.c(311): 70 of 70 models have observation count greater than 0.000010
INFO: main.c(95): nrm stwt: 0.000 0.048 0.952 
INFO: s3gau_io.c(169): Read /home/ilya/Рабочий стол/lab_sphinx/ru_base/model_parameters/ru_base.cd_cont_untied/means [28245x1x1 array]
INFO: s3gau_io.c(169): Read /home/ilya/Рабочий стол/lab_sphinx/ru_base/model_parameters/ru_base.cd_cont_untied/variances [28245x1x1 array]
INFO: main.c(549): Reading: /home/ilya/Рабочий стол/lab_sphinx/ru_base/model_architecture/ru_base.tree_questions
INFO: main.c(588): 180 total simple questions (172 phone; 8 word bndry)
INFO: main.c(590): 42 Left Only questions, and 42 Right Only questions
INFO: dtree.c(1478): Final simple tree
|( WDBNDRY_E 0 -1.278e+06 6.067e+03 5.673e+03
|    ( QUESTION0_14_R 1 -1.325e+05 1.265e+03 5.881e+02
|        ( - -7.281e+04 3 0 QUESTION16 -1 4.866e+02 3.316e+02)
|        ( - -5.844e+04 15 0 QUESTION0_16_R 1 3.807e+02 2.564e+02))
|    ( QUESTION0_15_R 1 -1.139e+06 3.627e+03 5.085e+03
|        ( QUESTION20 1 -9.837e+05 1.091e+03 4.412e+03
|            ( QUESTION16 -1 -2.646e+05 7.481e+02 1.195e+03
|                ( - -1.748e+05 3 0 WDBNDRY_B 0 1.837e+02 7.993e+02)
|                ( - -8.904e+04 6 0 QUESTION20 -1 3.757e+02 3.959e+02))
|            ( WDBNDRY_B 0 -7.181e+05 7.915e+02 3.217e+03
|                ( QUESTION15 -1 -2.394e+05 7.934e+02 1.084e+03
|                    ( - -1.051e+05 4 0 QUESTION16 -1 3.740e+02 4.869e+02)
|                    ( - -1.336e+05 13 0 QUESTION12 -1 3.967e+02 5.972e+02))
|                ( - -4.778e+05 17 0 QUESTION2_19_L -1 5.549e+02 2.132e+03)))
|        ( - -1.518e+05 9 0 QUESTION0_0_R 1 4.698e+02 6.731e+02)))
s>    ( WDBNDRY_E 0 -1.278e+06 6.067e+03 5.673e+03
s>        ( QUESTION0_14_R 1 -1.325e+05 1.265e+03 5.881e+02
s>            ( - -7.281e+04 3 0 QUESTION16 -1 4.866e+02 3.316e+02)
s>            ( - -5.844e+04 15 0 QUESTION0_16_R 1 3.807e+02 2.564e+02))
s>        ( QUESTION0_15_R 1 -1.139e+06 3.627e+03 5.085e+03
s>            ( QUESTION20 1 -9.837e+05 1.091e+03 4.412e+03
s>                ( QUESTION16 -1 -2.646e+05 7.481e+02 1.195e+03
s>                    ( - -1.748e+05 3 0 WDBNDRY_B 0 1.837e+02 7.993e+02)
s>                    ( - -8.904e+04 6 0 QUESTION20 -1 3.757e+02 3.959e+02))
s>                ( WDBNDRY_B 0 -7.181e+05 7.915e+02 3.217e+03
s>                    ( QUESTION15 -1 -2.394e+05 7.934e+02 1.084e+03
s>                        ( - -1.051e+05 4 0 QUESTION16 -1 3.740e+02 4.869e+02)
s>                        ( - -1.336e+05 13 0 QUESTION12 -1 3.967e+02 5.972e+02))
s>                    ( - -4.778e+05 17 0 QUESTION2_19_L -1 5.549e+02 2.132e+03)))
s>            ( - -1.518e+05 9 0 QUESTION0_0_R 1 4.698e+02 6.731e+02)))INFO: dtree.c(1315): Comp split 0
INFO: dtree.c(1478): Final simple tree
|( QUESTION0_15_R 1 -1.139e+06 3.627e+03 5.085e+03
|    ( QUESTION20 1 -9.837e+05 1.091e+03 4.412e+03
|        ( QUESTION16 -1 -2.646e+05 7.481e+02 1.195e+03
|            ( - -1.748e+05 3 0 WDBNDRY_B 0 1.837e+02 7.993e+02)
|            ( - -8.904e+04 6 0 QUESTION20 -1 3.757e+02 3.959e+02))
|        ( WDBNDRY_B 0 -7.181e+05 7.915e+02 3.217e+03
|            ( QUESTION15 -1 -2.394e+05 7.934e+02 1.084e+03
|                ( - -1.051e+05 4 0 QUESTION16 -1 3.740e+02 4.869e+02)
|                ( - -1.336e+05 13 0 QUESTION12 -1 3.967e+02 5.972e+02))
|            ( QUESTION2_19_L -1 -4.778e+05 5.549e+02 2.132e+03
|                ( - -1.099e+05 3 0 QUESTION14 -1 4.027e+02 4.863e+02)
|                ( - -3.674e+05 14 0 QUESTION3 -1 4.126e+02 1.646e+03))))
|    ( QUESTION0_0_R 1 -1.518e+05 4.698e+02 6.731e+02
|        ( - 2.028e+02 1 0)
|        ( - -1.516e+05 8 0 QUESTION16 -1 3.900e+02 6.721e+02)))
s>    ( QUESTION0_15_R 1 -1.139e+06 3.627e+03 5.085e+03
s>        ( QUESTION20 1 -9.837e+05 1.091e+03 4.412e+03
s>            ( QUESTION16 -1 -2.646e+05 7.481e+02 1.195e+03
s>                ( - -1.748e+05 3 0 WDBNDRY_B 0 1.837e+02 7.993e+02)
s>                ( - -8.904e+04 6 0 QUESTION20 -1 3.757e+02 3.959e+02))
s>            ( WDBNDRY_B 0 -7.181e+05 7.915e+02 3.217e+03
s>                ( QUESTION15 -1 -2.394e+05 7.934e+02 1.084e+03
s>                    ( - -1.051e+05 4 0 QUESTION16 -1 3.740e+02 4.869e+02)
s>                    ( - -1.336e+05 13 0 QUESTION12 -1 3.967e+02 5.972e+02))
s>                ( QUESTION2_19_L -1 -4.778e+05 5.549e+02 2.132e+03
s>                    ( - -1.099e+05 3 0 QUESTION14 -1 4.027e+02 4.863e+02)
s>                    ( - -3.674e+05 14 0 QUESTION3 -1 4.126e+02 1.646e+03))))
s>        ( QUESTION0_0_R 1 -1.518e+05 4.698e+02 6.731e+02
s>            ( - 2.028e+02 1 0)
s>            ( - -1.516e+05 8 0 QUESTION16 -1 3.900e+02 6.721e+02)))INFO: dtree.c(1478): Final simple tree
|( QUESTION0_14_R 1 -1.325e+05 1.265e+03 5.881e+02
|    ( QUESTION16 -1 -7.281e+04 4.866e+02 3.316e+02
|        ( - -2.106e+03 1 0)
|        ( - -7.022e+04 2 0))
|    ( QUESTION0_16_R 1 -5.844e+04 3.807e+02 2.564e+02
|        ( - -5.483e+03 1 0)
|        ( QUESTION0_6_R 1 -5.258e+04 3.823e+02 2.323e+02
|            ( - -2.106e+04 2 0 QUESTION4 1 1.216e+02 9.374e+01)
|            ( QUESTION17 -1 -3.113e+04 2.211e+02 1.386e+02
|                ( QUESTION11 1 -5.129e+03 2.001e+02 2.299e+01
|                    ( - -2.304e+02 1 0)
|                    ( QUESTION0_2_R 1 -4.698e+03 4.451e+02 2.099e+01
|                        ( - 2.138e+02 1 0)
|                        ( - -4.467e+03 4 0 QUESTION0_4_R 1 1.705e+02 1.999e+01)))
|                ( - -2.578e+04 6 0 QUESTION0_13_R 1 1.954e+02 1.156e+02)))))
s>    ( QUESTION0_14_R 1 -1.325e+05 1.265e+03 5.881e+02
s>        ( QUESTION16 -1 -7.281e+04 4.866e+02 3.316e+02
s>            ( - -2.106e+03 1 0)
s>            ( - -7.022e+04 2 0))
s>        ( QUESTION0_16_R 1 -5.844e+04 3.807e+02 2.564e+02
s>            ( - -5.483e+03 1 0)
s>            ( QUESTION0_6_R 1 -5.258e+04 3.823e+02 2.323e+02
s>                ( - -2.106e+04 2 0 QUESTION4 1 1.216e+02 9.374e+01)
s>                ( QUESTION17 -1 -3.113e+04 2.211e+02 1.386e+02
s>                    ( QUESTION11 1 -5.129e+03 2.001e+02 2.299e+01
s>                        ( - -2.304e+02 1 0)
s>                        ( QUESTION0_2_R 1 -4.698e+03 4.451e+02 2.099e+01
s>                            ( - 2.138e+02 1 0)
s>                            ( - -4.467e+03 4 0 QUESTION0_4_R 1 1.705e+02 1.999e+01)))
s>                    ( - -2.578e+04 6 0 QUESTION0_13_R 1 1.954e+02 1.156e+02)))))INFO: dtree.c(1315): Comp split 1
INFO: dtree.c(1478): Final simple tree
|( QUESTION20 1 -9.837e+05 1.091e+03 4.412e+03
|    ( QUESTION16 -1 -2.646e+05 7.481e+02 1.195e+03
|        ( - -1.748e+05 3 0 WDBNDRY_B 0 1.837e+02 7.993e+02)
|        ( - -8.904e+04 6 0 QUESTION20 -1 3.757e+02 3.959e+02))
|    ( WDBNDRY_B 0 -7.181e+05 7.915e+02 3.217e+03
|        ( QUESTION15 -1 -2.394e+05 7.934e+02 1.084e+03
|            ( - -1.051e+05 4 0 QUESTION16 -1 3.740e+02 4.869e+02)
|            ( - -1.336e+05 13 0 QUESTION12 -1 3.967e+02 5.972e+02))
|        ( QUESTION2_19_L -1 -4.778e+05 5.549e+02 2.132e+03
|            ( QUESTION14 -1 -1.099e+05 4.027e+02 4.863e+02
|                ( - -2.244e+04 2 0)
|                ( - -8.702e+04 1 0))
|            ( QUESTION3 -1 -3.674e+05 4.126e+02 1.646e+03
|                ( - -5.353e+04 2 0 QUESTION4 -1 1.626e+02 2.458e+02)
|                ( - -3.135e+05 12 0 QUESTION1 -1 3.672e+02 1.400e+03)))))
s>    ( QUESTION20 1 -9.837e+05 1.091e+03 4.412e+03
s>        ( QUESTION16 -1 -2.646e+05 7.481e+02 1.195e+03
s>            ( - -1.748e+05 3 0 WDBNDRY_B 0 1.837e+02 7.993e+02)
s>            ( - -8.904e+04 6 0 QUESTION20 -1 3.757e+02 3.959e+02))
s>        ( WDBNDRY_B 0 -7.181e+05 7.915e+02 3.217e+03
s>            ( QUESTION15 -1 -2.394e+05 7.934e+02 1.084e+03
s>                ( - -1.051e+05 4 0 QUESTION16 -1 3.740e+02 4.869e+02)
s>                ( - -1.336e+05 13 0 QUESTION12 -1 3.967e+02 5.972e+02))
s>            ( QUESTION2_19_L -1 -4.778e+05 5.549e+02 2.132e+03
s>                ( QUESTION14 -1 -1.099e+05 4.027e+02 4.863e+02
s>                    ( - -2.244e+04 2 0)
s>                    ( - -8.702e+04 1 0))
s>                ( QUESTION3 -1 -3.674e+05 4.126e+02 1.646e+03
s>                    ( - -5.353e+04 2 0 QUESTION4 -1 1.626e+02 2.458e+02)
s>                    ( - -3.135e+05 12 0 QUESTION1 -1 3.672e+02 1.400e+03)))))INFO: dtree.c(1439): stop. leaf nodes are specific
INFO: dtree.c(1478): Final simple tree
|( QUESTION0_0_R 1 -1.518e+05 4.698e+02 6.731e+02
|    ( - 2.028e+02 1 0)
|    ( QUESTION16 -1 -1.516e+05 3.900e+02 6.721e+02
|        ( - -8.138e+04 3 0)
|        ( QUESTION2 -1 -6.979e+04 3.260e+02 3.096e+02
|            ( - -2.658e+04 1 0)
|            ( QUESTION0 -1 -4.289e+04 1.652e+02 1.902e+02
|                ( - -3.109e+02 1 0)
|                ( QUESTION14 -1 -4.241e+04 1.334e+02 1.882e+02
|                    ( - -1.490e+03 1 0)
|                    ( - -4.079e+04 2 0))))))
s>    ( QUESTION0_0_R 1 -1.518e+05 4.698e+02 6.731e+02
s>        ( - 2.028e+02 1 0)
s>        ( QUESTION16 -1 -1.516e+05 3.900e+02 6.721e+02
s>            ( - -8.138e+04 3 0)
s>            ( QUESTION2 -1 -6.979e+04 3.260e+02 3.096e+02
s>                ( - -2.658e+04 1 0)
s>                ( QUESTION0 -1 -4.289e+04 1.652e+02 1.902e+02
s>                    ( - -3.109e+02 1 0)
s>                    ( QUESTION14 -1 -4.241e+04 1.334e+02 1.882e+02
s>                        ( - -1.490e+03 1 0)
s>                        ( - -4.079e+04 2 0))))))INFO: dtree.c(1315): Comp split 2
INFO: dtree.c(1439): stop. leaf nodes are specific
INFO: dtree.c(1478): Final simple tree
|( QUESTION20 1 -3.344e+05 6.171e+02 1.532e+03
|    ( WDBNDRY_B 0 -1.748e+05 1.837e+02 7.993e+02
|        ( - -7.026e+02 1 0)
|        ( - -1.739e+05 2 0))
|    ( QUESTION16 -1 -1.590e+05 4.218e+02 7.327e+02
|        ( - -3.474e+04 2 0)
|        ( WDBNDRY_B 0 -1.239e+05 3.468e+02 5.684e+02
|            ( QUESTION20 -1 -6.998e+04 2.300e+02 3.226e+02
|                ( - -2.853e+04 1 0)
|                ( - -4.122e+04 1 0))
|            ( QUESTION4 -1 -5.353e+04 1.626e+02 2.458e+02
|                ( - -4.216e+04 1 0)
|                ( - -1.121e+04 1 0)))))
s>    ( QUESTION20 1 -3.344e+05 6.171e+02 1.532e+03
s>        ( WDBNDRY_B 0 -1.748e+05 1.837e+02 7.993e+02
s>            ( - -7.026e+02 1 0)
s>            ( - -1.739e+05 2 0))
s>        ( QUESTION16 -1 -1.590e+05 4.218e+02 7.327e+02
s>            ( - -3.474e+04 2 0)
s>            ( WDBNDRY_B 0 -1.239e+05 3.468e+02 5.684e+02
s>                ( QUESTION20 -1 -6.998e+04 2.300e+02 3.226e+02
s>                    ( - -2.853e+04 1 0)
s>                    ( - -4.122e+04 1 0))
s>                ( QUESTION4 -1 -5.353e+04 1.626e+02 2.458e+02
s>                    ( - -4.216e+04 1 0)
s>                    ( - -1.121e+04 1 0)))))INFO: dtree.c(1478): Final simple tree
|( WDBNDRY_B 0 -6.475e+05 5.569e+02 2.880e+03
|    ( QUESTION12 -1 -1.340e+05 3.966e+02 5.992e+02
|        ( QUESTION2_1_L -1 -4.570e+04 3.857e+02 2.034e+02
|            ( - -2.245e+04 1 0)
|            ( - -2.287e+04 2 0))
|        ( - -8.791e+04 11 0 QUESTION3 -1 2.839e+02 3.958e+02))
|    ( QUESTION2_20_L -1 -5.130e+05 5.812e+02 2.280e+03
|        ( QUESTION20 1 -2.783e+05 5.431e+02 1.246e+03
|            ( - -4.746e+04 2 0 QUESTION0 -1 1.419e+02 2.140e+02)
|            ( QUESTION15 -1 -2.303e+05 4.057e+02 1.032e+03
|                ( - -1.366e+05 5 0 QUESTION16 -1 2.475e+02 6.143e+02)
|                ( - -9.324e+04 2 0 QUESTION0 -1 3.307e+02 4.178e+02)))
|        ( QUESTION14 -1 -2.341e+05 5.100e+02 1.034e+03
|            ( - -1.037e+05 4 0 QUESTION2_17_L -1 3.554e+02 4.600e+02)
|            ( - -1.299e+05 7 0 QUESTION20 1 3.264e+02 5.743e+02))))
s>    ( WDBNDRY_B 0 -6.475e+05 5.569e+02 2.880e+03
s>        ( QUESTION12 -1 -1.340e+05 3.966e+02 5.992e+02
s>            ( QUESTION2_1_L -1 -4.570e+04 3.857e+02 2.034e+02
s>                ( - -2.245e+04 1 0)
s>                ( - -2.287e+04 2 0))
s>            ( - -8.791e+04 11 0 QUESTION3 -1 2.839e+02 3.958e+02))
s>        ( QUESTION2_20_L -1 -5.130e+05 5.812e+02 2.280e+03
s>            ( QUESTION20 1 -2.783e+05 5.431e+02 1.246e+03
s>                ( - -4.746e+04 2 0 QUESTION0 -1 1.419e+02 2.140e+02)
s>                ( QUESTION15 -1 -2.303e+05 4.057e+02 1.032e+03
s>                    ( - -1.366e+05 5 0 QUESTION16 -1 2.475e+02 6.143e+02)
s>                    ( - -9.324e+04 2 0 QUESTION0 -1 3.307e+02 4.178e+02)))
s>            ( QUESTION14 -1 -2.341e+05 5.100e+02 1.034e+03
s>                ( - -1.037e+05 4 0 QUESTION2_17_L -1 3.554e+02 4.600e+02)
s>                ( - -1.299e+05 7 0 QUESTION20 1 3.264e+02 5.743e+02))))INFO: dtree.c(1315): Comp split 3
INFO: dtree.c(1478): Final simple tree
|( QUESTION0_6_R 1 -6.093e+04 3.848e+02 2.674e+02
|    ( - -2.106e+04 2 0 QUESTION4 1 1.216e+02 9.374e+01)
|    ( QUESTION0_14_R 1 -3.948e+04 3.782e+02 1.737e+02
|        ( - -2.106e+03 1 0)
|        ( QUESTION0_16_R 1 -3.700e+04 3.841e+02 1.627e+02
|            ( - -5.483e+03 1 0)
|            ( QUESTION17 -1 -3.113e+04 2.211e+02 1.386e+02
|                ( QUESTION11 1 -5.129e+03 2.001e+02 2.299e+01
|                    ( - -2.304e+02 1 0)
|                    ( QUESTION0_2_R 1 -4.698e+03 4.451e+02 2.099e+01
|                        ( - 2.138e+02 1 0)
|                        ( - -4.467e+03 4 0 QUESTION0_4_R 1 1.705e+02 1.999e+01)))
|                ( QUESTION0_13_R 1 -2.578e+04 1.954e+02 1.156e+02
|                    ( - -5.609e+03 1 0)
|                    ( - -1.998e+04 5 0 SILENCE 1 1.613e+02 8.912e+01))))))
s>    ( QUESTION0_6_R 1 -6.093e+04 3.848e+02 2.674e+02
s>        ( - -2.106e+04 2 0 QUESTION4 1 1.216e+02 9.374e+01)
s>        ( QUESTION0_14_R 1 -3.948e+04 3.782e+02 1.737e+02
s>            ( - -2.106e+03 1 0)
s>            ( QUESTION0_16_R 1 -3.700e+04 3.841e+02 1.627e+02
s>                ( - -5.483e+03 1 0)
s>                ( QUESTION17 -1 -3.113e+04 2.211e+02 1.386e+02
s>                    ( QUESTION11 1 -5.129e+03 2.001e+02 2.299e+01
s>                        ( - -2.304e+02 1 0)
s>                        ( QUESTION0_2_R 1 -4.698e+03 4.451e+02 2.099e+01
s>                            ( - 2.138e+02 1 0)
s>                            ( - -4.467e+03 4 0 QUESTION0_4_R 1 1.705e+02 1.999e+01)))
s>                    ( QUESTION0_13_R 1 -2.578e+04 1.954e+02 1.156e+02
s>                        ( - -5.609e+03 1 0)
s>                        ( - -1.998e+04 5 0 SILENCE 1 1.613e+02 8.912e+01))))))INFO: dtree.c(1315): Comp split 4
INFO: dtree.c(1478): Final simple tree
|( QUESTION16 -1 -3.185e+05 4.008e+02 1.428e+03
|    ( QUESTION14 1 -1.156e+05 2.306e+02 5.201e+02
|        ( - -1.812e+03 2 0)
|        ( - -1.136e+05 2 0))
|    ( QUESTION3 -1 -2.024e+05 2.919e+02 9.078e+02
|        ( - -4.022e+03 2 0 QUESTION4 -1 1.570e+02 2.000e+01)
|        ( WDBNDRY_B 0 -1.981e+05 2.589e+02 8.878e+02
|            ( SILENCE -1 -8.360e+04 2.117e+02 3.758e+02
|                ( - -8.213e+03 1 0)
|                ( - -7.518e+04 8 0 QUESTION15 -1 1.480e+02 3.383e+02))
|            ( QUESTION14 -1 -1.143e+05 3.386e+02 5.120e+02
|                ( - -1.812e+04 1 0)
|                ( QUESTION0 -1 -9.580e+04 2.807e+02 4.303e+02
|                    ( - -7.479e+04 1 0)
|                    ( - -2.073e+04 1 0))))))
s>    ( QUESTION16 -1 -3.185e+05 4.008e+02 1.428e+03
s>        ( QUESTION14 1 -1.156e+05 2.306e+02 5.201e+02
s>            ( - -1.812e+03 2 0)
s>            ( - -1.136e+05 2 0))
s>        ( QUESTION3 -1 -2.024e+05 2.919e+02 9.078e+02
s>            ( - -4.022e+03 2 0 QUESTION4 -1 1.570e+02 2.000e+01)
s>            ( WDBNDRY_B 0 -1.981e+05 2.589e+02 8.878e+02
s>                ( SILENCE -1 -8.360e+04 2.117e+02 3.758e+02
s>                    ( - -8.213e+03 1 0)
s>                    ( - -7.518e+04 8 0 QUESTION15 -1 1.480e+02 3.383e+02))
s>                ( QUESTION14 -1 -1.143e+05 3.386e+02 5.120e+02
s>                    ( - -1.812e+04 1 0)
s>                    ( QUESTION0 -1 -9.580e+04 2.807e+02 4.303e+02
s>                        ( - -7.479e+04 1 0)
s>                        ( - -2.073e+04 1 0))))))INFO: dtree.c(1478): Final simple tree
|( QUESTION2_1_L -1 -3.282e+05 5.100e+02 1.452e+03
|    ( QUESTION1 -1 -5.102e+04 3.073e+02 2.247e+02
|        ( - -2.741e+04 2 0 QUESTION2 -1 2.406e+02 1.211e+02)
|        ( - -2.330e+04 2 0 WDBNDRY_B 0 1.211e+02 1.037e+02))
|    ( QUESTION2_19_L -1 -2.767e+05 5.187e+02 1.227e+03
|        ( QUESTION14 -1 -1.228e+05 4.379e+02 5.426e+02
|            ( - -2.244e+04 2 0)
|            ( - -9.996e+04 2 0 QUESTION20 1 2.435e+02 4.433e+02))
|        ( WDBNDRY_B 0 -1.533e+05 3.647e+02 6.843e+02
|            ( - -2.287e+04 2 0)
|            ( QUESTION20 1 -1.301e+05 3.504e+02 5.806e+02
|                ( QUESTION15 -1 -6.574e+04 3.011e+02 2.953e+02
|                    ( - -4.681e+04 1 0)
|                    ( - -1.863e+04 2 0 QUESTION0 -1 1.296e+02 8.431e+01))
|                ( - -6.400e+04 3 0 QUESTION0 -1 1.276e+02 2.853e+02)))))
s>    ( QUESTION2_1_L -1 -3.282e+05 5.100e+02 1.452e+03
s>        ( QUESTION1 -1 -5.102e+04 3.073e+02 2.247e+02
s>            ( - -2.741e+04 2 0 QUESTION2 -1 2.406e+02 1.211e+02)
s>            ( - -2.330e+04 2 0 WDBNDRY_B 0 1.211e+02 1.037e+02))
s>        ( QUESTION2_19_L -1 -2.767e+05 5.187e+02 1.227e+03
s>            ( QUESTION14 -1 -1.228e+05 4.379e+02 5.426e+02
s>                ( - -2.244e+04 2 0)
s>                ( - -9.996e+04 2 0 QUESTION20 1 2.435e+02 4.433e+02))
s>            ( WDBNDRY_B 0 -1.533e+05 3.647e+02 6.843e+02
s>                ( - -2.287e+04 2 0)
s>                ( QUESTION20 1 -1.301e+05 3.504e+02 5.806e+02
s>                    ( QUESTION15 -1 -6.574e+04 3.011e+02 2.953e+02
s>                        ( - -4.681e+04 1 0)
s>                        ( - -1.863e+04 2 0 QUESTION0 -1 1.296e+02 8.431e+01))
s>                    ( - -6.400e+04 3 0 QUESTION0 -1 1.276e+02 2.853e+02)))))INFO: dtree.c(1315): Comp split 5
INFO: dtree.c(1439): stop. leaf nodes are specific
INFO: dtree.c(1478): Final simple tree
|( QUESTION2_19_L -1 -1.762e+05 4.404e+02 7.837e+02
|    ( - -2.244e+04 2 0)
|    ( WDBNDRY_B 0 -1.533e+05 3.647e+02 6.843e+02
|        ( - -2.287e+04 2 0)
|        ( QUESTION20 1 -1.301e+05 3.504e+02 5.806e+02
|            ( QUESTION15 -1 -6.574e+04 3.011e+02 2.953e+02
|                ( - -4.681e+04 1 0)
|                ( QUESTION0 -1 -1.863e+04 1.296e+02 8.431e+01
|                    ( - -5.117e+02 1 0)
|                    ( - -1.799e+04 1 0)))
|            ( QUESTION0 -1 -6.400e+04 1.276e+02 2.853e+02
|                ( - -1.228e+03 2 0)
|                ( - -6.264e+04 1 0)))))
s>    ( QUESTION2_19_L -1 -1.762e+05 4.404e+02 7.837e+02
s>        ( - -2.244e+04 2 0)
s>        ( WDBNDRY_B 0 -1.533e+05 3.647e+02 6.843e+02
s>            ( - -2.287e+04 2 0)
s>            ( QUESTION20 1 -1.301e+05 3.504e+02 5.806e+02
s>                ( QUESTION15 -1 -6.574e+04 3.011e+02 2.953e+02
s>                    ( - -4.681e+04 1 0)
s>                    ( QUESTION0 -1 -1.863e+04 1.296e+02 8.431e+01
s>                        ( - -5.117e+02 1 0)
s>                        ( - -1.799e+04 1 0)))
s>                ( QUESTION0 -1 -6.400e+04 1.276e+02 2.853e+02
s>                    ( - -1.228e+03 2 0)
s>                    ( - -6.264e+04 1 0)))))INFO: dtree.c(1439): stop. leaf nodes are specific
INFO: dtree.c(1478): Final simple tree
|( WDBNDRY_B 0 -1.513e+05 3.697e+02 6.680e+02
|    ( - -2.245e+04 1 0)
|    ( QUESTION20 1 -1.285e+05 3.247e+02 5.683e+02
|        ( QUESTION0 -1 -2.236e+04 2.036e+02 9.856e+01
|            ( - -9.461e+03 1 0)
|            ( - -1.270e+04 1 0))
|        ( QUESTION1 -1 -1.058e+05 2.235e+02 4.698e+02
|            ( - -1.771e+04 1 0)
|            ( QUESTION0 -1 -8.787e+04 1.147e+02 3.910e+02
|                ( - -7.310e+02 1 0)
|                ( - -8.702e+04 1 0)))))
s>    ( WDBNDRY_B 0 -1.513e+05 3.697e+02 6.680e+02
s>        ( - -2.245e+04 1 0)
s>        ( QUESTION20 1 -1.285e+05 3.247e+02 5.683e+02
s>            ( QUESTION0 -1 -2.236e+04 2.036e+02 9.856e+01
s>                ( - -9.461e+03 1 0)
s>                ( - -1.270e+04 1 0))
s>            ( QUESTION1 -1 -1.058e+05 2.235e+02 4.698e+02
s>                ( - -1.771e+04 1 0)
s>                ( QUESTION0 -1 -8.787e+04 1.147e+02 3.910e+02
s>                    ( - -7.310e+02 1 0)
s>                    ( - -8.702e+04 1 0)))))INFO: dtree.c(1315): Comp split 6
INFO: dtree.c(1439): stop. leaf nodes are specific
INFO: dtree.c(1478): Final simple tree
|( QUESTION16 -1 -1.599e+05 4.177e+02 7.367e+02
|    ( QUESTION20 1 -3.561e+04 1.757e+02 1.683e+02
|        ( - -7.026e+02 1 0)
|        ( - -3.474e+04 2 0))
|    ( WDBNDRY_B 0 -1.239e+05 3.468e+02 5.684e+02
|        ( QUESTION20 -1 -6.998e+04 2.300e+02 3.226e+02
|            ( - -2.853e+04 1 0)
|            ( - -4.122e+04 1 0))
|        ( QUESTION4 -1 -5.353e+04 1.626e+02 2.458e+02
|            ( - -4.216e+04 1 0)
|            ( - -1.121e+04 1 0))))
s>    ( QUESTION16 -1 -1.599e+05 4.177e+02 7.367e+02
s>        ( QUESTION20 1 -3.561e+04 1.757e+02 1.683e+02
s>            ( - -7.026e+02 1 0)
s>            ( - -3.474e+04 2 0))
s>        ( WDBNDRY_B 0 -1.239e+05 3.468e+02 5.684e+02
s>            ( QUESTION20 -1 -6.998e+04 2.300e+02 3.226e+02
s>                ( - -2.853e+04 1 0)
s>                ( - -4.122e+04 1 0))
s>            ( QUESTION4 -1 -5.353e+04 1.626e+02 2.458e+02
s>                ( - -4.216e+04 1 0)
s>                ( - -1.121e+04 1 0))))INFO: dtree.c(1315): Comp split 7
INFO: dtree.c(1439): stop. leaf nodes are specific
INFO: dtree.c(1478): Final simple tree
|( QUESTION20 1 -4.134e+04 2.672e+02 1.837e+02
|    ( QUESTION0 -1 -1.863e+04 1.296e+02 8.431e+01
|        ( - -5.117e+02 1 0)
|        ( - -1.799e+04 1 0))
|    ( - -2.244e+04 2 0))
s>    ( QUESTION20 1 -4.134e+04 2.672e+02 1.837e+02
s>        ( QUESTION0 -1 -1.863e+04 1.296e+02 8.431e+01
s>            ( - -5.117e+02 1 0)
s>            ( - -1.799e+04 1 0))
s>        ( - -2.244e+04 2 0))INFO: dtree.c(1439): stop. leaf nodes are specific
INFO: dtree.c(1478): Final simple tree
|( WDBNDRY_B 0 -1.344e+05 3.580e+02 6.000e+02
|    ( - -2.287e+04 2 0)
|    ( QUESTION15 -1 -1.112e+05 3.481e+02 4.963e+02
|        ( - -4.681e+04 1 0)
|        ( QUESTION0 -1 -6.400e+04 1.276e+02 2.853e+02
|            ( - -1.228e+03 2 0)
|            ( - -6.264e+04 1 0))))
s>    ( WDBNDRY_B 0 -1.344e+05 3.580e+02 6.000e+02
s>        ( - -2.287e+04 2 0)
s>        ( QUESTION15 -1 -1.112e+05 3.481e+02 4.963e+02
s>            ( - -4.681e+04 1 0)
s>            ( QUESTION0 -1 -6.400e+04 1.276e+02 2.853e+02
s>                ( - -1.228e+03 2 0)
s>                ( - -6.264e+04 1 0))))INFO: dtree.c(1315): Comp split 8
INFO: dtree.c(1478): Final simple tree
|( QUESTION0_6_R 1 -5.258e+04 3.823e+02 2.323e+02
|    ( - -2.106e+04 2 0 QUESTION4 1 1.216e+02 9.374e+01)
|    ( QUESTION17 -1 -3.113e+04 2.211e+02 1.386e+02
|        ( QUESTION11 1 -5.129e+03 2.001e+02 2.299e+01
|            ( - -2.304e+02 1 0)
|            ( QUESTION0_2_R 1 -4.698e+03 4.451e+02 2.099e+01
|                ( - 2.138e+02 1 0)
|                ( QUESTION0_4_R 1 -4.467e+03 1.705e+02 1.999e+01
|                    ( - -1.804e+03 3 0)
|                    ( - -2.492e+03 1 0))))
|        ( QUESTION0_13_R 1 -2.578e+04 1.954e+02 1.156e+02
|            ( - -5.609e+03 1 0)
|            ( SILENCE 1 -1.998e+04 1.613e+02 8.912e+01
|                ( - -1.149e+03 2 0 QUESTION14 -1 1.646e+02 6.000e+00)
|                ( - -1.867e+04 3 0 QUESTION0_2_R 1 1.522e+02 8.312e+01)))))
s>    ( QUESTION0_6_R 1 -5.258e+04 3.823e+02 2.323e+02
s>        ( - -2.106e+04 2 0 QUESTION4 1 1.216e+02 9.374e+01)
s>        ( QUESTION17 -1 -3.113e+04 2.211e+02 1.386e+02
s>            ( QUESTION11 1 -5.129e+03 2.001e+02 2.299e+01
s>                ( - -2.304e+02 1 0)
s>                ( QUESTION0_2_R 1 -4.698e+03 4.451e+02 2.099e+01
s>                    ( - 2.138e+02 1 0)
s>                    ( QUESTION0_4_R 1 -4.467e+03 1.705e+02 1.999e+01
s>                        ( - -1.804e+03 3 0)
s>                        ( - -2.492e+03 1 0))))
s>            ( QUESTION0_13_R 1 -2.578e+04 1.954e+02 1.156e+02
s>                ( - -5.609e+03 1 0)
s>                ( SILENCE 1 -1.998e+04 1.613e+02 8.912e+01
s>                    ( - -1.149e+03 2 0 QUESTION14 -1 1.646e+02 6.000e+00)
s>                    ( - -1.867e+04 3 0 QUESTION0_2_R 1 1.522e+02 8.312e+01)))))INFO: dtree.c(1439): stop. leaf nodes are specific
INFO: dtree.c(1478): Final simple tree
|( QUESTION0_14_R 1 -7.877e+03 2.881e+02 3.514e+01
|    ( - -2.106e+03 1 0)
|    ( - -5.483e+03 1 0))
s>    ( QUESTION0_14_R 1 -7.877e+03 2.881e+02 3.514e+01
s>        ( - -2.106e+03 1 0)
s>        ( - -5.483e+03 1 0))INFO: dtree.c(1315): Comp split 9
INFO: dtree.c(1439): stop. leaf nodes are specific
INFO: dtree.c(1478): Final simple tree
|( QUESTION16 -1 -1.516e+05 3.900e+02 6.721e+02
|    ( - -8.138e+04 3 0)
|    ( QUESTION2 -1 -6.979e+04 3.260e+02 3.096e+02
|        ( - -2.658e+04 1 0)
|        ( QUESTION0 -1 -4.289e+04 1.652e+02 1.902e+02
|            ( - -3.109e+02 1 0)
|            ( QUESTION14 -1 -4.241e+04 1.334e+02 1.882e+02
|                ( - -1.490e+03 1 0)
|                ( - -4.079e+04 2 0)))))
s>    ( QUESTION16 -1 -1.516e+05 3.900e+02 6.721e+02
s>        ( - -8.138e+04 3 0)
s>        ( QUESTION2 -1 -6.979e+04 3.260e+02 3.096e+02
s>            ( - -2.658e+04 1 0)
s>            ( QUESTION0 -1 -4.289e+04 1.652e+02 1.902e+02
s>                ( - -3.109e+02 1 0)
s>                ( QUESTION14 -1 -4.241e+04 1.334e+02 1.882e+02
s>                    ( - -1.490e+03 1 0)
s>                    ( - -4.079e+04 2 0)))))INFO: dtree.c(1315): Comp split 10
INFO: dtree.c(1478): Final simple tree
|( WDBNDRY_B 0 -1.981e+05 2.589e+02 8.878e+02
|    ( SILENCE -1 -8.360e+04 2.117e+02 3.758e+02
|        ( - -8.213e+03 1 0)
|        ( QUESTION15 -1 -7.518e+04 1.480e+02 3.383e+02
|            ( - -2.857e+02 1 0)
|            ( QUESTION2_14_L -1 -7.474e+04 1.463e+02 3.363e+02
|                ( - -3.280e+03 2 0 QUESTION2_17_L -1 1.375e+02 1.506e+01)
|                ( QUESTION0 -1 -7.132e+04 1.453e+02 3.212e+02
|                    ( - -2.399e+04 2 0 QUESTION1 -1 1.415e+02 1.083e+02)
|                    ( - -4.718e+04 3 0)))))
|    ( QUESTION14 -1 -1.143e+05 3.386e+02 5.120e+02
|        ( - -1.812e+04 1 0)
|        ( QUESTION0 -1 -9.580e+04 2.807e+02 4.303e+02
|            ( - -7.479e+04 1 0)
|            ( - -2.073e+04 1 0))))
s>    ( WDBNDRY_B 0 -1.981e+05 2.589e+02 8.878e+02
s>        ( SILENCE -1 -8.360e+04 2.117e+02 3.758e+02
s>            ( - -8.213e+03 1 0)
s>            ( QUESTION15 -1 -7.518e+04 1.480e+02 3.383e+02
s>                ( - -2.857e+02 1 0)
s>                ( QUESTION2_14_L -1 -7.474e+04 1.463e+02 3.363e+02
s>                    ( - -3.280e+03 2 0 QUESTION2_17_L -1 1.375e+02 1.506e+01)
s>                    ( QUESTION0 -1 -7.132e+04 1.453e+02 3.212e+02
s>                        ( - -2.399e+04 2 0 QUESTION1 -1 1.415e+02 1.083e+02)
s>                        ( - -4.718e+04 3 0)))))
s>        ( QUESTION14 -1 -1.143e+05 3.386e+02 5.120e+02
s>            ( - -1.812e+04 1 0)
s>            ( QUESTION0 -1 -9.580e+04 2.807e+02 4.303e+02
s>                ( - -7.479e+04 1 0)
s>                ( - -2.073e+04 1 0))))INFO: dtree.c(1439): stop. leaf nodes are specific
INFO: dtree.c(1478): Final simple tree
|( QUESTION5 -1 -1.199e+05 2.622e+02 5.401e+02
|    ( - -2.274e+03 1 0)
|    ( QUESTION14 1 -1.174e+05 2.299e+02 5.281e+02
|        ( - -1.812e+03 2 0)
|        ( WDBNDRY_B 0 -1.153e+05 1.347e+02 5.191e+02
|            ( - -1.591e+03 1 0)
|            ( - -1.136e+05 2 0))))
s>    ( QUESTION5 -1 -1.199e+05 2.622e+02 5.401e+02
s>        ( - -2.274e+03 1 0)
s>        ( QUESTION14 1 -1.174e+05 2.299e+02 5.281e+02
s>            ( - -1.812e+03 2 0)
s>            ( WDBNDRY_B 0 -1.153e+05 1.347e+02 5.191e+02
s>                ( - -1.591e+03 1 0)
s>                ( - -1.136e+05 2 0))))INFO: dtree.c(1315): Comp split 11
INFO: dtree.c(1478): Final simple tree
|( QUESTION0_6_R 1 -5.234e+04 3.809e+02 2.313e+02
|    ( - -2.106e+04 2 0 QUESTION4 1 1.216e+02 9.374e+01)
|    ( QUESTION17 -1 -3.090e+04 2.211e+02 1.376e+02
|        ( QUESTION0_2_R 1 -4.898e+03 2.005e+02 2.199e+01
|            ( - -2.304e+02 1 0)
|            ( QUESTION0_4_R 1 -4.467e+03 1.705e+02 1.999e+01
|                ( - -1.804e+03 3 0)
|                ( - -2.492e+03 1 0)))
|        ( QUESTION0_13_R 1 -2.578e+04 1.954e+02 1.156e+02
|            ( - -5.609e+03 1 0)
|            ( SILENCE 1 -1.998e+04 1.613e+02 8.912e+01
|                ( QUESTION14 -1 -1.149e+03 1.646e+02 6.000e+00
|                    ( - -3.302e+02 1 0)
|                    ( - -6.538e+02 1 0))
|                ( - -1.867e+04 3 0 QUESTION0_2_R 1 1.522e+02 8.312e+01)))))
s>    ( QUESTION0_6_R 1 -5.234e+04 3.809e+02 2.313e+02
s>        ( - -2.106e+04 2 0 QUESTION4 1 1.216e+02 9.374e+01)
s>        ( QUESTION17 -1 -3.090e+04 2.211e+02 1.376e+02
s>            ( QUESTION0_2_R 1 -4.898e+03 2.005e+02 2.199e+01
s>                ( - -2.304e+02 1 0)
s>                ( QUESTION0_4_R 1 -4.467e+03 1.705e+02 1.999e+01
s>                    ( - -1.804e+03 3 0)
s>                    ( - -2.492e+03 1 0)))
s>            ( QUESTION0_13_R 1 -2.578e+04 1.954e+02 1.156e+02
s>                ( - -5.609e+03 1 0)
s>                ( SILENCE 1 -1.998e+04 1.613e+02 8.912e+01
s>                    ( QUESTION14 -1 -1.149e+03 1.646e+02 6.000e+00
s>                        ( - -3.302e+02 1 0)
s>                        ( - -6.538e+02 1 0))
s>                    ( - -1.867e+04 3 0 QUESTION0_2_R 1 1.522e+02 8.312e+01)))))INFO: dtree.c(1315): Comp split 12
INFO: dtree.c(1439): stop. leaf nodes are specific
INFO: dtree.c(1478): Final simple tree
|( QUESTION17 -1 -1.247e+05 3.569e+02 5.724e+02
|    ( QUESTION20 -1 -6.998e+04 2.300e+02 3.226e+02
|        ( - -2.853e+04 1 0)
|        ( - -4.122e+04 1 0))
|    ( QUESTION4 -1 -5.439e+04 1.634e+02 2.498e+02
|        ( - -4.216e+04 1 0)
|        ( WDBNDRY_B 0 -1.207e+04 1.606e+02 5.500e+01
|            ( - -7.026e+02 1 0)
|            ( - -1.121e+04 1 0))))
s>    ( QUESTION17 -1 -1.247e+05 3.569e+02 5.724e+02
s>        ( QUESTION20 -1 -6.998e+04 2.300e+02 3.226e+02
s>            ( - -2.853e+04 1 0)
s>            ( - -4.122e+04 1 0))
s>        ( QUESTION4 -1 -5.439e+04 1.634e+02 2.498e+02
s>            ( - -4.216e+04 1 0)
s>            ( WDBNDRY_B 0 -1.207e+04 1.606e+02 5.500e+01
s>                ( - -7.026e+02 1 0)
s>                ( - -1.121e+04 1 0))))INFO: dtree.c(1315): Comp split 13
INFO: dtree.c(1439): stop. leaf nodes are specific
INFO: dtree.c(1478): Final simple tree
|( QUESTION14 -1 -8.299e+04 1.264e+02 3.696e+02
|    ( - -1.490e+03 1 0)
|    ( - -8.138e+04 3 0))
s>    ( QUESTION14 -1 -8.299e+04 1.264e+02 3.696e+02
s>        ( - -1.490e+03 1 0)
s>        ( - -8.138e+04 3 0))INFO: dtree.c(1439): stop. leaf nodes are specific
INFO: dtree.c(1478): Final simple tree
|( QUESTION2 -1 -6.816e+04 3.175e+02 3.026e+02
|    ( - -2.658e+04 1 0)
|    ( QUESTION0 -1 -4.127e+04 1.655e+02 1.832e+02
|        ( - -3.109e+02 1 0)
|        ( - -4.079e+04 2 0)))
s>    ( QUESTION2 -1 -6.816e+04 3.175e+02 3.026e+02
s>        ( - -2.658e+04 1 0)
s>        ( QUESTION0 -1 -4.127e+04 1.655e+02 1.832e+02
s>            ( - -3.109e+02 1 0)
s>            ( - -4.079e+04 2 0)))INFO: dtree.c(1315): Comp split 14
INFO: dtree.c(1439): stop. leaf nodes are specific
INFO: dtree.c(1478): Final simple tree
|( QUESTION1 -1 -1.058e+05 2.235e+02 4.698e+02
|    ( - -1.771e+04 1 0)
|    ( QUESTION0 -1 -8.787e+04 1.147e+02 3.910e+02
|        ( - -7.310e+02 1 0)
|        ( - -8.702e+04 1 0)))
s>    ( QUESTION1 -1 -1.058e+05 2.235e+02 4.698e+02
s>        ( - -1.771e+04 1 0)
s>        ( QUESTION0 -1 -8.787e+04 1.147e+02 3.910e+02
s>            ( - -7.310e+02 1 0)
s>            ( - -8.702e+04 1 0)))INFO: dtree.c(1439): stop. leaf nodes are specific
INFO: dtree.c(1478): Final simple tree
|( WDBNDRY_B 0 -4.511e+04 3.024e+02 1.982e+02
|    ( - -2.245e+04 1 0)
|    ( QUESTION0 -1 -2.236e+04 2.036e+02 9.856e+01
|        ( - -9.461e+03 1 0)
|        ( - -1.270e+04 1 0)))
s>    ( WDBNDRY_B 0 -4.511e+04 3.024e+02 1.982e+02
s>        ( - -2.245e+04 1 0)
s>        ( QUESTION0 -1 -2.236e+04 2.036e+02 9.856e+01
s>            ( - -9.461e+03 1 0)
s>            ( - -1.270e+04 1 0)))INFO: dtree.c(1315): Comp split 15
INFO: dtree.c(1439): stop. leaf nodes are specific
INFO: dtree.c(1478): Final simple tree
|( WDBNDRY_B 0 -1.107e+05 2.335e+02 4.971e+02
|    ( QUESTION0 -1 -7.132e+04 1.453e+02 3.212e+02
|        ( QUESTION1 -1 -2.399e+04 1.415e+02 1.083e+02
|            ( - -1.854e+03 1 0)
|            ( - -2.200e+04 1 0))
|        ( - -4.718e+04 3 0))
|    ( QUESTION14 -1 -3.918e+04 3.232e+02 1.759e+02
|        ( - -1.812e+04 1 0)
|        ( - -2.073e+04 1 0)))
s>    ( WDBNDRY_B 0 -1.107e+05 2.335e+02 4.971e+02
s>        ( QUESTION0 -1 -7.132e+04 1.453e+02 3.212e+02
s>            ( QUESTION1 -1 -2.399e+04 1.415e+02 1.083e+02
s>                ( - -1.854e+03 1 0)
s>                ( - -2.200e+04 1 0))
s>            ( - -4.718e+04 3 0))
s>        ( QUESTION14 -1 -3.918e+04 3.232e+02 1.759e+02
s>            ( - -1.812e+04 1 0)
s>            ( - -2.073e+04 1 0)))INFO: dtree.c(1439): stop. leaf nodes are specific
INFO: dtree.c(1478): Final simple tree
|( WDBNDRY_B 0 -8.700e+04 1.801e+02 3.908e+02
|    ( QUESTION15 -1 -1.204e+04 1.549e+02 5.461e+01
|        ( - -2.857e+02 1 0)
|        ( QUESTION2_19_L -1 -1.160e+04 1.316e+02 5.261e+01
|            ( - -1.702e+03 1 0)
|            ( SILENCE -1 -9.762e+03 1.086e+02 4.452e+01
|                ( - -8.213e+03 1 0)
|                ( - -1.440e+03 1 0))))
|    ( - -7.479e+04 1 0))
s>    ( WDBNDRY_B 0 -8.700e+04 1.801e+02 3.908e+02
s>        ( QUESTION15 -1 -1.204e+04 1.549e+02 5.461e+01
s>            ( - -2.857e+02 1 0)
s>            ( QUESTION2_19_L -1 -1.160e+04 1.316e+02 5.261e+01
s>                ( - -1.702e+03 1 0)
s>                ( SILENCE -1 -9.762e+03 1.086e+02 4.452e+01
s>                    ( - -8.213e+03 1 0)
s>                    ( - -1.440e+03 1 0))))
s>        ( - -7.479e+04 1 0))INFO: dtree.c(1315): Comp split 16
INFO: dtree.c(1439): stop. leaf nodes are specific
INFO: dtree.c(1478): Final simple tree
|( QUESTION0_1_R 1 -2.352e+04 1.754e+02 1.037e+02
|    ( - -1.804e+03 3 0)
|    ( SILENCE 1 -2.154e+04 1.452e+02 9.574e+01
|        ( - -3.302e+02 1 0)
|        ( QUESTION4 1 -2.106e+04 1.216e+02 9.374e+01
|            ( - -1.015e+03 1 0)
|            ( - -1.992e+04 1 0))))
s>    ( QUESTION0_1_R 1 -2.352e+04 1.754e+02 1.037e+02
s>        ( - -1.804e+03 3 0)
s>        ( SILENCE 1 -2.154e+04 1.452e+02 9.574e+01
s>            ( - -3.302e+02 1 0)
s>            ( QUESTION4 1 -2.106e+04 1.216e+02 9.374e+01
s>                ( - -1.015e+03 1 0)
s>                ( - -1.992e+04 1 0))))INFO: dtree.c(1439): stop. leaf nodes are specific
INFO: dtree.c(1478): Final simple tree
|( QUESTION0_5_R 1 -2.844e+04 2.158e+02 1.276e+02
|    ( - -2.492e+03 1 0)
|    ( QUESTION0_0_R 1 -2.573e+04 2.022e+02 1.156e+02
|        ( QUESTION0 1 -1.909e+04 1.941e+02 8.512e+01
|            ( - -2.304e+02 1 0)
|            ( QUESTION0_2_R 1 -1.867e+04 1.522e+02 8.312e+01
|                ( QUESTION14 -1 -1.818e+04 1.680e+02 8.112e+01
|                    ( - -1.700e+03 1 0)
|                    ( - -1.632e+04 1 0))
|                ( - -3.319e+02 1 0)))
|        ( SILENCE 1 -6.436e+03 1.733e+02 3.044e+01
|            ( - -6.538e+02 1 0)
|            ( - -5.609e+03 1 0))))
s>    ( QUESTION0_5_R 1 -2.844e+04 2.158e+02 1.276e+02
s>        ( - -2.492e+03 1 0)
s>        ( QUESTION0_0_R 1 -2.573e+04 2.022e+02 1.156e+02
s>            ( QUESTION0 1 -1.909e+04 1.941e+02 8.512e+01
s>                ( - -2.304e+02 1 0)
s>                ( QUESTION0_2_R 1 -1.867e+04 1.522e+02 8.312e+01
s>                    ( QUESTION14 -1 -1.818e+04 1.680e+02 8.112e+01
s>                        ( - -1.700e+03 1 0)
s>                        ( - -1.632e+04 1 0))
s>                    ( - -3.319e+02 1 0)))
s>            ( SILENCE 1 -6.436e+03 1.733e+02 3.044e+01
s>                ( - -6.538e+02 1 0)
s>                ( - -5.609e+03 1 0))))INFO: dtree.c(1315): Comp split 17
INFO: dtree.c(1439): stop. leaf nodes are specific
INFO: dtree.c(1478): Final simple tree
|( QUESTION15 -1 -1.112e+05 3.481e+02 4.963e+02
|    ( - -4.681e+04 1 0)
|    ( QUESTION0 -1 -6.400e+04 1.276e+02 2.853e+02
|        ( - -1.228e+03 2 0)
|        ( - -6.264e+04 1 0)))
s>    ( QUESTION15 -1 -1.112e+05 3.481e+02 4.963e+02
s>        ( - -4.681e+04 1 0)
s>        ( QUESTION0 -1 -6.400e+04 1.276e+02 2.853e+02
s>            ( - -1.228e+03 2 0)
s>            ( - -6.264e+04 1 0)))INFO: dtree.c(1315): Comp split 18
INFO: dtree.c(1439): stop. leaf nodes are specific
INFO: dtree.c(1478): Final simple tree
|( QUESTION20 -1 -6.998e+04 2.300e+02 3.226e+02
|    ( - -2.853e+04 1 0)
|    ( - -4.122e+04 1 0))
s>    ( QUESTION20 -1 -6.998e+04 2.300e+02 3.226e+02
s>        ( - -2.853e+04 1 0)
s>        ( - -4.122e+04 1 0))INFO: dtree.c(1439): stop. leaf nodes are specific
INFO: dtree.c(1478): Final simple tree
|( QUESTION4 -1 -5.439e+04 1.634e+02 2.498e+02
|    ( - -4.216e+04 1 0)
|    ( WDBNDRY_B 0 -1.207e+04 1.606e+02 5.500e+01
|        ( - -7.026e+02 1 0)
|        ( - -1.121e+04 1 0)))
s>    ( QUESTION4 -1 -5.439e+04 1.634e+02 2.498e+02
s>        ( - -4.216e+04 1 0)
s>        ( WDBNDRY_B 0 -1.207e+04 1.606e+02 5.500e+01
s>            ( - -7.026e+02 1 0)
s>            ( - -1.121e+04 1 0)))INFO: dtree.c(1315): Comp split 19
INFO: dtree.c(1439): stop. leaf nodes are specific
INFO: dtree.c(1478): Final simple tree
|( WDBNDRY_B 0 -9.225e+04 2.047e+02 4.154e+02
|    ( QUESTION0 -1 -7.132e+04 1.453e+02 3.212e+02
|        ( QUESTION1 -1 -2.399e+04 1.415e+02 1.083e+02
|            ( - -1.854e+03 1 0)
|            ( - -2.200e+04 1 0))
|        ( - -4.718e+04 3 0))
|    ( - -2.073e+04 1 0))
s>    ( WDBNDRY_B 0 -9.225e+04 2.047e+02 4.154e+02
s>        ( QUESTION0 -1 -7.132e+04 1.453e+02 3.212e+02
s>            ( QUESTION1 -1 -2.399e+04 1.415e+02 1.083e+02
s>                ( - -1.854e+03 1 0)
s>                ( - -2.200e+04 1 0))
s>            ( - -4.718e+04 3 0))
s>        ( - -2.073e+04 1 0))INFO: dtree.c(1315): Comp split 20
INFO: dtree.c(1439): stop. leaf nodes are specific
INFO: dtree.c(1478): Final simple tree
|( QUESTION0 -1 -6.400e+04 1.276e+02 2.853e+02
|    ( - -1.228e+03 2 0)
|    ( - -6.264e+04 1 0))
s>    ( QUESTION0 -1 -6.400e+04 1.276e+02 2.853e+02
s>        ( - -1.228e+03 2 0)
s>        ( - -6.264e+04 1 0))INFO: dtree.c(1315): Comp split 21
INFO: dtree.c(1439): stop. leaf nodes are specific
INFO: dtree.c(1478): Final simple tree
|( QUESTION0 -1 -4.127e+04 1.655e+02 1.832e+02
|    ( - -3.109e+02 1 0)
|    ( - -4.079e+04 2 0))
s>    ( QUESTION0 -1 -4.127e+04 1.655e+02 1.832e+02
s>        ( - -3.109e+02 1 0)
s>        ( - -4.079e+04 2 0))INFO: dtree.c(1315): Comp split 22
INFO: dtree.c(1439): stop. leaf nodes are specific
INFO: dtree.c(1478): Final simple tree
|( QUESTION0 -1 -2.236e+04 2.036e+02 9.856e+01
|    ( - -9.461e+03 1 0)
|    ( - -1.270e+04 1 0))
s>    ( QUESTION0 -1 -2.236e+04 2.036e+02 9.856e+01
s>        ( - -9.461e+03 1 0)
s>        ( - -1.270e+04 1 0))INFO: dtree.c(1315): Comp split 23
INFO: dtree.c(1439): stop. leaf nodes are specific
INFO: dtree.c(1478): Final simple tree
|( WDBNDRY_B 0 -1.153e+05 1.347e+02 5.191e+02
|    ( - -1.591e+03 1 0)
|    ( - -1.136e+05 2 0))
s>    ( WDBNDRY_B 0 -1.153e+05 1.347e+02 5.191e+02
s>        ( - -1.591e+03 1 0)
s>        ( - -1.136e+05 2 0))INFO: dtree.c(1439): stop. leaf nodes are specific
INFO: dtree.c(1478): Final simple tree
|( WDBNDRY_B 0 -4.282e+03 1.956e+02 2.100e+01
|    ( - -2.274e+03 1 0)
|    ( - -1.812e+03 2 0))
s>    ( WDBNDRY_B 0 -4.282e+03 1.956e+02 2.100e+01
s>        ( - -2.274e+03 1 0)
s>        ( - -1.812e+03 2 0))INFO: dtree.c(1315): Comp split 24
INFO: dtree.c(1315): Comp split 25
INFO: dtree.c(1439): stop. leaf nodes are specific
INFO: dtree.c(1478): Final simple tree
|( QUESTION0 -1 -1.863e+04 1.296e+02 8.431e+01
|    ( - -5.117e+02 1 0)
|    ( - -1.799e+04 1 0))
s>    ( QUESTION0 -1 -1.863e+04 1.296e+02 8.431e+01
s>        ( - -5.117e+02 1 0)
s>        ( - -1.799e+04 1 0))INFO: dtree.c(1315): Comp split 26
INFO: dtree.c(1315): Comp split 27
INFO: dtree.c(1439): stop. leaf nodes are specific
INFO: dtree.c(1478): Final simple tree
|( QUESTION0 -1 -8.787e+04 1.147e+02 3.910e+02
|    ( - -7.310e+02 1 0)
|    ( - -8.702e+04 1 0))
s>    ( QUESTION0 -1 -8.787e+04 1.147e+02 3.910e+02
s>        ( - -7.310e+02 1 0)
s>        ( - -8.702e+04 1 0))INFO: dtree.c(1315): Comp split 28
INFO: dtree.c(1439): stop. leaf nodes are specific
INFO: dtree.c(1478): Final simple tree
|( QUESTION0_0_R 1 -2.573e+04 2.022e+02 1.156e+02
|    ( QUESTION0 1 -1.909e+04 1.941e+02 8.512e+01
|        ( - -2.304e+02 1 0)
|        ( QUESTION0_2_R 1 -1.867e+04 1.522e+02 8.312e+01
|            ( QUESTION14 -1 -1.818e+04 1.680e+02 8.112e+01
|                ( - -1.700e+03 1 0)
|                ( - -1.632e+04 1 0))
|            ( - -3.319e+02 1 0)))
|    ( SILENCE 1 -6.436e+03 1.733e+02 3.044e+01
|        ( - -6.538e+02 1 0)
|        ( - -5.609e+03 1 0)))
s>    ( QUESTION0_0_R 1 -2.573e+04 2.022e+02 1.156e+02
s>        ( QUESTION0 1 -1.909e+04 1.941e+02 8.512e+01
s>            ( - -2.304e+02 1 0)
s>            ( QUESTION0_2_R 1 -1.867e+04 1.522e+02 8.312e+01
s>                ( QUESTION14 -1 -1.818e+04 1.680e+02 8.112e+01
s>                    ( - -1.700e+03 1 0)
s>                    ( - -1.632e+04 1 0))
s>                ( - -3.319e+02 1 0)))
s>        ( SILENCE 1 -6.436e+03 1.733e+02 3.044e+01
s>            ( - -6.538e+02 1 0)
s>            ( - -5.609e+03 1 0)))INFO: dtree.c(1315): Comp split 29
INFO: dtree.c(1439): stop. leaf nodes are specific
INFO: dtree.c(1478): Final simple tree
|( QUESTION0 -1 -7.132e+04 1.453e+02 3.212e+02
|    ( QUESTION1 -1 -2.399e+04 1.415e+02 1.083e+02
|        ( - -1.854e+03 1 0)
|        ( - -2.200e+04 1 0))
|    ( - -4.718e+04 3 0))
s>    ( QUESTION0 -1 -7.132e+04 1.453e+02 3.212e+02
s>        ( QUESTION1 -1 -2.399e+04 1.415e+02 1.083e+02
s>            ( - -1.854e+03 1 0)
s>            ( - -2.200e+04 1 0))
s>        ( - -4.718e+04 3 0))INFO: dtree.c(1315): Comp split 30
INFO: dtree.c(1315): Comp split 31
INFO: dtree.c(1439): stop. leaf nodes are specific
INFO: dtree.c(1478): Final simple tree
|( QUESTION0 1 -1.909e+04 1.941e+02 8.512e+01
|    ( - -2.304e+02 1 0)
|    ( QUESTION0_2_R 1 -1.867e+04 1.522e+02 8.312e+01
|        ( QUESTION14 -1 -1.818e+04 1.680e+02 8.112e+01
|            ( - -1.700e+03 1 0)
|            ( - -1.632e+04 1 0))
|        ( - -3.319e+02 1 0)))
s>    ( QUESTION0 1 -1.909e+04 1.941e+02 8.512e+01
s>        ( - -2.304e+02 1 0)
s>        ( QUESTION0_2_R 1 -1.867e+04 1.522e+02 8.312e+01
s>            ( QUESTION14 -1 -1.818e+04 1.680e+02 8.112e+01
s>                ( - -1.700e+03 1 0)
s>                ( - -1.632e+04 1 0))
s>            ( - -3.319e+02 1 0)))INFO: dtree.c(1439): stop. leaf nodes are specific
INFO: dtree.c(1478): Final simple tree
|( SILENCE 1 -6.436e+03 1.733e+02 3.044e+01
|    ( - -6.538e+02 1 0)
|    ( - -5.609e+03 1 0))
s>    ( SILENCE 1 -6.436e+03 1.733e+02 3.044e+01
s>        ( - -6.538e+02 1 0)
s>        ( - -5.609e+03 1 0))INFO: dtree.c(1315): Comp split 32
INFO: dtree.c(1315): Comp split 33
INFO: dtree.c(1439): stop. leaf nodes are specific
INFO: dtree.c(1478): Final simple tree
|( QUESTION0_2_R 1 -1.867e+04 1.522e+02 8.312e+01
|    ( QUESTION14 -1 -1.818e+04 1.680e+02 8.112e+01
|        ( - -1.700e+03 1 0)
|        ( - -1.632e+04 1 0))
|    ( - -3.319e+02 1 0))
s>    ( QUESTION0_2_R 1 -1.867e+04 1.522e+02 8.312e+01
s>        ( QUESTION14 -1 -1.818e+04 1.680e+02 8.112e+01
s>            ( - -1.700e+03 1 0)
s>            ( - -1.632e+04 1 0))
s>        ( - -3.319e+02 1 0))INFO: dtree.c(1315): Comp split 34
INFO: dtree.c(1439): stop. leaf nodes are specific
INFO: dtree.c(1478): Final simple tree
|( QUESTION2_19_L -1 -1.160e+04 1.316e+02 5.261e+01
|    ( - -1.702e+03 1 0)
|    ( SILENCE -1 -9.762e+03 1.086e+02 4.452e+01
|        ( - -8.213e+03 1 0)
|        ( - -1.440e+03 1 0)))
s>    ( QUESTION2_19_L -1 -1.160e+04 1.316e+02 5.261e+01
s>        ( - -1.702e+03 1 0)
s>        ( SILENCE -1 -9.762e+03 1.086e+02 4.452e+01
s>            ( - -8.213e+03 1 0)
s>            ( - -1.440e+03 1 0)))INFO: dtree.c(1439): stop. leaf nodes are specific
INFO: dtree.c(1478): Final simple tree
|( WDBNDRY_B 0 -7.522e+04 1.471e+02 3.381e+02
|    ( - -2.857e+02 1 0)
|    ( - -7.479e+04 1 0))
s>    ( WDBNDRY_B 0 -7.522e+04 1.471e+02 3.381e+02
s>        ( - -2.857e+02 1 0)
s>        ( - -7.479e+04 1 0))INFO: dtree.c(1315): Comp split 35
INFO: dtree.c(1439): stop. leaf nodes are specific
INFO: dtree.c(1478): Final simple tree
|( SILENCE 1 -2.154e+04 1.452e+02 9.574e+01
|    ( - -3.302e+02 1 0)
|    ( QUESTION4 1 -2.106e+04 1.216e+02 9.374e+01
|        ( - -1.015e+03 1 0)
|        ( - -1.992e+04 1 0)))
s>    ( SILENCE 1 -2.154e+04 1.452e+02 9.574e+01
s>        ( - -3.302e+02 1 0)
s>        ( QUESTION4 1 -2.106e+04 1.216e+02 9.374e+01
s>            ( - -1.015e+03 1 0)
s>            ( - -1.992e+04 1 0)))INFO: dtree.c(1315): Comp split 36
INFO: dtree.c(1315): Comp split 37
INFO: dtree.c(1439): stop. leaf nodes are specific
INFO: dtree.c(1478): Final simple tree
|( QUESTION0_2_R 1 -1.680e+04 1.519e+02 7.512e+01
|    ( - -1.632e+04 1 0)
|    ( - -3.319e+02 1 0))
s>    ( QUESTION0_2_R 1 -1.680e+04 1.519e+02 7.512e+01
s>        ( - -1.632e+04 1 0)
s>        ( - -3.319e+02 1 0))INFO: dtree.c(1315): Comp split 38
INFO: dtree.c(1315): Comp split 39
INFO: dtree.c(1439): stop. leaf nodes are specific
INFO: dtree.c(1478): Final simple tree
|( WDBNDRY_B 0 -1.207e+04 1.606e+02 5.500e+01
|    ( - -7.026e+02 1 0)
|    ( - -1.121e+04 1 0))
s>    ( WDBNDRY_B 0 -1.207e+04 1.606e+02 5.500e+01
s>        ( - -7.026e+02 1 0)
s>        ( - -1.121e+04 1 0))INFO: dtree.c(1315): Comp split 40
INFO: dtree.c(1315): Comp split 41
INFO: dtree.c(1315): Comp split 42
INFO: dtree.c(1315): Comp split 43
INFO: dtree.c(1439): stop. leaf nodes are specific
INFO: dtree.c(1478): Final simple tree
|( QUESTION1 -1 -2.399e+04 1.415e+02 1.083e+02
|    ( - -1.854e+03 1 0)
|    ( - -2.200e+04 1 0))
s>    ( QUESTION1 -1 -2.399e+04 1.415e+02 1.083e+02
s>        ( - -1.854e+03 1 0)
s>        ( - -2.200e+04 1 0))INFO: dtree.c(1315): Comp split 44
INFO: dtree.c(1439): stop. leaf nodes are specific
INFO: dtree.c(1478): Final simple tree
|( QUESTION4 1 -2.106e+04 1.216e+02 9.374e+01
|    ( - -1.015e+03 1 0)
|    ( - -1.992e+04 1 0))
s>    ( QUESTION4 1 -2.106e+04 1.216e+02 9.374e+01
s>        ( - -1.015e+03 1 0)
s>        ( - -1.992e+04 1 0))INFO: dtree.c(1315): Comp split 45
INFO: dtree.c(1315): Comp split 46
INFO: dtree.c(1315): Comp split 47
INFO: dtree.c(1439): stop. leaf nodes are specific
INFO: dtree.c(1478): Final simple tree
|( SILENCE -1 -9.762e+03 1.086e+02 4.452e+01
|    ( - -8.213e+03 1 0)
|    ( - -1.440e+03 1 0))
s>    ( SILENCE -1 -9.762e+03 1.086e+02 4.452e+01
s>        ( - -8.213e+03 1 0)
s>        ( - -1.440e+03 1 0))INFO: dtree.c(1315): Comp split 48
INFO: dtree.c(1315): Comp split 49
INFO: dtree.c(1315): Comp split 50
INFO: dtree.c(1315): Comp split 51
INFO: dtree.c(1315): Comp split 52
INFO: dtree.c(1315): Comp split 53
INFO: dtree.c(1315): Comp split 54
INFO: dtree.c(1318): stop. leaf nodes are specific
Sun Mar 19 21:50:43 2017
