        INFO: pocketsphinx.c(152): Parsed model-specific feature parameters from /home/ilya/Рабочий стол/lab_sphinx/ru_base/model_parameters/ru_base.cd_cont_2000/feat.params
Current configuration:
[NAME]			[DEFLT]		[VALUE]
-agc			none		none
-agcthresh		2.0		2.000000e+00
-allphone				
-allphone_ci		yes		yes
-alpha			0.97		9.700000e-01
-ascale			20.0		2.000000e+01
-aw			1		1
-backtrace		no		no
-beam			1e-48		1.000000e-80
-bestpath		yes		yes
-bestpathlw		9.5		1.000000e+01
-ceplen			13		13
-cmn			live		batch
-cmninit		40,3,-1		40,3,-1
-compallsen		no		no
-debug					0
-dict					/home/ilya/Рабочий стол/lab_sphinx/ru_base/etc/ru_base.dic
-dictcase		no		no
-dither			no		no
-doublebw		no		no
-ds			1		1
-fdict					
-feat			1s_c_d_dd	1s_c_d_dd
-featparams				
-fillprob		1e-8		1.000000e-08
-frate			100		100
-fsg					
-fsgusealtpron		yes		yes
-fsgusefiller		yes		yes
-fwdflat		yes		yes
-fwdflatbeam		1e-64		1.000000e-80
-fwdflatefwid		4		4
-fwdflatlw		8.5		1.000000e+01
-fwdflatsfwin		25		25
-fwdflatwbeam		7e-29		1.000000e-40
-fwdtree		yes		yes
-hmm					/home/ilya/Рабочий стол/lab_sphinx/ru_base/model_parameters/ru_base.cd_cont_2000
-input_endian		little		little
-jsgf					
-keyphrase				
-kws					
-kws_delay		10		10
-kws_plp		1e-1		1.000000e-01
-kws_threshold		1e-30		1.000000e-30
-latsize		5000		5000
-lda					
-ldadim			0		0
-lifter			0		22
-lm					/home/ilya/Рабочий стол/lab_sphinx/ru_base/etc/ru_base_test.lm.DMP
-lmctl					
-lmname					
-logbase		1.0001		1.000100e+00
-logfn					
-logspec		no		no
-lowerf			133.33334	1.300000e+02
-lpbeam			1e-40		1.000000e-80
-lponlybeam		7e-29		1.000000e-80
-lw			6.5		1.000000e+01
-maxhmmpf		30000		30000
-maxwpf			-1		-1
-mdef					
-mean					
-mfclogdir				
-min_endfr		0		0
-mixw					
-mixwfloor		0.0000001	1.000000e-07
-mllr					
-mmap			yes		yes
-ncep			13		13
-nfft			512		512
-nfilt			40		25
-nwpen			1.0		1.000000e+00
-pbeam			1e-48		1.000000e-80
-pip			1.0		1.000000e+00
-pl_beam		1e-10		1.000000e-10
-pl_pbeam		1e-10		1.000000e-10
-pl_pip			1.0		1.000000e+00
-pl_weight		3.0		3.000000e+00
-pl_window		5		5
-rawlogdir				
-remove_dc		no		no
-remove_noise		yes		yes
-remove_silence		yes		yes
-round_filters		yes		yes
-samprate		16000		1.600000e+04
-seed			-1		-1
-sendump				
-senlogdir				
-senmgau				
-silprob		0.005		5.000000e-03
-smoothspec		no		no
-svspec					
-tmat					
-tmatfloor		0.0001		1.000000e-04
-topn			4		4
-topn_beam		0		0
-toprule				
-transform		legacy		dct
-unit_area		yes		yes
-upperf			6855.4976	6.800000e+03
-uw			1.0		1.000000e+00
-vad_postspeech		50		50
-vad_prespeech		20		20
-vad_startspeech	10		10
-vad_threshold		3.0		3.000000e+00
-var					
-varfloor		0.0001		1.000000e-04
-varnorm		no		no
-verbose		no		no
-warp_params				
-warp_type		inverse_linear	inverse_linear
-wbeam			7e-29		1.000000e-40
-wip			0.65		2.000000e-01
-wlen			0.025625	2.562500e-02

INFO: feat.c(715): Initializing feature stream to type: '1s_c_d_dd', ceplen=13, CMN='batch', VARNORM='no', AGC='none'
INFO: mdef.c(518): Reading model definition: /home/ilya/Рабочий стол/lab_sphinx/ru_base/model_parameters/ru_base.cd_cont_2000/mdef
INFO: bin_mdef.c(181): Allocating 50379 * 8 bytes (393 KiB) for CD tree
INFO: tmat.c(149): Reading HMM transition probability matrices: /home/ilya/Рабочий стол/lab_sphinx/ru_base/model_parameters/ru_base.cd_cont_2000/transition_matrices
INFO: acmod.c(113): Attempting to use PTM computation module
INFO: ms_gauden.c(127): Reading mixture gaussian parameter: /home/ilya/Рабочий стол/lab_sphinx/ru_base/model_parameters/ru_base.cd_cont_2000/means
INFO: ms_gauden.c(242): 2129 codebook, 1 feature, size: 
INFO: ms_gauden.c(244):  16x39
INFO: ms_gauden.c(127): Reading mixture gaussian parameter: /home/ilya/Рабочий стол/lab_sphinx/ru_base/model_parameters/ru_base.cd_cont_2000/variances
INFO: ms_gauden.c(242): 2129 codebook, 1 feature, size: 
INFO: ms_gauden.c(244):  16x39
INFO: ms_gauden.c(304): 79 variance values floored
INFO: ptm_mgau.c(804): Number of codebooks exceeds 256: 2129
INFO: acmod.c(115): Attempting to use semi-continuous computation module
INFO: ms_gauden.c(127): Reading mixture gaussian parameter: /home/ilya/Рабочий стол/lab_sphinx/ru_base/model_parameters/ru_base.cd_cont_2000/means
INFO: ms_gauden.c(242): 2129 codebook, 1 feature, size: 
INFO: ms_gauden.c(244):  16x39
INFO: ms_gauden.c(127): Reading mixture gaussian parameter: /home/ilya/Рабочий стол/lab_sphinx/ru_base/model_parameters/ru_base.cd_cont_2000/variances
INFO: ms_gauden.c(242): 2129 codebook, 1 feature, size: 
INFO: ms_gauden.c(244):  16x39
INFO: ms_gauden.c(304): 79 variance values floored
INFO: acmod.c(117): Falling back to general multi-stream GMM computation
INFO: ms_gauden.c(127): Reading mixture gaussian parameter: /home/ilya/Рабочий стол/lab_sphinx/ru_base/model_parameters/ru_base.cd_cont_2000/means
INFO: ms_gauden.c(242): 2129 codebook, 1 feature, size: 
INFO: ms_gauden.c(244):  16x39
INFO: ms_gauden.c(127): Reading mixture gaussian parameter: /home/ilya/Рабочий стол/lab_sphinx/ru_base/model_parameters/ru_base.cd_cont_2000/variances
INFO: ms_gauden.c(242): 2129 codebook, 1 feature, size: 
INFO: ms_gauden.c(244):  16x39
INFO: ms_gauden.c(304): 79 variance values floored
INFO: ms_senone.c(149): Reading senone mixture weights: /home/ilya/Рабочий стол/lab_sphinx/ru_base/model_parameters/ru_base.cd_cont_2000/mixture_weights
INFO: ms_senone.c(200): Truncating senone logs3(pdf) values by 10 bits
INFO: ms_senone.c(207): Not transposing mixture weights in memory
INFO: ms_senone.c(268): Read mixture weights for 2129 senones: 1 features x 16 codewords
INFO: ms_senone.c(320): Mapping senones to individual codebooks
INFO: ms_mgau.c(144): The value of topn: 4
INFO: phone_loop_search.c(114): State beam -225 Phone exit beam -225 Insertion penalty 0
INFO: dict.c(320): Allocating 7581 * 32 bytes (236 KiB) for word entries
INFO: dict.c(333): Reading main dictionary: /home/ilya/Рабочий стол/lab_sphinx/ru_base/etc/ru_base.dic
INFO: dict.c(213): Dictionary size 3482, allocated 47 KiB for strings, 48 KiB for phones
INFO: dict.c(336): 3482 words read
INFO: dict.c(358): Reading filler dictionary: /home/ilya/Рабочий стол/lab_sphinx/ru_base/model_parameters/ru_base.cd_cont_2000/noisedict
INFO: dict.c(213): Dictionary size 3485, allocated 0 KiB for strings, 0 KiB for phones
INFO: dict.c(361): 3 words read
INFO: dict2pid.c(396): Building PID tables for dictionary
INFO: dict2pid.c(406): Allocating 43^3 * 2 bytes (155 KiB) for word-initial triphones
INFO: dict2pid.c(132): Allocated 44720 bytes (43 KiB) for word-final triphones
INFO: dict2pid.c(196): Allocated 44720 bytes (43 KiB) for single-phone word triphones
INFO: ngram_model_trie.c(354): Trying to read LM in trie binary format
INFO: ngram_search_fwdtree.c(74): Initializing search tree
INFO: ngram_search_fwdtree.c(101): 327 unique initial diphones
INFO: ngram_search_fwdtree.c(186): Creating search channels
INFO: ngram_search_fwdtree.c(323): Max nonroot chan increased to 11755
INFO: ngram_search_fwdtree.c(333): Created 327 root, 11627 non-root channels, 17 single-phone words
INFO: ngram_search_fwdflat.c(157): fwdflat: min_ef_width = 4, max_sf_win = 25
INFO: batch.c(729): Decoding 'test-speaker/wav/ru_0054'
INFO: cmn.c(133): CMN: 29.80 -1.17  2.52  3.44 -11.36 22.89 -6.61 -11.49 -2.62  7.82  5.37 -1.54 -0.86 
INFO: ngram_search_fwdtree.c(1550):     3580 words recognized (7/fr)
INFO: ngram_search_fwdtree.c(1552):   563368 senones evaluated (1053/fr)
INFO: ngram_search_fwdtree.c(1556):  1419417 channels searched (2653/fr), 100561 1st, 547734 last
INFO: ngram_search_fwdtree.c(1559):    38903 words for which last channels evaluated (72/fr)
INFO: ngram_search_fwdtree.c(1561):    60865 candidate words for entering last phone (113/fr)
INFO: ngram_search_fwdtree.c(1564): fwdtree 1.19 CPU 0.222 xRT
INFO: ngram_search_fwdtree.c(1567): fwdtree 1.19 wall 0.222 xRT
INFO: ngram_search_fwdflat.c(302): Utterance vocabulary contains 165 words
INFO: ngram_search_fwdflat.c(948):      793 words recognized (1/fr)
INFO: ngram_search_fwdflat.c(950):    71221 senones evaluated (133/fr)
INFO: ngram_search_fwdflat.c(952):    66049 channels searched (123/fr)
INFO: ngram_search_fwdflat.c(954):     7670 words searched (14/fr)
INFO: ngram_search_fwdflat.c(957):    12280 word transitions (22/fr)
INFO: ngram_search_fwdflat.c(960): fwdflat 0.12 CPU 0.022 xRT
INFO: ngram_search_fwdflat.c(963): fwdflat 0.12 wall 0.022 xRT
INFO: ngram_search.c(1250): lattice start node <s>.0 end node </s>.502
INFO: ngram_search.c(1276): Eliminated 0 nodes before end node
INFO: ngram_search.c(1381): Lattice has 177 nodes, 131 links
INFO: ps_lattice.c(1380): Bestpath score: -9708
INFO: ps_lattice.c(1384): Normalizer P(O) = alpha(</s>:502:533) = -552274
INFO: ps_lattice.c(1441): Joint P(O,S) = -567472 P(S|O) = -15198
INFO: ngram_search.c(872): bestpath 0.00 CPU 0.000 xRT
INFO: ngram_search.c(875): bestpath 0.00 wall 0.000 xRT
INFO: batch.c(761): test-speaker/wav/ru_0054: 5.34 seconds speech, 1.30 seconds CPU, 1.30 seconds wall
INFO: batch.c(763): test-speaker/wav/ru_0054: 0.24 xRT (CPU), 0.24 xRT (elapsed)
в междузвёздном пространстве носятся осколки планет нерождённых или погибших миров (test-speaker/wav/ru_0054 -10135)
test-speaker/wav/ru_0054 done --------------------------------------
INFO: batch.c(729): Decoding 'test-speaker/wav/ru_0055'
INFO: cmn.c(133): CMN: 29.70 -0.90  2.97  2.32 -12.40 17.67 -5.29 -7.31 -4.44  5.62  8.14  0.76 -5.22 
INFO: ngram_search.c(459): Resized backpointer table to 10000 entries
INFO: ngram_search.c(467): Resized score stack to 200000 entries
INFO: ngram_search_fwdtree.c(1550):     9527 words recognized (11/fr)
INFO: ngram_search_fwdtree.c(1552):  1114981 senones evaluated (1279/fr)
INFO: ngram_search_fwdtree.c(1556):  2939128 channels searched (3370/fr), 209397 1st, 1282190 last
INFO: ngram_search_fwdtree.c(1559):    89253 words for which last channels evaluated (102/fr)
INFO: ngram_search_fwdtree.c(1561):   107391 candidate words for entering last phone (123/fr)
INFO: ngram_search_fwdtree.c(1564): fwdtree 1.89 CPU 0.217 xRT
INFO: ngram_search_fwdtree.c(1567): fwdtree 1.89 wall 0.217 xRT
INFO: ngram_search_fwdflat.c(302): Utterance vocabulary contains 351 words
INFO: ngram_search_fwdflat.c(948):     1939 words recognized (2/fr)
INFO: ngram_search_fwdflat.c(950):   212107 senones evaluated (243/fr)
INFO: ngram_search_fwdflat.c(952):   227612 channels searched (261/fr)
INFO: ngram_search_fwdflat.c(954):    26686 words searched (30/fr)
INFO: ngram_search_fwdflat.c(957):    31630 word transitions (36/fr)
INFO: ngram_search_fwdflat.c(960): fwdflat 0.22 CPU 0.025 xRT
INFO: ngram_search_fwdflat.c(963): fwdflat 0.22 wall 0.025 xRT
INFO: ngram_search.c(1250): lattice start node <s>.0 end node </s>.826
INFO: ngram_search.c(1276): Eliminated 0 nodes before end node
INFO: ngram_search.c(1381): Lattice has 419 nodes, 276 links
INFO: ps_lattice.c(1380): Bestpath score: -29224
INFO: ps_lattice.c(1384): Normalizer P(O) = alpha(</s>:826:870) = -1815681
INFO: ps_lattice.c(1441): Joint P(O,S) = -1834989 P(S|O) = -19308
INFO: ngram_search.c(872): bestpath 0.00 CPU 0.000 xRT
INFO: ngram_search.c(875): bestpath 0.00 wall 0.000 xRT
INFO: batch.c(761): test-speaker/wav/ru_0055: 8.71 seconds speech, 2.11 seconds CPU, 2.11 seconds wall
INFO: batch.c(763): test-speaker/wav/ru_0055: 0.24 xRT (CPU), 0.24 xRT (elapsed)
из распахнутых ворот тянуло сырым ночным холодом под сводом подворотни покачивалась на обросшем грязью шнуре голая желтая лампочка (test-speaker/wav/ru_0055 -29462)
test-speaker/wav/ru_0055 done --------------------------------------
INFO: batch.c(778): TOTAL 14.05 seconds speech, 3.41 seconds CPU, 3.41 seconds wall
INFO: batch.c(780): AVERAGE 0.24 xRT (CPU), 0.24 xRT (elapsed)
INFO: ngram_search_fwdtree.c(429): TOTAL fwdtree 3.08 CPU 0.219 xRT
INFO: ngram_search_fwdtree.c(432): TOTAL fwdtree 3.08 wall 0.219 xRT
INFO: ngram_search_fwdflat.c(176): TOTAL fwdflat 0.33 CPU 0.024 xRT
INFO: ngram_search_fwdflat.c(179): TOTAL fwdflat 0.33 wall 0.024 xRT
INFO: ngram_search.c(303): TOTAL bestpath 0.00 CPU 0.000 xRT
INFO: ngram_search.c(306): TOTAL bestpath 0.00 wall 0.000 xRT
Fri Mar 31 00:35:49 2017
