        INFO: pocketsphinx.c(152): Parsed model-specific feature parameters from /home/ilya/Рабочий стол/lab_sphinx/ru_base/model_parameters/ru_base.cd_cont_2000/feat.params
Current configuration:
[NAME]			[DEFLT]		[VALUE]
-agc			none		none
-agcthresh		2.0		2.000000e+00
-allphone				
-allphone_ci		yes		yes
-alpha			0.97		9.700000e-01
-ascale			20.0		2.000000e+01
-aw			1		1
-backtrace		no		no
-beam			1e-48		1.000000e-80
-bestpath		yes		yes
-bestpathlw		9.5		1.000000e+01
-ceplen			13		13
-cmn			live		batch
-cmninit		40,3,-1		40,3,-1
-compallsen		no		no
-debug					0
-dict					/home/ilya/Рабочий стол/lab_sphinx/ru_base/etc/ru_base.dic
-dictcase		no		no
-dither			no		no
-doublebw		no		no
-ds			1		1
-fdict					
-feat			1s_c_d_dd	1s_c_d_dd
-featparams				
-fillprob		1e-8		1.000000e-08
-frate			100		100
-fsg					
-fsgusealtpron		yes		yes
-fsgusefiller		yes		yes
-fwdflat		yes		yes
-fwdflatbeam		1e-64		1.000000e-80
-fwdflatefwid		4		4
-fwdflatlw		8.5		1.000000e+01
-fwdflatsfwin		25		25
-fwdflatwbeam		7e-29		1.000000e-40
-fwdtree		yes		yes
-hmm					/home/ilya/Рабочий стол/lab_sphinx/ru_base/model_parameters/ru_base.cd_cont_2000
-input_endian		little		little
-jsgf					
-keyphrase				
-kws					
-kws_delay		10		10
-kws_plp		1e-1		1.000000e-01
-kws_threshold		1e-30		1.000000e-30
-latsize		5000		5000
-lda					
-ldadim			0		0
-lifter			0		22
-lm					/home/ilya/Рабочий стол/lab_sphinx/ru_base/etc/ru_base_test.lm.DMP
-lmctl					
-lmname					
-logbase		1.0001		1.000100e+00
-logfn					
-logspec		no		no
-lowerf			133.33334	1.300000e+02
-lpbeam			1e-40		1.000000e-80
-lponlybeam		7e-29		1.000000e-80
-lw			6.5		1.000000e+01
-maxhmmpf		30000		30000
-maxwpf			-1		-1
-mdef					
-mean					
-mfclogdir				
-min_endfr		0		0
-mixw					
-mixwfloor		0.0000001	1.000000e-07
-mllr					
-mmap			yes		yes
-ncep			13		13
-nfft			512		512
-nfilt			40		25
-nwpen			1.0		1.000000e+00
-pbeam			1e-48		1.000000e-80
-pip			1.0		1.000000e+00
-pl_beam		1e-10		1.000000e-10
-pl_pbeam		1e-10		1.000000e-10
-pl_pip			1.0		1.000000e+00
-pl_weight		3.0		3.000000e+00
-pl_window		5		5
-rawlogdir				
-remove_dc		no		no
-remove_noise		yes		yes
-remove_silence		yes		yes
-round_filters		yes		yes
-samprate		16000		1.600000e+04
-seed			-1		-1
-sendump				
-senlogdir				
-senmgau				
-silprob		0.005		5.000000e-03
-smoothspec		no		no
-svspec					
-tmat					
-tmatfloor		0.0001		1.000000e-04
-topn			4		4
-topn_beam		0		0
-toprule				
-transform		legacy		dct
-unit_area		yes		yes
-upperf			6855.4976	6.800000e+03
-uw			1.0		1.000000e+00
-vad_postspeech		50		50
-vad_prespeech		20		20
-vad_startspeech	10		10
-vad_threshold		3.0		3.000000e+00
-var					
-varfloor		0.0001		1.000000e-04
-varnorm		no		no
-verbose		no		no
-warp_params				
-warp_type		inverse_linear	inverse_linear
-wbeam			7e-29		1.000000e-40
-wip			0.65		2.000000e-01
-wlen			0.025625	2.562500e-02

INFO: feat.c(715): Initializing feature stream to type: '1s_c_d_dd', ceplen=13, CMN='batch', VARNORM='no', AGC='none'
INFO: mdef.c(518): Reading model definition: /home/ilya/Рабочий стол/lab_sphinx/ru_base/model_parameters/ru_base.cd_cont_2000/mdef
INFO: bin_mdef.c(181): Allocating 50379 * 8 bytes (393 KiB) for CD tree
INFO: tmat.c(149): Reading HMM transition probability matrices: /home/ilya/Рабочий стол/lab_sphinx/ru_base/model_parameters/ru_base.cd_cont_2000/transition_matrices
INFO: acmod.c(113): Attempting to use PTM computation module
INFO: ms_gauden.c(127): Reading mixture gaussian parameter: /home/ilya/Рабочий стол/lab_sphinx/ru_base/model_parameters/ru_base.cd_cont_2000/means
INFO: ms_gauden.c(242): 2129 codebook, 1 feature, size: 
INFO: ms_gauden.c(244):  16x39
INFO: ms_gauden.c(127): Reading mixture gaussian parameter: /home/ilya/Рабочий стол/lab_sphinx/ru_base/model_parameters/ru_base.cd_cont_2000/variances
INFO: ms_gauden.c(242): 2129 codebook, 1 feature, size: 
INFO: ms_gauden.c(244):  16x39
INFO: ms_gauden.c(304): 79 variance values floored
INFO: ptm_mgau.c(804): Number of codebooks exceeds 256: 2129
INFO: acmod.c(115): Attempting to use semi-continuous computation module
INFO: ms_gauden.c(127): Reading mixture gaussian parameter: /home/ilya/Рабочий стол/lab_sphinx/ru_base/model_parameters/ru_base.cd_cont_2000/means
INFO: ms_gauden.c(242): 2129 codebook, 1 feature, size: 
INFO: ms_gauden.c(244):  16x39
INFO: ms_gauden.c(127): Reading mixture gaussian parameter: /home/ilya/Рабочий стол/lab_sphinx/ru_base/model_parameters/ru_base.cd_cont_2000/variances
INFO: ms_gauden.c(242): 2129 codebook, 1 feature, size: 
INFO: ms_gauden.c(244):  16x39
INFO: ms_gauden.c(304): 79 variance values floored
INFO: acmod.c(117): Falling back to general multi-stream GMM computation
INFO: ms_gauden.c(127): Reading mixture gaussian parameter: /home/ilya/Рабочий стол/lab_sphinx/ru_base/model_parameters/ru_base.cd_cont_2000/means
INFO: ms_gauden.c(242): 2129 codebook, 1 feature, size: 
INFO: ms_gauden.c(244):  16x39
INFO: ms_gauden.c(127): Reading mixture gaussian parameter: /home/ilya/Рабочий стол/lab_sphinx/ru_base/model_parameters/ru_base.cd_cont_2000/variances
INFO: ms_gauden.c(242): 2129 codebook, 1 feature, size: 
INFO: ms_gauden.c(244):  16x39
INFO: ms_gauden.c(304): 79 variance values floored
INFO: ms_senone.c(149): Reading senone mixture weights: /home/ilya/Рабочий стол/lab_sphinx/ru_base/model_parameters/ru_base.cd_cont_2000/mixture_weights
INFO: ms_senone.c(200): Truncating senone logs3(pdf) values by 10 bits
INFO: ms_senone.c(207): Not transposing mixture weights in memory
INFO: ms_senone.c(268): Read mixture weights for 2129 senones: 1 features x 16 codewords
INFO: ms_senone.c(320): Mapping senones to individual codebooks
INFO: ms_mgau.c(144): The value of topn: 4
INFO: phone_loop_search.c(114): State beam -225 Phone exit beam -225 Insertion penalty 0
INFO: dict.c(320): Allocating 7581 * 32 bytes (236 KiB) for word entries
INFO: dict.c(333): Reading main dictionary: /home/ilya/Рабочий стол/lab_sphinx/ru_base/etc/ru_base.dic
INFO: dict.c(213): Dictionary size 3482, allocated 47 KiB for strings, 48 KiB for phones
INFO: dict.c(336): 3482 words read
INFO: dict.c(358): Reading filler dictionary: /home/ilya/Рабочий стол/lab_sphinx/ru_base/model_parameters/ru_base.cd_cont_2000/noisedict
INFO: dict.c(213): Dictionary size 3485, allocated 0 KiB for strings, 0 KiB for phones
INFO: dict.c(361): 3 words read
INFO: dict2pid.c(396): Building PID tables for dictionary
INFO: dict2pid.c(406): Allocating 43^3 * 2 bytes (155 KiB) for word-initial triphones
INFO: dict2pid.c(132): Allocated 44720 bytes (43 KiB) for word-final triphones
INFO: dict2pid.c(196): Allocated 44720 bytes (43 KiB) for single-phone word triphones
INFO: ngram_model_trie.c(354): Trying to read LM in trie binary format
INFO: ngram_search_fwdtree.c(74): Initializing search tree
INFO: ngram_search_fwdtree.c(101): 327 unique initial diphones
INFO: ngram_search_fwdtree.c(186): Creating search channels
INFO: ngram_search_fwdtree.c(323): Max nonroot chan increased to 11755
INFO: ngram_search_fwdtree.c(333): Created 327 root, 11627 non-root channels, 17 single-phone words
INFO: ngram_search_fwdflat.c(157): fwdflat: min_ef_width = 4, max_sf_win = 25
INFO: batch.c(729): Decoding 'test-speaker/wav/ru_1004'
INFO: cmn.c(133): CMN: 29.31  1.43  5.47  5.56 -14.08 22.52 -6.45 -4.25 -2.87  1.13  2.65 -3.42  0.27 
INFO: ngram_search.c(459): Resized backpointer table to 10000 entries
INFO: ngram_search_fwdtree.c(1550):     5707 words recognized (12/fr)
INFO: ngram_search_fwdtree.c(1552):   649207 senones evaluated (1336/fr)
INFO: ngram_search_fwdtree.c(1556):  1972166 channels searched (4057/fr), 122600 1st, 834067 last
INFO: ngram_search_fwdtree.c(1559):    58299 words for which last channels evaluated (119/fr)
INFO: ngram_search_fwdtree.c(1561):    87338 candidate words for entering last phone (179/fr)
INFO: ngram_search_fwdtree.c(1564): fwdtree 1.40 CPU 0.287 xRT
INFO: ngram_search_fwdtree.c(1567): fwdtree 1.40 wall 0.288 xRT
INFO: ngram_search_fwdflat.c(302): Utterance vocabulary contains 235 words
INFO: ngram_search_fwdflat.c(948):     2213 words recognized (5/fr)
INFO: ngram_search_fwdflat.c(950):   153017 senones evaluated (315/fr)
INFO: ngram_search_fwdflat.c(952):   189994 channels searched (390/fr)
INFO: ngram_search_fwdflat.c(954):    18754 words searched (38/fr)
INFO: ngram_search_fwdflat.c(957):    18160 word transitions (37/fr)
INFO: ngram_search_fwdflat.c(960): fwdflat 0.27 CPU 0.056 xRT
INFO: ngram_search_fwdflat.c(963): fwdflat 0.27 wall 0.055 xRT
INFO: ngram_search.c(1250): lattice start node <s>.0 end node </s>.439
INFO: ngram_search.c(1276): Eliminated 0 nodes before end node
INFO: ngram_search.c(1381): Lattice has 461 nodes, 553 links
INFO: ps_lattice.c(1380): Bestpath score: -18987
INFO: ps_lattice.c(1384): Normalizer P(O) = alpha(</s>:439:484) = -1199550
INFO: ps_lattice.c(1441): Joint P(O,S) = -1216978 P(S|O) = -17428
INFO: ngram_search.c(872): bestpath 0.00 CPU 0.000 xRT
INFO: ngram_search.c(875): bestpath 0.00 wall 0.000 xRT
INFO: batch.c(761): test-speaker/wav/ru_1004: 4.85 seconds speech, 1.67 seconds CPU, 1.67 seconds wall
INFO: batch.c(763): test-speaker/wav/ru_1004: 0.34 xRT (CPU), 0.34 xRT (elapsed)
на глаз сделал грустно улыбаясь шофер гусев и закружился (test-speaker/wav/ru_1004 -19450)
test-speaker/wav/ru_1004 done --------------------------------------
INFO: batch.c(729): Decoding 'test-speaker/wav/ru_1005'
INFO: cmn.c(133): CMN: 33.29 -2.95  1.47 12.67 -8.22 20.64 -9.57 -4.01 -8.73  3.79  9.81 -1.19 -2.05 
INFO: ngram_search.c(467): Resized score stack to 200000 entries
INFO: ngram_search_fwdtree.c(1550):     8302 words recognized (16/fr)
INFO: ngram_search_fwdtree.c(1552):   679792 senones evaluated (1302/fr)
INFO: ngram_search_fwdtree.c(1556):  1945763 channels searched (3727/fr), 129443 1st, 953583 last
INFO: ngram_search_fwdtree.c(1559):    67064 words for which last channels evaluated (128/fr)
INFO: ngram_search_fwdtree.c(1561):    66838 candidate words for entering last phone (128/fr)
INFO: ngram_search_fwdtree.c(1564): fwdtree 1.32 CPU 0.253 xRT
INFO: ngram_search_fwdtree.c(1567): fwdtree 1.33 wall 0.255 xRT
INFO: ngram_search_fwdflat.c(302): Utterance vocabulary contains 343 words
INFO: ngram_search_fwdflat.c(948):     2876 words recognized (6/fr)
INFO: ngram_search_fwdflat.c(950):   179896 senones evaluated (345/fr)
INFO: ngram_search_fwdflat.c(952):   243769 channels searched (466/fr)
INFO: ngram_search_fwdflat.c(954):    24973 words searched (47/fr)
INFO: ngram_search_fwdflat.c(957):    27351 word transitions (52/fr)
INFO: ngram_search_fwdflat.c(960): fwdflat 0.19 CPU 0.037 xRT
INFO: ngram_search_fwdflat.c(963): fwdflat 0.19 wall 0.037 xRT
INFO: ngram_search.c(1250): lattice start node <s>.0 end node </s>.474
INFO: ngram_search.c(1276): Eliminated 0 nodes before end node
INFO: ngram_search.c(1381): Lattice has 433 nodes, 524 links
INFO: ps_lattice.c(1380): Bestpath score: -20663
INFO: ps_lattice.c(1384): Normalizer P(O) = alpha(</s>:474:520) = -1310163
INFO: ps_lattice.c(1441): Joint P(O,S) = -1330267 P(S|O) = -20104
INFO: ngram_search.c(872): bestpath 0.00 CPU 0.000 xRT
INFO: ngram_search.c(875): bestpath 0.00 wall 0.000 xRT
INFO: batch.c(761): test-speaker/wav/ru_1005: 5.21 seconds speech, 1.51 seconds CPU, 1.52 seconds wall
INFO: batch.c(763): test-speaker/wav/ru_1005: 0.29 xRT (CPU), 0.29 xRT (elapsed)
шептались шевеля добряк спускаясь с дерева фабриками чайных деревьев (test-speaker/wav/ru_1005 -20921)
test-speaker/wav/ru_1005 done --------------------------------------
INFO: batch.c(729): Decoding 'test-speaker/wav/ru_1006'
INFO: cmn.c(133): CMN: 31.48 -1.19  4.88 10.45 -9.66 21.75 -3.17 -8.23 -2.83  3.80  7.30 -2.76 -4.60 
INFO: ngram_search_fwdtree.c(1550):     9849 words recognized (15/fr)
INFO: ngram_search_fwdtree.c(1552):   888533 senones evaluated (1373/fr)
INFO: ngram_search_fwdtree.c(1556):  2721860 channels searched (4206/fr), 167475 1st, 1254249 last
INFO: ngram_search_fwdtree.c(1559):    91816 words for which last channels evaluated (141/fr)
INFO: ngram_search_fwdtree.c(1561):   113742 candidate words for entering last phone (175/fr)
INFO: ngram_search_fwdtree.c(1564): fwdtree 1.03 CPU 0.160 xRT
INFO: ngram_search_fwdtree.c(1567): fwdtree 1.03 wall 0.160 xRT
INFO: ngram_search_fwdflat.c(302): Utterance vocabulary contains 311 words
INFO: ngram_search_fwdflat.c(948):     6319 words recognized (10/fr)
INFO: ngram_search_fwdflat.c(950):   252226 senones evaluated (390/fr)
INFO: ngram_search_fwdflat.c(952):   336734 channels searched (520/fr)
INFO: ngram_search_fwdflat.c(954):    31608 words searched (48/fr)
INFO: ngram_search_fwdflat.c(957):    27153 word transitions (41/fr)
INFO: ngram_search_fwdflat.c(960): fwdflat 0.25 CPU 0.038 xRT
INFO: ngram_search_fwdflat.c(963): fwdflat 0.25 wall 0.038 xRT
INFO: ngram_search.c(1250): lattice start node <s>.0 end node </s>.602
INFO: ngram_search.c(1276): Eliminated 0 nodes before end node
INFO: ngram_search.c(1381): Lattice has 761 nodes, 1957 links
INFO: ps_lattice.c(1380): Bestpath score: -27442
INFO: ps_lattice.c(1384): Normalizer P(O) = alpha(</s>:602:645) = -1901194
INFO: ps_lattice.c(1441): Joint P(O,S) = -1982365 P(S|O) = -81171
INFO: ngram_search.c(872): bestpath 0.00 CPU 0.000 xRT
INFO: ngram_search.c(875): bestpath 0.00 wall 0.000 xRT
INFO: batch.c(761): test-speaker/wav/ru_1006: 6.46 seconds speech, 1.28 seconds CPU, 1.28 seconds wall
INFO: batch.c(763): test-speaker/wav/ru_1006: 0.20 xRT (CPU), 0.20 xRT (elapsed)
нимфа да она всё выглядывала глубины города и еще он зовёт её зубр знаю точно (test-speaker/wav/ru_1006 -28509)
test-speaker/wav/ru_1006 done --------------------------------------
INFO: batch.c(778): TOTAL 16.52 seconds speech, 4.46 seconds CPU, 4.47 seconds wall
INFO: batch.c(780): AVERAGE 0.27 xRT (CPU), 0.27 xRT (elapsed)
INFO: ngram_search_fwdtree.c(429): TOTAL fwdtree 3.75 CPU 0.227 xRT
INFO: ngram_search_fwdtree.c(432): TOTAL fwdtree 3.76 wall 0.228 xRT
INFO: ngram_search_fwdflat.c(176): TOTAL fwdflat 0.71 CPU 0.043 xRT
INFO: ngram_search_fwdflat.c(179): TOTAL fwdflat 0.71 wall 0.043 xRT
INFO: ngram_search.c(303): TOTAL bestpath 0.00 CPU 0.000 xRT
INFO: ngram_search.c(306): TOTAL bestpath 0.00 wall 0.000 xRT
Fri Mar 31 00:35:50 2017
