Current configuration:
[NAME]		[DEFLT]	[VALUE]
-allphones	no	no
-cntthresh	0.00001	1.000000e-05
-csplitmax	100	2000
-csplitmin	1	1
-csplitthr	8e-4	0.000000e+00
-example	no	no
-fullvar	no	no
-help		no	no
-meanfn			/home/ilya/Рабочий стол/lab_sphinx/ru_base/model_parameters/ru_base.cd_cont_untied/means
-mixwfn			/home/ilya/Рабочий стол/lab_sphinx/ru_base/model_parameters/ru_base.cd_cont_untied/mixture_weights
-moddeffn		/home/ilya/Рабочий стол/lab_sphinx/ru_base/model_architecture/ru_base.untied.mdef
-mwfloor	1e-4	1.000000e-08
-phone			c
-psetfn			/home/ilya/Рабочий стол/lab_sphinx/ru_base/model_architecture/ru_base.tree_questions
-ssplitmax	5	7
-ssplitmin	1	1
-ssplitthr	8e-4	0.000000e+00
-state			2
-stwt			1.0,0.05,0.0,
-treefn			/home/ilya/Рабочий стол/lab_sphinx/ru_base/trees/ru_base.unpruned/c-2.dtree
-ts2cbfn	.semi.	.cont.
-varfloor	0.00001	1.000000e-05
-varfn			/home/ilya/Рабочий стол/lab_sphinx/ru_base/model_parameters/ru_base.cd_cont_untied/variances

INFO: main.c(223): Reading: /home/ilya/Рабочий стол/lab_sphinx/ru_base/model_architecture/ru_base.untied.mdef
INFO: model_def_io.c(573): Model definition info:
INFO: model_def_io.c(574): 9415 total models defined (43 base, 9372 tri)
INFO: model_def_io.c(575): 37660 total states
INFO: model_def_io.c(576): 28245 total tied states
INFO: model_def_io.c(577): 129 total tied CI states
INFO: model_def_io.c(578): 43 total tied transition matrices
INFO: model_def_io.c(579): 4 max state/model
INFO: model_def_io.c(580): 4 min state/model
INFO: main.c(242): Building trees for [c SIL e0 b] through [c v e0 b]
INFO: main.c(269): Covering states |[3312 3494]| == 183
INFO: main.c(275): Reading: /home/ilya/Рабочий стол/lab_sphinx/ru_base/model_parameters/ru_base.cd_cont_untied/mixture_weights
INFO: s3mixw_io.c(173): Read /home/ilya/Рабочий стол/lab_sphinx/ru_base/model_parameters/ru_base.cd_cont_untied/mixture_weights [183x1x1 array]
INFO: main.c(311): 61 of 61 models have observation count greater than 0.000010
INFO: main.c(95): nrm stwt: 0.000 0.048 0.952 
INFO: s3gau_io.c(169): Read /home/ilya/Рабочий стол/lab_sphinx/ru_base/model_parameters/ru_base.cd_cont_untied/means [28245x1x1 array]
INFO: s3gau_io.c(169): Read /home/ilya/Рабочий стол/lab_sphinx/ru_base/model_parameters/ru_base.cd_cont_untied/variances [28245x1x1 array]
INFO: main.c(549): Reading: /home/ilya/Рабочий стол/lab_sphinx/ru_base/model_architecture/ru_base.tree_questions
INFO: main.c(588): 180 total simple questions (172 phone; 8 word bndry)
INFO: main.c(590): 42 Left Only questions, and 42 Right Only questions
INFO: dtree.c(1478): Final simple tree
|( QUESTION15 1 -7.666e+05 3.602e+03 3.317e+03
|    ( QUESTION0_14_R 1 -4.542e+05 7.572e+02 1.955e+03
|        ( - -2.225e+05 12 0 QUESTION2_14_L -1 4.459e+02 9.623e+02)
|        ( QUESTION17 -1 -2.309e+05 5.673e+02 9.931e+02
|            ( - -4.947e+04 4 0 WDBNDRY_E 0 4.492e+02 2.116e+02)
|            ( - -1.808e+05 17 0 QUESTION2_19_L -1 3.356e+02 7.814e+02)))
|    ( QUESTION0_14_R 1 -3.088e+05 2.178e+03 1.362e+03
|        ( - -1.370e+05 6 0 QUESTION14 -1 4.728e+02 5.936e+02)
|        ( QUESTION0_6_R 1 -1.696e+05 1.261e+03 7.679e+02
|            ( - -2.584e+04 2 0 QUESTION4 1 4.409e+02 1.229e+02)
|            ( QUESTION0_17_R 1 -1.425e+05 9.535e+02 6.451e+02
|                ( - -5.312e+04 5 0 QUESTION2_14_L -1 2.464e+02 2.385e+02)
|                ( QUESTION0_13_R 1 -8.847e+04 6.093e+02 4.066e+02
|                    ( - -3.739e+04 1 0)
|                    ( - -5.046e+04 14 0 SILENCE 1 3.152e+02 2.326e+02))))))
s>    ( QUESTION15 1 -7.666e+05 3.602e+03 3.317e+03
s>        ( QUESTION0_14_R 1 -4.542e+05 7.572e+02 1.955e+03
s>            ( - -2.225e+05 12 0 QUESTION2_14_L -1 4.459e+02 9.623e+02)
s>            ( QUESTION17 -1 -2.309e+05 5.673e+02 9.931e+02
s>                ( - -4.947e+04 4 0 WDBNDRY_E 0 4.492e+02 2.116e+02)
s>                ( - -1.808e+05 17 0 QUESTION2_19_L -1 3.356e+02 7.814e+02)))
s>        ( QUESTION0_14_R 1 -3.088e+05 2.178e+03 1.362e+03
s>            ( - -1.370e+05 6 0 QUESTION14 -1 4.728e+02 5.936e+02)
s>            ( QUESTION0_6_R 1 -1.696e+05 1.261e+03 7.679e+02
s>                ( - -2.584e+04 2 0 QUESTION4 1 4.409e+02 1.229e+02)
s>                ( QUESTION0_17_R 1 -1.425e+05 9.535e+02 6.451e+02
s>                    ( - -5.312e+04 5 0 QUESTION2_14_L -1 2.464e+02 2.385e+02)
s>                    ( QUESTION0_13_R 1 -8.847e+04 6.093e+02 4.066e+02
s>                        ( - -3.739e+04 1 0)
s>                        ( - -5.046e+04 14 0 SILENCE 1 3.152e+02 2.326e+02))))))INFO: dtree.c(1315): Comp split 0
INFO: dtree.c(1478): Final simple tree
|( QUESTION0_14_R 1 -3.088e+05 2.178e+03 1.362e+03
|    ( QUESTION14 -1 -1.370e+05 4.728e+02 5.936e+02
|        ( - -4.710e+04 2 0 QUESTION2_14_L -1 2.118e+02 2.030e+02)
|        ( - -8.941e+04 4 0 QUESTION0 -1 1.673e+02 3.906e+02))
|    ( QUESTION0_6_R 1 -1.696e+05 1.261e+03 7.679e+02
|        ( QUESTION4 1 -2.584e+04 4.409e+02 1.229e+02
|            ( - 1.977e+02 1 0)
|            ( - -2.560e+04 1 0))
|        ( QUESTION0_17_R 1 -1.425e+05 9.535e+02 6.451e+02
|            ( - -5.312e+04 5 0 QUESTION2_14_L -1 2.464e+02 2.385e+02)
|            ( QUESTION0_13_R 1 -8.847e+04 6.093e+02 4.066e+02
|                ( - -3.739e+04 1 0)
|                ( SILENCE 1 -5.046e+04 3.152e+02 2.326e+02
|                    ( - -2.684e+04 3 0 QUESTION20 -1 2.029e+02 1.256e+02)
|                    ( - -2.331e+04 11 0 QUESTION12 1 3.420e+02 1.070e+02))))))
s>    ( QUESTION0_14_R 1 -3.088e+05 2.178e+03 1.362e+03
s>        ( QUESTION14 -1 -1.370e+05 4.728e+02 5.936e+02
s>            ( - -4.710e+04 2 0 QUESTION2_14_L -1 2.118e+02 2.030e+02)
s>            ( - -8.941e+04 4 0 QUESTION0 -1 1.673e+02 3.906e+02))
s>        ( QUESTION0_6_R 1 -1.696e+05 1.261e+03 7.679e+02
s>            ( QUESTION4 1 -2.584e+04 4.409e+02 1.229e+02
s>                ( - 1.977e+02 1 0)
s>                ( - -2.560e+04 1 0))
s>            ( QUESTION0_17_R 1 -1.425e+05 9.535e+02 6.451e+02
s>                ( - -5.312e+04 5 0 QUESTION2_14_L -1 2.464e+02 2.385e+02)
s>                ( QUESTION0_13_R 1 -8.847e+04 6.093e+02 4.066e+02
s>                    ( - -3.739e+04 1 0)
s>                    ( SILENCE 1 -5.046e+04 3.152e+02 2.326e+02
s>                        ( - -2.684e+04 3 0 QUESTION20 -1 2.029e+02 1.256e+02)
s>                        ( - -2.331e+04 11 0 QUESTION12 1 3.420e+02 1.070e+02))))))INFO: dtree.c(1478): Final simple tree
|( QUESTION0_14_R 1 -4.542e+05 7.572e+02 1.955e+03
|    ( QUESTION2_14_L -1 -2.225e+05 4.459e+02 9.623e+02
|        ( QUESTION16 1 -9.380e+04 5.137e+02 4.014e+02
|            ( QUESTION14 -1 -6.412e+04 4.813e+02 2.735e+02
|                ( - -2.039e+04 1 0)
|                ( - -4.325e+04 2 0))
|            ( - -2.917e+04 2 0 QUESTION14 -1 1.415e+02 1.279e+02))
|        ( QUESTION16 1 -1.283e+05 4.606e+02 5.609e+02
|            ( - -1.280e+05 6 0 QUESTION11 -1 4.310e+02 5.599e+02)
|            ( - 1.876e+02 1 0)))
|    ( QUESTION17 -1 -2.309e+05 5.673e+02 9.931e+02
|        ( WDBNDRY_E 0 -4.947e+04 4.492e+02 2.116e+02
|            ( - 1.621e+02 1 0)
|            ( - -4.918e+04 3 0 WDBNDRY_B 0 2.566e+02 2.106e+02))
|        ( - -1.808e+05 17 0 QUESTION2_19_L -1 3.356e+02 7.814e+02)))
s>    ( QUESTION0_14_R 1 -4.542e+05 7.572e+02 1.955e+03
s>        ( QUESTION2_14_L -1 -2.225e+05 4.459e+02 9.623e+02
s>            ( QUESTION16 1 -9.380e+04 5.137e+02 4.014e+02
s>                ( QUESTION14 -1 -6.412e+04 4.813e+02 2.735e+02
s>                    ( - -2.039e+04 1 0)
s>                    ( - -4.325e+04 2 0))
s>                ( - -2.917e+04 2 0 QUESTION14 -1 1.415e+02 1.279e+02))
s>            ( QUESTION16 1 -1.283e+05 4.606e+02 5.609e+02
s>                ( - -1.280e+05 6 0 QUESTION11 -1 4.310e+02 5.599e+02)
s>                ( - 1.876e+02 1 0)))
s>        ( QUESTION17 -1 -2.309e+05 5.673e+02 9.931e+02
s>            ( WDBNDRY_E 0 -4.947e+04 4.492e+02 2.116e+02
s>                ( - 1.621e+02 1 0)
s>                ( - -4.918e+04 3 0 WDBNDRY_B 0 2.566e+02 2.106e+02))
s>            ( - -1.808e+05 17 0 QUESTION2_19_L -1 3.356e+02 7.814e+02)))INFO: dtree.c(1315): Comp split 1
INFO: dtree.c(1478): Final simple tree
|( QUESTION0_6_R 1 -1.154e+05 1.112e+03 5.294e+02
|    ( QUESTION4 1 -2.584e+04 4.409e+02 1.229e+02
|        ( - 1.977e+02 1 0)
|        ( - -2.560e+04 1 0))
|    ( QUESTION0_13_R 1 -8.847e+04 6.093e+02 4.066e+02
|        ( - -3.739e+04 1 0)
|        ( SILENCE 1 -5.046e+04 3.152e+02 2.326e+02
|            ( QUESTION20 -1 -2.684e+04 2.029e+02 1.256e+02
|                ( - -1.319e+04 1 0)
|                ( - -1.344e+04 2 0 QUESTION14 -1 1.621e+02 6.288e+01))
|            ( QUESTION12 1 -2.331e+04 3.420e+02 1.070e+02
|                ( QUESTION20 -1 -9.498e+03 2.543e+02 4.700e+01
|                    ( - -7.588e+03 1 0)
|                    ( - -1.655e+03 2 0))
|                ( - -1.347e+04 8 0 QUESTION0_4_R 1 1.940e+02 5.999e+01)))))
s>    ( QUESTION0_6_R 1 -1.154e+05 1.112e+03 5.294e+02
s>        ( QUESTION4 1 -2.584e+04 4.409e+02 1.229e+02
s>            ( - 1.977e+02 1 0)
s>            ( - -2.560e+04 1 0))
s>        ( QUESTION0_13_R 1 -8.847e+04 6.093e+02 4.066e+02
s>            ( - -3.739e+04 1 0)
s>            ( SILENCE 1 -5.046e+04 3.152e+02 2.326e+02
s>                ( QUESTION20 -1 -2.684e+04 2.029e+02 1.256e+02
s>                    ( - -1.319e+04 1 0)
s>                    ( - -1.344e+04 2 0 QUESTION14 -1 1.621e+02 6.288e+01))
s>                ( QUESTION12 1 -2.331e+04 3.420e+02 1.070e+02
s>                    ( QUESTION20 -1 -9.498e+03 2.543e+02 4.700e+01
s>                        ( - -7.588e+03 1 0)
s>                        ( - -1.655e+03 2 0))
s>                    ( - -1.347e+04 8 0 QUESTION0_4_R 1 1.940e+02 5.999e+01)))))INFO: dtree.c(1478): Final simple tree
|( QUESTION0_14_R 1 -1.912e+05 1.065e+03 8.321e+02
|    ( QUESTION14 -1 -1.370e+05 4.728e+02 5.936e+02
|        ( QUESTION2_14_L -1 -4.710e+04 2.118e+02 2.030e+02
|            ( - -2.593e+04 1 0)
|            ( - -2.096e+04 1 0))
|        ( - -8.941e+04 4 0 QUESTION0 -1 1.673e+02 3.906e+02))
|    ( QUESTION2_14_L -1 -5.312e+04 2.464e+02 2.385e+02
|        ( QUESTION0 -1 -6.476e+03 2.107e+02 2.927e+01
|            ( - -2.019e+03 1 0)
|            ( - -4.246e+03 1 0))
|        ( QUESTION14 -1 -4.640e+04 4.485e+02 2.093e+02
|            ( - 2.030e+02 1 0)
|            ( WDBNDRY_B 0 -4.616e+04 1.998e+02 2.083e+02
|                ( - -2.360e+04 1 0)
|                ( - -2.235e+04 1 0)))))
s>    ( QUESTION0_14_R 1 -1.912e+05 1.065e+03 8.321e+02
s>        ( QUESTION14 -1 -1.370e+05 4.728e+02 5.936e+02
s>            ( QUESTION2_14_L -1 -4.710e+04 2.118e+02 2.030e+02
s>                ( - -2.593e+04 1 0)
s>                ( - -2.096e+04 1 0))
s>            ( - -8.941e+04 4 0 QUESTION0 -1 1.673e+02 3.906e+02))
s>        ( QUESTION2_14_L -1 -5.312e+04 2.464e+02 2.385e+02
s>            ( QUESTION0 -1 -6.476e+03 2.107e+02 2.927e+01
s>                ( - -2.019e+03 1 0)
s>                ( - -4.246e+03 1 0))
s>            ( QUESTION14 -1 -4.640e+04 4.485e+02 2.093e+02
s>                ( - 2.030e+02 1 0)
s>                ( WDBNDRY_B 0 -4.616e+04 1.998e+02 2.083e+02
s>                    ( - -2.360e+04 1 0)
s>                    ( - -2.235e+04 1 0)))))INFO: dtree.c(1315): Comp split 2
INFO: dtree.c(1478): Final simple tree
|( QUESTION0_13_R 1 -8.847e+04 6.093e+02 4.066e+02
|    ( - -3.739e+04 1 0)
|    ( SILENCE 1 -5.046e+04 3.152e+02 2.326e+02
|        ( QUESTION20 -1 -2.684e+04 2.029e+02 1.256e+02
|            ( - -1.319e+04 1 0)
|            ( QUESTION14 -1 -1.344e+04 1.621e+02 6.288e+01
|                ( - -1.119e+04 1 0)
|                ( - -2.096e+03 1 0)))
|        ( QUESTION12 1 -2.331e+04 3.420e+02 1.070e+02
|            ( QUESTION20 -1 -9.498e+03 2.543e+02 4.700e+01
|                ( - -7.588e+03 1 0)
|                ( - -1.655e+03 2 0))
|            ( QUESTION0_4_R 1 -1.347e+04 1.940e+02 5.999e+01
|                ( - -5.334e+03 4 0 QUESTION20 -1 1.401e+02 2.500e+01)
|                ( - -7.943e+03 4 0 WDBNDRY_E 0 1.466e+02 3.499e+01)))))
s>    ( QUESTION0_13_R 1 -8.847e+04 6.093e+02 4.066e+02
s>        ( - -3.739e+04 1 0)
s>        ( SILENCE 1 -5.046e+04 3.152e+02 2.326e+02
s>            ( QUESTION20 -1 -2.684e+04 2.029e+02 1.256e+02
s>                ( - -1.319e+04 1 0)
s>                ( QUESTION14 -1 -1.344e+04 1.621e+02 6.288e+01
s>                    ( - -1.119e+04 1 0)
s>                    ( - -2.096e+03 1 0)))
s>            ( QUESTION12 1 -2.331e+04 3.420e+02 1.070e+02
s>                ( QUESTION20 -1 -9.498e+03 2.543e+02 4.700e+01
s>                    ( - -7.588e+03 1 0)
s>                    ( - -1.655e+03 2 0))
s>                ( QUESTION0_4_R 1 -1.347e+04 1.940e+02 5.999e+01
s>                    ( - -5.334e+03 4 0 QUESTION20 -1 1.401e+02 2.500e+01)
s>                    ( - -7.943e+03 4 0 WDBNDRY_E 0 1.466e+02 3.499e+01)))))INFO: dtree.c(1439): stop. leaf nodes are specific
INFO: dtree.c(1478): Final simple tree
|( QUESTION4 1 -2.584e+04 4.409e+02 1.229e+02
|    ( - 1.977e+02 1 0)
|    ( - -2.560e+04 1 0))
s>    ( QUESTION4 1 -2.584e+04 4.409e+02 1.229e+02
s>        ( - 1.977e+02 1 0)
s>        ( - -2.560e+04 1 0))INFO: dtree.c(1315): Comp split 3
INFO: dtree.c(1439): stop. leaf nodes are specific
INFO: dtree.c(1478): Final simple tree
|( QUESTION2_14_L -1 -5.312e+04 2.464e+02 2.385e+02
|    ( QUESTION0 -1 -6.476e+03 2.107e+02 2.927e+01
|        ( - -2.019e+03 1 0)
|        ( - -4.246e+03 1 0))
|    ( QUESTION14 -1 -4.640e+04 4.485e+02 2.093e+02
|        ( - 2.030e+02 1 0)
|        ( WDBNDRY_B 0 -4.616e+04 1.998e+02 2.083e+02
|            ( - -2.360e+04 1 0)
|            ( - -2.235e+04 1 0))))
s>    ( QUESTION2_14_L -1 -5.312e+04 2.464e+02 2.385e+02
s>        ( QUESTION0 -1 -6.476e+03 2.107e+02 2.927e+01
s>            ( - -2.019e+03 1 0)
s>            ( - -4.246e+03 1 0))
s>        ( QUESTION14 -1 -4.640e+04 4.485e+02 2.093e+02
s>            ( - 2.030e+02 1 0)
s>            ( WDBNDRY_B 0 -4.616e+04 1.998e+02 2.083e+02
s>                ( - -2.360e+04 1 0)
s>                ( - -2.235e+04 1 0))))INFO: dtree.c(1439): stop. leaf nodes are specific
INFO: dtree.c(1478): Final simple tree
|( QUESTION14 -1 -1.370e+05 4.728e+02 5.936e+02
|    ( QUESTION2_14_L -1 -4.710e+04 2.118e+02 2.030e+02
|        ( - -2.593e+04 1 0)
|        ( - -2.096e+04 1 0))
|    ( QUESTION0 -1 -8.941e+04 1.673e+02 3.906e+02
|        ( - -4.357e+03 1 0)
|        ( QUESTION20 -1 -8.489e+04 1.042e+02 3.706e+02
|            ( WDBNDRY_E 0 -8.356e+04 1.352e+02 3.646e+02
|                ( - -5.561e+02 1 0)
|                ( - -8.287e+04 1 0))
|            ( - -1.220e+03 1 0))))
s>    ( QUESTION14 -1 -1.370e+05 4.728e+02 5.936e+02
s>        ( QUESTION2_14_L -1 -4.710e+04 2.118e+02 2.030e+02
s>            ( - -2.593e+04 1 0)
s>            ( - -2.096e+04 1 0))
s>        ( QUESTION0 -1 -8.941e+04 1.673e+02 3.906e+02
s>            ( - -4.357e+03 1 0)
s>            ( QUESTION20 -1 -8.489e+04 1.042e+02 3.706e+02
s>                ( WDBNDRY_E 0 -8.356e+04 1.352e+02 3.646e+02
s>                    ( - -5.561e+02 1 0)
s>                    ( - -8.287e+04 1 0))
s>                ( - -1.220e+03 1 0))))INFO: dtree.c(1315): Comp split 4
INFO: dtree.c(1439): stop. leaf nodes are specific
INFO: dtree.c(1478): Final simple tree
|( QUESTION11 -1 -1.575e+05 4.417e+02 6.878e+02
|    ( - -2.058e+04 1 0)
|    ( QUESTION14 -1 -1.365e+05 3.783e+02 5.967e+02
|        ( QUESTION16 1 -7.669e+04 1.309e+02 3.364e+02
|            ( - -7.509e+04 2 0)
|            ( - -1.475e+03 1 0))
|        ( QUESTION0 -1 -5.939e+04 2.330e+02 2.603e+02
|            ( - -3.160e+04 3 0)
|            ( - -2.755e+04 1 0))))
s>    ( QUESTION11 -1 -1.575e+05 4.417e+02 6.878e+02
s>        ( - -2.058e+04 1 0)
s>        ( QUESTION14 -1 -1.365e+05 3.783e+02 5.967e+02
s>            ( QUESTION16 1 -7.669e+04 1.309e+02 3.364e+02
s>                ( - -7.509e+04 2 0)
s>                ( - -1.475e+03 1 0))
s>            ( QUESTION0 -1 -5.939e+04 2.330e+02 2.603e+02
s>                ( - -3.160e+04 3 0)
s>                ( - -2.755e+04 1 0))))INFO: dtree.c(1478): Final simple tree
|( QUESTION20 -1 -2.957e+05 5.346e+02 1.268e+03
|    ( QUESTION0_14_R 1 -6.005e+04 3.199e+02 2.566e+02
|        ( - -4.325e+04 2 0)
|        ( - -1.649e+04 2 0 QUESTION20 1 1.221e+02 7.062e+01))
|    ( QUESTION17 -1 -2.351e+05 5.595e+02 1.011e+03
|        ( WDBNDRY_B 0 -3.273e+04 4.493e+02 1.410e+02
|            ( - -3.244e+04 1 0)
|            ( - 1.621e+02 1 0))
|        ( QUESTION2_19_L -1 -2.018e+05 5.388e+02 8.700e+02
|            ( - -4.153e+04 2 0 QUESTION0_14_R 1 1.466e+02 1.783e+02)
|            ( QUESTION0_14_R 1 -1.598e+05 4.594e+02 6.917e+02
|                ( - 1.876e+02 1 0)
|                ( WDBNDRY_B 0 -1.595e+05 2.891e+02 6.907e+02
|                    ( - -3.214e+04 4 0 QUESTION2_20_L -1 2.695e+02 1.375e+02)
|                    ( - -1.271e+05 12 0 QUESTION12 -1 2.827e+02 5.531e+02))))))
s>    ( QUESTION20 -1 -2.957e+05 5.346e+02 1.268e+03
s>        ( QUESTION0_14_R 1 -6.005e+04 3.199e+02 2.566e+02
s>            ( - -4.325e+04 2 0)
s>            ( - -1.649e+04 2 0 QUESTION20 1 1.221e+02 7.062e+01))
s>        ( QUESTION17 -1 -2.351e+05 5.595e+02 1.011e+03
s>            ( WDBNDRY_B 0 -3.273e+04 4.493e+02 1.410e+02
s>                ( - -3.244e+04 1 0)
s>                ( - 1.621e+02 1 0))
s>            ( QUESTION2_19_L -1 -2.018e+05 5.388e+02 8.700e+02
s>                ( - -4.153e+04 2 0 QUESTION0_14_R 1 1.466e+02 1.783e+02)
s>                ( QUESTION0_14_R 1 -1.598e+05 4.594e+02 6.917e+02
s>                    ( - 1.876e+02 1 0)
s>                    ( WDBNDRY_B 0 -1.595e+05 2.891e+02 6.907e+02
s>                        ( - -3.214e+04 4 0 QUESTION2_20_L -1 2.695e+02 1.375e+02)
s>                        ( - -1.271e+05 12 0 QUESTION12 -1 2.827e+02 5.531e+02))))))INFO: dtree.c(1315): Comp split 5
INFO: dtree.c(1439): stop. leaf nodes are specific
INFO: dtree.c(1478): Final simple tree
|( QUESTION2_20_L -1 -7.565e+04 2.954e+02 3.235e+02
|    ( - -2.443e+04 2 0)
|    ( WDBNDRY_B 0 -5.092e+04 2.377e+02 2.182e+02
|        ( SILENCE -1 -7.433e+03 1.391e+02 3.221e+01
|            ( - -3.654e+03 1 0)
|            ( - -3.640e+03 1 0))
|        ( - -4.325e+04 2 0)))
s>    ( QUESTION2_20_L -1 -7.565e+04 2.954e+02 3.235e+02
s>        ( - -2.443e+04 2 0)
s>        ( WDBNDRY_B 0 -5.092e+04 2.377e+02 2.182e+02
s>            ( SILENCE -1 -7.433e+03 1.391e+02 3.221e+01
s>                ( - -3.654e+03 1 0)
s>                ( - -3.640e+03 1 0))
s>            ( - -4.325e+04 2 0)))INFO: dtree.c(1478): Final simple tree
|( QUESTION17 -1 -2.194e+05 5.821e+02 9.441e+02
|    ( WDBNDRY_E 0 -4.947e+04 4.492e+02 2.116e+02
|        ( - 1.621e+02 1 0)
|        ( WDBNDRY_B 0 -4.918e+04 2.566e+02 2.106e+02
|            ( - -3.244e+04 1 0)
|            ( - -1.649e+04 2 0 QUESTION20 1 1.221e+02 7.062e+01)))
|    ( QUESTION2_19_L -1 -1.694e+05 4.745e+02 7.325e+02
|        ( - -4.153e+04 2 0 QUESTION0_14_R 1 1.466e+02 1.783e+02)
|        ( QUESTION0_14_R 1 -1.273e+05 4.593e+02 5.541e+02
|            ( - 1.876e+02 1 0)
|            ( QUESTION12 -1 -1.271e+05 2.827e+02 5.531e+02
|                ( - -6.115e+04 2 0)
|                ( QUESTION20 1 -6.564e+04 3.114e+02 2.844e+02
|                    ( - -1.823e+04 3 0 QUESTION2_14_L -1 1.856e+02 7.840e+01)
|                    ( - -4.710e+04 7 0 QUESTION15 -1 2.382e+02 2.060e+02))))))
s>    ( QUESTION17 -1 -2.194e+05 5.821e+02 9.441e+02
s>        ( WDBNDRY_E 0 -4.947e+04 4.492e+02 2.116e+02
s>            ( - 1.621e+02 1 0)
s>            ( WDBNDRY_B 0 -4.918e+04 2.566e+02 2.106e+02
s>                ( - -3.244e+04 1 0)
s>                ( - -1.649e+04 2 0 QUESTION20 1 1.221e+02 7.062e+01)))
s>        ( QUESTION2_19_L -1 -1.694e+05 4.745e+02 7.325e+02
s>            ( - -4.153e+04 2 0 QUESTION0_14_R 1 1.466e+02 1.783e+02)
s>            ( QUESTION0_14_R 1 -1.273e+05 4.593e+02 5.541e+02
s>                ( - 1.876e+02 1 0)
s>                ( QUESTION12 -1 -1.271e+05 2.827e+02 5.531e+02
s>                    ( - -6.115e+04 2 0)
s>                    ( QUESTION20 1 -6.564e+04 3.114e+02 2.844e+02
s>                        ( - -1.823e+04 3 0 QUESTION2_14_L -1 1.856e+02 7.840e+01)
s>                        ( - -4.710e+04 7 0 QUESTION15 -1 2.382e+02 2.060e+02))))))INFO: dtree.c(1315): Comp split 6
INFO: dtree.c(1439): stop. leaf nodes are specific
INFO: dtree.c(1478): Final simple tree
|( QUESTION0_13_R 1 -4.761e+04 3.893e+02 2.239e+02
|    ( - -3.739e+04 1 0)
|    ( SILENCE 1 -9.822e+03 1.379e+02 5.001e+01
|        ( - -2.096e+03 1 0)
|        ( - -7.588e+03 1 0)))
s>    ( QUESTION0_13_R 1 -4.761e+04 3.893e+02 2.239e+02
s>        ( - -3.739e+04 1 0)
s>        ( SILENCE 1 -9.822e+03 1.379e+02 5.001e+01
s>            ( - -2.096e+03 1 0)
s>            ( - -7.588e+03 1 0)))INFO: dtree.c(1478): Final simple tree
|( SILENCE 1 -4.021e+04 3.619e+02 1.826e+02
|    ( QUESTION14 -1 -2.456e+04 1.897e+02 1.146e+02
|        ( - -1.119e+04 1 0)
|        ( - -1.319e+04 1 0))
|    ( QUESTION20 -1 -1.528e+04 1.693e+02 6.799e+01
|        ( WDBNDRY_E 0 -2.844e+03 1.739e+02 1.400e+01
|            ( - -2.114e+03 1 0)
|            ( - -5.562e+02 1 0))
|        ( QUESTION12 1 -1.227e+04 1.537e+02 5.399e+01
|            ( - -1.655e+03 2 0)
|            ( QUESTION0_4_R 1 -1.046e+04 1.653e+02 4.599e+01
|                ( - -2.350e+03 2 0)
|                ( WDBNDRY_E 0 -7.943e+03 1.466e+02 3.499e+01
|                    ( - -7.259e+03 3 0 QUESTION16 -1 1.451e+02 3.199e+01)
|                    ( - -5.375e+02 1 0))))))
s>    ( SILENCE 1 -4.021e+04 3.619e+02 1.826e+02
s>        ( QUESTION14 -1 -2.456e+04 1.897e+02 1.146e+02
s>            ( - -1.119e+04 1 0)
s>            ( - -1.319e+04 1 0))
s>        ( QUESTION20 -1 -1.528e+04 1.693e+02 6.799e+01
s>            ( WDBNDRY_E 0 -2.844e+03 1.739e+02 1.400e+01
s>                ( - -2.114e+03 1 0)
s>                ( - -5.562e+02 1 0))
s>            ( QUESTION12 1 -1.227e+04 1.537e+02 5.399e+01
s>                ( - -1.655e+03 2 0)
s>                ( QUESTION0_4_R 1 -1.046e+04 1.653e+02 4.599e+01
s>                    ( - -2.350e+03 2 0)
s>                    ( WDBNDRY_E 0 -7.943e+03 1.466e+02 3.499e+01
s>                        ( - -7.259e+03 3 0 QUESTION16 -1 1.451e+02 3.199e+01)
s>                        ( - -5.375e+02 1 0))))))INFO: dtree.c(1315): Comp split 7
INFO: dtree.c(1478): Final simple tree
|( QUESTION2_19_L -1 -1.691e+05 4.737e+02 7.315e+02
|    ( QUESTION0_14_R 1 -4.153e+04 1.466e+02 1.783e+02
|        ( - -2.039e+04 1 0)
|        ( - -2.100e+04 1 0))
|    ( QUESTION12 -1 -1.271e+05 2.827e+02 5.531e+02
|        ( - -6.115e+04 2 0)
|        ( QUESTION20 1 -6.564e+04 3.114e+02 2.844e+02
|            ( QUESTION2_14_L -1 -1.823e+04 1.856e+02 7.840e+01
|                ( - -9.751e+02 1 0)
|                ( - -1.707e+04 2 0 QUESTION14 -1 1.300e+02 7.340e+01))
|            ( QUESTION15 -1 -4.710e+04 2.382e+02 2.060e+02
|                ( - -8.004e+03 2 0)
|                ( QUESTION2_14_L -1 -3.885e+04 1.646e+02 1.699e+02
|                    ( - -3.682e+03 1 0)
|                    ( - -3.501e+04 4 0 QUESTION1 -1 1.302e+02 1.530e+02))))))
s>    ( QUESTION2_19_L -1 -1.691e+05 4.737e+02 7.315e+02
s>        ( QUESTION0_14_R 1 -4.153e+04 1.466e+02 1.783e+02
s>            ( - -2.039e+04 1 0)
s>            ( - -2.100e+04 1 0))
s>        ( QUESTION12 -1 -1.271e+05 2.827e+02 5.531e+02
s>            ( - -6.115e+04 2 0)
s>            ( QUESTION20 1 -6.564e+04 3.114e+02 2.844e+02
s>                ( QUESTION2_14_L -1 -1.823e+04 1.856e+02 7.840e+01
s>                    ( - -9.751e+02 1 0)
s>                    ( - -1.707e+04 2 0 QUESTION14 -1 1.300e+02 7.340e+01))
s>                ( QUESTION15 -1 -4.710e+04 2.382e+02 2.060e+02
s>                    ( - -8.004e+03 2 0)
s>                    ( QUESTION2_14_L -1 -3.885e+04 1.646e+02 1.699e+02
s>                        ( - -3.682e+03 1 0)
s>                        ( - -3.501e+04 4 0 QUESTION1 -1 1.302e+02 1.530e+02))))))INFO: dtree.c(1439): stop. leaf nodes are specific
INFO: dtree.c(1478): Final simple tree
|( QUESTION0_14_R 1 -4.973e+04 4.515e+02 2.126e+02
|    ( - 1.876e+02 1 0)
|    ( WDBNDRY_E 0 -4.947e+04 4.492e+02 2.116e+02
|        ( - 1.621e+02 1 0)
|        ( WDBNDRY_B 0 -4.918e+04 2.566e+02 2.106e+02
|            ( - -3.244e+04 1 0)
|            ( QUESTION20 1 -1.649e+04 1.221e+02 7.062e+01
|                ( - -4.602e+03 1 0)
|                ( - -1.176e+04 1 0)))))
s>    ( QUESTION0_14_R 1 -4.973e+04 4.515e+02 2.126e+02
s>        ( - 1.876e+02 1 0)
s>        ( WDBNDRY_E 0 -4.947e+04 4.492e+02 2.116e+02
s>            ( - 1.621e+02 1 0)
s>            ( WDBNDRY_B 0 -4.918e+04 2.566e+02 2.106e+02
s>                ( - -3.244e+04 1 0)
s>                ( QUESTION20 1 -1.649e+04 1.221e+02 7.062e+01
s>                    ( - -4.602e+03 1 0)
s>                    ( - -1.176e+04 1 0)))))INFO: dtree.c(1315): Comp split 8
INFO: dtree.c(1439): stop. leaf nodes are specific
INFO: dtree.c(1478): Final simple tree
|( QUESTION15 -1 -4.821e+04 2.336e+02 2.110e+02
|    ( - -8.004e+03 2 0)
|    ( QUESTION2_15_L -1 -3.997e+04 1.631e+02 1.749e+02
|        ( - -3.682e+03 1 0)
|        ( QUESTION2_20_L -1 -3.613e+04 1.474e+02 1.580e+02
|            ( QUESTION0 -1 -3.410e+04 1.292e+02 1.490e+02
|                ( - -5.278e+02 1 0)
|                ( - -3.344e+04 2 0))
|            ( QUESTION0 -1 -1.879e+03 1.261e+02 9.000e+00
|                ( - -7.783e+02 1 0)
|                ( - -9.751e+02 1 0)))))
s>    ( QUESTION15 -1 -4.821e+04 2.336e+02 2.110e+02
s>        ( - -8.004e+03 2 0)
s>        ( QUESTION2_15_L -1 -3.997e+04 1.631e+02 1.749e+02
s>            ( - -3.682e+03 1 0)
s>            ( QUESTION2_20_L -1 -3.613e+04 1.474e+02 1.580e+02
s>                ( QUESTION0 -1 -3.410e+04 1.292e+02 1.490e+02
s>                    ( - -5.278e+02 1 0)
s>                    ( - -3.344e+04 2 0))
s>                ( QUESTION0 -1 -1.879e+03 1.261e+02 9.000e+00
s>                    ( - -7.783e+02 1 0)
s>                    ( - -9.751e+02 1 0)))))INFO: dtree.c(1439): stop. leaf nodes are specific
INFO: dtree.c(1478): Final simple tree
|( QUESTION2_14_L -1 -1.204e+05 4.053e+02 5.205e+02
|    ( QUESTION0_14_R 1 -4.153e+04 1.466e+02 1.783e+02
|        ( - -2.039e+04 1 0)
|        ( - -2.100e+04 1 0))
|    ( QUESTION14 -1 -7.845e+04 2.415e+02 3.422e+02
|        ( - -1.635e+04 1 0)
|        ( QUESTION0 -1 -6.187e+04 1.224e+02 2.718e+02
|            ( - -6.115e+04 2 0)
|            ( - -5.917e+02 1 0))))
s>    ( QUESTION2_14_L -1 -1.204e+05 4.053e+02 5.205e+02
s>        ( QUESTION0_14_R 1 -4.153e+04 1.466e+02 1.783e+02
s>            ( - -2.039e+04 1 0)
s>            ( - -2.100e+04 1 0))
s>        ( QUESTION14 -1 -7.845e+04 2.415e+02 3.422e+02
s>            ( - -1.635e+04 1 0)
s>            ( QUESTION0 -1 -6.187e+04 1.224e+02 2.718e+02
s>                ( - -6.115e+04 2 0)
s>                ( - -5.917e+02 1 0))))INFO: dtree.c(1315): Comp split 9
INFO: dtree.c(1439): stop. leaf nodes are specific
INFO: dtree.c(1478): Final simple tree
|( QUESTION0 -1 -8.809e+04 1.679e+02 3.846e+02
|    ( - -4.357e+03 1 0)
|    ( WDBNDRY_E 0 -8.356e+04 1.352e+02 3.646e+02
|        ( - -5.561e+02 1 0)
|        ( - -8.287e+04 1 0)))
s>    ( QUESTION0 -1 -8.809e+04 1.679e+02 3.846e+02
s>        ( - -4.357e+03 1 0)
s>        ( WDBNDRY_E 0 -8.356e+04 1.352e+02 3.646e+02
s>            ( - -5.561e+02 1 0)
s>            ( - -8.287e+04 1 0)))INFO: dtree.c(1439): stop. leaf nodes are specific
INFO: dtree.c(1478): Final simple tree
|( QUESTION2_14_L -1 -4.842e+04 2.195e+02 2.090e+02
|    ( - -2.593e+04 1 0)
|    ( WDBNDRY_E 0 -2.227e+04 9.553e+01 9.844e+01
|        ( - -1.220e+03 1 0)
|        ( - -2.096e+04 1 0)))
s>    ( QUESTION2_14_L -1 -4.842e+04 2.195e+02 2.090e+02
s>        ( - -2.593e+04 1 0)
s>        ( WDBNDRY_E 0 -2.227e+04 9.553e+01 9.844e+01
s>            ( - -1.220e+03 1 0)
s>            ( - -2.096e+04 1 0)))INFO: dtree.c(1315): Comp split 10
INFO: dtree.c(1439): stop. leaf nodes are specific
INFO: dtree.c(1478): Final simple tree
|( WDBNDRY_E 0 -4.947e+04 4.492e+02 2.116e+02
|    ( - 1.621e+02 1 0)
|    ( WDBNDRY_B 0 -4.918e+04 2.566e+02 2.106e+02
|        ( - -3.244e+04 1 0)
|        ( QUESTION20 1 -1.649e+04 1.221e+02 7.062e+01
|            ( - -4.602e+03 1 0)
|            ( - -1.176e+04 1 0))))
s>    ( WDBNDRY_E 0 -4.947e+04 4.492e+02 2.116e+02
s>        ( - 1.621e+02 1 0)
s>        ( WDBNDRY_B 0 -4.918e+04 2.566e+02 2.106e+02
s>            ( - -3.244e+04 1 0)
s>            ( QUESTION20 1 -1.649e+04 1.221e+02 7.062e+01
s>                ( - -4.602e+03 1 0)
s>                ( - -1.176e+04 1 0))))INFO: dtree.c(1315): Comp split 11
INFO: dtree.c(1439): stop. leaf nodes are specific
INFO: dtree.c(1478): Final simple tree
|( WDBNDRY_B 0 -4.918e+04 2.566e+02 2.106e+02
|    ( - -3.244e+04 1 0)
|    ( QUESTION20 1 -1.649e+04 1.221e+02 7.062e+01
|        ( - -4.602e+03 1 0)
|        ( - -1.176e+04 1 0)))
s>    ( WDBNDRY_B 0 -4.918e+04 2.566e+02 2.106e+02
s>        ( - -3.244e+04 1 0)
s>        ( QUESTION20 1 -1.649e+04 1.221e+02 7.062e+01
s>            ( - -4.602e+03 1 0)
s>            ( - -1.176e+04 1 0)))INFO: dtree.c(1315): Comp split 12
INFO: dtree.c(1439): stop. leaf nodes are specific
INFO: dtree.c(1478): Final simple tree
|( QUESTION15 -1 -5.288e+04 2.467e+02 2.375e+02
|    ( WDBNDRY_B 0 -4.616e+04 1.998e+02 2.083e+02
|        ( - -2.360e+04 1 0)
|        ( - -2.235e+04 1 0))
|    ( QUESTION0 -1 -6.476e+03 2.107e+02 2.927e+01
|        ( - -2.019e+03 1 0)
|        ( - -4.246e+03 1 0)))
s>    ( QUESTION15 -1 -5.288e+04 2.467e+02 2.375e+02
s>        ( WDBNDRY_B 0 -4.616e+04 1.998e+02 2.083e+02
s>            ( - -2.360e+04 1 0)
s>            ( - -2.235e+04 1 0))
s>        ( QUESTION0 -1 -6.476e+03 2.107e+02 2.927e+01
s>            ( - -2.019e+03 1 0)
s>            ( - -4.246e+03 1 0)))INFO: dtree.c(1315): Comp split 13
INFO: dtree.c(1439): stop. leaf nodes are specific
INFO: dtree.c(1478): Final simple tree
|( QUESTION14 -1 -1.365e+05 3.783e+02 5.967e+02
|    ( QUESTION16 1 -7.669e+04 1.309e+02 3.364e+02
|        ( - -7.509e+04 2 0)
|        ( - -1.475e+03 1 0))
|    ( QUESTION0 -1 -5.939e+04 2.330e+02 2.603e+02
|        ( - -3.160e+04 3 0)
|        ( - -2.755e+04 1 0)))
s>    ( QUESTION14 -1 -1.365e+05 3.783e+02 5.967e+02
s>        ( QUESTION16 1 -7.669e+04 1.309e+02 3.364e+02
s>            ( - -7.509e+04 2 0)
s>            ( - -1.475e+03 1 0))
s>        ( QUESTION0 -1 -5.939e+04 2.330e+02 2.603e+02
s>            ( - -3.160e+04 3 0)
s>            ( - -2.755e+04 1 0)))INFO: dtree.c(1315): Comp split 14
INFO: dtree.c(1315): Comp split 15
INFO: dtree.c(1439): stop. leaf nodes are specific
INFO: dtree.c(1478): Final simple tree
|( QUESTION0_14_R 1 -4.225e+04 1.445e+02 1.813e+02
|    ( - -2.039e+04 1 0)
|    ( QUESTION14 -1 -2.171e+04 1.217e+02 9.380e+01
|        ( - -2.100e+04 1 0)
|        ( - -5.917e+02 1 0)))
s>    ( QUESTION0_14_R 1 -4.225e+04 1.445e+02 1.813e+02
s>        ( - -2.039e+04 1 0)
s>        ( QUESTION14 -1 -2.171e+04 1.217e+02 9.380e+01
s>            ( - -2.100e+04 1 0)
s>            ( - -5.917e+02 1 0)))INFO: dtree.c(1439): stop. leaf nodes are specific
INFO: dtree.c(1478): Final simple tree
|( QUESTION0 -1 -7.774e+04 2.417e+02 3.392e+02
|    ( - -6.115e+04 2 0)
|    ( - -1.635e+04 1 0))
s>    ( QUESTION0 -1 -7.774e+04 2.417e+02 3.392e+02
s>        ( - -6.115e+04 2 0)
s>        ( - -1.635e+04 1 0))INFO: dtree.c(1315): Comp split 16
INFO: dtree.c(1439): stop. leaf nodes are specific
INFO: dtree.c(1478): Final simple tree
|( SILENCE 1 -9.822e+03 1.379e+02 5.001e+01
|    ( - -2.096e+03 1 0)
|    ( - -7.588e+03 1 0))
s>    ( SILENCE 1 -9.822e+03 1.379e+02 5.001e+01
s>        ( - -2.096e+03 1 0)
s>        ( - -7.588e+03 1 0))INFO: dtree.c(1315): Comp split 17
INFO: dtree.c(1439): stop. leaf nodes are specific
INFO: dtree.c(1478): Final simple tree
|( QUESTION0 -1 -5.939e+04 2.330e+02 2.603e+02
|    ( - -3.160e+04 3 0)
|    ( - -2.755e+04 1 0))
s>    ( QUESTION0 -1 -5.939e+04 2.330e+02 2.603e+02
s>        ( - -3.160e+04 3 0)
s>        ( - -2.755e+04 1 0))INFO: dtree.c(1439): stop. leaf nodes are specific
INFO: dtree.c(1478): Final simple tree
|( QUESTION16 1 -7.669e+04 1.309e+02 3.364e+02
|    ( - -7.509e+04 2 0)
|    ( - -1.475e+03 1 0))
s>    ( QUESTION16 1 -7.669e+04 1.309e+02 3.364e+02
s>        ( - -7.509e+04 2 0)
s>        ( - -1.475e+03 1 0))INFO: dtree.c(1315): Comp split 18
INFO: dtree.c(1478): Final simple tree
|( QUESTION20 -1 -1.528e+04 1.693e+02 6.799e+01
|    ( WDBNDRY_E 0 -2.844e+03 1.739e+02 1.400e+01
|        ( - -2.114e+03 1 0)
|        ( - -5.562e+02 1 0))
|    ( QUESTION12 1 -1.227e+04 1.537e+02 5.399e+01
|        ( - -1.655e+03 2 0)
|        ( QUESTION0_4_R 1 -1.046e+04 1.653e+02 4.599e+01
|            ( - -2.350e+03 2 0)
|            ( WDBNDRY_E 0 -7.943e+03 1.466e+02 3.499e+01
|                ( QUESTION16 -1 -7.259e+03 1.451e+02 3.199e+01
|                    ( - -1.755e+03 1 0)
|                    ( QUESTION0_2_R 1 -5.360e+03 1.146e+02 2.393e+01
|                        ( - -2.600e+03 1 0)
|                        ( - -2.645e+03 1 0)))
|                ( - -5.375e+02 1 0)))))
s>    ( QUESTION20 -1 -1.528e+04 1.693e+02 6.799e+01
s>        ( WDBNDRY_E 0 -2.844e+03 1.739e+02 1.400e+01
s>            ( - -2.114e+03 1 0)
s>            ( - -5.562e+02 1 0))
s>        ( QUESTION12 1 -1.227e+04 1.537e+02 5.399e+01
s>            ( - -1.655e+03 2 0)
s>            ( QUESTION0_4_R 1 -1.046e+04 1.653e+02 4.599e+01
s>                ( - -2.350e+03 2 0)
s>                ( WDBNDRY_E 0 -7.943e+03 1.466e+02 3.499e+01
s>                    ( QUESTION16 -1 -7.259e+03 1.451e+02 3.199e+01
s>                        ( - -1.755e+03 1 0)
s>                        ( QUESTION0_2_R 1 -5.360e+03 1.146e+02 2.393e+01
s>                            ( - -2.600e+03 1 0)
s>                            ( - -2.645e+03 1 0)))
s>                    ( - -5.375e+02 1 0)))))INFO: dtree.c(1439): stop. leaf nodes are specific
INFO: dtree.c(1478): Final simple tree
|( QUESTION14 -1 -2.456e+04 1.897e+02 1.146e+02
|    ( - -1.119e+04 1 0)
|    ( - -1.319e+04 1 0))
s>    ( QUESTION14 -1 -2.456e+04 1.897e+02 1.146e+02
s>        ( - -1.119e+04 1 0)
s>        ( - -1.319e+04 1 0))INFO: dtree.c(1315): Comp split 19
INFO: dtree.c(1439): stop. leaf nodes are specific
INFO: dtree.c(1478): Final simple tree
|( WDBNDRY_B 0 -5.092e+04 2.377e+02 2.182e+02
|    ( SILENCE -1 -7.433e+03 1.391e+02 3.221e+01
|        ( - -3.654e+03 1 0)
|        ( - -3.640e+03 1 0))
|    ( - -4.325e+04 2 0))
s>    ( WDBNDRY_B 0 -5.092e+04 2.377e+02 2.182e+02
s>        ( SILENCE -1 -7.433e+03 1.391e+02 3.221e+01
s>            ( - -3.654e+03 1 0)
s>            ( - -3.640e+03 1 0))
s>        ( - -4.325e+04 2 0))INFO: dtree.c(1315): Comp split 20
INFO: dtree.c(1439): stop. leaf nodes are specific
INFO: dtree.c(1478): Final simple tree
|( QUESTION0 -1 -3.410e+04 1.292e+02 1.490e+02
|    ( - -5.278e+02 1 0)
|    ( - -3.344e+04 2 0))
s>    ( QUESTION0 -1 -3.410e+04 1.292e+02 1.490e+02
s>        ( - -5.278e+02 1 0)
s>        ( - -3.344e+04 2 0))INFO: dtree.c(1439): stop. leaf nodes are specific
INFO: dtree.c(1478): Final simple tree
|( QUESTION2_15_L -1 -1.381e+04 1.395e+02 6.200e+01
|    ( - -3.682e+03 1 0)
|    ( QUESTION0 -1 -9.993e+03 1.196e+02 4.509e+01
|        ( - -7.783e+02 1 0)
|        ( QUESTION14 -1 -9.095e+03 1.159e+02 4.109e+01
|            ( - -9.751e+02 1 0)
|            ( - -8.004e+03 2 0))))
s>    ( QUESTION2_15_L -1 -1.381e+04 1.395e+02 6.200e+01
s>        ( - -3.682e+03 1 0)
s>        ( QUESTION0 -1 -9.993e+03 1.196e+02 4.509e+01
s>            ( - -7.783e+02 1 0)
s>            ( QUESTION14 -1 -9.095e+03 1.159e+02 4.109e+01
s>                ( - -9.751e+02 1 0)
s>                ( - -8.004e+03 2 0))))INFO: dtree.c(1315): Comp split 21
INFO: dtree.c(1439): stop. leaf nodes are specific
INFO: dtree.c(1478): Final simple tree
|( QUESTION20 1 -1.649e+04 1.221e+02 7.062e+01
|    ( - -4.602e+03 1 0)
|    ( - -1.176e+04 1 0))
s>    ( QUESTION20 1 -1.649e+04 1.221e+02 7.062e+01
s>        ( - -4.602e+03 1 0)
s>        ( - -1.176e+04 1 0))INFO: dtree.c(1315): Comp split 22
INFO: dtree.c(1439): stop. leaf nodes are specific
INFO: dtree.c(1478): Final simple tree
|( QUESTION0 -1 -6.476e+03 2.107e+02 2.927e+01
|    ( - -2.019e+03 1 0)
|    ( - -4.246e+03 1 0))
s>    ( QUESTION0 -1 -6.476e+03 2.107e+02 2.927e+01
s>        ( - -2.019e+03 1 0)
s>        ( - -4.246e+03 1 0))INFO: dtree.c(1439): stop. leaf nodes are specific
INFO: dtree.c(1478): Final simple tree
|( WDBNDRY_B 0 -4.616e+04 1.998e+02 2.083e+02
|    ( - -2.360e+04 1 0)
|    ( - -2.235e+04 1 0))
s>    ( WDBNDRY_B 0 -4.616e+04 1.998e+02 2.083e+02
s>        ( - -2.360e+04 1 0)
s>        ( - -2.235e+04 1 0))INFO: dtree.c(1315): Comp split 23
INFO: dtree.c(1439): stop. leaf nodes are specific
INFO: dtree.c(1478): Final simple tree
|( QUESTION0_4_R 1 -9.607e+03 2.330e+02 4.299e+01
|    ( - -2.114e+03 1 0)
|    ( QUESTION16 -1 -7.259e+03 1.451e+02 3.199e+01
|        ( - -1.755e+03 1 0)
|        ( QUESTION0_2_R 1 -5.360e+03 1.146e+02 2.393e+01
|            ( - -2.600e+03 1 0)
|            ( - -2.645e+03 1 0))))
s>    ( QUESTION0_4_R 1 -9.607e+03 2.330e+02 4.299e+01
s>        ( - -2.114e+03 1 0)
s>        ( QUESTION16 -1 -7.259e+03 1.451e+02 3.199e+01
s>            ( - -1.755e+03 1 0)
s>            ( QUESTION0_2_R 1 -5.360e+03 1.146e+02 2.393e+01
s>                ( - -2.600e+03 1 0)
s>                ( - -2.645e+03 1 0))))INFO: dtree.c(1439): stop. leaf nodes are specific
INFO: dtree.c(1478): Final simple tree
|( QUESTION11 1 -5.428e+03 1.266e+02 2.500e+01
|    ( - -5.375e+02 1 0)
|    ( WDBNDRY_E 0 -4.764e+03 1.052e+02 2.200e+01
|        ( QUESTION0_2_R 1 -4.103e+03 9.758e+01 1.900e+01
|            ( - -1.655e+03 2 0)
|            ( - -2.350e+03 2 0))
|        ( - -5.562e+02 1 0)))
s>    ( QUESTION11 1 -5.428e+03 1.266e+02 2.500e+01
s>        ( - -5.375e+02 1 0)
s>        ( WDBNDRY_E 0 -4.764e+03 1.052e+02 2.200e+01
s>            ( QUESTION0_2_R 1 -4.103e+03 9.758e+01 1.900e+01
s>                ( - -1.655e+03 2 0)
s>                ( - -2.350e+03 2 0))
s>            ( - -5.562e+02 1 0)))INFO: dtree.c(1315): Comp split 24
INFO: dtree.c(1315): Comp split 25
INFO: dtree.c(1439): stop. leaf nodes are specific
INFO: dtree.c(1478): Final simple tree
|( SILENCE -1 -7.433e+03 1.391e+02 3.221e+01
|    ( - -3.654e+03 1 0)
|    ( - -3.640e+03 1 0))
s>    ( SILENCE -1 -7.433e+03 1.391e+02 3.221e+01
s>        ( - -3.654e+03 1 0)
s>        ( - -3.640e+03 1 0))INFO: dtree.c(1315): Comp split 26
INFO: dtree.c(1439): stop. leaf nodes are specific
INFO: dtree.c(1478): Final simple tree
|( QUESTION16 -1 -7.259e+03 1.451e+02 3.199e+01
|    ( - -1.755e+03 1 0)
|    ( QUESTION0_2_R 1 -5.360e+03 1.146e+02 2.393e+01
|        ( - -2.600e+03 1 0)
|        ( - -2.645e+03 1 0)))
s>    ( QUESTION16 -1 -7.259e+03 1.451e+02 3.199e+01
s>        ( - -1.755e+03 1 0)
s>        ( QUESTION0_2_R 1 -5.360e+03 1.146e+02 2.393e+01
s>            ( - -2.600e+03 1 0)
s>            ( - -2.645e+03 1 0)))INFO: dtree.c(1315): Comp split 27
INFO: dtree.c(1315): Comp split 28
INFO: dtree.c(1439): stop. leaf nodes are specific
INFO: dtree.c(1478): Final simple tree
|( WDBNDRY_E 0 -2.227e+04 9.553e+01 9.844e+01
|    ( - -1.220e+03 1 0)
|    ( - -2.096e+04 1 0))
s>    ( WDBNDRY_E 0 -2.227e+04 9.553e+01 9.844e+01
s>        ( - -1.220e+03 1 0)
s>        ( - -2.096e+04 1 0))INFO: dtree.c(1315): Comp split 29
INFO: dtree.c(1315): Comp split 30
INFO: dtree.c(1315): Comp split 31
INFO: dtree.c(1315): Comp split 32
INFO: dtree.c(1439): stop. leaf nodes are specific
INFO: dtree.c(1478): Final simple tree
|( WDBNDRY_E 0 -8.356e+04 1.352e+02 3.646e+02
|    ( - -5.561e+02 1 0)
|    ( - -8.287e+04 1 0))
s>    ( WDBNDRY_E 0 -8.356e+04 1.352e+02 3.646e+02
s>        ( - -5.561e+02 1 0)
s>        ( - -8.287e+04 1 0))INFO: dtree.c(1315): Comp split 33
INFO: dtree.c(1439): stop. leaf nodes are specific
INFO: dtree.c(1478): Final simple tree
|( QUESTION0_14_R 1 -2.110e+04 1.209e+02 9.055e+01
|    ( - -2.039e+04 1 0)
|    ( - -5.917e+02 1 0))
s>    ( QUESTION0_14_R 1 -2.110e+04 1.209e+02 9.055e+01
s>        ( - -2.039e+04 1 0)
s>        ( - -5.917e+02 1 0))INFO: dtree.c(1315): Comp split 34
INFO: dtree.c(1439): stop. leaf nodes are specific
INFO: dtree.c(1478): Final simple tree
|( QUESTION0_2_R 1 -5.360e+03 1.146e+02 2.393e+01
|    ( - -2.600e+03 1 0)
|    ( - -2.645e+03 1 0))
s>    ( QUESTION0_2_R 1 -5.360e+03 1.146e+02 2.393e+01
s>        ( - -2.600e+03 1 0)
s>        ( - -2.645e+03 1 0))INFO: dtree.c(1315): Comp split 35
INFO: dtree.c(1439): stop. leaf nodes are specific
INFO: dtree.c(1478): Final simple tree
|( QUESTION0 -1 -9.993e+03 1.196e+02 4.509e+01
|    ( - -7.783e+02 1 0)
|    ( QUESTION14 -1 -9.095e+03 1.159e+02 4.109e+01
|        ( - -9.751e+02 1 0)
|        ( - -8.004e+03 2 0)))
s>    ( QUESTION0 -1 -9.993e+03 1.196e+02 4.509e+01
s>        ( - -7.783e+02 1 0)
s>        ( QUESTION14 -1 -9.095e+03 1.159e+02 4.109e+01
s>            ( - -9.751e+02 1 0)
s>            ( - -8.004e+03 2 0)))INFO: dtree.c(1315): Comp split 36
INFO: dtree.c(1315): Comp split 37
INFO: dtree.c(1315): Comp split 38
INFO: dtree.c(1315): Comp split 39
INFO: dtree.c(1315): Comp split 40
INFO: dtree.c(1315): Comp split 41
INFO: dtree.c(1439): stop. leaf nodes are specific
INFO: dtree.c(1478): Final simple tree
|( WDBNDRY_E 0 -4.764e+03 1.052e+02 2.200e+01
|    ( QUESTION0_2_R 1 -4.103e+03 9.758e+01 1.900e+01
|        ( - -1.655e+03 2 0)
|        ( - -2.350e+03 2 0))
|    ( - -5.562e+02 1 0))
s>    ( WDBNDRY_E 0 -4.764e+03 1.052e+02 2.200e+01
s>        ( QUESTION0_2_R 1 -4.103e+03 9.758e+01 1.900e+01
s>            ( - -1.655e+03 2 0)
s>            ( - -2.350e+03 2 0))
s>        ( - -5.562e+02 1 0))INFO: dtree.c(1315): Comp split 42
INFO: dtree.c(1315): Comp split 43
INFO: dtree.c(1315): Comp split 44
INFO: dtree.c(1439): stop. leaf nodes are specific
INFO: dtree.c(1478): Final simple tree
|( QUESTION14 -1 -9.095e+03 1.159e+02 4.109e+01
|    ( - -9.751e+02 1 0)
|    ( - -8.004e+03 2 0))
s>    ( QUESTION14 -1 -9.095e+03 1.159e+02 4.109e+01
s>        ( - -9.751e+02 1 0)
s>        ( - -8.004e+03 2 0))INFO: dtree.c(1315): Comp split 45
INFO: dtree.c(1315): Comp split 46
INFO: dtree.c(1315): Comp split 47
INFO: dtree.c(1439): stop. leaf nodes are specific
INFO: dtree.c(1478): Final simple tree
|( QUESTION0_2_R 1 -4.103e+03 9.758e+01 1.900e+01
|    ( - -1.655e+03 2 0)
|    ( - -2.350e+03 2 0))
s>    ( QUESTION0_2_R 1 -4.103e+03 9.758e+01 1.900e+01
s>        ( - -1.655e+03 2 0)
s>        ( - -2.350e+03 2 0))INFO: dtree.c(1315): Comp split 48
INFO: dtree.c(1315): Comp split 49
INFO: dtree.c(1315): Comp split 50
INFO: dtree.c(1318): stop. leaf nodes are specific
Sun Mar 19 21:50:43 2017
