Current configuration:
[NAME]		[DEFLT]	[VALUE]
-allphones	no	no
-cntthresh	0.00001	1.000000e-05
-csplitmax	100	2000
-csplitmin	1	1
-csplitthr	8e-4	0.000000e+00
-example	no	no
-fullvar	no	no
-help		no	no
-meanfn			/home/ilya/Рабочий стол/lab_sphinx/ru_base/model_parameters/ru_base.cd_cont_untied/means
-mixwfn			/home/ilya/Рабочий стол/lab_sphinx/ru_base/model_parameters/ru_base.cd_cont_untied/mixture_weights
-moddeffn		/home/ilya/Рабочий стол/lab_sphinx/ru_base/model_architecture/ru_base.untied.mdef
-mwfloor	1e-4	1.000000e-08
-phone			vj
-psetfn			/home/ilya/Рабочий стол/lab_sphinx/ru_base/model_architecture/ru_base.tree_questions
-ssplitmax	5	7
-ssplitmin	1	1
-ssplitthr	8e-4	0.000000e+00
-state			1
-stwt			1.0,0.05,0.0,
-treefn			/home/ilya/Рабочий стол/lab_sphinx/ru_base/trees/ru_base.unpruned/vj-1.dtree
-ts2cbfn	.semi.	.cont.
-varfloor	0.00001	1.000000e-05
-varfn			/home/ilya/Рабочий стол/lab_sphinx/ru_base/model_parameters/ru_base.cd_cont_untied/variances

INFO: main.c(223): Reading: /home/ilya/Рабочий стол/lab_sphinx/ru_base/model_architecture/ru_base.untied.mdef
INFO: model_def_io.c(573): Model definition info:
INFO: model_def_io.c(574): 9415 total models defined (43 base, 9372 tri)
INFO: model_def_io.c(575): 37660 total states
INFO: model_def_io.c(576): 28245 total tied states
INFO: model_def_io.c(577): 129 total tied CI states
INFO: model_def_io.c(578): 43 total tied transition matrices
INFO: model_def_io.c(579): 4 max state/model
INFO: model_def_io.c(580): 4 min state/model
INFO: main.c(242): Building trees for [vj SIL e0 b] through [vj z o0 i]
INFO: main.c(269): Covering states |[26262 26507]| == 246
INFO: main.c(275): Reading: /home/ilya/Рабочий стол/lab_sphinx/ru_base/model_parameters/ru_base.cd_cont_untied/mixture_weights
INFO: s3mixw_io.c(173): Read /home/ilya/Рабочий стол/lab_sphinx/ru_base/model_parameters/ru_base.cd_cont_untied/mixture_weights [246x1x1 array]
INFO: main.c(311): 82 of 82 models have observation count greater than 0.000010
INFO: main.c(95): nrm stwt: 0.045 0.909 0.045 
INFO: s3gau_io.c(169): Read /home/ilya/Рабочий стол/lab_sphinx/ru_base/model_parameters/ru_base.cd_cont_untied/means [28245x1x1 array]
INFO: s3gau_io.c(169): Read /home/ilya/Рабочий стол/lab_sphinx/ru_base/model_parameters/ru_base.cd_cont_untied/variances [28245x1x1 array]
INFO: main.c(549): Reading: /home/ilya/Рабочий стол/lab_sphinx/ru_base/model_architecture/ru_base.tree_questions
INFO: main.c(588): 180 total simple questions (172 phone; 8 word bndry)
INFO: main.c(590): 42 Left Only questions, and 42 Right Only questions
INFO: dtree.c(1478): Final simple tree
|( QUESTION2_13_L -1 -2.070e+06 6.746e+03 9.664e+03
|    ( WDBNDRY_E 0 -1.131e+06 4.490e+03 5.333e+03
|        ( - -4.734e+04 5 0 QUESTION0_1_R 1 7.555e+02 2.074e+02)
|        ( QUESTION16 -1 -1.080e+06 3.042e+03 5.125e+03
|            ( - -5.360e+05 10 0 QUESTION20 1 1.137e+03 2.610e+03)
|            ( QUESTION2_15_L -1 -5.406e+05 1.632e+03 2.516e+03
|                ( - -3.128e+04 3 0 WDBNDRY_B 0 2.197e+02 1.206e+02)
|                ( - -5.077e+05 34 0 QUESTION0_14_R 1 1.200e+03 2.395e+03))))
|    ( QUESTION0_14_R 1 -9.315e+05 2.735e+03 4.332e+03
|        ( - -1.484e+05 4 0 QUESTION5 -1 6.308e+02 7.305e+02)
|        ( QUESTION20 1 -7.804e+05 1.788e+03 3.601e+03
|            ( - -1.547e+05 10 0 QUESTION4 -1 4.662e+02 7.448e+02)
|            ( QUESTION2_12_L -1 -6.239e+05 1.494e+03 2.856e+03
|                ( - -3.495e+05 6 0 QUESTION11 -1 9.836e+02 1.605e+03)
|                ( - -2.730e+05 10 0 QUESTION5 -1 1.151e+03 1.252e+03)))))
s>    ( QUESTION2_13_L -1 -2.070e+06 6.746e+03 9.664e+03
s>        ( WDBNDRY_E 0 -1.131e+06 4.490e+03 5.333e+03
s>            ( - -4.734e+04 5 0 QUESTION0_1_R 1 7.555e+02 2.074e+02)
s>            ( QUESTION16 -1 -1.080e+06 3.042e+03 5.125e+03
s>                ( - -5.360e+05 10 0 QUESTION20 1 1.137e+03 2.610e+03)
s>                ( QUESTION2_15_L -1 -5.406e+05 1.632e+03 2.516e+03
s>                    ( - -3.128e+04 3 0 WDBNDRY_B 0 2.197e+02 1.206e+02)
s>                    ( - -5.077e+05 34 0 QUESTION0_14_R 1 1.200e+03 2.395e+03))))
s>        ( QUESTION0_14_R 1 -9.315e+05 2.735e+03 4.332e+03
s>            ( - -1.484e+05 4 0 QUESTION5 -1 6.308e+02 7.305e+02)
s>            ( QUESTION20 1 -7.804e+05 1.788e+03 3.601e+03
s>                ( - -1.547e+05 10 0 QUESTION4 -1 4.662e+02 7.448e+02)
s>                ( QUESTION2_12_L -1 -6.239e+05 1.494e+03 2.856e+03
s>                    ( - -3.495e+05 6 0 QUESTION11 -1 9.836e+02 1.605e+03)
s>                    ( - -2.730e+05 10 0 QUESTION5 -1 1.151e+03 1.252e+03)))))INFO: dtree.c(1315): Comp split 0
INFO: dtree.c(1478): Final simple tree
|( QUESTION16 -1 -1.080e+06 3.042e+03 5.125e+03
|    ( QUESTION20 1 -5.360e+05 1.137e+03 2.610e+03
|        ( WDBNDRY_B 0 -2.739e+05 1.039e+03 1.332e+03
|            ( - -1.049e+05 2 0)
|            ( - -1.679e+05 2 0))
|        ( - -2.610e+05 6 0 QUESTION0_14_R 1 4.327e+02 1.277e+03))
|    ( QUESTION2_15_L -1 -5.406e+05 1.632e+03 2.516e+03
|        ( - -3.128e+04 3 0 WDBNDRY_B 0 2.197e+02 1.206e+02)
|        ( QUESTION0_14_R 1 -5.077e+05 1.200e+03 2.395e+03
|            ( - -1.188e+05 5 0 QUESTION19 -1 9.478e+02 5.773e+02)
|            ( QUESTION14 -1 -3.877e+05 1.376e+03 1.818e+03
|                ( QUESTION20 1 -1.879e+05 1.103e+03 8.888e+02
|                    ( - -7.359e+04 8 0 QUESTION2_17_L -1 5.892e+02 3.537e+02)
|                    ( - -1.132e+05 7 0 QUESTION2_17_L -1 4.722e+02 5.351e+02))
|                ( - -1.984e+05 14 0 WDBNDRY_B 0 5.769e+02 9.289e+02)))))
s>    ( QUESTION16 -1 -1.080e+06 3.042e+03 5.125e+03
s>        ( QUESTION20 1 -5.360e+05 1.137e+03 2.610e+03
s>            ( WDBNDRY_B 0 -2.739e+05 1.039e+03 1.332e+03
s>                ( - -1.049e+05 2 0)
s>                ( - -1.679e+05 2 0))
s>            ( - -2.610e+05 6 0 QUESTION0_14_R 1 4.327e+02 1.277e+03))
s>        ( QUESTION2_15_L -1 -5.406e+05 1.632e+03 2.516e+03
s>            ( - -3.128e+04 3 0 WDBNDRY_B 0 2.197e+02 1.206e+02)
s>            ( QUESTION0_14_R 1 -5.077e+05 1.200e+03 2.395e+03
s>                ( - -1.188e+05 5 0 QUESTION19 -1 9.478e+02 5.773e+02)
s>                ( QUESTION14 -1 -3.877e+05 1.376e+03 1.818e+03
s>                    ( QUESTION20 1 -1.879e+05 1.103e+03 8.888e+02
s>                        ( - -7.359e+04 8 0 QUESTION2_17_L -1 5.892e+02 3.537e+02)
s>                        ( - -1.132e+05 7 0 QUESTION2_17_L -1 4.722e+02 5.351e+02))
s>                    ( - -1.984e+05 14 0 WDBNDRY_B 0 5.769e+02 9.289e+02)))))INFO: dtree.c(1478): Final simple tree
|( QUESTION13 -1 -9.823e+05 3.486e+03 4.539e+03
|    ( QUESTION0_1_R 1 -4.711e+04 7.495e+02 2.064e+02
|        ( - -1.762e+04 2 0 QUESTION0_2_R 1 1.624e+02 8.157e+01)
|        ( - -2.875e+04 2 0 QUESTION0_0_R 1 1.148e+02 1.248e+02))
|    ( QUESTION0_15_R 1 -9.317e+05 2.735e+03 4.333e+03
|        ( QUESTION20 1 -7.804e+05 1.788e+03 3.601e+03
|            ( - -1.547e+05 10 0 QUESTION4 -1 4.662e+02 7.448e+02)
|            ( QUESTION2_12_L -1 -6.239e+05 1.494e+03 2.856e+03
|                ( QUESTION11 -1 -3.495e+05 9.836e+02 1.605e+03
|                    ( - -6.186e+04 2 0 WDBNDRY_B 0 3.398e+02 2.936e+02)
|                    ( - -2.866e+05 4 0 WDBNDRY_B 0 3.051e+02 1.311e+03))
|                ( QUESTION5 -1 -2.730e+05 1.151e+03 1.252e+03
|                    ( - -1.438e+05 4 0 WDBNDRY_B 0 2.452e+02 6.624e+02)
|                    ( - -1.280e+05 6 0 WDBNDRY_B 0 6.714e+02 5.893e+02))))
|        ( - -1.486e+05 5 0 QUESTION5 -1 6.308e+02 7.315e+02)))
s>    ( QUESTION13 -1 -9.823e+05 3.486e+03 4.539e+03
s>        ( QUESTION0_1_R 1 -4.711e+04 7.495e+02 2.064e+02
s>            ( - -1.762e+04 2 0 QUESTION0_2_R 1 1.624e+02 8.157e+01)
s>            ( - -2.875e+04 2 0 QUESTION0_0_R 1 1.148e+02 1.248e+02))
s>        ( QUESTION0_15_R 1 -9.317e+05 2.735e+03 4.333e+03
s>            ( QUESTION20 1 -7.804e+05 1.788e+03 3.601e+03
s>                ( - -1.547e+05 10 0 QUESTION4 -1 4.662e+02 7.448e+02)
s>                ( QUESTION2_12_L -1 -6.239e+05 1.494e+03 2.856e+03
s>                    ( QUESTION11 -1 -3.495e+05 9.836e+02 1.605e+03
s>                        ( - -6.186e+04 2 0 WDBNDRY_B 0 3.398e+02 2.936e+02)
s>                        ( - -2.866e+05 4 0 WDBNDRY_B 0 3.051e+02 1.311e+03))
s>                    ( QUESTION5 -1 -2.730e+05 1.151e+03 1.252e+03
s>                        ( - -1.438e+05 4 0 WDBNDRY_B 0 2.452e+02 6.624e+02)
s>                        ( - -1.280e+05 6 0 WDBNDRY_B 0 6.714e+02 5.893e+02))))
s>            ( - -1.486e+05 5 0 QUESTION5 -1 6.308e+02 7.315e+02)))INFO: dtree.c(1315): Comp split 1
INFO: dtree.c(1478): Final simple tree
|( QUESTION0_15_R 1 -9.317e+05 2.735e+03 4.333e+03
|    ( QUESTION20 1 -7.804e+05 1.788e+03 3.601e+03
|        ( - -1.547e+05 10 0 QUESTION4 -1 4.662e+02 7.448e+02)
|        ( QUESTION2_12_L -1 -6.239e+05 1.494e+03 2.856e+03
|            ( QUESTION11 -1 -3.495e+05 9.836e+02 1.605e+03
|                ( - -6.186e+04 2 0 WDBNDRY_B 0 3.398e+02 2.936e+02)
|                ( - -2.866e+05 4 0 WDBNDRY_B 0 3.051e+02 1.311e+03))
|            ( QUESTION5 -1 -2.730e+05 1.151e+03 1.252e+03
|                ( - -1.438e+05 4 0 WDBNDRY_B 0 2.452e+02 6.624e+02)
|                ( WDBNDRY_B 0 -1.280e+05 6.714e+02 5.893e+02
|                    ( - -7.578e+04 3 0 QUESTION10 -1 3.244e+02 3.476e+02)
|                    ( - -5.153e+04 3 0 QUESTION2_4_L -1 5.730e+02 2.418e+02)))))
|    ( QUESTION5 -1 -1.486e+05 6.308e+02 7.315e+02
|        ( - -2.534e+04 2 0)
|        ( - -1.226e+05 3 0 WDBNDRY_E 0 4.608e+02 6.115e+02)))
s>    ( QUESTION0_15_R 1 -9.317e+05 2.735e+03 4.333e+03
s>        ( QUESTION20 1 -7.804e+05 1.788e+03 3.601e+03
s>            ( - -1.547e+05 10 0 QUESTION4 -1 4.662e+02 7.448e+02)
s>            ( QUESTION2_12_L -1 -6.239e+05 1.494e+03 2.856e+03
s>                ( QUESTION11 -1 -3.495e+05 9.836e+02 1.605e+03
s>                    ( - -6.186e+04 2 0 WDBNDRY_B 0 3.398e+02 2.936e+02)
s>                    ( - -2.866e+05 4 0 WDBNDRY_B 0 3.051e+02 1.311e+03))
s>                ( QUESTION5 -1 -2.730e+05 1.151e+03 1.252e+03
s>                    ( - -1.438e+05 4 0 WDBNDRY_B 0 2.452e+02 6.624e+02)
s>                    ( WDBNDRY_B 0 -1.280e+05 6.714e+02 5.893e+02
s>                        ( - -7.578e+04 3 0 QUESTION10 -1 3.244e+02 3.476e+02)
s>                        ( - -5.153e+04 3 0 QUESTION2_4_L -1 5.730e+02 2.418e+02)))))
s>        ( QUESTION5 -1 -1.486e+05 6.308e+02 7.315e+02
s>            ( - -2.534e+04 2 0)
s>            ( - -1.226e+05 3 0 WDBNDRY_E 0 4.608e+02 6.115e+02)))INFO: dtree.c(1439): stop. leaf nodes are specific
INFO: dtree.c(1478): Final simple tree
|( QUESTION0_1_R 1 -4.711e+04 7.495e+02 2.064e+02
|    ( QUESTION0_2_R 1 -1.762e+04 1.624e+02 8.157e+01
|        ( - -1.693e+04 1 0)
|        ( - -5.241e+02 1 0))
|    ( QUESTION0_0_R 1 -2.875e+04 1.148e+02 1.248e+02
|        ( - -2.623e+04 1 0)
|        ( - -2.404e+03 1 0)))
s>    ( QUESTION0_1_R 1 -4.711e+04 7.495e+02 2.064e+02
s>        ( QUESTION0_2_R 1 -1.762e+04 1.624e+02 8.157e+01
s>            ( - -1.693e+04 1 0)
s>            ( - -5.241e+02 1 0))
s>        ( QUESTION0_0_R 1 -2.875e+04 1.148e+02 1.248e+02
s>            ( - -2.623e+04 1 0)
s>            ( - -2.404e+03 1 0)))INFO: dtree.c(1315): Comp split 2
INFO: dtree.c(1478): Final simple tree
|( QUESTION2_15_L -1 -5.406e+05 1.632e+03 2.516e+03
|    ( - -3.128e+04 3 0 WDBNDRY_B 0 2.197e+02 1.206e+02)
|    ( QUESTION0_14_R 1 -5.077e+05 1.200e+03 2.395e+03
|        ( QUESTION19 -1 -1.188e+05 9.478e+02 5.773e+02
|            ( - -6.243e+04 3 0 WDBNDRY_B 0 3.039e+02 3.035e+02)
|            ( - -5.541e+04 2 0 WDBNDRY_B 0 1.734e+02 2.738e+02))
|        ( QUESTION14 -1 -3.877e+05 1.376e+03 1.818e+03
|            ( QUESTION20 1 -1.879e+05 1.103e+03 8.888e+02
|                ( QUESTION2_17_L -1 -7.359e+04 5.892e+02 3.537e+02
|                    ( - -3.545e+04 2 0 WDBNDRY_B 0 4.576e+02 1.665e+02)
|                    ( - -3.755e+04 6 0 WDBNDRY_B 0 4.406e+02 1.873e+02))
|                ( - -1.132e+05 7 0 QUESTION2_17_L -1 4.722e+02 5.351e+02))
|            ( WDBNDRY_B 0 -1.984e+05 5.769e+02 9.289e+02
|                ( - -1.060e+05 7 0 QUESTION20 1 5.130e+02 5.009e+02)
|                ( - -9.181e+04 7 0 QUESTION14 1 3.166e+02 4.279e+02)))))
s>    ( QUESTION2_15_L -1 -5.406e+05 1.632e+03 2.516e+03
s>        ( - -3.128e+04 3 0 WDBNDRY_B 0 2.197e+02 1.206e+02)
s>        ( QUESTION0_14_R 1 -5.077e+05 1.200e+03 2.395e+03
s>            ( QUESTION19 -1 -1.188e+05 9.478e+02 5.773e+02
s>                ( - -6.243e+04 3 0 WDBNDRY_B 0 3.039e+02 3.035e+02)
s>                ( - -5.541e+04 2 0 WDBNDRY_B 0 1.734e+02 2.738e+02))
s>            ( QUESTION14 -1 -3.877e+05 1.376e+03 1.818e+03
s>                ( QUESTION20 1 -1.879e+05 1.103e+03 8.888e+02
s>                    ( QUESTION2_17_L -1 -7.359e+04 5.892e+02 3.537e+02
s>                        ( - -3.545e+04 2 0 WDBNDRY_B 0 4.576e+02 1.665e+02)
s>                        ( - -3.755e+04 6 0 WDBNDRY_B 0 4.406e+02 1.873e+02))
s>                    ( - -1.132e+05 7 0 QUESTION2_17_L -1 4.722e+02 5.351e+02))
s>                ( WDBNDRY_B 0 -1.984e+05 5.769e+02 9.289e+02
s>                    ( - -1.060e+05 7 0 QUESTION20 1 5.130e+02 5.009e+02)
s>                    ( - -9.181e+04 7 0 QUESTION14 1 3.166e+02 4.279e+02)))))INFO: dtree.c(1439): stop. leaf nodes are specific
INFO: dtree.c(1478): Final simple tree
|( QUESTION20 1 -5.360e+05 1.137e+03 2.610e+03
|    ( WDBNDRY_B 0 -2.739e+05 1.039e+03 1.332e+03
|        ( - -1.049e+05 2 0)
|        ( - -1.679e+05 2 0))
|    ( QUESTION0_14_R 1 -2.610e+05 4.327e+02 1.277e+03
|        ( - -1.443e+04 2 0)
|        ( WDBNDRY_B 0 -2.461e+05 3.502e+02 1.208e+03
|            ( - -3.758e+04 2 0)
|            ( - -2.082e+05 2 0))))
s>    ( QUESTION20 1 -5.360e+05 1.137e+03 2.610e+03
s>        ( WDBNDRY_B 0 -2.739e+05 1.039e+03 1.332e+03
s>            ( - -1.049e+05 2 0)
s>            ( - -1.679e+05 2 0))
s>        ( QUESTION0_14_R 1 -2.610e+05 4.327e+02 1.277e+03
s>            ( - -1.443e+04 2 0)
s>            ( WDBNDRY_B 0 -2.461e+05 3.502e+02 1.208e+03
s>                ( - -3.758e+04 2 0)
s>                ( - -2.082e+05 2 0))))INFO: dtree.c(1315): Comp split 3
INFO: dtree.c(1478): Final simple tree
|( QUESTION0_14_R 1 -3.314e+05 1.808e+03 1.598e+03
|    ( - -1.224e+05 2 0 QUESTION1 -1 3.465e+02 6.105e+02)
|    ( QUESTION2_8_L -1 -2.072e+05 8.022e+02 9.875e+02
|        ( - -2.160e+04 1 0)
|        ( QUESTION12 -1 -1.848e+05 5.509e+02 8.877e+02
|            ( - -1.452e+05 5 0 WDBNDRY_B 0 2.254e+02 7.028e+02)
|            ( WDBNDRY_E 0 -3.900e+04 4.592e+02 1.849e+02
|                ( - 2.417e+02 1 0)
|                ( QUESTION2 -1 -3.878e+04 4.573e+02 1.839e+02
|                    ( - 1.967e+02 1 0)
|                    ( QUESTION4 -1 -3.852e+04 4.001e+02 1.829e+02
|                        ( QUESTION20 1 -2.932e+04 4.699e+02 1.419e+02
|                            ( - 2.418e+02 1 0)
|                            ( - -2.909e+04 1 0))
|                        ( - -8.804e+03 4 0 SILENCE -1 2.105e+02 4.100e+01)))))))
s>    ( QUESTION0_14_R 1 -3.314e+05 1.808e+03 1.598e+03
s>        ( - -1.224e+05 2 0 QUESTION1 -1 3.465e+02 6.105e+02)
s>        ( QUESTION2_8_L -1 -2.072e+05 8.022e+02 9.875e+02
s>            ( - -2.160e+04 1 0)
s>            ( QUESTION12 -1 -1.848e+05 5.509e+02 8.877e+02
s>                ( - -1.452e+05 5 0 WDBNDRY_B 0 2.254e+02 7.028e+02)
s>                ( WDBNDRY_E 0 -3.900e+04 4.592e+02 1.849e+02
s>                    ( - 2.417e+02 1 0)
s>                    ( QUESTION2 -1 -3.878e+04 4.573e+02 1.839e+02
s>                        ( - 1.967e+02 1 0)
s>                        ( QUESTION4 -1 -3.852e+04 4.001e+02 1.829e+02
s>                            ( QUESTION20 1 -2.932e+04 4.699e+02 1.419e+02
s>                                ( - 2.418e+02 1 0)
s>                                ( - -2.909e+04 1 0))
s>                            ( - -8.804e+03 4 0 SILENCE -1 2.105e+02 4.100e+01)))))))INFO: dtree.c(1478): Final simple tree
|( QUESTION3 -1 -5.974e+05 1.346e+03 2.734e+03
|    ( QUESTION0_14_R 1 -1.699e+05 7.706e+02 7.824e+02
|        ( - -2.534e+04 2 0)
|        ( - -1.438e+05 4 0 WDBNDRY_B 0 2.452e+02 6.624e+02))
|    ( QUESTION11 -1 -4.261e+05 9.856e+02 1.952e+03
|        ( WDBNDRY_B 0 -6.186e+04 3.398e+02 2.936e+02
|            ( - -3.215e+04 1 0)
|            ( - -2.938e+04 1 0))
|        ( WDBNDRY_B 0 -3.633e+05 9.471e+02 1.658e+03
|            ( QUESTION2_7_L -1 -8.694e+04 3.201e+02 3.986e+02
|                ( - -1.649e+04 1 0)
|                ( SILENCE -1 -7.013e+04 2.656e+02 3.279e+02
|                    ( - -5.606e+04 1 0)
|                    ( - -1.380e+04 3 0 QUESTION1 -1 1.510e+02 6.501e+01)))
|            ( - -2.754e+05 2 0))))
s>    ( QUESTION3 -1 -5.974e+05 1.346e+03 2.734e+03
s>        ( QUESTION0_14_R 1 -1.699e+05 7.706e+02 7.824e+02
s>            ( - -2.534e+04 2 0)
s>            ( - -1.438e+05 4 0 WDBNDRY_B 0 2.452e+02 6.624e+02))
s>        ( QUESTION11 -1 -4.261e+05 9.856e+02 1.952e+03
s>            ( WDBNDRY_B 0 -6.186e+04 3.398e+02 2.936e+02
s>                ( - -3.215e+04 1 0)
s>                ( - -2.938e+04 1 0))
s>            ( WDBNDRY_B 0 -3.633e+05 9.471e+02 1.658e+03
s>                ( QUESTION2_7_L -1 -8.694e+04 3.201e+02 3.986e+02
s>                    ( - -1.649e+04 1 0)
s>                    ( SILENCE -1 -7.013e+04 2.656e+02 3.279e+02
s>                        ( - -5.606e+04 1 0)
s>                        ( - -1.380e+04 3 0 QUESTION1 -1 1.510e+02 6.501e+01)))
s>                ( - -2.754e+05 2 0))))INFO: dtree.c(1315): Comp split 4
INFO: dtree.c(1478): Final simple tree
|( QUESTION0_14_R 1 -1.763e+05 7.266e+02 8.386e+02
|    ( WDBNDRY_B 0 -6.243e+04 3.039e+02 3.035e+02
|        ( - -2.085e+04 1 0)
|        ( QUESTION20 -1 -4.127e+04 3.346e+02 2.035e+02
|            ( - -1.205e+04 1 0)
|            ( - -2.888e+04 1 0)))
|    ( QUESTION2_17_L -1 -1.132e+05 4.722e+02 5.351e+02
|        ( WDBNDRY_B 0 -4.360e+04 6.904e+02 2.088e+02
|            ( - -2.095e+04 1 0)
|            ( - -2.196e+04 1 0))
|        ( QUESTION2_14_L -1 -6.912e+04 3.023e+02 3.263e+02
|            ( - -2.664e+04 1 0)
|            ( WDBNDRY_B 0 -4.217e+04 2.582e+02 2.028e+02
|                ( - -3.553e+04 3 0)
|                ( - -6.381e+03 1 0)))))
s>    ( QUESTION0_14_R 1 -1.763e+05 7.266e+02 8.386e+02
s>        ( WDBNDRY_B 0 -6.243e+04 3.039e+02 3.035e+02
s>            ( - -2.085e+04 1 0)
s>            ( QUESTION20 -1 -4.127e+04 3.346e+02 2.035e+02
s>                ( - -1.205e+04 1 0)
s>                ( - -2.888e+04 1 0)))
s>        ( QUESTION2_17_L -1 -1.132e+05 4.722e+02 5.351e+02
s>            ( WDBNDRY_B 0 -4.360e+04 6.904e+02 2.088e+02
s>                ( - -2.095e+04 1 0)
s>                ( - -2.196e+04 1 0))
s>            ( QUESTION2_14_L -1 -6.912e+04 3.023e+02 3.263e+02
s>                ( - -2.664e+04 1 0)
s>                ( WDBNDRY_B 0 -4.217e+04 2.582e+02 2.028e+02
s>                    ( - -3.553e+04 3 0)
s>                    ( - -6.381e+03 1 0)))))INFO: dtree.c(1478): Final simple tree
|( QUESTION2_15_L -1 -3.622e+05 1.365e+03 1.677e+03
|    ( - -3.128e+04 3 0 WDBNDRY_B 0 2.197e+02 1.206e+02)
|    ( QUESTION19 -1 -3.296e+05 1.383e+03 1.556e+03
|        ( WDBNDRY_B 0 -1.907e+05 6.092e+02 8.938e+02
|            ( QUESTION20 1 -1.007e+05 5.700e+02 4.779e+02
|                ( - -4.895e+04 2 0 QUESTION20 -1 3.039e+02 2.265e+02)
|                ( - -5.116e+04 2 0 QUESTION20 -1 3.060e+02 2.513e+02))
|            ( - -8.938e+04 5 0 QUESTION14 1 3.291e+02 4.159e+02))
|        ( QUESTION2_17_L -1 -1.375e+05 7.522e+02 6.626e+02
|            ( QUESTION0 -1 -3.604e+04 4.795e+02 1.675e+02
|                ( - -1.046e+02 1 0)
|                ( - -3.545e+04 2 0 WDBNDRY_B 0 4.576e+02 1.665e+02))
|            ( QUESTION0_14_R 1 -1.008e+05 5.784e+02 4.952e+02
|                ( - -5.541e+04 2 0 WDBNDRY_B 0 1.734e+02 2.738e+02)
|                ( - -4.476e+04 10 0 QUESTION0 -1 1.658e+02 2.213e+02)))))
s>    ( QUESTION2_15_L -1 -3.622e+05 1.365e+03 1.677e+03
s>        ( - -3.128e+04 3 0 WDBNDRY_B 0 2.197e+02 1.206e+02)
s>        ( QUESTION19 -1 -3.296e+05 1.383e+03 1.556e+03
s>            ( WDBNDRY_B 0 -1.907e+05 6.092e+02 8.938e+02
s>                ( QUESTION20 1 -1.007e+05 5.700e+02 4.779e+02
s>                    ( - -4.895e+04 2 0 QUESTION20 -1 3.039e+02 2.265e+02)
s>                    ( - -5.116e+04 2 0 QUESTION20 -1 3.060e+02 2.513e+02))
s>                ( - -8.938e+04 5 0 QUESTION14 1 3.291e+02 4.159e+02))
s>            ( QUESTION2_17_L -1 -1.375e+05 7.522e+02 6.626e+02
s>                ( QUESTION0 -1 -3.604e+04 4.795e+02 1.675e+02
s>                    ( - -1.046e+02 1 0)
s>                    ( - -3.545e+04 2 0 WDBNDRY_B 0 4.576e+02 1.665e+02))
s>                ( QUESTION0_14_R 1 -1.008e+05 5.784e+02 4.952e+02
s>                    ( - -5.541e+04 2 0 WDBNDRY_B 0 1.734e+02 2.738e+02)
s>                    ( - -4.476e+04 10 0 QUESTION0 -1 1.658e+02 2.213e+02)))))INFO: dtree.c(1315): Comp split 5
INFO: dtree.c(1439): stop. leaf nodes are specific
INFO: dtree.c(1478): Final simple tree
|( QUESTION0_14_R 1 -1.519e+05 4.567e+02 7.514e+02
|    ( QUESTION1 -1 -1.224e+05 3.465e+02 6.105e+02
|        ( - -9.004e+04 1 0)
|        ( - -3.200e+04 1 0))
|    ( - -2.909e+04 1 0))
s>    ( QUESTION0_14_R 1 -1.519e+05 4.567e+02 7.514e+02
s>        ( QUESTION1 -1 -1.224e+05 3.465e+02 6.105e+02
s>            ( - -9.004e+04 1 0)
s>            ( - -3.200e+04 1 0))
s>        ( - -2.909e+04 1 0))INFO: dtree.c(1478): Final simple tree
|( QUESTION2_8_L -1 -1.776e+05 8.229e+02 8.466e+02
|    ( - -2.160e+04 1 0)
|    ( QUESTION2 -1 -1.552e+05 4.686e+02 7.468e+02
|        ( - 1.967e+02 1 0)
|        ( QUESTION4 -1 -1.549e+05 4.662e+02 7.458e+02
|            ( - 2.418e+02 1 0)
|            ( WDBNDRY_E 0 -1.547e+05 4.587e+02 7.448e+02
|                ( - 2.417e+02 1 0)
|                ( WDBNDRY_B 0 -1.545e+05 4.308e+02 7.438e+02
|                    ( QUESTION10 -1 -9.094e+03 2.355e+02 4.300e+01
|                        ( - -3.750e+03 3 0 QUESTION2_1_L -1 1.577e+02 1.900e+01)
|                        ( - -5.108e+03 2 0 SILENCE -1 1.503e+02 2.400e+01))
|                    ( QUESTION1 -1 -1.449e+05 1.853e+02 7.008e+02
|                        ( - -1.112e+03 1 0)
|                        ( - -1.436e+05 3 0)))))))
s>    ( QUESTION2_8_L -1 -1.776e+05 8.229e+02 8.466e+02
s>        ( - -2.160e+04 1 0)
s>        ( QUESTION2 -1 -1.552e+05 4.686e+02 7.468e+02
s>            ( - 1.967e+02 1 0)
s>            ( QUESTION4 -1 -1.549e+05 4.662e+02 7.458e+02
s>                ( - 2.418e+02 1 0)
s>                ( WDBNDRY_E 0 -1.547e+05 4.587e+02 7.448e+02
s>                    ( - 2.417e+02 1 0)
s>                    ( WDBNDRY_B 0 -1.545e+05 4.308e+02 7.438e+02
s>                        ( QUESTION10 -1 -9.094e+03 2.355e+02 4.300e+01
s>                            ( - -3.750e+03 3 0 QUESTION2_1_L -1 1.577e+02 1.900e+01)
s>                            ( - -5.108e+03 2 0 SILENCE -1 1.503e+02 2.400e+01))
s>                        ( QUESTION1 -1 -1.449e+05 1.853e+02 7.008e+02
s>                            ( - -1.112e+03 1 0)
s>                            ( - -1.436e+05 3 0)))))))INFO: dtree.c(1315): Comp split 6
INFO: dtree.c(1439): stop. leaf nodes are specific
INFO: dtree.c(1478): Final simple tree
|( WDBNDRY_B 0 -1.607e+05 3.707e+02 7.331e+02
|    ( QUESTION1 -1 -4.717e+04 2.369e+02 2.063e+02
|        ( - -3.045e+04 2 0)
|        ( - -1.649e+04 1 0))
|    ( - -1.131e+05 2 0))
s>    ( WDBNDRY_B 0 -1.607e+05 3.707e+02 7.331e+02
s>        ( QUESTION1 -1 -4.717e+04 2.369e+02 2.063e+02
s>            ( - -3.045e+04 2 0)
s>            ( - -1.649e+04 1 0))
s>        ( - -1.131e+05 2 0))INFO: dtree.c(1439): stop. leaf nodes are specific
INFO: dtree.c(1478): Final simple tree
|( QUESTION11 -1 -4.353e+05 9.996e+02 2.001e+03
|    ( WDBNDRY_B 0 -6.186e+04 3.398e+02 2.936e+02
|        ( - -3.215e+04 1 0)
|        ( - -2.938e+04 1 0))
|    ( WDBNDRY_B 0 -3.724e+05 8.985e+02 1.708e+03
|        ( SILENCE -1 -7.013e+04 2.656e+02 3.279e+02
|            ( - -5.606e+04 1 0)
|            ( QUESTION1 -1 -1.380e+04 1.510e+02 6.501e+01
|                ( - -2.722e+03 1 0)
|                ( - -1.093e+04 2 0)))
|        ( QUESTION0_14_R 1 -3.014e+05 6.597e+02 1.380e+03
|            ( - -2.534e+04 2 0)
|            ( - -2.754e+05 2 0))))
s>    ( QUESTION11 -1 -4.353e+05 9.996e+02 2.001e+03
s>        ( WDBNDRY_B 0 -6.186e+04 3.398e+02 2.936e+02
s>            ( - -3.215e+04 1 0)
s>            ( - -2.938e+04 1 0))
s>        ( WDBNDRY_B 0 -3.724e+05 8.985e+02 1.708e+03
s>            ( SILENCE -1 -7.013e+04 2.656e+02 3.279e+02
s>                ( - -5.606e+04 1 0)
s>                ( QUESTION1 -1 -1.380e+04 1.510e+02 6.501e+01
s>                    ( - -2.722e+03 1 0)
s>                    ( - -1.093e+04 2 0)))
s>            ( QUESTION0_14_R 1 -3.014e+05 6.597e+02 1.380e+03
s>                ( - -2.534e+04 2 0)
s>                ( - -2.754e+05 2 0))))INFO: dtree.c(1315): Comp split 7
INFO: dtree.c(1478): Final simple tree
|( QUESTION2_17_L -1 -1.370e+05 7.576e+02 6.616e+02
|    ( WDBNDRY_B 0 -3.545e+04 4.576e+02 1.665e+02
|        ( - 2.419e+02 1 0)
|        ( - -3.524e+04 1 0))
|    ( QUESTION0_14_R 1 -1.008e+05 5.784e+02 4.952e+02
|        ( WDBNDRY_B 0 -5.541e+04 1.734e+02 2.738e+02
|            ( - -5.486e+04 1 0)
|            ( - -3.812e+02 1 0))
|        ( QUESTION0 -1 -4.476e+04 1.658e+02 2.213e+02
|            ( - -2.257e+03 2 0)
|            ( WDBNDRY_B 0 -4.234e+04 4.397e+02 2.093e+02
|                ( QUESTION20 1 -4.211e+04 1.426e+02 2.083e+02
|                    ( - -3.900e+04 6 0 QUESTION14 -1 1.504e+02 1.943e+02)
|                    ( - -2.970e+03 1 0))
|                ( - 2.111e+02 1 0)))))
s>    ( QUESTION2_17_L -1 -1.370e+05 7.576e+02 6.616e+02
s>        ( WDBNDRY_B 0 -3.545e+04 4.576e+02 1.665e+02
s>            ( - 2.419e+02 1 0)
s>            ( - -3.524e+04 1 0))
s>        ( QUESTION0_14_R 1 -1.008e+05 5.784e+02 4.952e+02
s>            ( WDBNDRY_B 0 -5.541e+04 1.734e+02 2.738e+02
s>                ( - -5.486e+04 1 0)
s>                ( - -3.812e+02 1 0))
s>            ( QUESTION0 -1 -4.476e+04 1.658e+02 2.213e+02
s>                ( - -2.257e+03 2 0)
s>                ( WDBNDRY_B 0 -4.234e+04 4.397e+02 2.093e+02
s>                    ( QUESTION20 1 -4.211e+04 1.426e+02 2.083e+02
s>                        ( - -3.900e+04 6 0 QUESTION14 -1 1.504e+02 1.943e+02)
s>                        ( - -2.970e+03 1 0))
s>                    ( - 2.111e+02 1 0)))))INFO: dtree.c(1478): Final simple tree
|( QUESTION14 -1 -2.239e+05 1.365e+03 1.015e+03
|    ( - -3.082e+04 2 0 WDBNDRY_B 0 2.387e+02 1.186e+02)
|    ( WDBNDRY_B 0 -1.917e+05 6.040e+02 8.968e+02
|        ( QUESTION20 1 -1.017e+05 5.525e+02 4.809e+02
|            ( - -4.895e+04 2 0 QUESTION20 -1 3.039e+02 2.265e+02)
|            ( QUESTION0 -1 -5.219e+04 4.756e+02 2.543e+02
|                ( - -1.046e+02 1 0)
|                ( QUESTION2_14_L -1 -5.161e+04 3.173e+02 2.533e+02
|                    ( - -9.015e+03 2 0 QUESTION18 -1 1.678e+02 4.191e+01)
|                    ( - -4.228e+04 1 0))))
|        ( QUESTION14 1 -8.938e+04 3.291e+02 4.159e+02
|            ( - -2.804e+04 1 0)
|            ( QUESTION20 1 -6.101e+04 3.170e+02 2.740e+02
|                ( - -5.896e+03 2 0 QUESTION20 -1 2.701e+02 3.071e+01)
|                ( - -5.480e+04 2 0 QUESTION20 -1 3.250e+02 2.433e+02)))))
s>    ( QUESTION14 -1 -2.239e+05 1.365e+03 1.015e+03
s>        ( - -3.082e+04 2 0 WDBNDRY_B 0 2.387e+02 1.186e+02)
s>        ( WDBNDRY_B 0 -1.917e+05 6.040e+02 8.968e+02
s>            ( QUESTION20 1 -1.017e+05 5.525e+02 4.809e+02
s>                ( - -4.895e+04 2 0 QUESTION20 -1 3.039e+02 2.265e+02)
s>                ( QUESTION0 -1 -5.219e+04 4.756e+02 2.543e+02
s>                    ( - -1.046e+02 1 0)
s>                    ( QUESTION2_14_L -1 -5.161e+04 3.173e+02 2.533e+02
s>                        ( - -9.015e+03 2 0 QUESTION18 -1 1.678e+02 4.191e+01)
s>                        ( - -4.228e+04 1 0))))
s>            ( QUESTION14 1 -8.938e+04 3.291e+02 4.159e+02
s>                ( - -2.804e+04 1 0)
s>                ( QUESTION20 1 -6.101e+04 3.170e+02 2.740e+02
s>                    ( - -5.896e+03 2 0 QUESTION20 -1 2.701e+02 3.071e+01)
s>                    ( - -5.480e+04 2 0 QUESTION20 -1 3.250e+02 2.433e+02)))))INFO: dtree.c(1315): Comp split 8
INFO: dtree.c(1478): Final simple tree
|( WDBNDRY_B 0 -1.917e+05 6.040e+02 8.968e+02
|    ( QUESTION20 1 -1.017e+05 5.525e+02 4.809e+02
|        ( - -4.895e+04 2 0 QUESTION20 -1 3.039e+02 2.265e+02)
|        ( QUESTION0 -1 -5.219e+04 4.756e+02 2.543e+02
|            ( - -1.046e+02 1 0)
|            ( QUESTION2_14_L -1 -5.161e+04 3.173e+02 2.533e+02
|                ( - -9.015e+03 2 0 QUESTION18 -1 1.678e+02 4.191e+01)
|                ( - -4.228e+04 1 0))))
|    ( QUESTION14 1 -8.938e+04 3.291e+02 4.159e+02
|        ( - -2.804e+04 1 0)
|        ( QUESTION20 1 -6.101e+04 3.170e+02 2.740e+02
|            ( - -5.896e+03 2 0 QUESTION20 -1 2.701e+02 3.071e+01)
|            ( QUESTION20 -1 -5.480e+04 3.250e+02 2.433e+02
|                ( - -4.636e+03 1 0)
|                ( - -4.984e+04 1 0)))))
s>    ( WDBNDRY_B 0 -1.917e+05 6.040e+02 8.968e+02
s>        ( QUESTION20 1 -1.017e+05 5.525e+02 4.809e+02
s>            ( - -4.895e+04 2 0 QUESTION20 -1 3.039e+02 2.265e+02)
s>            ( QUESTION0 -1 -5.219e+04 4.756e+02 2.543e+02
s>                ( - -1.046e+02 1 0)
s>                ( QUESTION2_14_L -1 -5.161e+04 3.173e+02 2.533e+02
s>                    ( - -9.015e+03 2 0 QUESTION18 -1 1.678e+02 4.191e+01)
s>                    ( - -4.228e+04 1 0))))
s>        ( QUESTION14 1 -8.938e+04 3.291e+02 4.159e+02
s>            ( - -2.804e+04 1 0)
s>            ( QUESTION20 1 -6.101e+04 3.170e+02 2.740e+02
s>                ( - -5.896e+03 2 0 QUESTION20 -1 2.701e+02 3.071e+01)
s>                ( QUESTION20 -1 -5.480e+04 3.250e+02 2.433e+02
s>                    ( - -4.636e+03 1 0)
s>                    ( - -4.984e+04 1 0)))))INFO: dtree.c(1439): stop. leaf nodes are specific
INFO: dtree.c(1478): Final simple tree
|( WDBNDRY_B 0 -3.082e+04 2.387e+02 1.186e+02
|    ( - -3.536e+02 1 0)
|    ( - -3.022e+04 1 0))
s>    ( WDBNDRY_B 0 -3.082e+04 2.387e+02 1.186e+02
s>        ( - -3.536e+02 1 0)
s>        ( - -3.022e+04 1 0))INFO: dtree.c(1315): Comp split 9
INFO: dtree.c(1439): stop. leaf nodes are specific
INFO: dtree.c(1478): Final simple tree
|( QUESTION0_14_R 1 -2.610e+05 4.327e+02 1.277e+03
|    ( - -1.443e+04 2 0)
|    ( WDBNDRY_B 0 -2.461e+05 3.502e+02 1.208e+03
|        ( - -3.758e+04 2 0)
|        ( - -2.082e+05 2 0)))
s>    ( QUESTION0_14_R 1 -2.610e+05 4.327e+02 1.277e+03
s>        ( - -1.443e+04 2 0)
s>        ( WDBNDRY_B 0 -2.461e+05 3.502e+02 1.208e+03
s>            ( - -3.758e+04 2 0)
s>            ( - -2.082e+05 2 0)))INFO: dtree.c(1439): stop. leaf nodes are specific
INFO: dtree.c(1478): Final simple tree
|( WDBNDRY_B 0 -2.739e+05 1.039e+03 1.332e+03
|    ( - -1.049e+05 2 0)
|    ( - -1.679e+05 2 0))
s>    ( WDBNDRY_B 0 -2.739e+05 1.039e+03 1.332e+03
s>        ( - -1.049e+05 2 0)
s>        ( - -1.679e+05 2 0))INFO: dtree.c(1315): Comp split 10
INFO: dtree.c(1439): stop. leaf nodes are specific
INFO: dtree.c(1478): Final simple tree
|( QUESTION0_14_R 1 -3.014e+05 6.597e+02 1.380e+03
|    ( - -2.534e+04 2 0)
|    ( - -2.754e+05 2 0))
s>    ( QUESTION0_14_R 1 -3.014e+05 6.597e+02 1.380e+03
s>        ( - -2.534e+04 2 0)
s>        ( - -2.754e+05 2 0))INFO: dtree.c(1439): stop. leaf nodes are specific
INFO: dtree.c(1478): Final simple tree
|( QUESTION11 -1 -1.328e+05 8.357e+02 6.216e+02
|    ( WDBNDRY_B 0 -6.186e+04 3.398e+02 2.936e+02
|        ( - -3.215e+04 1 0)
|        ( - -2.938e+04 1 0))
|    ( SILENCE -1 -7.013e+04 2.656e+02 3.279e+02
|        ( - -5.606e+04 1 0)
|        ( QUESTION1 -1 -1.380e+04 1.510e+02 6.501e+01
|            ( - -2.722e+03 1 0)
|            ( - -1.093e+04 2 0))))
s>    ( QUESTION11 -1 -1.328e+05 8.357e+02 6.216e+02
s>        ( WDBNDRY_B 0 -6.186e+04 3.398e+02 2.936e+02
s>            ( - -3.215e+04 1 0)
s>            ( - -2.938e+04 1 0))
s>        ( SILENCE -1 -7.013e+04 2.656e+02 3.279e+02
s>            ( - -5.606e+04 1 0)
s>            ( QUESTION1 -1 -1.380e+04 1.510e+02 6.501e+01
s>                ( - -2.722e+03 1 0)
s>                ( - -1.093e+04 2 0))))INFO: dtree.c(1315): Comp split 11
INFO: dtree.c(1315): Comp split 12
INFO: dtree.c(1439): stop. leaf nodes are specific
INFO: dtree.c(1478): Final simple tree
|( QUESTION2_17_L -1 -9.069e+04 6.228e+02 4.420e+02
|    ( - -2.095e+04 1 0)
|    ( QUESTION0_14_R 1 -6.912e+04 3.057e+02 3.362e+02
|        ( WDBNDRY_B 0 -6.243e+04 3.039e+02 3.035e+02
|            ( - -2.085e+04 1 0)
|            ( QUESTION20 -1 -4.127e+04 3.346e+02 2.035e+02
|                ( - -1.205e+04 1 0)
|                ( - -2.888e+04 1 0)))
|        ( - -6.381e+03 1 0)))
s>    ( QUESTION2_17_L -1 -9.069e+04 6.228e+02 4.420e+02
s>        ( - -2.095e+04 1 0)
s>        ( QUESTION0_14_R 1 -6.912e+04 3.057e+02 3.362e+02
s>            ( WDBNDRY_B 0 -6.243e+04 3.039e+02 3.035e+02
s>                ( - -2.085e+04 1 0)
s>                ( QUESTION20 -1 -4.127e+04 3.346e+02 2.035e+02
s>                    ( - -1.205e+04 1 0)
s>                    ( - -2.888e+04 1 0)))
s>            ( - -6.381e+03 1 0)))INFO: dtree.c(1439): stop. leaf nodes are specific
INFO: dtree.c(1478): Final simple tree
|( QUESTION2_14_L -1 -8.474e+04 3.853e+02 3.965e+02
|    ( WDBNDRY_B 0 -4.882e+04 2.197e+02 2.265e+02
|        ( - -2.664e+04 1 0)
|        ( - -2.196e+04 1 0))
|    ( - -3.553e+04 3 0))
s>    ( QUESTION2_14_L -1 -8.474e+04 3.853e+02 3.965e+02
s>        ( WDBNDRY_B 0 -4.882e+04 2.197e+02 2.265e+02
s>            ( - -2.664e+04 1 0)
s>            ( - -2.196e+04 1 0))
s>        ( - -3.553e+04 3 0))INFO: dtree.c(1315): Comp split 13
INFO: dtree.c(1439): stop. leaf nodes are specific
INFO: dtree.c(1478): Final simple tree
|( QUESTION2_14_L -1 -6.261e+04 3.530e+02 3.055e+02
|    ( WDBNDRY_B 0 -1.600e+04 1.850e+02 7.442e+01
|        ( QUESTION18 -1 -9.015e+03 1.678e+02 4.191e+01
|            ( - -2.702e+02 1 0)
|            ( - -8.577e+03 1 0))
|        ( QUESTION20 1 -6.795e+03 1.595e+02 3.251e+01
|            ( - -2.000e+03 1 0)
|            ( - -4.636e+03 1 0)))
|    ( WDBNDRY_B 0 -4.626e+04 3.588e+02 2.311e+02
|        ( - -4.228e+04 1 0)
|        ( - -3.626e+03 1 0)))
s>    ( QUESTION2_14_L -1 -6.261e+04 3.530e+02 3.055e+02
s>        ( WDBNDRY_B 0 -1.600e+04 1.850e+02 7.442e+01
s>            ( QUESTION18 -1 -9.015e+03 1.678e+02 4.191e+01
s>                ( - -2.702e+02 1 0)
s>                ( - -8.577e+03 1 0))
s>            ( QUESTION20 1 -6.795e+03 1.595e+02 3.251e+01
s>                ( - -2.000e+03 1 0)
s>                ( - -4.636e+03 1 0)))
s>        ( WDBNDRY_B 0 -4.626e+04 3.588e+02 2.311e+02
s>            ( - -4.228e+04 1 0)
s>            ( - -3.626e+03 1 0)))INFO: dtree.c(1439): stop. leaf nodes are specific
INFO: dtree.c(1478): Final simple tree
|( QUESTION0 -1 -1.282e+05 4.568e+02 5.912e+02
|    ( - -1.046e+02 1 0)
|    ( WDBNDRY_B 0 -1.277e+05 4.582e+02 5.902e+02
|        ( QUESTION20 -1 -4.895e+04 3.039e+02 2.265e+02
|            ( - -2.037e+04 1 0)
|            ( - -2.828e+04 1 0))
|        ( QUESTION14 1 -7.825e+04 3.679e+02 3.637e+02
|            ( - -2.804e+04 1 0)
|            ( - -4.984e+04 1 0))))
s>    ( QUESTION0 -1 -1.282e+05 4.568e+02 5.912e+02
s>        ( - -1.046e+02 1 0)
s>        ( WDBNDRY_B 0 -1.277e+05 4.582e+02 5.902e+02
s>            ( QUESTION20 -1 -4.895e+04 3.039e+02 2.265e+02
s>                ( - -2.037e+04 1 0)
s>                ( - -2.828e+04 1 0))
s>            ( QUESTION14 1 -7.825e+04 3.679e+02 3.637e+02
s>                ( - -2.804e+04 1 0)
s>                ( - -4.984e+04 1 0))))INFO: dtree.c(1315): Comp split 14
INFO: dtree.c(1439): stop. leaf nodes are specific
INFO: dtree.c(1478): Final simple tree
|( WDBNDRY_B 0 -6.186e+04 3.398e+02 2.936e+02
|    ( - -3.215e+04 1 0)
|    ( - -2.938e+04 1 0))
s>    ( WDBNDRY_B 0 -6.186e+04 3.398e+02 2.936e+02
s>        ( - -3.215e+04 1 0)
s>        ( - -2.938e+04 1 0))INFO: dtree.c(1439): stop. leaf nodes are specific
INFO: dtree.c(1478): Final simple tree
|( SILENCE -1 -7.013e+04 2.656e+02 3.279e+02
|    ( - -5.606e+04 1 0)
|    ( QUESTION1 -1 -1.380e+04 1.510e+02 6.501e+01
|        ( - -2.722e+03 1 0)
|        ( - -1.093e+04 2 0)))
s>    ( SILENCE -1 -7.013e+04 2.656e+02 3.279e+02
s>        ( - -5.606e+04 1 0)
s>        ( QUESTION1 -1 -1.380e+04 1.510e+02 6.501e+01
s>            ( - -2.722e+03 1 0)
s>            ( - -1.093e+04 2 0)))INFO: dtree.c(1315): Comp split 15
INFO: dtree.c(1478): Final simple tree
|( QUESTION2 -1 -1.552e+05 4.686e+02 7.468e+02
|    ( - 1.967e+02 1 0)
|    ( QUESTION4 -1 -1.549e+05 4.662e+02 7.458e+02
|        ( - 2.418e+02 1 0)
|        ( WDBNDRY_E 0 -1.547e+05 4.587e+02 7.448e+02
|            ( - 2.417e+02 1 0)
|            ( WDBNDRY_B 0 -1.545e+05 4.308e+02 7.438e+02
|                ( QUESTION10 -1 -9.094e+03 2.355e+02 4.300e+01
|                    ( QUESTION2_1_L -1 -3.750e+03 1.577e+02 1.900e+01
|                        ( - -8.946e+02 1 0)
|                        ( - -2.697e+03 2 0 QUESTION11 -1 2.263e+02 1.400e+01))
|                    ( - -5.108e+03 2 0 SILENCE -1 1.503e+02 2.400e+01))
|                ( QUESTION1 -1 -1.449e+05 1.853e+02 7.008e+02
|                    ( - -1.112e+03 1 0)
|                    ( - -1.436e+05 3 0))))))
s>    ( QUESTION2 -1 -1.552e+05 4.686e+02 7.468e+02
s>        ( - 1.967e+02 1 0)
s>        ( QUESTION4 -1 -1.549e+05 4.662e+02 7.458e+02
s>            ( - 2.418e+02 1 0)
s>            ( WDBNDRY_E 0 -1.547e+05 4.587e+02 7.448e+02
s>                ( - 2.417e+02 1 0)
s>                ( WDBNDRY_B 0 -1.545e+05 4.308e+02 7.438e+02
s>                    ( QUESTION10 -1 -9.094e+03 2.355e+02 4.300e+01
s>                        ( QUESTION2_1_L -1 -3.750e+03 1.577e+02 1.900e+01
s>                            ( - -8.946e+02 1 0)
s>                            ( - -2.697e+03 2 0 QUESTION11 -1 2.263e+02 1.400e+01))
s>                        ( - -5.108e+03 2 0 SILENCE -1 1.503e+02 2.400e+01))
s>                    ( QUESTION1 -1 -1.449e+05 1.853e+02 7.008e+02
s>                        ( - -1.112e+03 1 0)
s>                        ( - -1.436e+05 3 0))))))INFO: dtree.c(1315): Comp split 16
INFO: dtree.c(1478): Final simple tree
|( QUESTION0_14_R 1 -1.010e+05 5.791e+02 4.962e+02
|    ( WDBNDRY_B 0 -5.541e+04 1.734e+02 2.738e+02
|        ( - -5.486e+04 1 0)
|        ( - -3.812e+02 1 0))
|    ( QUESTION2_17_L -1 -4.497e+04 4.510e+02 2.223e+02
|        ( - 2.419e+02 1 0)
|        ( QUESTION0 -1 -4.476e+04 1.658e+02 2.213e+02
|            ( - -2.257e+03 2 0)
|            ( WDBNDRY_B 0 -4.234e+04 4.397e+02 2.093e+02
|                ( QUESTION20 1 -4.211e+04 1.426e+02 2.083e+02
|                    ( QUESTION14 -1 -3.900e+04 1.504e+02 1.943e+02
|                        ( - -3.732e+04 5 0 QUESTION2_14_L -1 1.664e+02 1.863e+02)
|                        ( - -1.530e+03 1 0))
|                    ( - -2.970e+03 1 0))
|                ( - 2.111e+02 1 0)))))
s>    ( QUESTION0_14_R 1 -1.010e+05 5.791e+02 4.962e+02
s>        ( WDBNDRY_B 0 -5.541e+04 1.734e+02 2.738e+02
s>            ( - -5.486e+04 1 0)
s>            ( - -3.812e+02 1 0))
s>        ( QUESTION2_17_L -1 -4.497e+04 4.510e+02 2.223e+02
s>            ( - 2.419e+02 1 0)
s>            ( QUESTION0 -1 -4.476e+04 1.658e+02 2.213e+02
s>                ( - -2.257e+03 2 0)
s>                ( WDBNDRY_B 0 -4.234e+04 4.397e+02 2.093e+02
s>                    ( QUESTION20 1 -4.211e+04 1.426e+02 2.083e+02
s>                        ( QUESTION14 -1 -3.900e+04 1.504e+02 1.943e+02
s>                            ( - -3.732e+04 5 0 QUESTION2_14_L -1 1.664e+02 1.863e+02)
s>                            ( - -1.530e+03 1 0))
s>                        ( - -2.970e+03 1 0))
s>                    ( - 2.111e+02 1 0)))))INFO: dtree.c(1315): Comp split 17
INFO: dtree.c(1439): stop. leaf nodes are specific
INFO: dtree.c(1478): Final simple tree
|( QUESTION0_0_R 1 -2.875e+04 1.148e+02 1.248e+02
|    ( - -2.623e+04 1 0)
|    ( - -2.404e+03 1 0))
s>    ( QUESTION0_0_R 1 -2.875e+04 1.148e+02 1.248e+02
s>        ( - -2.623e+04 1 0)
s>        ( - -2.404e+03 1 0))INFO: dtree.c(1439): stop. leaf nodes are specific
INFO: dtree.c(1478): Final simple tree
|( QUESTION0_2_R 1 -1.762e+04 1.624e+02 8.157e+01
|    ( - -1.693e+04 1 0)
|    ( - -5.241e+02 1 0))
s>    ( QUESTION0_2_R 1 -1.762e+04 1.624e+02 8.157e+01
s>        ( - -1.693e+04 1 0)
s>        ( - -5.241e+02 1 0))INFO: dtree.c(1315): Comp split 18
INFO: dtree.c(1315): Comp split 19
INFO: dtree.c(1439): stop. leaf nodes are specific
INFO: dtree.c(1478): Final simple tree
|( QUESTION0_14_R 1 -6.912e+04 3.057e+02 3.362e+02
|    ( WDBNDRY_B 0 -6.243e+04 3.039e+02 3.035e+02
|        ( - -2.085e+04 1 0)
|        ( QUESTION20 -1 -4.127e+04 3.346e+02 2.035e+02
|            ( - -1.205e+04 1 0)
|            ( - -2.888e+04 1 0)))
|    ( - -6.381e+03 1 0))
s>    ( QUESTION0_14_R 1 -6.912e+04 3.057e+02 3.362e+02
s>        ( WDBNDRY_B 0 -6.243e+04 3.039e+02 3.035e+02
s>            ( - -2.085e+04 1 0)
s>            ( QUESTION20 -1 -4.127e+04 3.346e+02 2.035e+02
s>                ( - -1.205e+04 1 0)
s>                ( - -2.888e+04 1 0)))
s>        ( - -6.381e+03 1 0))INFO: dtree.c(1315): Comp split 20
INFO: dtree.c(1439): stop. leaf nodes are specific
INFO: dtree.c(1478): Final simple tree
|( QUESTION2_17_L -1 -4.497e+04 4.510e+02 2.223e+02
|    ( - 2.419e+02 1 0)
|    ( QUESTION0 -1 -4.476e+04 1.658e+02 2.213e+02
|        ( - -2.257e+03 2 0)
|        ( WDBNDRY_B 0 -4.234e+04 4.397e+02 2.093e+02
|            ( QUESTION20 1 -4.211e+04 1.426e+02 2.083e+02
|                ( QUESTION14 -1 -3.900e+04 1.504e+02 1.943e+02
|                    ( QUESTION2_14_L -1 -3.732e+04 1.664e+02 1.863e+02
|                        ( - -2.340e+02 1 0)
|                        ( - -3.692e+04 4 0))
|                    ( - -1.530e+03 1 0))
|                ( - -2.970e+03 1 0))
|            ( - 2.111e+02 1 0))))
s>    ( QUESTION2_17_L -1 -4.497e+04 4.510e+02 2.223e+02
s>        ( - 2.419e+02 1 0)
s>        ( QUESTION0 -1 -4.476e+04 1.658e+02 2.213e+02
s>            ( - -2.257e+03 2 0)
s>            ( WDBNDRY_B 0 -4.234e+04 4.397e+02 2.093e+02
s>                ( QUESTION20 1 -4.211e+04 1.426e+02 2.083e+02
s>                    ( QUESTION14 -1 -3.900e+04 1.504e+02 1.943e+02
s>                        ( QUESTION2_14_L -1 -3.732e+04 1.664e+02 1.863e+02
s>                            ( - -2.340e+02 1 0)
s>                            ( - -3.692e+04 4 0))
s>                        ( - -1.530e+03 1 0))
s>                    ( - -2.970e+03 1 0))
s>                ( - 2.111e+02 1 0))))INFO: dtree.c(1439): stop. leaf nodes are specific
INFO: dtree.c(1478): Final simple tree
|( WDBNDRY_B 0 -5.541e+04 1.734e+02 2.738e+02
|    ( - -5.486e+04 1 0)
|    ( - -3.812e+02 1 0))
s>    ( WDBNDRY_B 0 -5.541e+04 1.734e+02 2.738e+02
s>        ( - -5.486e+04 1 0)
s>        ( - -3.812e+02 1 0))INFO: dtree.c(1315): Comp split 21
INFO: dtree.c(1439): stop. leaf nodes are specific
INFO: dtree.c(1478): Final simple tree
|( QUESTION1 -1 -1.439e+05 4.666e+02 6.968e+02
|    ( - 2.418e+02 1 0)
|    ( - -1.436e+05 3 0))
s>    ( QUESTION1 -1 -1.439e+05 4.666e+02 6.968e+02
s>        ( - 2.418e+02 1 0)
s>        ( - -1.436e+05 3 0))INFO: dtree.c(1478): Final simple tree
|( WDBNDRY_E 0 -1.079e+04 4.593e+02 5.000e+01
|    ( - 2.417e+02 1 0)
|    ( QUESTION2 -1 -1.058e+04 4.461e+02 4.900e+01
|        ( - 1.967e+02 1 0)
|        ( SILENCE -1 -1.033e+04 2.210e+02 4.800e+01
|            ( - -3.372e+03 1 0)
|            ( QUESTION11 -1 -6.734e+03 1.622e+02 3.199e+01
|                ( - -2.227e+03 1 0)
|                ( QUESTION2_1_L -1 -4.344e+03 2.102e+02 1.999e+01
|                    ( QUESTION1 -1 -3.890e+03 1.435e+02 1.799e+01
|                        ( WDBNDRY_B 0 -2.852e+03 1.538e+02 1.299e+01
|                            ( - -1.586e+03 1 0)
|                            ( - -1.112e+03 1 0))
|                        ( - -8.946e+02 1 0))
|                    ( - -2.440e+02 1 0))))))
s>    ( WDBNDRY_E 0 -1.079e+04 4.593e+02 5.000e+01
s>        ( - 2.417e+02 1 0)
s>        ( QUESTION2 -1 -1.058e+04 4.461e+02 4.900e+01
s>            ( - 1.967e+02 1 0)
s>            ( SILENCE -1 -1.033e+04 2.210e+02 4.800e+01
s>                ( - -3.372e+03 1 0)
s>                ( QUESTION11 -1 -6.734e+03 1.622e+02 3.199e+01
s>                    ( - -2.227e+03 1 0)
s>                    ( QUESTION2_1_L -1 -4.344e+03 2.102e+02 1.999e+01
s>                        ( QUESTION1 -1 -3.890e+03 1.435e+02 1.799e+01
s>                            ( WDBNDRY_B 0 -2.852e+03 1.538e+02 1.299e+01
s>                                ( - -1.586e+03 1 0)
s>                                ( - -1.112e+03 1 0))
s>                            ( - -8.946e+02 1 0))
s>                        ( - -2.440e+02 1 0))))))INFO: dtree.c(1315): Comp split 22
INFO: dtree.c(1439): stop. leaf nodes are specific
INFO: dtree.c(1478): Final simple tree
|( QUESTION0 -1 -7.789e+04 4.601e+02 3.694e+02
|    ( - -1.046e+02 1 0)
|    ( WDBNDRY_B 0 -7.732e+04 3.267e+02 3.684e+02
|        ( QUESTION20 -1 -4.895e+04 3.039e+02 2.265e+02
|            ( - -2.037e+04 1 0)
|            ( - -2.828e+04 1 0))
|        ( - -2.804e+04 1 0)))
s>    ( QUESTION0 -1 -7.789e+04 4.601e+02 3.694e+02
s>        ( - -1.046e+02 1 0)
s>        ( WDBNDRY_B 0 -7.732e+04 3.267e+02 3.684e+02
s>            ( QUESTION20 -1 -4.895e+04 3.039e+02 2.265e+02
s>                ( - -2.037e+04 1 0)
s>                ( - -2.828e+04 1 0))
s>            ( - -2.804e+04 1 0)))INFO: dtree.c(1315): Comp split 23
INFO: dtree.c(1315): Comp split 24
INFO: dtree.c(1439): stop. leaf nodes are specific
INFO: dtree.c(1478): Final simple tree
|( WDBNDRY_B 0 -7.732e+04 3.267e+02 3.684e+02
|    ( QUESTION20 -1 -4.895e+04 3.039e+02 2.265e+02
|        ( - -2.037e+04 1 0)
|        ( - -2.828e+04 1 0))
|    ( - -2.804e+04 1 0))
s>    ( WDBNDRY_B 0 -7.732e+04 3.267e+02 3.684e+02
s>        ( QUESTION20 -1 -4.895e+04 3.039e+02 2.265e+02
s>            ( - -2.037e+04 1 0)
s>            ( - -2.828e+04 1 0))
s>        ( - -2.804e+04 1 0))INFO: dtree.c(1315): Comp split 25
INFO: dtree.c(1439): stop. leaf nodes are specific
INFO: dtree.c(1478): Final simple tree
|( QUESTION2 -1 -1.058e+04 4.461e+02 4.900e+01
|    ( - 1.967e+02 1 0)
|    ( SILENCE -1 -1.033e+04 2.210e+02 4.800e+01
|        ( - -3.372e+03 1 0)
|        ( QUESTION11 -1 -6.734e+03 1.622e+02 3.199e+01
|            ( - -2.227e+03 1 0)
|            ( QUESTION2_1_L -1 -4.344e+03 2.102e+02 1.999e+01
|                ( QUESTION1 -1 -3.890e+03 1.435e+02 1.799e+01
|                    ( WDBNDRY_B 0 -2.852e+03 1.538e+02 1.299e+01
|                        ( - -1.586e+03 1 0)
|                        ( - -1.112e+03 1 0))
|                    ( - -8.946e+02 1 0))
|                ( - -2.440e+02 1 0)))))
s>    ( QUESTION2 -1 -1.058e+04 4.461e+02 4.900e+01
s>        ( - 1.967e+02 1 0)
s>        ( SILENCE -1 -1.033e+04 2.210e+02 4.800e+01
s>            ( - -3.372e+03 1 0)
s>            ( QUESTION11 -1 -6.734e+03 1.622e+02 3.199e+01
s>                ( - -2.227e+03 1 0)
s>                ( QUESTION2_1_L -1 -4.344e+03 2.102e+02 1.999e+01
s>                    ( QUESTION1 -1 -3.890e+03 1.435e+02 1.799e+01
s>                        ( WDBNDRY_B 0 -2.852e+03 1.538e+02 1.299e+01
s>                            ( - -1.586e+03 1 0)
s>                            ( - -1.112e+03 1 0))
s>                        ( - -8.946e+02 1 0))
s>                    ( - -2.440e+02 1 0)))))INFO: dtree.c(1315): Comp split 26
INFO: dtree.c(1439): stop. leaf nodes are specific
INFO: dtree.c(1478): Final simple tree
|( QUESTION1 -1 -1.224e+05 3.465e+02 6.105e+02
|    ( - -9.004e+04 1 0)
|    ( - -3.200e+04 1 0))
s>    ( QUESTION1 -1 -1.224e+05 3.465e+02 6.105e+02
s>        ( - -9.004e+04 1 0)
s>        ( - -3.200e+04 1 0))INFO: dtree.c(1315): Comp split 27
INFO: dtree.c(1439): stop. leaf nodes are specific
INFO: dtree.c(1478): Final simple tree
|( QUESTION0 -1 -4.476e+04 1.658e+02 2.213e+02
|    ( - -2.257e+03 2 0)
|    ( WDBNDRY_B 0 -4.234e+04 4.397e+02 2.093e+02
|        ( QUESTION20 1 -4.211e+04 1.426e+02 2.083e+02
|            ( QUESTION14 -1 -3.900e+04 1.504e+02 1.943e+02
|                ( QUESTION2_14_L -1 -3.732e+04 1.664e+02 1.863e+02
|                    ( - -2.340e+02 1 0)
|                    ( - -3.692e+04 4 0))
|                ( - -1.530e+03 1 0))
|            ( - -2.970e+03 1 0))
|        ( - 2.111e+02 1 0)))
s>    ( QUESTION0 -1 -4.476e+04 1.658e+02 2.213e+02
s>        ( - -2.257e+03 2 0)
s>        ( WDBNDRY_B 0 -4.234e+04 4.397e+02 2.093e+02
s>            ( QUESTION20 1 -4.211e+04 1.426e+02 2.083e+02
s>                ( QUESTION14 -1 -3.900e+04 1.504e+02 1.943e+02
s>                    ( QUESTION2_14_L -1 -3.732e+04 1.664e+02 1.863e+02
s>                        ( - -2.340e+02 1 0)
s>                        ( - -3.692e+04 4 0))
s>                    ( - -1.530e+03 1 0))
s>                ( - -2.970e+03 1 0))
s>            ( - 2.111e+02 1 0)))INFO: dtree.c(1315): Comp split 28
INFO: dtree.c(1439): stop. leaf nodes are specific
INFO: dtree.c(1478): Final simple tree
|( SILENCE -1 -1.033e+04 2.210e+02 4.800e+01
|    ( - -3.372e+03 1 0)
|    ( QUESTION11 -1 -6.734e+03 1.622e+02 3.199e+01
|        ( - -2.227e+03 1 0)
|        ( QUESTION2_1_L -1 -4.344e+03 2.102e+02 1.999e+01
|            ( QUESTION1 -1 -3.890e+03 1.435e+02 1.799e+01
|                ( WDBNDRY_B 0 -2.852e+03 1.538e+02 1.299e+01
|                    ( - -1.586e+03 1 0)
|                    ( - -1.112e+03 1 0))
|                ( - -8.946e+02 1 0))
|            ( - -2.440e+02 1 0))))
s>    ( SILENCE -1 -1.033e+04 2.210e+02 4.800e+01
s>        ( - -3.372e+03 1 0)
s>        ( QUESTION11 -1 -6.734e+03 1.622e+02 3.199e+01
s>            ( - -2.227e+03 1 0)
s>            ( QUESTION2_1_L -1 -4.344e+03 2.102e+02 1.999e+01
s>                ( QUESTION1 -1 -3.890e+03 1.435e+02 1.799e+01
s>                    ( WDBNDRY_B 0 -2.852e+03 1.538e+02 1.299e+01
s>                        ( - -1.586e+03 1 0)
s>                        ( - -1.112e+03 1 0))
s>                    ( - -8.946e+02 1 0))
s>                ( - -2.440e+02 1 0))))INFO: dtree.c(1315): Comp split 29
INFO: dtree.c(1439): stop. leaf nodes are specific
INFO: dtree.c(1478): Final simple tree
|( WDBNDRY_B 0 -4.453e+04 1.657e+02 2.203e+02
|    ( QUESTION20 1 -4.211e+04 1.426e+02 2.083e+02
|        ( QUESTION14 -1 -3.900e+04 1.504e+02 1.943e+02
|            ( QUESTION2_14_L -1 -3.732e+04 1.664e+02 1.863e+02
|                ( - -2.340e+02 1 0)
|                ( - -3.692e+04 4 0))
|            ( - -1.530e+03 1 0))
|        ( - -2.970e+03 1 0))
|    ( - -2.257e+03 2 0))
s>    ( WDBNDRY_B 0 -4.453e+04 1.657e+02 2.203e+02
s>        ( QUESTION20 1 -4.211e+04 1.426e+02 2.083e+02
s>            ( QUESTION14 -1 -3.900e+04 1.504e+02 1.943e+02
s>                ( QUESTION2_14_L -1 -3.732e+04 1.664e+02 1.863e+02
s>                    ( - -2.340e+02 1 0)
s>                    ( - -3.692e+04 4 0))
s>                ( - -1.530e+03 1 0))
s>            ( - -2.970e+03 1 0))
s>        ( - -2.257e+03 2 0))INFO: dtree.c(1315): Comp split 30
INFO: dtree.c(1439): stop. leaf nodes are specific
INFO: dtree.c(1478): Final simple tree
|( WDBNDRY_B 0 -2.461e+05 3.502e+02 1.208e+03
|    ( - -3.758e+04 2 0)
|    ( - -2.082e+05 2 0))
s>    ( WDBNDRY_B 0 -2.461e+05 3.502e+02 1.208e+03
s>        ( - -3.758e+04 2 0)
s>        ( - -2.082e+05 2 0))INFO: dtree.c(1315): Comp split 31
INFO: dtree.c(1439): stop. leaf nodes are specific
INFO: dtree.c(1478): Final simple tree
|( QUESTION0_14_R 1 -5.665e+04 2.819e+02 2.752e+02
|    ( WDBNDRY_B 0 -4.999e+04 2.525e+02 2.425e+02
|        ( - -2.085e+04 1 0)
|        ( - -2.888e+04 1 0))
|    ( - -6.381e+03 1 0))
s>    ( QUESTION0_14_R 1 -5.665e+04 2.819e+02 2.752e+02
s>        ( WDBNDRY_B 0 -4.999e+04 2.525e+02 2.425e+02
s>            ( - -2.085e+04 1 0)
s>            ( - -2.888e+04 1 0))
s>        ( - -6.381e+03 1 0))INFO: dtree.c(1315): Comp split 32
INFO: dtree.c(1439): stop. leaf nodes are specific
INFO: dtree.c(1478): Final simple tree
|( WDBNDRY_B 0 -4.882e+04 2.197e+02 2.265e+02
|    ( - -2.664e+04 1 0)
|    ( - -2.196e+04 1 0))
s>    ( WDBNDRY_B 0 -4.882e+04 2.197e+02 2.265e+02
s>        ( - -2.664e+04 1 0)
s>        ( - -2.196e+04 1 0))INFO: dtree.c(1315): Comp split 33
INFO: dtree.c(1439): stop. leaf nodes are specific
INFO: dtree.c(1478): Final simple tree
|( QUESTION1 -1 -4.717e+04 2.369e+02 2.063e+02
|    ( - -3.045e+04 2 0)
|    ( - -1.649e+04 1 0))
s>    ( QUESTION1 -1 -4.717e+04 2.369e+02 2.063e+02
s>        ( - -3.045e+04 2 0)
s>        ( - -1.649e+04 1 0))INFO: dtree.c(1315): Comp split 34
INFO: dtree.c(1439): stop. leaf nodes are specific
INFO: dtree.c(1478): Final simple tree
|( QUESTION2_14_L -1 -5.862e+04 3.491e+02 2.858e+02
|    ( WDBNDRY_B 0 -1.600e+04 1.850e+02 7.442e+01
|        ( QUESTION18 -1 -9.015e+03 1.678e+02 4.191e+01
|            ( - -2.702e+02 1 0)
|            ( - -8.577e+03 1 0))
|        ( QUESTION20 1 -6.795e+03 1.595e+02 3.251e+01
|            ( - -2.000e+03 1 0)
|            ( - -4.636e+03 1 0)))
|    ( - -4.228e+04 1 0))
s>    ( QUESTION2_14_L -1 -5.862e+04 3.491e+02 2.858e+02
s>        ( WDBNDRY_B 0 -1.600e+04 1.850e+02 7.442e+01
s>            ( QUESTION18 -1 -9.015e+03 1.678e+02 4.191e+01
s>                ( - -2.702e+02 1 0)
s>                ( - -8.577e+03 1 0))
s>            ( QUESTION20 1 -6.795e+03 1.595e+02 3.251e+01
s>                ( - -2.000e+03 1 0)
s>                ( - -4.636e+03 1 0)))
s>        ( - -4.228e+04 1 0))INFO: dtree.c(1315): Comp split 35
INFO: dtree.c(1315): Comp split 36
INFO: dtree.c(1439): stop. leaf nodes are specific
INFO: dtree.c(1478): Final simple tree
|( WDBNDRY_B 0 -1.600e+04 1.850e+02 7.442e+01
|    ( QUESTION18 -1 -9.015e+03 1.678e+02 4.191e+01
|        ( - -2.702e+02 1 0)
|        ( - -8.577e+03 1 0))
|    ( QUESTION20 1 -6.795e+03 1.595e+02 3.251e+01
|        ( - -2.000e+03 1 0)
|        ( - -4.636e+03 1 0)))
s>    ( WDBNDRY_B 0 -1.600e+04 1.850e+02 7.442e+01
s>        ( QUESTION18 -1 -9.015e+03 1.678e+02 4.191e+01
s>            ( - -2.702e+02 1 0)
s>            ( - -8.577e+03 1 0))
s>        ( QUESTION20 1 -6.795e+03 1.595e+02 3.251e+01
s>            ( - -2.000e+03 1 0)
s>            ( - -4.636e+03 1 0)))INFO: dtree.c(1315): Comp split 37
INFO: dtree.c(1315): Comp split 38
INFO: dtree.c(1315): Comp split 39
INFO: dtree.c(1439): stop. leaf nodes are specific
INFO: dtree.c(1478): Final simple tree
|( QUESTION20 -1 -4.895e+04 3.039e+02 2.265e+02
|    ( - -2.037e+04 1 0)
|    ( - -2.828e+04 1 0))
s>    ( QUESTION20 -1 -4.895e+04 3.039e+02 2.265e+02
s>        ( - -2.037e+04 1 0)
s>        ( - -2.828e+04 1 0))INFO: dtree.c(1315): Comp split 40
INFO: dtree.c(1315): Comp split 41
INFO: dtree.c(1439): stop. leaf nodes are specific
INFO: dtree.c(1478): Final simple tree
|( WDBNDRY_B 0 -4.999e+04 2.525e+02 2.425e+02
|    ( - -2.085e+04 1 0)
|    ( - -2.888e+04 1 0))
s>    ( WDBNDRY_B 0 -4.999e+04 2.525e+02 2.425e+02
s>        ( - -2.085e+04 1 0)
s>        ( - -2.888e+04 1 0))INFO: dtree.c(1315): Comp split 42
INFO: dtree.c(1439): stop. leaf nodes are specific
INFO: dtree.c(1478): Final simple tree
|( QUESTION1 -1 -1.380e+04 1.510e+02 6.501e+01
|    ( - -2.722e+03 1 0)
|    ( - -1.093e+04 2 0))
s>    ( QUESTION1 -1 -1.380e+04 1.510e+02 6.501e+01
s>        ( - -2.722e+03 1 0)
s>        ( - -1.093e+04 2 0))INFO: dtree.c(1315): Comp split 43
INFO: dtree.c(1315): Comp split 44
INFO: dtree.c(1315): Comp split 45
INFO: dtree.c(1315): Comp split 46
INFO: dtree.c(1439): stop. leaf nodes are specific
INFO: dtree.c(1478): Final simple tree
|( SILENCE -1 -5.108e+03 1.503e+02 2.400e+01
|    ( - -3.372e+03 1 0)
|    ( - -1.586e+03 1 0))
s>    ( SILENCE -1 -5.108e+03 1.503e+02 2.400e+01
s>        ( - -3.372e+03 1 0)
s>        ( - -1.586e+03 1 0))INFO: dtree.c(1439): stop. leaf nodes are specific
INFO: dtree.c(1478): Final simple tree
|( QUESTION11 -1 -4.989e+03 1.777e+02 2.400e+01
|    ( - -2.227e+03 1 0)
|    ( QUESTION2_1_L -1 -2.584e+03 2.061e+02 1.200e+01
|        ( WDBNDRY_B 0 -2.134e+03 1.275e+02 1.000e+01
|            ( - -8.946e+02 1 0)
|            ( - -1.112e+03 1 0))
|        ( - -2.440e+02 1 0)))
s>    ( QUESTION11 -1 -4.989e+03 1.777e+02 2.400e+01
s>        ( - -2.227e+03 1 0)
s>        ( QUESTION2_1_L -1 -2.584e+03 2.061e+02 1.200e+01
s>            ( WDBNDRY_B 0 -2.134e+03 1.275e+02 1.000e+01
s>                ( - -8.946e+02 1 0)
s>                ( - -1.112e+03 1 0))
s>            ( - -2.440e+02 1 0)))INFO: dtree.c(1315): Comp split 47
INFO: dtree.c(1315): Comp split 48
INFO: dtree.c(1439): stop. leaf nodes are specific
INFO: dtree.c(1478): Final simple tree
|( QUESTION11 -1 -4.535e+03 1.740e+02 2.200e+01
|    ( - -2.227e+03 1 0)
|    ( WDBNDRY_B 0 -2.134e+03 1.275e+02 1.000e+01
|        ( - -8.946e+02 1 0)
|        ( - -1.112e+03 1 0)))
s>    ( QUESTION11 -1 -4.535e+03 1.740e+02 2.200e+01
s>        ( - -2.227e+03 1 0)
s>        ( WDBNDRY_B 0 -2.134e+03 1.275e+02 1.000e+01
s>            ( - -8.946e+02 1 0)
s>            ( - -1.112e+03 1 0)))INFO: dtree.c(1315): Comp split 49
INFO: dtree.c(1439): stop. leaf nodes are specific
INFO: dtree.c(1478): Final simple tree
|( QUESTION20 1 -6.795e+03 1.595e+02 3.251e+01
|    ( - -2.000e+03 1 0)
|    ( - -4.636e+03 1 0))
s>    ( QUESTION20 1 -6.795e+03 1.595e+02 3.251e+01
s>        ( - -2.000e+03 1 0)
s>        ( - -4.636e+03 1 0))INFO: dtree.c(1439): stop. leaf nodes are specific
INFO: dtree.c(1478): Final simple tree
|( QUESTION18 -1 -9.015e+03 1.678e+02 4.191e+01
|    ( - -2.702e+02 1 0)
|    ( - -8.577e+03 1 0))
s>    ( QUESTION18 -1 -9.015e+03 1.678e+02 4.191e+01
s>        ( - -2.702e+02 1 0)
s>        ( - -8.577e+03 1 0))INFO: dtree.c(1315): Comp split 50
INFO: dtree.c(1439): stop. leaf nodes are specific
INFO: dtree.c(1478): Final simple tree
|( WDBNDRY_B 0 -2.134e+03 1.275e+02 1.000e+01
|    ( - -8.946e+02 1 0)
|    ( - -1.112e+03 1 0))
s>    ( WDBNDRY_B 0 -2.134e+03 1.275e+02 1.000e+01
s>        ( - -8.946e+02 1 0)
s>        ( - -1.112e+03 1 0))INFO: dtree.c(1315): Comp split 51
INFO: dtree.c(1315): Comp split 52
INFO: dtree.c(1315): Comp split 53
INFO: dtree.c(1439): stop. leaf nodes are specific
INFO: dtree.c(1478): Final simple tree
|( QUESTION2_14_L -1 -4.043e+04 1.445e+02 2.003e+02
|    ( QUESTION14 -1 -3.368e+03 1.641e+02 1.607e+01
|        ( - -2.340e+02 1 0)
|        ( - -2.970e+03 1 0))
|    ( - -3.692e+04 4 0))
s>    ( QUESTION2_14_L -1 -4.043e+04 1.445e+02 2.003e+02
s>        ( QUESTION14 -1 -3.368e+03 1.641e+02 1.607e+01
s>            ( - -2.340e+02 1 0)
s>            ( - -2.970e+03 1 0))
s>        ( - -3.692e+04 4 0))INFO: dtree.c(1439): stop. leaf nodes are specific
INFO: dtree.c(1478): Final simple tree
|( WDBNDRY_B 0 -3.936e+03 1.488e+02 2.000e+01
|    ( - -1.530e+03 1 0)
|    ( - -2.257e+03 2 0))
s>    ( WDBNDRY_B 0 -3.936e+03 1.488e+02 2.000e+01
s>        ( - -1.530e+03 1 0)
s>        ( - -2.257e+03 2 0))INFO: dtree.c(1315): Comp split 54
INFO: dtree.c(1439): stop. leaf nodes are specific
INFO: dtree.c(1478): Final simple tree
|( QUESTION14 -1 -4.003e+04 1.422e+02 1.983e+02
|    ( - -3.692e+04 4 0)
|    ( - -2.970e+03 1 0))
s>    ( QUESTION14 -1 -4.003e+04 1.422e+02 1.983e+02
s>        ( - -3.692e+04 4 0)
s>        ( - -2.970e+03 1 0))INFO: dtree.c(1315): Comp split 55
INFO: dtree.c(1315): Comp split 56
INFO: dtree.c(1315): Comp split 57
INFO: dtree.c(1315): Comp split 58
INFO: dtree.c(1315): Comp split 59
INFO: dtree.c(1315): Comp split 60
INFO: dtree.c(1315): Comp split 61
INFO: dtree.c(1315): Comp split 62
INFO: dtree.c(1315): Comp split 63
INFO: dtree.c(1318): stop. leaf nodes are specific
Sun Mar 19 21:51:06 2017
