Current configuration:
[NAME]		[DEFLT]	[VALUE]
-allphones	no	no
-cntthresh	0.00001	1.000000e-05
-csplitmax	100	2000
-csplitmin	1	1
-csplitthr	8e-4	0.000000e+00
-example	no	no
-fullvar	no	no
-help		no	no
-meanfn			/home/ilya/Рабочий стол/lab_sphinx/ru_base/model_parameters/ru_base.cd_cont_untied/means
-mixwfn			/home/ilya/Рабочий стол/lab_sphinx/ru_base/model_parameters/ru_base.cd_cont_untied/mixture_weights
-moddeffn		/home/ilya/Рабочий стол/lab_sphinx/ru_base/model_architecture/ru_base.untied.mdef
-mwfloor	1e-4	1.000000e-08
-phone			pj
-psetfn			/home/ilya/Рабочий стол/lab_sphinx/ru_base/model_architecture/ru_base.tree_questions
-ssplitmax	5	7
-ssplitmin	1	1
-ssplitthr	8e-4	0.000000e+00
-state			2
-stwt			1.0,0.05,0.0,
-treefn			/home/ilya/Рабочий стол/lab_sphinx/ru_base/trees/ru_base.unpruned/pj-2.dtree
-ts2cbfn	.semi.	.cont.
-varfloor	0.00001	1.000000e-05
-varfn			/home/ilya/Рабочий стол/lab_sphinx/ru_base/model_parameters/ru_base.cd_cont_untied/variances

INFO: main.c(223): Reading: /home/ilya/Рабочий стол/lab_sphinx/ru_base/model_architecture/ru_base.untied.mdef
INFO: model_def_io.c(573): Model definition info:
INFO: model_def_io.c(574): 9415 total models defined (43 base, 9372 tri)
INFO: model_def_io.c(575): 37660 total states
INFO: model_def_io.c(576): 28245 total tied states
INFO: model_def_io.c(577): 129 total tied CI states
INFO: model_def_io.c(578): 43 total tied transition matrices
INFO: model_def_io.c(579): 4 max state/model
INFO: model_def_io.c(580): 4 min state/model
INFO: main.c(242): Building trees for [pj SIL e0 b] through [pj z e0 b]
INFO: main.c(269): Covering states |[18456 18617]| == 162
INFO: main.c(275): Reading: /home/ilya/Рабочий стол/lab_sphinx/ru_base/model_parameters/ru_base.cd_cont_untied/mixture_weights
INFO: s3mixw_io.c(173): Read /home/ilya/Рабочий стол/lab_sphinx/ru_base/model_parameters/ru_base.cd_cont_untied/mixture_weights [162x1x1 array]
INFO: main.c(311): 54 of 54 models have observation count greater than 0.000010
INFO: main.c(95): nrm stwt: 0.000 0.048 0.952 
INFO: s3gau_io.c(169): Read /home/ilya/Рабочий стол/lab_sphinx/ru_base/model_parameters/ru_base.cd_cont_untied/means [28245x1x1 array]
INFO: s3gau_io.c(169): Read /home/ilya/Рабочий стол/lab_sphinx/ru_base/model_parameters/ru_base.cd_cont_untied/variances [28245x1x1 array]
INFO: main.c(549): Reading: /home/ilya/Рабочий стол/lab_sphinx/ru_base/model_architecture/ru_base.tree_questions
INFO: main.c(588): 180 total simple questions (172 phone; 8 word bndry)
INFO: main.c(590): 42 Left Only questions, and 42 Right Only questions
INFO: dtree.c(1478): Final simple tree
|( QUESTION20 1 -5.807e+05 9.046e+02 2.538e+03
|    ( QUESTION1 -1 -9.621e+04 3.647e+02 4.202e+02
|        ( - -2.004e+04 1 0)
|        ( WDBNDRY_B 0 -7.580e+04 2.927e+02 3.337e+02
|            ( - -1.171e+04 10 0 QUESTION0 -1 2.209e+02 5.137e+01)
|            ( QUESTION12 -1 -6.379e+04 4.387e+02 2.823e+02
|                ( - 2.163e+02 1 0)
|                ( - -6.357e+04 5 0 QUESTION17 -1 2.046e+02 2.813e+02))))
|    ( QUESTION17 -1 -4.836e+05 4.559e+02 2.118e+03
|        ( - -1.827e+05 5 0 WDBNDRY_B 0 2.474e+02 8.051e+02)
|        ( QUESTION12 -1 -3.004e+05 3.296e+02 1.313e+03
|            ( - -1.737e+04 7 0 QUESTION0_14_R 1 1.832e+02 7.585e+01)
|            ( QUESTION2_19_L -1 -2.827e+05 2.923e+02 1.237e+03
|                ( - -1.579e+03 1 0)
|                ( - -2.809e+05 24 0 QUESTION6 -1 2.562e+02 1.229e+03)))))
s>    ( QUESTION20 1 -5.807e+05 9.046e+02 2.538e+03
s>        ( QUESTION1 -1 -9.621e+04 3.647e+02 4.202e+02
s>            ( - -2.004e+04 1 0)
s>            ( WDBNDRY_B 0 -7.580e+04 2.927e+02 3.337e+02
s>                ( - -1.171e+04 10 0 QUESTION0 -1 2.209e+02 5.137e+01)
s>                ( QUESTION12 -1 -6.379e+04 4.387e+02 2.823e+02
s>                    ( - 2.163e+02 1 0)
s>                    ( - -6.357e+04 5 0 QUESTION17 -1 2.046e+02 2.813e+02))))
s>        ( QUESTION17 -1 -4.836e+05 4.559e+02 2.118e+03
s>            ( - -1.827e+05 5 0 WDBNDRY_B 0 2.474e+02 8.051e+02)
s>            ( QUESTION12 -1 -3.004e+05 3.296e+02 1.313e+03
s>                ( - -1.737e+04 7 0 QUESTION0_14_R 1 1.832e+02 7.585e+01)
s>                ( QUESTION2_19_L -1 -2.827e+05 2.923e+02 1.237e+03
s>                    ( - -1.579e+03 1 0)
s>                    ( - -2.809e+05 24 0 QUESTION6 -1 2.562e+02 1.229e+03)))))INFO: dtree.c(1315): Comp split 0
INFO: dtree.c(1478): Final simple tree
|( QUESTION17 -1 -4.640e+05 4.056e+02 2.034e+03
|    ( WDBNDRY_B 0 -1.827e+05 2.474e+02 8.051e+02
|        ( - -1.915e+04 3 0 QUESTION20 -1 1.768e+02 8.314e+01)
|        ( - -1.633e+05 2 0 QUESTION20 -1 1.343e+02 7.220e+02))
|    ( QUESTION6 -1 -2.809e+05 2.562e+02 1.229e+03
|        ( - -3.707e+04 2 0 WDBNDRY_B 0 1.692e+02 1.611e+02)
|        ( WDBNDRY_B 0 -2.435e+05 2.538e+02 1.068e+03
|            ( SILENCE -1 -1.611e+05 2.080e+02 7.065e+02
|                ( - -5.154e+03 1 0)
|                ( QUESTION2_14_L -1 -1.557e+05 1.991e+02 6.827e+02
|                    ( - -4.766e+04 2 0 QUESTION0 -1 1.578e+02 2.120e+02)
|                    ( - -1.079e+05 12 0 QUESTION14 -1 1.737e+02 4.707e+02)))
|            ( QUESTION0_14_R 1 -8.221e+04 2.064e+02 3.615e+02
|                ( - -1.976e+03 1 0)
|                ( - -8.003e+04 6 0 QUESTION14 -1 1.738e+02 3.525e+02)))))
s>    ( QUESTION17 -1 -4.640e+05 4.056e+02 2.034e+03
s>        ( WDBNDRY_B 0 -1.827e+05 2.474e+02 8.051e+02
s>            ( - -1.915e+04 3 0 QUESTION20 -1 1.768e+02 8.314e+01)
s>            ( - -1.633e+05 2 0 QUESTION20 -1 1.343e+02 7.220e+02))
s>        ( QUESTION6 -1 -2.809e+05 2.562e+02 1.229e+03
s>            ( - -3.707e+04 2 0 WDBNDRY_B 0 1.692e+02 1.611e+02)
s>            ( WDBNDRY_B 0 -2.435e+05 2.538e+02 1.068e+03
s>                ( SILENCE -1 -1.611e+05 2.080e+02 7.065e+02
s>                    ( - -5.154e+03 1 0)
s>                    ( QUESTION2_14_L -1 -1.557e+05 1.991e+02 6.827e+02
s>                        ( - -4.766e+04 2 0 QUESTION0 -1 1.578e+02 2.120e+02)
s>                        ( - -1.079e+05 12 0 QUESTION14 -1 1.737e+02 4.707e+02)))
s>                ( QUESTION0_14_R 1 -8.221e+04 2.064e+02 3.615e+02
s>                    ( - -1.976e+03 1 0)
s>                    ( - -8.003e+04 6 0 QUESTION14 -1 1.738e+02 3.525e+02)))))INFO: dtree.c(1478): Final simple tree
|( QUESTION2_0_L -1 -1.157e+05 3.535e+02 5.040e+02
|    ( WDBNDRY_B 0 -4.253e+04 3.332e+02 1.837e+02
|        ( QUESTION20 1 -2.123e+04 2.747e+02 9.322e+01
|            ( - -4.312e+03 1 0)
|            ( QUESTION0_14_R 1 -1.665e+04 1.900e+02 7.285e+01
|                ( - -9.225e+02 2 0 QUESTION2_1_L -1 2.107e+02 5.000e+00)
|                ( - -1.554e+04 3 0 QUESTION2_1_L -1 1.708e+02 6.785e+01)))
|        ( - -2.096e+04 4 0 QUESTION20 1 1.259e+02 9.050e+01))
|    ( WDBNDRY_B 0 -7.284e+04 3.241e+02 3.203e+02
|        ( QUESTION14 -1 -8.942e+03 2.078e+02 3.900e+01
|            ( - -3.868e+03 4 0 QUESTION2_17_L -1 1.501e+02 1.800e+01)
|            ( - -4.866e+03 6 0 QUESTION17 -1 1.718e+02 2.100e+01))
|        ( QUESTION17 -1 -6.357e+04 2.046e+02 2.813e+02
|            ( - -2.881e+04 2 0 QUESTION20 -1 1.509e+02 1.277e+02)
|            ( - -3.456e+04 3 0 QUESTION14 -1 1.742e+02 1.536e+02))))
s>    ( QUESTION2_0_L -1 -1.157e+05 3.535e+02 5.040e+02
s>        ( WDBNDRY_B 0 -4.253e+04 3.332e+02 1.837e+02
s>            ( QUESTION20 1 -2.123e+04 2.747e+02 9.322e+01
s>                ( - -4.312e+03 1 0)
s>                ( QUESTION0_14_R 1 -1.665e+04 1.900e+02 7.285e+01
s>                    ( - -9.225e+02 2 0 QUESTION2_1_L -1 2.107e+02 5.000e+00)
s>                    ( - -1.554e+04 3 0 QUESTION2_1_L -1 1.708e+02 6.785e+01)))
s>            ( - -2.096e+04 4 0 QUESTION20 1 1.259e+02 9.050e+01))
s>        ( WDBNDRY_B 0 -7.284e+04 3.241e+02 3.203e+02
s>            ( QUESTION14 -1 -8.942e+03 2.078e+02 3.900e+01
s>                ( - -3.868e+03 4 0 QUESTION2_17_L -1 1.501e+02 1.800e+01)
s>                ( - -4.866e+03 6 0 QUESTION17 -1 1.718e+02 2.100e+01))
s>            ( QUESTION17 -1 -6.357e+04 2.046e+02 2.813e+02
s>                ( - -2.881e+04 2 0 QUESTION20 -1 1.509e+02 1.277e+02)
s>                ( - -3.456e+04 3 0 QUESTION14 -1 1.742e+02 1.536e+02))))INFO: dtree.c(1315): Comp split 1
INFO: dtree.c(1439): stop. leaf nodes are specific
INFO: dtree.c(1478): Final simple tree
|( QUESTION0_14_R 1 -1.654e+05 1.748e+02 7.310e+02
|    ( - -1.976e+03 1 0)
|    ( QUESTION20 -1 -1.633e+05 1.343e+02 7.220e+02
|        ( - -5.356e+02 1 0)
|        ( - -1.626e+05 1 0)))
s>    ( QUESTION0_14_R 1 -1.654e+05 1.748e+02 7.310e+02
s>        ( - -1.976e+03 1 0)
s>        ( QUESTION20 -1 -1.633e+05 1.343e+02 7.220e+02
s>            ( - -5.356e+02 1 0)
s>            ( - -1.626e+05 1 0)))INFO: dtree.c(1478): Final simple tree
|( QUESTION6 -1 -2.980e+05 2.507e+02 1.303e+03
|    ( - -3.707e+04 2 0 WDBNDRY_B 0 1.692e+02 1.611e+02)
|    ( QUESTION0 -1 -2.607e+05 2.558e+02 1.142e+03
|        ( - -7.588e+04 7 0 WDBNDRY_B 0 1.600e+02 3.326e+02)
|        ( WDBNDRY_B 0 -1.846e+05 2.238e+02 8.095e+02
|            ( QUESTION2_20_L -1 -1.048e+05 1.947e+02 4.590e+02
|                ( QUESTION16 -1 -6.454e+04 1.819e+02 2.812e+02
|                    ( QUESTION0_14_R 1 -1.854e+04 1.820e+02 8.019e+01
|                        ( - -5.371e+02 1 0)
|                        ( - -1.783e+04 2 0))
|                    ( - -4.581e+04 5 0 QUESTION14 -1 1.716e+02 2.010e+02))
|                ( QUESTION14 -1 -4.003e+04 2.120e+02 1.778e+02
|                    ( - -2.980e+04 1 0)
|                    ( - -1.002e+04 3 0 SILENCE -1 1.024e+02 4.478e+01)))
|            ( - -7.957e+04 5 0 QUESTION14 -1 1.739e+02 3.505e+02))))
s>    ( QUESTION6 -1 -2.980e+05 2.507e+02 1.303e+03
s>        ( - -3.707e+04 2 0 WDBNDRY_B 0 1.692e+02 1.611e+02)
s>        ( QUESTION0 -1 -2.607e+05 2.558e+02 1.142e+03
s>            ( - -7.588e+04 7 0 WDBNDRY_B 0 1.600e+02 3.326e+02)
s>            ( WDBNDRY_B 0 -1.846e+05 2.238e+02 8.095e+02
s>                ( QUESTION2_20_L -1 -1.048e+05 1.947e+02 4.590e+02
s>                    ( QUESTION16 -1 -6.454e+04 1.819e+02 2.812e+02
s>                        ( QUESTION0_14_R 1 -1.854e+04 1.820e+02 8.019e+01
s>                            ( - -5.371e+02 1 0)
s>                            ( - -1.783e+04 2 0))
s>                        ( - -4.581e+04 5 0 QUESTION14 -1 1.716e+02 2.010e+02))
s>                    ( QUESTION14 -1 -4.003e+04 2.120e+02 1.778e+02
s>                        ( - -2.980e+04 1 0)
s>                        ( - -1.002e+04 3 0 SILENCE -1 1.024e+02 4.478e+01)))
s>                ( - -7.957e+04 5 0 QUESTION14 -1 1.739e+02 3.505e+02))))INFO: dtree.c(1315): Comp split 2
INFO: dtree.c(1478): Final simple tree
|( WDBNDRY_B 0 -7.325e+04 2.892e+02 3.227e+02
|    ( QUESTION0 -1 -9.386e+03 2.076e+02 4.137e+01
|        ( - -4.312e+03 1 0)
|        ( QUESTION17 -1 -4.866e+03 1.718e+02 2.100e+01
|            ( QUESTION20 -1 -2.510e+03 1.130e+02 1.100e+01
|                ( - -6.295e+02 1 0)
|                ( - -1.768e+03 2 0 QUESTION18 -1 9.985e+01 8.000e+00))
|            ( - -2.184e+03 3 0 SILENCE -1 5.974e+01 1.000e+01)))
|    ( QUESTION17 -1 -6.357e+04 2.046e+02 2.813e+02
|        ( QUESTION20 -1 -2.881e+04 1.509e+02 1.277e+02
|            ( - -2.923e+02 1 0)
|            ( - -2.836e+04 1 0))
|        ( QUESTION14 -1 -3.456e+04 1.742e+02 1.536e+02
|            ( - -1.811e+04 1 0)
|            ( - -1.628e+04 2 0 QUESTION0 -1 9.974e+01 7.297e+01))))
s>    ( WDBNDRY_B 0 -7.325e+04 2.892e+02 3.227e+02
s>        ( QUESTION0 -1 -9.386e+03 2.076e+02 4.137e+01
s>            ( - -4.312e+03 1 0)
s>            ( QUESTION17 -1 -4.866e+03 1.718e+02 2.100e+01
s>                ( QUESTION20 -1 -2.510e+03 1.130e+02 1.100e+01
s>                    ( - -6.295e+02 1 0)
s>                    ( - -1.768e+03 2 0 QUESTION18 -1 9.985e+01 8.000e+00))
s>                ( - -2.184e+03 3 0 SILENCE -1 5.974e+01 1.000e+01)))
s>        ( QUESTION17 -1 -6.357e+04 2.046e+02 2.813e+02
s>            ( QUESTION20 -1 -2.881e+04 1.509e+02 1.277e+02
s>                ( - -2.923e+02 1 0)
s>                ( - -2.836e+04 1 0))
s>            ( QUESTION14 -1 -3.456e+04 1.742e+02 1.536e+02
s>                ( - -1.811e+04 1 0)
s>                ( - -1.628e+04 2 0 QUESTION0 -1 9.974e+01 7.297e+01))))INFO: dtree.c(1478): Final simple tree
|( QUESTION2_12_L -1 -4.204e+04 3.200e+02 1.813e+02
|    ( QUESTION20 1 -1.649e+04 4.379e+02 7.185e+01
|        ( - 2.163e+02 1 0)
|        ( QUESTION0_14_R 1 -1.627e+04 2.088e+02 7.085e+01
|            ( - -2.515e+02 1 0)
|            ( WDBNDRY_B 0 -1.581e+04 1.608e+02 6.885e+01
|                ( - -1.508e+04 2 0)
|                ( - -5.678e+02 2 0))))
|    ( QUESTION2_14_L -1 -2.523e+04 2.654e+02 1.095e+02
|        ( QUESTION2_17_L -1 -3.118e+03 1.513e+02 1.500e+01
|            ( - -6.955e+02 1 0)
|            ( - -2.271e+03 2 0 QUESTION20 1 1.529e+02 1.100e+01))
|        ( QUESTION0_14_R 1 -2.185e+04 1.890e+02 9.450e+01
|            ( - -4.603e+02 1 0)
|            ( - -2.120e+04 3 0 QUESTION10 -1 1.482e+02 9.150e+01))))
s>    ( QUESTION2_12_L -1 -4.204e+04 3.200e+02 1.813e+02
s>        ( QUESTION20 1 -1.649e+04 4.379e+02 7.185e+01
s>            ( - 2.163e+02 1 0)
s>            ( QUESTION0_14_R 1 -1.627e+04 2.088e+02 7.085e+01
s>                ( - -2.515e+02 1 0)
s>                ( WDBNDRY_B 0 -1.581e+04 1.608e+02 6.885e+01
s>                    ( - -1.508e+04 2 0)
s>                    ( - -5.678e+02 2 0))))
s>        ( QUESTION2_14_L -1 -2.523e+04 2.654e+02 1.095e+02
s>            ( QUESTION2_17_L -1 -3.118e+03 1.513e+02 1.500e+01
s>                ( - -6.955e+02 1 0)
s>                ( - -2.271e+03 2 0 QUESTION20 1 1.529e+02 1.100e+01))
s>            ( QUESTION0_14_R 1 -2.185e+04 1.890e+02 9.450e+01
s>                ( - -4.603e+02 1 0)
s>                ( - -2.120e+04 3 0 QUESTION10 -1 1.482e+02 9.150e+01))))INFO: dtree.c(1315): Comp split 3
INFO: dtree.c(1478): Final simple tree
|( QUESTION2_12_L -1 -4.182e+04 3.204e+02 1.803e+02
|    ( QUESTION0_14_R 1 -1.627e+04 2.088e+02 7.085e+01
|        ( - -2.515e+02 1 0)
|        ( WDBNDRY_B 0 -1.581e+04 1.608e+02 6.885e+01
|            ( - -1.508e+04 2 0)
|            ( - -5.678e+02 2 0)))
|    ( QUESTION2_14_L -1 -2.523e+04 2.654e+02 1.095e+02
|        ( QUESTION2_17_L -1 -3.118e+03 1.513e+02 1.500e+01
|            ( - -6.955e+02 1 0)
|            ( QUESTION20 1 -2.271e+03 1.529e+02 1.100e+01
|                ( - -5.392e+02 1 0)
|                ( - -1.579e+03 1 0)))
|        ( QUESTION0_14_R 1 -2.185e+04 1.890e+02 9.450e+01
|            ( - -4.603e+02 1 0)
|            ( - -2.120e+04 3 0 QUESTION10 -1 1.482e+02 9.150e+01))))
s>    ( QUESTION2_12_L -1 -4.182e+04 3.204e+02 1.803e+02
s>        ( QUESTION0_14_R 1 -1.627e+04 2.088e+02 7.085e+01
s>            ( - -2.515e+02 1 0)
s>            ( WDBNDRY_B 0 -1.581e+04 1.608e+02 6.885e+01
s>                ( - -1.508e+04 2 0)
s>                ( - -5.678e+02 2 0)))
s>        ( QUESTION2_14_L -1 -2.523e+04 2.654e+02 1.095e+02
s>            ( QUESTION2_17_L -1 -3.118e+03 1.513e+02 1.500e+01
s>                ( - -6.955e+02 1 0)
s>                ( QUESTION20 1 -2.271e+03 1.529e+02 1.100e+01
s>                    ( - -5.392e+02 1 0)
s>                    ( - -1.579e+03 1 0)))
s>            ( QUESTION0_14_R 1 -2.185e+04 1.890e+02 9.450e+01
s>                ( - -4.603e+02 1 0)
s>                ( - -2.120e+04 3 0 QUESTION10 -1 1.482e+02 9.150e+01))))INFO: dtree.c(1315): Comp split 4
INFO: dtree.c(1478): Final simple tree
|( QUESTION2_14_L -1 -2.637e+04 2.723e+02 1.145e+02
|    ( QUESTION2_17_L -1 -3.118e+03 1.513e+02 1.500e+01
|        ( - -6.955e+02 1 0)
|        ( QUESTION20 1 -2.271e+03 1.529e+02 1.100e+01
|            ( - -5.392e+02 1 0)
|            ( - -1.579e+03 1 0)))
|    ( QUESTION0_14_R 1 -2.298e+04 1.666e+02 9.950e+01
|        ( QUESTION2_1_L -1 -9.225e+02 2.107e+02 5.000e+00
|            ( - -4.603e+02 1 0)
|            ( - -2.515e+02 1 0))
|        ( QUESTION2_3_L -1 -2.189e+04 1.480e+02 9.450e+01
|            ( - -2.853e+02 1 0)
|            ( QUESTION10 -1 -2.146e+04 1.263e+02 9.250e+01
|                ( - -5.678e+02 2 0)
|                ( - -2.076e+04 2 0 WDBNDRY_B 0 6.390e+01 8.950e+01)))))
s>    ( QUESTION2_14_L -1 -2.637e+04 2.723e+02 1.145e+02
s>        ( QUESTION2_17_L -1 -3.118e+03 1.513e+02 1.500e+01
s>            ( - -6.955e+02 1 0)
s>            ( QUESTION20 1 -2.271e+03 1.529e+02 1.100e+01
s>                ( - -5.392e+02 1 0)
s>                ( - -1.579e+03 1 0)))
s>        ( QUESTION0_14_R 1 -2.298e+04 1.666e+02 9.950e+01
s>            ( QUESTION2_1_L -1 -9.225e+02 2.107e+02 5.000e+00
s>                ( - -4.603e+02 1 0)
s>                ( - -2.515e+02 1 0))
s>            ( QUESTION2_3_L -1 -2.189e+04 1.480e+02 9.450e+01
s>                ( - -2.853e+02 1 0)
s>                ( QUESTION10 -1 -2.146e+04 1.263e+02 9.250e+01
s>                    ( - -5.678e+02 2 0)
s>                    ( - -2.076e+04 2 0 WDBNDRY_B 0 6.390e+01 8.950e+01)))))INFO: dtree.c(1315): Comp split 5
INFO: dtree.c(1439): stop. leaf nodes are specific
INFO: dtree.c(1478): Final simple tree
|( WDBNDRY_B 0 -9.049e+04 2.053e+02 3.983e+02
|    ( QUESTION16 -1 -1.072e+04 1.635e+02 4.778e+01
|        ( - -5.371e+02 1 0)
|        ( SILENCE -1 -1.002e+04 1.024e+02 4.478e+01
|            ( - -5.154e+03 1 0)
|            ( QUESTION0_14_R 1 -4.763e+03 1.077e+02 2.104e+01
|                ( - -2.699e+03 1 0)
|                ( - -1.956e+03 1 0))))
|    ( QUESTION14 -1 -7.957e+04 1.739e+02 3.505e+02
|        ( QUESTION2_14_L -1 -4.889e+04 1.677e+02 2.172e+02
|            ( - -2.861e+02 1 0)
|            ( - -4.844e+04 2 0))
|        ( - -3.050e+04 2 0)))
s>    ( WDBNDRY_B 0 -9.049e+04 2.053e+02 3.983e+02
s>        ( QUESTION16 -1 -1.072e+04 1.635e+02 4.778e+01
s>            ( - -5.371e+02 1 0)
s>            ( SILENCE -1 -1.002e+04 1.024e+02 4.478e+01
s>                ( - -5.154e+03 1 0)
s>                ( QUESTION0_14_R 1 -4.763e+03 1.077e+02 2.104e+01
s>                    ( - -2.699e+03 1 0)
s>                    ( - -1.956e+03 1 0))))
s>        ( QUESTION14 -1 -7.957e+04 1.739e+02 3.505e+02
s>            ( QUESTION2_14_L -1 -4.889e+04 1.677e+02 2.172e+02
s>                ( - -2.861e+02 1 0)
s>                ( - -4.844e+04 2 0))
s>            ( - -3.050e+04 2 0)))INFO: dtree.c(1478): Final simple tree
|( QUESTION6 -1 -2.072e+05 2.289e+02 9.050e+02
|    ( WDBNDRY_B 0 -3.707e+04 1.692e+02 1.611e+02
|        ( - -5.699e+02 1 0)
|        ( - -3.634e+04 1 0))
|    ( QUESTION17 -1 -1.699e+05 2.368e+02 7.438e+02
|        ( - -1.421e+04 1 0)
|        ( QUESTION2_14_L -1 -1.554e+05 2.022e+02 6.817e+02
|            ( QUESTION0 -1 -4.766e+04 1.578e+02 2.120e+02
|                ( - -1.770e+04 1 0)
|                ( - -2.980e+04 1 0))
|            ( QUESTION14 -1 -1.076e+05 1.797e+02 4.697e+02
|                ( - -3.144e+04 4 0)
|                ( WDBNDRY_B 0 -7.597e+04 1.577e+02 3.308e+02
|                    ( - -7.551e+04 7 0 QUESTION0_14_R 1 1.501e+02 3.288e+02)
|                    ( - -2.990e+02 1 0))))))
s>    ( QUESTION6 -1 -2.072e+05 2.289e+02 9.050e+02
s>        ( WDBNDRY_B 0 -3.707e+04 1.692e+02 1.611e+02
s>            ( - -5.699e+02 1 0)
s>            ( - -3.634e+04 1 0))
s>        ( QUESTION17 -1 -1.699e+05 2.368e+02 7.438e+02
s>            ( - -1.421e+04 1 0)
s>            ( QUESTION2_14_L -1 -1.554e+05 2.022e+02 6.817e+02
s>                ( QUESTION0 -1 -4.766e+04 1.578e+02 2.120e+02
s>                    ( - -1.770e+04 1 0)
s>                    ( - -2.980e+04 1 0))
s>                ( QUESTION14 -1 -1.076e+05 1.797e+02 4.697e+02
s>                    ( - -3.144e+04 4 0)
s>                    ( WDBNDRY_B 0 -7.597e+04 1.577e+02 3.308e+02
s>                        ( - -7.551e+04 7 0 QUESTION0_14_R 1 1.501e+02 3.288e+02)
s>                        ( - -2.990e+02 1 0))))))INFO: dtree.c(1315): Comp split 6
INFO: dtree.c(1478): Final simple tree
|( QUESTION2_14_L -1 -1.234e+05 2.027e+02 5.408e+02
|    ( QUESTION0 -1 -4.766e+04 1.578e+02 2.120e+02
|        ( - -1.770e+04 1 0)
|        ( - -2.980e+04 1 0))
|    ( QUESTION0_14_R 1 -7.551e+04 1.501e+02 3.288e+02
|        ( - -2.960e+02 1 0)
|        ( QUESTION1 -1 -7.507e+04 1.458e+02 3.268e+02
|            ( QUESTION4 -1 -3.923e+04 1.045e+02 1.725e+02
|                ( - -1.873e+04 1 0)
|                ( - -2.040e+04 1 0))
|            ( QUESTION0 -1 -3.569e+04 1.258e+02 1.544e+02
|                ( QUESTION2_0_L -1 -1.774e+04 1.342e+02 7.718e+01
|                    ( - -1.729e+04 1 0)
|                    ( - -3.195e+02 1 0))
|                ( - -1.783e+04 2 0)))))
s>    ( QUESTION2_14_L -1 -1.234e+05 2.027e+02 5.408e+02
s>        ( QUESTION0 -1 -4.766e+04 1.578e+02 2.120e+02
s>            ( - -1.770e+04 1 0)
s>            ( - -2.980e+04 1 0))
s>        ( QUESTION0_14_R 1 -7.551e+04 1.501e+02 3.288e+02
s>            ( - -2.960e+02 1 0)
s>            ( QUESTION1 -1 -7.507e+04 1.458e+02 3.268e+02
s>                ( QUESTION4 -1 -3.923e+04 1.045e+02 1.725e+02
s>                    ( - -1.873e+04 1 0)
s>                    ( - -2.040e+04 1 0))
s>                ( QUESTION0 -1 -3.569e+04 1.258e+02 1.544e+02
s>                    ( QUESTION2_0_L -1 -1.774e+04 1.342e+02 7.718e+01
s>                        ( - -1.729e+04 1 0)
s>                        ( - -3.195e+02 1 0))
s>                    ( - -1.783e+04 2 0)))))INFO: dtree.c(1439): stop. leaf nodes are specific
INFO: dtree.c(1478): Final simple tree
|( QUESTION15 -1 -8.350e+04 1.896e+02 3.642e+02
|    ( - -1.421e+04 1 0)
|    ( QUESTION10 -1 -6.910e+04 1.551e+02 3.021e+02
|        ( - -2.990e+02 1 0)
|        ( QUESTION0 -1 -6.865e+04 1.361e+02 3.001e+02
|            ( WDBNDRY_B 0 -3.707e+04 1.692e+02 1.611e+02
|                ( - -5.699e+02 1 0)
|                ( - -3.634e+04 1 0))
|            ( - -3.144e+04 4 0))))
s>    ( QUESTION15 -1 -8.350e+04 1.896e+02 3.642e+02
s>        ( - -1.421e+04 1 0)
s>        ( QUESTION10 -1 -6.910e+04 1.551e+02 3.021e+02
s>            ( - -2.990e+02 1 0)
s>            ( QUESTION0 -1 -6.865e+04 1.361e+02 3.001e+02
s>                ( WDBNDRY_B 0 -3.707e+04 1.692e+02 1.611e+02
s>                    ( - -5.699e+02 1 0)
s>                    ( - -3.634e+04 1 0))
s>                ( - -3.144e+04 4 0))))INFO: dtree.c(1315): Comp split 7
INFO: dtree.c(1439): stop. leaf nodes are specific
INFO: dtree.c(1478): Final simple tree
|( SILENCE -1 -2.184e+03 5.974e+01 1.000e+01
|    ( - -8.171e+02 1 0)
|    ( - -1.308e+03 2 0))
s>    ( SILENCE -1 -2.184e+03 5.974e+01 1.000e+01
s>        ( - -8.171e+02 1 0)
s>        ( - -1.308e+03 2 0))INFO: dtree.c(1478): Final simple tree
|( QUESTION12 -1 -7.074e+04 2.539e+02 3.127e+02
|    ( - -4.312e+03 1 0)
|    ( QUESTION15 -1 -6.618e+04 2.108e+02 2.923e+02
|        ( QUESTION19 -1 -3.279e+04 1.241e+02 1.447e+02
|            ( QUESTION20 -1 -3.019e+04 1.067e+02 1.337e+02
|                ( WDBNDRY_B 0 -1.062e+03 1.398e+02 5.000e+00
|                    ( - -6.295e+02 1 0)
|                    ( - -2.923e+02 1 0))
|                ( - -2.902e+04 2 0 WDBNDRY_B 0 9.701e+01 1.287e+02))
|            ( WDBNDRY_B 0 -2.482e+03 1.046e+02 1.100e+01
|                ( - -1.108e+03 1 0)
|                ( - -1.270e+03 1 0)))
|        ( QUESTION0 -1 -3.317e+04 1.544e+02 1.476e+02
|            ( - -1.491e+04 1 0)
|            ( - -1.811e+04 1 0))))
s>    ( QUESTION12 -1 -7.074e+04 2.539e+02 3.127e+02
s>        ( - -4.312e+03 1 0)
s>        ( QUESTION15 -1 -6.618e+04 2.108e+02 2.923e+02
s>            ( QUESTION19 -1 -3.279e+04 1.241e+02 1.447e+02
s>                ( QUESTION20 -1 -3.019e+04 1.067e+02 1.337e+02
s>                    ( WDBNDRY_B 0 -1.062e+03 1.398e+02 5.000e+00
s>                        ( - -6.295e+02 1 0)
s>                        ( - -2.923e+02 1 0))
s>                    ( - -2.902e+04 2 0 WDBNDRY_B 0 9.701e+01 1.287e+02))
s>                ( WDBNDRY_B 0 -2.482e+03 1.046e+02 1.100e+01
s>                    ( - -1.108e+03 1 0)
s>                    ( - -1.270e+03 1 0)))
s>            ( QUESTION0 -1 -3.317e+04 1.544e+02 1.476e+02
s>                ( - -1.491e+04 1 0)
s>                ( - -1.811e+04 1 0))))INFO: dtree.c(1315): Comp split 8
INFO: dtree.c(1439): stop. leaf nodes are specific
INFO: dtree.c(1478): Final simple tree
|( QUESTION0_14_R 1 -2.366e+04 1.654e+02 1.025e+02
|    ( QUESTION2_1_L -1 -9.225e+02 2.107e+02 5.000e+00
|        ( - -4.603e+02 1 0)
|        ( - -2.515e+02 1 0))
|    ( QUESTION2_3_L -1 -2.257e+04 1.473e+02 9.750e+01
|        ( - -2.853e+02 1 0)
|        ( QUESTION2_14_L -1 -2.214e+04 1.415e+02 9.550e+01
|            ( - -5.392e+02 1 0)
|            ( QUESTION10 -1 -2.146e+04 1.263e+02 9.250e+01
|                ( - -5.678e+02 2 0)
|                ( WDBNDRY_B 0 -2.076e+04 6.390e+01 8.950e+01
|                    ( - -6.552e+02 1 0)
|                    ( - -2.004e+04 1 0))))))
s>    ( QUESTION0_14_R 1 -2.366e+04 1.654e+02 1.025e+02
s>        ( QUESTION2_1_L -1 -9.225e+02 2.107e+02 5.000e+00
s>            ( - -4.603e+02 1 0)
s>            ( - -2.515e+02 1 0))
s>        ( QUESTION2_3_L -1 -2.257e+04 1.473e+02 9.750e+01
s>            ( - -2.853e+02 1 0)
s>            ( QUESTION2_14_L -1 -2.214e+04 1.415e+02 9.550e+01
s>                ( - -5.392e+02 1 0)
s>                ( QUESTION10 -1 -2.146e+04 1.263e+02 9.250e+01
s>                    ( - -5.678e+02 2 0)
s>                    ( WDBNDRY_B 0 -2.076e+04 6.390e+01 8.950e+01
s>                        ( - -6.552e+02 1 0)
s>                        ( - -2.004e+04 1 0))))))INFO: dtree.c(1439): stop. leaf nodes are specific
INFO: dtree.c(1478): Final simple tree
|( QUESTION20 1 -2.421e+03 1.469e+02 1.200e+01
|    ( - -6.955e+02 1 0)
|    ( - -1.579e+03 1 0))
s>    ( QUESTION20 1 -2.421e+03 1.469e+02 1.200e+01
s>        ( - -6.955e+02 1 0)
s>        ( - -1.579e+03 1 0))INFO: dtree.c(1315): Comp split 9
INFO: dtree.c(1478): Final simple tree
|( QUESTION15 -1 -6.618e+04 2.108e+02 2.923e+02
|    ( QUESTION19 -1 -3.279e+04 1.241e+02 1.447e+02
|        ( QUESTION20 -1 -3.019e+04 1.067e+02 1.337e+02
|            ( WDBNDRY_B 0 -1.062e+03 1.398e+02 5.000e+00
|                ( - -6.295e+02 1 0)
|                ( - -2.923e+02 1 0))
|            ( WDBNDRY_B 0 -2.902e+04 9.701e+01 1.287e+02
|                ( - -5.599e+02 1 0)
|                ( - -2.836e+04 1 0)))
|        ( WDBNDRY_B 0 -2.482e+03 1.046e+02 1.100e+01
|            ( - -1.108e+03 1 0)
|            ( - -1.270e+03 1 0)))
|    ( QUESTION0 -1 -3.317e+04 1.544e+02 1.476e+02
|        ( - -1.491e+04 1 0)
|        ( - -1.811e+04 1 0)))
s>    ( QUESTION15 -1 -6.618e+04 2.108e+02 2.923e+02
s>        ( QUESTION19 -1 -3.279e+04 1.241e+02 1.447e+02
s>            ( QUESTION20 -1 -3.019e+04 1.067e+02 1.337e+02
s>                ( WDBNDRY_B 0 -1.062e+03 1.398e+02 5.000e+00
s>                    ( - -6.295e+02 1 0)
s>                    ( - -2.923e+02 1 0))
s>                ( WDBNDRY_B 0 -2.902e+04 9.701e+01 1.287e+02
s>                    ( - -5.599e+02 1 0)
s>                    ( - -2.836e+04 1 0)))
s>            ( WDBNDRY_B 0 -2.482e+03 1.046e+02 1.100e+01
s>                ( - -1.108e+03 1 0)
s>                ( - -1.270e+03 1 0)))
s>        ( QUESTION0 -1 -3.317e+04 1.544e+02 1.476e+02
s>            ( - -1.491e+04 1 0)
s>            ( - -1.811e+04 1 0)))INFO: dtree.c(1315): Comp split 10
INFO: dtree.c(1439): stop. leaf nodes are specific
INFO: dtree.c(1478): Final simple tree
|( QUESTION16 -1 -8.118e+04 1.729e+02 3.575e+02
|    ( - -3.050e+04 2 0)
|    ( WDBNDRY_B 0 -5.050e+04 1.104e+02 2.242e+02
|        ( - -1.956e+03 1 0)
|        ( - -4.844e+04 2 0)))
s>    ( QUESTION16 -1 -8.118e+04 1.729e+02 3.575e+02
s>        ( - -3.050e+04 2 0)
s>        ( WDBNDRY_B 0 -5.050e+04 1.104e+02 2.242e+02
s>            ( - -1.956e+03 1 0)
s>            ( - -4.844e+04 2 0)))INFO: dtree.c(1439): stop. leaf nodes are specific
INFO: dtree.c(1478): Final simple tree
|( WDBNDRY_B 0 -9.098e+03 1.649e+02 4.077e+01
|    ( QUESTION16 -1 -8.647e+03 1.628e+02 3.877e+01
|        ( - -5.371e+02 1 0)
|        ( SILENCE -1 -7.947e+03 9.422e+01 3.577e+01
|            ( - -5.154e+03 1 0)
|            ( - -2.699e+03 1 0)))
|    ( - -2.861e+02 1 0))
s>    ( WDBNDRY_B 0 -9.098e+03 1.649e+02 4.077e+01
s>        ( QUESTION16 -1 -8.647e+03 1.628e+02 3.877e+01
s>            ( - -5.371e+02 1 0)
s>            ( SILENCE -1 -7.947e+03 9.422e+01 3.577e+01
s>                ( - -5.154e+03 1 0)
s>                ( - -2.699e+03 1 0)))
s>        ( - -2.861e+02 1 0))INFO: dtree.c(1315): Comp split 11
INFO: dtree.c(1439): stop. leaf nodes are specific
INFO: dtree.c(1478): Final simple tree
|( QUESTION18 -1 -3.024e+04 1.098e+02 1.337e+02
|    ( - -1.108e+03 1 0)
|    ( WDBNDRY_B 0 -2.902e+04 9.701e+01 1.287e+02
|        ( - -5.599e+02 1 0)
|        ( - -2.836e+04 1 0)))
s>    ( QUESTION18 -1 -3.024e+04 1.098e+02 1.337e+02
s>        ( - -1.108e+03 1 0)
s>        ( WDBNDRY_B 0 -2.902e+04 9.701e+01 1.287e+02
s>            ( - -5.599e+02 1 0)
s>            ( - -2.836e+04 1 0)))INFO: dtree.c(1439): stop. leaf nodes are specific
INFO: dtree.c(1478): Final simple tree
|( QUESTION14 -1 -3.573e+04 1.866e+02 1.586e+02
|    ( - -1.811e+04 1 0)
|    ( QUESTION0 -1 -1.743e+04 1.107e+02 7.797e+01
|        ( - -1.491e+04 1 0)
|        ( WDBNDRY_B 0 -2.411e+03 8.862e+01 1.100e+01
|            ( - -6.295e+02 1 0)
|            ( QUESTION16 -1 -1.693e+03 1.309e+02 8.000e+00
|                ( - -1.270e+03 1 0)
|                ( - -2.923e+02 1 0)))))
s>    ( QUESTION14 -1 -3.573e+04 1.866e+02 1.586e+02
s>        ( - -1.811e+04 1 0)
s>        ( QUESTION0 -1 -1.743e+04 1.107e+02 7.797e+01
s>            ( - -1.491e+04 1 0)
s>            ( WDBNDRY_B 0 -2.411e+03 8.862e+01 1.100e+01
s>                ( - -6.295e+02 1 0)
s>                ( QUESTION16 -1 -1.693e+03 1.309e+02 8.000e+00
s>                    ( - -1.270e+03 1 0)
s>                    ( - -2.923e+02 1 0)))))INFO: dtree.c(1315): Comp split 12
INFO: dtree.c(1439): stop. leaf nodes are specific
INFO: dtree.c(1478): Final simple tree
|( QUESTION0_14_R 1 -7.551e+04 1.501e+02 3.288e+02
|    ( - -2.960e+02 1 0)
|    ( QUESTION1 -1 -7.507e+04 1.458e+02 3.268e+02
|        ( QUESTION4 -1 -3.923e+04 1.045e+02 1.725e+02
|            ( - -1.873e+04 1 0)
|            ( - -2.040e+04 1 0))
|        ( QUESTION0 -1 -3.569e+04 1.258e+02 1.544e+02
|            ( QUESTION2_0_L -1 -1.774e+04 1.342e+02 7.718e+01
|                ( - -1.729e+04 1 0)
|                ( - -3.195e+02 1 0))
|            ( - -1.783e+04 2 0))))
s>    ( QUESTION0_14_R 1 -7.551e+04 1.501e+02 3.288e+02
s>        ( - -2.960e+02 1 0)
s>        ( QUESTION1 -1 -7.507e+04 1.458e+02 3.268e+02
s>            ( QUESTION4 -1 -3.923e+04 1.045e+02 1.725e+02
s>                ( - -1.873e+04 1 0)
s>                ( - -2.040e+04 1 0))
s>            ( QUESTION0 -1 -3.569e+04 1.258e+02 1.544e+02
s>                ( QUESTION2_0_L -1 -1.774e+04 1.342e+02 7.718e+01
s>                    ( - -1.729e+04 1 0)
s>                    ( - -3.195e+02 1 0))
s>                ( - -1.783e+04 2 0))))INFO: dtree.c(1439): stop. leaf nodes are specific
INFO: dtree.c(1478): Final simple tree
|( QUESTION0 -1 -4.766e+04 1.578e+02 2.120e+02
|    ( - -1.770e+04 1 0)
|    ( - -2.980e+04 1 0))
s>    ( QUESTION0 -1 -4.766e+04 1.578e+02 2.120e+02
s>        ( - -1.770e+04 1 0)
s>        ( - -2.980e+04 1 0))INFO: dtree.c(1315): Comp split 13
INFO: dtree.c(1439): stop. leaf nodes are specific
INFO: dtree.c(1478): Final simple tree
|( WDBNDRY_B 0 -6.791e+04 1.350e+02 2.971e+02
|    ( - -3.144e+04 4 0)
|    ( - -3.634e+04 1 0))
s>    ( WDBNDRY_B 0 -6.791e+04 1.350e+02 2.971e+02
s>        ( - -3.144e+04 4 0)
s>        ( - -3.634e+04 1 0))INFO: dtree.c(1439): stop. leaf nodes are specific
INFO: dtree.c(1478): Final simple tree
|( QUESTION1 -1 -1.539e+04 1.608e+02 6.710e+01
|    ( - -5.699e+02 1 0)
|    ( WDBNDRY_B 0 -1.466e+04 1.556e+02 6.410e+01
|        ( - -1.421e+04 1 0)
|        ( - -2.990e+02 1 0)))
s>    ( QUESTION1 -1 -1.539e+04 1.608e+02 6.710e+01
s>        ( - -5.699e+02 1 0)
s>        ( WDBNDRY_B 0 -1.466e+04 1.556e+02 6.410e+01
s>            ( - -1.421e+04 1 0)
s>            ( - -2.990e+02 1 0)))INFO: dtree.c(1315): Comp split 14
INFO: dtree.c(1439): stop. leaf nodes are specific
INFO: dtree.c(1478): Final simple tree
|( QUESTION0_14_R 1 -2.629e+03 1.171e+02 1.200e+01
|    ( - -1.976e+03 1 0)
|    ( - -5.356e+02 1 0))
s>    ( QUESTION0_14_R 1 -2.629e+03 1.171e+02 1.200e+01
s>        ( - -1.976e+03 1 0)
s>        ( - -5.356e+02 1 0))INFO: dtree.c(1315): Comp split 15
INFO: dtree.c(1439): stop. leaf nodes are specific
INFO: dtree.c(1478): Final simple tree
|( QUESTION0_14_R 1 -2.322e+04 1.880e+02 1.005e+02
|    ( - -4.603e+02 1 0)
|    ( QUESTION2_3_L -1 -2.257e+04 1.473e+02 9.750e+01
|        ( - -2.853e+02 1 0)
|        ( QUESTION2_14_L -1 -2.214e+04 1.415e+02 9.550e+01
|            ( - -5.392e+02 1 0)
|            ( QUESTION10 -1 -2.146e+04 1.263e+02 9.250e+01
|                ( - -5.678e+02 2 0)
|                ( WDBNDRY_B 0 -2.076e+04 6.390e+01 8.950e+01
|                    ( - -6.552e+02 1 0)
|                    ( - -2.004e+04 1 0))))))
s>    ( QUESTION0_14_R 1 -2.322e+04 1.880e+02 1.005e+02
s>        ( - -4.603e+02 1 0)
s>        ( QUESTION2_3_L -1 -2.257e+04 1.473e+02 9.750e+01
s>            ( - -2.853e+02 1 0)
s>            ( QUESTION2_14_L -1 -2.214e+04 1.415e+02 9.550e+01
s>                ( - -5.392e+02 1 0)
s>                ( QUESTION10 -1 -2.146e+04 1.263e+02 9.250e+01
s>                    ( - -5.678e+02 2 0)
s>                    ( WDBNDRY_B 0 -2.076e+04 6.390e+01 8.950e+01
s>                        ( - -6.552e+02 1 0)
s>                        ( - -2.004e+04 1 0))))))INFO: dtree.c(1315): Comp split 16
INFO: dtree.c(1439): stop. leaf nodes are specific
INFO: dtree.c(1478): Final simple tree
|( QUESTION2_3_L -1 -2.257e+04 1.473e+02 9.750e+01
|    ( - -2.853e+02 1 0)
|    ( QUESTION2_14_L -1 -2.214e+04 1.415e+02 9.550e+01
|        ( - -5.392e+02 1 0)
|        ( QUESTION10 -1 -2.146e+04 1.263e+02 9.250e+01
|            ( - -5.678e+02 2 0)
|            ( WDBNDRY_B 0 -2.076e+04 6.390e+01 8.950e+01
|                ( - -6.552e+02 1 0)
|                ( - -2.004e+04 1 0)))))
s>    ( QUESTION2_3_L -1 -2.257e+04 1.473e+02 9.750e+01
s>        ( - -2.853e+02 1 0)
s>        ( QUESTION2_14_L -1 -2.214e+04 1.415e+02 9.550e+01
s>            ( - -5.392e+02 1 0)
s>            ( QUESTION10 -1 -2.146e+04 1.263e+02 9.250e+01
s>                ( - -5.678e+02 2 0)
s>                ( WDBNDRY_B 0 -2.076e+04 6.390e+01 8.950e+01
s>                    ( - -6.552e+02 1 0)
s>                    ( - -2.004e+04 1 0)))))INFO: dtree.c(1315): Comp split 17
INFO: dtree.c(1439): stop. leaf nodes are specific
INFO: dtree.c(1478): Final simple tree
|( QUESTION0 -1 -1.743e+04 1.107e+02 7.797e+01
|    ( - -1.491e+04 1 0)
|    ( WDBNDRY_B 0 -2.411e+03 8.862e+01 1.100e+01
|        ( - -6.295e+02 1 0)
|        ( QUESTION16 -1 -1.693e+03 1.309e+02 8.000e+00
|            ( - -1.270e+03 1 0)
|            ( - -2.923e+02 1 0))))
s>    ( QUESTION0 -1 -1.743e+04 1.107e+02 7.797e+01
s>        ( - -1.491e+04 1 0)
s>        ( WDBNDRY_B 0 -2.411e+03 8.862e+01 1.100e+01
s>            ( - -6.295e+02 1 0)
s>            ( QUESTION16 -1 -1.693e+03 1.309e+02 8.000e+00
s>                ( - -1.270e+03 1 0)
s>                ( - -2.923e+02 1 0))))INFO: dtree.c(1315): Comp split 18
INFO: dtree.c(1439): stop. leaf nodes are specific
INFO: dtree.c(1478): Final simple tree
|( WDBNDRY_B 0 -5.050e+04 1.104e+02 2.242e+02
|    ( - -1.956e+03 1 0)
|    ( - -4.844e+04 2 0))
s>    ( WDBNDRY_B 0 -5.050e+04 1.104e+02 2.242e+02
s>        ( - -1.956e+03 1 0)
s>        ( - -4.844e+04 2 0))INFO: dtree.c(1315): Comp split 19
INFO: dtree.c(1439): stop. leaf nodes are specific
INFO: dtree.c(1478): Final simple tree
|( QUESTION16 -1 -8.647e+03 1.628e+02 3.877e+01
|    ( - -5.371e+02 1 0)
|    ( SILENCE -1 -7.947e+03 9.422e+01 3.577e+01
|        ( - -5.154e+03 1 0)
|        ( - -2.699e+03 1 0)))
s>    ( QUESTION16 -1 -8.647e+03 1.628e+02 3.877e+01
s>        ( - -5.371e+02 1 0)
s>        ( SILENCE -1 -7.947e+03 9.422e+01 3.577e+01
s>            ( - -5.154e+03 1 0)
s>            ( - -2.699e+03 1 0)))INFO: dtree.c(1315): Comp split 20
INFO: dtree.c(1439): stop. leaf nodes are specific
INFO: dtree.c(1478): Final simple tree
|( SILENCE -1 -7.947e+03 9.422e+01 3.577e+01
|    ( - -5.154e+03 1 0)
|    ( - -2.699e+03 1 0))
s>    ( SILENCE -1 -7.947e+03 9.422e+01 3.577e+01
s>        ( - -5.154e+03 1 0)
s>        ( - -2.699e+03 1 0))INFO: dtree.c(1315): Comp split 21
INFO: dtree.c(1439): stop. leaf nodes are specific
INFO: dtree.c(1478): Final simple tree
|( WDBNDRY_B 0 -1.466e+04 1.556e+02 6.410e+01
|    ( - -1.421e+04 1 0)
|    ( - -2.990e+02 1 0))
s>    ( WDBNDRY_B 0 -1.466e+04 1.556e+02 6.410e+01
s>        ( - -1.421e+04 1 0)
s>        ( - -2.990e+02 1 0))INFO: dtree.c(1315): Comp split 22
INFO: dtree.c(1315): Comp split 23
INFO: dtree.c(1315): Comp split 24
INFO: dtree.c(1439): stop. leaf nodes are specific
INFO: dtree.c(1478): Final simple tree
|( QUESTION1 -1 -7.507e+04 1.458e+02 3.268e+02
|    ( QUESTION4 -1 -3.923e+04 1.045e+02 1.725e+02
|        ( - -1.873e+04 1 0)
|        ( - -2.040e+04 1 0))
|    ( QUESTION0 -1 -3.569e+04 1.258e+02 1.544e+02
|        ( QUESTION2_0_L -1 -1.774e+04 1.342e+02 7.718e+01
|            ( - -1.729e+04 1 0)
|            ( - -3.195e+02 1 0))
|        ( - -1.783e+04 2 0)))
s>    ( QUESTION1 -1 -7.507e+04 1.458e+02 3.268e+02
s>        ( QUESTION4 -1 -3.923e+04 1.045e+02 1.725e+02
s>            ( - -1.873e+04 1 0)
s>            ( - -2.040e+04 1 0))
s>        ( QUESTION0 -1 -3.569e+04 1.258e+02 1.544e+02
s>            ( QUESTION2_0_L -1 -1.774e+04 1.342e+02 7.718e+01
s>                ( - -1.729e+04 1 0)
s>                ( - -3.195e+02 1 0))
s>            ( - -1.783e+04 2 0)))INFO: dtree.c(1315): Comp split 25
INFO: dtree.c(1439): stop. leaf nodes are specific
INFO: dtree.c(1478): Final simple tree
|( QUESTION2_14_L -1 -2.214e+04 1.415e+02 9.550e+01
|    ( - -5.392e+02 1 0)
|    ( QUESTION10 -1 -2.146e+04 1.263e+02 9.250e+01
|        ( - -5.678e+02 2 0)
|        ( WDBNDRY_B 0 -2.076e+04 6.390e+01 8.950e+01
|            ( - -6.552e+02 1 0)
|            ( - -2.004e+04 1 0))))
s>    ( QUESTION2_14_L -1 -2.214e+04 1.415e+02 9.550e+01
s>        ( - -5.392e+02 1 0)
s>        ( QUESTION10 -1 -2.146e+04 1.263e+02 9.250e+01
s>            ( - -5.678e+02 2 0)
s>            ( WDBNDRY_B 0 -2.076e+04 6.390e+01 8.950e+01
s>                ( - -6.552e+02 1 0)
s>                ( - -2.004e+04 1 0))))INFO: dtree.c(1315): Comp split 26
INFO: dtree.c(1315): Comp split 27
INFO: dtree.c(1439): stop. leaf nodes are specific
INFO: dtree.c(1478): Final simple tree
|( QUESTION0 -1 -3.569e+04 1.258e+02 1.544e+02
|    ( QUESTION2_0_L -1 -1.774e+04 1.342e+02 7.718e+01
|        ( - -1.729e+04 1 0)
|        ( - -3.195e+02 1 0))
|    ( - -1.783e+04 2 0))
s>    ( QUESTION0 -1 -3.569e+04 1.258e+02 1.544e+02
s>        ( QUESTION2_0_L -1 -1.774e+04 1.342e+02 7.718e+01
s>            ( - -1.729e+04 1 0)
s>            ( - -3.195e+02 1 0))
s>        ( - -1.783e+04 2 0))INFO: dtree.c(1439): stop. leaf nodes are specific
INFO: dtree.c(1478): Final simple tree
|( QUESTION4 -1 -3.923e+04 1.045e+02 1.725e+02
|    ( - -1.873e+04 1 0)
|    ( - -2.040e+04 1 0))
s>    ( QUESTION4 -1 -3.923e+04 1.045e+02 1.725e+02
s>        ( - -1.873e+04 1 0)
s>        ( - -2.040e+04 1 0))INFO: dtree.c(1315): Comp split 28
INFO: dtree.c(1439): stop. leaf nodes are specific
INFO: dtree.c(1478): Final simple tree
|( QUESTION16 -1 -1.699e+04 9.798e+01 7.597e+01
|    ( - -1.270e+03 1 0)
|    ( WDBNDRY_B 0 -1.562e+04 8.898e+01 6.997e+01
|        ( - -6.295e+02 1 0)
|        ( - -1.491e+04 1 0)))
s>    ( QUESTION16 -1 -1.699e+04 9.798e+01 7.597e+01
s>        ( - -1.270e+03 1 0)
s>        ( WDBNDRY_B 0 -1.562e+04 8.898e+01 6.997e+01
s>            ( - -6.295e+02 1 0)
s>            ( - -1.491e+04 1 0)))INFO: dtree.c(1315): Comp split 29
INFO: dtree.c(1439): stop. leaf nodes are specific
INFO: dtree.c(1478): Final simple tree
|( QUESTION10 -1 -2.146e+04 1.263e+02 9.250e+01
|    ( - -5.678e+02 2 0)
|    ( WDBNDRY_B 0 -2.076e+04 6.390e+01 8.950e+01
|        ( - -6.552e+02 1 0)
|        ( - -2.004e+04 1 0)))
s>    ( QUESTION10 -1 -2.146e+04 1.263e+02 9.250e+01
s>        ( - -5.678e+02 2 0)
s>        ( WDBNDRY_B 0 -2.076e+04 6.390e+01 8.950e+01
s>            ( - -6.552e+02 1 0)
s>            ( - -2.004e+04 1 0)))INFO: dtree.c(1315): Comp split 30
INFO: dtree.c(1439): stop. leaf nodes are specific
INFO: dtree.c(1478): Final simple tree
|( QUESTION0 -1 -3.523e+04 1.215e+02 1.524e+02
|    ( - -1.729e+04 1 0)
|    ( - -1.783e+04 2 0))
s>    ( QUESTION0 -1 -3.523e+04 1.215e+02 1.524e+02
s>        ( - -1.729e+04 1 0)
s>        ( - -1.783e+04 2 0))INFO: dtree.c(1315): Comp split 31
INFO: dtree.c(1315): Comp split 32
INFO: dtree.c(1439): stop. leaf nodes are specific
INFO: dtree.c(1478): Final simple tree
|( WDBNDRY_B 0 -2.076e+04 6.390e+01 8.950e+01
|    ( - -6.552e+02 1 0)
|    ( - -2.004e+04 1 0))
s>    ( WDBNDRY_B 0 -2.076e+04 6.390e+01 8.950e+01
s>        ( - -6.552e+02 1 0)
s>        ( - -2.004e+04 1 0))INFO: dtree.c(1315): Comp split 33
INFO: dtree.c(1315): Comp split 34
INFO: dtree.c(1315): Comp split 35
INFO: dtree.c(1315): Comp split 36
INFO: dtree.c(1439): stop. leaf nodes are specific
INFO: dtree.c(1478): Final simple tree
|( WDBNDRY_B 0 -2.902e+04 9.701e+01 1.287e+02
|    ( - -5.599e+02 1 0)
|    ( - -2.836e+04 1 0))
s>    ( WDBNDRY_B 0 -2.902e+04 9.701e+01 1.287e+02
s>        ( - -5.599e+02 1 0)
s>        ( - -2.836e+04 1 0))INFO: dtree.c(1315): Comp split 37
INFO: dtree.c(1315): Comp split 38
INFO: dtree.c(1439): stop. leaf nodes are specific
INFO: dtree.c(1478): Final simple tree
|( WDBNDRY_B 0 -1.562e+04 8.898e+01 6.997e+01
|    ( - -6.295e+02 1 0)
|    ( - -1.491e+04 1 0))
s>    ( WDBNDRY_B 0 -1.562e+04 8.898e+01 6.997e+01
s>        ( - -6.295e+02 1 0)
s>        ( - -1.491e+04 1 0))INFO: dtree.c(1315): Comp split 39
INFO: dtree.c(1315): Comp split 40
INFO: dtree.c(1315): Comp split 41
INFO: dtree.c(1315): Comp split 42
INFO: dtree.c(1315): Comp split 43
INFO: dtree.c(1315): Comp split 44
INFO: dtree.c(1318): stop. leaf nodes are specific
Sun Mar 19 21:50:58 2017
