Current configuration:
[NAME]		[DEFLT]	[VALUE]
-allphones	no	no
-cntthresh	0.00001	1.000000e-05
-csplitmax	100	2000
-csplitmin	1	1
-csplitthr	8e-4	0.000000e+00
-example	no	no
-fullvar	no	no
-help		no	no
-meanfn			/home/ilya/Рабочий стол/lab_sphinx/ru_base/model_parameters/ru_base.cd_cont_untied/means
-mixwfn			/home/ilya/Рабочий стол/lab_sphinx/ru_base/model_parameters/ru_base.cd_cont_untied/mixture_weights
-moddeffn		/home/ilya/Рабочий стол/lab_sphinx/ru_base/model_architecture/ru_base.untied.mdef
-mwfloor	1e-4	1.000000e-08
-phone			p
-psetfn			/home/ilya/Рабочий стол/lab_sphinx/ru_base/model_architecture/ru_base.tree_questions
-ssplitmax	5	7
-ssplitmin	1	1
-ssplitthr	8e-4	0.000000e+00
-state			0
-stwt			1.0,0.05,0.0,
-treefn			/home/ilya/Рабочий стол/lab_sphinx/ru_base/trees/ru_base.unpruned/p-0.dtree
-ts2cbfn	.semi.	.cont.
-varfloor	0.00001	1.000000e-05
-varfn			/home/ilya/Рабочий стол/lab_sphinx/ru_base/model_parameters/ru_base.cd_cont_untied/variances

INFO: main.c(223): Reading: /home/ilya/Рабочий стол/lab_sphinx/ru_base/model_architecture/ru_base.untied.mdef
INFO: model_def_io.c(573): Model definition info:
INFO: model_def_io.c(574): 9415 total models defined (43 base, 9372 tri)
INFO: model_def_io.c(575): 37660 total states
INFO: model_def_io.c(576): 28245 total tied states
INFO: model_def_io.c(577): 129 total tied CI states
INFO: model_def_io.c(578): 43 total tied transition matrices
INFO: model_def_io.c(579): 4 max state/model
INFO: model_def_io.c(580): 4 min state/model
INFO: main.c(242): Building trees for [p SIL a0 b] through [p zh rj b]
INFO: main.c(269): Covering states |[17952 18455]| == 504
INFO: main.c(275): Reading: /home/ilya/Рабочий стол/lab_sphinx/ru_base/model_parameters/ru_base.cd_cont_untied/mixture_weights
INFO: s3mixw_io.c(173): Read /home/ilya/Рабочий стол/lab_sphinx/ru_base/model_parameters/ru_base.cd_cont_untied/mixture_weights [504x1x1 array]
INFO: main.c(311): 168 of 168 models have observation count greater than 0.000010
INFO: main.c(95): nrm stwt: 0.952 0.048 0.000 
INFO: s3gau_io.c(169): Read /home/ilya/Рабочий стол/lab_sphinx/ru_base/model_parameters/ru_base.cd_cont_untied/means [28245x1x1 array]
INFO: s3gau_io.c(169): Read /home/ilya/Рабочий стол/lab_sphinx/ru_base/model_parameters/ru_base.cd_cont_untied/variances [28245x1x1 array]
INFO: main.c(549): Reading: /home/ilya/Рабочий стол/lab_sphinx/ru_base/model_architecture/ru_base.tree_questions
INFO: main.c(588): 180 total simple questions (172 phone; 8 word bndry)
INFO: main.c(590): 42 Left Only questions, and 42 Right Only questions
INFO: dtree.c(1478): Final simple tree
|( WDBNDRY_I 0 -8.229e+06 1.230e+04 4.060e+04
|    ( QUESTION16 -1 -1.566e+06 3.918e+03 7.507e+03
|        ( - -7.621e+05 17 0 QUESTION12 1 2.437e+03 3.665e+03)
|        ( QUESTION10 -1 -8.001e+05 3.692e+03 3.842e+03
|            ( - -9.362e+04 5 0 QUESTION16 1 4.534e+02 4.267e+02)
|            ( - -7.028e+05 33 0 QUESTION0 -1 1.495e+03 3.416e+03)))
|    ( SILENCE -1 -6.651e+06 8.614e+03 3.309e+04
|        ( - -2.264e+05 5 0 QUESTION16 1 1.257e+03 1.066e+03)
|        ( QUESTION14 -1 -6.416e+06 4.575e+03 3.202e+04
|            ( - -1.213e+06 33 0 QUESTION0 1 2.443e+03 5.934e+03)
|            ( QUESTION1 -1 -5.199e+06 3.811e+03 2.609e+04
|                ( QUESTION2_4_L -1 -1.010e+06 4.924e+03 5.128e+03
|                    ( - -2.471e+05 9 0 QUESTION2_6_L -1 8.766e+02 1.214e+03)
|                    ( - -7.578e+05 8 0 QUESTION6 -1 1.437e+03 3.914e+03))
|                ( - -4.185e+06 58 0 QUESTION16 -1 2.774e+03 2.096e+04)))))
s>    ( WDBNDRY_I 0 -8.229e+06 1.230e+04 4.060e+04
s>        ( QUESTION16 -1 -1.566e+06 3.918e+03 7.507e+03
s>            ( - -7.621e+05 17 0 QUESTION12 1 2.437e+03 3.665e+03)
s>            ( QUESTION10 -1 -8.001e+05 3.692e+03 3.842e+03
s>                ( - -9.362e+04 5 0 QUESTION16 1 4.534e+02 4.267e+02)
s>                ( - -7.028e+05 33 0 QUESTION0 -1 1.495e+03 3.416e+03)))
s>        ( SILENCE -1 -6.651e+06 8.614e+03 3.309e+04
s>            ( - -2.264e+05 5 0 QUESTION16 1 1.257e+03 1.066e+03)
s>            ( QUESTION14 -1 -6.416e+06 4.575e+03 3.202e+04
s>                ( - -1.213e+06 33 0 QUESTION0 1 2.443e+03 5.934e+03)
s>                ( QUESTION1 -1 -5.199e+06 3.811e+03 2.609e+04
s>                    ( QUESTION2_4_L -1 -1.010e+06 4.924e+03 5.128e+03
s>                        ( - -2.471e+05 9 0 QUESTION2_6_L -1 8.766e+02 1.214e+03)
s>                        ( - -7.578e+05 8 0 QUESTION6 -1 1.437e+03 3.914e+03))
s>                    ( - -4.185e+06 58 0 QUESTION16 -1 2.774e+03 2.096e+04)))))INFO: dtree.c(1315): Comp split 0
INFO: dtree.c(1478): Final simple tree
|( QUESTION1 -1 -4.948e+06 4.962e+03 2.487e+04
|    ( QUESTION6 -1 -7.578e+05 1.437e+03 3.914e+03
|        ( - -3.372e+05 4 0 QUESTION0_14_R 1 8.277e+02 1.761e+03)
|        ( - -4.192e+05 4 0 QUESTION2 -1 1.199e+03 2.153e+03))
|    ( QUESTION16 -1 -4.185e+06 2.774e+03 2.096e+04
|        ( - -1.462e+06 14 0 QUESTION0 1 8.529e+02 7.340e+03)
|        ( QUESTION17 1 -2.720e+06 2.746e+03 1.362e+04
|            ( - -1.482e+05 8 0 QUESTION0_14_R 1 4.557e+02 7.149e+02)
|            ( QUESTION20 -1 -2.569e+06 1.529e+03 1.291e+04
|                ( - -9.221e+05 7 0 QUESTION15 1 1.141e+03 4.612e+03)
|                ( QUESTION0 -1 -1.646e+06 1.226e+03 8.294e+03
|                    ( - -5.174e+05 21 0 QUESTION2_12_L -1 8.347e+02 2.567e+03)
|                    ( QUESTION0 1 -1.127e+06 1.272e+03 5.727e+03
|                        ( - -8.347e+04 2 0 QUESTION18 -1 4.041e+02 4.144e+02)
|                        ( - -1.042e+06 6 0 QUESTION18 -1 1.232e+03 5.313e+03)))))))
s>    ( QUESTION1 -1 -4.948e+06 4.962e+03 2.487e+04
s>        ( QUESTION6 -1 -7.578e+05 1.437e+03 3.914e+03
s>            ( - -3.372e+05 4 0 QUESTION0_14_R 1 8.277e+02 1.761e+03)
s>            ( - -4.192e+05 4 0 QUESTION2 -1 1.199e+03 2.153e+03))
s>        ( QUESTION16 -1 -4.185e+06 2.774e+03 2.096e+04
s>            ( - -1.462e+06 14 0 QUESTION0 1 8.529e+02 7.340e+03)
s>            ( QUESTION17 1 -2.720e+06 2.746e+03 1.362e+04
s>                ( - -1.482e+05 8 0 QUESTION0_14_R 1 4.557e+02 7.149e+02)
s>                ( QUESTION20 -1 -2.569e+06 1.529e+03 1.291e+04
s>                    ( - -9.221e+05 7 0 QUESTION15 1 1.141e+03 4.612e+03)
s>                    ( QUESTION0 -1 -1.646e+06 1.226e+03 8.294e+03
s>                        ( - -5.174e+05 21 0 QUESTION2_12_L -1 8.347e+02 2.567e+03)
s>                        ( QUESTION0 1 -1.127e+06 1.272e+03 5.727e+03
s>                            ( - -8.347e+04 2 0 QUESTION18 -1 4.041e+02 4.144e+02)
s>                            ( - -1.042e+06 6 0 QUESTION18 -1 1.232e+03 5.313e+03)))))))INFO: dtree.c(1478): Final simple tree
|( QUESTION16 -1 -3.261e+06 6.015e+03 1.572e+04
|    ( QUESTION12 1 -7.621e+05 2.437e+03 3.665e+03
|        ( - -1.915e+05 2 0)
|        ( - -5.682e+05 15 0 QUESTION15 1 8.505e+02 2.714e+03))
|    ( QUESTION13 -1 -2.493e+06 4.979e+03 1.206e+04
|        ( QUESTION11 1 -1.621e+06 2.392e+03 7.921e+03
|            ( - -1.483e+05 10 0 WDBNDRY_B 0 5.238e+02 6.947e+02)
|            ( QUESTION2_19_L -1 -1.471e+06 1.602e+03 7.227e+03
|                ( - -2.378e+05 8 0 WDBNDRY_B 0 9.575e+02 1.196e+03)
|                ( - -1.231e+06 42 0 QUESTION14 1 8.785e+02 6.031e+03)))
|        ( QUESTION1 -1 -8.668e+05 4.090e+03 4.135e+03
|            ( - -5.412e+05 15 0 QUESTION2_6_L -1 1.102e+03 2.642e+03)
|            ( WDBNDRY_B 0 -3.215e+05 1.518e+03 1.492e+03
|                ( - -2.264e+05 5 0 QUESTION16 1 1.257e+03 1.066e+03)
|                ( - -9.362e+04 5 0 QUESTION16 1 4.534e+02 4.267e+02)))))
s>    ( QUESTION16 -1 -3.261e+06 6.015e+03 1.572e+04
s>        ( QUESTION12 1 -7.621e+05 2.437e+03 3.665e+03
s>            ( - -1.915e+05 2 0)
s>            ( - -5.682e+05 15 0 QUESTION15 1 8.505e+02 2.714e+03))
s>        ( QUESTION13 -1 -2.493e+06 4.979e+03 1.206e+04
s>            ( QUESTION11 1 -1.621e+06 2.392e+03 7.921e+03
s>                ( - -1.483e+05 10 0 WDBNDRY_B 0 5.238e+02 6.947e+02)
s>                ( QUESTION2_19_L -1 -1.471e+06 1.602e+03 7.227e+03
s>                    ( - -2.378e+05 8 0 WDBNDRY_B 0 9.575e+02 1.196e+03)
s>                    ( - -1.231e+06 42 0 QUESTION14 1 8.785e+02 6.031e+03)))
s>            ( QUESTION1 -1 -8.668e+05 4.090e+03 4.135e+03
s>                ( - -5.412e+05 15 0 QUESTION2_6_L -1 1.102e+03 2.642e+03)
s>                ( WDBNDRY_B 0 -3.215e+05 1.518e+03 1.492e+03
s>                    ( - -2.264e+05 5 0 QUESTION16 1 1.257e+03 1.066e+03)
s>                    ( - -9.362e+04 5 0 QUESTION16 1 4.534e+02 4.267e+02)))))INFO: dtree.c(1315): Comp split 1
INFO: dtree.c(1478): Final simple tree
|( QUESTION15 -1 -1.045e+06 5.276e+03 4.901e+03
|    ( QUESTION15 1 -5.921e+05 9.159e+02 2.827e+03
|        ( - -2.950e+05 6 0 QUESTION0_14_R 1 3.736e+02 1.403e+03)
|        ( QUESTION0_1_R 1 -2.962e+05 6.225e+02 1.424e+03
|            ( - -4.505e+04 2 0 QUESTION16 -1 2.071e+02 2.259e+02)
|            ( - -2.505e+05 9 0 QUESTION0_14_R 1 5.713e+02 1.198e+03)))
|    ( SILENCE -1 -4.472e+05 1.493e+03 2.074e+03
|        ( QUESTION16 1 -2.264e+05 1.257e+03 1.066e+03
|            ( - -1.658e+05 2 0)
|            ( - -5.934e+04 3 0 QUESTION0_14_R 1 3.762e+02 2.740e+02))
|        ( QUESTION15 1 -2.193e+05 1.169e+03 1.008e+03
|            ( - -8.650e+04 3 0 QUESTION16 1 3.647e+02 3.934e+02)
|            ( WDBNDRY_B 0 -1.316e+05 7.269e+02 6.148e+02
|                ( - -1.006e+05 6 0 QUESTION2_14_L -1 4.909e+02 4.689e+02)
|                ( - -3.031e+04 4 0 QUESTION0 -1 2.626e+02 1.458e+02)))))
s>    ( QUESTION15 -1 -1.045e+06 5.276e+03 4.901e+03
s>        ( QUESTION15 1 -5.921e+05 9.159e+02 2.827e+03
s>            ( - -2.950e+05 6 0 QUESTION0_14_R 1 3.736e+02 1.403e+03)
s>            ( QUESTION0_1_R 1 -2.962e+05 6.225e+02 1.424e+03
s>                ( - -4.505e+04 2 0 QUESTION16 -1 2.071e+02 2.259e+02)
s>                ( - -2.505e+05 9 0 QUESTION0_14_R 1 5.713e+02 1.198e+03)))
s>        ( SILENCE -1 -4.472e+05 1.493e+03 2.074e+03
s>            ( QUESTION16 1 -2.264e+05 1.257e+03 1.066e+03
s>                ( - -1.658e+05 2 0)
s>                ( - -5.934e+04 3 0 QUESTION0_14_R 1 3.762e+02 2.740e+02))
s>            ( QUESTION15 1 -2.193e+05 1.169e+03 1.008e+03
s>                ( - -8.650e+04 3 0 QUESTION16 1 3.647e+02 3.934e+02)
s>                ( WDBNDRY_B 0 -1.316e+05 7.269e+02 6.148e+02
s>                    ( - -1.006e+05 6 0 QUESTION2_14_L -1 4.909e+02 4.689e+02)
s>                    ( - -3.031e+04 4 0 QUESTION0 -1 2.626e+02 1.458e+02)))))INFO: dtree.c(1478): Final simple tree
|( QUESTION0 -1 -2.208e+06 2.856e+03 1.082e+04
|    ( QUESTION2_6_L -1 -5.412e+05 1.102e+03 2.642e+03
|        ( - -5.159e+04 2 0 QUESTION0 1 3.566e+02 2.608e+02)
|        ( - -4.885e+05 13 0 QUESTION4 -1 6.003e+02 2.381e+03))
|    ( QUESTION16 -1 -1.664e+06 2.252e+03 8.178e+03
|        ( - -1.915e+05 2 0)
|        ( QUESTION2_19_L -1 -1.471e+06 1.602e+03 7.227e+03
|            ( WDBNDRY_B 0 -2.378e+05 9.575e+02 1.196e+03
|                ( - -1.610e+05 4 0 QUESTION16 1 3.309e+02 8.170e+02)
|                ( - -7.588e+04 4 0 QUESTION18 -1 3.874e+02 3.787e+02))
|            ( QUESTION14 1 -1.231e+06 8.785e+02 6.031e+03
|                ( - -1.745e+05 8 0 QUESTION14 -1 5.266e+02 8.495e+02)
|                ( WDBNDRY_I 0 -1.056e+06 7.652e+02 5.181e+03
|                    ( - -2.439e+05 15 0 QUESTION10 1 8.066e+02 1.192e+03)
|                    ( - -8.112e+05 19 0 QUESTION0_14_R 1 5.998e+02 3.990e+03))))))
s>    ( QUESTION0 -1 -2.208e+06 2.856e+03 1.082e+04
s>        ( QUESTION2_6_L -1 -5.412e+05 1.102e+03 2.642e+03
s>            ( - -5.159e+04 2 0 QUESTION0 1 3.566e+02 2.608e+02)
s>            ( - -4.885e+05 13 0 QUESTION4 -1 6.003e+02 2.381e+03))
s>        ( QUESTION16 -1 -1.664e+06 2.252e+03 8.178e+03
s>            ( - -1.915e+05 2 0)
s>            ( QUESTION2_19_L -1 -1.471e+06 1.602e+03 7.227e+03
s>                ( WDBNDRY_B 0 -2.378e+05 9.575e+02 1.196e+03
s>                    ( - -1.610e+05 4 0 QUESTION16 1 3.309e+02 8.170e+02)
s>                    ( - -7.588e+04 4 0 QUESTION18 -1 3.874e+02 3.787e+02))
s>                ( QUESTION14 1 -1.231e+06 8.785e+02 6.031e+03
s>                    ( - -1.745e+05 8 0 QUESTION14 -1 5.266e+02 8.495e+02)
s>                    ( WDBNDRY_I 0 -1.056e+06 7.652e+02 5.181e+03
s>                        ( - -2.439e+05 15 0 QUESTION10 1 8.066e+02 1.192e+03)
s>                        ( - -8.112e+05 19 0 QUESTION0_14_R 1 5.998e+02 3.990e+03))))))INFO: dtree.c(1315): Comp split 2
INFO: dtree.c(1478): Final simple tree
|( QUESTION2_20_L -1 -3.268e+06 4.269e+03 1.657e+04
|    ( QUESTION16 -1 -2.309e+06 1.374e+03 1.163e+04
|        ( - -1.462e+06 14 0 QUESTION0 1 8.529e+02 7.340e+03)
|        ( QUESTION14 1 -8.454e+05 9.935e+02 4.293e+03
|            ( WDBNDRY_B 0 -1.704e+05 1.057e+03 8.785e+02
|                ( - -1.405e+05 2 0)
|                ( - -2.883e+04 1 0))
|            ( - -6.740e+05 2 0 WDBNDRY_B 0 1.286e+02 3.415e+03)))
|    ( QUESTION2_3_L -1 -9.547e+05 1.545e+03 4.934e+03
|        ( QUESTION2 -1 -4.192e+05 1.199e+03 2.153e+03
|            ( - -2.507e+05 2 0 QUESTION0_14_R 1 5.949e+02 1.300e+03)
|            ( - -1.672e+05 2 0 QUESTION0_14_R 1 2.575e+02 8.532e+02))
|        ( QUESTION0 -1 -5.340e+05 9.125e+02 2.780e+03
|            ( - -3.372e+05 4 0 QUESTION0_14_R 1 8.277e+02 1.761e+03)
|            ( - -1.958e+05 1 0))))
s>    ( QUESTION2_20_L -1 -3.268e+06 4.269e+03 1.657e+04
s>        ( QUESTION16 -1 -2.309e+06 1.374e+03 1.163e+04
s>            ( - -1.462e+06 14 0 QUESTION0 1 8.529e+02 7.340e+03)
s>            ( QUESTION14 1 -8.454e+05 9.935e+02 4.293e+03
s>                ( WDBNDRY_B 0 -1.704e+05 1.057e+03 8.785e+02
s>                    ( - -1.405e+05 2 0)
s>                    ( - -2.883e+04 1 0))
s>                ( - -6.740e+05 2 0 WDBNDRY_B 0 1.286e+02 3.415e+03)))
s>        ( QUESTION2_3_L -1 -9.547e+05 1.545e+03 4.934e+03
s>            ( QUESTION2 -1 -4.192e+05 1.199e+03 2.153e+03
s>                ( - -2.507e+05 2 0 QUESTION0_14_R 1 5.949e+02 1.300e+03)
s>                ( - -1.672e+05 2 0 QUESTION0_14_R 1 2.575e+02 8.532e+02))
s>            ( QUESTION0 -1 -5.340e+05 9.125e+02 2.780e+03
s>                ( - -3.372e+05 4 0 QUESTION0_14_R 1 8.277e+02 1.761e+03)
s>                ( - -1.958e+05 1 0))))INFO: dtree.c(1478): Final simple tree
|( QUESTION17 1 -1.675e+06 1.879e+03 8.308e+03
|    ( - -1.482e+05 8 0 QUESTION0_14_R 1 4.557e+02 7.149e+02)
|    ( QUESTION19 -1 -1.525e+06 1.409e+03 7.593e+03
|        ( QUESTION15 1 -9.778e+05 1.197e+03 4.891e+03
|            ( - -6.012e+05 2 0)
|            ( QUESTION0_0_R 1 -3.755e+05 1.097e+03 1.868e+03
|                ( WDBNDRY_B 0 -1.129e+05 6.460e+02 5.794e+02
|                    ( - -7.957e+04 1 0)
|                    ( - -3.264e+04 1 0))
|                ( - -2.615e+05 4 0 QUESTION0 1 5.019e+02 1.289e+03)))
|        ( QUESTION2_12_L -1 -5.456e+05 9.599e+02 2.702e+03
|            ( QUESTION11 1 -3.548e+05 8.472e+02 1.772e+03
|                ( - -1.859e+05 3 0 QUESTION11 -1 1.508e+02 9.428e+02)
|                ( - -1.680e+05 9 0 QUESTION14 1 5.778e+02 8.292e+02))
|            ( - -1.899e+05 10 0 QUESTION2_17_L -1 6.453e+02 9.301e+02))))
s>    ( QUESTION17 1 -1.675e+06 1.879e+03 8.308e+03
s>        ( - -1.482e+05 8 0 QUESTION0_14_R 1 4.557e+02 7.149e+02)
s>        ( QUESTION19 -1 -1.525e+06 1.409e+03 7.593e+03
s>            ( QUESTION15 1 -9.778e+05 1.197e+03 4.891e+03
s>                ( - -6.012e+05 2 0)
s>                ( QUESTION0_0_R 1 -3.755e+05 1.097e+03 1.868e+03
s>                    ( WDBNDRY_B 0 -1.129e+05 6.460e+02 5.794e+02
s>                        ( - -7.957e+04 1 0)
s>                        ( - -3.264e+04 1 0))
s>                    ( - -2.615e+05 4 0 QUESTION0 1 5.019e+02 1.289e+03)))
s>            ( QUESTION2_12_L -1 -5.456e+05 9.599e+02 2.702e+03
s>                ( QUESTION11 1 -3.548e+05 8.472e+02 1.772e+03
s>                    ( - -1.859e+05 3 0 QUESTION11 -1 1.508e+02 9.428e+02)
s>                    ( - -1.680e+05 9 0 QUESTION14 1 5.778e+02 8.292e+02))
s>                ( - -1.899e+05 10 0 QUESTION2_17_L -1 6.453e+02 9.301e+02))))INFO: dtree.c(1315): Comp split 3
INFO: dtree.c(1478): Final simple tree
|( QUESTION16 -1 -6.939e+05 1.399e+03 3.296e+03
|    ( QUESTION15 1 -5.682e+05 8.505e+02 2.714e+03
|        ( - -2.950e+05 6 0 QUESTION0_14_R 1 3.736e+02 1.403e+03)
|        ( QUESTION0_1_R 1 -2.724e+05 6.206e+02 1.311e+03
|            ( - -4.372e+04 1 0)
|            ( QUESTION0_14_R 1 -2.280e+05 5.138e+02 1.091e+03
|                ( QUESTION0 1 -1.725e+05 4.885e+02 8.288e+02
|                    ( - -5.779e+04 2 0)
|                    ( - -1.142e+05 3 0))
|                ( - -5.499e+04 3 0 QUESTION0_0_R 1 2.668e+02 2.619e+02))))
|    ( QUESTION2_14_L -1 -1.243e+05 4.711e+02 5.822e+02
|        ( - -2.783e+04 2 0 QUESTION2_17_L -1 1.064e+02 1.345e+02)
|        ( WDBNDRY_B 0 -9.598e+04 4.080e+02 4.477e+02
|            ( - -7.224e+04 4 0)
|            ( - -2.333e+04 2 0 QUESTION0_0_R 1 1.875e+02 1.132e+02))))
s>    ( QUESTION16 -1 -6.939e+05 1.399e+03 3.296e+03
s>        ( QUESTION15 1 -5.682e+05 8.505e+02 2.714e+03
s>            ( - -2.950e+05 6 0 QUESTION0_14_R 1 3.736e+02 1.403e+03)
s>            ( QUESTION0_1_R 1 -2.724e+05 6.206e+02 1.311e+03
s>                ( - -4.372e+04 1 0)
s>                ( QUESTION0_14_R 1 -2.280e+05 5.138e+02 1.091e+03
s>                    ( QUESTION0 1 -1.725e+05 4.885e+02 8.288e+02
s>                        ( - -5.779e+04 2 0)
s>                        ( - -1.142e+05 3 0))
s>                    ( - -5.499e+04 3 0 QUESTION0_0_R 1 2.668e+02 2.619e+02))))
s>        ( QUESTION2_14_L -1 -1.243e+05 4.711e+02 5.822e+02
s>            ( - -2.783e+04 2 0 QUESTION2_17_L -1 1.064e+02 1.345e+02)
s>            ( WDBNDRY_B 0 -9.598e+04 4.080e+02 4.477e+02
s>                ( - -7.224e+04 4 0)
s>                ( - -2.333e+04 2 0 QUESTION0_0_R 1 1.875e+02 1.132e+02))))INFO: dtree.c(1478): Final simple tree
|( QUESTION0 -1 -3.453e+05 1.578e+03 1.605e+03
|    ( QUESTION16 1 -9.362e+04 4.534e+02 4.267e+02
|        ( - -7.037e+04 2 0)
|        ( QUESTION15 1 -2.280e+04 3.270e+02 1.081e+02
|            ( - -1.576e+04 1 0)
|            ( - -6.707e+03 2 0 QUESTION0 1 1.419e+02 3.334e+01)))
|    ( QUESTION16 1 -2.501e+05 1.265e+03 1.178e+03
|        ( - -1.658e+05 2 0)
|        ( QUESTION0_14_R 1 -8.306e+04 5.353e+02 3.865e+02
|            ( WDBNDRY_B 0 -4.664e+04 2.215e+02 2.217e+02
|                ( - -2.308e+04 2 0 QUESTION0 1 1.347e+02 1.092e+02)
|                ( QUESTION2_14_L -1 -2.334e+04 2.091e+02 1.125e+02
|                    ( - -2.011e+03 1 0)
|                    ( - -2.112e+04 1 0)))
|            ( - -3.589e+04 1 0))))
s>    ( QUESTION0 -1 -3.453e+05 1.578e+03 1.605e+03
s>        ( QUESTION16 1 -9.362e+04 4.534e+02 4.267e+02
s>            ( - -7.037e+04 2 0)
s>            ( QUESTION15 1 -2.280e+04 3.270e+02 1.081e+02
s>                ( - -1.576e+04 1 0)
s>                ( - -6.707e+03 2 0 QUESTION0 1 1.419e+02 3.334e+01)))
s>        ( QUESTION16 1 -2.501e+05 1.265e+03 1.178e+03
s>            ( - -1.658e+05 2 0)
s>            ( QUESTION0_14_R 1 -8.306e+04 5.353e+02 3.865e+02
s>                ( WDBNDRY_B 0 -4.664e+04 2.215e+02 2.217e+02
s>                    ( - -2.308e+04 2 0 QUESTION0 1 1.347e+02 1.092e+02)
s>                    ( QUESTION2_14_L -1 -2.334e+04 2.091e+02 1.125e+02
s>                        ( - -2.011e+03 1 0)
s>                        ( - -2.112e+04 1 0)))
s>                ( - -3.589e+04 1 0))))INFO: dtree.c(1315): Comp split 4
INFO: dtree.c(1478): Final simple tree
|( QUESTION2_3_L -1 -1.096e+06 1.710e+03 5.664e+03
|    ( QUESTION2 -1 -4.192e+05 1.199e+03 2.153e+03
|        ( QUESTION0_14_R 1 -2.507e+05 5.949e+02 1.300e+03
|            ( - -1.173e+05 1 0)
|            ( - -1.328e+05 1 0))
|        ( QUESTION0_14_R 1 -1.672e+05 2.575e+02 8.532e+02
|            ( - -1.667e+05 1 0)
|            ( - -2.765e+02 1 0)))
|    ( QUESTION18 -1 -6.748e+05 9.485e+02 3.510e+03
|        ( - -1.958e+05 1 0)
|        ( QUESTION0_14_R 1 -4.780e+05 8.066e+02 2.491e+03
|            ( QUESTION15 1 -4.741e+05 3.909e+02 2.475e+03
|                ( - -2.198e+05 1 0)
|                ( - -2.538e+05 3 0 QUESTION0 -1 2.451e+02 1.321e+03))
|            ( - -3.165e+03 2 0 QUESTION0_18_R 1 1.228e+02 1.600e+01))))
s>    ( QUESTION2_3_L -1 -1.096e+06 1.710e+03 5.664e+03
s>        ( QUESTION2 -1 -4.192e+05 1.199e+03 2.153e+03
s>            ( QUESTION0_14_R 1 -2.507e+05 5.949e+02 1.300e+03
s>                ( - -1.173e+05 1 0)
s>                ( - -1.328e+05 1 0))
s>            ( QUESTION0_14_R 1 -1.672e+05 2.575e+02 8.532e+02
s>                ( - -1.667e+05 1 0)
s>                ( - -2.765e+02 1 0)))
s>        ( QUESTION18 -1 -6.748e+05 9.485e+02 3.510e+03
s>            ( - -1.958e+05 1 0)
s>            ( QUESTION0_14_R 1 -4.780e+05 8.066e+02 2.491e+03
s>                ( QUESTION15 1 -4.741e+05 3.909e+02 2.475e+03
s>                    ( - -2.198e+05 1 0)
s>                    ( - -2.538e+05 3 0 QUESTION0 -1 2.451e+02 1.321e+03))
s>                ( - -3.165e+03 2 0 QUESTION0_18_R 1 1.228e+02 1.600e+01))))INFO: dtree.c(1478): Final simple tree
|( QUESTION16 -1 -2.167e+06 1.463e+03 1.090e+04
|    ( QUESTION0 1 -1.462e+06 8.529e+02 7.340e+03
|        ( QUESTION0_0_R 1 -6.770e+04 2.424e+02 3.321e+02
|            ( - -4.570e+03 1 0)
|            ( - -6.288e+04 2 0))
|        ( QUESTION14 1 -1.394e+06 7.928e+02 7.007e+03
|            ( QUESTION0_14_R 1 -2.118e+05 4.622e+02 1.071e+03
|                ( - -2.073e+05 3 0)
|                ( - -4.123e+03 2 0))
|            ( QUESTION0_14_R 1 -1.181e+06 6.350e+02 5.937e+03
|                ( - -8.790e+05 4 0)
|                ( - -3.013e+05 2 0))))
|    ( WDBNDRY_E 0 -7.035e+05 6.369e+02 3.563e+03
|        ( - -2.883e+04 1 0)
|        ( - -6.740e+05 2 0 WDBNDRY_B 0 1.286e+02 3.415e+03)))
s>    ( QUESTION16 -1 -2.167e+06 1.463e+03 1.090e+04
s>        ( QUESTION0 1 -1.462e+06 8.529e+02 7.340e+03
s>            ( QUESTION0_0_R 1 -6.770e+04 2.424e+02 3.321e+02
s>                ( - -4.570e+03 1 0)
s>                ( - -6.288e+04 2 0))
s>            ( QUESTION14 1 -1.394e+06 7.928e+02 7.007e+03
s>                ( QUESTION0_14_R 1 -2.118e+05 4.622e+02 1.071e+03
s>                    ( - -2.073e+05 3 0)
s>                    ( - -4.123e+03 2 0))
s>                ( QUESTION0_14_R 1 -1.181e+06 6.350e+02 5.937e+03
s>                    ( - -8.790e+05 4 0)
s>                    ( - -3.013e+05 2 0))))
s>        ( WDBNDRY_E 0 -7.035e+05 6.369e+02 3.563e+03
s>            ( - -2.883e+04 1 0)
s>            ( - -6.740e+05 2 0 WDBNDRY_B 0 1.286e+02 3.415e+03)))INFO: dtree.c(1315): Comp split 5
INFO: dtree.c(1478): Final simple tree
|( QUESTION0 -1 -1.071e+06 1.115e+03 5.374e+03
|    ( QUESTION11 1 -3.548e+05 8.472e+02 1.772e+03
|        ( - -1.859e+05 3 0 QUESTION11 -1 1.508e+02 9.428e+02)
|        ( QUESTION14 1 -1.680e+05 5.778e+02 8.292e+02
|            ( - -6.527e+04 2 0)
|            ( QUESTION11 -1 -1.021e+05 5.312e+02 5.034e+02
|                ( QUESTION0_0_R 1 -4.881e+04 2.293e+02 2.442e+02
|                    ( - -2.457e+03 1 0)
|                    ( - -4.612e+04 2 0))
|                ( - -5.278e+04 4 0))))
|    ( WDBNDRY_B 0 -7.146e+05 6.474e+02 3.602e+03
|        ( QUESTION0_0_R 1 -6.814e+05 6.248e+02 3.435e+03
|            ( - -7.957e+04 1 0)
|            ( - -6.012e+05 2 0))
|        ( - -3.264e+04 1 0)))
s>    ( QUESTION0 -1 -1.071e+06 1.115e+03 5.374e+03
s>        ( QUESTION11 1 -3.548e+05 8.472e+02 1.772e+03
s>            ( - -1.859e+05 3 0 QUESTION11 -1 1.508e+02 9.428e+02)
s>            ( QUESTION14 1 -1.680e+05 5.778e+02 8.292e+02
s>                ( - -6.527e+04 2 0)
s>                ( QUESTION11 -1 -1.021e+05 5.312e+02 5.034e+02
s>                    ( QUESTION0_0_R 1 -4.881e+04 2.293e+02 2.442e+02
s>                        ( - -2.457e+03 1 0)
s>                        ( - -4.612e+04 2 0))
s>                    ( - -5.278e+04 4 0))))
s>        ( WDBNDRY_B 0 -7.146e+05 6.474e+02 3.602e+03
s>            ( QUESTION0_0_R 1 -6.814e+05 6.248e+02 3.435e+03
s>                ( - -7.957e+04 1 0)
s>                ( - -6.012e+05 2 0))
s>            ( - -3.264e+04 1 0)))INFO: dtree.c(1478): Final simple tree
|( QUESTION0 -1 -6.011e+05 1.007e+03 2.934e+03
|    ( QUESTION2_14_L -1 -1.700e+05 4.663e+02 8.339e+02
|        ( QUESTION16 1 -1.121e+05 4.242e+02 5.555e+02
|            ( - -9.830e+04 2 0)
|            ( - -1.339e+04 3 0 QUESTION14 1 1.604e+02 6.502e+01))
|        ( - -5.740e+04 8 0 QUESTION11 -1 3.260e+02 2.784e+02))
|    ( QUESTION15 1 -4.301e+05 5.712e+02 2.100e+03
|        ( QUESTION0_14_R 1 -1.401e+05 4.563e+02 6.759e+02
|            ( - 1.940e+02 1 0)
|            ( - -1.398e+05 3 0 QUESTION20 -1 4.237e+02 6.749e+02))
|        ( QUESTION0 1 -2.895e+05 4.306e+02 1.424e+03
|            ( QUESTION18 -1 -1.971e+05 4.849e+02 9.679e+02
|                ( - -2.756e+04 1 0)
|                ( - -1.691e+05 2 0 QUESTION20 -1 3.281e+02 8.327e+02))
|            ( - -9.192e+04 2 0))))
s>    ( QUESTION0 -1 -6.011e+05 1.007e+03 2.934e+03
s>        ( QUESTION2_14_L -1 -1.700e+05 4.663e+02 8.339e+02
s>            ( QUESTION16 1 -1.121e+05 4.242e+02 5.555e+02
s>                ( - -9.830e+04 2 0)
s>                ( - -1.339e+04 3 0 QUESTION14 1 1.604e+02 6.502e+01))
s>            ( - -5.740e+04 8 0 QUESTION11 -1 3.260e+02 2.784e+02))
s>        ( QUESTION15 1 -4.301e+05 5.712e+02 2.100e+03
s>            ( QUESTION0_14_R 1 -1.401e+05 4.563e+02 6.759e+02
s>                ( - 1.940e+02 1 0)
s>                ( - -1.398e+05 3 0 QUESTION20 -1 4.237e+02 6.749e+02))
s>            ( QUESTION0 1 -2.895e+05 4.306e+02 1.424e+03
s>                ( QUESTION18 -1 -1.971e+05 4.849e+02 9.679e+02
s>                    ( - -2.756e+04 1 0)
s>                    ( - -1.691e+05 2 0 QUESTION20 -1 3.281e+02 8.327e+02))
s>                ( - -9.192e+04 2 0))))INFO: dtree.c(1315): Comp split 6
INFO: dtree.c(1478): Final simple tree
|( QUESTION4 -1 -4.885e+05 6.003e+02 2.381e+03
|    ( QUESTION0_14_R 1 -1.813e+05 5.633e+02 8.908e+02
|        ( QUESTION14 1 -1.695e+05 4.458e+02 8.328e+02
|            ( - -5.003e+04 1 0)
|            ( - -1.190e+05 3 0 QUESTION0 1 1.513e+02 5.806e+02))
|        ( - -1.124e+04 1 0))
|    ( QUESTION16 1 -3.066e+05 3.893e+02 1.490e+03
|        ( WDBNDRY_B 0 -1.902e+05 2.491e+02 9.230e+02
|            ( - -3.418e+03 1 0)
|            ( - -1.865e+05 2 0))
|        ( WDBNDRY_B 0 -1.160e+05 4.010e+02 5.674e+02
|            ( - -9.046e+03 1 0)
|            ( QUESTION15 1 -1.066e+05 4.593e+02 5.214e+02
|                ( - -3.855e+04 2 0 QUESTION0_14_R 1 1.202e+02 1.918e+02)
|                ( - -6.754e+04 2 0 QUESTION0 1 1.421e+02 3.296e+02)))))
s>    ( QUESTION4 -1 -4.885e+05 6.003e+02 2.381e+03
s>        ( QUESTION0_14_R 1 -1.813e+05 5.633e+02 8.908e+02
s>            ( QUESTION14 1 -1.695e+05 4.458e+02 8.328e+02
s>                ( - -5.003e+04 1 0)
s>                ( - -1.190e+05 3 0 QUESTION0 1 1.513e+02 5.806e+02))
s>            ( - -1.124e+04 1 0))
s>        ( QUESTION16 1 -3.066e+05 3.893e+02 1.490e+03
s>            ( WDBNDRY_B 0 -1.902e+05 2.491e+02 9.230e+02
s>                ( - -3.418e+03 1 0)
s>                ( - -1.865e+05 2 0))
s>            ( WDBNDRY_B 0 -1.160e+05 4.010e+02 5.674e+02
s>                ( - -9.046e+03 1 0)
s>                ( QUESTION15 1 -1.066e+05 4.593e+02 5.214e+02
s>                    ( - -3.855e+04 2 0 QUESTION0_14_R 1 1.202e+02 1.918e+02)
s>                    ( - -6.754e+04 2 0 QUESTION0 1 1.421e+02 3.296e+02)))))INFO: dtree.c(1478): Final simple tree
|( QUESTION16 -1 -1.717e+06 2.212e+03 8.438e+03
|    ( - -1.915e+05 2 0)
|    ( QUESTION2_19_L -1 -1.523e+06 1.570e+03 7.487e+03
|        ( WDBNDRY_B 0 -2.378e+05 9.575e+02 1.196e+03
|            ( - -1.610e+05 4 0 QUESTION16 1 3.309e+02 8.170e+02)
|            ( - -7.588e+04 4 0 QUESTION18 -1 3.874e+02 3.787e+02))
|        ( QUESTION0 -1 -1.284e+06 1.174e+03 6.292e+03
|            ( - -5.159e+04 2 0 QUESTION0 1 3.566e+02 2.608e+02)
|            ( QUESTION14 1 -1.231e+06 8.785e+02 6.031e+03
|                ( - -1.745e+05 8 0 QUESTION14 -1 5.266e+02 8.495e+02)
|                ( WDBNDRY_I 0 -1.056e+06 7.652e+02 5.181e+03
|                    ( QUESTION10 1 -2.439e+05 8.066e+02 1.192e+03
|                        ( - -6.069e+04 5 0 QUESTION14 -1 8.321e+02 3.137e+02)
|                        ( - -1.824e+05 10 0 QUESTION2_14_L -1 3.165e+02 8.780e+02))
|                    ( - -8.112e+05 19 0 QUESTION0_14_R 1 5.998e+02 3.990e+03))))))
s>    ( QUESTION16 -1 -1.717e+06 2.212e+03 8.438e+03
s>        ( - -1.915e+05 2 0)
s>        ( QUESTION2_19_L -1 -1.523e+06 1.570e+03 7.487e+03
s>            ( WDBNDRY_B 0 -2.378e+05 9.575e+02 1.196e+03
s>                ( - -1.610e+05 4 0 QUESTION16 1 3.309e+02 8.170e+02)
s>                ( - -7.588e+04 4 0 QUESTION18 -1 3.874e+02 3.787e+02))
s>            ( QUESTION0 -1 -1.284e+06 1.174e+03 6.292e+03
s>                ( - -5.159e+04 2 0 QUESTION0 1 3.566e+02 2.608e+02)
s>                ( QUESTION14 1 -1.231e+06 8.785e+02 6.031e+03
s>                    ( - -1.745e+05 8 0 QUESTION14 -1 5.266e+02 8.495e+02)
s>                    ( WDBNDRY_I 0 -1.056e+06 7.652e+02 5.181e+03
s>                        ( QUESTION10 1 -2.439e+05 8.066e+02 1.192e+03
s>                            ( - -6.069e+04 5 0 QUESTION14 -1 8.321e+02 3.137e+02)
s>                            ( - -1.824e+05 10 0 QUESTION2_14_L -1 3.165e+02 8.780e+02))
s>                        ( - -8.112e+05 19 0 QUESTION0_14_R 1 5.998e+02 3.990e+03))))))INFO: dtree.c(1315): Comp split 7
INFO: dtree.c(1478): Final simple tree
|( QUESTION2_19_L -1 -1.471e+06 1.602e+03 7.227e+03
|    ( WDBNDRY_B 0 -2.378e+05 9.575e+02 1.196e+03
|        ( - -1.610e+05 4 0 QUESTION16 1 3.309e+02 8.170e+02)
|        ( - -7.588e+04 4 0 QUESTION18 -1 3.874e+02 3.787e+02))
|    ( QUESTION14 1 -1.231e+06 8.785e+02 6.031e+03
|        ( - -1.745e+05 8 0 QUESTION14 -1 5.266e+02 8.495e+02)
|        ( WDBNDRY_I 0 -1.056e+06 7.652e+02 5.181e+03
|            ( QUESTION10 1 -2.439e+05 8.066e+02 1.192e+03
|                ( QUESTION14 -1 -6.069e+04 8.321e+02 3.137e+02
|                    ( - -5.430e+04 2 0)
|                    ( - -5.560e+03 3 0))
|                ( - -1.824e+05 10 0 QUESTION2_14_L -1 3.165e+02 8.780e+02))
|            ( QUESTION0_14_R 1 -8.112e+05 5.998e+02 3.990e+03
|                ( - -6.797e+05 12 0 QUESTION2_16_L -1 7.143e+02 3.350e+03)
|                ( - -1.309e+05 7 0 QUESTION2_16_L -1 4.551e+02 6.395e+02)))))
s>    ( QUESTION2_19_L -1 -1.471e+06 1.602e+03 7.227e+03
s>        ( WDBNDRY_B 0 -2.378e+05 9.575e+02 1.196e+03
s>            ( - -1.610e+05 4 0 QUESTION16 1 3.309e+02 8.170e+02)
s>            ( - -7.588e+04 4 0 QUESTION18 -1 3.874e+02 3.787e+02))
s>        ( QUESTION14 1 -1.231e+06 8.785e+02 6.031e+03
s>            ( - -1.745e+05 8 0 QUESTION14 -1 5.266e+02 8.495e+02)
s>            ( WDBNDRY_I 0 -1.056e+06 7.652e+02 5.181e+03
s>                ( QUESTION10 1 -2.439e+05 8.066e+02 1.192e+03
s>                    ( QUESTION14 -1 -6.069e+04 8.321e+02 3.137e+02
s>                        ( - -5.430e+04 2 0)
s>                        ( - -5.560e+03 3 0))
s>                    ( - -1.824e+05 10 0 QUESTION2_14_L -1 3.165e+02 8.780e+02))
s>                ( QUESTION0_14_R 1 -8.112e+05 5.998e+02 3.990e+03
s>                    ( - -6.797e+05 12 0 QUESTION2_16_L -1 7.143e+02 3.350e+03)
s>                    ( - -1.309e+05 7 0 QUESTION2_16_L -1 4.551e+02 6.395e+02)))))INFO: dtree.c(1439): stop. leaf nodes are specific
INFO: dtree.c(1478): Final simple tree
|( QUESTION0 1 -2.442e+05 1.161e+03 1.212e+03
|    ( WDBNDRY_B 0 -1.927e+05 2.916e+02 9.560e+02
|        ( - -9.501e+02 1 0)
|        ( - -1.915e+05 2 0))
|    ( - -5.028e+04 1 0))
s>    ( QUESTION0 1 -2.442e+05 1.161e+03 1.212e+03
s>        ( WDBNDRY_B 0 -1.927e+05 2.916e+02 9.560e+02
s>            ( - -9.501e+02 1 0)
s>            ( - -1.915e+05 2 0))
s>        ( - -5.028e+04 1 0))INFO: dtree.c(1315): Comp split 8
INFO: dtree.c(1439): stop. leaf nodes are specific
INFO: dtree.c(1478): Final simple tree
|( WDBNDRY_B 0 -2.159e+05 5.848e+02 1.104e+03
|    ( QUESTION16 1 -1.610e+05 3.309e+02 8.170e+02
|        ( - -1.584e+05 2 0)
|        ( QUESTION0_14_R 1 -2.228e+03 1.709e+02 1.100e+01
|            ( - -6.524e+02 1 0)
|            ( - -1.405e+03 1 0)))
|    ( - -5.430e+04 2 0))
s>    ( WDBNDRY_B 0 -2.159e+05 5.848e+02 1.104e+03
s>        ( QUESTION16 1 -1.610e+05 3.309e+02 8.170e+02
s>            ( - -1.584e+05 2 0)
s>            ( QUESTION0_14_R 1 -2.228e+03 1.709e+02 1.100e+01
s>                ( - -6.524e+02 1 0)
s>                ( - -1.405e+03 1 0)))
s>        ( - -5.430e+04 2 0))INFO: dtree.c(1478): Final simple tree
|( WDBNDRY_I 0 -1.253e+06 1.233e+03 6.123e+03
|    ( QUESTION18 -1 -3.044e+05 9.085e+02 1.475e+03
|        ( - -6.937e+04 2 0 QUESTION0_14_R 1 1.719e+02 3.477e+02)
|        ( - -2.341e+05 19 0 QUESTION0_19_R 1 3.717e+02 1.127e+03))
|    ( QUESTION14 1 -9.470e+05 8.858e+02 4.648e+03
|        ( - -1.350e+05 4 0 WDBNDRY_B 0 3.751e+02 6.584e+02)
|        ( QUESTION0_14_R 1 -8.112e+05 5.998e+02 3.990e+03
|            ( QUESTION2_16_L -1 -6.797e+05 7.143e+02 3.350e+03
|                ( - -1.065e+05 3 0 QUESTION16 1 3.159e+02 5.288e+02)
|                ( - -5.725e+05 9 0 QUESTION2_20_L -1 3.319e+02 2.821e+03))
|            ( QUESTION2_16_L -1 -1.309e+05 4.551e+02 6.395e+02
|                ( - -2.525e+04 1 0)
|                ( QUESTION2_14_L -1 -1.052e+05 4.497e+02 5.113e+02
|                    ( - 1.920e+02 1 0)
|                    ( - -1.049e+05 5 0 WDBNDRY_B 0 3.362e+02 5.103e+02))))))
s>    ( WDBNDRY_I 0 -1.253e+06 1.233e+03 6.123e+03
s>        ( QUESTION18 -1 -3.044e+05 9.085e+02 1.475e+03
s>            ( - -6.937e+04 2 0 QUESTION0_14_R 1 1.719e+02 3.477e+02)
s>            ( - -2.341e+05 19 0 QUESTION0_19_R 1 3.717e+02 1.127e+03))
s>        ( QUESTION14 1 -9.470e+05 8.858e+02 4.648e+03
s>            ( - -1.350e+05 4 0 WDBNDRY_B 0 3.751e+02 6.584e+02)
s>            ( QUESTION0_14_R 1 -8.112e+05 5.998e+02 3.990e+03
s>                ( QUESTION2_16_L -1 -6.797e+05 7.143e+02 3.350e+03
s>                    ( - -1.065e+05 3 0 QUESTION16 1 3.159e+02 5.288e+02)
s>                    ( - -5.725e+05 9 0 QUESTION2_20_L -1 3.319e+02 2.821e+03))
s>                ( QUESTION2_16_L -1 -1.309e+05 4.551e+02 6.395e+02
s>                    ( - -2.525e+04 1 0)
s>                    ( QUESTION2_14_L -1 -1.052e+05 4.497e+02 5.113e+02
s>                        ( - 1.920e+02 1 0)
s>                        ( - -1.049e+05 5 0 WDBNDRY_B 0 3.362e+02 5.103e+02))))))INFO: dtree.c(1315): Comp split 9
INFO: dtree.c(1439): stop. leaf nodes are specific
INFO: dtree.c(1478): Final simple tree
|( QUESTION15 1 -2.178e+05 6.269e+02 1.037e+03
|    ( - -1.658e+05 2 0)
|    ( QUESTION0 -1 -5.139e+04 2.663e+02 2.450e+02
|        ( QUESTION0 1 -6.707e+03 1.419e+02 3.334e+01
|            ( - -5.681e+03 1 0)
|            ( - -8.835e+02 1 0))
|        ( WDBNDRY_B 0 -4.442e+04 2.199e+02 2.117e+02
|            ( QUESTION0 1 -2.308e+04 1.347e+02 1.092e+02
|                ( - -2.053e+04 1 0)
|                ( - -2.411e+03 1 0))
|            ( - -2.112e+04 1 0))))
s>    ( QUESTION15 1 -2.178e+05 6.269e+02 1.037e+03
s>        ( - -1.658e+05 2 0)
s>        ( QUESTION0 -1 -5.139e+04 2.663e+02 2.450e+02
s>            ( QUESTION0 1 -6.707e+03 1.419e+02 3.334e+01
s>                ( - -5.681e+03 1 0)
s>                ( - -8.835e+02 1 0))
s>            ( WDBNDRY_B 0 -4.442e+04 2.199e+02 2.117e+02
s>                ( QUESTION0 1 -2.308e+04 1.347e+02 1.092e+02
s>                    ( - -2.053e+04 1 0)
s>                    ( - -2.411e+03 1 0))
s>                ( - -2.112e+04 1 0))))INFO: dtree.c(1439): stop. leaf nodes are specific
INFO: dtree.c(1478): Final simple tree
|( QUESTION0 -1 -1.255e+05 8.903e+02 5.682e+02
|    ( QUESTION16 1 -8.650e+04 3.647e+02 3.934e+02
|        ( - -7.037e+04 2 0)
|        ( - -1.576e+04 1 0))
|    ( WDBNDRY_B 0 -3.811e+04 2.085e+02 1.749e+02
|        ( - -3.589e+04 1 0)
|        ( - -2.011e+03 1 0)))
s>    ( QUESTION0 -1 -1.255e+05 8.903e+02 5.682e+02
s>        ( QUESTION16 1 -8.650e+04 3.647e+02 3.934e+02
s>            ( - -7.037e+04 2 0)
s>            ( - -1.576e+04 1 0))
s>        ( WDBNDRY_B 0 -3.811e+04 2.085e+02 1.749e+02
s>            ( - -3.589e+04 1 0)
s>            ( - -2.011e+03 1 0)))INFO: dtree.c(1315): Comp split 10
INFO: dtree.c(1439): stop. leaf nodes are specific
INFO: dtree.c(1478): Final simple tree
|( QUESTION2 -1 -4.229e+05 1.313e+03 2.169e+03
|    ( QUESTION0_14_R 1 -2.507e+05 5.949e+02 1.300e+03
|        ( - -1.173e+05 1 0)
|        ( - -1.328e+05 1 0))
|    ( QUESTION0_14_R 1 -1.708e+05 5.134e+02 8.692e+02
|        ( - -1.667e+05 1 0)
|        ( QUESTION6 -1 -3.614e+03 1.722e+02 1.800e+01
|            ( QUESTION0_18_R 1 -3.165e+03 1.228e+02 1.600e+01
|                ( - -1.899e+03 1 0)
|                ( - -1.144e+03 1 0))
|            ( - -2.765e+02 1 0))))
s>    ( QUESTION2 -1 -4.229e+05 1.313e+03 2.169e+03
s>        ( QUESTION0_14_R 1 -2.507e+05 5.949e+02 1.300e+03
s>            ( - -1.173e+05 1 0)
s>            ( - -1.328e+05 1 0))
s>        ( QUESTION0_14_R 1 -1.708e+05 5.134e+02 8.692e+02
s>            ( - -1.667e+05 1 0)
s>            ( QUESTION6 -1 -3.614e+03 1.722e+02 1.800e+01
s>                ( QUESTION0_18_R 1 -3.165e+03 1.228e+02 1.600e+01
s>                    ( - -1.899e+03 1 0)
s>                    ( - -1.144e+03 1 0))
s>                ( - -2.765e+02 1 0))))INFO: dtree.c(1439): stop. leaf nodes are specific
INFO: dtree.c(1478): Final simple tree
|( QUESTION18 -1 -6.709e+05 9.896e+02 3.494e+03
|    ( - -1.958e+05 1 0)
|    ( QUESTION15 1 -4.741e+05 3.909e+02 2.475e+03
|        ( - -2.198e+05 1 0)
|        ( QUESTION0 -1 -2.538e+05 2.451e+02 1.321e+03
|            ( - -1.131e+05 1 0)
|            ( - -1.405e+05 2 0))))
s>    ( QUESTION18 -1 -6.709e+05 9.896e+02 3.494e+03
s>        ( - -1.958e+05 1 0)
s>        ( QUESTION15 1 -4.741e+05 3.909e+02 2.475e+03
s>            ( - -2.198e+05 1 0)
s>            ( QUESTION0 -1 -2.538e+05 2.451e+02 1.321e+03
s>                ( - -1.131e+05 1 0)
s>                ( - -1.405e+05 2 0))))INFO: dtree.c(1315): Comp split 11
INFO: dtree.c(1439): stop. leaf nodes are specific
INFO: dtree.c(1478): Final simple tree
|( QUESTION0_14_R 1 -5.981e+05 3.829e+02 2.950e+03
|    ( QUESTION2_20_L -1 -5.725e+05 3.319e+02 2.821e+03
|        ( - -5.678e+05 6 0)
|        ( QUESTION2_0_L -1 -4.316e+03 1.367e+02 2.200e+01
|            ( - -5.021e+02 1 0)
|            ( - -3.677e+03 2 0)))
|    ( - -2.525e+04 1 0))
s>    ( QUESTION0_14_R 1 -5.981e+05 3.829e+02 2.950e+03
s>        ( QUESTION2_20_L -1 -5.725e+05 3.319e+02 2.821e+03
s>            ( - -5.678e+05 6 0)
s>            ( QUESTION2_0_L -1 -4.316e+03 1.367e+02 2.200e+01
s>                ( - -5.021e+02 1 0)
s>                ( - -3.677e+03 2 0)))
s>        ( - -2.525e+04 1 0))INFO: dtree.c(1478): Final simple tree
|( QUESTION18 -1 -6.527e+05 9.141e+02 3.174e+03
|    ( - -6.937e+04 2 0 QUESTION0_14_R 1 1.719e+02 3.477e+02)
|    ( QUESTION2_17_L -1 -5.825e+05 5.798e+02 2.826e+03
|        ( QUESTION0_15_R 1 -2.896e+05 6.863e+02 1.411e+03
|            ( - -2.619e+04 2 0 QUESTION0_18_R 1 1.569e+02 1.244e+02)
|            ( - -2.627e+05 11 0 WDBNDRY_E 0 3.992e+02 1.287e+03))
|        ( QUESTION17 1 -2.923e+05 6.247e+02 1.414e+03
|            ( WDBNDRY_B 0 -1.174e+05 4.725e+02 5.714e+02
|                ( QUESTION2_14_L -1 -9.769e+04 4.496e+02 4.753e+02
|                    ( - 1.920e+02 1 0)
|                    ( - -9.743e+04 4 0))
|                ( - -1.923e+04 2 0 WDBNDRY_E 0 1.990e+02 9.605e+01))
|            ( QUESTION14 -1 -1.743e+05 5.203e+02 8.431e+02
|                ( - -8.988e+04 5 0 WDBNDRY_B 0 2.730e+02 4.346e+02)
|                ( - -8.391e+04 7 0 QUESTION0_15_R 1 4.107e+02 4.085e+02)))))
s>    ( QUESTION18 -1 -6.527e+05 9.141e+02 3.174e+03
s>        ( - -6.937e+04 2 0 QUESTION0_14_R 1 1.719e+02 3.477e+02)
s>        ( QUESTION2_17_L -1 -5.825e+05 5.798e+02 2.826e+03
s>            ( QUESTION0_15_R 1 -2.896e+05 6.863e+02 1.411e+03
s>                ( - -2.619e+04 2 0 QUESTION0_18_R 1 1.569e+02 1.244e+02)
s>                ( - -2.627e+05 11 0 WDBNDRY_E 0 3.992e+02 1.287e+03))
s>            ( QUESTION17 1 -2.923e+05 6.247e+02 1.414e+03
s>                ( WDBNDRY_B 0 -1.174e+05 4.725e+02 5.714e+02
s>                    ( QUESTION2_14_L -1 -9.769e+04 4.496e+02 4.753e+02
s>                        ( - 1.920e+02 1 0)
s>                        ( - -9.743e+04 4 0))
s>                    ( - -1.923e+04 2 0 WDBNDRY_E 0 1.990e+02 9.605e+01))
s>                ( QUESTION14 -1 -1.743e+05 5.203e+02 8.431e+02
s>                    ( - -8.988e+04 5 0 WDBNDRY_B 0 2.730e+02 4.346e+02)
s>                    ( - -8.391e+04 7 0 QUESTION0_15_R 1 4.107e+02 4.085e+02)))))INFO: dtree.c(1315): Comp split 12
INFO: dtree.c(1439): stop. leaf nodes are specific
INFO: dtree.c(1478): Final simple tree
|( WDBNDRY_B 0 -9.598e+04 4.080e+02 4.477e+02
|    ( - -7.224e+04 4 0)
|    ( QUESTION0_0_R 1 -2.333e+04 1.875e+02 1.132e+02
|        ( - -1.116e+03 1 0)
|        ( - -2.203e+04 1 0)))
s>    ( WDBNDRY_B 0 -9.598e+04 4.080e+02 4.477e+02
s>        ( - -7.224e+04 4 0)
s>        ( QUESTION0_0_R 1 -2.333e+04 1.875e+02 1.132e+02
s>            ( - -1.116e+03 1 0)
s>            ( - -2.203e+04 1 0)))INFO: dtree.c(1478): Final simple tree
|( QUESTION0_1_R 1 -5.964e+05 8.077e+02 2.848e+03
|    ( - -4.372e+04 1 0)
|    ( QUESTION14 1 -5.519e+05 8.233e+02 2.628e+03
|        ( QUESTION0_14_R 1 -1.435e+05 3.499e+02 6.941e+02
|            ( - -1.142e+05 3 0)
|            ( - -2.889e+04 1 0))
|        ( QUESTION0_0_R 1 -4.076e+05 5.039e+02 1.934e+03
|            ( - -2.582e+04 2 0)
|            ( QUESTION16 1 -3.813e+05 5.273e+02 1.811e+03
|                ( - -2.260e+05 4 0)
|                ( QUESTION0_14_R 1 -1.547e+05 2.793e+02 7.338e+02
|                    ( QUESTION2_17_L -1 -9.968e+04 2.739e+02 4.720e+02
|                        ( - -2.673e+04 1 0)
|                        ( - -7.267e+04 4 0 QUESTION0 1 2.305e+02 3.425e+02))
|                    ( - -5.475e+04 1 0))))))
s>    ( QUESTION0_1_R 1 -5.964e+05 8.077e+02 2.848e+03
s>        ( - -4.372e+04 1 0)
s>        ( QUESTION14 1 -5.519e+05 8.233e+02 2.628e+03
s>            ( QUESTION0_14_R 1 -1.435e+05 3.499e+02 6.941e+02
s>                ( - -1.142e+05 3 0)
s>                ( - -2.889e+04 1 0))
s>            ( QUESTION0_0_R 1 -4.076e+05 5.039e+02 1.934e+03
s>                ( - -2.582e+04 2 0)
s>                ( QUESTION16 1 -3.813e+05 5.273e+02 1.811e+03
s>                    ( - -2.260e+05 4 0)
s>                    ( QUESTION0_14_R 1 -1.547e+05 2.793e+02 7.338e+02
s>                        ( QUESTION2_17_L -1 -9.968e+04 2.739e+02 4.720e+02
s>                            ( - -2.673e+04 1 0)
s>                            ( - -7.267e+04 4 0 QUESTION0 1 2.305e+02 3.425e+02))
s>                        ( - -5.475e+04 1 0))))))INFO: dtree.c(1315): Comp split 13
INFO: dtree.c(1439): stop. leaf nodes are specific
INFO: dtree.c(1478): Final simple tree
|( QUESTION0 1 -1.462e+06 8.529e+02 7.340e+03
|    ( QUESTION0_0_R 1 -6.770e+04 2.424e+02 3.321e+02
|        ( - -4.570e+03 1 0)
|        ( - -6.288e+04 2 0))
|    ( QUESTION14 1 -1.394e+06 7.928e+02 7.007e+03
|        ( QUESTION0_14_R 1 -2.118e+05 4.622e+02 1.071e+03
|            ( - -2.073e+05 3 0)
|            ( - -4.123e+03 2 0))
|        ( QUESTION0_14_R 1 -1.181e+06 6.350e+02 5.937e+03
|            ( - -8.790e+05 4 0)
|            ( - -3.013e+05 2 0))))
s>    ( QUESTION0 1 -1.462e+06 8.529e+02 7.340e+03
s>        ( QUESTION0_0_R 1 -6.770e+04 2.424e+02 3.321e+02
s>            ( - -4.570e+03 1 0)
s>            ( - -6.288e+04 2 0))
s>        ( QUESTION14 1 -1.394e+06 7.928e+02 7.007e+03
s>            ( QUESTION0_14_R 1 -2.118e+05 4.622e+02 1.071e+03
s>                ( - -2.073e+05 3 0)
s>                ( - -4.123e+03 2 0))
s>            ( QUESTION0_14_R 1 -1.181e+06 6.350e+02 5.937e+03
s>                ( - -8.790e+05 4 0)
s>                ( - -3.013e+05 2 0))))INFO: dtree.c(1439): stop. leaf nodes are specific
INFO: dtree.c(1478): Final simple tree
|( WDBNDRY_E 0 -7.035e+05 6.369e+02 3.563e+03
|    ( - -2.883e+04 1 0)
|    ( WDBNDRY_B 0 -6.740e+05 1.286e+02 3.415e+03
|        ( - -6.725e+05 1 0)
|        ( - -1.428e+03 1 0)))
s>    ( WDBNDRY_E 0 -7.035e+05 6.369e+02 3.563e+03
s>        ( - -2.883e+04 1 0)
s>        ( WDBNDRY_B 0 -6.740e+05 1.286e+02 3.415e+03
s>            ( - -6.725e+05 1 0)
s>            ( - -1.428e+03 1 0)))INFO: dtree.c(1315): Comp split 14
INFO: dtree.c(1439): stop. leaf nodes are specific
INFO: dtree.c(1478): Final simple tree
|( QUESTION0_14_R 1 -1.708e+05 5.134e+02 8.692e+02
|    ( - -1.667e+05 1 0)
|    ( QUESTION6 -1 -3.614e+03 1.722e+02 1.800e+01
|        ( QUESTION0_18_R 1 -3.165e+03 1.228e+02 1.600e+01
|            ( - -1.899e+03 1 0)
|            ( - -1.144e+03 1 0))
|        ( - -2.765e+02 1 0)))
s>    ( QUESTION0_14_R 1 -1.708e+05 5.134e+02 8.692e+02
s>        ( - -1.667e+05 1 0)
s>        ( QUESTION6 -1 -3.614e+03 1.722e+02 1.800e+01
s>            ( QUESTION0_18_R 1 -3.165e+03 1.228e+02 1.600e+01
s>                ( - -1.899e+03 1 0)
s>                ( - -1.144e+03 1 0))
s>            ( - -2.765e+02 1 0)))INFO: dtree.c(1439): stop. leaf nodes are specific
INFO: dtree.c(1478): Final simple tree
|( QUESTION0_14_R 1 -2.507e+05 5.949e+02 1.300e+03
|    ( - -1.173e+05 1 0)
|    ( - -1.328e+05 1 0))
s>    ( QUESTION0_14_R 1 -2.507e+05 5.949e+02 1.300e+03
s>        ( - -1.173e+05 1 0)
s>        ( - -1.328e+05 1 0))INFO: dtree.c(1315): Comp split 15
INFO: dtree.c(1439): stop. leaf nodes are specific
INFO: dtree.c(1478): Final simple tree
|( QUESTION14 1 -1.680e+05 5.778e+02 8.292e+02
|    ( - -6.527e+04 2 0)
|    ( QUESTION11 -1 -1.021e+05 5.312e+02 5.034e+02
|        ( QUESTION0_0_R 1 -4.881e+04 2.293e+02 2.442e+02
|            ( - -2.457e+03 1 0)
|            ( - -4.612e+04 2 0))
|        ( - -5.278e+04 4 0)))
s>    ( QUESTION14 1 -1.680e+05 5.778e+02 8.292e+02
s>        ( - -6.527e+04 2 0)
s>        ( QUESTION11 -1 -1.021e+05 5.312e+02 5.034e+02
s>            ( QUESTION0_0_R 1 -4.881e+04 2.293e+02 2.442e+02
s>                ( - -2.457e+03 1 0)
s>                ( - -4.612e+04 2 0))
s>            ( - -5.278e+04 4 0)))INFO: dtree.c(1439): stop. leaf nodes are specific
INFO: dtree.c(1478): Final simple tree
|( QUESTION12 -1 -9.013e+05 7.589e+02 4.545e+03
|    ( - -1.849e+05 2 0)
|    ( WDBNDRY_B 0 -7.156e+05 6.473e+02 3.607e+03
|        ( QUESTION0 1 -6.824e+05 6.309e+02 3.440e+03
|            ( QUESTION0_0_R 1 -8.057e+04 1.422e+02 4.170e+02
|                ( - -7.957e+04 1 0)
|                ( - -8.526e+02 1 0))
|            ( - -6.012e+05 2 0))
|        ( - -3.264e+04 1 0)))
s>    ( QUESTION12 -1 -9.013e+05 7.589e+02 4.545e+03
s>        ( - -1.849e+05 2 0)
s>        ( WDBNDRY_B 0 -7.156e+05 6.473e+02 3.607e+03
s>            ( QUESTION0 1 -6.824e+05 6.309e+02 3.440e+03
s>                ( QUESTION0_0_R 1 -8.057e+04 1.422e+02 4.170e+02
s>                    ( - -7.957e+04 1 0)
s>                    ( - -8.526e+02 1 0))
s>                ( - -6.012e+05 2 0))
s>            ( - -3.264e+04 1 0)))INFO: dtree.c(1315): Comp split 16
INFO: dtree.c(1478): Final simple tree
|( QUESTION16 1 -4.368e+05 4.868e+02 2.072e+03
|    ( - -2.260e+05 4 0)
|    ( QUESTION0_0_R 1 -2.103e+05 5.064e+02 9.956e+02
|        ( - -2.582e+04 2 0)
|        ( QUESTION0_19_R 1 -1.839e+05 3.355e+02 8.722e+02
|            ( - -2.889e+04 1 0)
|            ( QUESTION0_14_R 1 -1.547e+05 2.793e+02 7.338e+02
|                ( QUESTION2_17_L -1 -9.968e+04 2.739e+02 4.720e+02
|                    ( - -2.673e+04 1 0)
|                    ( QUESTION0 1 -7.267e+04 2.305e+02 3.425e+02
|                        ( WDBNDRY_B 0 -5.889e+04 1.062e+02 2.781e+02
|                            ( - -9.911e+02 1 0)
|                            ( - -5.779e+04 2 0))
|                        ( - -1.355e+04 1 0)))
|                ( - -5.475e+04 1 0)))))
s>    ( QUESTION16 1 -4.368e+05 4.868e+02 2.072e+03
s>        ( - -2.260e+05 4 0)
s>        ( QUESTION0_0_R 1 -2.103e+05 5.064e+02 9.956e+02
s>            ( - -2.582e+04 2 0)
s>            ( QUESTION0_19_R 1 -1.839e+05 3.355e+02 8.722e+02
s>                ( - -2.889e+04 1 0)
s>                ( QUESTION0_14_R 1 -1.547e+05 2.793e+02 7.338e+02
s>                    ( QUESTION2_17_L -1 -9.968e+04 2.739e+02 4.720e+02
s>                        ( - -2.673e+04 1 0)
s>                        ( QUESTION0 1 -7.267e+04 2.305e+02 3.425e+02
s>                            ( WDBNDRY_B 0 -5.889e+04 1.062e+02 2.781e+02
s>                                ( - -9.911e+02 1 0)
s>                                ( - -5.779e+04 2 0))
s>                            ( - -1.355e+04 1 0)))
s>                    ( - -5.475e+04 1 0)))))INFO: dtree.c(1439): stop. leaf nodes are specific
INFO: dtree.c(1478): Final simple tree
|( QUESTION0_0_R 1 -1.584e+05 4.781e+02 7.756e+02
|    ( - -4.372e+04 1 0)
|    ( - -1.142e+05 3 0))
s>    ( QUESTION0_0_R 1 -1.584e+05 4.781e+02 7.756e+02
s>        ( - -4.372e+04 1 0)
s>        ( - -1.142e+05 3 0))INFO: dtree.c(1315): Comp split 17
INFO: dtree.c(1439): stop. leaf nodes are specific
INFO: dtree.c(1478): Final simple tree
|( WDBNDRY_B 0 -1.927e+05 2.916e+02 9.560e+02
|    ( - -9.501e+02 1 0)
|    ( - -1.915e+05 2 0))
s>    ( WDBNDRY_B 0 -1.927e+05 2.916e+02 9.560e+02
s>        ( - -9.501e+02 1 0)
s>        ( - -1.915e+05 2 0))INFO: dtree.c(1315): Comp split 18
INFO: dtree.c(1478): Final simple tree
|( WDBNDRY_B 0 -2.991e+05 6.312e+02 1.443e+03
|    ( QUESTION0_14_R 1 -1.677e+05 5.027e+02 8.139e+02
|        ( - -6.954e+04 2 0)
|        ( QUESTION2_14_L -1 -9.769e+04 4.496e+02 4.753e+02
|            ( - 1.920e+02 1 0)
|            ( - -9.743e+04 4 0)))
|    ( QUESTION20 -1 -1.307e+05 3.848e+02 6.290e+02
|        ( - -6.125e+03 2 0 QUESTION0_0_R 1 1.653e+02 3.097e+01)
|        ( QUESTION0_15_R 1 -1.242e+05 3.208e+02 5.980e+02
|            ( QUESTION14 -1 -5.818e+04 3.683e+02 2.821e+02
|                ( - -2.686e+04 3 0 QUESTION2_14_L -1 1.923e+02 1.274e+02)
|                ( - -3.095e+04 1 0))
|            ( QUESTION14 -1 -6.574e+04 2.442e+02 3.159e+02
|                ( - -1.940e+04 2 0)
|                ( - -4.610e+04 4 0 QUESTION0_0_R 1 1.919e+02 2.228e+02)))))
s>    ( WDBNDRY_B 0 -2.991e+05 6.312e+02 1.443e+03
s>        ( QUESTION0_14_R 1 -1.677e+05 5.027e+02 8.139e+02
s>            ( - -6.954e+04 2 0)
s>            ( QUESTION2_14_L -1 -9.769e+04 4.496e+02 4.753e+02
s>                ( - 1.920e+02 1 0)
s>                ( - -9.743e+04 4 0)))
s>        ( QUESTION20 -1 -1.307e+05 3.848e+02 6.290e+02
s>            ( - -6.125e+03 2 0 QUESTION0_0_R 1 1.653e+02 3.097e+01)
s>            ( QUESTION0_15_R 1 -1.242e+05 3.208e+02 5.980e+02
s>                ( QUESTION14 -1 -5.818e+04 3.683e+02 2.821e+02
s>                    ( - -2.686e+04 3 0 QUESTION2_14_L -1 1.923e+02 1.274e+02)
s>                    ( - -3.095e+04 1 0))
s>                ( QUESTION14 -1 -6.574e+04 2.442e+02 3.159e+02
s>                    ( - -1.940e+04 2 0)
s>                    ( - -4.610e+04 4 0 QUESTION0_0_R 1 1.919e+02 2.228e+02)))))INFO: dtree.c(1478): Final simple tree
|( QUESTION18 -1 -3.525e+05 7.605e+02 1.731e+03
|    ( - -6.937e+04 2 0 QUESTION0_14_R 1 1.719e+02 3.477e+02)
|    ( QUESTION0_15_R 1 -2.824e+05 4.422e+02 1.383e+03
|        ( - -1.923e+04 2 0 WDBNDRY_E 0 1.990e+02 9.605e+01)
|        ( WDBNDRY_E 0 -2.627e+05 3.992e+02 1.287e+03
|            ( - -3.734e+04 1 0)
|            ( QUESTION15 1 -2.249e+05 4.398e+02 1.102e+03
|                ( WDBNDRY_B 0 -1.935e+05 3.133e+02 9.510e+02
|                    ( QUESTION16 1 -1.065e+05 3.159e+02 5.288e+02
|                        ( - -6.407e+04 2 0)
|                        ( - -4.216e+04 1 0))
|                    ( - -8.669e+04 2 0))
|                ( WDBNDRY_B 0 -3.095e+04 2.179e+02 1.509e+02
|                    ( - -2.737e+04 1 0)
|                    ( - -3.365e+03 4 0 QUESTION0_8_R 1 2.408e+02 1.600e+01))))))
s>    ( QUESTION18 -1 -3.525e+05 7.605e+02 1.731e+03
s>        ( - -6.937e+04 2 0 QUESTION0_14_R 1 1.719e+02 3.477e+02)
s>        ( QUESTION0_15_R 1 -2.824e+05 4.422e+02 1.383e+03
s>            ( - -1.923e+04 2 0 WDBNDRY_E 0 1.990e+02 9.605e+01)
s>            ( WDBNDRY_E 0 -2.627e+05 3.992e+02 1.287e+03
s>                ( - -3.734e+04 1 0)
s>                ( QUESTION15 1 -2.249e+05 4.398e+02 1.102e+03
s>                    ( WDBNDRY_B 0 -1.935e+05 3.133e+02 9.510e+02
s>                        ( QUESTION16 1 -1.065e+05 3.159e+02 5.288e+02
s>                            ( - -6.407e+04 2 0)
s>                            ( - -4.216e+04 1 0))
s>                        ( - -8.669e+04 2 0))
s>                    ( WDBNDRY_B 0 -3.095e+04 2.179e+02 1.509e+02
s>                        ( - -2.737e+04 1 0)
s>                        ( - -3.365e+03 4 0 QUESTION0_8_R 1 2.408e+02 1.600e+01))))))INFO: dtree.c(1315): Comp split 19
INFO: dtree.c(1439): stop. leaf nodes are specific
INFO: dtree.c(1478): Final simple tree
|( QUESTION14 1 -1.389e+06 8.220e+02 6.987e+03
|    ( - -2.073e+05 3 0)
|    ( QUESTION0_14_R 1 -1.181e+06 6.350e+02 5.937e+03
|        ( - -8.790e+05 4 0)
|        ( - -3.013e+05 2 0)))
s>    ( QUESTION14 1 -1.389e+06 8.220e+02 6.987e+03
s>        ( - -2.073e+05 3 0)
s>        ( QUESTION0_14_R 1 -1.181e+06 6.350e+02 5.937e+03
s>            ( - -8.790e+05 4 0)
s>            ( - -3.013e+05 2 0)))INFO: dtree.c(1439): stop. leaf nodes are specific
INFO: dtree.c(1478): Final simple tree
|( QUESTION0_14_R 1 -7.209e+04 3.517e+02 3.521e+02
|    ( - -6.288e+04 2 0)
|    ( QUESTION0_0_R 1 -8.852e+03 1.590e+02 4.266e+01
|        ( - -4.570e+03 1 0)
|        ( - -4.123e+03 2 0)))
s>    ( QUESTION0_14_R 1 -7.209e+04 3.517e+02 3.521e+02
s>        ( - -6.288e+04 2 0)
s>        ( QUESTION0_0_R 1 -8.852e+03 1.590e+02 4.266e+01
s>            ( - -4.570e+03 1 0)
s>            ( - -4.123e+03 2 0)))INFO: dtree.c(1315): Comp split 20
INFO: dtree.c(1478): Final simple tree
|( QUESTION0 -1 -5.018e+05 6.915e+02 2.444e+03
|    ( - -7.098e+04 11 0 QUESTION2_20_L -1 3.046e+02 3.434e+02)
|    ( QUESTION15 1 -4.301e+05 5.712e+02 2.100e+03
|        ( QUESTION0_14_R 1 -1.401e+05 4.563e+02 6.759e+02
|            ( - 1.940e+02 1 0)
|            ( QUESTION20 -1 -1.398e+05 4.237e+02 6.749e+02
|                ( - -2.741e+04 1 0)
|                ( - -1.120e+05 2 0 QUESTION18 -1 2.096e+02 5.433e+02)))
|        ( QUESTION0 1 -2.895e+05 4.306e+02 1.424e+03
|            ( QUESTION18 -1 -1.971e+05 4.849e+02 9.679e+02
|                ( - -2.756e+04 1 0)
|                ( QUESTION20 -1 -1.691e+05 3.281e+02 8.327e+02
|                    ( - -1.133e+05 1 0)
|                    ( - -5.550e+04 1 0)))
|            ( - -9.192e+04 2 0))))
s>    ( QUESTION0 -1 -5.018e+05 6.915e+02 2.444e+03
s>        ( - -7.098e+04 11 0 QUESTION2_20_L -1 3.046e+02 3.434e+02)
s>        ( QUESTION15 1 -4.301e+05 5.712e+02 2.100e+03
s>            ( QUESTION0_14_R 1 -1.401e+05 4.563e+02 6.759e+02
s>                ( - 1.940e+02 1 0)
s>                ( QUESTION20 -1 -1.398e+05 4.237e+02 6.749e+02
s>                    ( - -2.741e+04 1 0)
s>                    ( - -1.120e+05 2 0 QUESTION18 -1 2.096e+02 5.433e+02)))
s>            ( QUESTION0 1 -2.895e+05 4.306e+02 1.424e+03
s>                ( QUESTION18 -1 -1.971e+05 4.849e+02 9.679e+02
s>                    ( - -2.756e+04 1 0)
s>                    ( QUESTION20 -1 -1.691e+05 3.281e+02 8.327e+02
s>                        ( - -1.133e+05 1 0)
s>                        ( - -5.550e+04 1 0)))
s>                ( - -9.192e+04 2 0))))INFO: dtree.c(1315): Comp split 21
INFO: dtree.c(1439): stop. leaf nodes are specific
INFO: dtree.c(1478): Final simple tree
|( QUESTION15 1 -4.741e+05 3.909e+02 2.475e+03
|    ( - -2.198e+05 1 0)
|    ( QUESTION0 -1 -2.538e+05 2.451e+02 1.321e+03
|        ( - -1.131e+05 1 0)
|        ( - -1.405e+05 2 0)))
s>    ( QUESTION15 1 -4.741e+05 3.909e+02 2.475e+03
s>        ( - -2.198e+05 1 0)
s>        ( QUESTION0 -1 -2.538e+05 2.451e+02 1.321e+03
s>            ( - -1.131e+05 1 0)
s>            ( - -1.405e+05 2 0)))INFO: dtree.c(1315): Comp split 22
INFO: dtree.c(1439): stop. leaf nodes are specific
INFO: dtree.c(1478): Final simple tree
|( WDBNDRY_B 0 -3.811e+04 2.085e+02 1.749e+02
|    ( - -3.589e+04 1 0)
|    ( - -2.011e+03 1 0))
s>    ( WDBNDRY_B 0 -3.811e+04 2.085e+02 1.749e+02
s>        ( - -3.589e+04 1 0)
s>        ( - -2.011e+03 1 0))INFO: dtree.c(1439): stop. leaf nodes are specific
INFO: dtree.c(1478): Final simple tree
|( QUESTION16 1 -8.650e+04 3.647e+02 3.934e+02
|    ( - -7.037e+04 2 0)
|    ( - -1.576e+04 1 0))
s>    ( QUESTION16 1 -8.650e+04 3.647e+02 3.934e+02
s>        ( - -7.037e+04 2 0)
s>        ( - -1.576e+04 1 0))INFO: dtree.c(1315): Comp split 23
INFO: dtree.c(1439): stop. leaf nodes are specific
INFO: dtree.c(1478): Final simple tree
|( QUESTION0_14_R 1 -1.181e+06 6.350e+02 5.937e+03
|    ( - -8.790e+05 4 0)
|    ( - -3.013e+05 2 0))
s>    ( QUESTION0_14_R 1 -1.181e+06 6.350e+02 5.937e+03
s>        ( - -8.790e+05 4 0)
s>        ( - -3.013e+05 2 0))INFO: dtree.c(1315): Comp split 24
INFO: dtree.c(1478): Final simple tree
|( QUESTION0_14_R 1 -9.875e+04 3.725e+02 4.750e+02
|    ( QUESTION2_20_L -1 -6.282e+04 3.131e+02 3.044e+02
|        ( - -2.325e+04 2 0)
|        ( QUESTION11 -1 -3.925e+04 1.818e+02 1.914e+02
|            ( QUESTION0 1 -1.026e+04 1.557e+02 5.003e+01
|                ( - -8.864e+03 1 0)
|                ( - -1.239e+03 1 0))
|            ( QUESTION0 1 -2.881e+04 1.871e+02 1.414e+02
|                ( - -1.006e+04 1 0)
|                ( - -1.857e+04 2 0))))
|    ( QUESTION11 -1 -3.556e+04 2.574e+02 1.706e+02
|        ( - -6.052e+03 3 0 QUESTION2_0_L -1 1.310e+02 2.999e+01)
|        ( QUESTION0 -1 -2.925e+04 2.045e+02 1.406e+02
|            ( - -1.643e+03 1 0)
|            ( - -2.741e+04 1 0))))
s>    ( QUESTION0_14_R 1 -9.875e+04 3.725e+02 4.750e+02
s>        ( QUESTION2_20_L -1 -6.282e+04 3.131e+02 3.044e+02
s>            ( - -2.325e+04 2 0)
s>            ( QUESTION11 -1 -3.925e+04 1.818e+02 1.914e+02
s>                ( QUESTION0 1 -1.026e+04 1.557e+02 5.003e+01
s>                    ( - -8.864e+03 1 0)
s>                    ( - -1.239e+03 1 0))
s>                ( QUESTION0 1 -2.881e+04 1.871e+02 1.414e+02
s>                    ( - -1.006e+04 1 0)
s>                    ( - -1.857e+04 2 0))))
s>        ( QUESTION11 -1 -3.556e+04 2.574e+02 1.706e+02
s>            ( - -6.052e+03 3 0 QUESTION2_0_L -1 1.310e+02 2.999e+01)
s>            ( QUESTION0 -1 -2.925e+04 2.045e+02 1.406e+02
s>                ( - -1.643e+03 1 0)
s>                ( - -2.741e+04 1 0))))INFO: dtree.c(1439): stop. leaf nodes are specific
INFO: dtree.c(1478): Final simple tree
|( QUESTION15 1 -4.022e+05 5.211e+02 1.969e+03
|    ( QUESTION0_14_R 1 -1.122e+05 4.545e+02 5.443e+02
|        ( - 1.940e+02 1 0)
|        ( QUESTION18 -1 -1.120e+05 2.096e+02 5.433e+02
|            ( - -2.470e+04 1 0)
|            ( - -8.706e+04 1 0)))
|    ( QUESTION0 1 -2.895e+05 4.306e+02 1.424e+03
|        ( QUESTION18 -1 -1.971e+05 4.849e+02 9.679e+02
|            ( - -2.756e+04 1 0)
|            ( QUESTION20 -1 -1.691e+05 3.281e+02 8.327e+02
|                ( - -1.133e+05 1 0)
|                ( - -5.550e+04 1 0)))
|        ( - -9.192e+04 2 0)))
s>    ( QUESTION15 1 -4.022e+05 5.211e+02 1.969e+03
s>        ( QUESTION0_14_R 1 -1.122e+05 4.545e+02 5.443e+02
s>            ( - 1.940e+02 1 0)
s>            ( QUESTION18 -1 -1.120e+05 2.096e+02 5.433e+02
s>                ( - -2.470e+04 1 0)
s>                ( - -8.706e+04 1 0)))
s>        ( QUESTION0 1 -2.895e+05 4.306e+02 1.424e+03
s>            ( QUESTION18 -1 -1.971e+05 4.849e+02 9.679e+02
s>                ( - -2.756e+04 1 0)
s>                ( QUESTION20 -1 -1.691e+05 3.281e+02 8.327e+02
s>                    ( - -1.133e+05 1 0)
s>                    ( - -5.550e+04 1 0)))
s>            ( - -9.192e+04 2 0)))INFO: dtree.c(1315): Comp split 25
INFO: dtree.c(1439): stop. leaf nodes are specific
INFO: dtree.c(1478): Final simple tree
|( QUESTION14 1 -2.085e+05 4.844e+02 1.025e+03
|    ( - -5.003e+04 1 0)
|    ( WDBNDRY_B 0 -1.579e+05 3.422e+02 7.724e+02
|        ( QUESTION0 1 -1.190e+05 1.513e+02 5.806e+02
|            ( - -9.229e+02 1 0)
|            ( - -1.180e+05 2 0))
|        ( QUESTION0_14_R 1 -3.855e+04 1.202e+02 1.918e+02
|            ( - -3.812e+04 1 0)
|            ( - -3.114e+02 1 0))))
s>    ( QUESTION14 1 -2.085e+05 4.844e+02 1.025e+03
s>        ( - -5.003e+04 1 0)
s>        ( WDBNDRY_B 0 -1.579e+05 3.422e+02 7.724e+02
s>            ( QUESTION0 1 -1.190e+05 1.513e+02 5.806e+02
s>                ( - -9.229e+02 1 0)
s>                ( - -1.180e+05 2 0))
s>            ( QUESTION0_14_R 1 -3.855e+04 1.202e+02 1.918e+02
s>                ( - -3.812e+04 1 0)
s>                ( - -3.114e+02 1 0))))INFO: dtree.c(1439): stop. leaf nodes are specific
INFO: dtree.c(1478): Final simple tree
|( QUESTION0_14_R 1 -2.793e+05 5.086e+02 1.357e+03
|    ( QUESTION15 1 -2.581e+05 3.979e+02 1.253e+03
|        ( WDBNDRY_B 0 -1.902e+05 2.491e+02 9.230e+02
|            ( - -3.418e+03 1 0)
|            ( - -1.865e+05 2 0))
|        ( QUESTION0 1 -6.754e+04 1.421e+02 3.296e+02
|            ( - -6.324e+04 1 0)
|            ( - -4.159e+03 1 0)))
|    ( QUESTION2 -1 -2.064e+04 3.504e+02 1.040e+02
|        ( - -9.046e+03 1 0)
|        ( - -1.124e+04 1 0)))
s>    ( QUESTION0_14_R 1 -2.793e+05 5.086e+02 1.357e+03
s>        ( QUESTION15 1 -2.581e+05 3.979e+02 1.253e+03
s>            ( WDBNDRY_B 0 -1.902e+05 2.491e+02 9.230e+02
s>                ( - -3.418e+03 1 0)
s>                ( - -1.865e+05 2 0))
s>            ( QUESTION0 1 -6.754e+04 1.421e+02 3.296e+02
s>                ( - -6.324e+04 1 0)
s>                ( - -4.159e+03 1 0)))
s>        ( QUESTION2 -1 -2.064e+04 3.504e+02 1.040e+02
s>            ( - -9.046e+03 1 0)
s>            ( - -1.124e+04 1 0)))INFO: dtree.c(1315): Comp split 26
INFO: dtree.c(1439): stop. leaf nodes are specific
INFO: dtree.c(1478): Final simple tree
|( WDBNDRY_B 0 -1.764e+05 4.353e+02 8.765e+02
|    ( QUESTION16 1 -1.065e+05 3.159e+02 5.288e+02
|        ( - -6.407e+04 2 0)
|        ( - -4.216e+04 1 0))
|    ( QUESTION0_14_R 1 -6.937e+04 1.719e+02 3.477e+02
|        ( - -6.777e+04 1 0)
|        ( - -1.426e+03 1 0)))
s>    ( WDBNDRY_B 0 -1.764e+05 4.353e+02 8.765e+02
s>        ( QUESTION16 1 -1.065e+05 3.159e+02 5.288e+02
s>            ( - -6.407e+04 2 0)
s>            ( - -4.216e+04 1 0))
s>        ( QUESTION0_14_R 1 -6.937e+04 1.719e+02 3.477e+02
s>            ( - -6.777e+04 1 0)
s>            ( - -1.426e+03 1 0)))INFO: dtree.c(1478): Final simple tree
|( QUESTION0_2_R 1 -1.754e+05 4.158e+02 8.541e+02
|    ( - -3.799e+04 2 0 WDBNDRY_E 0 1.642e+02 1.880e+02)
|    ( QUESTION0_15_R 1 -1.370e+05 3.850e+02 6.661e+02
|        ( WDBNDRY_E 0 -1.923e+04 1.990e+02 9.605e+01
|            ( - -7.131e+03 1 0)
|            ( - -1.190e+04 1 0))
|        ( QUESTION14 1 -1.173e+05 3.267e+02 5.701e+02
|            ( WDBNDRY_B 0 -2.935e+04 1.815e+02 1.439e+02
|                ( - -2.737e+04 1 0)
|                ( - -1.800e+03 1 0))
|            ( QUESTION0_8_R 1 -8.766e+04 2.175e+02 4.262e+02
|                ( - -2.243e+02 1 0)
|                ( QUESTION0_0_R 1 -8.722e+04 2.051e+02 4.242e+02
|                    ( - -3.270e+02 1 0)
|                    ( - -8.669e+04 2 0))))))
s>    ( QUESTION0_2_R 1 -1.754e+05 4.158e+02 8.541e+02
s>        ( - -3.799e+04 2 0 WDBNDRY_E 0 1.642e+02 1.880e+02)
s>        ( QUESTION0_15_R 1 -1.370e+05 3.850e+02 6.661e+02
s>            ( WDBNDRY_E 0 -1.923e+04 1.990e+02 9.605e+01
s>                ( - -7.131e+03 1 0)
s>                ( - -1.190e+04 1 0))
s>            ( QUESTION14 1 -1.173e+05 3.267e+02 5.701e+02
s>                ( WDBNDRY_B 0 -2.935e+04 1.815e+02 1.439e+02
s>                    ( - -2.737e+04 1 0)
s>                    ( - -1.800e+03 1 0))
s>                ( QUESTION0_8_R 1 -8.766e+04 2.175e+02 4.262e+02
s>                    ( - -2.243e+02 1 0)
s>                    ( QUESTION0_0_R 1 -8.722e+04 2.051e+02 4.242e+02
s>                        ( - -3.270e+02 1 0)
s>                        ( - -8.669e+04 2 0))))))INFO: dtree.c(1315): Comp split 27
INFO: dtree.c(1439): stop. leaf nodes are specific
INFO: dtree.c(1478): Final simple tree
|( WDBNDRY_B 0 -7.156e+05 6.473e+02 3.607e+03
|    ( QUESTION0 1 -6.824e+05 6.309e+02 3.440e+03
|        ( QUESTION0_0_R 1 -8.057e+04 1.422e+02 4.170e+02
|            ( - -7.957e+04 1 0)
|            ( - -8.526e+02 1 0))
|        ( - -6.012e+05 2 0))
|    ( - -3.264e+04 1 0))
s>    ( WDBNDRY_B 0 -7.156e+05 6.473e+02 3.607e+03
s>        ( QUESTION0 1 -6.824e+05 6.309e+02 3.440e+03
s>            ( QUESTION0_0_R 1 -8.057e+04 1.422e+02 4.170e+02
s>                ( - -7.957e+04 1 0)
s>                ( - -8.526e+02 1 0))
s>            ( - -6.012e+05 2 0))
s>        ( - -3.264e+04 1 0))INFO: dtree.c(1315): Comp split 28
INFO: dtree.c(1478): Final simple tree
|( WDBNDRY_B 0 -1.245e+05 4.520e+02 5.990e+02
|    ( - 1.920e+02 1 0)
|    ( QUESTION0_15_R 1 -1.242e+05 3.208e+02 5.980e+02
|        ( QUESTION14 -1 -5.818e+04 3.683e+02 2.821e+02
|            ( QUESTION2_14_L -1 -2.686e+04 1.923e+02 1.274e+02
|                ( QUESTION0_18_R 1 -2.619e+04 1.569e+02 1.244e+02
|                    ( - -2.089e+04 1 0)
|                    ( - -5.143e+03 1 0))
|                ( - -4.806e+02 1 0))
|            ( - -3.095e+04 1 0))
|        ( QUESTION14 -1 -6.574e+04 2.442e+02 3.159e+02
|            ( - -1.940e+04 2 0)
|            ( QUESTION0_0_R 1 -4.610e+04 1.919e+02 2.228e+02
|                ( - -5.560e+03 3 0)
|                ( - -4.034e+04 1 0)))))
s>    ( WDBNDRY_B 0 -1.245e+05 4.520e+02 5.990e+02
s>        ( - 1.920e+02 1 0)
s>        ( QUESTION0_15_R 1 -1.242e+05 3.208e+02 5.980e+02
s>            ( QUESTION14 -1 -5.818e+04 3.683e+02 2.821e+02
s>                ( QUESTION2_14_L -1 -2.686e+04 1.923e+02 1.274e+02
s>                    ( QUESTION0_18_R 1 -2.619e+04 1.569e+02 1.244e+02
s>                        ( - -2.089e+04 1 0)
s>                        ( - -5.143e+03 1 0))
s>                    ( - -4.806e+02 1 0))
s>                ( - -3.095e+04 1 0))
s>            ( QUESTION14 -1 -6.574e+04 2.442e+02 3.159e+02
s>                ( - -1.940e+04 2 0)
s>                ( QUESTION0_0_R 1 -4.610e+04 1.919e+02 2.228e+02
s>                    ( - -5.560e+03 3 0)
s>                    ( - -4.034e+04 1 0)))))INFO: dtree.c(1439): stop. leaf nodes are specific
INFO: dtree.c(1478): Final simple tree
|( QUESTION14 1 -1.739e+05 5.163e+02 8.438e+02
|    ( WDBNDRY_B 0 -6.998e+04 1.579e+02 3.405e+02
|        ( - -6.954e+04 2 0)
|        ( - -2.812e+02 1 0))
|    ( WDBNDRY_B 0 -1.034e+05 3.157e+02 5.033e+02
|        ( - -9.743e+04 4 0)
|        ( - -5.678e+03 1 0)))
s>    ( QUESTION14 1 -1.739e+05 5.163e+02 8.438e+02
s>        ( WDBNDRY_B 0 -6.998e+04 1.579e+02 3.405e+02
s>            ( - -6.954e+04 2 0)
s>            ( - -2.812e+02 1 0))
s>        ( WDBNDRY_B 0 -1.034e+05 3.157e+02 5.033e+02
s>            ( - -9.743e+04 4 0)
s>            ( - -5.678e+03 1 0)))INFO: dtree.c(1315): Comp split 29
INFO: dtree.c(1439): stop. leaf nodes are specific
INFO: dtree.c(1478): Final simple tree
|( QUESTION0 1 -6.824e+05 6.309e+02 3.440e+03
|    ( QUESTION0_0_R 1 -8.057e+04 1.422e+02 4.170e+02
|        ( - -7.957e+04 1 0)
|        ( - -8.526e+02 1 0))
|    ( - -6.012e+05 2 0))
s>    ( QUESTION0 1 -6.824e+05 6.309e+02 3.440e+03
s>        ( QUESTION0_0_R 1 -8.057e+04 1.422e+02 4.170e+02
s>            ( - -7.957e+04 1 0)
s>            ( - -8.526e+02 1 0))
s>        ( - -6.012e+05 2 0))INFO: dtree.c(1315): Comp split 30
INFO: dtree.c(1439): stop. leaf nodes are specific
INFO: dtree.c(1478): Final simple tree
|( QUESTION0 1 -2.864e+05 5.061e+02 1.412e+03
|    ( QUESTION20 -1 -1.691e+05 3.281e+02 8.327e+02
|        ( - -1.133e+05 1 0)
|        ( - -5.550e+04 1 0))
|    ( QUESTION0_14_R 1 -1.168e+05 1.889e+02 5.793e+02
|        ( - -9.192e+04 2 0)
|        ( - -2.470e+04 1 0)))
s>    ( QUESTION0 1 -2.864e+05 5.061e+02 1.412e+03
s>        ( QUESTION20 -1 -1.691e+05 3.281e+02 8.327e+02
s>            ( - -1.133e+05 1 0)
s>            ( - -5.550e+04 1 0))
s>        ( QUESTION0_14_R 1 -1.168e+05 1.889e+02 5.793e+02
s>            ( - -9.192e+04 2 0)
s>            ( - -2.470e+04 1 0)))INFO: dtree.c(1439): stop. leaf nodes are specific
INFO: dtree.c(1478): Final simple tree
|( QUESTION20 -1 -1.152e+05 4.531e+02 5.565e+02
|    ( - 1.940e+02 1 0)
|    ( QUESTION0_14_R 1 -1.149e+05 3.095e+02 5.555e+02
|        ( - -2.756e+04 1 0)
|        ( - -8.706e+04 1 0)))
s>    ( QUESTION20 -1 -1.152e+05 4.531e+02 5.565e+02
s>        ( - 1.940e+02 1 0)
s>        ( QUESTION0_14_R 1 -1.149e+05 3.095e+02 5.555e+02
s>            ( - -2.756e+04 1 0)
s>            ( - -8.706e+04 1 0)))INFO: dtree.c(1315): Comp split 31
INFO: dtree.c(1439): stop. leaf nodes are specific
INFO: dtree.c(1478): Final simple tree
|( WDBNDRY_B 0 -6.740e+05 1.286e+02 3.415e+03
|    ( - -6.725e+05 1 0)
|    ( - -1.428e+03 1 0))
s>    ( WDBNDRY_B 0 -6.740e+05 1.286e+02 3.415e+03
s>        ( - -6.725e+05 1 0)
s>        ( - -1.428e+03 1 0))INFO: dtree.c(1315): Comp split 32
INFO: dtree.c(1315): Comp split 33
INFO: dtree.c(1439): stop. leaf nodes are specific
INFO: dtree.c(1478): Final simple tree
|( QUESTION0_0_R 1 -8.057e+04 1.422e+02 4.170e+02
|    ( - -7.957e+04 1 0)
|    ( - -8.526e+02 1 0))
s>    ( QUESTION0_0_R 1 -8.057e+04 1.422e+02 4.170e+02
s>        ( - -7.957e+04 1 0)
s>        ( - -8.526e+02 1 0))INFO: dtree.c(1315): Comp split 34
INFO: dtree.c(1439): stop. leaf nodes are specific
INFO: dtree.c(1478): Final simple tree
|( QUESTION0 -1 -5.139e+04 2.663e+02 2.450e+02
|    ( QUESTION0 1 -6.707e+03 1.419e+02 3.334e+01
|        ( - -5.681e+03 1 0)
|        ( - -8.835e+02 1 0))
|    ( WDBNDRY_B 0 -4.442e+04 2.199e+02 2.117e+02
|        ( QUESTION0 1 -2.308e+04 1.347e+02 1.092e+02
|            ( - -2.053e+04 1 0)
|            ( - -2.411e+03 1 0))
|        ( - -2.112e+04 1 0)))
s>    ( QUESTION0 -1 -5.139e+04 2.663e+02 2.450e+02
s>        ( QUESTION0 1 -6.707e+03 1.419e+02 3.334e+01
s>            ( - -5.681e+03 1 0)
s>            ( - -8.835e+02 1 0))
s>        ( WDBNDRY_B 0 -4.442e+04 2.199e+02 2.117e+02
s>            ( QUESTION0 1 -2.308e+04 1.347e+02 1.092e+02
s>                ( - -2.053e+04 1 0)
s>                ( - -2.411e+03 1 0))
s>            ( - -2.112e+04 1 0)))INFO: dtree.c(1315): Comp split 35
INFO: dtree.c(1439): stop. leaf nodes are specific
INFO: dtree.c(1478): Final simple tree
|( QUESTION14 1 -1.212e+05 5.531e+02 5.980e+02
|    ( - -6.527e+04 2 0)
|    ( QUESTION0_0_R 1 -5.541e+04 1.762e+02 2.722e+02
|        ( - -2.457e+03 1 0)
|        ( - -5.278e+04 4 0)))
s>    ( QUESTION14 1 -1.212e+05 5.531e+02 5.980e+02
s>        ( - -6.527e+04 2 0)
s>        ( QUESTION0_0_R 1 -5.541e+04 1.762e+02 2.722e+02
s>            ( - -2.457e+03 1 0)
s>            ( - -5.278e+04 4 0)))INFO: dtree.c(1315): Comp split 36
INFO: dtree.c(1315): Comp split 37
INFO: dtree.c(1439): stop. leaf nodes are specific
INFO: dtree.c(1478): Final simple tree
|( QUESTION16 1 -1.610e+05 3.309e+02 8.170e+02
|    ( - -1.584e+05 2 0)
|    ( QUESTION0_14_R 1 -2.228e+03 1.709e+02 1.100e+01
|        ( - -6.524e+02 1 0)
|        ( - -1.405e+03 1 0)))
s>    ( QUESTION16 1 -1.610e+05 3.309e+02 8.170e+02
s>        ( - -1.584e+05 2 0)
s>        ( QUESTION0_14_R 1 -2.228e+03 1.709e+02 1.100e+01
s>            ( - -6.524e+02 1 0)
s>            ( - -1.405e+03 1 0)))INFO: dtree.c(1315): Comp split 38
INFO: dtree.c(1439): stop. leaf nodes are specific
INFO: dtree.c(1478): Final simple tree
|( QUESTION0_14_R 1 -1.547e+05 2.793e+02 7.338e+02
|    ( QUESTION2_17_L -1 -9.968e+04 2.739e+02 4.720e+02
|        ( - -2.673e+04 1 0)
|        ( QUESTION0 1 -7.267e+04 2.305e+02 3.425e+02
|            ( WDBNDRY_B 0 -5.889e+04 1.062e+02 2.781e+02
|                ( - -9.911e+02 1 0)
|                ( - -5.779e+04 2 0))
|            ( - -1.355e+04 1 0)))
|    ( - -5.475e+04 1 0))
s>    ( QUESTION0_14_R 1 -1.547e+05 2.793e+02 7.338e+02
s>        ( QUESTION2_17_L -1 -9.968e+04 2.739e+02 4.720e+02
s>            ( - -2.673e+04 1 0)
s>            ( QUESTION0 1 -7.267e+04 2.305e+02 3.425e+02
s>                ( WDBNDRY_B 0 -5.889e+04 1.062e+02 2.781e+02
s>                    ( - -9.911e+02 1 0)
s>                    ( - -5.779e+04 2 0))
s>                ( - -1.355e+04 1 0)))
s>        ( - -5.475e+04 1 0))INFO: dtree.c(1439): stop. leaf nodes are specific
INFO: dtree.c(1478): Final simple tree
|( QUESTION0_14_R 1 -2.815e+05 5.083e+02 1.339e+03
|    ( - -2.260e+05 4 0)
|    ( QUESTION0_0_R 1 -5.499e+04 2.668e+02 2.619e+02
|        ( - -2.582e+04 2 0)
|        ( - -2.889e+04 1 0)))
s>    ( QUESTION0_14_R 1 -2.815e+05 5.083e+02 1.339e+03
s>        ( - -2.260e+05 4 0)
s>        ( QUESTION0_0_R 1 -5.499e+04 2.668e+02 2.619e+02
s>            ( - -2.582e+04 2 0)
s>            ( - -2.889e+04 1 0)))INFO: dtree.c(1315): Comp split 39
INFO: dtree.c(1439): stop. leaf nodes are specific
INFO: dtree.c(1478): Final simple tree
|( QUESTION0_0_R 1 -5.541e+04 1.762e+02 2.722e+02
|    ( - -2.457e+03 1 0)
|    ( - -5.278e+04 4 0))
s>    ( QUESTION0_0_R 1 -5.541e+04 1.762e+02 2.722e+02
s>        ( - -2.457e+03 1 0)
s>        ( - -5.278e+04 4 0))INFO: dtree.c(1315): Comp split 40
INFO: dtree.c(1439): stop. leaf nodes are specific
INFO: dtree.c(1478): Final simple tree
|( QUESTION0 1 -1.726e+05 2.914e+02 8.586e+02
|    ( - -5.550e+04 1 0)
|    ( QUESTION0_14_R 1 -1.168e+05 1.889e+02 5.793e+02
|        ( - -9.192e+04 2 0)
|        ( - -2.470e+04 1 0)))
s>    ( QUESTION0 1 -1.726e+05 2.914e+02 8.586e+02
s>        ( - -5.550e+04 1 0)
s>        ( QUESTION0_14_R 1 -1.168e+05 1.889e+02 5.793e+02
s>            ( - -9.192e+04 2 0)
s>            ( - -2.470e+04 1 0)))INFO: dtree.c(1315): Comp split 41
INFO: dtree.c(1439): stop. leaf nodes are specific
INFO: dtree.c(1478): Final simple tree
|( WDBNDRY_B 0 -1.034e+05 3.157e+02 5.033e+02
|    ( - -9.743e+04 4 0)
|    ( - -5.678e+03 1 0))
s>    ( WDBNDRY_B 0 -1.034e+05 3.157e+02 5.033e+02
s>        ( - -9.743e+04 4 0)
s>        ( - -5.678e+03 1 0))INFO: dtree.c(1439): stop. leaf nodes are specific
INFO: dtree.c(1478): Final simple tree
|( WDBNDRY_B 0 -6.998e+04 1.579e+02 3.405e+02
|    ( - -6.954e+04 2 0)
|    ( - -2.812e+02 1 0))
s>    ( WDBNDRY_B 0 -6.998e+04 1.579e+02 3.405e+02
s>        ( - -6.954e+04 2 0)
s>        ( - -2.812e+02 1 0))INFO: dtree.c(1315): Comp split 42
INFO: dtree.c(1439): stop. leaf nodes are specific
INFO: dtree.c(1478): Final simple tree
|( QUESTION6 -1 -3.614e+03 1.722e+02 1.800e+01
|    ( QUESTION0_18_R 1 -3.165e+03 1.228e+02 1.600e+01
|        ( - -1.899e+03 1 0)
|        ( - -1.144e+03 1 0))
|    ( - -2.765e+02 1 0))
s>    ( QUESTION6 -1 -3.614e+03 1.722e+02 1.800e+01
s>        ( QUESTION0_18_R 1 -3.165e+03 1.228e+02 1.600e+01
s>            ( - -1.899e+03 1 0)
s>            ( - -1.144e+03 1 0))
s>        ( - -2.765e+02 1 0))INFO: dtree.c(1315): Comp split 43
INFO: dtree.c(1439): stop. leaf nodes are specific
INFO: dtree.c(1478): Final simple tree
|( QUESTION15 1 -2.581e+05 3.979e+02 1.253e+03
|    ( WDBNDRY_B 0 -1.902e+05 2.491e+02 9.230e+02
|        ( - -3.418e+03 1 0)
|        ( - -1.865e+05 2 0))
|    ( QUESTION0 1 -6.754e+04 1.421e+02 3.296e+02
|        ( - -6.324e+04 1 0)
|        ( - -4.159e+03 1 0)))
s>    ( QUESTION15 1 -2.581e+05 3.979e+02 1.253e+03
s>        ( WDBNDRY_B 0 -1.902e+05 2.491e+02 9.230e+02
s>            ( - -3.418e+03 1 0)
s>            ( - -1.865e+05 2 0))
s>        ( QUESTION0 1 -6.754e+04 1.421e+02 3.296e+02
s>            ( - -6.324e+04 1 0)
s>            ( - -4.159e+03 1 0)))INFO: dtree.c(1439): stop. leaf nodes are specific
INFO: dtree.c(1478): Final simple tree
|( QUESTION2 -1 -2.064e+04 3.504e+02 1.040e+02
|    ( - -9.046e+03 1 0)
|    ( - -1.124e+04 1 0))
s>    ( QUESTION2 -1 -2.064e+04 3.504e+02 1.040e+02
s>        ( - -9.046e+03 1 0)
s>        ( - -1.124e+04 1 0))INFO: dtree.c(1315): Comp split 44
INFO: dtree.c(1439): stop. leaf nodes are specific
INFO: dtree.c(1478): Final simple tree
|( QUESTION0_0_R 1 -5.499e+04 2.668e+02 2.619e+02
|    ( - -2.582e+04 2 0)
|    ( - -2.889e+04 1 0))
s>    ( QUESTION0_0_R 1 -5.499e+04 2.668e+02 2.619e+02
s>        ( - -2.582e+04 2 0)
s>        ( - -2.889e+04 1 0))INFO: dtree.c(1315): Comp split 45
INFO: dtree.c(1439): stop. leaf nodes are specific
INFO: dtree.c(1478): Final simple tree
|( WDBNDRY_B 0 -1.579e+05 3.422e+02 7.724e+02
|    ( QUESTION0 1 -1.190e+05 1.513e+02 5.806e+02
|        ( - -9.229e+02 1 0)
|        ( - -1.180e+05 2 0))
|    ( QUESTION0_14_R 1 -3.855e+04 1.202e+02 1.918e+02
|        ( - -3.812e+04 1 0)
|        ( - -3.114e+02 1 0)))
s>    ( WDBNDRY_B 0 -1.579e+05 3.422e+02 7.724e+02
s>        ( QUESTION0 1 -1.190e+05 1.513e+02 5.806e+02
s>            ( - -9.229e+02 1 0)
s>            ( - -1.180e+05 2 0))
s>        ( QUESTION0_14_R 1 -3.855e+04 1.202e+02 1.918e+02
s>            ( - -3.812e+04 1 0)
s>            ( - -3.114e+02 1 0)))INFO: dtree.c(1315): Comp split 46
INFO: dtree.c(1315): Comp split 47
INFO: dtree.c(1439): stop. leaf nodes are specific
INFO: dtree.c(1478): Final simple tree
|( WDBNDRY_B 0 -9.309e+04 4.503e+02 4.443e+02
|    ( - 1.920e+02 1 0)
|    ( QUESTION0_14_R 1 -9.284e+04 2.441e+02 4.433e+02
|        ( QUESTION14 -1 -5.998e+04 2.395e+02 2.887e+02
|            ( - -1.940e+04 2 0)
|            ( - -4.034e+04 1 0))
|        ( QUESTION2_14_L -1 -3.261e+04 1.953e+02 1.546e+02
|            ( QUESTION0_18_R 1 -2.619e+04 1.569e+02 1.244e+02
|                ( - -2.089e+04 1 0)
|                ( - -5.143e+03 1 0))
|            ( QUESTION0_0_R 1 -6.226e+03 1.853e+02 3.021e+01
|                ( - -5.560e+03 3 0)
|                ( - -4.806e+02 1 0)))))
s>    ( WDBNDRY_B 0 -9.309e+04 4.503e+02 4.443e+02
s>        ( - 1.920e+02 1 0)
s>        ( QUESTION0_14_R 1 -9.284e+04 2.441e+02 4.433e+02
s>            ( QUESTION14 -1 -5.998e+04 2.395e+02 2.887e+02
s>                ( - -1.940e+04 2 0)
s>                ( - -4.034e+04 1 0))
s>            ( QUESTION2_14_L -1 -3.261e+04 1.953e+02 1.546e+02
s>                ( QUESTION0_18_R 1 -2.619e+04 1.569e+02 1.244e+02
s>                    ( - -2.089e+04 1 0)
s>                    ( - -5.143e+03 1 0))
s>                ( QUESTION0_0_R 1 -6.226e+03 1.853e+02 3.021e+01
s>                    ( - -5.560e+03 3 0)
s>                    ( - -4.806e+02 1 0)))))INFO: dtree.c(1315): Comp split 48
INFO: dtree.c(1439): stop. leaf nodes are specific
INFO: dtree.c(1478): Final simple tree
|( QUESTION0_14_R 1 -1.149e+05 3.095e+02 5.555e+02
|    ( - -2.756e+04 1 0)
|    ( - -8.706e+04 1 0))
s>    ( QUESTION0_14_R 1 -1.149e+05 3.095e+02 5.555e+02
s>        ( - -2.756e+04 1 0)
s>        ( - -8.706e+04 1 0))INFO: dtree.c(1315): Comp split 49
INFO: dtree.c(1439): stop. leaf nodes are specific
INFO: dtree.c(1478): Final simple tree
|( QUESTION0_14_R 1 -9.284e+04 2.441e+02 4.433e+02
|    ( QUESTION14 -1 -5.998e+04 2.395e+02 2.887e+02
|        ( - -1.940e+04 2 0)
|        ( - -4.034e+04 1 0))
|    ( QUESTION2_14_L -1 -3.261e+04 1.953e+02 1.546e+02
|        ( QUESTION0_18_R 1 -2.619e+04 1.569e+02 1.244e+02
|            ( - -2.089e+04 1 0)
|            ( - -5.143e+03 1 0))
|        ( QUESTION0_0_R 1 -6.226e+03 1.853e+02 3.021e+01
|            ( - -5.560e+03 3 0)
|            ( - -4.806e+02 1 0))))
s>    ( QUESTION0_14_R 1 -9.284e+04 2.441e+02 4.433e+02
s>        ( QUESTION14 -1 -5.998e+04 2.395e+02 2.887e+02
s>            ( - -1.940e+04 2 0)
s>            ( - -4.034e+04 1 0))
s>        ( QUESTION2_14_L -1 -3.261e+04 1.953e+02 1.546e+02
s>            ( QUESTION0_18_R 1 -2.619e+04 1.569e+02 1.244e+02
s>                ( - -2.089e+04 1 0)
s>                ( - -5.143e+03 1 0))
s>            ( QUESTION0_0_R 1 -6.226e+03 1.853e+02 3.021e+01
s>                ( - -5.560e+03 3 0)
s>                ( - -4.806e+02 1 0))))INFO: dtree.c(1315): Comp split 50
INFO: dtree.c(1439): stop. leaf nodes are specific
INFO: dtree.c(1478): Final simple tree
|( QUESTION0_14_R 1 -6.937e+04 1.719e+02 3.477e+02
|    ( - -6.777e+04 1 0)
|    ( - -1.426e+03 1 0))
s>    ( QUESTION0_14_R 1 -6.937e+04 1.719e+02 3.477e+02
s>        ( - -6.777e+04 1 0)
s>        ( - -1.426e+03 1 0))INFO: dtree.c(1439): stop. leaf nodes are specific
INFO: dtree.c(1478): Final simple tree
|( QUESTION16 1 -1.065e+05 3.159e+02 5.288e+02
|    ( - -6.407e+04 2 0)
|    ( - -4.216e+04 1 0))
s>    ( QUESTION16 1 -1.065e+05 3.159e+02 5.288e+02
s>        ( - -6.407e+04 2 0)
s>        ( - -4.216e+04 1 0))INFO: dtree.c(1315): Comp split 51
INFO: dtree.c(1439): stop. leaf nodes are specific
INFO: dtree.c(1478): Final simple tree
|( QUESTION0_15_R 1 -1.370e+05 3.850e+02 6.661e+02
|    ( WDBNDRY_E 0 -1.923e+04 1.990e+02 9.605e+01
|        ( - -7.131e+03 1 0)
|        ( - -1.190e+04 1 0))
|    ( QUESTION14 1 -1.173e+05 3.267e+02 5.701e+02
|        ( WDBNDRY_B 0 -2.935e+04 1.815e+02 1.439e+02
|            ( - -2.737e+04 1 0)
|            ( - -1.800e+03 1 0))
|        ( QUESTION0_8_R 1 -8.766e+04 2.175e+02 4.262e+02
|            ( - -2.243e+02 1 0)
|            ( QUESTION0_0_R 1 -8.722e+04 2.051e+02 4.242e+02
|                ( - -3.270e+02 1 0)
|                ( - -8.669e+04 2 0)))))
s>    ( QUESTION0_15_R 1 -1.370e+05 3.850e+02 6.661e+02
s>        ( WDBNDRY_E 0 -1.923e+04 1.990e+02 9.605e+01
s>            ( - -7.131e+03 1 0)
s>            ( - -1.190e+04 1 0))
s>        ( QUESTION14 1 -1.173e+05 3.267e+02 5.701e+02
s>            ( WDBNDRY_B 0 -2.935e+04 1.815e+02 1.439e+02
s>                ( - -2.737e+04 1 0)
s>                ( - -1.800e+03 1 0))
s>            ( QUESTION0_8_R 1 -8.766e+04 2.175e+02 4.262e+02
s>                ( - -2.243e+02 1 0)
s>                ( QUESTION0_0_R 1 -8.722e+04 2.051e+02 4.242e+02
s>                    ( - -3.270e+02 1 0)
s>                    ( - -8.669e+04 2 0)))))INFO: dtree.c(1439): stop. leaf nodes are specific
INFO: dtree.c(1478): Final simple tree
|( WDBNDRY_E 0 -3.799e+04 1.642e+02 1.880e+02
|    ( - -3.734e+04 1 0)
|    ( - -4.890e+02 1 0))
s>    ( WDBNDRY_E 0 -3.799e+04 1.642e+02 1.880e+02
s>        ( - -3.734e+04 1 0)
s>        ( - -4.890e+02 1 0))INFO: dtree.c(1315): Comp split 52
INFO: dtree.c(1439): stop. leaf nodes are specific
INFO: dtree.c(1478): Final simple tree
|( QUESTION0_0_R 1 -2.333e+04 1.875e+02 1.132e+02
|    ( - -1.116e+03 1 0)
|    ( - -2.203e+04 1 0))
s>    ( QUESTION0_0_R 1 -2.333e+04 1.875e+02 1.132e+02
s>        ( - -1.116e+03 1 0)
s>        ( - -2.203e+04 1 0))INFO: dtree.c(1315): Comp split 53
INFO: dtree.c(1439): stop. leaf nodes are specific
INFO: dtree.c(1478): Final simple tree
|( QUESTION0_14_R 1 -6.884e+04 3.307e+02 3.320e+02
|    ( QUESTION11 -1 -3.925e+04 1.818e+02 1.914e+02
|        ( QUESTION0 1 -1.026e+04 1.557e+02 5.003e+01
|            ( - -8.864e+03 1 0)
|            ( - -1.239e+03 1 0))
|        ( QUESTION0 1 -2.881e+04 1.871e+02 1.414e+02
|            ( - -1.006e+04 1 0)
|            ( - -1.857e+04 2 0)))
|    ( QUESTION0 -1 -2.925e+04 2.045e+02 1.406e+02
|        ( - -1.643e+03 1 0)
|        ( - -2.741e+04 1 0)))
s>    ( QUESTION0_14_R 1 -6.884e+04 3.307e+02 3.320e+02
s>        ( QUESTION11 -1 -3.925e+04 1.818e+02 1.914e+02
s>            ( QUESTION0 1 -1.026e+04 1.557e+02 5.003e+01
s>                ( - -8.864e+03 1 0)
s>                ( - -1.239e+03 1 0))
s>            ( QUESTION0 1 -2.881e+04 1.871e+02 1.414e+02
s>                ( - -1.006e+04 1 0)
s>                ( - -1.857e+04 2 0)))
s>        ( QUESTION0 -1 -2.925e+04 2.045e+02 1.406e+02
s>            ( - -1.643e+03 1 0)
s>            ( - -2.741e+04 1 0)))INFO: dtree.c(1439): stop. leaf nodes are specific
INFO: dtree.c(1478): Final simple tree
|( QUESTION0_14_R 1 -2.952e+04 2.141e+02 1.430e+02
|    ( - -2.325e+04 2 0)
|    ( QUESTION2_0_L -1 -6.052e+03 1.310e+02 2.999e+01
|        ( - -8.829e+02 1 0)
|        ( QUESTION2_14_L -1 -5.038e+03 1.193e+02 2.499e+01
|            ( - -2.971e+03 1 0)
|            ( - -1.947e+03 1 0))))
s>    ( QUESTION0_14_R 1 -2.952e+04 2.141e+02 1.430e+02
s>        ( - -2.325e+04 2 0)
s>        ( QUESTION2_0_L -1 -6.052e+03 1.310e+02 2.999e+01
s>            ( - -8.829e+02 1 0)
s>            ( QUESTION2_14_L -1 -5.038e+03 1.193e+02 2.499e+01
s>                ( - -2.971e+03 1 0)
s>                ( - -1.947e+03 1 0))))INFO: dtree.c(1315): Comp split 54
INFO: dtree.c(1439): stop. leaf nodes are specific
INFO: dtree.c(1478): Final simple tree
|( QUESTION0 1 -6.754e+04 1.421e+02 3.296e+02
|    ( - -6.324e+04 1 0)
|    ( - -4.159e+03 1 0))
s>    ( QUESTION0 1 -6.754e+04 1.421e+02 3.296e+02
s>        ( - -6.324e+04 1 0)
s>        ( - -4.159e+03 1 0))INFO: dtree.c(1439): stop. leaf nodes are specific
INFO: dtree.c(1478): Final simple tree
|( WDBNDRY_B 0 -1.902e+05 2.491e+02 9.230e+02
|    ( - -3.418e+03 1 0)
|    ( - -1.865e+05 2 0))
s>    ( WDBNDRY_B 0 -1.902e+05 2.491e+02 9.230e+02
s>        ( - -3.418e+03 1 0)
s>        ( - -1.865e+05 2 0))INFO: dtree.c(1315): Comp split 55
INFO: dtree.c(1439): stop. leaf nodes are specific
INFO: dtree.c(1478): Final simple tree
|( QUESTION0 -1 -2.538e+05 2.451e+02 1.321e+03
|    ( - -1.131e+05 1 0)
|    ( - -1.405e+05 2 0))
s>    ( QUESTION0 -1 -2.538e+05 2.451e+02 1.321e+03
s>        ( - -1.131e+05 1 0)
s>        ( - -1.405e+05 2 0))INFO: dtree.c(1315): Comp split 56
INFO: dtree.c(1439): stop. leaf nodes are specific
INFO: dtree.c(1478): Final simple tree
|( QUESTION14 1 -1.173e+05 3.267e+02 5.701e+02
|    ( WDBNDRY_B 0 -2.935e+04 1.815e+02 1.439e+02
|        ( - -2.737e+04 1 0)
|        ( - -1.800e+03 1 0))
|    ( QUESTION0_8_R 1 -8.766e+04 2.175e+02 4.262e+02
|        ( - -2.243e+02 1 0)
|        ( QUESTION0_0_R 1 -8.722e+04 2.051e+02 4.242e+02
|            ( - -3.270e+02 1 0)
|            ( - -8.669e+04 2 0))))
s>    ( QUESTION14 1 -1.173e+05 3.267e+02 5.701e+02
s>        ( WDBNDRY_B 0 -2.935e+04 1.815e+02 1.439e+02
s>            ( - -2.737e+04 1 0)
s>            ( - -1.800e+03 1 0))
s>        ( QUESTION0_8_R 1 -8.766e+04 2.175e+02 4.262e+02
s>            ( - -2.243e+02 1 0)
s>            ( QUESTION0_0_R 1 -8.722e+04 2.051e+02 4.242e+02
s>                ( - -3.270e+02 1 0)
s>                ( - -8.669e+04 2 0))))INFO: dtree.c(1439): stop. leaf nodes are specific
INFO: dtree.c(1478): Final simple tree
|( WDBNDRY_E 0 -1.923e+04 1.990e+02 9.605e+01
|    ( - -7.131e+03 1 0)
|    ( - -1.190e+04 1 0))
s>    ( WDBNDRY_E 0 -1.923e+04 1.990e+02 9.605e+01
s>        ( - -7.131e+03 1 0)
s>        ( - -1.190e+04 1 0))INFO: dtree.c(1315): Comp split 57
INFO: dtree.c(1439): stop. leaf nodes are specific
INFO: dtree.c(1478): Final simple tree
|( QUESTION2_20_L -1 -5.725e+05 3.319e+02 2.821e+03
|    ( - -5.678e+05 6 0)
|    ( QUESTION2_0_L -1 -4.316e+03 1.367e+02 2.200e+01
|        ( - -5.021e+02 1 0)
|        ( - -3.677e+03 2 0)))
s>    ( QUESTION2_20_L -1 -5.725e+05 3.319e+02 2.821e+03
s>        ( - -5.678e+05 6 0)
s>        ( QUESTION2_0_L -1 -4.316e+03 1.367e+02 2.200e+01
s>            ( - -5.021e+02 1 0)
s>            ( - -3.677e+03 2 0)))INFO: dtree.c(1315): Comp split 58
INFO: dtree.c(1315): Comp split 59
INFO: dtree.c(1439): stop. leaf nodes are specific
INFO: dtree.c(1478): Final simple tree
|( QUESTION0_0_R 1 -8.852e+03 1.590e+02 4.266e+01
|    ( - -4.570e+03 1 0)
|    ( - -4.123e+03 2 0))
s>    ( QUESTION0_0_R 1 -8.852e+03 1.590e+02 4.266e+01
s>        ( - -4.570e+03 1 0)
s>        ( - -4.123e+03 2 0))INFO: dtree.c(1315): Comp split 60
INFO: dtree.c(1315): Comp split 61
INFO: dtree.c(1439): stop. leaf nodes are specific
INFO: dtree.c(1478): Final simple tree
|( QUESTION0 1 -1.195e+05 1.508e+02 5.826e+02
|    ( - -9.229e+02 1 0)
|    ( WDBNDRY_B 0 -1.184e+05 1.159e+02 5.776e+02
|        ( - -1.180e+05 2 0)
|        ( - -3.114e+02 1 0)))
s>    ( QUESTION0 1 -1.195e+05 1.508e+02 5.826e+02
s>        ( - -9.229e+02 1 0)
s>        ( WDBNDRY_B 0 -1.184e+05 1.159e+02 5.776e+02
s>            ( - -1.180e+05 2 0)
s>            ( - -3.114e+02 1 0)))INFO: dtree.c(1315): Comp split 62
INFO: dtree.c(1439): stop. leaf nodes are specific
INFO: dtree.c(1478): Final simple tree
|( QUESTION2_0_L -1 -4.316e+03 1.367e+02 2.200e+01
|    ( - -5.021e+02 1 0)
|    ( - -3.677e+03 2 0))
s>    ( QUESTION2_0_L -1 -4.316e+03 1.367e+02 2.200e+01
s>        ( - -5.021e+02 1 0)
s>        ( - -3.677e+03 2 0))INFO: dtree.c(1315): Comp split 63
INFO: dtree.c(1439): stop. leaf nodes are specific
INFO: dtree.c(1478): Final simple tree
|( QUESTION0_14_R 1 -2.228e+03 1.709e+02 1.100e+01
|    ( - -6.524e+02 1 0)
|    ( - -1.405e+03 1 0))
s>    ( QUESTION0_14_R 1 -2.228e+03 1.709e+02 1.100e+01
s>        ( - -6.524e+02 1 0)
s>        ( - -1.405e+03 1 0))INFO: dtree.c(1315): Comp split 64
INFO: dtree.c(1439): stop. leaf nodes are specific
INFO: dtree.c(1478): Final simple tree
|( QUESTION0 -1 -2.925e+04 2.045e+02 1.406e+02
|    ( - -1.643e+03 1 0)
|    ( - -2.741e+04 1 0))
s>    ( QUESTION0 -1 -2.925e+04 2.045e+02 1.406e+02
s>        ( - -1.643e+03 1 0)
s>        ( - -2.741e+04 1 0))INFO: dtree.c(1439): stop. leaf nodes are specific
INFO: dtree.c(1478): Final simple tree
|( QUESTION11 -1 -3.925e+04 1.818e+02 1.914e+02
|    ( QUESTION0 1 -1.026e+04 1.557e+02 5.003e+01
|        ( - -8.864e+03 1 0)
|        ( - -1.239e+03 1 0))
|    ( QUESTION0 1 -2.881e+04 1.871e+02 1.414e+02
|        ( - -1.006e+04 1 0)
|        ( - -1.857e+04 2 0)))
s>    ( QUESTION11 -1 -3.925e+04 1.818e+02 1.914e+02
s>        ( QUESTION0 1 -1.026e+04 1.557e+02 5.003e+01
s>            ( - -8.864e+03 1 0)
s>            ( - -1.239e+03 1 0))
s>        ( QUESTION0 1 -2.881e+04 1.871e+02 1.414e+02
s>            ( - -1.006e+04 1 0)
s>            ( - -1.857e+04 2 0)))INFO: dtree.c(1315): Comp split 65
INFO: dtree.c(1439): stop. leaf nodes are specific
INFO: dtree.c(1478): Final simple tree
|( QUESTION0_0_R 1 -8.722e+04 2.051e+02 4.242e+02
|    ( - -3.270e+02 1 0)
|    ( - -8.669e+04 2 0))
s>    ( QUESTION0_0_R 1 -8.722e+04 2.051e+02 4.242e+02
s>        ( - -3.270e+02 1 0)
s>        ( - -8.669e+04 2 0))INFO: dtree.c(1439): stop. leaf nodes are specific
INFO: dtree.c(1478): Final simple tree
|( QUESTION0_6_R 1 -2.979e+04 2.161e+02 1.459e+02
|    ( - -2.243e+02 1 0)
|    ( WDBNDRY_B 0 -2.935e+04 1.815e+02 1.439e+02
|        ( - -2.737e+04 1 0)
|        ( - -1.800e+03 1 0)))
s>    ( QUESTION0_6_R 1 -2.979e+04 2.161e+02 1.459e+02
s>        ( - -2.243e+02 1 0)
s>        ( WDBNDRY_B 0 -2.935e+04 1.815e+02 1.439e+02
s>            ( - -2.737e+04 1 0)
s>            ( - -1.800e+03 1 0)))INFO: dtree.c(1315): Comp split 66
INFO: dtree.c(1315): Comp split 67
INFO: dtree.c(1315): Comp split 68
INFO: dtree.c(1315): Comp split 69
INFO: dtree.c(1439): stop. leaf nodes are specific
INFO: dtree.c(1478): Final simple tree
|( QUESTION0 1 -7.267e+04 2.305e+02 3.425e+02
|    ( WDBNDRY_B 0 -5.889e+04 1.062e+02 2.781e+02
|        ( - -9.911e+02 1 0)
|        ( - -5.779e+04 2 0))
|    ( - -1.355e+04 1 0))
s>    ( QUESTION0 1 -7.267e+04 2.305e+02 3.425e+02
s>        ( WDBNDRY_B 0 -5.889e+04 1.062e+02 2.781e+02
s>            ( - -9.911e+02 1 0)
s>            ( - -5.779e+04 2 0))
s>        ( - -1.355e+04 1 0))INFO: dtree.c(1439): stop. leaf nodes are specific
INFO: dtree.c(1478): Final simple tree
|( WDBNDRY_B 0 -8.174e+04 2.544e+02 3.912e+02
|    ( - -2.673e+04 1 0)
|    ( - -5.475e+04 1 0))
s>    ( WDBNDRY_B 0 -8.174e+04 2.544e+02 3.912e+02
s>        ( - -2.673e+04 1 0)
s>        ( - -5.475e+04 1 0))INFO: dtree.c(1315): Comp split 70
INFO: dtree.c(1315): Comp split 71
INFO: dtree.c(1439): stop. leaf nodes are specific
INFO: dtree.c(1478): Final simple tree
|( QUESTION0_14_R 1 -1.168e+05 1.889e+02 5.793e+02
|    ( - -9.192e+04 2 0)
|    ( - -2.470e+04 1 0))
s>    ( QUESTION0_14_R 1 -1.168e+05 1.889e+02 5.793e+02
s>        ( - -9.192e+04 2 0)
s>        ( - -2.470e+04 1 0))INFO: dtree.c(1315): Comp split 72
INFO: dtree.c(1315): Comp split 73
INFO: dtree.c(1439): stop. leaf nodes are specific
INFO: dtree.c(1478): Final simple tree
|( WDBNDRY_B 0 -4.442e+04 2.199e+02 2.117e+02
|    ( QUESTION0 1 -2.308e+04 1.347e+02 1.092e+02
|        ( - -2.053e+04 1 0)
|        ( - -2.411e+03 1 0))
|    ( - -2.112e+04 1 0))
s>    ( WDBNDRY_B 0 -4.442e+04 2.199e+02 2.117e+02
s>        ( QUESTION0 1 -2.308e+04 1.347e+02 1.092e+02
s>            ( - -2.053e+04 1 0)
s>            ( - -2.411e+03 1 0))
s>        ( - -2.112e+04 1 0))INFO: dtree.c(1439): stop. leaf nodes are specific
INFO: dtree.c(1478): Final simple tree
|( QUESTION0 1 -6.707e+03 1.419e+02 3.334e+01
|    ( - -5.681e+03 1 0)
|    ( - -8.835e+02 1 0))
s>    ( QUESTION0 1 -6.707e+03 1.419e+02 3.334e+01
s>        ( - -5.681e+03 1 0)
s>        ( - -8.835e+02 1 0))INFO: dtree.c(1315): Comp split 74
INFO: dtree.c(1439): stop. leaf nodes are specific
INFO: dtree.c(1478): Final simple tree
|( QUESTION0_14_R 1 -2.006e+04 1.864e+02 9.607e+01
|    ( - -1.940e+04 2 0)
|    ( - -4.806e+02 1 0))
s>    ( QUESTION0_14_R 1 -2.006e+04 1.864e+02 9.607e+01
s>        ( - -1.940e+04 2 0)
s>        ( - -4.806e+02 1 0))INFO: dtree.c(1439): stop. leaf nodes are specific
INFO: dtree.c(1478): Final simple tree
|( QUESTION0_15_R 1 -7.252e+04 2.294e+02 3.473e+02
|    ( QUESTION0_18_R 1 -2.619e+04 1.569e+02 1.244e+02
|        ( - -2.089e+04 1 0)
|        ( - -5.143e+03 1 0))
|    ( QUESTION0_0_R 1 -4.610e+04 1.919e+02 2.228e+02
|        ( - -5.560e+03 3 0)
|        ( - -4.034e+04 1 0)))
s>    ( QUESTION0_15_R 1 -7.252e+04 2.294e+02 3.473e+02
s>        ( QUESTION0_18_R 1 -2.619e+04 1.569e+02 1.244e+02
s>            ( - -2.089e+04 1 0)
s>            ( - -5.143e+03 1 0))
s>        ( QUESTION0_0_R 1 -4.610e+04 1.919e+02 2.228e+02
s>            ( - -5.560e+03 3 0)
s>            ( - -4.034e+04 1 0)))INFO: dtree.c(1315): Comp split 75
INFO: dtree.c(1315): Comp split 76
INFO: dtree.c(1315): Comp split 77
INFO: dtree.c(1315): Comp split 78
INFO: dtree.c(1439): stop. leaf nodes are specific
INFO: dtree.c(1478): Final simple tree
|( WDBNDRY_B 0 -2.365e+04 1.162e+02 1.145e+02
|    ( - -2.411e+03 1 0)
|    ( - -2.112e+04 1 0))
s>    ( WDBNDRY_B 0 -2.365e+04 1.162e+02 1.145e+02
s>        ( - -2.411e+03 1 0)
s>        ( - -2.112e+04 1 0))INFO: dtree.c(1315): Comp split 79
INFO: dtree.c(1439): stop. leaf nodes are specific
INFO: dtree.c(1478): Final simple tree
|( WDBNDRY_B 0 -1.464e+04 1.024e+02 6.946e+01
|    ( - -9.911e+02 1 0)
|    ( - -1.355e+04 1 0))
s>    ( WDBNDRY_B 0 -1.464e+04 1.024e+02 6.946e+01
s>        ( - -9.911e+02 1 0)
s>        ( - -1.355e+04 1 0))INFO: dtree.c(1315): Comp split 80
INFO: dtree.c(1439): stop. leaf nodes are specific
INFO: dtree.c(1478): Final simple tree
|( QUESTION0_0_R 1 -4.610e+04 1.919e+02 2.228e+02
|    ( - -5.560e+03 3 0)
|    ( - -4.034e+04 1 0))
s>    ( QUESTION0_0_R 1 -4.610e+04 1.919e+02 2.228e+02
s>        ( - -5.560e+03 3 0)
s>        ( - -4.034e+04 1 0))INFO: dtree.c(1439): stop. leaf nodes are specific
INFO: dtree.c(1478): Final simple tree
|( QUESTION0_18_R 1 -2.619e+04 1.569e+02 1.244e+02
|    ( - -2.089e+04 1 0)
|    ( - -5.143e+03 1 0))
s>    ( QUESTION0_18_R 1 -2.619e+04 1.569e+02 1.244e+02
s>        ( - -2.089e+04 1 0)
s>        ( - -5.143e+03 1 0))INFO: dtree.c(1315): Comp split 81
INFO: dtree.c(1439): stop. leaf nodes are specific
INFO: dtree.c(1478): Final simple tree
|( WDBNDRY_B 0 -2.935e+04 1.815e+02 1.439e+02
|    ( - -2.737e+04 1 0)
|    ( - -1.800e+03 1 0))
s>    ( WDBNDRY_B 0 -2.935e+04 1.815e+02 1.439e+02
s>        ( - -2.737e+04 1 0)
s>        ( - -1.800e+03 1 0))INFO: dtree.c(1315): Comp split 82
INFO: dtree.c(1439): stop. leaf nodes are specific
INFO: dtree.c(1478): Final simple tree
|( QUESTION2_0_L -1 -6.052e+03 1.310e+02 2.999e+01
|    ( - -8.829e+02 1 0)
|    ( QUESTION2_14_L -1 -5.038e+03 1.193e+02 2.499e+01
|        ( - -2.971e+03 1 0)
|        ( - -1.947e+03 1 0)))
s>    ( QUESTION2_0_L -1 -6.052e+03 1.310e+02 2.999e+01
s>        ( - -8.829e+02 1 0)
s>        ( QUESTION2_14_L -1 -5.038e+03 1.193e+02 2.499e+01
s>            ( - -2.971e+03 1 0)
s>            ( - -1.947e+03 1 0)))INFO: dtree.c(1315): Comp split 83
INFO: dtree.c(1315): Comp split 84
INFO: dtree.c(1439): stop. leaf nodes are specific
INFO: dtree.c(1478): Final simple tree
|( QUESTION14 1 -2.899e+04 1.770e+02 1.404e+02
|    ( - -1.239e+03 1 0)
|    ( QUESTION0 1 -2.757e+04 1.418e+02 1.334e+02
|        ( - -8.864e+03 1 0)
|        ( - -1.857e+04 2 0)))
s>    ( QUESTION14 1 -2.899e+04 1.770e+02 1.404e+02
s>        ( - -1.239e+03 1 0)
s>        ( QUESTION0 1 -2.757e+04 1.418e+02 1.334e+02
s>            ( - -8.864e+03 1 0)
s>            ( - -1.857e+04 2 0)))INFO: dtree.c(1315): Comp split 85
INFO: dtree.c(1315): Comp split 86
INFO: dtree.c(1315): Comp split 87
INFO: dtree.c(1315): Comp split 88
INFO: dtree.c(1315): Comp split 89
INFO: dtree.c(1315): Comp split 90
INFO: dtree.c(1315): Comp split 91
INFO: dtree.c(1315): Comp split 92
INFO: dtree.c(1315): Comp split 93
INFO: dtree.c(1439): stop. leaf nodes are specific
INFO: dtree.c(1478): Final simple tree
|( QUESTION0 1 -2.757e+04 1.418e+02 1.334e+02
|    ( - -8.864e+03 1 0)
|    ( - -1.857e+04 2 0))
s>    ( QUESTION0 1 -2.757e+04 1.418e+02 1.334e+02
s>        ( - -8.864e+03 1 0)
s>        ( - -1.857e+04 2 0))INFO: dtree.c(1315): Comp split 94
INFO: dtree.c(1315): Comp split 95
INFO: dtree.c(1439): stop. leaf nodes are specific
INFO: dtree.c(1478): Final simple tree
|( QUESTION0_18_R 1 -3.165e+03 1.228e+02 1.600e+01
|    ( - -1.899e+03 1 0)
|    ( - -1.144e+03 1 0))
s>    ( QUESTION0_18_R 1 -3.165e+03 1.228e+02 1.600e+01
s>        ( - -1.899e+03 1 0)
s>        ( - -1.144e+03 1 0))INFO: dtree.c(1315): Comp split 96
INFO: dtree.c(1315): Comp split 97
INFO: dtree.c(1315): Comp split 98
INFO: dtree.c(1315): Comp split 99
INFO: dtree.c(1315): Comp split 100
INFO: dtree.c(1315): Comp split 101
INFO: dtree.c(1315): Comp split 102
INFO: dtree.c(1439): stop. leaf nodes are specific
INFO: dtree.c(1478): Final simple tree
|( WDBNDRY_B 0 -1.184e+05 1.159e+02 5.776e+02
|    ( - -1.180e+05 2 0)
|    ( - -3.114e+02 1 0))
s>    ( WDBNDRY_B 0 -1.184e+05 1.159e+02 5.776e+02
s>        ( - -1.180e+05 2 0)
s>        ( - -3.114e+02 1 0))INFO: dtree.c(1315): Comp split 103
INFO: dtree.c(1315): Comp split 104
INFO: dtree.c(1315): Comp split 105
INFO: dtree.c(1315): Comp split 106
INFO: dtree.c(1315): Comp split 107
INFO: dtree.c(1315): Comp split 108
INFO: dtree.c(1439): stop. leaf nodes are specific
INFO: dtree.c(1478): Final simple tree
|( QUESTION2_14_L -1 -5.038e+03 1.193e+02 2.499e+01
|    ( - -2.971e+03 1 0)
|    ( - -1.947e+03 1 0))
s>    ( QUESTION2_14_L -1 -5.038e+03 1.193e+02 2.499e+01
s>        ( - -2.971e+03 1 0)
s>        ( - -1.947e+03 1 0))INFO: dtree.c(1315): Comp split 109
INFO: dtree.c(1315): Comp split 110
INFO: dtree.c(1315): Comp split 111
INFO: dtree.c(1315): Comp split 112
INFO: dtree.c(1315): Comp split 113
INFO: dtree.c(1315): Comp split 114
INFO: dtree.c(1315): Comp split 115
INFO: dtree.c(1318): stop. leaf nodes are specific
Sun Mar 19 21:50:57 2017
