Current configuration:
[NAME]		[DEFLT]	[VALUE]
-allphones	no	no
-cntthresh	0.00001	1.000000e-05
-csplitmax	100	2000
-csplitmin	1	1
-csplitthr	8e-4	0.000000e+00
-example	no	no
-fullvar	no	no
-help		no	no
-meanfn			/home/ilya/Рабочий стол/lab_sphinx/ru_base/model_parameters/ru_base.cd_cont_untied/means
-mixwfn			/home/ilya/Рабочий стол/lab_sphinx/ru_base/model_parameters/ru_base.cd_cont_untied/mixture_weights
-moddeffn		/home/ilya/Рабочий стол/lab_sphinx/ru_base/model_architecture/ru_base.untied.mdef
-mwfloor	1e-4	1.000000e-08
-phone			sch
-psetfn			/home/ilya/Рабочий стол/lab_sphinx/ru_base/model_architecture/ru_base.tree_questions
-ssplitmax	5	7
-ssplitmin	1	1
-ssplitthr	8e-4	0.000000e+00
-state			2
-stwt			1.0,0.05,0.0,
-treefn			/home/ilya/Рабочий стол/lab_sphinx/ru_base/trees/ru_base.unpruned/sch-2.dtree
-ts2cbfn	.semi.	.cont.
-varfloor	0.00001	1.000000e-05
-varfn			/home/ilya/Рабочий стол/lab_sphinx/ru_base/model_parameters/ru_base.cd_cont_untied/variances

INFO: main.c(223): Reading: /home/ilya/Рабочий стол/lab_sphinx/ru_base/model_architecture/ru_base.untied.mdef
INFO: model_def_io.c(573): Model definition info:
INFO: model_def_io.c(574): 9415 total models defined (43 base, 9372 tri)
INFO: model_def_io.c(575): 37660 total states
INFO: model_def_io.c(576): 28245 total tied states
INFO: model_def_io.c(577): 129 total tied CI states
INFO: model_def_io.c(578): 43 total tied transition matrices
INFO: model_def_io.c(579): 4 max state/model
INFO: model_def_io.c(580): 4 min state/model
INFO: main.c(242): Building trees for [sch SIL u0 b] through [sch y0 i0 i]
INFO: main.c(269): Covering states |[20889 21002]| == 114
INFO: main.c(275): Reading: /home/ilya/Рабочий стол/lab_sphinx/ru_base/model_parameters/ru_base.cd_cont_untied/mixture_weights
INFO: s3mixw_io.c(173): Read /home/ilya/Рабочий стол/lab_sphinx/ru_base/model_parameters/ru_base.cd_cont_untied/mixture_weights [114x1x1 array]
INFO: main.c(311): 36 of 38 models have observation count greater than 0.000010
INFO: main.c(95): nrm stwt: 0.000 0.048 0.952 
INFO: s3gau_io.c(169): Read /home/ilya/Рабочий стол/lab_sphinx/ru_base/model_parameters/ru_base.cd_cont_untied/means [28245x1x1 array]
INFO: s3gau_io.c(169): Read /home/ilya/Рабочий стол/lab_sphinx/ru_base/model_parameters/ru_base.cd_cont_untied/variances [28245x1x1 array]
INFO: main.c(549): Reading: /home/ilya/Рабочий стол/lab_sphinx/ru_base/model_architecture/ru_base.tree_questions
INFO: main.c(588): 180 total simple questions (172 phone; 8 word bndry)
INFO: main.c(590): 42 Left Only questions, and 42 Right Only questions
INFO: dtree.c(1478): Final simple tree
|( QUESTION0_15_R 1 -1.053e+06 2.783e+03 4.572e+03
|    ( QUESTION16 -1 -8.058e+05 1.116e+03 3.514e+03
|        ( - -2.719e+05 6 0 QUESTION20 1 4.674e+02 1.174e+03)
|        ( QUESTION2_20_L -1 -5.328e+05 1.066e+03 2.340e+03
|            ( QUESTION15 -1 -2.281e+05 9.866e+02 1.005e+03
|                ( - -9.565e+04 3 0 QUESTION20 1 4.288e+02 4.191e+02)
|                ( - -1.315e+05 3 0 QUESTION0 -1 4.570e+02 5.857e+02))
|            ( QUESTION19 -1 -3.036e+05 6.941e+02 1.335e+03
|                ( - -3.809e+04 1 0)
|                ( QUESTION14 -1 -2.648e+05 5.859e+02 1.161e+03
|                    ( - -1.940e+05 2 0 QUESTION20 1 2.264e+02 8.550e+02)
|                    ( - -7.019e+04 6 0 WDBNDRY_B 0 3.604e+02 3.065e+02)))))
|    ( WDBNDRY_E 0 -2.447e+05 5.005e+02 1.058e+03
|        ( - -8.886e+03 2 0 QUESTION20 -1 1.116e+02 4.096e+01)
|        ( - -2.353e+05 13 0 QUESTION2_20_L -1 5.349e+02 1.017e+03)))
s>    ( QUESTION0_15_R 1 -1.053e+06 2.783e+03 4.572e+03
s>        ( QUESTION16 -1 -8.058e+05 1.116e+03 3.514e+03
s>            ( - -2.719e+05 6 0 QUESTION20 1 4.674e+02 1.174e+03)
s>            ( QUESTION2_20_L -1 -5.328e+05 1.066e+03 2.340e+03
s>                ( QUESTION15 -1 -2.281e+05 9.866e+02 1.005e+03
s>                    ( - -9.565e+04 3 0 QUESTION20 1 4.288e+02 4.191e+02)
s>                    ( - -1.315e+05 3 0 QUESTION0 -1 4.570e+02 5.857e+02))
s>                ( QUESTION19 -1 -3.036e+05 6.941e+02 1.335e+03
s>                    ( - -3.809e+04 1 0)
s>                    ( QUESTION14 -1 -2.648e+05 5.859e+02 1.161e+03
s>                        ( - -1.940e+05 2 0 QUESTION20 1 2.264e+02 8.550e+02)
s>                        ( - -7.019e+04 6 0 WDBNDRY_B 0 3.604e+02 3.065e+02)))))
s>        ( WDBNDRY_E 0 -2.447e+05 5.005e+02 1.058e+03
s>            ( - -8.886e+03 2 0 QUESTION20 -1 1.116e+02 4.096e+01)
s>            ( - -2.353e+05 13 0 QUESTION2_20_L -1 5.349e+02 1.017e+03)))INFO: dtree.c(1315): Comp split 0
INFO: dtree.c(1478): Final simple tree
|( QUESTION20 1 -4.740e+05 1.651e+03 2.063e+03
|    ( QUESTION14 -1 -1.399e+05 5.261e+02 6.198e+02
|        ( - -1.124e+05 2 0)
|        ( QUESTION0 -1 -2.698e+04 3.934e+02 1.172e+02
|            ( - -1.865e+04 1 0)
|            ( - -7.932e+03 1 0)))
|    ( QUESTION0_15_R 1 -3.325e+05 5.459e+02 1.443e+03
|        ( - -8.729e+04 2 0 WDBNDRY_B 0 1.531e+02 3.850e+02)
|        ( WDBNDRY_E 0 -2.447e+05 5.005e+02 1.058e+03
|            ( - -8.886e+03 2 0 QUESTION20 -1 1.116e+02 4.096e+01)
|            ( QUESTION2_20_L -1 -2.353e+05 5.349e+02 1.017e+03
|                ( - -1.649e+05 7 0 QUESTION17 -1 2.560e+02 7.154e+02)
|                ( QUESTION14 1 -6.988e+04 6.623e+02 3.016e+02
|                    ( - -3.358e+04 5 0 QUESTION15 -1 2.328e+02 1.423e+02)
|                    ( - -3.564e+04 1 0))))))
s>    ( QUESTION20 1 -4.740e+05 1.651e+03 2.063e+03
s>        ( QUESTION14 -1 -1.399e+05 5.261e+02 6.198e+02
s>            ( - -1.124e+05 2 0)
s>            ( QUESTION0 -1 -2.698e+04 3.934e+02 1.172e+02
s>                ( - -1.865e+04 1 0)
s>                ( - -7.932e+03 1 0)))
s>        ( QUESTION0_15_R 1 -3.325e+05 5.459e+02 1.443e+03
s>            ( - -8.729e+04 2 0 WDBNDRY_B 0 1.531e+02 3.850e+02)
s>            ( WDBNDRY_E 0 -2.447e+05 5.005e+02 1.058e+03
s>                ( - -8.886e+03 2 0 QUESTION20 -1 1.116e+02 4.096e+01)
s>                ( QUESTION2_20_L -1 -2.353e+05 5.349e+02 1.017e+03
s>                    ( - -1.649e+05 7 0 QUESTION17 -1 2.560e+02 7.154e+02)
s>                    ( QUESTION14 1 -6.988e+04 6.623e+02 3.016e+02
s>                        ( - -3.358e+04 5 0 QUESTION15 -1 2.328e+02 1.423e+02)
s>                        ( - -3.564e+04 1 0))))))INFO: dtree.c(1478): Final simple tree
|( QUESTION19 -1 -5.759e+05 7.029e+02 2.509e+03
|    ( - -3.809e+04 1 0)
|    ( QUESTION14 -1 -5.372e+05 5.840e+02 2.335e+03
|        ( - -1.940e+05 2 0 QUESTION20 1 2.264e+02 8.550e+02)
|        ( QUESTION20 1 -3.426e+05 5.802e+02 1.480e+03
|            ( WDBNDRY_B 0 -1.083e+05 5.570e+02 4.674e+02
|                ( - -3.033e+04 1 0)
|                ( QUESTION16 -1 -7.744e+04 3.857e+02 3.376e+02
|                    ( - -5.568e+04 2 0)
|                    ( - -2.137e+04 3 0 QUESTION0 -1 1.909e+02 9.718e+01)))
|            ( WDBNDRY_B 0 -2.336e+05 4.276e+02 1.013e+03
|                ( QUESTION0 -1 -5.689e+04 2.872e+02 2.453e+02
|                    ( - -2.961e+04 1 0)
|                    ( - -2.699e+04 1 0))
|                ( - -1.763e+05 4 0 QUESTION16 -1 2.425e+02 7.677e+02)))))
s>    ( QUESTION19 -1 -5.759e+05 7.029e+02 2.509e+03
s>        ( - -3.809e+04 1 0)
s>        ( QUESTION14 -1 -5.372e+05 5.840e+02 2.335e+03
s>            ( - -1.940e+05 2 0 QUESTION20 1 2.264e+02 8.550e+02)
s>            ( QUESTION20 1 -3.426e+05 5.802e+02 1.480e+03
s>                ( WDBNDRY_B 0 -1.083e+05 5.570e+02 4.674e+02
s>                    ( - -3.033e+04 1 0)
s>                    ( QUESTION16 -1 -7.744e+04 3.857e+02 3.376e+02
s>                        ( - -5.568e+04 2 0)
s>                        ( - -2.137e+04 3 0 QUESTION0 -1 1.909e+02 9.718e+01)))
s>                ( WDBNDRY_B 0 -2.336e+05 4.276e+02 1.013e+03
s>                    ( QUESTION0 -1 -5.689e+04 2.872e+02 2.453e+02
s>                        ( - -2.961e+04 1 0)
s>                        ( - -2.699e+04 1 0))
s>                    ( - -1.763e+05 4 0 QUESTION16 -1 2.425e+02 7.677e+02)))))INFO: dtree.c(1315): Comp split 1
INFO: dtree.c(1478): Final simple tree
|( QUESTION16 1 -2.867e+05 6.321e+02 1.243e+03
|    ( WDBNDRY_B 0 -1.575e+05 2.343e+02 6.833e+02
|        ( - -3.469e+04 1 0)
|        ( - -1.226e+05 4 0 QUESTION16 -1 1.331e+02 5.328e+02))
|    ( QUESTION2_14_L -1 -1.285e+05 3.752e+02 5.593e+02
|        ( QUESTION14 -1 -3.158e+04 1.938e+02 1.343e+02
|            ( - -7.913e+02 1 0)
|            ( WDBNDRY_B 0 -3.060e+04 1.489e+02 1.303e+02
|                ( - -8.609e+02 1 0)
|                ( - -2.959e+04 1 0)))
|        ( WDBNDRY_B 0 -9.656e+04 1.965e+02 4.251e+02
|            ( - -2.686e+03 2 0 SILENCE -1 1.171e+02 1.100e+01)
|            ( QUESTION16 -1 -9.368e+04 1.410e+02 4.141e+02
|                ( - -7.144e+03 2 0)
|                ( - -8.640e+04 2 0 QUESTION0_14_R 1 1.370e+02 3.820e+02)))))
s>    ( QUESTION16 1 -2.867e+05 6.321e+02 1.243e+03
s>        ( WDBNDRY_B 0 -1.575e+05 2.343e+02 6.833e+02
s>            ( - -3.469e+04 1 0)
s>            ( - -1.226e+05 4 0 QUESTION16 -1 1.331e+02 5.328e+02))
s>        ( QUESTION2_14_L -1 -1.285e+05 3.752e+02 5.593e+02
s>            ( QUESTION14 -1 -3.158e+04 1.938e+02 1.343e+02
s>                ( - -7.913e+02 1 0)
s>                ( WDBNDRY_B 0 -3.060e+04 1.489e+02 1.303e+02
s>                    ( - -8.609e+02 1 0)
s>                    ( - -2.959e+04 1 0)))
s>            ( WDBNDRY_B 0 -9.656e+04 1.965e+02 4.251e+02
s>                ( - -2.686e+03 2 0 SILENCE -1 1.171e+02 1.100e+01)
s>                ( QUESTION16 -1 -9.368e+04 1.410e+02 4.141e+02
s>                    ( - -7.144e+03 2 0)
s>                    ( - -8.640e+04 2 0 QUESTION0_14_R 1 1.370e+02 3.820e+02)))))INFO: dtree.c(1439): stop. leaf nodes are specific
INFO: dtree.c(1478): Final simple tree
|( QUESTION15 -1 -1.855e+05 8.222e+02 8.201e+02
|    ( QUESTION0_15_R 1 -5.325e+04 4.294e+02 2.343e+02
|        ( - -7.932e+03 1 0)
|        ( WDBNDRY_E 0 -4.489e+04 3.605e+02 2.003e+02
|            ( QUESTION20 -1 -8.886e+03 1.116e+02 4.096e+01
|                ( - -1.609e+03 1 0)
|                ( - -7.166e+03 1 0))
|            ( - -3.564e+04 1 0)))
|    ( QUESTION0 -1 -1.315e+05 4.570e+02 5.857e+02
|        ( - -1.865e+04 1 0)
|        ( - -1.124e+05 2 0)))
s>    ( QUESTION15 -1 -1.855e+05 8.222e+02 8.201e+02
s>        ( QUESTION0_15_R 1 -5.325e+04 4.294e+02 2.343e+02
s>            ( - -7.932e+03 1 0)
s>            ( WDBNDRY_E 0 -4.489e+04 3.605e+02 2.003e+02
s>                ( QUESTION20 -1 -8.886e+03 1.116e+02 4.096e+01
s>                    ( - -1.609e+03 1 0)
s>                    ( - -7.166e+03 1 0))
s>                ( - -3.564e+04 1 0)))
s>        ( QUESTION0 -1 -1.315e+05 4.570e+02 5.857e+02
s>            ( - -1.865e+04 1 0)
s>            ( - -1.124e+05 2 0)))INFO: dtree.c(1315): Comp split 2
INFO: dtree.c(1439): stop. leaf nodes are specific
INFO: dtree.c(1478): Final simple tree
|( WDBNDRY_B 0 -2.369e+05 3.903e+02 1.025e+03
|    ( QUESTION0 -1 -6.024e+04 2.899e+02 2.572e+02
|        ( - -2.961e+04 1 0)
|        ( - -3.033e+04 1 0))
|    ( QUESTION16 -1 -1.763e+05 2.425e+02 7.677e+02
|        ( - -1.574e+05 2 0)
|        ( QUESTION0 -1 -1.865e+04 1.408e+02 8.190e+01
|            ( - -1.673e+04 1 0)
|            ( - -1.774e+03 1 0))))
s>    ( WDBNDRY_B 0 -2.369e+05 3.903e+02 1.025e+03
s>        ( QUESTION0 -1 -6.024e+04 2.899e+02 2.572e+02
s>            ( - -2.961e+04 1 0)
s>            ( - -3.033e+04 1 0))
s>        ( QUESTION16 -1 -1.763e+05 2.425e+02 7.677e+02
s>            ( - -1.574e+05 2 0)
s>            ( QUESTION0 -1 -1.865e+04 1.408e+02 8.190e+01
s>                ( - -1.673e+04 1 0)
s>                ( - -1.774e+03 1 0))))INFO: dtree.c(1439): stop. leaf nodes are specific
INFO: dtree.c(1478): Final simple tree
|( QUESTION19 -1 -3.379e+05 6.656e+02 1.484e+03
|    ( - -3.809e+04 1 0)
|    ( QUESTION15 -1 -2.991e+05 3.940e+02 1.310e+03
|        ( WDBNDRY_B 0 -8.354e+04 3.430e+02 3.604e+02
|            ( - -2.699e+04 1 0)
|            ( QUESTION16 -1 -5.621e+04 2.070e+02 2.424e+02
|                ( - -5.568e+04 2 0)
|                ( - -3.190e+02 1 0)))
|        ( QUESTION0 -1 -2.152e+05 3.150e+02 9.501e+02
|            ( - -2.086e+04 2 0)
|            ( QUESTION20 1 -1.940e+05 2.264e+02 8.550e+02
|                ( - -7.664e+04 1 0)
|                ( - -1.172e+05 1 0)))))
s>    ( QUESTION19 -1 -3.379e+05 6.656e+02 1.484e+03
s>        ( - -3.809e+04 1 0)
s>        ( QUESTION15 -1 -2.991e+05 3.940e+02 1.310e+03
s>            ( WDBNDRY_B 0 -8.354e+04 3.430e+02 3.604e+02
s>                ( - -2.699e+04 1 0)
s>                ( QUESTION16 -1 -5.621e+04 2.070e+02 2.424e+02
s>                    ( - -5.568e+04 2 0)
s>                    ( - -3.190e+02 1 0)))
s>            ( QUESTION0 -1 -2.152e+05 3.150e+02 9.501e+02
s>                ( - -2.086e+04 2 0)
s>                ( QUESTION20 1 -1.940e+05 2.264e+02 8.550e+02
s>                    ( - -7.664e+04 1 0)
s>                    ( - -1.172e+05 1 0)))))INFO: dtree.c(1315): Comp split 3
INFO: dtree.c(1439): stop. leaf nodes are specific
INFO: dtree.c(1478): Final simple tree
|( QUESTION0_15_R 1 -5.325e+04 4.294e+02 2.343e+02
|    ( - -7.932e+03 1 0)
|    ( WDBNDRY_E 0 -4.489e+04 3.605e+02 2.003e+02
|        ( QUESTION20 -1 -8.886e+03 1.116e+02 4.096e+01
|            ( - -1.609e+03 1 0)
|            ( - -7.166e+03 1 0))
|        ( - -3.564e+04 1 0)))
s>    ( QUESTION0_15_R 1 -5.325e+04 4.294e+02 2.343e+02
s>        ( - -7.932e+03 1 0)
s>        ( WDBNDRY_E 0 -4.489e+04 3.605e+02 2.003e+02
s>            ( QUESTION20 -1 -8.886e+03 1.116e+02 4.096e+01
s>                ( - -1.609e+03 1 0)
s>                ( - -7.166e+03 1 0))
s>            ( - -3.564e+04 1 0)))INFO: dtree.c(1439): stop. leaf nodes are specific
INFO: dtree.c(1478): Final simple tree
|( QUESTION0 -1 -1.315e+05 4.570e+02 5.857e+02
|    ( - -1.865e+04 1 0)
|    ( - -1.124e+05 2 0))
s>    ( QUESTION0 -1 -1.315e+05 4.570e+02 5.857e+02
s>        ( - -1.865e+04 1 0)
s>        ( - -1.124e+05 2 0))INFO: dtree.c(1315): Comp split 4
INFO: dtree.c(1439): stop. leaf nodes are specific
INFO: dtree.c(1478): Final simple tree
|( QUESTION14 1 -1.874e+05 2.663e+02 8.096e+02
|    ( - -2.959e+04 1 0)
|    ( WDBNDRY_B 0 -1.575e+05 2.343e+02 6.833e+02
|        ( - -3.469e+04 1 0)
|        ( QUESTION16 -1 -1.226e+05 1.331e+02 5.328e+02
|            ( - -5.139e+03 2 0)
|            ( - -1.173e+05 2 0))))
s>    ( QUESTION14 1 -1.874e+05 2.663e+02 8.096e+02
s>        ( - -2.959e+04 1 0)
s>        ( WDBNDRY_B 0 -1.575e+05 2.343e+02 6.833e+02
s>            ( - -3.469e+04 1 0)
s>            ( QUESTION16 -1 -1.226e+05 1.331e+02 5.328e+02
s>                ( - -5.139e+03 2 0)
s>                ( - -1.173e+05 2 0))))INFO: dtree.c(1439): stop. leaf nodes are specific
INFO: dtree.c(1478): Final simple tree
|( QUESTION2_20_L -1 -9.854e+04 2.694e+02 4.331e+02
|    ( WDBNDRY_B 0 -9.457e+04 1.491e+02 4.171e+02
|        ( - -1.652e+03 1 0)
|        ( QUESTION0_14_R 1 -9.277e+04 1.413e+02 4.101e+02
|            ( - -7.144e+03 2 0)
|            ( - -8.549e+04 1 0)))
|    ( QUESTION0 -1 -3.697e+03 1.622e+02 1.600e+01
|        ( - -7.694e+02 1 0)
|        ( SILENCE -1 -2.766e+03 1.054e+02 1.200e+01
|            ( - -9.176e+02 1 0)
|            ( WDBNDRY_B 0 -1.743e+03 9.075e+01 8.000e+00
|                ( - -8.609e+02 1 0)
|                ( - -7.913e+02 1 0)))))
s>    ( QUESTION2_20_L -1 -9.854e+04 2.694e+02 4.331e+02
s>        ( WDBNDRY_B 0 -9.457e+04 1.491e+02 4.171e+02
s>            ( - -1.652e+03 1 0)
s>            ( QUESTION0_14_R 1 -9.277e+04 1.413e+02 4.101e+02
s>                ( - -7.144e+03 2 0)
s>                ( - -8.549e+04 1 0)))
s>        ( QUESTION0 -1 -3.697e+03 1.622e+02 1.600e+01
s>            ( - -7.694e+02 1 0)
s>            ( SILENCE -1 -2.766e+03 1.054e+02 1.200e+01
s>                ( - -9.176e+02 1 0)
s>                ( WDBNDRY_B 0 -1.743e+03 9.075e+01 8.000e+00
s>                    ( - -8.609e+02 1 0)
s>                    ( - -7.913e+02 1 0)))))INFO: dtree.c(1315): Comp split 5
INFO: dtree.c(1439): stop. leaf nodes are specific
INFO: dtree.c(1478): Final simple tree
|( QUESTION15 -1 -2.991e+05 3.940e+02 1.310e+03
|    ( WDBNDRY_B 0 -8.354e+04 3.430e+02 3.604e+02
|        ( - -2.699e+04 1 0)
|        ( QUESTION16 -1 -5.621e+04 2.070e+02 2.424e+02
|            ( - -5.568e+04 2 0)
|            ( - -3.190e+02 1 0)))
|    ( QUESTION0 -1 -2.152e+05 3.150e+02 9.501e+02
|        ( - -2.086e+04 2 0)
|        ( QUESTION20 1 -1.940e+05 2.264e+02 8.550e+02
|            ( - -7.664e+04 1 0)
|            ( - -1.172e+05 1 0))))
s>    ( QUESTION15 -1 -2.991e+05 3.940e+02 1.310e+03
s>        ( WDBNDRY_B 0 -8.354e+04 3.430e+02 3.604e+02
s>            ( - -2.699e+04 1 0)
s>            ( QUESTION16 -1 -5.621e+04 2.070e+02 2.424e+02
s>                ( - -5.568e+04 2 0)
s>                ( - -3.190e+02 1 0)))
s>        ( QUESTION0 -1 -2.152e+05 3.150e+02 9.501e+02
s>            ( - -2.086e+04 2 0)
s>            ( QUESTION20 1 -1.940e+05 2.264e+02 8.550e+02
s>                ( - -7.664e+04 1 0)
s>                ( - -1.172e+05 1 0))))INFO: dtree.c(1315): Comp split 6
INFO: dtree.c(1439): stop. leaf nodes are specific
INFO: dtree.c(1478): Final simple tree
|( QUESTION0 -1 -2.430e+05 3.276e+02 1.070e+03
|    ( - -2.086e+04 2 0)
|    ( QUESTION14 -1 -2.218e+05 2.451e+02 9.749e+02
|        ( QUESTION20 1 -1.940e+05 2.264e+02 8.550e+02
|            ( - -7.664e+04 1 0)
|            ( - -1.172e+05 1 0))
|        ( WDBNDRY_B 0 -2.750e+04 1.940e+02 1.199e+02
|            ( - -2.699e+04 1 0)
|            ( - -3.190e+02 1 0))))
s>    ( QUESTION0 -1 -2.430e+05 3.276e+02 1.070e+03
s>        ( - -2.086e+04 2 0)
s>        ( QUESTION14 -1 -2.218e+05 2.451e+02 9.749e+02
s>            ( QUESTION20 1 -1.940e+05 2.264e+02 8.550e+02
s>                ( - -7.664e+04 1 0)
s>                ( - -1.172e+05 1 0))
s>            ( WDBNDRY_B 0 -2.750e+04 1.940e+02 1.199e+02
s>                ( - -2.699e+04 1 0)
s>                ( - -3.190e+02 1 0))))INFO: dtree.c(1315): Comp split 7
INFO: dtree.c(1315): Comp split 8
INFO: dtree.c(1439): stop. leaf nodes are specific
INFO: dtree.c(1478): Final simple tree
|( WDBNDRY_E 0 -4.489e+04 3.605e+02 2.003e+02
|    ( QUESTION20 -1 -8.886e+03 1.116e+02 4.096e+01
|        ( - -1.609e+03 1 0)
|        ( - -7.166e+03 1 0))
|    ( - -3.564e+04 1 0))
s>    ( WDBNDRY_E 0 -4.489e+04 3.605e+02 2.003e+02
s>        ( QUESTION20 -1 -8.886e+03 1.116e+02 4.096e+01
s>            ( - -1.609e+03 1 0)
s>            ( - -7.166e+03 1 0))
s>        ( - -3.564e+04 1 0))INFO: dtree.c(1315): Comp split 9
INFO: dtree.c(1439): stop. leaf nodes are specific
INFO: dtree.c(1478): Final simple tree
|( QUESTION11 -1 -7.911e+04 2.775e+02 3.391e+02
|    ( - -2.961e+04 1 0)
|    ( WDBNDRY_B 0 -4.921e+04 2.301e+02 2.117e+02
|        ( - -3.033e+04 1 0)
|        ( QUESTION0 -1 -1.865e+04 1.408e+02 8.190e+01
|            ( - -1.673e+04 1 0)
|            ( - -1.774e+03 1 0))))
s>    ( QUESTION11 -1 -7.911e+04 2.775e+02 3.391e+02
s>        ( - -2.961e+04 1 0)
s>        ( WDBNDRY_B 0 -4.921e+04 2.301e+02 2.117e+02
s>            ( - -3.033e+04 1 0)
s>            ( QUESTION0 -1 -1.865e+04 1.408e+02 8.190e+01
s>                ( - -1.673e+04 1 0)
s>                ( - -1.774e+03 1 0))))INFO: dtree.c(1315): Comp split 10
INFO: dtree.c(1439): stop. leaf nodes are specific
INFO: dtree.c(1478): Final simple tree
|( QUESTION20 -1 -8.886e+03 1.116e+02 4.096e+01
|    ( - -1.609e+03 1 0)
|    ( - -7.166e+03 1 0))
s>    ( QUESTION20 -1 -8.886e+03 1.116e+02 4.096e+01
s>        ( - -1.609e+03 1 0)
s>        ( - -7.166e+03 1 0))INFO: dtree.c(1315): Comp split 11
INFO: dtree.c(1439): stop. leaf nodes are specific
INFO: dtree.c(1478): Final simple tree
|( WDBNDRY_B 0 -2.213e+05 2.387e+02 9.729e+02
|    ( - -2.699e+04 1 0)
|    ( QUESTION20 1 -1.940e+05 2.264e+02 8.550e+02
|        ( - -7.664e+04 1 0)
|        ( - -1.172e+05 1 0)))
s>    ( WDBNDRY_B 0 -2.213e+05 2.387e+02 9.729e+02
s>        ( - -2.699e+04 1 0)
s>        ( QUESTION20 1 -1.940e+05 2.264e+02 8.550e+02
s>            ( - -7.664e+04 1 0)
s>            ( - -1.172e+05 1 0)))INFO: dtree.c(1439): stop. leaf nodes are specific
INFO: dtree.c(1478): Final simple tree
|( QUESTION0 -1 -2.137e+04 1.909e+02 9.718e+01
|    ( - -2.086e+04 2 0)
|    ( - -3.190e+02 1 0))
s>    ( QUESTION0 -1 -2.137e+04 1.909e+02 9.718e+01
s>        ( - -2.086e+04 2 0)
s>        ( - -3.190e+02 1 0))INFO: dtree.c(1315): Comp split 12
INFO: dtree.c(1439): stop. leaf nodes are specific
INFO: dtree.c(1478): Final simple tree
|( QUESTION15 -1 -4.528e+03 1.224e+02 1.900e+01
|    ( QUESTION0_14_R 1 -2.592e+03 7.921e+01 1.100e+01
|        ( - -8.609e+02 1 0)
|        ( - -1.652e+03 1 0))
|    ( WDBNDRY_B 0 -1.814e+03 1.048e+02 8.000e+00
|        ( - -9.176e+02 1 0)
|        ( - -7.913e+02 1 0)))
s>    ( QUESTION15 -1 -4.528e+03 1.224e+02 1.900e+01
s>        ( QUESTION0_14_R 1 -2.592e+03 7.921e+01 1.100e+01
s>            ( - -8.609e+02 1 0)
s>            ( - -1.652e+03 1 0))
s>        ( WDBNDRY_B 0 -1.814e+03 1.048e+02 8.000e+00
s>            ( - -9.176e+02 1 0)
s>            ( - -7.913e+02 1 0)))INFO: dtree.c(1439): stop. leaf nodes are specific
INFO: dtree.c(1478): Final simple tree
|( QUESTION16 -1 -9.368e+04 1.410e+02 4.141e+02
|    ( - -7.144e+03 2 0)
|    ( QUESTION0_14_R 1 -8.640e+04 1.370e+02 3.820e+02
|        ( - -7.694e+02 1 0)
|        ( - -8.549e+04 1 0)))
s>    ( QUESTION16 -1 -9.368e+04 1.410e+02 4.141e+02
s>        ( - -7.144e+03 2 0)
s>        ( QUESTION0_14_R 1 -8.640e+04 1.370e+02 3.820e+02
s>            ( - -7.694e+02 1 0)
s>            ( - -8.549e+04 1 0)))INFO: dtree.c(1315): Comp split 13
INFO: dtree.c(1439): stop. leaf nodes are specific
INFO: dtree.c(1478): Final simple tree
|( QUESTION16 -1 -1.226e+05 1.331e+02 5.328e+02
|    ( - -5.139e+03 2 0)
|    ( - -1.173e+05 2 0))
s>    ( QUESTION16 -1 -1.226e+05 1.331e+02 5.328e+02
s>        ( - -5.139e+03 2 0)
s>        ( - -1.173e+05 2 0))INFO: dtree.c(1439): stop. leaf nodes are specific
INFO: dtree.c(1478): Final simple tree
|( WDBNDRY_B 0 -6.449e+04 2.139e+02 2.768e+02
|    ( - -3.469e+04 1 0)
|    ( - -2.959e+04 1 0))
s>    ( WDBNDRY_B 0 -6.449e+04 2.139e+02 2.768e+02
s>        ( - -3.469e+04 1 0)
s>        ( - -2.959e+04 1 0))INFO: dtree.c(1315): Comp split 14
INFO: dtree.c(1439): stop. leaf nodes are specific
INFO: dtree.c(1478): Final simple tree
|( WDBNDRY_B 0 -4.921e+04 2.301e+02 2.117e+02
|    ( - -3.033e+04 1 0)
|    ( QUESTION0 -1 -1.865e+04 1.408e+02 8.190e+01
|        ( - -1.673e+04 1 0)
|        ( - -1.774e+03 1 0)))
s>    ( WDBNDRY_B 0 -4.921e+04 2.301e+02 2.117e+02
s>        ( - -3.033e+04 1 0)
s>        ( QUESTION0 -1 -1.865e+04 1.408e+02 8.190e+01
s>            ( - -1.673e+04 1 0)
s>            ( - -1.774e+03 1 0)))INFO: dtree.c(1315): Comp split 15
INFO: dtree.c(1439): stop. leaf nodes are specific
INFO: dtree.c(1478): Final simple tree
|( WDBNDRY_B 0 -1.039e+05 2.218e+02 4.574e+02
|    ( - -2.699e+04 1 0)
|    ( - -7.664e+04 1 0))
s>    ( WDBNDRY_B 0 -1.039e+05 2.218e+02 4.574e+02
s>        ( - -2.699e+04 1 0)
s>        ( - -7.664e+04 1 0))INFO: dtree.c(1315): Comp split 16
INFO: dtree.c(1439): stop. leaf nodes are specific
INFO: dtree.c(1478): Final simple tree
|( QUESTION0 -1 -1.865e+04 1.408e+02 8.190e+01
|    ( - -1.673e+04 1 0)
|    ( - -1.774e+03 1 0))
s>    ( QUESTION0 -1 -1.865e+04 1.408e+02 8.190e+01
s>        ( - -1.673e+04 1 0)
s>        ( - -1.774e+03 1 0))INFO: dtree.c(1315): Comp split 17
INFO: dtree.c(1315): Comp split 18
INFO: dtree.c(1315): Comp split 19
INFO: dtree.c(1315): Comp split 20
INFO: dtree.c(1439): stop. leaf nodes are specific
INFO: dtree.c(1478): Final simple tree
|( QUESTION0_14_R 1 -8.640e+04 1.370e+02 3.820e+02
|    ( - -7.694e+02 1 0)
|    ( - -8.549e+04 1 0))
s>    ( QUESTION0_14_R 1 -8.640e+04 1.370e+02 3.820e+02
s>        ( - -7.694e+02 1 0)
s>        ( - -8.549e+04 1 0))INFO: dtree.c(1315): Comp split 21
INFO: dtree.c(1315): Comp split 22
INFO: dtree.c(1315): Comp split 23
INFO: dtree.c(1315): Comp split 24
INFO: dtree.c(1439): stop. leaf nodes are specific
INFO: dtree.c(1478): Final simple tree
|( QUESTION0_14_R 1 -2.592e+03 7.921e+01 1.100e+01
|    ( - -8.609e+02 1 0)
|    ( - -1.652e+03 1 0))
s>    ( QUESTION0_14_R 1 -2.592e+03 7.921e+01 1.100e+01
s>        ( - -8.609e+02 1 0)
s>        ( - -1.652e+03 1 0))INFO: dtree.c(1439): stop. leaf nodes are specific
INFO: dtree.c(1478): Final simple tree
|( WDBNDRY_B 0 -1.814e+03 1.048e+02 8.000e+00
|    ( - -9.176e+02 1 0)
|    ( - -7.913e+02 1 0))
s>    ( WDBNDRY_B 0 -1.814e+03 1.048e+02 8.000e+00
s>        ( - -9.176e+02 1 0)
s>        ( - -7.913e+02 1 0))INFO: dtree.c(1315): Comp split 25
INFO: dtree.c(1315): Comp split 26
INFO: dtree.c(1315): Comp split 27
INFO: dtree.c(1315): Comp split 28
INFO: dtree.c(1318): stop. leaf nodes are specific
Sun Mar 19 21:50:57 2017
