Current configuration:
[NAME]		[DEFLT]	[VALUE]
-allphones	no	no
-cntthresh	0.00001	1.000000e-05
-csplitmax	100	2000
-csplitmin	1	1
-csplitthr	8e-4	0.000000e+00
-example	no	no
-fullvar	no	no
-help		no	no
-meanfn			/home/ilya/Рабочий стол/lab_sphinx/ru_base/model_parameters/ru_base.cd_cont_untied/means
-mixwfn			/home/ilya/Рабочий стол/lab_sphinx/ru_base/model_parameters/ru_base.cd_cont_untied/mixture_weights
-moddeffn		/home/ilya/Рабочий стол/lab_sphinx/ru_base/model_architecture/ru_base.untied.mdef
-mwfloor	1e-4	1.000000e-08
-phone			zj
-psetfn			/home/ilya/Рабочий стол/lab_sphinx/ru_base/model_architecture/ru_base.tree_questions
-ssplitmax	5	7
-ssplitmin	1	1
-ssplitthr	8e-4	0.000000e+00
-state			2
-stwt			1.0,0.05,0.0,
-treefn			/home/ilya/Рабочий стол/lab_sphinx/ru_base/trees/ru_base.unpruned/zj-2.dtree
-ts2cbfn	.semi.	.cont.
-varfloor	0.00001	1.000000e-05
-varfn			/home/ilya/Рабочий стол/lab_sphinx/ru_base/model_parameters/ru_base.cd_cont_untied/variances

INFO: main.c(223): Reading: /home/ilya/Рабочий стол/lab_sphinx/ru_base/model_architecture/ru_base.untied.mdef
INFO: model_def_io.c(573): Model definition info:
INFO: model_def_io.c(574): 9415 total models defined (43 base, 9372 tri)
INFO: model_def_io.c(575): 37660 total states
INFO: model_def_io.c(576): 28245 total tied states
INFO: model_def_io.c(577): 129 total tied CI states
INFO: model_def_io.c(578): 43 total tied transition matrices
INFO: model_def_io.c(579): 4 max state/model
INFO: model_def_io.c(580): 4 min state/model
INFO: main.c(242): Building trees for [zj SIL e0 b] through [zj y0 e0 b]
INFO: main.c(269): Covering states |[28155 28244]| == 90
INFO: main.c(275): Reading: /home/ilya/Рабочий стол/lab_sphinx/ru_base/model_parameters/ru_base.cd_cont_untied/mixture_weights
INFO: s3mixw_io.c(173): Read /home/ilya/Рабочий стол/lab_sphinx/ru_base/model_parameters/ru_base.cd_cont_untied/mixture_weights [90x1x1 array]
INFO: main.c(311): 30 of 30 models have observation count greater than 0.000010
INFO: main.c(95): nrm stwt: 0.000 0.048 0.952 
INFO: s3gau_io.c(169): Read /home/ilya/Рабочий стол/lab_sphinx/ru_base/model_parameters/ru_base.cd_cont_untied/means [28245x1x1 array]
INFO: s3gau_io.c(169): Read /home/ilya/Рабочий стол/lab_sphinx/ru_base/model_parameters/ru_base.cd_cont_untied/variances [28245x1x1 array]
INFO: main.c(549): Reading: /home/ilya/Рабочий стол/lab_sphinx/ru_base/model_architecture/ru_base.tree_questions
INFO: main.c(588): 180 total simple questions (172 phone; 8 word bndry)
INFO: main.c(590): 42 Left Only questions, and 42 Right Only questions
INFO: dtree.c(1478): Final simple tree
|( WDBNDRY_E 0 -4.925e+05 4.237e+03 2.155e+03
|    ( QUESTION0_1_R 1 -1.340e+05 1.174e+03 5.825e+02
|        ( QUESTION0_2_R 1 -4.637e+04 6.103e+02 2.057e+02
|            ( - -2.492e+04 1 0)
|            ( - -2.084e+04 1 0))
|        ( QUESTION0_0_R 1 -8.649e+04 1.028e+03 3.768e+02
|            ( QUESTION5 1 -3.703e+04 5.772e+02 1.655e+02
|                ( - -1.540e+04 1 0)
|                ( - -2.106e+04 2 0 QUESTION0_7_R 1 2.094e+02 9.238e+01))
|            ( - -4.843e+04 2 0 QUESTION0 1 2.710e+02 2.113e+02)))
|    ( QUESTION16 -1 -3.542e+05 9.129e+02 1.573e+03
|        ( - -1.009e+05 5 0 WDBNDRY_B 0 5.152e+02 4.612e+02)
|        ( QUESTION20 1 -2.524e+05 5.548e+02 1.112e+03
|            ( - -7.948e+04 4 0 QUESTION14 -1 4.135e+02 3.540e+02)
|            ( - -1.724e+05 14 0 QUESTION1 -1 4.443e+02 7.576e+02))))
s>    ( WDBNDRY_E 0 -4.925e+05 4.237e+03 2.155e+03
s>        ( QUESTION0_1_R 1 -1.340e+05 1.174e+03 5.825e+02
s>            ( QUESTION0_2_R 1 -4.637e+04 6.103e+02 2.057e+02
s>                ( - -2.492e+04 1 0)
s>                ( - -2.084e+04 1 0))
s>            ( QUESTION0_0_R 1 -8.649e+04 1.028e+03 3.768e+02
s>                ( QUESTION5 1 -3.703e+04 5.772e+02 1.655e+02
s>                    ( - -1.540e+04 1 0)
s>                    ( - -2.106e+04 2 0 QUESTION0_7_R 1 2.094e+02 9.238e+01))
s>                ( - -4.843e+04 2 0 QUESTION0 1 2.710e+02 2.113e+02)))
s>        ( QUESTION16 -1 -3.542e+05 9.129e+02 1.573e+03
s>            ( - -1.009e+05 5 0 WDBNDRY_B 0 5.152e+02 4.612e+02)
s>            ( QUESTION20 1 -2.524e+05 5.548e+02 1.112e+03
s>                ( - -7.948e+04 4 0 QUESTION14 -1 4.135e+02 3.540e+02)
s>                ( - -1.724e+05 14 0 QUESTION1 -1 4.443e+02 7.576e+02))))INFO: dtree.c(1315): Comp split 0
INFO: dtree.c(1439): stop. leaf nodes are specific
INFO: dtree.c(1478): Final simple tree
|( QUESTION0_1_R 1 -1.340e+05 1.174e+03 5.825e+02
|    ( QUESTION0_2_R 1 -4.637e+04 6.103e+02 2.057e+02
|        ( - -2.492e+04 1 0)
|        ( - -2.084e+04 1 0))
|    ( QUESTION0_0_R 1 -8.649e+04 1.028e+03 3.768e+02
|        ( QUESTION5 1 -3.703e+04 5.772e+02 1.655e+02
|            ( - -1.540e+04 1 0)
|            ( QUESTION0_7_R 1 -2.106e+04 2.094e+02 9.238e+01
|                ( - -2.277e+02 1 0)
|                ( - -2.062e+04 1 0)))
|        ( QUESTION0 1 -4.843e+04 2.710e+02 2.113e+02
|            ( - -2.213e+04 1 0)
|            ( - -2.603e+04 1 0))))
s>    ( QUESTION0_1_R 1 -1.340e+05 1.174e+03 5.825e+02
s>        ( QUESTION0_2_R 1 -4.637e+04 6.103e+02 2.057e+02
s>            ( - -2.492e+04 1 0)
s>            ( - -2.084e+04 1 0))
s>        ( QUESTION0_0_R 1 -8.649e+04 1.028e+03 3.768e+02
s>            ( QUESTION5 1 -3.703e+04 5.772e+02 1.655e+02
s>                ( - -1.540e+04 1 0)
s>                ( QUESTION0_7_R 1 -2.106e+04 2.094e+02 9.238e+01
s>                    ( - -2.277e+02 1 0)
s>                    ( - -2.062e+04 1 0)))
s>            ( QUESTION0 1 -4.843e+04 2.710e+02 2.113e+02
s>                ( - -2.213e+04 1 0)
s>                ( - -2.603e+04 1 0))))INFO: dtree.c(1478): Final simple tree
|( QUESTION16 -1 -3.542e+05 9.129e+02 1.573e+03
|    ( WDBNDRY_B 0 -1.009e+05 5.152e+02 4.612e+02
|        ( - -4.962e+04 1 0)
|        ( QUESTION20 1 -5.081e+04 3.709e+02 2.276e+02
|            ( - -1.313e+04 2 0)
|            ( - -3.731e+04 2 0 QUESTION0_14_R 1 1.961e+02 1.667e+02)))
|    ( QUESTION20 1 -2.524e+05 5.548e+02 1.112e+03
|        ( QUESTION14 -1 -7.948e+04 4.135e+02 3.540e+02
|            ( - -3.022e+04 1 0)
|            ( - -4.884e+04 3 0 QUESTION0 -1 3.197e+02 2.197e+02))
|        ( QUESTION1 -1 -1.724e+05 4.443e+02 7.576e+02
|            ( - -2.576e+04 1 0)
|            ( QUESTION17 1 -1.462e+05 4.073e+02 6.412e+02
|                ( - -1.183e+05 10 0 QUESTION2_14_L -1 3.122e+02 5.176e+02)
|                ( - -2.745e+04 3 0 QUESTION0_14_R 1 3.156e+02 1.236e+02)))))
s>    ( QUESTION16 -1 -3.542e+05 9.129e+02 1.573e+03
s>        ( WDBNDRY_B 0 -1.009e+05 5.152e+02 4.612e+02
s>            ( - -4.962e+04 1 0)
s>            ( QUESTION20 1 -5.081e+04 3.709e+02 2.276e+02
s>                ( - -1.313e+04 2 0)
s>                ( - -3.731e+04 2 0 QUESTION0_14_R 1 1.961e+02 1.667e+02)))
s>        ( QUESTION20 1 -2.524e+05 5.548e+02 1.112e+03
s>            ( QUESTION14 -1 -7.948e+04 4.135e+02 3.540e+02
s>                ( - -3.022e+04 1 0)
s>                ( - -4.884e+04 3 0 QUESTION0 -1 3.197e+02 2.197e+02))
s>            ( QUESTION1 -1 -1.724e+05 4.443e+02 7.576e+02
s>                ( - -2.576e+04 1 0)
s>                ( QUESTION17 1 -1.462e+05 4.073e+02 6.412e+02
s>                    ( - -1.183e+05 10 0 QUESTION2_14_L -1 3.122e+02 5.176e+02)
s>                    ( - -2.745e+04 3 0 QUESTION0_14_R 1 3.156e+02 1.236e+02)))))INFO: dtree.c(1315): Comp split 1
INFO: dtree.c(1439): stop. leaf nodes are specific
INFO: dtree.c(1478): Final simple tree
|( QUESTION0_0_R 1 -8.649e+04 1.028e+03 3.768e+02
|    ( QUESTION5 1 -3.703e+04 5.772e+02 1.655e+02
|        ( - -1.540e+04 1 0)
|        ( QUESTION0_7_R 1 -2.106e+04 2.094e+02 9.238e+01
|            ( - -2.277e+02 1 0)
|            ( - -2.062e+04 1 0)))
|    ( QUESTION0 1 -4.843e+04 2.710e+02 2.113e+02
|        ( - -2.213e+04 1 0)
|        ( - -2.603e+04 1 0)))
s>    ( QUESTION0_0_R 1 -8.649e+04 1.028e+03 3.768e+02
s>        ( QUESTION5 1 -3.703e+04 5.772e+02 1.655e+02
s>            ( - -1.540e+04 1 0)
s>            ( QUESTION0_7_R 1 -2.106e+04 2.094e+02 9.238e+01
s>                ( - -2.277e+02 1 0)
s>                ( - -2.062e+04 1 0)))
s>        ( QUESTION0 1 -4.843e+04 2.710e+02 2.113e+02
s>            ( - -2.213e+04 1 0)
s>            ( - -2.603e+04 1 0)))INFO: dtree.c(1439): stop. leaf nodes are specific
INFO: dtree.c(1478): Final simple tree
|( QUESTION0_2_R 1 -4.637e+04 6.103e+02 2.057e+02
|    ( - -2.492e+04 1 0)
|    ( - -2.084e+04 1 0))
s>    ( QUESTION0_2_R 1 -4.637e+04 6.103e+02 2.057e+02
s>        ( - -2.492e+04 1 0)
s>        ( - -2.084e+04 1 0))INFO: dtree.c(1315): Comp split 2
INFO: dtree.c(1478): Final simple tree
|( QUESTION20 1 -2.900e+05 5.733e+02 1.278e+03
|    ( QUESTION14 -1 -7.948e+04 4.135e+02 3.540e+02
|        ( - -3.022e+04 1 0)
|        ( QUESTION0 -1 -4.884e+04 3.197e+02 2.197e+02
|            ( - -2.432e+04 1 0)
|            ( - -2.420e+04 2 0 QUESTION20 -1 4.559e+02 1.105e+02)))
|    ( QUESTION0_14_R 1 -2.100e+05 4.868e+02 9.243e+02
|        ( - -2.823e+04 3 0 QUESTION14 -1 1.651e+02 1.272e+02)
|        ( QUESTION2_14_L -1 -1.812e+05 4.045e+02 7.971e+02
|            ( QUESTION14 1 -6.881e+04 3.353e+02 3.013e+02
|                ( - -5.889e+03 1 0)
|                ( - -6.258e+04 4 0 QUESTION0 -1 2.862e+02 2.739e+02))
|            ( QUESTION14 -1 -1.120e+05 3.645e+02 4.958e+02
|                ( - -4.922e+04 3 0)
|                ( - -6.245e+04 5 0 QUESTION1 -1 2.209e+02 2.798e+02)))))
s>    ( QUESTION20 1 -2.900e+05 5.733e+02 1.278e+03
s>        ( QUESTION14 -1 -7.948e+04 4.135e+02 3.540e+02
s>            ( - -3.022e+04 1 0)
s>            ( QUESTION0 -1 -4.884e+04 3.197e+02 2.197e+02
s>                ( - -2.432e+04 1 0)
s>                ( - -2.420e+04 2 0 QUESTION20 -1 4.559e+02 1.105e+02)))
s>        ( QUESTION0_14_R 1 -2.100e+05 4.868e+02 9.243e+02
s>            ( - -2.823e+04 3 0 QUESTION14 -1 1.651e+02 1.272e+02)
s>            ( QUESTION2_14_L -1 -1.812e+05 4.045e+02 7.971e+02
s>                ( QUESTION14 1 -6.881e+04 3.353e+02 3.013e+02
s>                    ( - -5.889e+03 1 0)
s>                    ( - -6.258e+04 4 0 QUESTION0 -1 2.862e+02 2.739e+02))
s>                ( QUESTION14 -1 -1.120e+05 3.645e+02 4.958e+02
s>                    ( - -4.922e+04 3 0)
s>                    ( - -6.245e+04 5 0 QUESTION1 -1 2.209e+02 2.798e+02)))))INFO: dtree.c(1439): stop. leaf nodes are specific
INFO: dtree.c(1478): Final simple tree
|( WDBNDRY_B 0 -6.309e+04 3.420e+02 2.945e+02
|    ( - -4.962e+04 1 0)
|    ( - -1.313e+04 2 0))
s>    ( WDBNDRY_B 0 -6.309e+04 3.420e+02 2.945e+02
s>        ( - -4.962e+04 1 0)
s>        ( - -1.313e+04 2 0))INFO: dtree.c(1315): Comp split 3
INFO: dtree.c(1439): stop. leaf nodes are specific
INFO: dtree.c(1478): Final simple tree
|( QUESTION5 1 -3.703e+04 5.772e+02 1.655e+02
|    ( - -1.540e+04 1 0)
|    ( QUESTION0_7_R 1 -2.106e+04 2.094e+02 9.238e+01
|        ( - -2.277e+02 1 0)
|        ( - -2.062e+04 1 0)))
s>    ( QUESTION5 1 -3.703e+04 5.772e+02 1.655e+02
s>        ( - -1.540e+04 1 0)
s>        ( QUESTION0_7_R 1 -2.106e+04 2.094e+02 9.238e+01
s>            ( - -2.277e+02 1 0)
s>            ( - -2.062e+04 1 0)))INFO: dtree.c(1439): stop. leaf nodes are specific
INFO: dtree.c(1478): Final simple tree
|( QUESTION0 1 -4.843e+04 2.710e+02 2.113e+02
|    ( - -2.213e+04 1 0)
|    ( - -2.603e+04 1 0))
s>    ( QUESTION0 1 -4.843e+04 2.710e+02 2.113e+02
s>        ( - -2.213e+04 1 0)
s>        ( - -2.603e+04 1 0))INFO: dtree.c(1315): Comp split 4
INFO: dtree.c(1439): stop. leaf nodes are specific
INFO: dtree.c(1478): Final simple tree
|( QUESTION2_14_L -1 -6.099e+04 4.566e+02 2.722e+02
|    ( QUESTION2_15_L -1 -6.077e+04 4.017e+02 2.712e+02
|        ( - -3.022e+04 1 0)
|        ( QUESTION14 -1 -3.015e+04 2.762e+02 1.369e+02
|            ( - -5.889e+03 1 0)
|            ( - -2.399e+04 1 0)))
|    ( - 2.410e+02 1 0))
s>    ( QUESTION2_14_L -1 -6.099e+04 4.566e+02 2.722e+02
s>        ( QUESTION2_15_L -1 -6.077e+04 4.017e+02 2.712e+02
s>            ( - -3.022e+04 1 0)
s>            ( QUESTION14 -1 -3.015e+04 2.762e+02 1.369e+02
s>                ( - -5.889e+03 1 0)
s>                ( - -2.399e+04 1 0)))
s>        ( - 2.410e+02 1 0))INFO: dtree.c(1478): Final simple tree
|( QUESTION0_14_R 1 -2.283e+05 5.178e+02 1.006e+03
|    ( - -2.823e+04 3 0 QUESTION14 -1 1.651e+02 1.272e+02)
|    ( QUESTION2_14_L -1 -1.996e+05 3.994e+02 8.789e+02
|        ( QUESTION0 -1 -6.258e+04 2.862e+02 2.739e+02
|            ( - -2.469e+04 1 0)
|            ( - -3.760e+04 3 0 WDBNDRY_B 0 1.436e+02 1.672e+02))
|        ( QUESTION14 -1 -1.366e+05 3.523e+02 6.050e+02
|            ( - -4.922e+04 3 0)
|            ( QUESTION1 -1 -8.703e+04 2.523e+02 3.890e+02
|                ( - -2.576e+04 1 0)
|                ( QUESTION11 -1 -6.102e+04 2.207e+02 2.725e+02
|                    ( - -2.432e+04 1 0)
|                    ( WDBNDRY_B 0 -3.647e+04 1.996e+02 1.633e+02
|                        ( - -5.000e+03 2 0 SILENCE -1 1.768e+02 2.374e+01)
|                        ( - -3.127e+04 2 0 QUESTION16 -1 1.736e+02 1.396e+02)))))))
s>    ( QUESTION0_14_R 1 -2.283e+05 5.178e+02 1.006e+03
s>        ( - -2.823e+04 3 0 QUESTION14 -1 1.651e+02 1.272e+02)
s>        ( QUESTION2_14_L -1 -1.996e+05 3.994e+02 8.789e+02
s>            ( QUESTION0 -1 -6.258e+04 2.862e+02 2.739e+02
s>                ( - -2.469e+04 1 0)
s>                ( - -3.760e+04 3 0 WDBNDRY_B 0 1.436e+02 1.672e+02))
s>            ( QUESTION14 -1 -1.366e+05 3.523e+02 6.050e+02
s>                ( - -4.922e+04 3 0)
s>                ( QUESTION1 -1 -8.703e+04 2.523e+02 3.890e+02
s>                    ( - -2.576e+04 1 0)
s>                    ( QUESTION11 -1 -6.102e+04 2.207e+02 2.725e+02
s>                        ( - -2.432e+04 1 0)
s>                        ( WDBNDRY_B 0 -3.647e+04 1.996e+02 1.633e+02
s>                            ( - -5.000e+03 2 0 SILENCE -1 1.768e+02 2.374e+01)
s>                            ( - -3.127e+04 2 0 QUESTION16 -1 1.736e+02 1.396e+02)))))))INFO: dtree.c(1315): Comp split 5
INFO: dtree.c(1315): Comp split 6
INFO: dtree.c(1439): stop. leaf nodes are specific
INFO: dtree.c(1478): Final simple tree
|( QUESTION0_7_R 1 -2.106e+04 2.094e+02 9.238e+01
|    ( - -2.277e+02 1 0)
|    ( - -2.062e+04 1 0))
s>    ( QUESTION0_7_R 1 -2.106e+04 2.094e+02 9.238e+01
s>        ( - -2.277e+02 1 0)
s>        ( - -2.062e+04 1 0))INFO: dtree.c(1315): Comp split 7
INFO: dtree.c(1439): stop. leaf nodes are specific
INFO: dtree.c(1478): Final simple tree
|( QUESTION0 -1 -3.340e+04 1.892e+02 1.510e+02
|    ( - -6.937e+02 1 0)
|    ( QUESTION14 -1 -3.252e+04 1.760e+02 1.470e+02
|        ( QUESTION2_14_L -1 -2.125e+04 1.972e+02 9.612e+01
|            ( - -9.196e+03 1 0)
|            ( - -1.185e+04 1 0))
|        ( WDBNDRY_B 0 -1.110e+04 1.529e+02 5.083e+01
|            ( - -4.129e+03 1 0)
|            ( - -6.817e+03 1 0))))
s>    ( QUESTION0 -1 -3.340e+04 1.892e+02 1.510e+02
s>        ( - -6.937e+02 1 0)
s>        ( QUESTION14 -1 -3.252e+04 1.760e+02 1.470e+02
s>            ( QUESTION2_14_L -1 -2.125e+04 1.972e+02 9.612e+01
s>                ( - -9.196e+03 1 0)
s>                ( - -1.185e+04 1 0))
s>            ( WDBNDRY_B 0 -1.110e+04 1.529e+02 5.083e+01
s>                ( - -4.129e+03 1 0)
s>                ( - -6.817e+03 1 0))))INFO: dtree.c(1478): Final simple tree
|( QUESTION2_14_L -1 -1.944e+05 3.992e+02 8.551e+02
|    ( QUESTION0 -1 -6.258e+04 2.862e+02 2.739e+02
|        ( - -2.469e+04 1 0)
|        ( WDBNDRY_B 0 -3.760e+04 1.436e+02 1.672e+02
|            ( - -3.319e+04 1 0)
|            ( - -4.266e+03 2 0 QUESTION14 -1 1.070e+02 1.928e+01)))
|    ( QUESTION14 -1 -1.314e+05 3.579e+02 5.812e+02
|        ( - -4.922e+04 3 0)
|        ( QUESTION10 -1 -8.181e+04 2.546e+02 3.653e+02
|            ( - -2.432e+04 1 0)
|            ( QUESTION16 -1 -5.724e+04 2.114e+02 2.560e+02
|                ( - -3.030e+04 1 0)
|                ( WDBNDRY_B 0 -2.673e+04 1.650e+02 1.205e+02
|                    ( - -2.576e+04 1 0)
|                    ( - -8.023e+02 1 0))))))
s>    ( QUESTION2_14_L -1 -1.944e+05 3.992e+02 8.551e+02
s>        ( QUESTION0 -1 -6.258e+04 2.862e+02 2.739e+02
s>            ( - -2.469e+04 1 0)
s>            ( WDBNDRY_B 0 -3.760e+04 1.436e+02 1.672e+02
s>                ( - -3.319e+04 1 0)
s>                ( - -4.266e+03 2 0 QUESTION14 -1 1.070e+02 1.928e+01)))
s>        ( QUESTION14 -1 -1.314e+05 3.579e+02 5.812e+02
s>            ( - -4.922e+04 3 0)
s>            ( QUESTION10 -1 -8.181e+04 2.546e+02 3.653e+02
s>                ( - -2.432e+04 1 0)
s>                ( QUESTION16 -1 -5.724e+04 2.114e+02 2.560e+02
s>                    ( - -3.030e+04 1 0)
s>                    ( WDBNDRY_B 0 -2.673e+04 1.650e+02 1.205e+02
s>                        ( - -2.576e+04 1 0)
s>                        ( - -8.023e+02 1 0))))))INFO: dtree.c(1315): Comp split 8
INFO: dtree.c(1439): stop. leaf nodes are specific
INFO: dtree.c(1478): Final simple tree
|( QUESTION2_15_L -1 -6.077e+04 4.017e+02 2.712e+02
|    ( - -3.022e+04 1 0)
|    ( QUESTION14 -1 -3.015e+04 2.762e+02 1.369e+02
|        ( - -5.889e+03 1 0)
|        ( - -2.399e+04 1 0)))
s>    ( QUESTION2_15_L -1 -6.077e+04 4.017e+02 2.712e+02
s>        ( - -3.022e+04 1 0)
s>        ( QUESTION14 -1 -3.015e+04 2.762e+02 1.369e+02
s>            ( - -5.889e+03 1 0)
s>            ( - -2.399e+04 1 0)))INFO: dtree.c(1315): Comp split 9
INFO: dtree.c(1439): stop. leaf nodes are specific
INFO: dtree.c(1478): Final simple tree
|( WDBNDRY_B 0 -5.627e+04 2.098e+02 2.520e+02
|    ( - -2.576e+04 1 0)
|    ( - -3.030e+04 1 0))
s>    ( WDBNDRY_B 0 -5.627e+04 2.098e+02 2.520e+02
s>        ( - -2.576e+04 1 0)
s>        ( - -3.030e+04 1 0))INFO: dtree.c(1439): stop. leaf nodes are specific
INFO: dtree.c(1478): Final simple tree
|( QUESTION14 -1 -1.377e+05 3.081e+02 6.031e+02
|    ( WDBNDRY_B 0 -5.205e+04 1.735e+02 2.282e+02
|        ( - -4.922e+04 3 0)
|        ( - -2.666e+03 1 0))
|    ( QUESTION0 -1 -8.529e+04 2.744e+02 3.749e+02
|        ( WDBNDRY_B 0 -4.927e+04 2.527e+02 2.159e+02
|            ( - -2.469e+04 1 0)
|            ( - -2.432e+04 1 0))
|        ( QUESTION2_14_L -1 -3.574e+04 1.426e+02 1.590e+02
|            ( WDBNDRY_B 0 -3.480e+04 1.150e+02 1.550e+02
|                ( - -3.319e+04 1 0)
|                ( - -1.493e+03 1 0))
|            ( - -8.023e+02 1 0))))
s>    ( QUESTION14 -1 -1.377e+05 3.081e+02 6.031e+02
s>        ( WDBNDRY_B 0 -5.205e+04 1.735e+02 2.282e+02
s>            ( - -4.922e+04 3 0)
s>            ( - -2.666e+03 1 0))
s>        ( QUESTION0 -1 -8.529e+04 2.744e+02 3.749e+02
s>            ( WDBNDRY_B 0 -4.927e+04 2.527e+02 2.159e+02
s>                ( - -2.469e+04 1 0)
s>                ( - -2.432e+04 1 0))
s>            ( QUESTION2_14_L -1 -3.574e+04 1.426e+02 1.590e+02
s>                ( WDBNDRY_B 0 -3.480e+04 1.150e+02 1.550e+02
s>                    ( - -3.319e+04 1 0)
s>                    ( - -1.493e+03 1 0))
s>                ( - -8.023e+02 1 0))))INFO: dtree.c(1315): Comp split 10
INFO: dtree.c(1439): stop. leaf nodes are specific
INFO: dtree.c(1478): Final simple tree
|( QUESTION14 -1 -3.015e+04 2.762e+02 1.369e+02
|    ( - -5.889e+03 1 0)
|    ( - -2.399e+04 1 0))
s>    ( QUESTION14 -1 -3.015e+04 2.762e+02 1.369e+02
s>        ( - -5.889e+03 1 0)
s>        ( - -2.399e+04 1 0))INFO: dtree.c(1315): Comp split 11
INFO: dtree.c(1315): Comp split 12
INFO: dtree.c(1439): stop. leaf nodes are specific
INFO: dtree.c(1478): Final simple tree
|( QUESTION0 -1 -8.810e+04 2.824e+02 3.871e+02
|    ( WDBNDRY_B 0 -4.927e+04 2.527e+02 2.159e+02
|        ( - -2.469e+04 1 0)
|        ( - -2.432e+04 1 0))
|    ( QUESTION2_14_L -1 -3.855e+04 1.428e+02 1.712e+02
|        ( WDBNDRY_B 0 -3.760e+04 1.436e+02 1.672e+02
|            ( - -3.319e+04 1 0)
|            ( QUESTION14 -1 -4.266e+03 1.070e+02 1.928e+01
|                ( - -2.666e+03 1 0)
|                ( - -1.493e+03 1 0)))
|        ( - -8.023e+02 1 0)))
s>    ( QUESTION0 -1 -8.810e+04 2.824e+02 3.871e+02
s>        ( WDBNDRY_B 0 -4.927e+04 2.527e+02 2.159e+02
s>            ( - -2.469e+04 1 0)
s>            ( - -2.432e+04 1 0))
s>        ( QUESTION2_14_L -1 -3.855e+04 1.428e+02 1.712e+02
s>            ( WDBNDRY_B 0 -3.760e+04 1.436e+02 1.672e+02
s>                ( - -3.319e+04 1 0)
s>                ( QUESTION14 -1 -4.266e+03 1.070e+02 1.928e+01
s>                    ( - -2.666e+03 1 0)
s>                    ( - -1.493e+03 1 0)))
s>            ( - -8.023e+02 1 0)))INFO: dtree.c(1315): Comp split 13
INFO: dtree.c(1439): stop. leaf nodes are specific
INFO: dtree.c(1478): Final simple tree
|( QUESTION2_14_L -1 -3.855e+04 1.428e+02 1.712e+02
|    ( WDBNDRY_B 0 -3.760e+04 1.436e+02 1.672e+02
|        ( - -3.319e+04 1 0)
|        ( QUESTION14 -1 -4.266e+03 1.070e+02 1.928e+01
|            ( - -2.666e+03 1 0)
|            ( - -1.493e+03 1 0)))
|    ( - -8.023e+02 1 0))
s>    ( QUESTION2_14_L -1 -3.855e+04 1.428e+02 1.712e+02
s>        ( WDBNDRY_B 0 -3.760e+04 1.436e+02 1.672e+02
s>            ( - -3.319e+04 1 0)
s>            ( QUESTION14 -1 -4.266e+03 1.070e+02 1.928e+01
s>                ( - -2.666e+03 1 0)
s>                ( - -1.493e+03 1 0)))
s>        ( - -8.023e+02 1 0))INFO: dtree.c(1439): stop. leaf nodes are specific
INFO: dtree.c(1478): Final simple tree
|( WDBNDRY_B 0 -4.927e+04 2.527e+02 2.159e+02
|    ( - -2.469e+04 1 0)
|    ( - -2.432e+04 1 0))
s>    ( WDBNDRY_B 0 -4.927e+04 2.527e+02 2.159e+02
s>        ( - -2.469e+04 1 0)
s>        ( - -2.432e+04 1 0))INFO: dtree.c(1315): Comp split 14
INFO: dtree.c(1315): Comp split 15
INFO: dtree.c(1315): Comp split 16
INFO: dtree.c(1315): Comp split 17
INFO: dtree.c(1439): stop. leaf nodes are specific
INFO: dtree.c(1478): Final simple tree
|( QUESTION14 -1 -1.616e+04 1.448e+02 7.286e+01
|    ( - -9.196e+03 1 0)
|    ( - -6.817e+03 1 0))
s>    ( QUESTION14 -1 -1.616e+04 1.448e+02 7.286e+01
s>        ( - -9.196e+03 1 0)
s>        ( - -6.817e+03 1 0))INFO: dtree.c(1439): stop. leaf nodes are specific
INFO: dtree.c(1478): Final simple tree
|( QUESTION0 -1 -1.702e+04 1.835e+02 7.810e+01
|    ( - -6.937e+02 1 0)
|    ( WDBNDRY_B 0 -1.615e+04 1.658e+02 7.410e+01
|        ( - -4.129e+03 1 0)
|        ( - -1.185e+04 1 0)))
s>    ( QUESTION0 -1 -1.702e+04 1.835e+02 7.810e+01
s>        ( - -6.937e+02 1 0)
s>        ( WDBNDRY_B 0 -1.615e+04 1.658e+02 7.410e+01
s>            ( - -4.129e+03 1 0)
s>            ( - -1.185e+04 1 0)))INFO: dtree.c(1315): Comp split 18
INFO: dtree.c(1315): Comp split 19
INFO: dtree.c(1315): Comp split 20
INFO: dtree.c(1439): stop. leaf nodes are specific
INFO: dtree.c(1478): Final simple tree
|( WDBNDRY_B 0 -1.615e+04 1.658e+02 7.410e+01
|    ( - -4.129e+03 1 0)
|    ( - -1.185e+04 1 0))
s>    ( WDBNDRY_B 0 -1.615e+04 1.658e+02 7.410e+01
s>        ( - -4.129e+03 1 0)
s>        ( - -1.185e+04 1 0))INFO: dtree.c(1315): Comp split 21
INFO: dtree.c(1315): Comp split 22
INFO: dtree.c(1315): Comp split 23
INFO: dtree.c(1439): stop. leaf nodes are specific
INFO: dtree.c(1478): Final simple tree
|( QUESTION14 -1 -4.266e+03 1.070e+02 1.928e+01
|    ( - -2.666e+03 1 0)
|    ( - -1.493e+03 1 0))
s>    ( QUESTION14 -1 -4.266e+03 1.070e+02 1.928e+01
s>        ( - -2.666e+03 1 0)
s>        ( - -1.493e+03 1 0))INFO: dtree.c(1439): stop. leaf nodes are specific
INFO: dtree.c(1478): Final simple tree
|( WDBNDRY_B 0 -3.414e+04 1.432e+02 1.519e+02
|    ( - -3.319e+04 1 0)
|    ( - -8.023e+02 1 0))
s>    ( WDBNDRY_B 0 -3.414e+04 1.432e+02 1.519e+02
s>        ( - -3.319e+04 1 0)
s>        ( - -8.023e+02 1 0))INFO: dtree.c(1315): Comp split 24
INFO: dtree.c(1315): Comp split 25
INFO: dtree.c(1315): Comp split 26
INFO: dtree.c(1318): stop. leaf nodes are specific
Sun Mar 19 21:51:06 2017
