Current configuration:
[NAME]		[DEFLT]	[VALUE]
-allphones	no	no
-cntthresh	0.00001	1.000000e-05
-csplitmax	100	2000
-csplitmin	1	1
-csplitthr	8e-4	0.000000e+00
-example	no	no
-fullvar	no	no
-help		no	no
-meanfn			/home/ilya/Рабочий стол/lab_sphinx/ru_base/model_parameters/ru_base.cd_cont_untied/means
-mixwfn			/home/ilya/Рабочий стол/lab_sphinx/ru_base/model_parameters/ru_base.cd_cont_untied/mixture_weights
-moddeffn		/home/ilya/Рабочий стол/lab_sphinx/ru_base/model_architecture/ru_base.untied.mdef
-mwfloor	1e-4	1.000000e-08
-phone			sh
-psetfn			/home/ilya/Рабочий стол/lab_sphinx/ru_base/model_architecture/ru_base.tree_questions
-ssplitmax	5	7
-ssplitmin	1	1
-ssplitthr	8e-4	0.000000e+00
-state			0
-stwt			1.0,0.05,0.0,
-treefn			/home/ilya/Рабочий стол/lab_sphinx/ru_base/trees/ru_base.unpruned/sh-0.dtree
-ts2cbfn	.semi.	.cont.
-varfloor	0.00001	1.000000e-05
-varfn			/home/ilya/Рабочий стол/lab_sphinx/ru_base/model_parameters/ru_base.cd_cont_untied/variances

INFO: main.c(223): Reading: /home/ilya/Рабочий стол/lab_sphinx/ru_base/model_architecture/ru_base.untied.mdef
INFO: model_def_io.c(573): Model definition info:
INFO: model_def_io.c(574): 9415 total models defined (43 base, 9372 tri)
INFO: model_def_io.c(575): 37660 total states
INFO: model_def_io.c(576): 28245 total tied states
INFO: model_def_io.c(577): 129 total tied CI states
INFO: model_def_io.c(578): 43 total tied transition matrices
INFO: model_def_io.c(579): 4 max state/model
INFO: model_def_io.c(580): 4 min state/model
INFO: main.c(242): Building trees for [sh SIL a0 b] through [sh z t b]
INFO: main.c(269): Covering states |[21003 21371]| == 369
INFO: main.c(275): Reading: /home/ilya/Рабочий стол/lab_sphinx/ru_base/model_parameters/ru_base.cd_cont_untied/mixture_weights
INFO: s3mixw_io.c(173): Read /home/ilya/Рабочий стол/lab_sphinx/ru_base/model_parameters/ru_base.cd_cont_untied/mixture_weights [369x1x1 array]
INFO: main.c(311): 123 of 123 models have observation count greater than 0.000010
INFO: main.c(95): nrm stwt: 0.952 0.048 0.000 
INFO: s3gau_io.c(169): Read /home/ilya/Рабочий стол/lab_sphinx/ru_base/model_parameters/ru_base.cd_cont_untied/means [28245x1x1 array]
INFO: s3gau_io.c(169): Read /home/ilya/Рабочий стол/lab_sphinx/ru_base/model_parameters/ru_base.cd_cont_untied/variances [28245x1x1 array]
INFO: main.c(549): Reading: /home/ilya/Рабочий стол/lab_sphinx/ru_base/model_architecture/ru_base.tree_questions
INFO: main.c(588): 180 total simple questions (172 phone; 8 word bndry)
INFO: main.c(590): 42 Left Only questions, and 42 Right Only questions
INFO: dtree.c(1478): Final simple tree
|( QUESTION16 -1 -1.716e+06 5.834e+03 7.117e+03
|    ( - -6.070e+05 30 0 QUESTION0_1_R 1 1.075e+03 2.555e+03)
|    ( QUESTION2_14_L -1 -1.103e+06 3.574e+03 4.562e+03
|        ( QUESTION2_17_L -1 -5.809e+05 2.905e+03 2.414e+03
|            ( - -1.430e+05 14 0 QUESTION0 -1 8.073e+02 6.025e+02)
|            ( WDBNDRY_B 0 -4.349e+05 1.395e+03 1.812e+03
|                ( - -1.330e+05 6 0 QUESTION20 1 1.037e+03 5.499e+02)
|                ( - -3.005e+05 27 0 QUESTION2_15_L -1 1.043e+03 1.262e+03)))
|        ( WDBNDRY_B 0 -5.184e+05 2.044e+03 2.148e+03
|            ( QUESTION4 -1 -2.264e+05 1.497e+03 9.331e+02
|                ( - -3.322e+04 2 0 QUESTION0_0_R 1 2.363e+02 1.405e+02)
|                ( - -1.917e+05 17 0 QUESTION2_13_L -1 9.881e+02 7.926e+02))
|            ( QUESTION15 -1 -2.900e+05 1.308e+03 1.215e+03
|                ( - -8.527e+04 13 0 QUESTION0_15_R 1 3.355e+02 3.569e+02)
|                ( - -2.034e+05 14 0 QUESTION2_12_L -1 8.663e+02 8.577e+02)))))
s>    ( QUESTION16 -1 -1.716e+06 5.834e+03 7.117e+03
s>        ( - -6.070e+05 30 0 QUESTION0_1_R 1 1.075e+03 2.555e+03)
s>        ( QUESTION2_14_L -1 -1.103e+06 3.574e+03 4.562e+03
s>            ( QUESTION2_17_L -1 -5.809e+05 2.905e+03 2.414e+03
s>                ( - -1.430e+05 14 0 QUESTION0 -1 8.073e+02 6.025e+02)
s>                ( WDBNDRY_B 0 -4.349e+05 1.395e+03 1.812e+03
s>                    ( - -1.330e+05 6 0 QUESTION20 1 1.037e+03 5.499e+02)
s>                    ( - -3.005e+05 27 0 QUESTION2_15_L -1 1.043e+03 1.262e+03)))
s>            ( WDBNDRY_B 0 -5.184e+05 2.044e+03 2.148e+03
s>                ( QUESTION4 -1 -2.264e+05 1.497e+03 9.331e+02
s>                    ( - -3.322e+04 2 0 QUESTION0_0_R 1 2.363e+02 1.405e+02)
s>                    ( - -1.917e+05 17 0 QUESTION2_13_L -1 9.881e+02 7.926e+02))
s>                ( QUESTION15 -1 -2.900e+05 1.308e+03 1.215e+03
s>                    ( - -8.527e+04 13 0 QUESTION0_15_R 1 3.355e+02 3.569e+02)
s>                    ( - -2.034e+05 14 0 QUESTION2_12_L -1 8.663e+02 8.577e+02)))))INFO: dtree.c(1315): Comp split 0
INFO: dtree.c(1478): Final simple tree
|( QUESTION2_14_L -1 -1.103e+06 3.574e+03 4.562e+03
|    ( QUESTION2_17_L -1 -5.809e+05 2.905e+03 2.414e+03
|        ( - -1.430e+05 14 0 QUESTION0 -1 8.073e+02 6.025e+02)
|        ( WDBNDRY_B 0 -4.349e+05 1.395e+03 1.812e+03
|            ( - -1.330e+05 6 0 QUESTION20 1 1.037e+03 5.499e+02)
|            ( QUESTION2_15_L -1 -3.005e+05 1.043e+03 1.262e+03
|                ( - -1.138e+05 5 0 QUESTION14 1 2.440e+02 4.785e+02)
|                ( - -1.856e+05 22 0 QUESTION18 -1 7.222e+02 7.832e+02))))
|    ( WDBNDRY_B 0 -5.184e+05 2.044e+03 2.148e+03
|        ( QUESTION4 -1 -2.264e+05 1.497e+03 9.331e+02
|            ( - -3.322e+04 2 0 QUESTION0_0_R 1 2.363e+02 1.405e+02)
|            ( - -1.917e+05 17 0 QUESTION2_13_L -1 9.881e+02 7.926e+02))
|        ( QUESTION15 -1 -2.900e+05 1.308e+03 1.215e+03
|            ( - -8.527e+04 13 0 QUESTION0_15_R 1 3.355e+02 3.569e+02)
|            ( - -2.034e+05 14 0 QUESTION2_12_L -1 8.663e+02 8.577e+02))))
s>    ( QUESTION2_14_L -1 -1.103e+06 3.574e+03 4.562e+03
s>        ( QUESTION2_17_L -1 -5.809e+05 2.905e+03 2.414e+03
s>            ( - -1.430e+05 14 0 QUESTION0 -1 8.073e+02 6.025e+02)
s>            ( WDBNDRY_B 0 -4.349e+05 1.395e+03 1.812e+03
s>                ( - -1.330e+05 6 0 QUESTION20 1 1.037e+03 5.499e+02)
s>                ( QUESTION2_15_L -1 -3.005e+05 1.043e+03 1.262e+03
s>                    ( - -1.138e+05 5 0 QUESTION14 1 2.440e+02 4.785e+02)
s>                    ( - -1.856e+05 22 0 QUESTION18 -1 7.222e+02 7.832e+02))))
s>        ( WDBNDRY_B 0 -5.184e+05 2.044e+03 2.148e+03
s>            ( QUESTION4 -1 -2.264e+05 1.497e+03 9.331e+02
s>                ( - -3.322e+04 2 0 QUESTION0_0_R 1 2.363e+02 1.405e+02)
s>                ( - -1.917e+05 17 0 QUESTION2_13_L -1 9.881e+02 7.926e+02))
s>            ( QUESTION15 -1 -2.900e+05 1.308e+03 1.215e+03
s>                ( - -8.527e+04 13 0 QUESTION0_15_R 1 3.355e+02 3.569e+02)
s>                ( - -2.034e+05 14 0 QUESTION2_12_L -1 8.663e+02 8.577e+02))))INFO: dtree.c(1478): Final simple tree
|( QUESTION0_1_R 1 -6.070e+05 1.075e+03 2.555e+03
|    ( QUESTION12 1 -1.095e+05 7.035e+02 4.696e+02
|        ( - -4.281e+04 2 0 WDBNDRY_B 0 1.258e+02 1.862e+02)
|        ( - -6.598e+04 6 0 QUESTION0_4_R 1 2.636e+02 2.834e+02))
|    ( WDBNDRY_I 0 -4.964e+05 5.841e+02 2.086e+03
|        ( QUESTION16 1 -3.954e+05 5.756e+02 1.670e+03
|            ( - -1.757e+05 4 0)
|            ( QUESTION20 1 -2.191e+05 5.249e+02 9.271e+02
|                ( - -5.287e+04 2 0)
|                ( QUESTION0_16_R 1 -1.657e+05 6.089e+02 7.043e+02
|                    ( - -8.061e+04 2 0)
|                    ( - -8.448e+04 6 0 QUESTION0_14_R 1 1.832e+02 3.592e+02))))
|        ( QUESTION20 1 -1.004e+05 3.872e+02 4.155e+02
|            ( - -4.065e+04 2 0)
|            ( - -5.940e+04 6 0 QUESTION0_17_R 1 2.375e+02 2.453e+02))))
s>    ( QUESTION0_1_R 1 -6.070e+05 1.075e+03 2.555e+03
s>        ( QUESTION12 1 -1.095e+05 7.035e+02 4.696e+02
s>            ( - -4.281e+04 2 0 WDBNDRY_B 0 1.258e+02 1.862e+02)
s>            ( - -6.598e+04 6 0 QUESTION0_4_R 1 2.636e+02 2.834e+02))
s>        ( WDBNDRY_I 0 -4.964e+05 5.841e+02 2.086e+03
s>            ( QUESTION16 1 -3.954e+05 5.756e+02 1.670e+03
s>                ( - -1.757e+05 4 0)
s>                ( QUESTION20 1 -2.191e+05 5.249e+02 9.271e+02
s>                    ( - -5.287e+04 2 0)
s>                    ( QUESTION0_16_R 1 -1.657e+05 6.089e+02 7.043e+02
s>                        ( - -8.061e+04 2 0)
s>                        ( - -8.448e+04 6 0 QUESTION0_14_R 1 1.832e+02 3.592e+02))))
s>            ( QUESTION20 1 -1.004e+05 3.872e+02 4.155e+02
s>                ( - -4.065e+04 2 0)
s>                ( - -5.940e+04 6 0 QUESTION0_17_R 1 2.375e+02 2.453e+02))))INFO: dtree.c(1315): Comp split 1
INFO: dtree.c(1478): Final simple tree
|( WDBNDRY_B 0 -4.316e+05 1.847e+03 1.791e+03
|    ( QUESTION4 -1 -2.264e+05 1.497e+03 9.331e+02
|        ( - -3.322e+04 2 0 QUESTION0_0_R 1 2.363e+02 1.405e+02)
|        ( QUESTION2_13_L -1 -1.917e+05 9.881e+02 7.926e+02
|            ( QUESTION0_19_R 1 -9.912e+04 6.794e+02 4.033e+02
|                ( - -3.553e+04 2 0 QUESTION0 -1 4.183e+02 1.507e+02)
|                ( - -6.291e+04 7 0 QUESTION14 -1 4.475e+02 2.526e+02))
|            ( SILENCE -1 -9.156e+04 4.681e+02 3.893e+02
|                ( - -4.295e+04 3 0 QUESTION0_16_R 1 2.510e+02 1.843e+02)
|                ( - -4.815e+04 5 0 QUESTION0_0_R 1 2.159e+02 2.050e+02))))
|    ( QUESTION2_12_L -1 -2.034e+05 8.663e+02 8.577e+02
|        ( QUESTION20 1 -5.096e+04 7.206e+02 2.137e+02
|            ( - -2.205e+04 2 0)
|            ( - -2.819e+04 2 0 QUESTION0_0_R 1 4.266e+02 1.212e+02))
|        ( - -1.516e+05 10 0 QUESTION0 -1 4.655e+02 6.441e+02)))
s>    ( WDBNDRY_B 0 -4.316e+05 1.847e+03 1.791e+03
s>        ( QUESTION4 -1 -2.264e+05 1.497e+03 9.331e+02
s>            ( - -3.322e+04 2 0 QUESTION0_0_R 1 2.363e+02 1.405e+02)
s>            ( QUESTION2_13_L -1 -1.917e+05 9.881e+02 7.926e+02
s>                ( QUESTION0_19_R 1 -9.912e+04 6.794e+02 4.033e+02
s>                    ( - -3.553e+04 2 0 QUESTION0 -1 4.183e+02 1.507e+02)
s>                    ( - -6.291e+04 7 0 QUESTION14 -1 4.475e+02 2.526e+02))
s>                ( SILENCE -1 -9.156e+04 4.681e+02 3.893e+02
s>                    ( - -4.295e+04 3 0 QUESTION0_16_R 1 2.510e+02 1.843e+02)
s>                    ( - -4.815e+04 5 0 QUESTION0_0_R 1 2.159e+02 2.050e+02))))
s>        ( QUESTION2_12_L -1 -2.034e+05 8.663e+02 8.577e+02
s>            ( QUESTION20 1 -5.096e+04 7.206e+02 2.137e+02
s>                ( - -2.205e+04 2 0)
s>                ( - -2.819e+04 2 0 QUESTION0_0_R 1 4.266e+02 1.212e+02))
s>            ( - -1.516e+05 10 0 QUESTION0 -1 4.655e+02 6.441e+02)))INFO: dtree.c(1478): Final simple tree
|( QUESTION2_17_L -1 -6.668e+05 3.049e+03 2.771e+03
|    ( QUESTION0 -1 -1.430e+05 8.073e+02 6.025e+02
|        ( - -1.508e+04 1 0)
|        ( - -1.272e+05 13 0 QUESTION0_0_R 1 4.004e+02 5.405e+02))
|    ( WDBNDRY_B 0 -5.208e+05 1.458e+03 2.169e+03
|        ( QUESTION20 1 -1.330e+05 1.037e+03 5.499e+02
|            ( - -6.007e+04 2 0 QUESTION14 -1 4.761e+02 2.481e+02)
|            ( - -7.192e+04 4 0 QUESTION0_0_R 1 4.044e+02 3.018e+02))
|        ( QUESTION2_15_L -1 -3.863e+05 9.939e+02 1.619e+03
|            ( - -1.138e+05 5 0 QUESTION14 1 2.440e+02 4.785e+02)
|            ( QUESTION14 -1 -2.714e+05 7.007e+02 1.140e+03
|                ( - -5.444e+04 2 0 QUESTION20 1 3.522e+02 2.320e+02)
|                ( QUESTION18 -1 -2.163e+05 5.292e+02 9.081e+02
|                    ( - -1.051e+05 8 0 WDBNDRY_E 0 3.719e+02 4.408e+02)
|                    ( - -1.107e+05 25 0 QUESTION0_15_R 1 5.044e+02 4.674e+02))))))
s>    ( QUESTION2_17_L -1 -6.668e+05 3.049e+03 2.771e+03
s>        ( QUESTION0 -1 -1.430e+05 8.073e+02 6.025e+02
s>            ( - -1.508e+04 1 0)
s>            ( - -1.272e+05 13 0 QUESTION0_0_R 1 4.004e+02 5.405e+02))
s>        ( WDBNDRY_B 0 -5.208e+05 1.458e+03 2.169e+03
s>            ( QUESTION20 1 -1.330e+05 1.037e+03 5.499e+02
s>                ( - -6.007e+04 2 0 QUESTION14 -1 4.761e+02 2.481e+02)
s>                ( - -7.192e+04 4 0 QUESTION0_0_R 1 4.044e+02 3.018e+02))
s>            ( QUESTION2_15_L -1 -3.863e+05 9.939e+02 1.619e+03
s>                ( - -1.138e+05 5 0 QUESTION14 1 2.440e+02 4.785e+02)
s>                ( QUESTION14 -1 -2.714e+05 7.007e+02 1.140e+03
s>                    ( - -5.444e+04 2 0 QUESTION20 1 3.522e+02 2.320e+02)
s>                    ( QUESTION18 -1 -2.163e+05 5.292e+02 9.081e+02
s>                        ( - -1.051e+05 8 0 WDBNDRY_E 0 3.719e+02 4.408e+02)
s>                        ( - -1.107e+05 25 0 QUESTION0_15_R 1 5.044e+02 4.674e+02))))))INFO: dtree.c(1315): Comp split 2
INFO: dtree.c(1478): Final simple tree
|( QUESTION0_0_R 1 -1.272e+05 4.004e+02 5.405e+02
|    ( QUESTION12 1 -4.102e+04 1.888e+02 1.795e+02
|        ( - -1.487e+04 1 0)
|        ( QUESTION0_2_R 1 -2.596e+04 1.316e+02 1.142e+02
|            ( WDBNDRY_E 0 -3.130e+03 1.321e+02 1.400e+01
|                ( - -1.733e+03 1 0)
|                ( - -1.265e+03 1 0))
|            ( - -2.270e+04 2 0)))
|    ( QUESTION20 1 -8.574e+04 3.070e+02 3.609e+02
|        ( WDBNDRY_B 0 -3.096e+04 1.777e+02 1.324e+02
|            ( - -5.901e+02 1 0)
|            ( - -3.019e+04 1 0))
|        ( QUESTION0_16_R 1 -5.447e+04 1.767e+02 2.285e+02
|            ( - -3.845e+04 1 0)
|            ( - -1.584e+04 5 0 QUESTION14 1 1.075e+02 6.582e+01))))
s>    ( QUESTION0_0_R 1 -1.272e+05 4.004e+02 5.405e+02
s>        ( QUESTION12 1 -4.102e+04 1.888e+02 1.795e+02
s>            ( - -1.487e+04 1 0)
s>            ( QUESTION0_2_R 1 -2.596e+04 1.316e+02 1.142e+02
s>                ( WDBNDRY_E 0 -3.130e+03 1.321e+02 1.400e+01
s>                    ( - -1.733e+03 1 0)
s>                    ( - -1.265e+03 1 0))
s>                ( - -2.270e+04 2 0)))
s>        ( QUESTION20 1 -8.574e+04 3.070e+02 3.609e+02
s>            ( WDBNDRY_B 0 -3.096e+04 1.777e+02 1.324e+02
s>                ( - -5.901e+02 1 0)
s>                ( - -3.019e+04 1 0))
s>            ( QUESTION0_16_R 1 -5.447e+04 1.767e+02 2.285e+02
s>                ( - -3.845e+04 1 0)
s>                ( - -1.584e+04 5 0 QUESTION14 1 1.075e+02 6.582e+01))))INFO: dtree.c(1478): Final simple tree
|( WDBNDRY_B 0 -5.365e+05 1.388e+03 2.231e+03
|    ( QUESTION20 1 -1.330e+05 1.037e+03 5.499e+02
|        ( QUESTION14 -1 -6.007e+04 4.761e+02 2.481e+02
|            ( - -2.091e+04 1 0)
|            ( - -3.869e+04 1 0))
|        ( - -7.192e+04 4 0 QUESTION0_0_R 1 4.044e+02 3.018e+02))
|    ( QUESTION2_19_L -1 -4.021e+05 9.929e+02 1.681e+03
|        ( QUESTION18 -1 -1.856e+05 7.222e+02 7.832e+02
|            ( - -1.051e+05 8 0 WDBNDRY_E 0 3.719e+02 4.408e+02)
|            ( - -7.981e+04 14 0 QUESTION11 1 4.186e+02 3.425e+02))
|        ( QUESTION14 -1 -2.155e+05 6.569e+02 8.973e+02
|            ( - -1.138e+05 5 0 QUESTION14 1 2.440e+02 4.785e+02)
|            ( QUESTION0 -1 -1.010e+05 6.350e+02 4.189e+02
|                ( - -1.508e+04 1 0)
|                ( - -8.527e+04 13 0 QUESTION0_15_R 1 3.355e+02 3.569e+02)))))
s>    ( WDBNDRY_B 0 -5.365e+05 1.388e+03 2.231e+03
s>        ( QUESTION20 1 -1.330e+05 1.037e+03 5.499e+02
s>            ( QUESTION14 -1 -6.007e+04 4.761e+02 2.481e+02
s>                ( - -2.091e+04 1 0)
s>                ( - -3.869e+04 1 0))
s>            ( - -7.192e+04 4 0 QUESTION0_0_R 1 4.044e+02 3.018e+02))
s>        ( QUESTION2_19_L -1 -4.021e+05 9.929e+02 1.681e+03
s>            ( QUESTION18 -1 -1.856e+05 7.222e+02 7.832e+02
s>                ( - -1.051e+05 8 0 WDBNDRY_E 0 3.719e+02 4.408e+02)
s>                ( - -7.981e+04 14 0 QUESTION11 1 4.186e+02 3.425e+02))
s>            ( QUESTION14 -1 -2.155e+05 6.569e+02 8.973e+02
s>                ( - -1.138e+05 5 0 QUESTION14 1 2.440e+02 4.785e+02)
s>                ( QUESTION0 -1 -1.010e+05 6.350e+02 4.189e+02
s>                    ( - -1.508e+04 1 0)
s>                    ( - -8.527e+04 13 0 QUESTION0_15_R 1 3.355e+02 3.569e+02)))))INFO: dtree.c(1315): Comp split 3
INFO: dtree.c(1478): Final simple tree
|( QUESTION15 -1 -1.781e+05 9.284e+02 7.344e+02
|    ( QUESTION14 1 -5.256e+04 2.316e+02 2.105e+02
|        ( - -2.666e+03 1 0)
|        ( - -4.966e+04 2 0 QUESTION0_14_R 1 2.068e+02 1.994e+02))
|    ( QUESTION12 -1 -1.246e+05 7.226e+02 5.239e+02
|        ( - -2.364e+04 4 0 QUESTION2_1_L -1 1.549e+02 9.849e+01)
|        ( QUESTION1 -1 -1.002e+05 4.774e+02 4.254e+02
|            ( QUESTION0_0_R 1 -4.312e+04 2.176e+02 1.852e+02
|                ( - -3.117e+02 1 0)
|                ( - -4.259e+04 1 0))
|            ( SILENCE -1 -5.662e+04 3.583e+02 2.402e+02
|                ( QUESTION0_16_R 1 -4.295e+04 2.510e+02 1.843e+02
|                    ( - -8.245e+03 1 0)
|                    ( - -3.445e+04 2 0 QUESTION0_14_R 1 1.800e+02 1.482e+02))
|                ( - -1.332e+04 5 0 QUESTION0_19_R 1 1.988e+02 5.592e+01)))))
s>    ( QUESTION15 -1 -1.781e+05 9.284e+02 7.344e+02
s>        ( QUESTION14 1 -5.256e+04 2.316e+02 2.105e+02
s>            ( - -2.666e+03 1 0)
s>            ( - -4.966e+04 2 0 QUESTION0_14_R 1 2.068e+02 1.994e+02))
s>        ( QUESTION12 -1 -1.246e+05 7.226e+02 5.239e+02
s>            ( - -2.364e+04 4 0 QUESTION2_1_L -1 1.549e+02 9.849e+01)
s>            ( QUESTION1 -1 -1.002e+05 4.774e+02 4.254e+02
s>                ( QUESTION0_0_R 1 -4.312e+04 2.176e+02 1.852e+02
s>                    ( - -3.117e+02 1 0)
s>                    ( - -4.259e+04 1 0))
s>                ( SILENCE -1 -5.662e+04 3.583e+02 2.402e+02
s>                    ( QUESTION0_16_R 1 -4.295e+04 2.510e+02 1.843e+02
s>                        ( - -8.245e+03 1 0)
s>                        ( - -3.445e+04 2 0 QUESTION0_14_R 1 1.800e+02 1.482e+02))
s>                    ( - -1.332e+04 5 0 QUESTION0_19_R 1 1.988e+02 5.592e+01)))))INFO: dtree.c(1478): Final simple tree
|( QUESTION2_0_L -1 -2.508e+05 1.152e+03 1.056e+03
|    ( WDBNDRY_B 0 -7.319e+04 7.515e+02 3.082e+02
|        ( - -3.322e+04 2 0 QUESTION0_0_R 1 2.363e+02 1.405e+02)
|        ( QUESTION0_0_R 1 -3.922e+04 4.212e+02 1.677e+02
|            ( - -1.875e+04 1 0)
|            ( QUESTION0 -1 -2.005e+04 3.204e+02 8.534e+01
|                ( - -1.071e+04 2 0 QUESTION2 -1 1.259e+02 4.652e+01)
|                ( - -9.020e+03 1 0))))
|    ( QUESTION0 -1 -1.765e+05 6.011e+02 7.482e+02
|        ( QUESTION0_14_R 1 -2.617e+04 4.520e+02 1.078e+02
|            ( - 1.408e+02 1 0)
|            ( - -2.586e+04 4 0 WDBNDRY_B 0 2.888e+02 1.068e+02))
|        ( QUESTION20 1 -1.497e+05 3.010e+02 6.404e+02
|            ( - -8.832e+04 1 0)
|            ( - -6.108e+04 4 0 QUESTION0_14_R 1 3.391e+02 2.612e+02))))
s>    ( QUESTION2_0_L -1 -2.508e+05 1.152e+03 1.056e+03
s>        ( WDBNDRY_B 0 -7.319e+04 7.515e+02 3.082e+02
s>            ( - -3.322e+04 2 0 QUESTION0_0_R 1 2.363e+02 1.405e+02)
s>            ( QUESTION0_0_R 1 -3.922e+04 4.212e+02 1.677e+02
s>                ( - -1.875e+04 1 0)
s>                ( QUESTION0 -1 -2.005e+04 3.204e+02 8.534e+01
s>                    ( - -1.071e+04 2 0 QUESTION2 -1 1.259e+02 4.652e+01)
s>                    ( - -9.020e+03 1 0))))
s>        ( QUESTION0 -1 -1.765e+05 6.011e+02 7.482e+02
s>            ( QUESTION0_14_R 1 -2.617e+04 4.520e+02 1.078e+02
s>                ( - 1.408e+02 1 0)
s>                ( - -2.586e+04 4 0 WDBNDRY_B 0 2.888e+02 1.068e+02))
s>            ( QUESTION20 1 -1.497e+05 3.010e+02 6.404e+02
s>                ( - -8.832e+04 1 0)
s>                ( - -6.108e+04 4 0 QUESTION0_14_R 1 3.391e+02 2.612e+02))))INFO: dtree.c(1315): Comp split 4
INFO: dtree.c(1439): stop. leaf nodes are specific
INFO: dtree.c(1478): Final simple tree
|( QUESTION0_0_R 1 -1.470e+05 4.499e+02 6.285e+02
|    ( QUESTION0_4_R 1 -6.598e+04 2.636e+02 2.834e+02
|        ( - -2.649e+04 3 0)
|        ( WDBNDRY_E 0 -3.923e+04 1.851e+02 1.692e+02
|            ( - -4.789e+02 1 0)
|            ( - -3.857e+04 2 0)))
|    ( - -8.061e+04 2 0))
s>    ( QUESTION0_0_R 1 -1.470e+05 4.499e+02 6.285e+02
s>        ( QUESTION0_4_R 1 -6.598e+04 2.636e+02 2.834e+02
s>            ( - -2.649e+04 3 0)
s>            ( WDBNDRY_E 0 -3.923e+04 1.851e+02 1.692e+02
s>                ( - -4.789e+02 1 0)
s>                ( - -3.857e+04 2 0)))
s>        ( - -8.061e+04 2 0))INFO: dtree.c(1478): Final simple tree
|( QUESTION15 1 -4.582e+05 7.266e+02 1.927e+03
|    ( WDBNDRY_B 0 -3.241e+05 5.809e+02 1.357e+03
|        ( QUESTION20 1 -9.467e+04 4.278e+02 3.918e+02
|            ( - -4.065e+04 2 0)
|            ( - -5.359e+04 3 0 QUESTION0_14_R 1 1.102e+02 2.215e+02))
|        ( QUESTION0_14_R 1 -2.288e+05 1.964e+02 9.657e+02
|            ( - -1.757e+05 4 0)
|            ( - -5.287e+04 2 0)))
|    ( QUESTION0_0_R 1 -1.334e+05 3.102e+02 5.691e+02
|        ( - -4.366e+04 3 0 WDBNDRY_E 0 1.519e+02 1.902e+02)
|        ( WDBNDRY_E 0 -8.941e+04 2.138e+02 3.790e+02
|            ( - -3.872e+03 1 0)
|            ( WDBNDRY_B 0 -8.532e+04 1.886e+02 3.622e+02
|                ( - -6.499e+02 1 0)
|                ( - -8.448e+04 6 0 QUESTION0_14_R 1 1.832e+02 3.592e+02)))))
s>    ( QUESTION15 1 -4.582e+05 7.266e+02 1.927e+03
s>        ( WDBNDRY_B 0 -3.241e+05 5.809e+02 1.357e+03
s>            ( QUESTION20 1 -9.467e+04 4.278e+02 3.918e+02
s>                ( - -4.065e+04 2 0)
s>                ( - -5.359e+04 3 0 QUESTION0_14_R 1 1.102e+02 2.215e+02))
s>            ( QUESTION0_14_R 1 -2.288e+05 1.964e+02 9.657e+02
s>                ( - -1.757e+05 4 0)
s>                ( - -5.287e+04 2 0)))
s>        ( QUESTION0_0_R 1 -1.334e+05 3.102e+02 5.691e+02
s>            ( - -4.366e+04 3 0 WDBNDRY_E 0 1.519e+02 1.902e+02)
s>            ( WDBNDRY_E 0 -8.941e+04 2.138e+02 3.790e+02
s>                ( - -3.872e+03 1 0)
s>                ( WDBNDRY_B 0 -8.532e+04 1.886e+02 3.622e+02
s>                    ( - -6.499e+02 1 0)
s>                    ( - -8.448e+04 6 0 QUESTION0_14_R 1 1.832e+02 3.592e+02)))))INFO: dtree.c(1315): Comp split 5
INFO: dtree.c(1439): stop. leaf nodes are specific
INFO: dtree.c(1478): Final simple tree
|( QUESTION15 -1 -7.584e+04 8.406e+02 3.101e+02
|    ( - -3.869e+04 1 0)
|    ( WDBNDRY_B 0 -3.631e+04 3.199e+02 1.487e+02
|        ( - -2.091e+04 1 0)
|        ( - -1.508e+04 1 0)))
s>    ( QUESTION15 -1 -7.584e+04 8.406e+02 3.101e+02
s>        ( - -3.869e+04 1 0)
s>        ( WDBNDRY_B 0 -3.631e+04 3.199e+02 1.487e+02
s>            ( - -2.091e+04 1 0)
s>            ( - -1.508e+04 1 0)))INFO: dtree.c(1478): Final simple tree
|( QUESTION2_15_L -1 -4.590e+05 1.021e+03 1.920e+03
|    ( - -1.138e+05 5 0 QUESTION14 1 2.440e+02 4.785e+02)
|    ( WDBNDRY_B 0 -3.442e+05 7.835e+02 1.442e+03
|        ( QUESTION0_0_R 1 -7.192e+04 4.044e+02 3.018e+02
|            ( - -2.221e+04 1 0)
|            ( - -4.931e+04 3 0 QUESTION14 -1 2.939e+02 2.062e+02))
|        ( QUESTION14 -1 -2.714e+05 7.007e+02 1.140e+03
|            ( - -5.444e+04 2 0 QUESTION20 1 3.522e+02 2.320e+02)
|            ( QUESTION18 -1 -2.163e+05 5.292e+02 9.081e+02
|                ( WDBNDRY_E 0 -1.051e+05 3.719e+02 4.408e+02
|                    ( - -2.217e+04 1 0)
|                    ( - -8.256e+04 7 0 QUESTION0_3_R 1 3.057e+02 3.475e+02))
|                ( QUESTION0_15_R 1 -1.107e+05 5.044e+02 4.674e+02
|                    ( - -7.194e+04 5 0 QUESTION20 -1 1.944e+02 3.020e+02)
|                    ( - -3.824e+04 20 0 WDBNDRY_E 0 3.085e+02 1.654e+02))))))
s>    ( QUESTION2_15_L -1 -4.590e+05 1.021e+03 1.920e+03
s>        ( - -1.138e+05 5 0 QUESTION14 1 2.440e+02 4.785e+02)
s>        ( WDBNDRY_B 0 -3.442e+05 7.835e+02 1.442e+03
s>            ( QUESTION0_0_R 1 -7.192e+04 4.044e+02 3.018e+02
s>                ( - -2.221e+04 1 0)
s>                ( - -4.931e+04 3 0 QUESTION14 -1 2.939e+02 2.062e+02))
s>            ( QUESTION14 -1 -2.714e+05 7.007e+02 1.140e+03
s>                ( - -5.444e+04 2 0 QUESTION20 1 3.522e+02 2.320e+02)
s>                ( QUESTION18 -1 -2.163e+05 5.292e+02 9.081e+02
s>                    ( WDBNDRY_E 0 -1.051e+05 3.719e+02 4.408e+02
s>                        ( - -2.217e+04 1 0)
s>                        ( - -8.256e+04 7 0 QUESTION0_3_R 1 3.057e+02 3.475e+02))
s>                    ( QUESTION0_15_R 1 -1.107e+05 5.044e+02 4.674e+02
s>                        ( - -7.194e+04 5 0 QUESTION20 -1 1.944e+02 3.020e+02)
s>                        ( - -3.824e+04 20 0 WDBNDRY_E 0 3.085e+02 1.654e+02))))))INFO: dtree.c(1315): Comp split 6
INFO: dtree.c(1439): stop. leaf nodes are specific
INFO: dtree.c(1478): Final simple tree
|( QUESTION20 1 -1.497e+05 3.010e+02 6.404e+02
|    ( - -8.832e+04 1 0)
|    ( QUESTION0_14_R 1 -6.108e+04 3.391e+02 2.612e+02
|        ( - -1.937e+04 1 0)
|        ( WDBNDRY_B 0 -4.137e+04 2.597e+02 1.780e+02
|            ( - -1.761e+04 1 0)
|            ( - -2.350e+04 2 0))))
s>    ( QUESTION20 1 -1.497e+05 3.010e+02 6.404e+02
s>        ( - -8.832e+04 1 0)
s>        ( QUESTION0_14_R 1 -6.108e+04 3.391e+02 2.612e+02
s>            ( - -1.937e+04 1 0)
s>            ( WDBNDRY_B 0 -4.137e+04 2.597e+02 1.780e+02
s>                ( - -1.761e+04 1 0)
s>                ( - -2.350e+04 2 0))))INFO: dtree.c(1478): Final simple tree
|( QUESTION3 -1 -9.992e+04 9.103e+02 4.160e+02
|    ( QUESTION0_0_R 1 -3.404e+04 2.372e+02 1.435e+02
|        ( - -1.373e+04 1 0)
|        ( - -2.007e+04 2 0 WDBNDRY_B 0 1.431e+02 8.299e+01))
|    ( QUESTION15 1 -6.497e+04 5.197e+02 2.725e+02
|        ( QUESTION0_14_R 1 -2.780e+04 4.523e+02 1.166e+02
|            ( - 1.408e+02 1 0)
|            ( QUESTION0 -1 -2.749e+04 3.066e+02 1.156e+02
|                ( QUESTION1 -1 -1.816e+04 1.833e+02 7.683e+01
|                    ( - -9.912e+03 1 0)
|                    ( - -8.067e+03 3 0 QUESTION20 1 1.667e+02 3.331e+01))
|                ( - -9.020e+03 1 0)))
|        ( WDBNDRY_B 0 -3.665e+04 3.977e+02 1.558e+02
|            ( - -1.751e+04 1 0)
|            ( - -1.875e+04 1 0))))
s>    ( QUESTION3 -1 -9.992e+04 9.103e+02 4.160e+02
s>        ( QUESTION0_0_R 1 -3.404e+04 2.372e+02 1.435e+02
s>            ( - -1.373e+04 1 0)
s>            ( - -2.007e+04 2 0 WDBNDRY_B 0 1.431e+02 8.299e+01))
s>        ( QUESTION15 1 -6.497e+04 5.197e+02 2.725e+02
s>            ( QUESTION0_14_R 1 -2.780e+04 4.523e+02 1.166e+02
s>                ( - 1.408e+02 1 0)
s>                ( QUESTION0 -1 -2.749e+04 3.066e+02 1.156e+02
s>                    ( QUESTION1 -1 -1.816e+04 1.833e+02 7.683e+01
s>                        ( - -9.912e+03 1 0)
s>                        ( - -8.067e+03 3 0 QUESTION20 1 1.667e+02 3.331e+01))
s>                    ( - -9.020e+03 1 0)))
s>            ( WDBNDRY_B 0 -3.665e+04 3.977e+02 1.558e+02
s>                ( - -1.751e+04 1 0)
s>                ( - -1.875e+04 1 0))))INFO: dtree.c(1315): Comp split 7
INFO: dtree.c(1478): Final simple tree
|( QUESTION1 -1 -1.002e+05 4.774e+02 4.254e+02
|    ( QUESTION0_0_R 1 -4.312e+04 2.176e+02 1.852e+02
|        ( - -3.117e+02 1 0)
|        ( - -4.259e+04 1 0))
|    ( SILENCE -1 -5.662e+04 3.583e+02 2.402e+02
|        ( QUESTION0_16_R 1 -4.295e+04 2.510e+02 1.843e+02
|            ( - -8.245e+03 1 0)
|            ( QUESTION0_14_R 1 -3.445e+04 1.800e+02 1.482e+02
|                ( - -2.492e+02 1 0)
|                ( - -3.402e+04 1 0)))
|        ( QUESTION0_19_R 1 -1.332e+04 1.988e+02 5.592e+01
|            ( - -3.210e+03 1 0)
|            ( QUESTION0_15_R 1 -9.908e+03 1.419e+02 4.210e+01
|                ( - -5.663e+02 1 0)
|                ( - -9.200e+03 3 0 QUESTION0_0_R 1 1.052e+02 3.910e+01)))))
s>    ( QUESTION1 -1 -1.002e+05 4.774e+02 4.254e+02
s>        ( QUESTION0_0_R 1 -4.312e+04 2.176e+02 1.852e+02
s>            ( - -3.117e+02 1 0)
s>            ( - -4.259e+04 1 0))
s>        ( SILENCE -1 -5.662e+04 3.583e+02 2.402e+02
s>            ( QUESTION0_16_R 1 -4.295e+04 2.510e+02 1.843e+02
s>                ( - -8.245e+03 1 0)
s>                ( QUESTION0_14_R 1 -3.445e+04 1.800e+02 1.482e+02
s>                    ( - -2.492e+02 1 0)
s>                    ( - -3.402e+04 1 0)))
s>            ( QUESTION0_19_R 1 -1.332e+04 1.988e+02 5.592e+01
s>                ( - -3.210e+03 1 0)
s>                ( QUESTION0_15_R 1 -9.908e+03 1.419e+02 4.210e+01
s>                    ( - -5.663e+02 1 0)
s>                    ( - -9.200e+03 3 0 QUESTION0_0_R 1 1.052e+02 3.910e+01)))))INFO: dtree.c(1439): stop. leaf nodes are specific
INFO: dtree.c(1478): Final simple tree
|( WDBNDRY_B 0 -7.672e+04 5.309e+02 3.090e+02
|    ( QUESTION14 1 -5.414e+04 2.296e+02 2.165e+02
|        ( - -2.666e+03 1 0)
|        ( QUESTION0_14_R 1 -5.124e+04 2.117e+02 2.054e+02
|            ( - -1.872e+04 1 0)
|            ( QUESTION2_1_L -1 -3.231e+04 1.548e+02 1.292e+02
|                ( - -6.565e+02 1 0)
|                ( QUESTION0 -1 -3.150e+04 1.240e+02 1.262e+02
|                    ( - -6.445e+02 1 0)
|                    ( - -3.073e+04 1 0)))))
|    ( - -2.205e+04 2 0))
s>    ( WDBNDRY_B 0 -7.672e+04 5.309e+02 3.090e+02
s>        ( QUESTION14 1 -5.414e+04 2.296e+02 2.165e+02
s>            ( - -2.666e+03 1 0)
s>            ( QUESTION0_14_R 1 -5.124e+04 2.117e+02 2.054e+02
s>                ( - -1.872e+04 1 0)
s>                ( QUESTION2_1_L -1 -3.231e+04 1.548e+02 1.292e+02
s>                    ( - -6.565e+02 1 0)
s>                    ( QUESTION0 -1 -3.150e+04 1.240e+02 1.262e+02
s>                        ( - -6.445e+02 1 0)
s>                        ( - -3.073e+04 1 0)))))
s>        ( - -2.205e+04 2 0))INFO: dtree.c(1315): Comp split 8
INFO: dtree.c(1478): Final simple tree
|( WDBNDRY_B 0 -3.442e+05 7.835e+02 1.442e+03
|    ( QUESTION0_0_R 1 -7.192e+04 4.044e+02 3.018e+02
|        ( - -2.221e+04 1 0)
|        ( - -4.931e+04 3 0 QUESTION14 -1 2.939e+02 2.062e+02))
|    ( QUESTION14 -1 -2.714e+05 7.007e+02 1.140e+03
|        ( QUESTION20 1 -5.444e+04 3.522e+02 2.320e+02
|            ( - -3.295e+04 1 0)
|            ( - -2.114e+04 1 0))
|        ( QUESTION18 -1 -2.163e+05 5.292e+02 9.081e+02
|            ( WDBNDRY_E 0 -1.051e+05 3.719e+02 4.408e+02
|                ( - -2.217e+04 1 0)
|                ( - -8.256e+04 7 0 QUESTION0_3_R 1 3.057e+02 3.475e+02))
|            ( QUESTION0_15_R 1 -1.107e+05 5.044e+02 4.674e+02
|                ( - -7.194e+04 5 0 QUESTION20 -1 1.944e+02 3.020e+02)
|                ( - -3.824e+04 20 0 WDBNDRY_E 0 3.085e+02 1.654e+02)))))
s>    ( WDBNDRY_B 0 -3.442e+05 7.835e+02 1.442e+03
s>        ( QUESTION0_0_R 1 -7.192e+04 4.044e+02 3.018e+02
s>            ( - -2.221e+04 1 0)
s>            ( - -4.931e+04 3 0 QUESTION14 -1 2.939e+02 2.062e+02))
s>        ( QUESTION14 -1 -2.714e+05 7.007e+02 1.140e+03
s>            ( QUESTION20 1 -5.444e+04 3.522e+02 2.320e+02
s>                ( - -3.295e+04 1 0)
s>                ( - -2.114e+04 1 0))
s>            ( QUESTION18 -1 -2.163e+05 5.292e+02 9.081e+02
s>                ( WDBNDRY_E 0 -1.051e+05 3.719e+02 4.408e+02
s>                    ( - -2.217e+04 1 0)
s>                    ( - -8.256e+04 7 0 QUESTION0_3_R 1 3.057e+02 3.475e+02))
s>                ( QUESTION0_15_R 1 -1.107e+05 5.044e+02 4.674e+02
s>                    ( - -7.194e+04 5 0 QUESTION20 -1 1.944e+02 3.020e+02)
s>                    ( - -3.824e+04 20 0 WDBNDRY_E 0 3.085e+02 1.654e+02)))))INFO: dtree.c(1439): stop. leaf nodes are specific
INFO: dtree.c(1478): Final simple tree
|( QUESTION14 1 -1.138e+05 2.440e+02 4.785e+02
|    ( - -3.451e+04 1 0)
|    ( QUESTION0_14_R 1 -7.907e+04 1.883e+02 3.327e+02
|        ( - -5.712e+04 2 0)
|        ( QUESTION20 1 -2.176e+04 1.460e+02 9.186e+01
|            ( - -1.684e+03 1 0)
|            ( - -1.993e+04 1 0))))
s>    ( QUESTION14 1 -1.138e+05 2.440e+02 4.785e+02
s>        ( - -3.451e+04 1 0)
s>        ( QUESTION0_14_R 1 -7.907e+04 1.883e+02 3.327e+02
s>            ( - -5.712e+04 2 0)
s>            ( QUESTION20 1 -2.176e+04 1.460e+02 9.186e+01
s>                ( - -1.684e+03 1 0)
s>                ( - -1.993e+04 1 0))))INFO: dtree.c(1315): Comp split 9
INFO: dtree.c(1478): Final simple tree
|( QUESTION0_16_R 1 -1.744e+05 4.017e+02 7.394e+02
|    ( - -4.065e+04 2 0)
|    ( QUESTION0_0_R 1 -1.334e+05 3.102e+02 5.691e+02
|        ( WDBNDRY_E 0 -4.366e+04 1.519e+02 1.902e+02
|            ( - -6.979e+02 1 0)
|            ( WDBNDRY_B 0 -4.281e+04 1.258e+02 1.862e+02
|                ( - -2.974e+03 1 0)
|                ( - -3.971e+04 1 0)))
|        ( WDBNDRY_E 0 -8.941e+04 2.138e+02 3.790e+02
|            ( - -3.872e+03 1 0)
|            ( WDBNDRY_B 0 -8.532e+04 1.886e+02 3.622e+02
|                ( - -6.499e+02 1 0)
|                ( QUESTION0_14_R 1 -8.448e+04 1.832e+02 3.592e+02
|                    ( - -5.372e+04 4 0)
|                    ( - -3.058e+04 2 0))))))
s>    ( QUESTION0_16_R 1 -1.744e+05 4.017e+02 7.394e+02
s>        ( - -4.065e+04 2 0)
s>        ( QUESTION0_0_R 1 -1.334e+05 3.102e+02 5.691e+02
s>            ( WDBNDRY_E 0 -4.366e+04 1.519e+02 1.902e+02
s>                ( - -6.979e+02 1 0)
s>                ( WDBNDRY_B 0 -4.281e+04 1.258e+02 1.862e+02
s>                    ( - -2.974e+03 1 0)
s>                    ( - -3.971e+04 1 0)))
s>            ( WDBNDRY_E 0 -8.941e+04 2.138e+02 3.790e+02
s>                ( - -3.872e+03 1 0)
s>                ( WDBNDRY_B 0 -8.532e+04 1.886e+02 3.622e+02
s>                    ( - -6.499e+02 1 0)
s>                    ( QUESTION0_14_R 1 -8.448e+04 1.832e+02 3.592e+02
s>                        ( - -5.372e+04 4 0)
s>                        ( - -3.058e+04 2 0))))))INFO: dtree.c(1439): stop. leaf nodes are specific
INFO: dtree.c(1478): Final simple tree
|( WDBNDRY_B 0 -2.828e+05 3.914e+02 1.187e+03
|    ( QUESTION0_14_R 1 -5.359e+04 1.102e+02 2.215e+02
|        ( - -3.706e+03 2 0)
|        ( - -4.977e+04 1 0))
|    ( QUESTION0_14_R 1 -2.288e+05 1.964e+02 9.657e+02
|        ( - -1.757e+05 4 0)
|        ( - -5.287e+04 2 0)))
s>    ( WDBNDRY_B 0 -2.828e+05 3.914e+02 1.187e+03
s>        ( QUESTION0_14_R 1 -5.359e+04 1.102e+02 2.215e+02
s>            ( - -3.706e+03 2 0)
s>            ( - -4.977e+04 1 0))
s>        ( QUESTION0_14_R 1 -2.288e+05 1.964e+02 9.657e+02
s>            ( - -1.757e+05 4 0)
s>            ( - -5.287e+04 2 0)))INFO: dtree.c(1315): Comp split 10
INFO: dtree.c(1478): Final simple tree
|( QUESTION20 -1 -1.444e+05 5.420e+02 6.038e+02
|    ( QUESTION0_0_R 1 -5.006e+04 3.248e+02 2.120e+02
|        ( - -2.221e+04 1 0)
|        ( WDBNDRY_B 0 -2.753e+04 2.184e+02 1.163e+02
|            ( - -2.381e+04 1 0)
|            ( - -3.499e+03 2 0 WDBNDRY_E 0 1.307e+02 1.564e+01)))
|    ( QUESTION0_14_R 1 -9.379e+04 3.704e+02 3.918e+02
|        ( - -2.416e+04 1 0)
|        ( WDBNDRY_B 0 -6.926e+04 1.985e+02 2.903e+02
|            ( - -8.167e+02 1 0)
|            ( QUESTION20 1 -6.825e+04 1.670e+02 2.863e+02
|                ( WDBNDRY_E 0 -4.465e+04 1.597e+02 1.877e+02
|                    ( - -4.012e+03 1 0)
|                    ( - -4.048e+04 1 0))
|                ( - -2.343e+04 1 0)))))
s>    ( QUESTION20 -1 -1.444e+05 5.420e+02 6.038e+02
s>        ( QUESTION0_0_R 1 -5.006e+04 3.248e+02 2.120e+02
s>            ( - -2.221e+04 1 0)
s>            ( WDBNDRY_B 0 -2.753e+04 2.184e+02 1.163e+02
s>                ( - -2.381e+04 1 0)
s>                ( - -3.499e+03 2 0 WDBNDRY_E 0 1.307e+02 1.564e+01)))
s>        ( QUESTION0_14_R 1 -9.379e+04 3.704e+02 3.918e+02
s>            ( - -2.416e+04 1 0)
s>            ( WDBNDRY_B 0 -6.926e+04 1.985e+02 2.903e+02
s>                ( - -8.167e+02 1 0)
s>                ( QUESTION20 1 -6.825e+04 1.670e+02 2.863e+02
s>                    ( WDBNDRY_E 0 -4.465e+04 1.597e+02 1.877e+02
s>                        ( - -4.012e+03 1 0)
s>                        ( - -4.048e+04 1 0))
s>                    ( - -2.343e+04 1 0)))))INFO: dtree.c(1478): Final simple tree
|( QUESTION18 -1 -1.988e+05 7.065e+02 8.381e+02
|    ( WDBNDRY_E 0 -1.051e+05 3.719e+02 4.408e+02
|        ( - -2.217e+04 1 0)
|        ( QUESTION0_3_R 1 -8.256e+04 3.057e+02 3.475e+02
|            ( - -1.809e+04 1 0)
|            ( QUESTION16 1 -6.416e+04 2.557e+02 2.698e+02
|                ( - -4.442e+04 1 0)
|                ( - -1.948e+04 5 0 QUESTION0_0_R 1 1.601e+02 8.311e+01))))
|    ( QUESTION0_1_R 1 -9.303e+04 4.020e+02 3.974e+02
|        ( WDBNDRY_E 0 -2.615e+04 2.259e+02 1.147e+02
|            ( - -1.308e+04 10 0 QUESTION12 1 1.375e+02 5.681e+01)
|            ( - -1.285e+04 3 0 QUESTION0_2_R 1 1.407e+02 5.784e+01))
|        ( QUESTION20 1 -6.648e+04 3.405e+02 2.827e+02
|            ( - -3.295e+04 1 0)
|            ( - -3.319e+04 8 0 QUESTION0_15_R 1 1.811e+02 1.414e+02))))
s>    ( QUESTION18 -1 -1.988e+05 7.065e+02 8.381e+02
s>        ( WDBNDRY_E 0 -1.051e+05 3.719e+02 4.408e+02
s>            ( - -2.217e+04 1 0)
s>            ( QUESTION0_3_R 1 -8.256e+04 3.057e+02 3.475e+02
s>                ( - -1.809e+04 1 0)
s>                ( QUESTION16 1 -6.416e+04 2.557e+02 2.698e+02
s>                    ( - -4.442e+04 1 0)
s>                    ( - -1.948e+04 5 0 QUESTION0_0_R 1 1.601e+02 8.311e+01))))
s>        ( QUESTION0_1_R 1 -9.303e+04 4.020e+02 3.974e+02
s>            ( WDBNDRY_E 0 -2.615e+04 2.259e+02 1.147e+02
s>                ( - -1.308e+04 10 0 QUESTION12 1 1.375e+02 5.681e+01)
s>                ( - -1.285e+04 3 0 QUESTION0_2_R 1 1.407e+02 5.784e+01))
s>            ( QUESTION20 1 -6.648e+04 3.405e+02 2.827e+02
s>                ( - -3.295e+04 1 0)
s>                ( - -3.319e+04 8 0 QUESTION0_15_R 1 1.811e+02 1.414e+02))))INFO: dtree.c(1315): Comp split 11
INFO: dtree.c(1439): stop. leaf nodes are specific
INFO: dtree.c(1478): Final simple tree
|( QUESTION15 1 -6.497e+04 5.197e+02 2.725e+02
|    ( QUESTION0_14_R 1 -2.780e+04 4.523e+02 1.166e+02
|        ( - 1.408e+02 1 0)
|        ( QUESTION0 -1 -2.749e+04 3.066e+02 1.156e+02
|            ( QUESTION1 -1 -1.816e+04 1.833e+02 7.683e+01
|                ( - -9.912e+03 1 0)
|                ( QUESTION20 1 -8.067e+03 1.667e+02 3.331e+01
|                    ( - -4.328e+03 2 0)
|                    ( - -3.572e+03 1 0)))
|            ( - -9.020e+03 1 0)))
|    ( WDBNDRY_B 0 -3.665e+04 3.977e+02 1.558e+02
|        ( - -1.751e+04 1 0)
|        ( - -1.875e+04 1 0)))
s>    ( QUESTION15 1 -6.497e+04 5.197e+02 2.725e+02
s>        ( QUESTION0_14_R 1 -2.780e+04 4.523e+02 1.166e+02
s>            ( - 1.408e+02 1 0)
s>            ( QUESTION0 -1 -2.749e+04 3.066e+02 1.156e+02
s>                ( QUESTION1 -1 -1.816e+04 1.833e+02 7.683e+01
s>                    ( - -9.912e+03 1 0)
s>                    ( QUESTION20 1 -8.067e+03 1.667e+02 3.331e+01
s>                        ( - -4.328e+03 2 0)
s>                        ( - -3.572e+03 1 0)))
s>                ( - -9.020e+03 1 0)))
s>        ( WDBNDRY_B 0 -3.665e+04 3.977e+02 1.558e+02
s>            ( - -1.751e+04 1 0)
s>            ( - -1.875e+04 1 0)))INFO: dtree.c(1439): stop. leaf nodes are specific
INFO: dtree.c(1478): Final simple tree
|( QUESTION0_0_R 1 -3.404e+04 2.372e+02 1.435e+02
|    ( - -1.373e+04 1 0)
|    ( WDBNDRY_B 0 -2.007e+04 1.431e+02 8.299e+01
|        ( - -1.926e+04 1 0)
|        ( - -6.710e+02 1 0)))
s>    ( QUESTION0_0_R 1 -3.404e+04 2.372e+02 1.435e+02
s>        ( - -1.373e+04 1 0)
s>        ( WDBNDRY_B 0 -2.007e+04 1.431e+02 8.299e+01
s>            ( - -1.926e+04 1 0)
s>            ( - -6.710e+02 1 0)))INFO: dtree.c(1315): Comp split 12
INFO: dtree.c(1439): stop. leaf nodes are specific
INFO: dtree.c(1478): Final simple tree
|( WDBNDRY_B 0 -3.631e+04 3.199e+02 1.487e+02
|    ( - -2.091e+04 1 0)
|    ( - -1.508e+04 1 0))
s>    ( WDBNDRY_B 0 -3.631e+04 3.199e+02 1.487e+02
s>        ( - -2.091e+04 1 0)
s>        ( - -1.508e+04 1 0))INFO: dtree.c(1315): Comp split 13
INFO: dtree.c(1478): Final simple tree
|( QUESTION0_1_R 1 -9.303e+04 4.020e+02 3.974e+02
|    ( WDBNDRY_E 0 -2.615e+04 2.259e+02 1.147e+02
|        ( - -1.308e+04 10 0 QUESTION12 1 1.375e+02 5.681e+01)
|        ( - -1.285e+04 3 0 QUESTION0_2_R 1 1.407e+02 5.784e+01))
|    ( QUESTION20 1 -6.648e+04 3.405e+02 2.827e+02
|        ( - -3.295e+04 1 0)
|        ( QUESTION0_15_R 1 -3.319e+04 1.811e+02 1.414e+02
|            ( - -2.114e+04 1 0)
|            ( QUESTION0_7_R 1 -1.187e+04 1.601e+02 5.075e+01
|                ( - -5.213e+02 1 0)
|                ( QUESTION20 -1 -1.119e+04 1.494e+02 4.775e+01
|                    ( SILENCE 1 -5.072e+03 1.580e+02 2.308e+01
|                        ( - -3.483e+02 1 0)
|                        ( - -4.566e+03 3 0 QUESTION15 1 9.794e+01 2.108e+01))
|                    ( - -5.968e+03 2 0 SILENCE 1 8.597e+01 2.468e+01))))))
s>    ( QUESTION0_1_R 1 -9.303e+04 4.020e+02 3.974e+02
s>        ( WDBNDRY_E 0 -2.615e+04 2.259e+02 1.147e+02
s>            ( - -1.308e+04 10 0 QUESTION12 1 1.375e+02 5.681e+01)
s>            ( - -1.285e+04 3 0 QUESTION0_2_R 1 1.407e+02 5.784e+01))
s>        ( QUESTION20 1 -6.648e+04 3.405e+02 2.827e+02
s>            ( - -3.295e+04 1 0)
s>            ( QUESTION0_15_R 1 -3.319e+04 1.811e+02 1.414e+02
s>                ( - -2.114e+04 1 0)
s>                ( QUESTION0_7_R 1 -1.187e+04 1.601e+02 5.075e+01
s>                    ( - -5.213e+02 1 0)
s>                    ( QUESTION20 -1 -1.119e+04 1.494e+02 4.775e+01
s>                        ( SILENCE 1 -5.072e+03 1.580e+02 2.308e+01
s>                            ( - -3.483e+02 1 0)
s>                            ( - -4.566e+03 3 0 QUESTION15 1 9.794e+01 2.108e+01))
s>                        ( - -5.968e+03 2 0 SILENCE 1 8.597e+01 2.468e+01))))))INFO: dtree.c(1478): Final simple tree
|( WDBNDRY_E 0 -1.051e+05 3.719e+02 4.408e+02
|    ( - -2.217e+04 1 0)
|    ( QUESTION0_3_R 1 -8.256e+04 3.057e+02 3.475e+02
|        ( - -1.809e+04 1 0)
|        ( QUESTION16 1 -6.416e+04 2.557e+02 2.698e+02
|            ( - -4.442e+04 1 0)
|            ( QUESTION0_0_R 1 -1.948e+04 1.601e+02 8.311e+01
|                ( - -7.493e+02 1 0)
|                ( QUESTION20 1 -1.857e+04 1.341e+02 7.911e+01
|                    ( - -3.324e+03 1 0)
|                    ( QUESTION0_16_R 1 -1.511e+04 1.346e+02 6.478e+01
|                        ( - -1.215e+04 1 0)
|                        ( QUESTION0_14_R 1 -2.826e+03 9.239e+01 1.300e+01
|                            ( - -1.277e+03 1 0)
|                            ( - -1.457e+03 1 0))))))))
s>    ( WDBNDRY_E 0 -1.051e+05 3.719e+02 4.408e+02
s>        ( - -2.217e+04 1 0)
s>        ( QUESTION0_3_R 1 -8.256e+04 3.057e+02 3.475e+02
s>            ( - -1.809e+04 1 0)
s>            ( QUESTION16 1 -6.416e+04 2.557e+02 2.698e+02
s>                ( - -4.442e+04 1 0)
s>                ( QUESTION0_0_R 1 -1.948e+04 1.601e+02 8.311e+01
s>                    ( - -7.493e+02 1 0)
s>                    ( QUESTION20 1 -1.857e+04 1.341e+02 7.911e+01
s>                        ( - -3.324e+03 1 0)
s>                        ( QUESTION0_16_R 1 -1.511e+04 1.346e+02 6.478e+01
s>                            ( - -1.215e+04 1 0)
s>                            ( QUESTION0_14_R 1 -2.826e+03 9.239e+01 1.300e+01
s>                                ( - -1.277e+03 1 0)
s>                                ( - -1.457e+03 1 0))))))))INFO: dtree.c(1315): Comp split 14
INFO: dtree.c(1439): stop. leaf nodes are specific
INFO: dtree.c(1478): Final simple tree
|( QUESTION2_14_L -1 -7.295e+04 2.297e+02 3.060e+02
|    ( WDBNDRY_B 0 -4.475e+03 1.593e+02 1.964e+01
|        ( - -8.167e+02 1 0)
|        ( WDBNDRY_E 0 -3.499e+03 1.307e+02 1.564e+01
|            ( - -2.842e+03 1 0)
|            ( - -5.258e+02 1 0)))
|    ( QUESTION20 1 -6.825e+04 1.670e+02 2.863e+02
|        ( WDBNDRY_E 0 -4.465e+04 1.597e+02 1.877e+02
|            ( - -4.012e+03 1 0)
|            ( - -4.048e+04 1 0))
|        ( - -2.343e+04 1 0)))
s>    ( QUESTION2_14_L -1 -7.295e+04 2.297e+02 3.060e+02
s>        ( WDBNDRY_B 0 -4.475e+03 1.593e+02 1.964e+01
s>            ( - -8.167e+02 1 0)
s>            ( WDBNDRY_E 0 -3.499e+03 1.307e+02 1.564e+01
s>                ( - -2.842e+03 1 0)
s>                ( - -5.258e+02 1 0)))
s>        ( QUESTION20 1 -6.825e+04 1.670e+02 2.863e+02
s>            ( WDBNDRY_E 0 -4.465e+04 1.597e+02 1.877e+02
s>                ( - -4.012e+03 1 0)
s>                ( - -4.048e+04 1 0))
s>            ( - -2.343e+04 1 0)))INFO: dtree.c(1439): stop. leaf nodes are specific
INFO: dtree.c(1478): Final simple tree
|( QUESTION0_0_R 1 -7.088e+04 4.101e+02 2.978e+02
|    ( - -2.221e+04 1 0)
|    ( QUESTION0_14_R 1 -4.826e+04 2.924e+02 2.022e+02
|        ( - -2.416e+04 1 0)
|        ( - -2.381e+04 1 0)))
s>    ( QUESTION0_0_R 1 -7.088e+04 4.101e+02 2.978e+02
s>        ( - -2.221e+04 1 0)
s>        ( QUESTION0_14_R 1 -4.826e+04 2.924e+02 2.022e+02
s>            ( - -2.416e+04 1 0)
s>            ( - -2.381e+04 1 0)))INFO: dtree.c(1315): Comp split 15
INFO: dtree.c(1439): stop. leaf nodes are specific
INFO: dtree.c(1478): Final simple tree
|( QUESTION0_14_R 1 -5.043e+04 2.092e+02 2.024e+02
|    ( - -1.872e+04 1 0)
|    ( QUESTION0 -1 -3.150e+04 1.240e+02 1.262e+02
|        ( - -6.445e+02 1 0)
|        ( - -3.073e+04 1 0)))
s>    ( QUESTION0_14_R 1 -5.043e+04 2.092e+02 2.024e+02
s>        ( - -1.872e+04 1 0)
s>        ( QUESTION0 -1 -3.150e+04 1.240e+02 1.262e+02
s>            ( - -6.445e+02 1 0)
s>            ( - -3.073e+04 1 0)))INFO: dtree.c(1439): stop. leaf nodes are specific
INFO: dtree.c(1478): Final simple tree
|( QUESTION0_14_R 1 -2.576e+04 2.308e+02 1.066e+02
|    ( - -2.666e+03 1 0)
|    ( WDBNDRY_B 0 -2.286e+04 1.559e+02 9.549e+01
|        ( - -6.565e+02 1 0)
|        ( - -2.205e+04 2 0)))
s>    ( QUESTION0_14_R 1 -2.576e+04 2.308e+02 1.066e+02
s>        ( - -2.666e+03 1 0)
s>        ( WDBNDRY_B 0 -2.286e+04 1.559e+02 9.549e+01
s>            ( - -6.565e+02 1 0)
s>            ( - -2.205e+04 2 0)))INFO: dtree.c(1315): Comp split 16
INFO: dtree.c(1439): stop. leaf nodes are specific
INFO: dtree.c(1478): Final simple tree
|( QUESTION0_14_R 1 -2.780e+04 4.523e+02 1.166e+02
|    ( - 1.408e+02 1 0)
|    ( QUESTION0 -1 -2.749e+04 3.066e+02 1.156e+02
|        ( QUESTION1 -1 -1.816e+04 1.833e+02 7.683e+01
|            ( - -9.912e+03 1 0)
|            ( QUESTION20 1 -8.067e+03 1.667e+02 3.331e+01
|                ( - -4.328e+03 2 0)
|                ( - -3.572e+03 1 0)))
|        ( - -9.020e+03 1 0)))
s>    ( QUESTION0_14_R 1 -2.780e+04 4.523e+02 1.166e+02
s>        ( - 1.408e+02 1 0)
s>        ( QUESTION0 -1 -2.749e+04 3.066e+02 1.156e+02
s>            ( QUESTION1 -1 -1.816e+04 1.833e+02 7.683e+01
s>                ( - -9.912e+03 1 0)
s>                ( QUESTION20 1 -8.067e+03 1.667e+02 3.331e+01
s>                    ( - -4.328e+03 2 0)
s>                    ( - -3.572e+03 1 0)))
s>            ( - -9.020e+03 1 0)))INFO: dtree.c(1439): stop. leaf nodes are specific
INFO: dtree.c(1478): Final simple tree
|( WDBNDRY_B 0 -3.665e+04 3.977e+02 1.558e+02
|    ( - -1.751e+04 1 0)
|    ( - -1.875e+04 1 0))
s>    ( WDBNDRY_B 0 -3.665e+04 3.977e+02 1.558e+02
s>        ( - -1.751e+04 1 0)
s>        ( - -1.875e+04 1 0))INFO: dtree.c(1315): Comp split 17
INFO: dtree.c(1439): stop. leaf nodes are specific
INFO: dtree.c(1478): Final simple tree
|( SILENCE -1 -5.662e+04 3.583e+02 2.402e+02
|    ( QUESTION0_16_R 1 -4.295e+04 2.510e+02 1.843e+02
|        ( - -8.245e+03 1 0)
|        ( QUESTION0_14_R 1 -3.445e+04 1.800e+02 1.482e+02
|            ( - -2.492e+02 1 0)
|            ( - -3.402e+04 1 0)))
|    ( QUESTION0_19_R 1 -1.332e+04 1.988e+02 5.592e+01
|        ( - -3.210e+03 1 0)
|        ( QUESTION0_15_R 1 -9.908e+03 1.419e+02 4.210e+01
|            ( - -5.663e+02 1 0)
|            ( QUESTION0_0_R 1 -9.200e+03 1.052e+02 3.910e+01
|                ( - -3.301e+03 1 0)
|                ( - -5.794e+03 2 0)))))
s>    ( SILENCE -1 -5.662e+04 3.583e+02 2.402e+02
s>        ( QUESTION0_16_R 1 -4.295e+04 2.510e+02 1.843e+02
s>            ( - -8.245e+03 1 0)
s>            ( QUESTION0_14_R 1 -3.445e+04 1.800e+02 1.482e+02
s>                ( - -2.492e+02 1 0)
s>                ( - -3.402e+04 1 0)))
s>        ( QUESTION0_19_R 1 -1.332e+04 1.988e+02 5.592e+01
s>            ( - -3.210e+03 1 0)
s>            ( QUESTION0_15_R 1 -9.908e+03 1.419e+02 4.210e+01
s>                ( - -5.663e+02 1 0)
s>                ( QUESTION0_0_R 1 -9.200e+03 1.052e+02 3.910e+01
s>                    ( - -3.301e+03 1 0)
s>                    ( - -5.794e+03 2 0)))))INFO: dtree.c(1439): stop. leaf nodes are specific
INFO: dtree.c(1478): Final simple tree
|( QUESTION0_0_R 1 -4.312e+04 2.176e+02 1.852e+02
|    ( - -3.117e+02 1 0)
|    ( - -4.259e+04 1 0))
s>    ( QUESTION0_0_R 1 -4.312e+04 2.176e+02 1.852e+02
s>        ( - -3.117e+02 1 0)
s>        ( - -4.259e+04 1 0))INFO: dtree.c(1315): Comp split 18
INFO: dtree.c(1439): stop. leaf nodes are specific
INFO: dtree.c(1478): Final simple tree
|( QUESTION0 -1 -2.749e+04 3.066e+02 1.156e+02
|    ( QUESTION1 -1 -1.816e+04 1.833e+02 7.683e+01
|        ( - -9.912e+03 1 0)
|        ( QUESTION20 1 -8.067e+03 1.667e+02 3.331e+01
|            ( - -4.328e+03 2 0)
|            ( - -3.572e+03 1 0)))
|    ( - -9.020e+03 1 0))
s>    ( QUESTION0 -1 -2.749e+04 3.066e+02 1.156e+02
s>        ( QUESTION1 -1 -1.816e+04 1.833e+02 7.683e+01
s>            ( - -9.912e+03 1 0)
s>            ( QUESTION20 1 -8.067e+03 1.667e+02 3.331e+01
s>                ( - -4.328e+03 2 0)
s>                ( - -3.572e+03 1 0)))
s>        ( - -9.020e+03 1 0))INFO: dtree.c(1315): Comp split 19
INFO: dtree.c(1439): stop. leaf nodes are specific
INFO: dtree.c(1478): Final simple tree
|( QUESTION0_4_R 1 -6.598e+04 2.636e+02 2.834e+02
|    ( - -2.649e+04 3 0)
|    ( WDBNDRY_E 0 -3.923e+04 1.851e+02 1.692e+02
|        ( - -4.789e+02 1 0)
|        ( - -3.857e+04 2 0)))
s>    ( QUESTION0_4_R 1 -6.598e+04 2.636e+02 2.834e+02
s>        ( - -2.649e+04 3 0)
s>        ( WDBNDRY_E 0 -3.923e+04 1.851e+02 1.692e+02
s>            ( - -4.789e+02 1 0)
s>            ( - -3.857e+04 2 0)))INFO: dtree.c(1315): Comp split 20
INFO: dtree.c(1439): stop. leaf nodes are specific
INFO: dtree.c(1478): Final simple tree
|( QUESTION0_2_R 1 -1.285e+04 1.407e+02 5.784e+01
|    ( QUESTION20 -1 -1.218e+04 1.828e+02 5.484e+01
|        ( - -1.101e+04 1 0)
|        ( - -9.823e+02 1 0))
|    ( - -5.341e+02 1 0))
s>    ( QUESTION0_2_R 1 -1.285e+04 1.407e+02 5.784e+01
s>        ( QUESTION20 -1 -1.218e+04 1.828e+02 5.484e+01
s>            ( - -1.101e+04 1 0)
s>            ( - -9.823e+02 1 0))
s>        ( - -5.341e+02 1 0))INFO: dtree.c(1478): Final simple tree
|( QUESTION20 1 -7.974e+04 3.906e+02 3.395e+02
|    ( - -3.295e+04 1 0)
|    ( QUESTION0_15_R 1 -4.640e+04 2.108e+02 1.982e+02
|        ( - -2.114e+04 1 0)
|        ( QUESTION20 -1 -2.506e+04 1.825e+02 1.076e+02
|            ( QUESTION0_5_R 1 -1.006e+04 1.644e+02 4.502e+01
|                ( - -2.632e+02 1 0)
|                ( - -9.635e+03 8 0 SILENCE 1 1.472e+02 4.302e+01))
|            ( QUESTION0_3_R 1 -1.481e+04 1.517e+02 6.255e+01
|                ( - -4.406e+03 3 0 QUESTION0_4_R 1 1.328e+02 1.975e+01)
|                ( QUESTION0_0_R 1 -1.025e+04 1.486e+02 4.279e+01
|                    ( QUESTION11 1 -4.137e+03 1.545e+02 1.812e+01
|                        ( - -2.770e+03 1 0)
|                        ( - -1.212e+03 2 0 QUESTION0_1_R 1 9.507e+01 6.000e+00))
|                    ( - -5.968e+03 2 0 SILENCE 1 8.597e+01 2.468e+01))))))
s>    ( QUESTION20 1 -7.974e+04 3.906e+02 3.395e+02
s>        ( - -3.295e+04 1 0)
s>        ( QUESTION0_15_R 1 -4.640e+04 2.108e+02 1.982e+02
s>            ( - -2.114e+04 1 0)
s>            ( QUESTION20 -1 -2.506e+04 1.825e+02 1.076e+02
s>                ( QUESTION0_5_R 1 -1.006e+04 1.644e+02 4.502e+01
s>                    ( - -2.632e+02 1 0)
s>                    ( - -9.635e+03 8 0 SILENCE 1 1.472e+02 4.302e+01))
s>                ( QUESTION0_3_R 1 -1.481e+04 1.517e+02 6.255e+01
s>                    ( - -4.406e+03 3 0 QUESTION0_4_R 1 1.328e+02 1.975e+01)
s>                    ( QUESTION0_0_R 1 -1.025e+04 1.486e+02 4.279e+01
s>                        ( QUESTION11 1 -4.137e+03 1.545e+02 1.812e+01
s>                            ( - -2.770e+03 1 0)
s>                            ( - -1.212e+03 2 0 QUESTION0_1_R 1 9.507e+01 6.000e+00))
s>                        ( - -5.968e+03 2 0 SILENCE 1 8.597e+01 2.468e+01))))))INFO: dtree.c(1315): Comp split 21
INFO: dtree.c(1478): Final simple tree
|( QUESTION20 1 -8.898e+04 3.064e+02 3.749e+02
|    ( WDBNDRY_B 0 -3.096e+04 1.777e+02 1.324e+02
|        ( - -5.901e+02 1 0)
|        ( - -3.019e+04 1 0))
|    ( QUESTION0_16_R 1 -5.771e+04 1.758e+02 2.425e+02
|        ( - -3.845e+04 1 0)
|        ( QUESTION0_0_R 1 -1.909e+04 1.158e+02 7.982e+01
|            ( WDBNDRY_E 0 -3.130e+03 1.321e+02 1.400e+01
|                ( - -1.733e+03 1 0)
|                ( - -1.265e+03 1 0))
|            ( QUESTION14 1 -1.584e+04 1.075e+02 6.582e+01
|                ( - -5.586e+03 3 0 WDBNDRY_B 0 1.682e+02 2.401e+01)
|                ( WDBNDRY_B 0 -1.015e+04 2.124e+02 4.182e+01
|                    ( - -3.514e+02 1 0)
|                    ( - -9.585e+03 1 0))))))
s>    ( QUESTION20 1 -8.898e+04 3.064e+02 3.749e+02
s>        ( WDBNDRY_B 0 -3.096e+04 1.777e+02 1.324e+02
s>            ( - -5.901e+02 1 0)
s>            ( - -3.019e+04 1 0))
s>        ( QUESTION0_16_R 1 -5.771e+04 1.758e+02 2.425e+02
s>            ( - -3.845e+04 1 0)
s>            ( QUESTION0_0_R 1 -1.909e+04 1.158e+02 7.982e+01
s>                ( WDBNDRY_E 0 -3.130e+03 1.321e+02 1.400e+01
s>                    ( - -1.733e+03 1 0)
s>                    ( - -1.265e+03 1 0))
s>                ( QUESTION14 1 -1.584e+04 1.075e+02 6.582e+01
s>                    ( - -5.586e+03 3 0 WDBNDRY_B 0 1.682e+02 2.401e+01)
s>                    ( WDBNDRY_B 0 -1.015e+04 2.124e+02 4.182e+01
s>                        ( - -3.514e+02 1 0)
s>                        ( - -9.585e+03 1 0))))))INFO: dtree.c(1439): stop. leaf nodes are specific
INFO: dtree.c(1478): Final simple tree
|( QUESTION0_2_R 1 -3.776e+04 1.911e+02 1.655e+02
|    ( - -1.487e+04 1 0)
|    ( - -2.270e+04 2 0))
s>    ( QUESTION0_2_R 1 -3.776e+04 1.911e+02 1.655e+02
s>        ( - -1.487e+04 1 0)
s>        ( - -2.270e+04 2 0))INFO: dtree.c(1315): Comp split 22
INFO: dtree.c(1439): stop. leaf nodes are specific
INFO: dtree.c(1478): Final simple tree
|( QUESTION0_0_R 1 -1.293e+05 3.191e+02 5.524e+02
|    ( WDBNDRY_E 0 -4.366e+04 1.519e+02 1.902e+02
|        ( - -6.979e+02 1 0)
|        ( WDBNDRY_B 0 -4.281e+04 1.258e+02 1.862e+02
|            ( - -2.974e+03 1 0)
|            ( - -3.971e+04 1 0)))
|    ( WDBNDRY_B 0 -8.532e+04 1.886e+02 3.622e+02
|        ( - -6.499e+02 1 0)
|        ( QUESTION0_14_R 1 -8.448e+04 1.832e+02 3.592e+02
|            ( - -5.372e+04 4 0)
|            ( - -3.058e+04 2 0))))
s>    ( QUESTION0_0_R 1 -1.293e+05 3.191e+02 5.524e+02
s>        ( WDBNDRY_E 0 -4.366e+04 1.519e+02 1.902e+02
s>            ( - -6.979e+02 1 0)
s>            ( WDBNDRY_B 0 -4.281e+04 1.258e+02 1.862e+02
s>                ( - -2.974e+03 1 0)
s>                ( - -3.971e+04 1 0)))
s>        ( WDBNDRY_B 0 -8.532e+04 1.886e+02 3.622e+02
s>            ( - -6.499e+02 1 0)
s>            ( QUESTION0_14_R 1 -8.448e+04 1.832e+02 3.592e+02
s>                ( - -5.372e+04 4 0)
s>                ( - -3.058e+04 2 0))))INFO: dtree.c(1439): stop. leaf nodes are specific
INFO: dtree.c(1478): Final simple tree
|( WDBNDRY_B 0 -4.472e+04 1.939e+02 1.870e+02
|    ( - -4.065e+04 2 0)
|    ( - -3.872e+03 1 0))
s>    ( WDBNDRY_B 0 -4.472e+04 1.939e+02 1.870e+02
s>        ( - -4.065e+04 2 0)
s>        ( - -3.872e+03 1 0))INFO: dtree.c(1315): Comp split 23
INFO: dtree.c(1439): stop. leaf nodes are specific
INFO: dtree.c(1478): Final simple tree
|( QUESTION0_14_R 1 -4.826e+04 2.924e+02 2.022e+02
|    ( - -2.416e+04 1 0)
|    ( - -2.381e+04 1 0))
s>    ( QUESTION0_14_R 1 -4.826e+04 2.924e+02 2.022e+02
s>        ( - -2.416e+04 1 0)
s>        ( - -2.381e+04 1 0))INFO: dtree.c(1315): Comp split 24
INFO: dtree.c(1439): stop. leaf nodes are specific
INFO: dtree.c(1478): Final simple tree
|( QUESTION0_14_R 1 -2.326e+05 1.967e+02 9.815e+02
|    ( WDBNDRY_B 0 -1.795e+05 9.382e+01 7.587e+02
|        ( - -3.706e+03 2 0)
|        ( - -1.757e+05 4 0))
|    ( - -5.287e+04 2 0))
s>    ( QUESTION0_14_R 1 -2.326e+05 1.967e+02 9.815e+02
s>        ( WDBNDRY_B 0 -1.795e+05 9.382e+01 7.587e+02
s>            ( - -3.706e+03 2 0)
s>            ( - -1.757e+05 4 0))
s>        ( - -5.287e+04 2 0))INFO: dtree.c(1315): Comp split 25
INFO: dtree.c(1315): Comp split 26
INFO: dtree.c(1478): Final simple tree
|( QUESTION0_15_R 1 -4.640e+04 2.108e+02 1.982e+02
|    ( - -2.114e+04 1 0)
|    ( QUESTION20 -1 -2.506e+04 1.825e+02 1.076e+02
|        ( QUESTION0_5_R 1 -1.006e+04 1.644e+02 4.502e+01
|            ( - -2.632e+02 1 0)
|            ( SILENCE 1 -9.635e+03 1.472e+02 4.302e+01
|                ( - -3.483e+02 1 0)
|                ( - -9.140e+03 7 0 QUESTION0_3_R 1 1.184e+02 4.102e+01)))
|        ( QUESTION0_3_R 1 -1.481e+04 1.517e+02 6.255e+01
|            ( - -4.406e+03 3 0 QUESTION0_4_R 1 1.328e+02 1.975e+01)
|            ( QUESTION0_0_R 1 -1.025e+04 1.486e+02 4.279e+01
|                ( QUESTION11 1 -4.137e+03 1.545e+02 1.812e+01
|                    ( - -2.770e+03 1 0)
|                    ( - -1.212e+03 2 0 QUESTION0_1_R 1 9.507e+01 6.000e+00))
|                ( - -5.968e+03 2 0 SILENCE 1 8.597e+01 2.468e+01)))))
s>    ( QUESTION0_15_R 1 -4.640e+04 2.108e+02 1.982e+02
s>        ( - -2.114e+04 1 0)
s>        ( QUESTION20 -1 -2.506e+04 1.825e+02 1.076e+02
s>            ( QUESTION0_5_R 1 -1.006e+04 1.644e+02 4.502e+01
s>                ( - -2.632e+02 1 0)
s>                ( SILENCE 1 -9.635e+03 1.472e+02 4.302e+01
s>                    ( - -3.483e+02 1 0)
s>                    ( - -9.140e+03 7 0 QUESTION0_3_R 1 1.184e+02 4.102e+01)))
s>            ( QUESTION0_3_R 1 -1.481e+04 1.517e+02 6.255e+01
s>                ( - -4.406e+03 3 0 QUESTION0_4_R 1 1.328e+02 1.975e+01)
s>                ( QUESTION0_0_R 1 -1.025e+04 1.486e+02 4.279e+01
s>                    ( QUESTION11 1 -4.137e+03 1.545e+02 1.812e+01
s>                        ( - -2.770e+03 1 0)
s>                        ( - -1.212e+03 2 0 QUESTION0_1_R 1 9.507e+01 6.000e+00))
s>                    ( - -5.968e+03 2 0 SILENCE 1 8.597e+01 2.468e+01)))))INFO: dtree.c(1315): Comp split 27
INFO: dtree.c(1439): stop. leaf nodes are specific
INFO: dtree.c(1478): Final simple tree
|( WDBNDRY_E 0 -4.190e+04 2.555e+02 1.764e+02
|    ( - -2.217e+04 1 0)
|    ( QUESTION0_0_R 1 -1.948e+04 1.601e+02 8.311e+01
|        ( - -7.493e+02 1 0)
|        ( QUESTION20 1 -1.857e+04 1.341e+02 7.911e+01
|            ( - -3.324e+03 1 0)
|            ( QUESTION0_16_R 1 -1.511e+04 1.346e+02 6.478e+01
|                ( - -1.215e+04 1 0)
|                ( QUESTION0_14_R 1 -2.826e+03 9.239e+01 1.300e+01
|                    ( - -1.277e+03 1 0)
|                    ( - -1.457e+03 1 0))))))
s>    ( WDBNDRY_E 0 -4.190e+04 2.555e+02 1.764e+02
s>        ( - -2.217e+04 1 0)
s>        ( QUESTION0_0_R 1 -1.948e+04 1.601e+02 8.311e+01
s>            ( - -7.493e+02 1 0)
s>            ( QUESTION20 1 -1.857e+04 1.341e+02 7.911e+01
s>                ( - -3.324e+03 1 0)
s>                ( QUESTION0_16_R 1 -1.511e+04 1.346e+02 6.478e+01
s>                    ( - -1.215e+04 1 0)
s>                    ( QUESTION0_14_R 1 -2.826e+03 9.239e+01 1.300e+01
s>                        ( - -1.277e+03 1 0)
s>                        ( - -1.457e+03 1 0))))))INFO: dtree.c(1439): stop. leaf nodes are specific
INFO: dtree.c(1478): Final simple tree
|( QUESTION0_0_R 1 -6.282e+04 3.034e+02 2.644e+02
|    ( - -1.809e+04 1 0)
|    ( - -4.442e+04 1 0))
s>    ( QUESTION0_0_R 1 -6.282e+04 3.034e+02 2.644e+02
s>        ( - -1.809e+04 1 0)
s>        ( - -4.442e+04 1 0))INFO: dtree.c(1315): Comp split 28
INFO: dtree.c(1439): stop. leaf nodes are specific
INFO: dtree.c(1478): Final simple tree
|( WDBNDRY_B 0 -4.137e+04 2.597e+02 1.780e+02
|    ( - -1.761e+04 1 0)
|    ( - -2.350e+04 2 0))
s>    ( WDBNDRY_B 0 -4.137e+04 2.597e+02 1.780e+02
s>        ( - -1.761e+04 1 0)
s>        ( - -2.350e+04 2 0))INFO: dtree.c(1439): stop. leaf nodes are specific
INFO: dtree.c(1478): Final simple tree
|( QUESTION0_14_R 1 -1.080e+05 2.696e+02 4.625e+02
|    ( - -1.937e+04 1 0)
|    ( - -8.832e+04 1 0))
s>    ( QUESTION0_14_R 1 -1.080e+05 2.696e+02 4.625e+02
s>        ( - -1.937e+04 1 0)
s>        ( - -8.832e+04 1 0))INFO: dtree.c(1315): Comp split 29
INFO: dtree.c(1439): stop. leaf nodes are specific
INFO: dtree.c(1478): Final simple tree
|( QUESTION13 -1 -2.224e+04 2.552e+02 9.401e+01
|    ( QUESTION0_15_R 1 -9.908e+03 1.419e+02 4.210e+01
|        ( - -5.663e+02 1 0)
|        ( QUESTION0_0_R 1 -9.200e+03 1.052e+02 3.910e+01
|            ( - -3.301e+03 1 0)
|            ( - -5.794e+03 2 0)))
|    ( SILENCE -1 -1.208e+04 1.887e+02 5.192e+01
|        ( QUESTION0_14_R 1 -8.678e+03 1.839e+02 3.810e+01
|            ( - -2.492e+02 1 0)
|            ( - -8.245e+03 1 0))
|        ( - -3.210e+03 1 0)))
s>    ( QUESTION13 -1 -2.224e+04 2.552e+02 9.401e+01
s>        ( QUESTION0_15_R 1 -9.908e+03 1.419e+02 4.210e+01
s>            ( - -5.663e+02 1 0)
s>            ( QUESTION0_0_R 1 -9.200e+03 1.052e+02 3.910e+01
s>                ( - -3.301e+03 1 0)
s>                ( - -5.794e+03 2 0)))
s>        ( SILENCE -1 -1.208e+04 1.887e+02 5.192e+01
s>            ( QUESTION0_14_R 1 -8.678e+03 1.839e+02 3.810e+01
s>                ( - -2.492e+02 1 0)
s>                ( - -8.245e+03 1 0))
s>            ( - -3.210e+03 1 0)))INFO: dtree.c(1315): Comp split 30
INFO: dtree.c(1439): stop. leaf nodes are specific
INFO: dtree.c(1478): Final simple tree
|( QUESTION0_15_R 1 -8.840e+04 1.846e+02 3.752e+02
|    ( - -3.058e+04 2 0)
|    ( QUESTION0_0_R 1 -5.764e+04 1.063e+02 2.441e+02
|        ( - -2.974e+03 1 0)
|        ( WDBNDRY_B 0 -5.456e+04 1.860e+02 2.311e+02
|            ( - -6.499e+02 1 0)
|            ( - -5.372e+04 4 0))))
s>    ( QUESTION0_15_R 1 -8.840e+04 1.846e+02 3.752e+02
s>        ( - -3.058e+04 2 0)
s>        ( QUESTION0_0_R 1 -5.764e+04 1.063e+02 2.441e+02
s>            ( - -2.974e+03 1 0)
s>            ( WDBNDRY_B 0 -5.456e+04 1.860e+02 2.311e+02
s>                ( - -6.499e+02 1 0)
s>                ( - -5.372e+04 4 0))))INFO: dtree.c(1439): stop. leaf nodes are specific
INFO: dtree.c(1478): Final simple tree
|( WDBNDRY_E 0 -4.056e+04 1.528e+02 1.772e+02
|    ( - -6.979e+02 1 0)
|    ( - -3.971e+04 1 0))
s>    ( WDBNDRY_E 0 -4.056e+04 1.528e+02 1.772e+02
s>        ( - -6.979e+02 1 0)
s>        ( - -3.971e+04 1 0))INFO: dtree.c(1315): Comp split 31
INFO: dtree.c(1315): Comp split 32
INFO: dtree.c(1439): stop. leaf nodes are specific
INFO: dtree.c(1478): Final simple tree
|( QUESTION0_14_R 1 -3.152e+04 2.036e+02 1.344e+02
|    ( - -3.514e+02 1 0)
|    ( WDBNDRY_B 0 -3.096e+04 1.777e+02 1.324e+02
|        ( - -5.901e+02 1 0)
|        ( - -3.019e+04 1 0)))
s>    ( QUESTION0_14_R 1 -3.152e+04 2.036e+02 1.344e+02
s>        ( - -3.514e+02 1 0)
s>        ( WDBNDRY_B 0 -3.096e+04 1.777e+02 1.324e+02
s>            ( - -5.901e+02 1 0)
s>            ( - -3.019e+04 1 0)))INFO: dtree.c(1439): stop. leaf nodes are specific
INFO: dtree.c(1478): Final simple tree
|( QUESTION0_16_R 1 -5.715e+04 1.815e+02 2.405e+02
|    ( - -3.845e+04 1 0)
|    ( QUESTION0_0_R 1 -1.852e+04 1.154e+02 7.782e+01
|        ( WDBNDRY_E 0 -3.130e+03 1.321e+02 1.400e+01
|            ( - -1.733e+03 1 0)
|            ( - -1.265e+03 1 0))
|        ( QUESTION14 1 -1.528e+04 1.082e+02 6.382e+01
|            ( WDBNDRY_B 0 -5.586e+03 1.682e+02 2.401e+01
|                ( - -3.916e+03 1 0)
|                ( - -1.501e+03 2 0))
|            ( - -9.585e+03 1 0))))
s>    ( QUESTION0_16_R 1 -5.715e+04 1.815e+02 2.405e+02
s>        ( - -3.845e+04 1 0)
s>        ( QUESTION0_0_R 1 -1.852e+04 1.154e+02 7.782e+01
s>            ( WDBNDRY_E 0 -3.130e+03 1.321e+02 1.400e+01
s>                ( - -1.733e+03 1 0)
s>                ( - -1.265e+03 1 0))
s>            ( QUESTION14 1 -1.528e+04 1.082e+02 6.382e+01
s>                ( WDBNDRY_B 0 -5.586e+03 1.682e+02 2.401e+01
s>                    ( - -3.916e+03 1 0)
s>                    ( - -1.501e+03 2 0))
s>                ( - -9.585e+03 1 0))))INFO: dtree.c(1315): Comp split 33
INFO: dtree.c(1439): stop. leaf nodes are specific
INFO: dtree.c(1478): Final simple tree
|( QUESTION1 -1 -1.816e+04 1.833e+02 7.683e+01
|    ( - -9.912e+03 1 0)
|    ( QUESTION20 1 -8.067e+03 1.667e+02 3.331e+01
|        ( - -4.328e+03 2 0)
|        ( - -3.572e+03 1 0)))
s>    ( QUESTION1 -1 -1.816e+04 1.833e+02 7.683e+01
s>        ( - -9.912e+03 1 0)
s>        ( QUESTION20 1 -8.067e+03 1.667e+02 3.331e+01
s>            ( - -4.328e+03 2 0)
s>            ( - -3.572e+03 1 0)))INFO: dtree.c(1315): Comp split 34
INFO: dtree.c(1315): Comp split 35
INFO: dtree.c(1315): Comp split 36
INFO: dtree.c(1315): Comp split 37
INFO: dtree.c(1439): stop. leaf nodes are specific
INFO: dtree.c(1478): Final simple tree
|( WDBNDRY_E 0 -3.923e+04 1.851e+02 1.692e+02
|    ( - -4.789e+02 1 0)
|    ( - -3.857e+04 2 0))
s>    ( WDBNDRY_E 0 -3.923e+04 1.851e+02 1.692e+02
s>        ( - -4.789e+02 1 0)
s>        ( - -3.857e+04 2 0))INFO: dtree.c(1315): Comp split 38
INFO: dtree.c(1315): Comp split 39
INFO: dtree.c(1439): stop. leaf nodes are specific
INFO: dtree.c(1478): Final simple tree
|( SILENCE -1 -1.034e+04 1.805e+02 4.410e+01
|    ( - -2.492e+02 1 0)
|    ( QUESTION0_15_R 1 -9.908e+03 1.419e+02 4.210e+01
|        ( - -5.663e+02 1 0)
|        ( QUESTION0_0_R 1 -9.200e+03 1.052e+02 3.910e+01
|            ( - -3.301e+03 1 0)
|            ( - -5.794e+03 2 0))))
s>    ( SILENCE -1 -1.034e+04 1.805e+02 4.410e+01
s>        ( - -2.492e+02 1 0)
s>        ( QUESTION0_15_R 1 -9.908e+03 1.419e+02 4.210e+01
s>            ( - -5.663e+02 1 0)
s>            ( QUESTION0_0_R 1 -9.200e+03 1.052e+02 3.910e+01
s>                ( - -3.301e+03 1 0)
s>                ( - -5.794e+03 2 0))))INFO: dtree.c(1439): stop. leaf nodes are specific
INFO: dtree.c(1478): Final simple tree
|( SILENCE -1 -1.164e+04 1.883e+02 4.992e+01
|    ( - -8.245e+03 1 0)
|    ( - -3.210e+03 1 0))
s>    ( SILENCE -1 -1.164e+04 1.883e+02 4.992e+01
s>        ( - -8.245e+03 1 0)
s>        ( - -3.210e+03 1 0))INFO: dtree.c(1315): Comp split 40
INFO: dtree.c(1439): stop. leaf nodes are specific
INFO: dtree.c(1478): Final simple tree
|( QUESTION0_0_R 1 -1.948e+04 1.601e+02 8.311e+01
|    ( - -7.493e+02 1 0)
|    ( QUESTION20 1 -1.857e+04 1.341e+02 7.911e+01
|        ( - -3.324e+03 1 0)
|        ( QUESTION0_16_R 1 -1.511e+04 1.346e+02 6.478e+01
|            ( - -1.215e+04 1 0)
|            ( QUESTION0_14_R 1 -2.826e+03 9.239e+01 1.300e+01
|                ( - -1.277e+03 1 0)
|                ( - -1.457e+03 1 0)))))
s>    ( QUESTION0_0_R 1 -1.948e+04 1.601e+02 8.311e+01
s>        ( - -7.493e+02 1 0)
s>        ( QUESTION20 1 -1.857e+04 1.341e+02 7.911e+01
s>            ( - -3.324e+03 1 0)
s>            ( QUESTION0_16_R 1 -1.511e+04 1.346e+02 6.478e+01
s>                ( - -1.215e+04 1 0)
s>                ( QUESTION0_14_R 1 -2.826e+03 9.239e+01 1.300e+01
s>                    ( - -1.277e+03 1 0)
s>                    ( - -1.457e+03 1 0)))))INFO: dtree.c(1315): Comp split 41
INFO: dtree.c(1439): stop. leaf nodes are specific
INFO: dtree.c(1478): Final simple tree
|( QUESTION0_14_R 1 -7.907e+04 1.883e+02 3.327e+02
|    ( - -5.712e+04 2 0)
|    ( QUESTION20 1 -2.176e+04 1.460e+02 9.186e+01
|        ( - -1.684e+03 1 0)
|        ( - -1.993e+04 1 0)))
s>    ( QUESTION0_14_R 1 -7.907e+04 1.883e+02 3.327e+02
s>        ( - -5.712e+04 2 0)
s>        ( QUESTION20 1 -2.176e+04 1.460e+02 9.186e+01
s>            ( - -1.684e+03 1 0)
s>            ( - -1.993e+04 1 0)))INFO: dtree.c(1315): Comp split 42
INFO: dtree.c(1439): stop. leaf nodes are specific
INFO: dtree.c(1478): Final simple tree
|( WDBNDRY_B 0 -2.007e+04 1.431e+02 8.299e+01
|    ( - -1.926e+04 1 0)
|    ( - -6.710e+02 1 0))
s>    ( WDBNDRY_B 0 -2.007e+04 1.431e+02 8.299e+01
s>        ( - -1.926e+04 1 0)
s>        ( - -6.710e+02 1 0))INFO: dtree.c(1315): Comp split 43
INFO: dtree.c(1439): stop. leaf nodes are specific
INFO: dtree.c(1478): Final simple tree
|( WDBNDRY_B 0 -2.286e+04 1.559e+02 9.549e+01
|    ( - -6.565e+02 1 0)
|    ( - -2.205e+04 2 0))
s>    ( WDBNDRY_B 0 -2.286e+04 1.559e+02 9.549e+01
s>        ( - -6.565e+02 1 0)
s>        ( - -2.205e+04 2 0))INFO: dtree.c(1315): Comp split 44
INFO: dtree.c(1439): stop. leaf nodes are specific
INFO: dtree.c(1478): Final simple tree
|( WDBNDRY_B 0 -8.632e+03 1.681e+02 3.681e+01
|    ( - -8.167e+02 1 0)
|    ( WDBNDRY_E 0 -7.647e+03 1.379e+02 3.281e+01
|        ( QUESTION20 -1 -6.984e+03 1.296e+02 2.981e+01
|            ( - -2.842e+03 1 0)
|            ( - -4.012e+03 1 0))
|        ( - -5.258e+02 1 0)))
s>    ( WDBNDRY_B 0 -8.632e+03 1.681e+02 3.681e+01
s>        ( - -8.167e+02 1 0)
s>        ( WDBNDRY_E 0 -7.647e+03 1.379e+02 3.281e+01
s>            ( QUESTION20 -1 -6.984e+03 1.296e+02 2.981e+01
s>                ( - -2.842e+03 1 0)
s>                ( - -4.012e+03 1 0))
s>            ( - -5.258e+02 1 0)))INFO: dtree.c(1439): stop. leaf nodes are specific
INFO: dtree.c(1478): Final simple tree
|( QUESTION20 1 -6.409e+04 1.809e+02 2.692e+02
|    ( - -4.048e+04 1 0)
|    ( - -2.343e+04 1 0))
s>    ( QUESTION20 1 -6.409e+04 1.809e+02 2.692e+02
s>        ( - -4.048e+04 1 0)
s>        ( - -2.343e+04 1 0))INFO: dtree.c(1315): Comp split 45
INFO: dtree.c(1439): stop. leaf nodes are specific
INFO: dtree.c(1478): Final simple tree
|( WDBNDRY_E 0 -2.543e+04 1.538e+02 1.088e+02
|    ( QUESTION11 1 -4.137e+03 1.545e+02 1.812e+01
|        ( - -2.770e+03 1 0)
|        ( QUESTION0_1_R 1 -1.212e+03 9.507e+01 6.000e+00
|            ( - -5.956e+02 1 0)
|            ( - -5.213e+02 1 0)))
|    ( - -2.114e+04 1 0))
s>    ( WDBNDRY_E 0 -2.543e+04 1.538e+02 1.088e+02
s>        ( QUESTION11 1 -4.137e+03 1.545e+02 1.812e+01
s>            ( - -2.770e+03 1 0)
s>            ( QUESTION0_1_R 1 -1.212e+03 9.507e+01 6.000e+00
s>                ( - -5.956e+02 1 0)
s>                ( - -5.213e+02 1 0)))
s>        ( - -2.114e+04 1 0))INFO: dtree.c(1478): Final simple tree
|( QUESTION20 -1 -2.076e+04 1.715e+02 8.945e+01
|    ( QUESTION0_5_R 1 -1.006e+04 1.644e+02 4.502e+01
|        ( - -2.632e+02 1 0)
|        ( SILENCE 1 -9.635e+03 1.472e+02 4.302e+01
|            ( - -3.483e+02 1 0)
|            ( QUESTION0_3_R 1 -9.140e+03 1.184e+02 4.102e+01
|                ( - -1.966e+03 1 0)
|                ( QUESTION0_6_R 1 -7.055e+03 1.117e+02 3.201e+01
|                    ( - -2.280e+03 1 0)
|                    ( - -4.663e+03 5 0 QUESTION14 1 1.033e+02 2.093e+01)))))
|    ( QUESTION0_4_R 1 -1.052e+04 1.564e+02 4.443e+01
|        ( - -2.786e+03 1 0)
|        ( QUESTION0_0_R 1 -7.582e+03 1.267e+02 3.168e+01
|            ( - -1.488e+03 2 0)
|            ( - -5.968e+03 2 0 SILENCE 1 8.597e+01 2.468e+01))))
s>    ( QUESTION20 -1 -2.076e+04 1.715e+02 8.945e+01
s>        ( QUESTION0_5_R 1 -1.006e+04 1.644e+02 4.502e+01
s>            ( - -2.632e+02 1 0)
s>            ( SILENCE 1 -9.635e+03 1.472e+02 4.302e+01
s>                ( - -3.483e+02 1 0)
s>                ( QUESTION0_3_R 1 -9.140e+03 1.184e+02 4.102e+01
s>                    ( - -1.966e+03 1 0)
s>                    ( QUESTION0_6_R 1 -7.055e+03 1.117e+02 3.201e+01
s>                        ( - -2.280e+03 1 0)
s>                        ( - -4.663e+03 5 0 QUESTION14 1 1.033e+02 2.093e+01)))))
s>        ( QUESTION0_4_R 1 -1.052e+04 1.564e+02 4.443e+01
s>            ( - -2.786e+03 1 0)
s>            ( QUESTION0_0_R 1 -7.582e+03 1.267e+02 3.168e+01
s>                ( - -1.488e+03 2 0)
s>                ( - -5.968e+03 2 0 SILENCE 1 8.597e+01 2.468e+01))))INFO: dtree.c(1315): Comp split 46
INFO: dtree.c(1315): Comp split 47
INFO: dtree.c(1439): stop. leaf nodes are specific
INFO: dtree.c(1478): Final simple tree
|( QUESTION0_0_R 1 -2.920e+03 1.537e+02 1.300e+01
|    ( - -1.265e+03 1 0)
|    ( - -1.501e+03 2 0))
s>    ( QUESTION0_0_R 1 -2.920e+03 1.537e+02 1.300e+01
s>        ( - -1.265e+03 1 0)
s>        ( - -1.501e+03 2 0))INFO: dtree.c(1439): stop. leaf nodes are specific
INFO: dtree.c(1478): Final simple tree
|( QUESTION0_16_R 1 -5.402e+04 1.637e+02 2.275e+02
|    ( - -3.845e+04 1 0)
|    ( WDBNDRY_B 0 -1.541e+04 8.925e+01 6.482e+01
|        ( - -3.916e+03 1 0)
|        ( WDBNDRY_E 0 -1.141e+04 8.731e+01 4.782e+01
|            ( - -1.733e+03 1 0)
|            ( - -9.585e+03 1 0))))
s>    ( QUESTION0_16_R 1 -5.402e+04 1.637e+02 2.275e+02
s>        ( - -3.845e+04 1 0)
s>        ( WDBNDRY_B 0 -1.541e+04 8.925e+01 6.482e+01
s>            ( - -3.916e+03 1 0)
s>            ( WDBNDRY_E 0 -1.141e+04 8.731e+01 4.782e+01
s>                ( - -1.733e+03 1 0)
s>                ( - -9.585e+03 1 0))))INFO: dtree.c(1315): Comp split 48
INFO: dtree.c(1439): stop. leaf nodes are specific
INFO: dtree.c(1478): Final simple tree
|( QUESTION0 -1 -3.150e+04 1.240e+02 1.262e+02
|    ( - -6.445e+02 1 0)
|    ( - -3.073e+04 1 0))
s>    ( QUESTION0 -1 -3.150e+04 1.240e+02 1.262e+02
s>        ( - -6.445e+02 1 0)
s>        ( - -3.073e+04 1 0))INFO: dtree.c(1315): Comp split 49
INFO: dtree.c(1439): stop. leaf nodes are specific
INFO: dtree.c(1478): Final simple tree
|( WDBNDRY_B 0 -3.096e+04 1.777e+02 1.324e+02
|    ( - -5.901e+02 1 0)
|    ( - -3.019e+04 1 0))
s>    ( WDBNDRY_B 0 -3.096e+04 1.777e+02 1.324e+02
s>        ( - -5.901e+02 1 0)
s>        ( - -3.019e+04 1 0))INFO: dtree.c(1315): Comp split 50
INFO: dtree.c(1439): stop. leaf nodes are specific
INFO: dtree.c(1478): Final simple tree
|( WDBNDRY_B 0 -1.795e+05 9.382e+01 7.587e+02
|    ( - -3.706e+03 2 0)
|    ( - -1.757e+05 4 0))
s>    ( WDBNDRY_B 0 -1.795e+05 9.382e+01 7.587e+02
s>        ( - -3.706e+03 2 0)
s>        ( - -1.757e+05 4 0))INFO: dtree.c(1315): Comp split 51
INFO: dtree.c(1315): Comp split 52
INFO: dtree.c(1439): stop. leaf nodes are specific
INFO: dtree.c(1478): Final simple tree
|( QUESTION0_1_R 1 -1.212e+03 9.507e+01 6.000e+00
|    ( - -5.956e+02 1 0)
|    ( - -5.213e+02 1 0))
s>    ( QUESTION0_1_R 1 -1.212e+03 9.507e+01 6.000e+00
s>        ( - -5.956e+02 1 0)
s>        ( - -5.213e+02 1 0))INFO: dtree.c(1439): stop. leaf nodes are specific
INFO: dtree.c(1478): Final simple tree
|( WDBNDRY_E 0 -2.402e+04 1.170e+02 1.028e+02
|    ( - -2.770e+03 1 0)
|    ( - -2.114e+04 1 0))
s>    ( WDBNDRY_E 0 -2.402e+04 1.170e+02 1.028e+02
s>        ( - -2.770e+03 1 0)
s>        ( - -2.114e+04 1 0))INFO: dtree.c(1315): Comp split 53
INFO: dtree.c(1315): Comp split 54
INFO: dtree.c(1439): stop. leaf nodes are specific
INFO: dtree.c(1478): Final simple tree
|( QUESTION1 -1 -1.440e+04 1.590e+02 6.148e+01
|    ( - -9.912e+03 1 0)
|    ( - -4.328e+03 2 0))
s>    ( QUESTION1 -1 -1.440e+04 1.590e+02 6.148e+01
s>        ( - -9.912e+03 1 0)
s>        ( - -4.328e+03 2 0))INFO: dtree.c(1315): Comp split 55
INFO: dtree.c(1439): stop. leaf nodes are specific
INFO: dtree.c(1478): Final simple tree
|( QUESTION0_15_R 1 -8.756e+04 1.824e+02 3.722e+02
|    ( - -3.058e+04 2 0)
|    ( WDBNDRY_B 0 -5.680e+04 1.053e+02 2.411e+02
|        ( - -2.974e+03 1 0)
|        ( - -5.372e+04 4 0)))
s>    ( QUESTION0_15_R 1 -8.756e+04 1.824e+02 3.722e+02
s>        ( - -3.058e+04 2 0)
s>        ( WDBNDRY_B 0 -5.680e+04 1.053e+02 2.411e+02
s>            ( - -2.974e+03 1 0)
s>            ( - -5.372e+04 4 0)))INFO: dtree.c(1315): Comp split 56
INFO: dtree.c(1315): Comp split 57
INFO: dtree.c(1439): stop. leaf nodes are specific
INFO: dtree.c(1478): Final simple tree
|( QUESTION20 1 -2.176e+04 1.460e+02 9.186e+01
|    ( - -1.684e+03 1 0)
|    ( - -1.993e+04 1 0))
s>    ( QUESTION20 1 -2.176e+04 1.460e+02 9.186e+01
s>        ( - -1.684e+03 1 0)
s>        ( - -1.993e+04 1 0))INFO: dtree.c(1315): Comp split 58
INFO: dtree.c(1439): stop. leaf nodes are specific
INFO: dtree.c(1478): Final simple tree
|( QUESTION0_2_R 1 -1.168e+04 1.380e+02 5.284e+01
|    ( - -1.101e+04 1 0)
|    ( - -5.341e+02 1 0))
s>    ( QUESTION0_2_R 1 -1.168e+04 1.380e+02 5.284e+01
s>        ( - -1.101e+04 1 0)
s>        ( - -5.341e+02 1 0))INFO: dtree.c(1315): Comp split 59
INFO: dtree.c(1315): Comp split 60
INFO: dtree.c(1478): Final simple tree
|( QUESTION0_4_R 1 -1.117e+04 1.235e+02 5.002e+01
|    ( - -1.966e+03 1 0)
|    ( QUESTION0_6_R 1 -9.079e+03 1.106e+02 4.101e+01
|        ( - -2.280e+03 1 0)
|        ( QUESTION0_3_R 1 -6.688e+03 1.109e+02 2.993e+01
|            ( QUESTION20 -1 -1.914e+03 1.631e+02 9.000e+00
|                ( - -2.632e+02 1 0)
|                ( - -1.488e+03 2 0))
|            ( QUESTION14 1 -4.663e+03 1.033e+02 2.093e+01
|                ( WDBNDRY_E 0 -1.470e+03 1.371e+02 7.000e+00
|                    ( - -3.020e+02 1 0)
|                    ( - -1.031e+03 1 0))
|                ( QUESTION0_0_R 1 -3.090e+03 9.273e+01 1.393e+01
|                    ( - -1.937e+03 2 0)
|                    ( - -1.060e+03 1 0))))))
s>    ( QUESTION0_4_R 1 -1.117e+04 1.235e+02 5.002e+01
s>        ( - -1.966e+03 1 0)
s>        ( QUESTION0_6_R 1 -9.079e+03 1.106e+02 4.101e+01
s>            ( - -2.280e+03 1 0)
s>            ( QUESTION0_3_R 1 -6.688e+03 1.109e+02 2.993e+01
s>                ( QUESTION20 -1 -1.914e+03 1.631e+02 9.000e+00
s>                    ( - -2.632e+02 1 0)
s>                    ( - -1.488e+03 2 0))
s>                ( QUESTION14 1 -4.663e+03 1.033e+02 2.093e+01
s>                    ( WDBNDRY_E 0 -1.470e+03 1.371e+02 7.000e+00
s>                        ( - -3.020e+02 1 0)
s>                        ( - -1.031e+03 1 0))
s>                    ( QUESTION0_0_R 1 -3.090e+03 9.273e+01 1.393e+01
s>                        ( - -1.937e+03 2 0)
s>                        ( - -1.060e+03 1 0))))))INFO: dtree.c(1439): stop. leaf nodes are specific
INFO: dtree.c(1478): Final simple tree
|( QUESTION0_0_R 1 -9.405e+03 1.618e+02 3.943e+01
|    ( - -2.786e+03 1 0)
|    ( QUESTION20 -1 -6.458e+03 1.415e+02 2.668e+01
|        ( - -3.483e+02 1 0)
|        ( SILENCE 1 -5.968e+03 8.597e+01 2.468e+01
|            ( - -4.784e+03 1 0)
|            ( - -1.098e+03 1 0))))
s>    ( QUESTION0_0_R 1 -9.405e+03 1.618e+02 3.943e+01
s>        ( - -2.786e+03 1 0)
s>        ( QUESTION20 -1 -6.458e+03 1.415e+02 2.668e+01
s>            ( - -3.483e+02 1 0)
s>            ( SILENCE 1 -5.968e+03 8.597e+01 2.468e+01
s>                ( - -4.784e+03 1 0)
s>                ( - -1.098e+03 1 0))))INFO: dtree.c(1315): Comp split 61
INFO: dtree.c(1439): stop. leaf nodes are specific
INFO: dtree.c(1478): Final simple tree
|( WDBNDRY_B 0 -5.680e+04 1.053e+02 2.411e+02
|    ( - -2.974e+03 1 0)
|    ( - -5.372e+04 4 0))
s>    ( WDBNDRY_B 0 -5.680e+04 1.053e+02 2.411e+02
s>        ( - -2.974e+03 1 0)
s>        ( - -5.372e+04 4 0))INFO: dtree.c(1315): Comp split 62
INFO: dtree.c(1315): Comp split 63
INFO: dtree.c(1439): stop. leaf nodes are specific
INFO: dtree.c(1478): Final simple tree
|( QUESTION0_15_R 1 -9.908e+03 1.419e+02 4.210e+01
|    ( - -5.663e+02 1 0)
|    ( QUESTION0_0_R 1 -9.200e+03 1.052e+02 3.910e+01
|        ( - -3.301e+03 1 0)
|        ( - -5.794e+03 2 0)))
s>    ( QUESTION0_15_R 1 -9.908e+03 1.419e+02 4.210e+01
s>        ( - -5.663e+02 1 0)
s>        ( QUESTION0_0_R 1 -9.200e+03 1.052e+02 3.910e+01
s>            ( - -3.301e+03 1 0)
s>            ( - -5.794e+03 2 0)))INFO: dtree.c(1315): Comp split 64
INFO: dtree.c(1315): Comp split 65
INFO: dtree.c(1439): stop. leaf nodes are specific
INFO: dtree.c(1478): Final simple tree
|( WDBNDRY_E 0 -7.647e+03 1.379e+02 3.281e+01
|    ( QUESTION20 -1 -6.984e+03 1.296e+02 2.981e+01
|        ( - -2.842e+03 1 0)
|        ( - -4.012e+03 1 0))
|    ( - -5.258e+02 1 0))
s>    ( WDBNDRY_E 0 -7.647e+03 1.379e+02 3.281e+01
s>        ( QUESTION20 -1 -6.984e+03 1.296e+02 2.981e+01
s>            ( - -2.842e+03 1 0)
s>            ( - -4.012e+03 1 0))
s>        ( - -5.258e+02 1 0))INFO: dtree.c(1315): Comp split 66
INFO: dtree.c(1439): stop. leaf nodes are specific
INFO: dtree.c(1478): Final simple tree
|( QUESTION0_14_R 1 -1.353e+04 9.929e+01 5.778e+01
|    ( - -1.277e+03 1 0)
|    ( - -1.215e+04 1 0))
s>    ( QUESTION0_14_R 1 -1.353e+04 9.929e+01 5.778e+01
s>        ( - -1.277e+03 1 0)
s>        ( - -1.215e+04 1 0))INFO: dtree.c(1439): stop. leaf nodes are specific
INFO: dtree.c(1478): Final simple tree
|( QUESTION0_0_R 1 -5.787e+03 1.478e+02 2.533e+01
|    ( - -7.493e+02 1 0)
|    ( QUESTION0_16_R 1 -4.890e+03 1.094e+02 2.133e+01
|        ( - -3.324e+03 1 0)
|        ( - -1.457e+03 1 0)))
s>    ( QUESTION0_0_R 1 -5.787e+03 1.478e+02 2.533e+01
s>        ( - -7.493e+02 1 0)
s>        ( QUESTION0_16_R 1 -4.890e+03 1.094e+02 2.133e+01
s>            ( - -3.324e+03 1 0)
s>            ( - -1.457e+03 1 0)))INFO: dtree.c(1315): Comp split 67
INFO: dtree.c(1439): stop. leaf nodes are specific
INFO: dtree.c(1478): Final simple tree
|( WDBNDRY_B 0 -1.541e+04 8.925e+01 6.482e+01
|    ( - -3.916e+03 1 0)
|    ( WDBNDRY_E 0 -1.141e+04 8.731e+01 4.782e+01
|        ( - -1.733e+03 1 0)
|        ( - -9.585e+03 1 0)))
s>    ( WDBNDRY_B 0 -1.541e+04 8.925e+01 6.482e+01
s>        ( - -3.916e+03 1 0)
s>        ( WDBNDRY_E 0 -1.141e+04 8.731e+01 4.782e+01
s>            ( - -1.733e+03 1 0)
s>            ( - -9.585e+03 1 0)))INFO: dtree.c(1315): Comp split 68
INFO: dtree.c(1439): stop. leaf nodes are specific
INFO: dtree.c(1478): Final simple tree
|( QUESTION0_4_R 1 -1.074e+04 1.238e+02 4.802e+01
|    ( - -1.966e+03 1 0)
|    ( QUESTION0_6_R 1 -8.653e+03 1.131e+02 3.901e+01
|        ( - -2.280e+03 1 0)
|        ( QUESTION0_3_R 1 -6.260e+03 1.089e+02 2.793e+01
|            ( - -1.488e+03 2 0)
|            ( QUESTION14 1 -4.663e+03 1.033e+02 2.093e+01
|                ( WDBNDRY_E 0 -1.470e+03 1.371e+02 7.000e+00
|                    ( - -3.020e+02 1 0)
|                    ( - -1.031e+03 1 0))
|                ( QUESTION0_0_R 1 -3.090e+03 9.273e+01 1.393e+01
|                    ( - -1.937e+03 2 0)
|                    ( - -1.060e+03 1 0))))))
s>    ( QUESTION0_4_R 1 -1.074e+04 1.238e+02 4.802e+01
s>        ( - -1.966e+03 1 0)
s>        ( QUESTION0_6_R 1 -8.653e+03 1.131e+02 3.901e+01
s>            ( - -2.280e+03 1 0)
s>            ( QUESTION0_3_R 1 -6.260e+03 1.089e+02 2.793e+01
s>                ( - -1.488e+03 2 0)
s>                ( QUESTION14 1 -4.663e+03 1.033e+02 2.093e+01
s>                    ( WDBNDRY_E 0 -1.470e+03 1.371e+02 7.000e+00
s>                        ( - -3.020e+02 1 0)
s>                        ( - -1.031e+03 1 0))
s>                    ( QUESTION0_0_R 1 -3.090e+03 9.273e+01 1.393e+01
s>                        ( - -1.937e+03 2 0)
s>                        ( - -1.060e+03 1 0))))))INFO: dtree.c(1315): Comp split 69
INFO: dtree.c(1439): stop. leaf nodes are specific
INFO: dtree.c(1478): Final simple tree
|( QUESTION20 -1 -6.458e+03 1.415e+02 2.668e+01
|    ( - -3.483e+02 1 0)
|    ( SILENCE 1 -5.968e+03 8.597e+01 2.468e+01
|        ( - -4.784e+03 1 0)
|        ( - -1.098e+03 1 0)))
s>    ( QUESTION20 -1 -6.458e+03 1.415e+02 2.668e+01
s>        ( - -3.483e+02 1 0)
s>        ( SILENCE 1 -5.968e+03 8.597e+01 2.468e+01
s>            ( - -4.784e+03 1 0)
s>            ( - -1.098e+03 1 0)))INFO: dtree.c(1315): Comp split 70
INFO: dtree.c(1315): Comp split 71
INFO: dtree.c(1315): Comp split 72
INFO: dtree.c(1315): Comp split 73
INFO: dtree.c(1315): Comp split 74
INFO: dtree.c(1439): stop. leaf nodes are specific
INFO: dtree.c(1478): Final simple tree
|( QUESTION0_16_R 1 -4.890e+03 1.094e+02 2.133e+01
|    ( - -3.324e+03 1 0)
|    ( - -1.457e+03 1 0))
s>    ( QUESTION0_16_R 1 -4.890e+03 1.094e+02 2.133e+01
s>        ( - -3.324e+03 1 0)
s>        ( - -1.457e+03 1 0))INFO: dtree.c(1315): Comp split 75
INFO: dtree.c(1439): stop. leaf nodes are specific
INFO: dtree.c(1478): Final simple tree
|( QUESTION0_4_R 1 -1.029e+04 1.271e+02 4.602e+01
|    ( - -1.966e+03 1 0)
|    ( QUESTION0_3_R 1 -8.200e+03 1.120e+02 3.701e+01
|        ( - -1.488e+03 2 0)
|        ( QUESTION0_6_R 1 -6.600e+03 1.063e+02 3.001e+01
|            ( - -2.280e+03 1 0)
|            ( QUESTION15 1 -4.214e+03 9.809e+01 1.893e+01
|                ( - -1.060e+03 1 0)
|                ( WDBNDRY_E 0 -3.056e+03 8.785e+01 1.393e+01
|                    ( - -1.937e+03 2 0)
|                    ( - -1.031e+03 1 0))))))
s>    ( QUESTION0_4_R 1 -1.029e+04 1.271e+02 4.602e+01
s>        ( - -1.966e+03 1 0)
s>        ( QUESTION0_3_R 1 -8.200e+03 1.120e+02 3.701e+01
s>            ( - -1.488e+03 2 0)
s>            ( QUESTION0_6_R 1 -6.600e+03 1.063e+02 3.001e+01
s>                ( - -2.280e+03 1 0)
s>                ( QUESTION15 1 -4.214e+03 9.809e+01 1.893e+01
s>                    ( - -1.060e+03 1 0)
s>                    ( WDBNDRY_E 0 -3.056e+03 8.785e+01 1.393e+01
s>                        ( - -1.937e+03 2 0)
s>                        ( - -1.031e+03 1 0))))))INFO: dtree.c(1315): Comp split 76
INFO: dtree.c(1315): Comp split 77
INFO: dtree.c(1315): Comp split 78
INFO: dtree.c(1439): stop. leaf nodes are specific
INFO: dtree.c(1478): Final simple tree
|( QUESTION0_0_R 1 -9.200e+03 1.052e+02 3.910e+01
|    ( - -3.301e+03 1 0)
|    ( - -5.794e+03 2 0))
s>    ( QUESTION0_0_R 1 -9.200e+03 1.052e+02 3.910e+01
s>        ( - -3.301e+03 1 0)
s>        ( - -5.794e+03 2 0))INFO: dtree.c(1315): Comp split 79
INFO: dtree.c(1439): stop. leaf nodes are specific
INFO: dtree.c(1478): Final simple tree
|( SILENCE 1 -5.968e+03 8.597e+01 2.468e+01
|    ( - -4.784e+03 1 0)
|    ( - -1.098e+03 1 0))
s>    ( SILENCE 1 -5.968e+03 8.597e+01 2.468e+01
s>        ( - -4.784e+03 1 0)
s>        ( - -1.098e+03 1 0))INFO: dtree.c(1315): Comp split 80
INFO: dtree.c(1315): Comp split 81
INFO: dtree.c(1439): stop. leaf nodes are specific
INFO: dtree.c(1478): Final simple tree
|( QUESTION20 -1 -6.984e+03 1.296e+02 2.981e+01
|    ( - -2.842e+03 1 0)
|    ( - -4.012e+03 1 0))
s>    ( QUESTION20 -1 -6.984e+03 1.296e+02 2.981e+01
s>        ( - -2.842e+03 1 0)
s>        ( - -4.012e+03 1 0))INFO: dtree.c(1315): Comp split 82
INFO: dtree.c(1315): Comp split 83
INFO: dtree.c(1439): stop. leaf nodes are specific
INFO: dtree.c(1478): Final simple tree
|( QUESTION0_3_R 1 -8.200e+03 1.120e+02 3.701e+01
|    ( - -1.488e+03 2 0)
|    ( QUESTION0_6_R 1 -6.600e+03 1.063e+02 3.001e+01
|        ( - -2.280e+03 1 0)
|        ( QUESTION15 1 -4.214e+03 9.809e+01 1.893e+01
|            ( - -1.060e+03 1 0)
|            ( WDBNDRY_E 0 -3.056e+03 8.785e+01 1.393e+01
|                ( - -1.937e+03 2 0)
|                ( - -1.031e+03 1 0)))))
s>    ( QUESTION0_3_R 1 -8.200e+03 1.120e+02 3.701e+01
s>        ( - -1.488e+03 2 0)
s>        ( QUESTION0_6_R 1 -6.600e+03 1.063e+02 3.001e+01
s>            ( - -2.280e+03 1 0)
s>            ( QUESTION15 1 -4.214e+03 9.809e+01 1.893e+01
s>                ( - -1.060e+03 1 0)
s>                ( WDBNDRY_E 0 -3.056e+03 8.785e+01 1.393e+01
s>                    ( - -1.937e+03 2 0)
s>                    ( - -1.031e+03 1 0)))))INFO: dtree.c(1315): Comp split 84
INFO: dtree.c(1315): Comp split 85
INFO: dtree.c(1315): Comp split 86
INFO: dtree.c(1439): stop. leaf nodes are specific
INFO: dtree.c(1478): Final simple tree
|( QUESTION0_6_R 1 -6.600e+03 1.063e+02 3.001e+01
|    ( - -2.280e+03 1 0)
|    ( QUESTION15 1 -4.214e+03 9.809e+01 1.893e+01
|        ( - -1.060e+03 1 0)
|        ( WDBNDRY_E 0 -3.056e+03 8.785e+01 1.393e+01
|            ( - -1.937e+03 2 0)
|            ( - -1.031e+03 1 0))))
s>    ( QUESTION0_6_R 1 -6.600e+03 1.063e+02 3.001e+01
s>        ( - -2.280e+03 1 0)
s>        ( QUESTION15 1 -4.214e+03 9.809e+01 1.893e+01
s>            ( - -1.060e+03 1 0)
s>            ( WDBNDRY_E 0 -3.056e+03 8.785e+01 1.393e+01
s>                ( - -1.937e+03 2 0)
s>                ( - -1.031e+03 1 0))))INFO: dtree.c(1315): Comp split 87
INFO: dtree.c(1315): Comp split 88
INFO: dtree.c(1439): stop. leaf nodes are specific
INFO: dtree.c(1478): Final simple tree
|( QUESTION15 1 -4.214e+03 9.809e+01 1.893e+01
|    ( - -1.060e+03 1 0)
|    ( WDBNDRY_E 0 -3.056e+03 8.785e+01 1.393e+01
|        ( - -1.937e+03 2 0)
|        ( - -1.031e+03 1 0)))
s>    ( QUESTION15 1 -4.214e+03 9.809e+01 1.893e+01
s>        ( - -1.060e+03 1 0)
s>        ( WDBNDRY_E 0 -3.056e+03 8.785e+01 1.393e+01
s>            ( - -1.937e+03 2 0)
s>            ( - -1.031e+03 1 0)))INFO: dtree.c(1315): Comp split 89
INFO: dtree.c(1315): Comp split 90
INFO: dtree.c(1315): Comp split 91
INFO: dtree.c(1315): Comp split 92
INFO: dtree.c(1439): stop. leaf nodes are specific
INFO: dtree.c(1478): Final simple tree
|( WDBNDRY_E 0 -3.056e+03 8.785e+01 1.393e+01
|    ( - -1.937e+03 2 0)
|    ( - -1.031e+03 1 0))
s>    ( WDBNDRY_E 0 -3.056e+03 8.785e+01 1.393e+01
s>        ( - -1.937e+03 2 0)
s>        ( - -1.031e+03 1 0))INFO: dtree.c(1315): Comp split 93
INFO: dtree.c(1315): Comp split 94
INFO: dtree.c(1315): Comp split 95
INFO: dtree.c(1439): stop. leaf nodes are specific
INFO: dtree.c(1478): Final simple tree
|( WDBNDRY_E 0 -1.141e+04 8.731e+01 4.782e+01
|    ( - -1.733e+03 1 0)
|    ( - -9.585e+03 1 0))
s>    ( WDBNDRY_E 0 -1.141e+04 8.731e+01 4.782e+01
s>        ( - -1.733e+03 1 0)
s>        ( - -9.585e+03 1 0))INFO: dtree.c(1315): Comp split 96
INFO: dtree.c(1315): Comp split 97
INFO: dtree.c(1315): Comp split 98
INFO: dtree.c(1315): Comp split 99
INFO: dtree.c(1318): stop. leaf nodes are specific
Sun Mar 19 21:50:58 2017
