Current configuration:
[NAME]		[DEFLT]	[VALUE]
-allphones	no	no
-cntthresh	0.00001	1.000000e-05
-csplitmax	100	2000
-csplitmin	1	1
-csplitthr	8e-4	0.000000e+00
-example	no	no
-fullvar	no	no
-help		no	no
-meanfn			/home/ilya/Рабочий стол/lab_sphinx/ru_base/model_parameters/ru_base.cd_cont_untied/means
-mixwfn			/home/ilya/Рабочий стол/lab_sphinx/ru_base/model_parameters/ru_base.cd_cont_untied/mixture_weights
-moddeffn		/home/ilya/Рабочий стол/lab_sphinx/ru_base/model_architecture/ru_base.untied.mdef
-mwfloor	1e-4	1.000000e-08
-phone			pj
-psetfn			/home/ilya/Рабочий стол/lab_sphinx/ru_base/model_architecture/ru_base.tree_questions
-ssplitmax	5	7
-ssplitmin	1	1
-ssplitthr	8e-4	0.000000e+00
-state			0
-stwt			1.0,0.05,0.0,
-treefn			/home/ilya/Рабочий стол/lab_sphinx/ru_base/trees/ru_base.unpruned/pj-0.dtree
-ts2cbfn	.semi.	.cont.
-varfloor	0.00001	1.000000e-05
-varfn			/home/ilya/Рабочий стол/lab_sphinx/ru_base/model_parameters/ru_base.cd_cont_untied/variances

INFO: main.c(223): Reading: /home/ilya/Рабочий стол/lab_sphinx/ru_base/model_architecture/ru_base.untied.mdef
INFO: model_def_io.c(573): Model definition info:
INFO: model_def_io.c(574): 9415 total models defined (43 base, 9372 tri)
INFO: model_def_io.c(575): 37660 total states
INFO: model_def_io.c(576): 28245 total tied states
INFO: model_def_io.c(577): 129 total tied CI states
INFO: model_def_io.c(578): 43 total tied transition matrices
INFO: model_def_io.c(579): 4 max state/model
INFO: model_def_io.c(580): 4 min state/model
INFO: main.c(242): Building trees for [pj SIL e0 b] through [pj z e0 b]
INFO: main.c(269): Covering states |[18456 18617]| == 162
INFO: main.c(275): Reading: /home/ilya/Рабочий стол/lab_sphinx/ru_base/model_parameters/ru_base.cd_cont_untied/mixture_weights
INFO: s3mixw_io.c(173): Read /home/ilya/Рабочий стол/lab_sphinx/ru_base/model_parameters/ru_base.cd_cont_untied/mixture_weights [162x1x1 array]
INFO: main.c(311): 54 of 54 models have observation count greater than 0.000010
INFO: main.c(95): nrm stwt: 0.952 0.048 0.000 
INFO: s3gau_io.c(169): Read /home/ilya/Рабочий стол/lab_sphinx/ru_base/model_parameters/ru_base.cd_cont_untied/means [28245x1x1 array]
INFO: s3gau_io.c(169): Read /home/ilya/Рабочий стол/lab_sphinx/ru_base/model_parameters/ru_base.cd_cont_untied/variances [28245x1x1 array]
INFO: main.c(549): Reading: /home/ilya/Рабочий стол/lab_sphinx/ru_base/model_architecture/ru_base.tree_questions
INFO: main.c(588): 180 total simple questions (172 phone; 8 word bndry)
INFO: main.c(590): 42 Left Only questions, and 42 Right Only questions
INFO: dtree.c(1478): Final simple tree
|( QUESTION2_0_L -1 -1.154e+06 2.411e+03 5.527e+03
|    ( QUESTION2_1_L -1 -3.425e+05 1.424e+03 1.683e+03
|        ( - -2.255e+05 7 0 QUESTION6 -1 5.608e+02 1.095e+03)
|        ( QUESTION20 1 -1.156e+05 7.618e+02 5.885e+02
|            ( - -1.054e+04 2 0 WDBNDRY_B 0 1.622e+02 5.195e+01)
|            ( - -1.043e+05 7 0 QUESTION11 -1 3.613e+02 5.366e+02)))
|    ( QUESTION2_20_L -1 -8.091e+05 2.123e+03 3.843e+03
|        ( QUESTION17 -1 -6.940e+05 1.217e+03 3.329e+03
|            ( - -3.551e+05 4 0 WDBNDRY_B 0 3.839e+02 1.708e+03)
|            ( QUESTION14 -1 -3.377e+05 1.051e+03 1.621e+03
|                ( - -1.307e+05 7 0 WDBNDRY_B 0 4.326e+02 6.187e+02)
|                ( WDBNDRY_B 0 -2.060e+05 9.485e+02 1.002e+03
|                    ( - -9.585e+04 6 0 QUESTION20 1 4.989e+02 4.779e+02)
|                    ( - -1.092e+05 6 0 QUESTION0 -1 5.368e+02 5.246e+02))))
|        ( - -1.130e+05 15 0 QUESTION15 -1 3.880e+02 5.143e+02)))
s>    ( QUESTION2_0_L -1 -1.154e+06 2.411e+03 5.527e+03
s>        ( QUESTION2_1_L -1 -3.425e+05 1.424e+03 1.683e+03
s>            ( - -2.255e+05 7 0 QUESTION6 -1 5.608e+02 1.095e+03)
s>            ( QUESTION20 1 -1.156e+05 7.618e+02 5.885e+02
s>                ( - -1.054e+04 2 0 WDBNDRY_B 0 1.622e+02 5.195e+01)
s>                ( - -1.043e+05 7 0 QUESTION11 -1 3.613e+02 5.366e+02)))
s>        ( QUESTION2_20_L -1 -8.091e+05 2.123e+03 3.843e+03
s>            ( QUESTION17 -1 -6.940e+05 1.217e+03 3.329e+03
s>                ( - -3.551e+05 4 0 WDBNDRY_B 0 3.839e+02 1.708e+03)
s>                ( QUESTION14 -1 -3.377e+05 1.051e+03 1.621e+03
s>                    ( - -1.307e+05 7 0 WDBNDRY_B 0 4.326e+02 6.187e+02)
s>                    ( WDBNDRY_B 0 -2.060e+05 9.485e+02 1.002e+03
s>                        ( - -9.585e+04 6 0 QUESTION20 1 4.989e+02 4.779e+02)
s>                        ( - -1.092e+05 6 0 QUESTION0 -1 5.368e+02 5.246e+02))))
s>            ( - -1.130e+05 15 0 QUESTION15 -1 3.880e+02 5.143e+02)))INFO: dtree.c(1315): Comp split 0
INFO: dtree.c(1478): Final simple tree
|( QUESTION20 1 -2.008e+05 6.969e+02 1.014e+03
|    ( - -1.929e+04 2 0)
|    ( QUESTION2_0_L -1 -1.808e+05 4.667e+02 9.174e+02
|        ( QUESTION11 -1 -1.043e+05 3.613e+02 5.366e+02
|            ( - -5.681e+04 2 0 QUESTION0_14_R 1 1.849e+02 2.943e+02)
|            ( QUESTION0_14_R 1 -4.712e+04 5.046e+02 2.423e+02
|                ( - 2.421e+02 1 0)
|                ( WDBNDRY_B 0 -4.686e+04 2.296e+02 2.413e+02
|                    ( - -4.606e+04 2 0)
|                    ( - -5.677e+02 2 0))))
|        ( QUESTION0 -1 -7.605e+04 4.108e+02 3.808e+02
|            ( - -5.928e+03 1 0)
|            ( QUESTION0_14_R 1 -6.971e+04 2.740e+02 3.498e+02
|                ( - -1.885e+03 1 0)
|                ( - -6.755e+04 2 0)))))
s>    ( QUESTION20 1 -2.008e+05 6.969e+02 1.014e+03
s>        ( - -1.929e+04 2 0)
s>        ( QUESTION2_0_L -1 -1.808e+05 4.667e+02 9.174e+02
s>            ( QUESTION11 -1 -1.043e+05 3.613e+02 5.366e+02
s>                ( - -5.681e+04 2 0 QUESTION0_14_R 1 1.849e+02 2.943e+02)
s>                ( QUESTION0_14_R 1 -4.712e+04 5.046e+02 2.423e+02
s>                    ( - 2.421e+02 1 0)
s>                    ( WDBNDRY_B 0 -4.686e+04 2.296e+02 2.413e+02
s>                        ( - -4.606e+04 2 0)
s>                        ( - -5.677e+02 2 0))))
s>            ( QUESTION0 -1 -7.605e+04 4.108e+02 3.808e+02
s>                ( - -5.928e+03 1 0)
s>                ( QUESTION0_14_R 1 -6.971e+04 2.740e+02 3.498e+02
s>                    ( - -1.885e+03 1 0)
s>                    ( - -6.755e+04 2 0)))))INFO: dtree.c(1478): Final simple tree
|( QUESTION1 -1 -9.494e+05 1.868e+03 4.512e+03
|    ( QUESTION6 -1 -2.202e+05 5.952e+02 1.070e+03
|        ( QUESTION20 1 -1.254e+05 4.790e+02 6.062e+02
|            ( - -4.883e+04 1 0)
|            ( - -7.609e+04 2 0 WDBNDRY_B 0 3.315e+02 3.659e+02))
|        ( - -9.416e+04 2 0 QUESTION4 -1 4.157e+02 4.636e+02))
|    ( QUESTION2_20_L -1 -7.274e+05 1.717e+03 3.442e+03
|        ( QUESTION14 -1 -5.966e+05 1.039e+03 2.851e+03
|            ( WDBNDRY_B 0 -1.307e+05 4.326e+02 6.187e+02
|                ( - -5.573e+04 5 0 QUESTION20 1 1.793e+02 2.627e+02)
|                ( - -7.452e+04 2 0))
|            ( QUESTION16 -1 -4.649e+05 7.237e+02 2.232e+03
|                ( - -7.609e+04 4 0 QUESTION0_14_R 1 1.950e+02 3.614e+02)
|                ( - -3.880e+05 6 0 WDBNDRY_B 0 3.909e+02 1.871e+03)))
|        ( - -1.291e+05 19 0 QUESTION2_17_L -1 4.189e+02 5.912e+02)))
s>    ( QUESTION1 -1 -9.494e+05 1.868e+03 4.512e+03
s>        ( QUESTION6 -1 -2.202e+05 5.952e+02 1.070e+03
s>            ( QUESTION20 1 -1.254e+05 4.790e+02 6.062e+02
s>                ( - -4.883e+04 1 0)
s>                ( - -7.609e+04 2 0 WDBNDRY_B 0 3.315e+02 3.659e+02))
s>            ( - -9.416e+04 2 0 QUESTION4 -1 4.157e+02 4.636e+02))
s>        ( QUESTION2_20_L -1 -7.274e+05 1.717e+03 3.442e+03
s>            ( QUESTION14 -1 -5.966e+05 1.039e+03 2.851e+03
s>                ( WDBNDRY_B 0 -1.307e+05 4.326e+02 6.187e+02
s>                    ( - -5.573e+04 5 0 QUESTION20 1 1.793e+02 2.627e+02)
s>                    ( - -7.452e+04 2 0))
s>                ( QUESTION16 -1 -4.649e+05 7.237e+02 2.232e+03
s>                    ( - -7.609e+04 4 0 QUESTION0_14_R 1 1.950e+02 3.614e+02)
s>                    ( - -3.880e+05 6 0 WDBNDRY_B 0 3.909e+02 1.871e+03)))
s>            ( - -1.291e+05 19 0 QUESTION2_17_L -1 4.189e+02 5.912e+02)))INFO: dtree.c(1315): Comp split 1
INFO: dtree.c(1478): Final simple tree
|( QUESTION2_14_L -1 -3.374e+05 8.925e+02 1.576e+03
|    ( QUESTION15 -1 -1.061e+05 4.018e+02 4.842e+02
|        ( - -1.798e+04 6 0 WDBNDRY_B 0 1.998e+02 8.471e+01)
|        ( WDBNDRY_B 0 -8.772e+04 3.748e+02 3.995e+02
|            ( - -5.781e+04 5 0 QUESTION0 -1 2.836e+02 2.610e+02)
|            ( - -2.953e+04 2 0 QUESTION20 1 1.593e+02 1.385e+02)))
|    ( QUESTION1 -1 -2.304e+05 5.571e+02 1.092e+03
|        ( WDBNDRY_B 0 -7.609e+04 3.315e+02 3.659e+02
|            ( - -2.229e+03 1 0)
|            ( - -7.353e+04 1 0))
|        ( WDBNDRY_B 0 -1.538e+05 4.936e+02 7.257e+02
|            ( QUESTION13 -1 -7.761e+04 3.188e+02 3.637e+02
|                ( - -5.573e+04 5 0 QUESTION20 1 1.793e+02 2.627e+02)
|                ( - -2.156e+04 5 0 SILENCE -1 2.668e+02 1.010e+02))
|            ( - -7.569e+04 3 0 QUESTION0 -1 1.603e+02 3.620e+02))))
s>    ( QUESTION2_14_L -1 -3.374e+05 8.925e+02 1.576e+03
s>        ( QUESTION15 -1 -1.061e+05 4.018e+02 4.842e+02
s>            ( - -1.798e+04 6 0 WDBNDRY_B 0 1.998e+02 8.471e+01)
s>            ( WDBNDRY_B 0 -8.772e+04 3.748e+02 3.995e+02
s>                ( - -5.781e+04 5 0 QUESTION0 -1 2.836e+02 2.610e+02)
s>                ( - -2.953e+04 2 0 QUESTION20 1 1.593e+02 1.385e+02)))
s>        ( QUESTION1 -1 -2.304e+05 5.571e+02 1.092e+03
s>            ( WDBNDRY_B 0 -7.609e+04 3.315e+02 3.659e+02
s>                ( - -2.229e+03 1 0)
s>                ( - -7.353e+04 1 0))
s>            ( WDBNDRY_B 0 -1.538e+05 4.936e+02 7.257e+02
s>                ( QUESTION13 -1 -7.761e+04 3.188e+02 3.637e+02
s>                    ( - -5.573e+04 5 0 QUESTION20 1 1.793e+02 2.627e+02)
s>                    ( - -2.156e+04 5 0 SILENCE -1 2.668e+02 1.010e+02))
s>                ( - -7.569e+04 3 0 QUESTION0 -1 1.603e+02 3.620e+02))))INFO: dtree.c(1478): Final simple tree
|( QUESTION0 -1 -6.097e+05 1.641e+03 2.936e+03
|    ( QUESTION4 -1 -1.762e+05 4.995e+02 8.672e+02
|        ( - -4.837e+04 1 0)
|        ( QUESTION1 -1 -1.274e+05 3.434e+02 6.286e+02
|            ( WDBNDRY_B 0 -9.443e+04 2.177e+02 4.654e+02
|                ( - -4.538e+04 1 0)
|                ( - -4.883e+04 1 0))
|            ( - -3.259e+04 2 0 QUESTION20 1 1.698e+02 1.632e+02)))
|    ( QUESTION16 -1 -4.319e+05 7.011e+02 2.069e+03
|        ( - -7.609e+04 4 0 QUESTION0_14_R 1 1.950e+02 3.614e+02)
|        ( WDBNDRY_B 0 -3.551e+05 3.839e+02 1.708e+03
|            ( - -3.502e+04 2 0 QUESTION20 1 1.468e+02 1.688e+02)
|            ( QUESTION20 1 -3.197e+05 3.407e+02 1.539e+03
|                ( - -6.207e+04 1 0)
|                ( - -2.572e+05 1 0)))))
s>    ( QUESTION0 -1 -6.097e+05 1.641e+03 2.936e+03
s>        ( QUESTION4 -1 -1.762e+05 4.995e+02 8.672e+02
s>            ( - -4.837e+04 1 0)
s>            ( QUESTION1 -1 -1.274e+05 3.434e+02 6.286e+02
s>                ( WDBNDRY_B 0 -9.443e+04 2.177e+02 4.654e+02
s>                    ( - -4.538e+04 1 0)
s>                    ( - -4.883e+04 1 0))
s>                ( - -3.259e+04 2 0 QUESTION20 1 1.698e+02 1.632e+02)))
s>        ( QUESTION16 -1 -4.319e+05 7.011e+02 2.069e+03
s>            ( - -7.609e+04 4 0 QUESTION0_14_R 1 1.950e+02 3.614e+02)
s>            ( WDBNDRY_B 0 -3.551e+05 3.839e+02 1.708e+03
s>                ( - -3.502e+04 2 0 QUESTION20 1 1.468e+02 1.688e+02)
s>                ( QUESTION20 1 -3.197e+05 3.407e+02 1.539e+03
s>                    ( - -6.207e+04 1 0)
s>                    ( - -2.572e+05 1 0)))))INFO: dtree.c(1315): Comp split 2
INFO: dtree.c(1439): stop. leaf nodes are specific
INFO: dtree.c(1478): Final simple tree
|( QUESTION16 -1 -4.319e+05 7.011e+02 2.069e+03
|    ( QUESTION0_14_R 1 -7.609e+04 1.950e+02 3.614e+02
|        ( - -2.455e+03 1 0)
|        ( QUESTION20 1 -7.344e+04 1.894e+02 3.503e+02
|            ( - -4.069e+03 1 0)
|            ( - -6.918e+04 2 0)))
|    ( WDBNDRY_B 0 -3.551e+05 3.839e+02 1.708e+03
|        ( QUESTION20 1 -3.502e+04 1.468e+02 1.688e+02
|            ( - -1.381e+03 1 0)
|            ( - -3.349e+04 1 0))
|        ( QUESTION20 1 -3.197e+05 3.407e+02 1.539e+03
|            ( - -6.207e+04 1 0)
|            ( - -2.572e+05 1 0))))
s>    ( QUESTION16 -1 -4.319e+05 7.011e+02 2.069e+03
s>        ( QUESTION0_14_R 1 -7.609e+04 1.950e+02 3.614e+02
s>            ( - -2.455e+03 1 0)
s>            ( QUESTION20 1 -7.344e+04 1.894e+02 3.503e+02
s>                ( - -4.069e+03 1 0)
s>                ( - -6.918e+04 2 0)))
s>        ( WDBNDRY_B 0 -3.551e+05 3.839e+02 1.708e+03
s>            ( QUESTION20 1 -3.502e+04 1.468e+02 1.688e+02
s>                ( - -1.381e+03 1 0)
s>                ( - -3.349e+04 1 0))
s>            ( QUESTION20 1 -3.197e+05 3.407e+02 1.539e+03
s>                ( - -6.207e+04 1 0)
s>                ( - -2.572e+05 1 0))))INFO: dtree.c(1439): stop. leaf nodes are specific
INFO: dtree.c(1478): Final simple tree
|( QUESTION4 -1 -1.762e+05 4.995e+02 8.672e+02
|    ( - -4.837e+04 1 0)
|    ( QUESTION1 -1 -1.274e+05 3.434e+02 6.286e+02
|        ( WDBNDRY_B 0 -9.443e+04 2.177e+02 4.654e+02
|            ( - -4.538e+04 1 0)
|            ( - -4.883e+04 1 0))
|        ( QUESTION20 1 -3.259e+04 1.698e+02 1.632e+02
|            ( - -3.111e+04 1 0)
|            ( - -1.311e+03 1 0))))
s>    ( QUESTION4 -1 -1.762e+05 4.995e+02 8.672e+02
s>        ( - -4.837e+04 1 0)
s>        ( QUESTION1 -1 -1.274e+05 3.434e+02 6.286e+02
s>            ( WDBNDRY_B 0 -9.443e+04 2.177e+02 4.654e+02
s>                ( - -4.538e+04 1 0)
s>                ( - -4.883e+04 1 0))
s>            ( QUESTION20 1 -3.259e+04 1.698e+02 1.632e+02
s>                ( - -3.111e+04 1 0)
s>                ( - -1.311e+03 1 0))))INFO: dtree.c(1315): Comp split 3
INFO: dtree.c(1478): Final simple tree
|( QUESTION2_17_L -1 -1.304e+05 4.622e+02 5.972e+02
|    ( WDBNDRY_B 0 -8.534e+04 3.738e+02 3.885e+02
|        ( QUESTION0 -1 -5.543e+04 2.878e+02 2.500e+02
|            ( - -1.873e+04 1 0)
|            ( QUESTION20 1 -3.641e+04 2.052e+02 1.638e+02
|                ( - -1.090e+03 1 0)
|                ( - -3.511e+04 1 0)))
|        ( - -2.953e+04 2 0 QUESTION20 1 1.593e+02 1.385e+02))
|    ( QUESTION1 -1 -4.462e+04 2.561e+02 2.087e+02
|        ( - -2.229e+03 1 0)
|        ( QUESTION0 -1 -4.213e+04 2.475e+02 1.967e+02
|            ( - -1.464e+04 3 0 QUESTION20 1 1.438e+02 7.095e+01)
|            ( SILENCE -1 -2.725e+04 2.109e+02 1.258e+02
|                ( - -6.658e+03 2 0 QUESTION20 1 1.555e+02 3.005e+01)
|                ( - -2.038e+04 8 0 WDBNDRY_B 0 1.935e+02 9.571e+01)))))
s>    ( QUESTION2_17_L -1 -1.304e+05 4.622e+02 5.972e+02
s>        ( WDBNDRY_B 0 -8.534e+04 3.738e+02 3.885e+02
s>            ( QUESTION0 -1 -5.543e+04 2.878e+02 2.500e+02
s>                ( - -1.873e+04 1 0)
s>                ( QUESTION20 1 -3.641e+04 2.052e+02 1.638e+02
s>                    ( - -1.090e+03 1 0)
s>                    ( - -3.511e+04 1 0)))
s>            ( - -2.953e+04 2 0 QUESTION20 1 1.593e+02 1.385e+02))
s>        ( QUESTION1 -1 -4.462e+04 2.561e+02 2.087e+02
s>            ( - -2.229e+03 1 0)
s>            ( QUESTION0 -1 -4.213e+04 2.475e+02 1.967e+02
s>                ( - -1.464e+04 3 0 QUESTION20 1 1.438e+02 7.095e+01)
s>                ( SILENCE -1 -2.725e+04 2.109e+02 1.258e+02
s>                    ( - -6.658e+03 2 0 QUESTION20 1 1.555e+02 3.005e+01)
s>                    ( - -2.038e+04 8 0 WDBNDRY_B 0 1.935e+02 9.571e+01)))))INFO: dtree.c(1439): stop. leaf nodes are specific
INFO: dtree.c(1478): Final simple tree
|( QUESTION1 -1 -2.059e+05 5.558e+02 9.787e+02
|    ( - -7.353e+04 1 0)
|    ( WDBNDRY_B 0 -1.319e+05 4.337e+02 6.247e+02
|        ( QUESTION20 1 -5.573e+04 1.793e+02 2.627e+02
|            ( - -1.206e+03 1 0)
|            ( - -5.434e+04 4 0))
|        ( QUESTION0 -1 -7.569e+04 1.603e+02 3.620e+02
|            ( - -1.015e+03 1 0)
|            ( - -7.452e+04 2 0))))
s>    ( QUESTION1 -1 -2.059e+05 5.558e+02 9.787e+02
s>        ( - -7.353e+04 1 0)
s>        ( WDBNDRY_B 0 -1.319e+05 4.337e+02 6.247e+02
s>            ( QUESTION20 1 -5.573e+04 1.793e+02 2.627e+02
s>                ( - -1.206e+03 1 0)
s>                ( - -5.434e+04 4 0))
s>            ( QUESTION0 -1 -7.569e+04 1.603e+02 3.620e+02
s>                ( - -1.015e+03 1 0)
s>                ( - -7.452e+04 2 0))))INFO: dtree.c(1315): Comp split 4
INFO: dtree.c(1439): stop. leaf nodes are specific
INFO: dtree.c(1478): Final simple tree
|( QUESTION0 -1 -1.712e+05 4.433e+02 8.724e+02
|    ( QUESTION11 -1 -1.032e+05 3.275e+02 5.326e+02
|        ( QUESTION0_14_R 1 -5.681e+04 1.849e+02 2.943e+02
|            ( - -1.499e+03 1 0)
|            ( - -5.512e+04 1 0))
|        ( - -4.606e+04 2 0))
|    ( - -6.755e+04 2 0))
s>    ( QUESTION0 -1 -1.712e+05 4.433e+02 8.724e+02
s>        ( QUESTION11 -1 -1.032e+05 3.275e+02 5.326e+02
s>            ( QUESTION0_14_R 1 -5.681e+04 1.849e+02 2.943e+02
s>                ( - -1.499e+03 1 0)
s>                ( - -5.512e+04 1 0))
s>            ( - -4.606e+04 2 0))
s>        ( - -6.755e+04 2 0))INFO: dtree.c(1439): stop. leaf nodes are specific
INFO: dtree.c(1478): Final simple tree
|( QUESTION0 -1 -2.861e+04 3.294e+02 1.421e+02
|    ( QUESTION0_14_R 1 -6.902e+03 4.731e+02 3.500e+01
|        ( - 2.421e+02 1 0)
|        ( WDBNDRY_B 0 -6.671e+03 1.751e+02 3.400e+01
|            ( - -5.928e+03 1 0)
|            ( - -5.677e+02 2 0)))
|    ( QUESTION0_14_R 1 -2.137e+04 1.949e+02 1.071e+02
|        ( - -1.885e+03 1 0)
|        ( - -1.929e+04 2 0)))
s>    ( QUESTION0 -1 -2.861e+04 3.294e+02 1.421e+02
s>        ( QUESTION0_14_R 1 -6.902e+03 4.731e+02 3.500e+01
s>            ( - 2.421e+02 1 0)
s>            ( WDBNDRY_B 0 -6.671e+03 1.751e+02 3.400e+01
s>                ( - -5.928e+03 1 0)
s>                ( - -5.677e+02 2 0)))
s>        ( QUESTION0_14_R 1 -2.137e+04 1.949e+02 1.071e+02
s>            ( - -1.885e+03 1 0)
s>            ( - -1.929e+04 2 0)))INFO: dtree.c(1315): Comp split 5
INFO: dtree.c(1439): stop. leaf nodes are specific
INFO: dtree.c(1478): Final simple tree
|( QUESTION20 1 -7.759e+04 2.231e+02 3.684e+02
|    ( WDBNDRY_B 0 -5.534e+03 8.412e+01 2.700e+01
|        ( - -1.381e+03 1 0)
|        ( - -4.069e+03 1 0))
|    ( QUESTION0_14_R 1 -7.183e+04 1.963e+02 3.414e+02
|        ( - -2.455e+03 1 0)
|        ( - -6.918e+04 2 0)))
s>    ( QUESTION20 1 -7.759e+04 2.231e+02 3.684e+02
s>        ( WDBNDRY_B 0 -5.534e+03 8.412e+01 2.700e+01
s>            ( - -1.381e+03 1 0)
s>            ( - -4.069e+03 1 0))
s>        ( QUESTION0_14_R 1 -7.183e+04 1.963e+02 3.414e+02
s>            ( - -2.455e+03 1 0)
s>            ( - -6.918e+04 2 0)))INFO: dtree.c(1439): stop. leaf nodes are specific
INFO: dtree.c(1478): Final simple tree
|( WDBNDRY_B 0 -3.536e+05 4.107e+02 1.701e+03
|    ( - -3.349e+04 1 0)
|    ( QUESTION20 1 -3.197e+05 3.407e+02 1.539e+03
|        ( - -6.207e+04 1 0)
|        ( - -2.572e+05 1 0)))
s>    ( WDBNDRY_B 0 -3.536e+05 4.107e+02 1.701e+03
s>        ( - -3.349e+04 1 0)
s>        ( QUESTION20 1 -3.197e+05 3.407e+02 1.539e+03
s>            ( - -6.207e+04 1 0)
s>            ( - -2.572e+05 1 0)))INFO: dtree.c(1315): Comp split 6
INFO: dtree.c(1439): stop. leaf nodes are specific
INFO: dtree.c(1478): Final simple tree
|( WDBNDRY_B 0 -1.319e+05 4.337e+02 6.247e+02
|    ( QUESTION20 1 -5.573e+04 1.793e+02 2.627e+02
|        ( - -1.206e+03 1 0)
|        ( - -5.434e+04 4 0))
|    ( QUESTION0 -1 -7.569e+04 1.603e+02 3.620e+02
|        ( - -1.015e+03 1 0)
|        ( - -7.452e+04 2 0)))
s>    ( WDBNDRY_B 0 -1.319e+05 4.337e+02 6.247e+02
s>        ( QUESTION20 1 -5.573e+04 1.793e+02 2.627e+02
s>            ( - -1.206e+03 1 0)
s>            ( - -5.434e+04 4 0))
s>        ( QUESTION0 -1 -7.569e+04 1.603e+02 3.620e+02
s>            ( - -1.015e+03 1 0)
s>            ( - -7.452e+04 2 0)))INFO: dtree.c(1315): Comp split 7
INFO: dtree.c(1478): Final simple tree
|( QUESTION1 -1 -3.899e+04 2.594e+02 1.847e+02
|    ( - -2.229e+03 1 0)
|    ( QUESTION0 -1 -3.650e+04 2.281e+02 1.727e+02
|        ( QUESTION20 1 -1.464e+04 1.438e+02 7.095e+01
|            ( - -9.368e+03 1 0)
|            ( QUESTION0_14_R 1 -5.128e+03 1.358e+02 2.500e+01
|                ( - -8.673e+02 1 0)
|                ( - -4.125e+03 1 0)))
|        ( WDBNDRY_B 0 -2.163e+04 1.935e+02 1.017e+02
|            ( QUESTION14 -1 -1.912e+04 1.865e+02 8.971e+01
|                ( - -3.470e+03 3 0 QUESTION20 1 1.202e+02 1.700e+01)
|                ( QUESTION0_14_R 1 -1.546e+04 1.259e+02 7.271e+01
|                    ( - -4.980e+03 1 0)
|                    ( - -1.035e+04 3 0 QUESTION18 -1 1.378e+02 4.872e+01)))
|            ( - -2.324e+03 2 0 QUESTION20 1 1.063e+02 1.200e+01))))
s>    ( QUESTION1 -1 -3.899e+04 2.594e+02 1.847e+02
s>        ( - -2.229e+03 1 0)
s>        ( QUESTION0 -1 -3.650e+04 2.281e+02 1.727e+02
s>            ( QUESTION20 1 -1.464e+04 1.438e+02 7.095e+01
s>                ( - -9.368e+03 1 0)
s>                ( QUESTION0_14_R 1 -5.128e+03 1.358e+02 2.500e+01
s>                    ( - -8.673e+02 1 0)
s>                    ( - -4.125e+03 1 0)))
s>            ( WDBNDRY_B 0 -2.163e+04 1.935e+02 1.017e+02
s>                ( QUESTION14 -1 -1.912e+04 1.865e+02 8.971e+01
s>                    ( - -3.470e+03 3 0 QUESTION20 1 1.202e+02 1.700e+01)
s>                    ( QUESTION0_14_R 1 -1.546e+04 1.259e+02 7.271e+01
s>                        ( - -4.980e+03 1 0)
s>                        ( - -1.035e+04 3 0 QUESTION18 -1 1.378e+02 4.872e+01)))
s>                ( - -2.324e+03 2 0 QUESTION20 1 1.063e+02 1.200e+01))))INFO: dtree.c(1439): stop. leaf nodes are specific
INFO: dtree.c(1478): Final simple tree
|( QUESTION20 1 -9.091e+04 3.877e+02 4.126e+02
|    ( WDBNDRY_B 0 -2.964e+04 1.495e+02 1.385e+02
|        ( - -6.034e+02 1 0)
|        ( - -2.888e+04 1 0))
|    ( QUESTION0 -1 -6.089e+04 3.239e+02 2.741e+02
|        ( - -1.873e+04 1 0)
|        ( SILENCE -1 -4.183e+04 1.805e+02 1.879e+02
|            ( - -5.899e+03 1 0)
|            ( WDBNDRY_B 0 -3.575e+04 1.506e+02 1.608e+02
|                ( - -3.511e+04 1 0)
|                ( - -4.886e+02 1 0)))))
s>    ( QUESTION20 1 -9.091e+04 3.877e+02 4.126e+02
s>        ( WDBNDRY_B 0 -2.964e+04 1.495e+02 1.385e+02
s>            ( - -6.034e+02 1 0)
s>            ( - -2.888e+04 1 0))
s>        ( QUESTION0 -1 -6.089e+04 3.239e+02 2.741e+02
s>            ( - -1.873e+04 1 0)
s>            ( SILENCE -1 -4.183e+04 1.805e+02 1.879e+02
s>                ( - -5.899e+03 1 0)
s>                ( WDBNDRY_B 0 -3.575e+04 1.506e+02 1.608e+02
s>                    ( - -3.511e+04 1 0)
s>                    ( - -4.886e+02 1 0)))))INFO: dtree.c(1315): Comp split 8
INFO: dtree.c(1439): stop. leaf nodes are specific
INFO: dtree.c(1478): Final simple tree
|( QUESTION1 -1 -1.274e+05 3.434e+02 6.286e+02
|    ( WDBNDRY_B 0 -9.443e+04 2.177e+02 4.654e+02
|        ( - -4.538e+04 1 0)
|        ( - -4.883e+04 1 0))
|    ( QUESTION20 1 -3.259e+04 1.698e+02 1.632e+02
|        ( - -3.111e+04 1 0)
|        ( - -1.311e+03 1 0)))
s>    ( QUESTION1 -1 -1.274e+05 3.434e+02 6.286e+02
s>        ( WDBNDRY_B 0 -9.443e+04 2.177e+02 4.654e+02
s>            ( - -4.538e+04 1 0)
s>            ( - -4.883e+04 1 0))
s>        ( QUESTION20 1 -3.259e+04 1.698e+02 1.632e+02
s>            ( - -3.111e+04 1 0)
s>            ( - -1.311e+03 1 0)))INFO: dtree.c(1315): Comp split 9
INFO: dtree.c(1439): stop. leaf nodes are specific
INFO: dtree.c(1478): Final simple tree
|( QUESTION0 -1 -1.156e+05 3.336e+02 5.861e+02
|    ( QUESTION0_14_R 1 -4.768e+04 1.243e+02 2.463e+02
|        ( - -1.499e+03 1 0)
|        ( - -4.606e+04 2 0))
|    ( - -6.755e+04 2 0))
s>    ( QUESTION0 -1 -1.156e+05 3.336e+02 5.861e+02
s>        ( QUESTION0_14_R 1 -4.768e+04 1.243e+02 2.463e+02
s>            ( - -1.499e+03 1 0)
s>            ( - -4.606e+04 2 0))
s>        ( - -6.755e+04 2 0))INFO: dtree.c(1315): Comp split 10
INFO: dtree.c(1439): stop. leaf nodes are specific
INFO: dtree.c(1478): Final simple tree
|( WDBNDRY_B 0 -9.582e+04 2.555e+02 4.624e+02
|    ( - -3.349e+04 1 0)
|    ( - -6.207e+04 1 0))
s>    ( WDBNDRY_B 0 -9.582e+04 2.555e+02 4.624e+02
s>        ( - -3.349e+04 1 0)
s>        ( - -6.207e+04 1 0))INFO: dtree.c(1315): Comp split 11
INFO: dtree.c(1439): stop. leaf nodes are specific
INFO: dtree.c(1478): Final simple tree
|( QUESTION11 -1 -2.836e+04 3.288e+02 1.411e+02
|    ( - -5.928e+03 1 0)
|    ( QUESTION0_14_R 1 -2.211e+04 1.917e+02 1.101e+02
|        ( - -1.885e+03 1 0)
|        ( WDBNDRY_B 0 -2.003e+04 1.671e+02 1.001e+02
|            ( - -1.929e+04 2 0)
|            ( - -5.677e+02 2 0))))
s>    ( QUESTION11 -1 -2.836e+04 3.288e+02 1.411e+02
s>        ( - -5.928e+03 1 0)
s>        ( QUESTION0_14_R 1 -2.211e+04 1.917e+02 1.101e+02
s>            ( - -1.885e+03 1 0)
s>            ( WDBNDRY_B 0 -2.003e+04 1.671e+02 1.001e+02
s>                ( - -1.929e+04 2 0)
s>                ( - -5.677e+02 2 0))))INFO: dtree.c(1315): Comp split 12
INFO: dtree.c(1439): stop. leaf nodes are specific
INFO: dtree.c(1478): Final simple tree
|( QUESTION0 -1 -7.569e+04 1.603e+02 3.620e+02
|    ( - -1.015e+03 1 0)
|    ( - -7.452e+04 2 0))
s>    ( QUESTION0 -1 -7.569e+04 1.603e+02 3.620e+02
s>        ( - -1.015e+03 1 0)
s>        ( - -7.452e+04 2 0))INFO: dtree.c(1439): stop. leaf nodes are specific
INFO: dtree.c(1478): Final simple tree
|( QUESTION20 1 -5.573e+04 1.793e+02 2.627e+02
|    ( - -1.206e+03 1 0)
|    ( - -5.434e+04 4 0))
s>    ( QUESTION20 1 -5.573e+04 1.793e+02 2.627e+02
s>        ( - -1.206e+03 1 0)
s>        ( - -5.434e+04 4 0))INFO: dtree.c(1315): Comp split 13
INFO: dtree.c(1439): stop. leaf nodes are specific
INFO: dtree.c(1478): Final simple tree
|( QUESTION0 -1 -6.089e+04 3.239e+02 2.741e+02
|    ( - -1.873e+04 1 0)
|    ( SILENCE -1 -4.183e+04 1.805e+02 1.879e+02
|        ( - -5.899e+03 1 0)
|        ( WDBNDRY_B 0 -3.575e+04 1.506e+02 1.608e+02
|            ( - -3.511e+04 1 0)
|            ( - -4.886e+02 1 0))))
s>    ( QUESTION0 -1 -6.089e+04 3.239e+02 2.741e+02
s>        ( - -1.873e+04 1 0)
s>        ( SILENCE -1 -4.183e+04 1.805e+02 1.879e+02
s>            ( - -5.899e+03 1 0)
s>            ( WDBNDRY_B 0 -3.575e+04 1.506e+02 1.608e+02
s>                ( - -3.511e+04 1 0)
s>                ( - -4.886e+02 1 0))))INFO: dtree.c(1439): stop. leaf nodes are specific
INFO: dtree.c(1478): Final simple tree
|( WDBNDRY_B 0 -2.964e+04 1.495e+02 1.385e+02
|    ( - -6.034e+02 1 0)
|    ( - -2.888e+04 1 0))
s>    ( WDBNDRY_B 0 -2.964e+04 1.495e+02 1.385e+02
s>        ( - -6.034e+02 1 0)
s>        ( - -2.888e+04 1 0))INFO: dtree.c(1315): Comp split 14
INFO: dtree.c(1439): stop. leaf nodes are specific
INFO: dtree.c(1478): Final simple tree
|( WDBNDRY_B 0 -9.590e+04 2.204e+02 4.724e+02
|    ( - -4.538e+04 1 0)
|    ( QUESTION1 -1 -5.030e+04 1.589e+02 2.473e+02
|        ( - -4.883e+04 1 0)
|        ( - -1.311e+03 1 0)))
s>    ( WDBNDRY_B 0 -9.590e+04 2.204e+02 4.724e+02
s>        ( - -4.538e+04 1 0)
s>        ( QUESTION1 -1 -5.030e+04 1.589e+02 2.473e+02
s>            ( - -4.883e+04 1 0)
s>            ( - -1.311e+03 1 0)))INFO: dtree.c(1315): Comp split 15
INFO: dtree.c(1439): stop. leaf nodes are specific
INFO: dtree.c(1478): Final simple tree
|( QUESTION0_14_R 1 -4.768e+04 1.243e+02 2.463e+02
|    ( - -1.499e+03 1 0)
|    ( - -4.606e+04 2 0))
s>    ( QUESTION0_14_R 1 -4.768e+04 1.243e+02 2.463e+02
s>        ( - -1.499e+03 1 0)
s>        ( - -4.606e+04 2 0))INFO: dtree.c(1315): Comp split 16
INFO: dtree.c(1439): stop. leaf nodes are specific
INFO: dtree.c(1478): Final simple tree
|( QUESTION0_14_R 1 -2.211e+04 1.917e+02 1.101e+02
|    ( - -1.885e+03 1 0)
|    ( WDBNDRY_B 0 -2.003e+04 1.671e+02 1.001e+02
|        ( - -1.929e+04 2 0)
|        ( - -5.677e+02 2 0)))
s>    ( QUESTION0_14_R 1 -2.211e+04 1.917e+02 1.101e+02
s>        ( - -1.885e+03 1 0)
s>        ( WDBNDRY_B 0 -2.003e+04 1.671e+02 1.001e+02
s>            ( - -1.929e+04 2 0)
s>            ( - -5.677e+02 2 0)))INFO: dtree.c(1315): Comp split 17
INFO: dtree.c(1439): stop. leaf nodes are specific
INFO: dtree.c(1478): Final simple tree
|( SILENCE -1 -4.183e+04 1.805e+02 1.879e+02
|    ( - -5.899e+03 1 0)
|    ( WDBNDRY_B 0 -3.575e+04 1.506e+02 1.608e+02
|        ( - -3.511e+04 1 0)
|        ( - -4.886e+02 1 0)))
s>    ( SILENCE -1 -4.183e+04 1.805e+02 1.879e+02
s>        ( - -5.899e+03 1 0)
s>        ( WDBNDRY_B 0 -3.575e+04 1.506e+02 1.608e+02
s>            ( - -3.511e+04 1 0)
s>            ( - -4.886e+02 1 0)))INFO: dtree.c(1315): Comp split 18
INFO: dtree.c(1478): Final simple tree
|( QUESTION0 -1 -3.650e+04 2.281e+02 1.727e+02
|    ( QUESTION20 1 -1.464e+04 1.438e+02 7.095e+01
|        ( - -9.368e+03 1 0)
|        ( QUESTION0_14_R 1 -5.128e+03 1.358e+02 2.500e+01
|            ( - -8.673e+02 1 0)
|            ( - -4.125e+03 1 0)))
|    ( WDBNDRY_B 0 -2.163e+04 1.935e+02 1.017e+02
|        ( QUESTION14 -1 -1.912e+04 1.865e+02 8.971e+01
|            ( - -3.470e+03 3 0 QUESTION20 1 1.202e+02 1.700e+01)
|            ( QUESTION0_14_R 1 -1.546e+04 1.259e+02 7.271e+01
|                ( - -4.980e+03 1 0)
|                ( QUESTION18 -1 -1.035e+04 1.378e+02 4.872e+01
|                    ( - -4.616e+03 1 0)
|                    ( - -5.600e+03 2 0 QUESTION20 1 1.149e+02 2.672e+01))))
|        ( - -2.324e+03 2 0 QUESTION20 1 1.063e+02 1.200e+01)))
s>    ( QUESTION0 -1 -3.650e+04 2.281e+02 1.727e+02
s>        ( QUESTION20 1 -1.464e+04 1.438e+02 7.095e+01
s>            ( - -9.368e+03 1 0)
s>            ( QUESTION0_14_R 1 -5.128e+03 1.358e+02 2.500e+01
s>                ( - -8.673e+02 1 0)
s>                ( - -4.125e+03 1 0)))
s>        ( WDBNDRY_B 0 -2.163e+04 1.935e+02 1.017e+02
s>            ( QUESTION14 -1 -1.912e+04 1.865e+02 8.971e+01
s>                ( - -3.470e+03 3 0 QUESTION20 1 1.202e+02 1.700e+01)
s>                ( QUESTION0_14_R 1 -1.546e+04 1.259e+02 7.271e+01
s>                    ( - -4.980e+03 1 0)
s>                    ( QUESTION18 -1 -1.035e+04 1.378e+02 4.872e+01
s>                        ( - -4.616e+03 1 0)
s>                        ( - -5.600e+03 2 0 QUESTION20 1 1.149e+02 2.672e+01))))
s>            ( - -2.324e+03 2 0 QUESTION20 1 1.063e+02 1.200e+01)))INFO: dtree.c(1315): Comp split 19
INFO: dtree.c(1315): Comp split 20
INFO: dtree.c(1439): stop. leaf nodes are specific
INFO: dtree.c(1478): Final simple tree
|( QUESTION14 -1 -1.912e+04 1.865e+02 8.971e+01
|    ( QUESTION20 1 -3.470e+03 1.202e+02 1.700e+01
|        ( QUESTION2_17_L -1 -1.743e+03 1.380e+02 9.000e+00
|            ( - -1.090e+03 1 0)
|            ( - -5.150e+02 1 0))
|        ( - -1.607e+03 1 0))
|    ( QUESTION0_14_R 1 -1.546e+04 1.259e+02 7.271e+01
|        ( - -4.980e+03 1 0)
|        ( QUESTION18 -1 -1.035e+04 1.378e+02 4.872e+01
|            ( - -4.616e+03 1 0)
|            ( QUESTION20 1 -5.600e+03 1.149e+02 2.672e+01
|                ( - -2.416e+03 1 0)
|                ( - -3.068e+03 1 0)))))
s>    ( QUESTION14 -1 -1.912e+04 1.865e+02 8.971e+01
s>        ( QUESTION20 1 -3.470e+03 1.202e+02 1.700e+01
s>            ( QUESTION2_17_L -1 -1.743e+03 1.380e+02 9.000e+00
s>                ( - -1.090e+03 1 0)
s>                ( - -5.150e+02 1 0))
s>            ( - -1.607e+03 1 0))
s>        ( QUESTION0_14_R 1 -1.546e+04 1.259e+02 7.271e+01
s>            ( - -4.980e+03 1 0)
s>            ( QUESTION18 -1 -1.035e+04 1.378e+02 4.872e+01
s>                ( - -4.616e+03 1 0)
s>                ( QUESTION20 1 -5.600e+03 1.149e+02 2.672e+01
s>                    ( - -2.416e+03 1 0)
s>                    ( - -3.068e+03 1 0)))))INFO: dtree.c(1439): stop. leaf nodes are specific
INFO: dtree.c(1478): Final simple tree
|( QUESTION2_12_L -1 -1.713e+04 1.733e+02 8.295e+01
|    ( - -9.368e+03 1 0)
|    ( WDBNDRY_B 0 -7.590e+03 1.373e+02 3.700e+01
|        ( QUESTION0_14_R 1 -5.128e+03 1.358e+02 2.500e+01
|            ( - -8.673e+02 1 0)
|            ( - -4.125e+03 1 0))
|        ( QUESTION20 1 -2.324e+03 1.063e+02 1.200e+01
|            ( - -1.102e+03 1 0)
|            ( - -1.116e+03 1 0))))
s>    ( QUESTION2_12_L -1 -1.713e+04 1.733e+02 8.295e+01
s>        ( - -9.368e+03 1 0)
s>        ( WDBNDRY_B 0 -7.590e+03 1.373e+02 3.700e+01
s>            ( QUESTION0_14_R 1 -5.128e+03 1.358e+02 2.500e+01
s>                ( - -8.673e+02 1 0)
s>                ( - -4.125e+03 1 0))
s>            ( QUESTION20 1 -2.324e+03 1.063e+02 1.200e+01
s>                ( - -1.102e+03 1 0)
s>                ( - -1.116e+03 1 0))))INFO: dtree.c(1315): Comp split 21
INFO: dtree.c(1439): stop. leaf nodes are specific
INFO: dtree.c(1478): Final simple tree
|( QUESTION0_14_R 1 -8.184e+03 1.960e+02 3.801e+01
|    ( - -2.455e+03 1 0)
|    ( WDBNDRY_B 0 -5.534e+03 8.412e+01 2.700e+01
|        ( - -1.381e+03 1 0)
|        ( - -4.069e+03 1 0)))
s>    ( QUESTION0_14_R 1 -8.184e+03 1.960e+02 3.801e+01
s>        ( - -2.455e+03 1 0)
s>        ( WDBNDRY_B 0 -5.534e+03 8.412e+01 2.700e+01
s>            ( - -1.381e+03 1 0)
s>            ( - -4.069e+03 1 0)))INFO: dtree.c(1315): Comp split 22
INFO: dtree.c(1439): stop. leaf nodes are specific
INFO: dtree.c(1478): Final simple tree
|( QUESTION1 -1 -5.030e+04 1.589e+02 2.473e+02
|    ( - -4.883e+04 1 0)
|    ( - -1.311e+03 1 0))
s>    ( QUESTION1 -1 -5.030e+04 1.589e+02 2.473e+02
s>        ( - -4.883e+04 1 0)
s>        ( - -1.311e+03 1 0))INFO: dtree.c(1315): Comp split 23
INFO: dtree.c(1439): stop. leaf nodes are specific
INFO: dtree.c(1478): Final simple tree
|( WDBNDRY_B 0 -5.534e+03 8.412e+01 2.700e+01
|    ( - -1.381e+03 1 0)
|    ( - -4.069e+03 1 0))
s>    ( WDBNDRY_B 0 -5.534e+03 8.412e+01 2.700e+01
s>        ( - -1.381e+03 1 0)
s>        ( - -4.069e+03 1 0))INFO: dtree.c(1315): Comp split 24
INFO: dtree.c(1439): stop. leaf nodes are specific
INFO: dtree.c(1478): Final simple tree
|( WDBNDRY_B 0 -2.003e+04 1.671e+02 1.001e+02
|    ( - -1.929e+04 2 0)
|    ( - -5.677e+02 2 0))
s>    ( WDBNDRY_B 0 -2.003e+04 1.671e+02 1.001e+02
s>        ( - -1.929e+04 2 0)
s>        ( - -5.677e+02 2 0))INFO: dtree.c(1315): Comp split 25
INFO: dtree.c(1439): stop. leaf nodes are specific
INFO: dtree.c(1478): Final simple tree
|( QUESTION0_14_R 1 -1.546e+04 1.259e+02 7.271e+01
|    ( - -4.980e+03 1 0)
|    ( QUESTION18 -1 -1.035e+04 1.378e+02 4.872e+01
|        ( - -4.616e+03 1 0)
|        ( QUESTION20 1 -5.600e+03 1.149e+02 2.672e+01
|            ( - -2.416e+03 1 0)
|            ( - -3.068e+03 1 0))))
s>    ( QUESTION0_14_R 1 -1.546e+04 1.259e+02 7.271e+01
s>        ( - -4.980e+03 1 0)
s>        ( QUESTION18 -1 -1.035e+04 1.378e+02 4.872e+01
s>            ( - -4.616e+03 1 0)
s>            ( QUESTION20 1 -5.600e+03 1.149e+02 2.672e+01
s>                ( - -2.416e+03 1 0)
s>                ( - -3.068e+03 1 0))))INFO: dtree.c(1439): stop. leaf nodes are specific
INFO: dtree.c(1478): Final simple tree
|( QUESTION20 1 -3.470e+03 1.202e+02 1.700e+01
|    ( QUESTION2_17_L -1 -1.743e+03 1.380e+02 9.000e+00
|        ( - -1.090e+03 1 0)
|        ( - -5.150e+02 1 0))
|    ( - -1.607e+03 1 0))
s>    ( QUESTION20 1 -3.470e+03 1.202e+02 1.700e+01
s>        ( QUESTION2_17_L -1 -1.743e+03 1.380e+02 9.000e+00
s>            ( - -1.090e+03 1 0)
s>            ( - -5.150e+02 1 0))
s>        ( - -1.607e+03 1 0))INFO: dtree.c(1315): Comp split 26
INFO: dtree.c(1439): stop. leaf nodes are specific
INFO: dtree.c(1478): Final simple tree
|( WDBNDRY_B 0 -3.575e+04 1.506e+02 1.608e+02
|    ( - -3.511e+04 1 0)
|    ( - -4.886e+02 1 0))
s>    ( WDBNDRY_B 0 -3.575e+04 1.506e+02 1.608e+02
s>        ( - -3.511e+04 1 0)
s>        ( - -4.886e+02 1 0))INFO: dtree.c(1315): Comp split 27
INFO: dtree.c(1315): Comp split 28
INFO: dtree.c(1439): stop. leaf nodes are specific
INFO: dtree.c(1478): Final simple tree
|( WDBNDRY_B 0 -7.590e+03 1.373e+02 3.700e+01
|    ( QUESTION0_14_R 1 -5.128e+03 1.358e+02 2.500e+01
|        ( - -8.673e+02 1 0)
|        ( - -4.125e+03 1 0))
|    ( QUESTION20 1 -2.324e+03 1.063e+02 1.200e+01
|        ( - -1.102e+03 1 0)
|        ( - -1.116e+03 1 0)))
s>    ( WDBNDRY_B 0 -7.590e+03 1.373e+02 3.700e+01
s>        ( QUESTION0_14_R 1 -5.128e+03 1.358e+02 2.500e+01
s>            ( - -8.673e+02 1 0)
s>            ( - -4.125e+03 1 0))
s>        ( QUESTION20 1 -2.324e+03 1.063e+02 1.200e+01
s>            ( - -1.102e+03 1 0)
s>            ( - -1.116e+03 1 0)))INFO: dtree.c(1315): Comp split 29
INFO: dtree.c(1315): Comp split 30
INFO: dtree.c(1315): Comp split 31
INFO: dtree.c(1315): Comp split 32
INFO: dtree.c(1439): stop. leaf nodes are specific
INFO: dtree.c(1478): Final simple tree
|( QUESTION20 1 -5.600e+03 1.149e+02 2.672e+01
|    ( - -2.416e+03 1 0)
|    ( - -3.068e+03 1 0))
s>    ( QUESTION20 1 -5.600e+03 1.149e+02 2.672e+01
s>        ( - -2.416e+03 1 0)
s>        ( - -3.068e+03 1 0))INFO: dtree.c(1439): stop. leaf nodes are specific
INFO: dtree.c(1478): Final simple tree
|( QUESTION0_14_R 1 -9.707e+03 1.117e+02 4.599e+01
|    ( - -4.980e+03 1 0)
|    ( - -4.616e+03 1 0))
s>    ( QUESTION0_14_R 1 -9.707e+03 1.117e+02 4.599e+01
s>        ( - -4.980e+03 1 0)
s>        ( - -4.616e+03 1 0))INFO: dtree.c(1315): Comp split 33
INFO: dtree.c(1315): Comp split 34
INFO: dtree.c(1315): Comp split 35
INFO: dtree.c(1439): stop. leaf nodes are specific
INFO: dtree.c(1478): Final simple tree
|( WDBNDRY_B 0 -3.322e+03 1.307e+02 1.700e+01
|    ( - -8.673e+02 1 0)
|    ( QUESTION20 1 -2.324e+03 1.063e+02 1.200e+01
|        ( - -1.102e+03 1 0)
|        ( - -1.116e+03 1 0)))
s>    ( WDBNDRY_B 0 -3.322e+03 1.307e+02 1.700e+01
s>        ( - -8.673e+02 1 0)
s>        ( QUESTION20 1 -2.324e+03 1.063e+02 1.200e+01
s>            ( - -1.102e+03 1 0)
s>            ( - -1.116e+03 1 0)))INFO: dtree.c(1315): Comp split 36
INFO: dtree.c(1439): stop. leaf nodes are specific
INFO: dtree.c(1478): Final simple tree
|( QUESTION20 1 -2.818e+03 1.209e+02 1.400e+01
|    ( - -1.090e+03 1 0)
|    ( - -1.607e+03 1 0))
s>    ( QUESTION20 1 -2.818e+03 1.209e+02 1.400e+01
s>        ( - -1.090e+03 1 0)
s>        ( - -1.607e+03 1 0))INFO: dtree.c(1315): Comp split 37
INFO: dtree.c(1439): stop. leaf nodes are specific
INFO: dtree.c(1478): Final simple tree
|( QUESTION20 1 -2.324e+03 1.063e+02 1.200e+01
|    ( - -1.102e+03 1 0)
|    ( - -1.116e+03 1 0))
s>    ( QUESTION20 1 -2.324e+03 1.063e+02 1.200e+01
s>        ( - -1.102e+03 1 0)
s>        ( - -1.116e+03 1 0))INFO: dtree.c(1315): Comp split 38
INFO: dtree.c(1315): Comp split 39
INFO: dtree.c(1315): Comp split 40
INFO: dtree.c(1315): Comp split 41
INFO: dtree.c(1315): Comp split 42
INFO: dtree.c(1315): Comp split 43
INFO: dtree.c(1315): Comp split 44
INFO: dtree.c(1318): stop. leaf nodes are specific
Sun Mar 19 21:50:57 2017
