Current configuration:
[NAME]		[DEFLT]	[VALUE]
-allphones	no	no
-cntthresh	0.00001	1.000000e-05
-csplitmax	100	2000
-csplitmin	1	1
-csplitthr	8e-4	0.000000e+00
-example	no	no
-fullvar	no	no
-help		no	no
-meanfn			/home/ilya/Рабочий стол/lab_sphinx/ru_base/model_parameters/ru_base.cd_cont_untied/means
-mixwfn			/home/ilya/Рабочий стол/lab_sphinx/ru_base/model_parameters/ru_base.cd_cont_untied/mixture_weights
-moddeffn		/home/ilya/Рабочий стол/lab_sphinx/ru_base/model_architecture/ru_base.untied.mdef
-mwfloor	1e-4	1.000000e-08
-phone			kj
-psetfn			/home/ilya/Рабочий стол/lab_sphinx/ru_base/model_architecture/ru_base.tree_questions
-ssplitmax	5	7
-ssplitmin	1	1
-ssplitthr	8e-4	0.000000e+00
-state			2
-stwt			1.0,0.05,0.0,
-treefn			/home/ilya/Рабочий стол/lab_sphinx/ru_base/trees/ru_base.unpruned/kj-2.dtree
-ts2cbfn	.semi.	.cont.
-varfloor	0.00001	1.000000e-05
-varfn			/home/ilya/Рабочий стол/lab_sphinx/ru_base/model_parameters/ru_base.cd_cont_untied/variances

INFO: main.c(223): Reading: /home/ilya/Рабочий стол/lab_sphinx/ru_base/model_architecture/ru_base.untied.mdef
INFO: model_def_io.c(573): Model definition info:
INFO: model_def_io.c(574): 9415 total models defined (43 base, 9372 tri)
INFO: model_def_io.c(575): 37660 total states
INFO: model_def_io.c(576): 28245 total tied states
INFO: model_def_io.c(577): 129 total tied CI states
INFO: model_def_io.c(578): 43 total tied transition matrices
INFO: model_def_io.c(579): 4 max state/model
INFO: model_def_io.c(580): 4 min state/model
INFO: main.c(242): Building trees for [kj SIL i0 b] through [kj zh i0 i]
INFO: main.c(269): Covering states |[12015 12161]| == 147
INFO: main.c(275): Reading: /home/ilya/Рабочий стол/lab_sphinx/ru_base/model_parameters/ru_base.cd_cont_untied/mixture_weights
INFO: s3mixw_io.c(173): Read /home/ilya/Рабочий стол/lab_sphinx/ru_base/model_parameters/ru_base.cd_cont_untied/mixture_weights [147x1x1 array]
INFO: main.c(311): 49 of 49 models have observation count greater than 0.000010
INFO: main.c(95): nrm stwt: 0.000 0.048 0.952 
INFO: s3gau_io.c(169): Read /home/ilya/Рабочий стол/lab_sphinx/ru_base/model_parameters/ru_base.cd_cont_untied/means [28245x1x1 array]
INFO: s3gau_io.c(169): Read /home/ilya/Рабочий стол/lab_sphinx/ru_base/model_parameters/ru_base.cd_cont_untied/variances [28245x1x1 array]
INFO: main.c(549): Reading: /home/ilya/Рабочий стол/lab_sphinx/ru_base/model_architecture/ru_base.tree_questions
INFO: main.c(588): 180 total simple questions (172 phone; 8 word bndry)
INFO: main.c(590): 42 Left Only questions, and 42 Right Only questions
INFO: dtree.c(1478): Final simple tree
|( QUESTION20 1 -1.024e+06 8.641e+02 4.495e+03
|    ( QUESTION16 -1 -8.381e+05 8.527e+02 3.678e+03
|        ( WDBNDRY_B 0 -2.099e+05 4.231e+02 9.256e+02
|            ( - -1.186e+04 2 0)
|            ( - -1.976e+05 2 0))
|        ( QUESTION3 -1 -6.274e+05 7.653e+02 2.752e+03
|            ( QUESTION4 -1 -1.486e+05 3.942e+02 6.522e+02
|                ( - -3.300e+04 1 0)
|                ( - -1.152e+05 2 0 WDBNDRY_B 0 2.718e+02 5.059e+02))
|            ( QUESTION1 -1 -4.781e+05 4.240e+02 2.100e+03
|                ( - -7.679e+04 3 0 QUESTION2_4_L -1 2.201e+02 3.379e+02)
|                ( - -4.009e+05 25 0 QUESTION12 -1 3.462e+02 1.762e+03))))
|    ( QUESTION16 -1 -1.854e+05 3.963e+02 8.177e+02
|        ( - -7.910e+04 2 0)
|        ( - -1.059e+05 12 0 QUESTION2_17_L -1 2.994e+02 4.663e+02)))
s>    ( QUESTION20 1 -1.024e+06 8.641e+02 4.495e+03
s>        ( QUESTION16 -1 -8.381e+05 8.527e+02 3.678e+03
s>            ( WDBNDRY_B 0 -2.099e+05 4.231e+02 9.256e+02
s>                ( - -1.186e+04 2 0)
s>                ( - -1.976e+05 2 0))
s>            ( QUESTION3 -1 -6.274e+05 7.653e+02 2.752e+03
s>                ( QUESTION4 -1 -1.486e+05 3.942e+02 6.522e+02
s>                    ( - -3.300e+04 1 0)
s>                    ( - -1.152e+05 2 0 WDBNDRY_B 0 2.718e+02 5.059e+02))
s>                ( QUESTION1 -1 -4.781e+05 4.240e+02 2.100e+03
s>                    ( - -7.679e+04 3 0 QUESTION2_4_L -1 2.201e+02 3.379e+02)
s>                    ( - -4.009e+05 25 0 QUESTION12 -1 3.462e+02 1.762e+03))))
s>        ( QUESTION16 -1 -1.854e+05 3.963e+02 8.177e+02
s>            ( - -7.910e+04 2 0)
s>            ( - -1.059e+05 12 0 QUESTION2_17_L -1 2.994e+02 4.663e+02)))INFO: dtree.c(1315): Comp split 0
INFO: dtree.c(1439): stop. leaf nodes are specific
INFO: dtree.c(1478): Final simple tree
|( QUESTION0 -1 -2.309e+05 3.455e+02 1.020e+03
|    ( - -3.300e+04 1 0)
|    ( - -1.976e+05 2 0))
s>    ( QUESTION0 -1 -2.309e+05 3.455e+02 1.020e+03
s>        ( - -3.300e+04 1 0)
s>        ( - -1.976e+05 2 0))INFO: dtree.c(1478): Final simple tree
|( QUESTION20 1 -7.922e+05 6.999e+02 3.475e+03
|    ( QUESTION3 -1 -6.060e+05 6.266e+02 2.657e+03
|        ( - -1.152e+05 2 0 WDBNDRY_B 0 2.718e+02 5.059e+02)
|        ( QUESTION1 -1 -4.902e+05 4.129e+02 2.152e+03
|            ( - -7.679e+04 3 0 QUESTION2_4_L -1 2.201e+02 3.379e+02)
|            ( QUESTION12 -1 -4.130e+05 3.527e+02 1.814e+03
|                ( - -1.037e+05 4 0)
|                ( QUESTION15 -1 -3.090e+05 3.175e+02 1.355e+03
|                    ( WDBNDRY_B 0 -1.549e+05 3.278e+02 6.811e+02
|                        ( - -4.226e+04 4 0 QUESTION16 -1 1.801e+02 1.838e+02)
|                        ( - -1.123e+05 4 0 QUESTION20 -1 1.847e+02 4.973e+02))
|                    ( - -1.538e+05 15 0 QUESTION2_0_L -1 2.504e+02 6.737e+02)))))
|    ( QUESTION16 -1 -1.854e+05 3.963e+02 8.177e+02
|        ( - -7.910e+04 2 0)
|        ( - -1.059e+05 12 0 QUESTION2_17_L -1 2.994e+02 4.663e+02)))
s>    ( QUESTION20 1 -7.922e+05 6.999e+02 3.475e+03
s>        ( QUESTION3 -1 -6.060e+05 6.266e+02 2.657e+03
s>            ( - -1.152e+05 2 0 WDBNDRY_B 0 2.718e+02 5.059e+02)
s>            ( QUESTION1 -1 -4.902e+05 4.129e+02 2.152e+03
s>                ( - -7.679e+04 3 0 QUESTION2_4_L -1 2.201e+02 3.379e+02)
s>                ( QUESTION12 -1 -4.130e+05 3.527e+02 1.814e+03
s>                    ( - -1.037e+05 4 0)
s>                    ( QUESTION15 -1 -3.090e+05 3.175e+02 1.355e+03
s>                        ( WDBNDRY_B 0 -1.549e+05 3.278e+02 6.811e+02
s>                            ( - -4.226e+04 4 0 QUESTION16 -1 1.801e+02 1.838e+02)
s>                            ( - -1.123e+05 4 0 QUESTION20 -1 1.847e+02 4.973e+02))
s>                        ( - -1.538e+05 15 0 QUESTION2_0_L -1 2.504e+02 6.737e+02)))))
s>        ( QUESTION16 -1 -1.854e+05 3.963e+02 8.177e+02
s>            ( - -7.910e+04 2 0)
s>            ( - -1.059e+05 12 0 QUESTION2_17_L -1 2.994e+02 4.663e+02)))INFO: dtree.c(1315): Comp split 1
INFO: dtree.c(1478): Final simple tree
|( QUESTION1 -1 -4.902e+05 4.129e+02 2.152e+03
|    ( QUESTION2_4_L -1 -7.679e+04 2.201e+02 3.379e+02
|        ( - -3.108e+04 2 0 QUESTION2_6_L -1 1.453e+02 1.359e+02)
|        ( - -4.550e+04 1 0))
|    ( QUESTION12 -1 -4.130e+05 3.527e+02 1.814e+03
|        ( - -1.037e+05 4 0)
|        ( QUESTION15 -1 -3.090e+05 3.175e+02 1.355e+03
|            ( WDBNDRY_B 0 -1.549e+05 3.278e+02 6.811e+02
|                ( - -4.226e+04 4 0 QUESTION16 -1 1.801e+02 1.838e+02)
|                ( - -1.123e+05 4 0 QUESTION20 -1 1.847e+02 4.973e+02))
|            ( QUESTION2_0_L -1 -1.538e+05 2.504e+02 6.737e+02
|                ( - -1.973e+04 2 0 WDBNDRY_B 0 1.896e+02 8.643e+01)
|                ( WDBNDRY_B 0 -1.338e+05 1.934e+02 5.873e+02
|                    ( - -1.805e+04 4 0 QUESTION0 -1 1.456e+02 7.907e+01)
|                    ( - -1.156e+05 9 0 QUESTION2_14_L -1 1.906e+02 5.082e+02))))))
s>    ( QUESTION1 -1 -4.902e+05 4.129e+02 2.152e+03
s>        ( QUESTION2_4_L -1 -7.679e+04 2.201e+02 3.379e+02
s>            ( - -3.108e+04 2 0 QUESTION2_6_L -1 1.453e+02 1.359e+02)
s>            ( - -4.550e+04 1 0))
s>        ( QUESTION12 -1 -4.130e+05 3.527e+02 1.814e+03
s>            ( - -1.037e+05 4 0)
s>            ( QUESTION15 -1 -3.090e+05 3.175e+02 1.355e+03
s>                ( WDBNDRY_B 0 -1.549e+05 3.278e+02 6.811e+02
s>                    ( - -4.226e+04 4 0 QUESTION16 -1 1.801e+02 1.838e+02)
s>                    ( - -1.123e+05 4 0 QUESTION20 -1 1.847e+02 4.973e+02))
s>                ( QUESTION2_0_L -1 -1.538e+05 2.504e+02 6.737e+02
s>                    ( - -1.973e+04 2 0 WDBNDRY_B 0 1.896e+02 8.643e+01)
s>                    ( WDBNDRY_B 0 -1.338e+05 1.934e+02 5.873e+02
s>                        ( - -1.805e+04 4 0 QUESTION0 -1 1.456e+02 7.907e+01)
s>                        ( - -1.156e+05 9 0 QUESTION2_14_L -1 1.906e+02 5.082e+02))))))INFO: dtree.c(1478): Final simple tree
|( QUESTION20 1 -3.012e+05 6.130e+02 1.324e+03
|    ( WDBNDRY_B 0 -1.152e+05 2.718e+02 5.059e+02
|        ( - -2.066e+04 1 0)
|        ( - -9.423e+04 1 0))
|    ( QUESTION16 -1 -1.854e+05 3.963e+02 8.177e+02
|        ( - -7.910e+04 2 0)
|        ( QUESTION2_17_L -1 -1.059e+05 2.994e+02 4.663e+02
|            ( - -1.960e+04 1 0)
|            ( QUESTION2_6_L -1 -8.604e+04 2.588e+02 3.791e+02
|                ( - -1.543e+04 1 0)
|                ( QUESTION2_20_L -1 -7.035e+04 2.166e+02 3.091e+02
|                    ( - -1.901e+04 3 0 QUESTION0 -1 1.265e+02 8.458e+01)
|                    ( WDBNDRY_B 0 -5.113e+04 2.208e+02 2.246e+02
|                        ( - -5.231e+03 2 0 QUESTION0 -1 1.336e+02 2.339e+01)
|                        ( - -4.568e+04 5 0 QUESTION3 -1 2.023e+02 2.012e+02)))))))
s>    ( QUESTION20 1 -3.012e+05 6.130e+02 1.324e+03
s>        ( WDBNDRY_B 0 -1.152e+05 2.718e+02 5.059e+02
s>            ( - -2.066e+04 1 0)
s>            ( - -9.423e+04 1 0))
s>        ( QUESTION16 -1 -1.854e+05 3.963e+02 8.177e+02
s>            ( - -7.910e+04 2 0)
s>            ( QUESTION2_17_L -1 -1.059e+05 2.994e+02 4.663e+02
s>                ( - -1.960e+04 1 0)
s>                ( QUESTION2_6_L -1 -8.604e+04 2.588e+02 3.791e+02
s>                    ( - -1.543e+04 1 0)
s>                    ( QUESTION2_20_L -1 -7.035e+04 2.166e+02 3.091e+02
s>                        ( - -1.901e+04 3 0 QUESTION0 -1 1.265e+02 8.458e+01)
s>                        ( WDBNDRY_B 0 -5.113e+04 2.208e+02 2.246e+02
s>                            ( - -5.231e+03 2 0 QUESTION0 -1 1.336e+02 2.339e+01)
s>                            ( - -4.568e+04 5 0 QUESTION3 -1 2.023e+02 2.012e+02)))))))INFO: dtree.c(1315): Comp split 2
INFO: dtree.c(1439): stop. leaf nodes are specific
INFO: dtree.c(1478): Final simple tree
|( QUESTION6 -1 -1.343e+05 2.644e+02 5.905e+02
|    ( - -9.423e+04 1 0)
|    ( QUESTION10 -1 -3.982e+04 1.597e+02 1.752e+02
|        ( - -1.648e+04 1 0)
|        ( WDBNDRY_B 0 -2.317e+04 1.167e+02 1.017e+02
|            ( - -2.066e+04 1 0)
|            ( - -2.399e+03 2 0))))
s>    ( QUESTION6 -1 -1.343e+05 2.644e+02 5.905e+02
s>        ( - -9.423e+04 1 0)
s>        ( QUESTION10 -1 -3.982e+04 1.597e+02 1.752e+02
s>            ( - -1.648e+04 1 0)
s>            ( WDBNDRY_B 0 -2.317e+04 1.167e+02 1.017e+02
s>                ( - -2.066e+04 1 0)
s>                ( - -2.399e+03 2 0))))INFO: dtree.c(1478): Final simple tree
|( QUESTION16 -1 -1.663e+05 4.042e+02 7.331e+02
|    ( - -7.910e+04 2 0)
|    ( QUESTION14 -1 -8.677e+04 3.282e+02 3.818e+02
|        ( - -1.960e+04 1 0)
|        ( QUESTION2_6_L -1 -6.684e+04 2.762e+02 2.946e+02
|            ( - -1.543e+04 1 0)
|            ( WDBNDRY_B 0 -5.113e+04 2.208e+02 2.246e+02
|                ( QUESTION0 -1 -5.231e+03 1.336e+02 2.339e+01
|                    ( - -4.286e+03 1 0)
|                    ( - -8.116e+02 1 0))
|                ( QUESTION3 -1 -4.568e+04 2.023e+02 2.012e+02
|                    ( - -2.176e+04 1 0)
|                    ( QUESTION0 -1 -2.371e+04 1.739e+02 1.036e+02
|                        ( - -2.406e+03 3 0 QUESTION2_4_L -1 1.302e+02 1.100e+01)
|                        ( - -2.113e+04 1 0)))))))
s>    ( QUESTION16 -1 -1.663e+05 4.042e+02 7.331e+02
s>        ( - -7.910e+04 2 0)
s>        ( QUESTION14 -1 -8.677e+04 3.282e+02 3.818e+02
s>            ( - -1.960e+04 1 0)
s>            ( QUESTION2_6_L -1 -6.684e+04 2.762e+02 2.946e+02
s>                ( - -1.543e+04 1 0)
s>                ( WDBNDRY_B 0 -5.113e+04 2.208e+02 2.246e+02
s>                    ( QUESTION0 -1 -5.231e+03 1.336e+02 2.339e+01
s>                        ( - -4.286e+03 1 0)
s>                        ( - -8.116e+02 1 0))
s>                    ( QUESTION3 -1 -4.568e+04 2.023e+02 2.012e+02
s>                        ( - -2.176e+04 1 0)
s>                        ( QUESTION0 -1 -2.371e+04 1.739e+02 1.036e+02
s>                            ( - -2.406e+03 3 0 QUESTION2_4_L -1 1.302e+02 1.100e+01)
s>                            ( - -2.113e+04 1 0)))))))INFO: dtree.c(1315): Comp split 3
INFO: dtree.c(1439): stop. leaf nodes are specific
INFO: dtree.c(1478): Final simple tree
|( QUESTION2 -1 -5.878e+04 2.600e+02 2.602e+02
|    ( - -1.543e+04 1 0)
|    ( QUESTION0 -1 -4.309e+04 1.927e+02 1.902e+02
|        ( - -2.176e+04 1 0)
|        ( - -2.113e+04 1 0)))
s>    ( QUESTION2 -1 -5.878e+04 2.600e+02 2.602e+02
s>        ( - -1.543e+04 1 0)
s>        ( QUESTION0 -1 -4.309e+04 1.927e+02 1.902e+02
s>            ( - -2.176e+04 1 0)
s>            ( - -2.113e+04 1 0)))INFO: dtree.c(1439): stop. leaf nodes are specific
INFO: dtree.c(1478): Final simple tree
|( QUESTION16 -1 -1.069e+05 3.469e+02 4.730e+02
|    ( - -7.910e+04 2 0)
|    ( QUESTION2_4_L -1 -2.746e+04 1.285e+02 1.216e+02
|        ( - -3.388e+02 1 0)
|        ( QUESTION3 -1 -2.699e+04 1.236e+02 1.196e+02
|            ( - -4.286e+03 1 0)
|            ( QUESTION14 -1 -2.258e+04 1.660e+02 1.002e+02
|                ( - -1.960e+04 1 0)
|                ( QUESTION1 -1 -2.815e+03 1.116e+02 1.300e+01
|                    ( - -1.047e+03 1 0)
|                    ( WDBNDRY_B 0 -1.657e+03 6.873e+01 8.000e+00
|                        ( - -8.116e+02 1 0)
|                        ( - -7.763e+02 1 0)))))))
s>    ( QUESTION16 -1 -1.069e+05 3.469e+02 4.730e+02
s>        ( - -7.910e+04 2 0)
s>        ( QUESTION2_4_L -1 -2.746e+04 1.285e+02 1.216e+02
s>            ( - -3.388e+02 1 0)
s>            ( QUESTION3 -1 -2.699e+04 1.236e+02 1.196e+02
s>                ( - -4.286e+03 1 0)
s>                ( QUESTION14 -1 -2.258e+04 1.660e+02 1.002e+02
s>                    ( - -1.960e+04 1 0)
s>                    ( QUESTION1 -1 -2.815e+03 1.116e+02 1.300e+01
s>                        ( - -1.047e+03 1 0)
s>                        ( WDBNDRY_B 0 -1.657e+03 6.873e+01 8.000e+00
s>                            ( - -8.116e+02 1 0)
s>                            ( - -7.763e+02 1 0)))))))INFO: dtree.c(1315): Comp split 4
INFO: dtree.c(1478): Final simple tree
|( QUESTION2_7_L -1 -2.534e+05 3.326e+02 1.109e+03
|    ( - -4.550e+04 1 0)
|    ( QUESTION14 -1 -2.076e+05 2.659e+02 9.070e+02
|        ( QUESTION2_17_L -1 -1.051e+05 2.006e+02 4.639e+02
|            ( - -8.090e+03 1 0)
|            ( QUESTION2_15_L -1 -9.683e+04 1.722e+02 4.275e+02
|                ( - -2.881e+02 1 0)
|                ( - -9.636e+04 7 0 WDBNDRY_B 0 1.723e+02 4.255e+02)))
|        ( QUESTION16 -1 -1.022e+05 2.005e+02 4.431e+02
|            ( - -1.186e+04 2 0)
|            ( QUESTION2_6_L -1 -9.014e+04 1.842e+02 3.913e+02
|                ( - -2.991e+04 1 0)
|                ( QUESTION13 -1 -6.005e+04 1.761e+02 2.604e+02
|                    ( - -3.021e+04 2 0 QUESTION20 -1 1.468e+02 1.320e+02)
|                    ( - -2.966e+04 5 0 QUESTION2_14_L -1 1.539e+02 1.284e+02))))))
s>    ( QUESTION2_7_L -1 -2.534e+05 3.326e+02 1.109e+03
s>        ( - -4.550e+04 1 0)
s>        ( QUESTION14 -1 -2.076e+05 2.659e+02 9.070e+02
s>            ( QUESTION2_17_L -1 -1.051e+05 2.006e+02 4.639e+02
s>                ( - -8.090e+03 1 0)
s>                ( QUESTION2_15_L -1 -9.683e+04 1.722e+02 4.275e+02
s>                    ( - -2.881e+02 1 0)
s>                    ( - -9.636e+04 7 0 WDBNDRY_B 0 1.723e+02 4.255e+02)))
s>            ( QUESTION16 -1 -1.022e+05 2.005e+02 4.431e+02
s>                ( - -1.186e+04 2 0)
s>                ( QUESTION2_6_L -1 -9.014e+04 1.842e+02 3.913e+02
s>                    ( - -2.991e+04 1 0)
s>                    ( QUESTION13 -1 -6.005e+04 1.761e+02 2.604e+02
s>                        ( - -3.021e+04 2 0 QUESTION20 -1 1.468e+02 1.320e+02)
s>                        ( - -2.966e+04 5 0 QUESTION2_14_L -1 1.539e+02 1.284e+02))))))INFO: dtree.c(1439): stop. leaf nodes are specific
INFO: dtree.c(1478): Final simple tree
|( QUESTION0 -1 -2.363e+05 3.143e+02 1.043e+03
|    ( WDBNDRY_B 0 -1.058e+05 1.580e+02 4.678e+02
|        ( - -1.957e+03 1 0)
|        ( - -1.037e+05 4 0))
|    ( QUESTION14 -1 -1.302e+05 2.783e+02 5.748e+02
|        ( - -1.759e+04 1 0)
|        ( QUESTION20 -1 -1.123e+05 1.847e+02 4.973e+02
|            ( - -7.250e+04 1 0)
|            ( QUESTION18 -1 -3.963e+04 9.898e+01 1.775e+02
|                ( QUESTION2_15_L -1 -2.008e+03 9.047e+01 9.548e+00
|                    ( - -1.109e+03 1 0)
|                    ( - -8.090e+02 1 0))
|                ( - -3.752e+04 1 0)))))
s>    ( QUESTION0 -1 -2.363e+05 3.143e+02 1.043e+03
s>        ( WDBNDRY_B 0 -1.058e+05 1.580e+02 4.678e+02
s>            ( - -1.957e+03 1 0)
s>            ( - -1.037e+05 4 0))
s>        ( QUESTION14 -1 -1.302e+05 2.783e+02 5.748e+02
s>            ( - -1.759e+04 1 0)
s>            ( QUESTION20 -1 -1.123e+05 1.847e+02 4.973e+02
s>                ( - -7.250e+04 1 0)
s>                ( QUESTION18 -1 -3.963e+04 9.898e+01 1.775e+02
s>                    ( QUESTION2_15_L -1 -2.008e+03 9.047e+01 9.548e+00
s>                        ( - -1.109e+03 1 0)
s>                        ( - -8.090e+02 1 0))
s>                    ( - -3.752e+04 1 0)))))INFO: dtree.c(1315): Comp split 5
INFO: dtree.c(1478): Final simple tree
|( WDBNDRY_B 0 -1.345e+05 1.950e+02 5.903e+02
|    ( QUESTION0 -1 -1.805e+04 1.456e+02 7.907e+01
|        ( - -3.186e+02 1 0)
|        ( SILENCE -1 -1.759e+04 1.303e+02 7.707e+01
|            ( - -2.934e+03 1 0)
|            ( - -1.452e+04 2 0 QUESTION2_14_L -1 1.068e+02 6.409e+01)))
|    ( QUESTION2_20_L -1 -1.163e+05 1.943e+02 5.112e+02
|        ( QUESTION0 -1 -1.064e+05 1.786e+02 4.678e+02
|            ( - -2.499e+04 2 0)
|            ( - -8.122e+04 4 0))
|        ( QUESTION2_19_L -1 -9.676e+03 1.526e+02 4.339e+01
|            ( - -2.927e+02 1 0)
|            ( QUESTION0 -1 -9.231e+03 1.186e+02 4.139e+01
|                ( - -1.022e+03 1 0)
|                ( - -8.090e+03 1 0)))))
s>    ( WDBNDRY_B 0 -1.345e+05 1.950e+02 5.903e+02
s>        ( QUESTION0 -1 -1.805e+04 1.456e+02 7.907e+01
s>            ( - -3.186e+02 1 0)
s>            ( SILENCE -1 -1.759e+04 1.303e+02 7.707e+01
s>                ( - -2.934e+03 1 0)
s>                ( - -1.452e+04 2 0 QUESTION2_14_L -1 1.068e+02 6.409e+01)))
s>        ( QUESTION2_20_L -1 -1.163e+05 1.943e+02 5.112e+02
s>            ( QUESTION0 -1 -1.064e+05 1.786e+02 4.678e+02
s>                ( - -2.499e+04 2 0)
s>                ( - -8.122e+04 4 0))
s>            ( QUESTION2_19_L -1 -9.676e+03 1.526e+02 4.339e+01
s>                ( - -2.927e+02 1 0)
s>                ( QUESTION0 -1 -9.231e+03 1.186e+02 4.139e+01
s>                    ( - -1.022e+03 1 0)
s>                    ( - -8.090e+03 1 0)))))INFO: dtree.c(1439): stop. leaf nodes are specific
INFO: dtree.c(1478): Final simple tree
|( QUESTION2_7_L -1 -1.185e+05 2.455e+02 5.188e+02
|    ( - -4.550e+04 1 0)
|    ( QUESTION16 -1 -7.278e+04 1.962e+02 3.167e+02
|        ( - -1.186e+04 2 0)
|        ( QUESTION14 -1 -6.072e+04 1.706e+02 2.649e+02
|            ( - -2.881e+02 1 0)
|            ( QUESTION20 -1 -6.026e+04 1.600e+02 2.629e+02
|                ( - -1.569e+04 1 0)
|                ( WDBNDRY_B 0 -4.441e+04 1.284e+02 1.945e+02
|                    ( - -1.437e+04 1 0)
|                    ( - -2.991e+04 1 0))))))
s>    ( QUESTION2_7_L -1 -1.185e+05 2.455e+02 5.188e+02
s>        ( - -4.550e+04 1 0)
s>        ( QUESTION16 -1 -7.278e+04 1.962e+02 3.167e+02
s>            ( - -1.186e+04 2 0)
s>            ( QUESTION14 -1 -6.072e+04 1.706e+02 2.649e+02
s>                ( - -2.881e+02 1 0)
s>                ( QUESTION20 -1 -6.026e+04 1.600e+02 2.629e+02
s>                    ( - -1.569e+04 1 0)
s>                    ( WDBNDRY_B 0 -4.441e+04 1.284e+02 1.945e+02
s>                        ( - -1.437e+04 1 0)
s>                        ( - -2.991e+04 1 0))))))INFO: dtree.c(1315): Comp split 6
INFO: dtree.c(1439): stop. leaf nodes are specific
INFO: dtree.c(1478): Final simple tree
|( QUESTION2_4_L -1 -2.746e+04 1.285e+02 1.216e+02
|    ( - -3.388e+02 1 0)
|    ( QUESTION3 -1 -2.699e+04 1.236e+02 1.196e+02
|        ( - -4.286e+03 1 0)
|        ( QUESTION14 -1 -2.258e+04 1.660e+02 1.002e+02
|            ( - -1.960e+04 1 0)
|            ( QUESTION1 -1 -2.815e+03 1.116e+02 1.300e+01
|                ( - -1.047e+03 1 0)
|                ( WDBNDRY_B 0 -1.657e+03 6.873e+01 8.000e+00
|                    ( - -8.116e+02 1 0)
|                    ( - -7.763e+02 1 0))))))
s>    ( QUESTION2_4_L -1 -2.746e+04 1.285e+02 1.216e+02
s>        ( - -3.388e+02 1 0)
s>        ( QUESTION3 -1 -2.699e+04 1.236e+02 1.196e+02
s>            ( - -4.286e+03 1 0)
s>            ( QUESTION14 -1 -2.258e+04 1.660e+02 1.002e+02
s>                ( - -1.960e+04 1 0)
s>                ( QUESTION1 -1 -2.815e+03 1.116e+02 1.300e+01
s>                    ( - -1.047e+03 1 0)
s>                    ( WDBNDRY_B 0 -1.657e+03 6.873e+01 8.000e+00
s>                        ( - -8.116e+02 1 0)
s>                        ( - -7.763e+02 1 0))))))INFO: dtree.c(1315): Comp split 7
INFO: dtree.c(1315): Comp split 8
INFO: dtree.c(1439): stop. leaf nodes are specific
INFO: dtree.c(1478): Final simple tree
|( QUESTION14 -1 -1.302e+05 2.783e+02 5.748e+02
|    ( - -1.759e+04 1 0)
|    ( QUESTION20 -1 -1.123e+05 1.847e+02 4.973e+02
|        ( - -7.250e+04 1 0)
|        ( QUESTION18 -1 -3.963e+04 9.898e+01 1.775e+02
|            ( QUESTION2_15_L -1 -2.008e+03 9.047e+01 9.548e+00
|                ( - -1.109e+03 1 0)
|                ( - -8.090e+02 1 0))
|            ( - -3.752e+04 1 0))))
s>    ( QUESTION14 -1 -1.302e+05 2.783e+02 5.748e+02
s>        ( - -1.759e+04 1 0)
s>        ( QUESTION20 -1 -1.123e+05 1.847e+02 4.973e+02
s>            ( - -7.250e+04 1 0)
s>            ( QUESTION18 -1 -3.963e+04 9.898e+01 1.775e+02
s>                ( QUESTION2_15_L -1 -2.008e+03 9.047e+01 9.548e+00
s>                    ( - -1.109e+03 1 0)
s>                    ( - -8.090e+02 1 0))
s>                ( - -3.752e+04 1 0))))INFO: dtree.c(1439): stop. leaf nodes are specific
INFO: dtree.c(1478): Final simple tree
|( WDBNDRY_B 0 -1.058e+05 1.580e+02 4.678e+02
|    ( - -1.957e+03 1 0)
|    ( - -1.037e+05 4 0))
s>    ( WDBNDRY_B 0 -1.058e+05 1.580e+02 4.678e+02
s>        ( - -1.957e+03 1 0)
s>        ( - -1.037e+05 4 0))INFO: dtree.c(1315): Comp split 9
INFO: dtree.c(1439): stop. leaf nodes are specific
INFO: dtree.c(1478): Final simple tree
|( QUESTION20 -1 -1.123e+05 1.847e+02 4.973e+02
|    ( - -7.250e+04 1 0)
|    ( QUESTION18 -1 -3.963e+04 9.898e+01 1.775e+02
|        ( QUESTION2_15_L -1 -2.008e+03 9.047e+01 9.548e+00
|            ( - -1.109e+03 1 0)
|            ( - -8.090e+02 1 0))
|        ( - -3.752e+04 1 0)))
s>    ( QUESTION20 -1 -1.123e+05 1.847e+02 4.973e+02
s>        ( - -7.250e+04 1 0)
s>        ( QUESTION18 -1 -3.963e+04 9.898e+01 1.775e+02
s>            ( QUESTION2_15_L -1 -2.008e+03 9.047e+01 9.548e+00
s>                ( - -1.109e+03 1 0)
s>                ( - -8.090e+02 1 0))
s>            ( - -3.752e+04 1 0)))INFO: dtree.c(1315): Comp split 10
INFO: dtree.c(1439): stop. leaf nodes are specific
INFO: dtree.c(1478): Final simple tree
|( WDBNDRY_B 0 -3.730e+04 1.563e+02 1.642e+02
|    ( - -2.066e+04 1 0)
|    ( - -1.648e+04 1 0))
s>    ( WDBNDRY_B 0 -3.730e+04 1.563e+02 1.642e+02
s>        ( - -2.066e+04 1 0)
s>        ( - -1.648e+04 1 0))INFO: dtree.c(1439): stop. leaf nodes are specific
INFO: dtree.c(1478): Final simple tree
|( QUESTION0 -1 -9.674e+04 1.186e+02 4.262e+02
|    ( - -9.423e+04 1 0)
|    ( - -2.399e+03 2 0))
s>    ( QUESTION0 -1 -9.674e+04 1.186e+02 4.262e+02
s>        ( - -9.423e+04 1 0)
s>        ( - -2.399e+03 2 0))INFO: dtree.c(1315): Comp split 11
INFO: dtree.c(1439): stop. leaf nodes are specific
INFO: dtree.c(1478): Final simple tree
|( WDBNDRY_B 0 -9.592e+04 1.736e+02 4.235e+02
|    ( QUESTION2_14_L -1 -1.452e+04 1.068e+02 6.409e+01
|        ( - -1.386e+04 1 0)
|        ( - -5.609e+02 1 0))
|    ( - -8.122e+04 4 0))
s>    ( WDBNDRY_B 0 -9.592e+04 1.736e+02 4.235e+02
s>        ( QUESTION2_14_L -1 -1.452e+04 1.068e+02 6.409e+01
s>            ( - -1.386e+04 1 0)
s>            ( - -5.609e+02 1 0))
s>        ( - -8.122e+04 4 0))INFO: dtree.c(1439): stop. leaf nodes are specific
INFO: dtree.c(1478): Final simple tree
|( QUESTION2_18_L -1 -3.833e+04 1.538e+02 1.668e+02
|    ( - -3.186e+02 1 0)
|    ( QUESTION2_19_L -1 -3.785e+04 1.526e+02 1.648e+02
|        ( - -2.927e+02 1 0)
|        ( QUESTION1 -1 -3.741e+04 1.316e+02 1.628e+02
|            ( - -1.022e+03 1 0)
|            ( QUESTION13 -1 -3.626e+04 1.347e+02 1.578e+02
|                ( - -8.090e+03 1 0)
|                ( WDBNDRY_B 0 -2.803e+04 1.081e+02 1.214e+02
|                    ( - -2.934e+03 1 0)
|                    ( - -2.499e+04 2 0))))))
s>    ( QUESTION2_18_L -1 -3.833e+04 1.538e+02 1.668e+02
s>        ( - -3.186e+02 1 0)
s>        ( QUESTION2_19_L -1 -3.785e+04 1.526e+02 1.648e+02
s>            ( - -2.927e+02 1 0)
s>            ( QUESTION1 -1 -3.741e+04 1.316e+02 1.628e+02
s>                ( - -1.022e+03 1 0)
s>                ( QUESTION13 -1 -3.626e+04 1.347e+02 1.578e+02
s>                    ( - -8.090e+03 1 0)
s>                    ( WDBNDRY_B 0 -2.803e+04 1.081e+02 1.214e+02
s>                        ( - -2.934e+03 1 0)
s>                        ( - -2.499e+04 2 0))))))INFO: dtree.c(1315): Comp split 12
INFO: dtree.c(1439): stop. leaf nodes are specific
INFO: dtree.c(1478): Final simple tree
|( QUESTION0 -1 -4.309e+04 1.927e+02 1.902e+02
|    ( - -2.176e+04 1 0)
|    ( - -2.113e+04 1 0))
s>    ( QUESTION0 -1 -4.309e+04 1.927e+02 1.902e+02
s>        ( - -2.176e+04 1 0)
s>        ( - -2.113e+04 1 0))INFO: dtree.c(1315): Comp split 13
INFO: dtree.c(1439): stop. leaf nodes are specific
INFO: dtree.c(1478): Final simple tree
|( QUESTION16 -1 -7.278e+04 1.962e+02 3.167e+02
|    ( - -1.186e+04 2 0)
|    ( QUESTION14 -1 -6.072e+04 1.706e+02 2.649e+02
|        ( - -2.881e+02 1 0)
|        ( QUESTION20 -1 -6.026e+04 1.600e+02 2.629e+02
|            ( - -1.569e+04 1 0)
|            ( WDBNDRY_B 0 -4.441e+04 1.284e+02 1.945e+02
|                ( - -1.437e+04 1 0)
|                ( - -2.991e+04 1 0)))))
s>    ( QUESTION16 -1 -7.278e+04 1.962e+02 3.167e+02
s>        ( - -1.186e+04 2 0)
s>        ( QUESTION14 -1 -6.072e+04 1.706e+02 2.649e+02
s>            ( - -2.881e+02 1 0)
s>            ( QUESTION20 -1 -6.026e+04 1.600e+02 2.629e+02
s>                ( - -1.569e+04 1 0)
s>                ( WDBNDRY_B 0 -4.441e+04 1.284e+02 1.945e+02
s>                    ( - -1.437e+04 1 0)
s>                    ( - -2.991e+04 1 0)))))INFO: dtree.c(1315): Comp split 14
INFO: dtree.c(1439): stop. leaf nodes are specific
INFO: dtree.c(1478): Final simple tree
|( QUESTION20 -1 -6.026e+04 1.600e+02 2.629e+02
|    ( - -1.569e+04 1 0)
|    ( WDBNDRY_B 0 -4.441e+04 1.284e+02 1.945e+02
|        ( - -1.437e+04 1 0)
|        ( - -2.991e+04 1 0)))
s>    ( QUESTION20 -1 -6.026e+04 1.600e+02 2.629e+02
s>        ( - -1.569e+04 1 0)
s>        ( WDBNDRY_B 0 -4.441e+04 1.284e+02 1.945e+02
s>            ( - -1.437e+04 1 0)
s>            ( - -2.991e+04 1 0)))INFO: dtree.c(1439): stop. leaf nodes are specific
INFO: dtree.c(1478): Final simple tree
|( WDBNDRY_B 0 -1.231e+04 1.579e+02 5.386e+01
|    ( - -1.186e+04 2 0)
|    ( - -2.881e+02 1 0))
s>    ( WDBNDRY_B 0 -1.231e+04 1.579e+02 5.386e+01
s>        ( - -1.186e+04 2 0)
s>        ( - -2.881e+02 1 0))INFO: dtree.c(1315): Comp split 15
INFO: dtree.c(1315): Comp split 16
INFO: dtree.c(1439): stop. leaf nodes are specific
INFO: dtree.c(1478): Final simple tree
|( QUESTION18 -1 -3.963e+04 9.898e+01 1.775e+02
|    ( QUESTION2_15_L -1 -2.008e+03 9.047e+01 9.548e+00
|        ( - -1.109e+03 1 0)
|        ( - -8.090e+02 1 0))
|    ( - -3.752e+04 1 0))
s>    ( QUESTION18 -1 -3.963e+04 9.898e+01 1.775e+02
s>        ( QUESTION2_15_L -1 -2.008e+03 9.047e+01 9.548e+00
s>            ( - -1.109e+03 1 0)
s>            ( - -8.090e+02 1 0))
s>        ( - -3.752e+04 1 0))INFO: dtree.c(1315): Comp split 17
INFO: dtree.c(1439): stop. leaf nodes are specific
INFO: dtree.c(1478): Final simple tree
|( QUESTION1 -1 -2.815e+03 1.116e+02 1.300e+01
|    ( - -1.047e+03 1 0)
|    ( WDBNDRY_B 0 -1.657e+03 6.873e+01 8.000e+00
|        ( - -8.116e+02 1 0)
|        ( - -7.763e+02 1 0)))
s>    ( QUESTION1 -1 -2.815e+03 1.116e+02 1.300e+01
s>        ( - -1.047e+03 1 0)
s>        ( WDBNDRY_B 0 -1.657e+03 6.873e+01 8.000e+00
s>            ( - -8.116e+02 1 0)
s>            ( - -7.763e+02 1 0)))INFO: dtree.c(1439): stop. leaf nodes are specific
INFO: dtree.c(1478): Final simple tree
|( QUESTION2 -1 -2.447e+04 1.309e+02 1.086e+02
|    ( - -3.388e+02 1 0)
|    ( WDBNDRY_B 0 -2.400e+04 1.130e+02 1.066e+02
|        ( - -4.286e+03 1 0)
|        ( - -1.960e+04 1 0)))
s>    ( QUESTION2 -1 -2.447e+04 1.309e+02 1.086e+02
s>        ( - -3.388e+02 1 0)
s>        ( WDBNDRY_B 0 -2.400e+04 1.130e+02 1.066e+02
s>            ( - -4.286e+03 1 0)
s>            ( - -1.960e+04 1 0)))INFO: dtree.c(1315): Comp split 18
INFO: dtree.c(1439): stop. leaf nodes are specific
INFO: dtree.c(1478): Final simple tree
|( QUESTION2_14_L -1 -1.452e+04 1.068e+02 6.409e+01
|    ( - -1.386e+04 1 0)
|    ( - -5.609e+02 1 0))
s>    ( QUESTION2_14_L -1 -1.452e+04 1.068e+02 6.409e+01
s>        ( - -1.386e+04 1 0)
s>        ( - -5.609e+02 1 0))INFO: dtree.c(1315): Comp split 19
INFO: dtree.c(1439): stop. leaf nodes are specific
INFO: dtree.c(1478): Final simple tree
|( WDBNDRY_B 0 -4.441e+04 1.284e+02 1.945e+02
|    ( - -1.437e+04 1 0)
|    ( - -2.991e+04 1 0))
s>    ( WDBNDRY_B 0 -4.441e+04 1.284e+02 1.945e+02
s>        ( - -1.437e+04 1 0)
s>        ( - -2.991e+04 1 0))INFO: dtree.c(1315): Comp split 20
INFO: dtree.c(1315): Comp split 21
INFO: dtree.c(1315): Comp split 22
INFO: dtree.c(1315): Comp split 23
INFO: dtree.c(1439): stop. leaf nodes are specific
INFO: dtree.c(1478): Final simple tree
|( QUESTION2_19_L -1 -3.785e+04 1.526e+02 1.648e+02
|    ( - -2.927e+02 1 0)
|    ( QUESTION1 -1 -3.741e+04 1.316e+02 1.628e+02
|        ( - -1.022e+03 1 0)
|        ( QUESTION13 -1 -3.626e+04 1.347e+02 1.578e+02
|            ( - -8.090e+03 1 0)
|            ( WDBNDRY_B 0 -2.803e+04 1.081e+02 1.214e+02
|                ( - -2.934e+03 1 0)
|                ( - -2.499e+04 2 0)))))
s>    ( QUESTION2_19_L -1 -3.785e+04 1.526e+02 1.648e+02
s>        ( - -2.927e+02 1 0)
s>        ( QUESTION1 -1 -3.741e+04 1.316e+02 1.628e+02
s>            ( - -1.022e+03 1 0)
s>            ( QUESTION13 -1 -3.626e+04 1.347e+02 1.578e+02
s>                ( - -8.090e+03 1 0)
s>                ( WDBNDRY_B 0 -2.803e+04 1.081e+02 1.214e+02
s>                    ( - -2.934e+03 1 0)
s>                    ( - -2.499e+04 2 0)))))INFO: dtree.c(1315): Comp split 24
INFO: dtree.c(1439): stop. leaf nodes are specific
INFO: dtree.c(1478): Final simple tree
|( QUESTION1 -1 -3.741e+04 1.316e+02 1.628e+02
|    ( - -1.022e+03 1 0)
|    ( QUESTION13 -1 -3.626e+04 1.347e+02 1.578e+02
|        ( - -8.090e+03 1 0)
|        ( WDBNDRY_B 0 -2.803e+04 1.081e+02 1.214e+02
|            ( - -2.934e+03 1 0)
|            ( - -2.499e+04 2 0))))
s>    ( QUESTION1 -1 -3.741e+04 1.316e+02 1.628e+02
s>        ( - -1.022e+03 1 0)
s>        ( QUESTION13 -1 -3.626e+04 1.347e+02 1.578e+02
s>            ( - -8.090e+03 1 0)
s>            ( WDBNDRY_B 0 -2.803e+04 1.081e+02 1.214e+02
s>                ( - -2.934e+03 1 0)
s>                ( - -2.499e+04 2 0))))INFO: dtree.c(1315): Comp split 25
INFO: dtree.c(1439): stop. leaf nodes are specific
INFO: dtree.c(1478): Final simple tree
|( WDBNDRY_B 0 -2.803e+04 1.081e+02 1.214e+02
|    ( - -2.934e+03 1 0)
|    ( - -2.499e+04 2 0))
s>    ( WDBNDRY_B 0 -2.803e+04 1.081e+02 1.214e+02
s>        ( - -2.934e+03 1 0)
s>        ( - -2.499e+04 2 0))INFO: dtree.c(1439): stop. leaf nodes are specific
INFO: dtree.c(1478): Final simple tree
|( QUESTION0 -1 -9.231e+03 1.186e+02 4.139e+01
|    ( - -1.022e+03 1 0)
|    ( - -8.090e+03 1 0))
s>    ( QUESTION0 -1 -9.231e+03 1.186e+02 4.139e+01
s>        ( - -1.022e+03 1 0)
s>        ( - -8.090e+03 1 0))INFO: dtree.c(1315): Comp split 26
INFO: dtree.c(1439): stop. leaf nodes are specific
INFO: dtree.c(1478): Final simple tree
|( WDBNDRY_B 0 -2.400e+04 1.130e+02 1.066e+02
|    ( - -4.286e+03 1 0)
|    ( - -1.960e+04 1 0))
s>    ( WDBNDRY_B 0 -2.400e+04 1.130e+02 1.066e+02
s>        ( - -4.286e+03 1 0)
s>        ( - -1.960e+04 1 0))INFO: dtree.c(1315): Comp split 27
INFO: dtree.c(1315): Comp split 28
INFO: dtree.c(1315): Comp split 29
INFO: dtree.c(1315): Comp split 30
INFO: dtree.c(1315): Comp split 31
INFO: dtree.c(1439): stop. leaf nodes are specific
INFO: dtree.c(1478): Final simple tree
|( WDBNDRY_B 0 -1.657e+03 6.873e+01 8.000e+00
|    ( - -8.116e+02 1 0)
|    ( - -7.763e+02 1 0))
s>    ( WDBNDRY_B 0 -1.657e+03 6.873e+01 8.000e+00
s>        ( - -8.116e+02 1 0)
s>        ( - -7.763e+02 1 0))INFO: dtree.c(1315): Comp split 32
INFO: dtree.c(1315): Comp split 33
INFO: dtree.c(1315): Comp split 34
INFO: dtree.c(1439): stop. leaf nodes are specific
INFO: dtree.c(1478): Final simple tree
|( QUESTION2_15_L -1 -2.008e+03 9.047e+01 9.548e+00
|    ( - -1.109e+03 1 0)
|    ( - -8.090e+02 1 0))
s>    ( QUESTION2_15_L -1 -2.008e+03 9.047e+01 9.548e+00
s>        ( - -1.109e+03 1 0)
s>        ( - -8.090e+02 1 0))INFO: dtree.c(1315): Comp split 35
INFO: dtree.c(1315): Comp split 36
INFO: dtree.c(1315): Comp split 37
INFO: dtree.c(1318): stop. leaf nodes are specific
Sun Mar 19 21:50:49 2017
