Current configuration:
[NAME]		[DEFLT]	[VALUE]
-allphones	no	no
-cntthresh	0.00001	1.000000e-05
-csplitmax	100	2000
-csplitmin	1	1
-csplitthr	8e-4	0.000000e+00
-example	no	no
-fullvar	no	no
-help		no	no
-meanfn			/home/ilya/Рабочий стол/lab_sphinx/ru_base/model_parameters/ru_base.cd_cont_untied/means
-mixwfn			/home/ilya/Рабочий стол/lab_sphinx/ru_base/model_parameters/ru_base.cd_cont_untied/mixture_weights
-moddeffn		/home/ilya/Рабочий стол/lab_sphinx/ru_base/model_architecture/ru_base.untied.mdef
-mwfloor	1e-4	1.000000e-08
-phone			sh
-psetfn			/home/ilya/Рабочий стол/lab_sphinx/ru_base/model_architecture/ru_base.tree_questions
-ssplitmax	5	7
-ssplitmin	1	1
-ssplitthr	8e-4	0.000000e+00
-state			2
-stwt			1.0,0.05,0.0,
-treefn			/home/ilya/Рабочий стол/lab_sphinx/ru_base/trees/ru_base.unpruned/sh-2.dtree
-ts2cbfn	.semi.	.cont.
-varfloor	0.00001	1.000000e-05
-varfn			/home/ilya/Рабочий стол/lab_sphinx/ru_base/model_parameters/ru_base.cd_cont_untied/variances

INFO: main.c(223): Reading: /home/ilya/Рабочий стол/lab_sphinx/ru_base/model_architecture/ru_base.untied.mdef
INFO: model_def_io.c(573): Model definition info:
INFO: model_def_io.c(574): 9415 total models defined (43 base, 9372 tri)
INFO: model_def_io.c(575): 37660 total states
INFO: model_def_io.c(576): 28245 total tied states
INFO: model_def_io.c(577): 129 total tied CI states
INFO: model_def_io.c(578): 43 total tied transition matrices
INFO: model_def_io.c(579): 4 max state/model
INFO: model_def_io.c(580): 4 min state/model
INFO: main.c(242): Building trees for [sh SIL a0 b] through [sh z t b]
INFO: main.c(269): Covering states |[21003 21371]| == 369
INFO: main.c(275): Reading: /home/ilya/Рабочий стол/lab_sphinx/ru_base/model_parameters/ru_base.cd_cont_untied/mixture_weights
INFO: s3mixw_io.c(173): Read /home/ilya/Рабочий стол/lab_sphinx/ru_base/model_parameters/ru_base.cd_cont_untied/mixture_weights [369x1x1 array]
INFO: main.c(311): 123 of 123 models have observation count greater than 0.000010
INFO: main.c(95): nrm stwt: 0.000 0.048 0.952 
INFO: s3gau_io.c(169): Read /home/ilya/Рабочий стол/lab_sphinx/ru_base/model_parameters/ru_base.cd_cont_untied/means [28245x1x1 array]
INFO: s3gau_io.c(169): Read /home/ilya/Рабочий стол/lab_sphinx/ru_base/model_parameters/ru_base.cd_cont_untied/variances [28245x1x1 array]
INFO: main.c(549): Reading: /home/ilya/Рабочий стол/lab_sphinx/ru_base/model_architecture/ru_base.tree_questions
INFO: main.c(588): 180 total simple questions (172 phone; 8 word bndry)
INFO: main.c(590): 42 Left Only questions, and 42 Right Only questions
INFO: dtree.c(1478): Final simple tree
|( QUESTION0_13_R 1 -1.943e+06 6.154e+03 8.238e+03
|    ( QUESTION0_14_R 1 -1.580e+06 2.933e+03 6.683e+03
|        ( QUESTION14 1 -5.694e+05 1.341e+03 2.415e+03
|            ( - -1.405e+05 12 0 QUESTION14 -1 5.719e+02 6.017e+02)
|            ( WDBNDRY_B 0 -4.275e+05 9.675e+02 1.814e+03
|                ( - -1.033e+05 9 0 QUESTION2_19_L -1 3.559e+02 4.439e+02)
|                ( - -3.233e+05 11 0 QUESTION2_16_L -1 6.388e+02 1.370e+03)))
|        ( QUESTION0_19_R 1 -1.007e+06 2.519e+03 4.267e+03
|            ( - -1.760e+05 8 0 QUESTION13 -1 3.309e+02 7.718e+02)
|            ( - -8.289e+05 44 0 WDBNDRY_I 0 9.070e+02 3.496e+03)))
|    ( QUESTION11 1 -3.575e+05 1.594e+03 1.555e+03
|        ( - -7.245e+04 10 0 QUESTION17 -1 5.974e+02 3.182e+02)
|        ( WDBNDRY_E 0 -2.834e+05 1.007e+03 1.237e+03
|            ( - -6.079e+04 15 0 QUESTION0_7_R 1 4.682e+02 2.678e+02)
|            ( - -2.216e+05 14 0 QUESTION0 -1 7.750e+02 9.690e+02))))
s>    ( QUESTION0_13_R 1 -1.943e+06 6.154e+03 8.238e+03
s>        ( QUESTION0_14_R 1 -1.580e+06 2.933e+03 6.683e+03
s>            ( QUESTION14 1 -5.694e+05 1.341e+03 2.415e+03
s>                ( - -1.405e+05 12 0 QUESTION14 -1 5.719e+02 6.017e+02)
s>                ( WDBNDRY_B 0 -4.275e+05 9.675e+02 1.814e+03
s>                    ( - -1.033e+05 9 0 QUESTION2_19_L -1 3.559e+02 4.439e+02)
s>                    ( - -3.233e+05 11 0 QUESTION2_16_L -1 6.388e+02 1.370e+03)))
s>            ( QUESTION0_19_R 1 -1.007e+06 2.519e+03 4.267e+03
s>                ( - -1.760e+05 8 0 QUESTION13 -1 3.309e+02 7.718e+02)
s>                ( - -8.289e+05 44 0 WDBNDRY_I 0 9.070e+02 3.496e+03)))
s>        ( QUESTION11 1 -3.575e+05 1.594e+03 1.555e+03
s>            ( - -7.245e+04 10 0 QUESTION17 -1 5.974e+02 3.182e+02)
s>            ( WDBNDRY_E 0 -2.834e+05 1.007e+03 1.237e+03
s>                ( - -6.079e+04 15 0 QUESTION0_7_R 1 4.682e+02 2.678e+02)
s>                ( - -2.216e+05 14 0 QUESTION0 -1 7.750e+02 9.690e+02))))INFO: dtree.c(1315): Comp split 0
INFO: dtree.c(1478): Final simple tree
|( QUESTION0_14_R 1 -1.580e+06 2.933e+03 6.683e+03
|    ( QUESTION14 1 -5.694e+05 1.341e+03 2.415e+03
|        ( - -1.405e+05 12 0 QUESTION14 -1 5.719e+02 6.017e+02)
|        ( WDBNDRY_B 0 -4.275e+05 9.675e+02 1.814e+03
|            ( - -1.033e+05 9 0 QUESTION2_19_L -1 3.559e+02 4.439e+02)
|            ( - -3.233e+05 11 0 QUESTION2_16_L -1 6.388e+02 1.370e+03)))
|    ( QUESTION0_19_R 1 -1.007e+06 2.519e+03 4.267e+03
|        ( - -1.760e+05 8 0 QUESTION13 -1 3.309e+02 7.718e+02)
|        ( WDBNDRY_I 0 -8.289e+05 9.070e+02 3.496e+03
|            ( QUESTION2_17_L -1 -5.689e+05 6.483e+02 2.405e+03
|                ( - -8.855e+04 3 0 QUESTION0 -1 2.984e+02 3.747e+02)
|                ( - -4.797e+05 24 0 QUESTION14 -1 7.467e+02 2.030e+03))
|            ( QUESTION20 1 -2.591e+05 9.086e+02 1.091e+03
|                ( - -8.903e+04 7 0 WDBNDRY_B 0 3.659e+02 3.772e+02)
|                ( - -1.692e+05 10 0 QUESTION20 -1 5.418e+02 7.135e+02)))))
s>    ( QUESTION0_14_R 1 -1.580e+06 2.933e+03 6.683e+03
s>        ( QUESTION14 1 -5.694e+05 1.341e+03 2.415e+03
s>            ( - -1.405e+05 12 0 QUESTION14 -1 5.719e+02 6.017e+02)
s>            ( WDBNDRY_B 0 -4.275e+05 9.675e+02 1.814e+03
s>                ( - -1.033e+05 9 0 QUESTION2_19_L -1 3.559e+02 4.439e+02)
s>                ( - -3.233e+05 11 0 QUESTION2_16_L -1 6.388e+02 1.370e+03)))
s>        ( QUESTION0_19_R 1 -1.007e+06 2.519e+03 4.267e+03
s>            ( - -1.760e+05 8 0 QUESTION13 -1 3.309e+02 7.718e+02)
s>            ( WDBNDRY_I 0 -8.289e+05 9.070e+02 3.496e+03
s>                ( QUESTION2_17_L -1 -5.689e+05 6.483e+02 2.405e+03
s>                    ( - -8.855e+04 3 0 QUESTION0 -1 2.984e+02 3.747e+02)
s>                    ( - -4.797e+05 24 0 QUESTION14 -1 7.467e+02 2.030e+03))
s>                ( QUESTION20 1 -2.591e+05 9.086e+02 1.091e+03
s>                    ( - -8.903e+04 7 0 WDBNDRY_B 0 3.659e+02 3.772e+02)
s>                    ( - -1.692e+05 10 0 QUESTION20 -1 5.418e+02 7.135e+02)))))INFO: dtree.c(1478): Final simple tree
|( QUESTION11 1 -3.575e+05 1.594e+03 1.555e+03
|    ( QUESTION17 -1 -7.245e+04 5.974e+02 3.182e+02
|        ( - -2.053e+04 4 0 QUESTION18 -1 1.949e+02 9.119e+01)
|        ( - -5.133e+04 6 0 QUESTION2_14_L -1 1.806e+02 2.270e+02))
|    ( WDBNDRY_E 0 -2.834e+05 1.007e+03 1.237e+03
|        ( QUESTION0_7_R 1 -6.079e+04 4.682e+02 2.678e+02
|            ( - 2.095e+02 1 0)
|            ( - -6.053e+04 14 0 QUESTION4 1 4.547e+02 2.668e+02))
|        ( QUESTION0 -1 -2.216e+05 7.750e+02 9.690e+02
|            ( - -4.611e+04 3 0 WDBNDRY_B 0 2.713e+02 2.083e+02)
|            ( QUESTION0_2_R 1 -1.748e+05 7.958e+02 7.607e+02
|                ( WDBNDRY_B 0 -9.535e+04 6.904e+02 4.202e+02
|                    ( - -3.550e+04 2 0 QUESTION16 -1 1.293e+02 1.587e+02)
|                    ( - -5.916e+04 2 0 QUESTION14 -1 4.280e+02 2.615e+02))
|                ( - -7.862e+04 7 0 QUESTION18 -1 3.237e+02 3.405e+02)))))
s>    ( QUESTION11 1 -3.575e+05 1.594e+03 1.555e+03
s>        ( QUESTION17 -1 -7.245e+04 5.974e+02 3.182e+02
s>            ( - -2.053e+04 4 0 QUESTION18 -1 1.949e+02 9.119e+01)
s>            ( - -5.133e+04 6 0 QUESTION2_14_L -1 1.806e+02 2.270e+02))
s>        ( WDBNDRY_E 0 -2.834e+05 1.007e+03 1.237e+03
s>            ( QUESTION0_7_R 1 -6.079e+04 4.682e+02 2.678e+02
s>                ( - 2.095e+02 1 0)
s>                ( - -6.053e+04 14 0 QUESTION4 1 4.547e+02 2.668e+02))
s>            ( QUESTION0 -1 -2.216e+05 7.750e+02 9.690e+02
s>                ( - -4.611e+04 3 0 WDBNDRY_B 0 2.713e+02 2.083e+02)
s>                ( QUESTION0_2_R 1 -1.748e+05 7.958e+02 7.607e+02
s>                    ( WDBNDRY_B 0 -9.535e+04 6.904e+02 4.202e+02
s>                        ( - -3.550e+04 2 0 QUESTION16 -1 1.293e+02 1.587e+02)
s>                        ( - -5.916e+04 2 0 QUESTION14 -1 4.280e+02 2.615e+02))
s>                    ( - -7.862e+04 7 0 QUESTION18 -1 3.237e+02 3.405e+02)))))INFO: dtree.c(1315): Comp split 1
INFO: dtree.c(1478): Final simple tree
|( QUESTION14 1 -6.589e+05 1.305e+03 2.793e+03
|    ( QUESTION14 -1 -1.405e+05 5.719e+02 6.017e+02
|        ( - -5.588e+04 4 0 QUESTION2_14_L -1 2.204e+02 2.357e+02)
|        ( - -8.401e+04 8 0 QUESTION19 -1 2.230e+02 3.661e+02))
|    ( WDBNDRY_I 0 -5.171e+05 8.705e+02 2.191e+03
|        ( QUESTION2_16_L -1 -3.196e+05 6.405e+02 1.354e+03
|            ( - -6.492e+04 2 0 QUESTION14 -1 1.977e+02 2.760e+02)
|            ( - -2.540e+05 7 0 QUESTION14 -1 2.677e+02 1.078e+03))
|        ( QUESTION0_14_R 1 -1.967e+05 6.546e+02 8.371e+02
|            ( QUESTION2_19_L -1 -1.070e+05 3.422e+02 4.599e+02
|                ( - -3.757e+04 2 0 WDBNDRY_B 0 1.179e+02 1.646e+02)
|                ( - -6.910e+04 9 0 QUESTION13 -1 2.932e+02 2.953e+02))
|            ( WDBNDRY_B 0 -8.903e+04 3.659e+02 3.772e+02
|                ( - -7.735e+04 5 0 QUESTION16 -1 2.528e+02 3.279e+02)
|                ( - -1.132e+04 2 0 QUESTION20 -1 1.364e+02 4.933e+01)))))
s>    ( QUESTION14 1 -6.589e+05 1.305e+03 2.793e+03
s>        ( QUESTION14 -1 -1.405e+05 5.719e+02 6.017e+02
s>            ( - -5.588e+04 4 0 QUESTION2_14_L -1 2.204e+02 2.357e+02)
s>            ( - -8.401e+04 8 0 QUESTION19 -1 2.230e+02 3.661e+02))
s>        ( WDBNDRY_I 0 -5.171e+05 8.705e+02 2.191e+03
s>            ( QUESTION2_16_L -1 -3.196e+05 6.405e+02 1.354e+03
s>                ( - -6.492e+04 2 0 QUESTION14 -1 1.977e+02 2.760e+02)
s>                ( - -2.540e+05 7 0 QUESTION14 -1 2.677e+02 1.078e+03))
s>            ( QUESTION0_14_R 1 -1.967e+05 6.546e+02 8.371e+02
s>                ( QUESTION2_19_L -1 -1.070e+05 3.422e+02 4.599e+02
s>                    ( - -3.757e+04 2 0 WDBNDRY_B 0 1.179e+02 1.646e+02)
s>                    ( - -6.910e+04 9 0 QUESTION13 -1 2.932e+02 2.953e+02))
s>                ( WDBNDRY_B 0 -8.903e+04 3.659e+02 3.772e+02
s>                    ( - -7.735e+04 5 0 QUESTION16 -1 2.528e+02 3.279e+02)
s>                    ( - -1.132e+04 2 0 QUESTION20 -1 1.364e+02 4.933e+01)))))INFO: dtree.c(1478): Final simple tree
|( QUESTION0_19_R 1 -9.176e+05 2.484e+03 3.890e+03
|    ( - -1.760e+05 8 0 QUESTION13 -1 3.309e+02 7.718e+02)
|    ( WDBNDRY_I 0 -7.391e+05 1.028e+03 3.118e+03
|        ( QUESTION2_17_L -1 -5.689e+05 6.483e+02 2.405e+03
|            ( - -8.855e+04 3 0 QUESTION0 -1 2.984e+02 3.747e+02)
|            ( QUESTION14 -1 -4.797e+05 7.467e+02 2.030e+03
|                ( QUESTION2_20_L -1 -2.102e+05 6.377e+02 8.935e+02
|                    ( - -1.321e+05 3 0 QUESTION20 1 2.681e+02 5.691e+02)
|                    ( - -7.744e+04 5 0 QUESTION2_16_L -1 3.199e+02 3.243e+02))
|                ( QUESTION20 1 -2.687e+05 5.890e+02 1.137e+03
|                    ( - -1.313e+05 9 0 QUESTION19 -1 3.823e+02 5.551e+02)
|                    ( QUESTION16 -1 -1.369e+05 7.837e+02 5.816e+02
|                        ( - -7.302e+04 2 0)
|                        ( - -6.305e+04 5 0 QUESTION2_20_L -1 4.017e+02 2.708e+02)))))
|        ( - -1.692e+05 10 0 QUESTION20 -1 5.418e+02 7.135e+02)))
s>    ( QUESTION0_19_R 1 -9.176e+05 2.484e+03 3.890e+03
s>        ( - -1.760e+05 8 0 QUESTION13 -1 3.309e+02 7.718e+02)
s>        ( WDBNDRY_I 0 -7.391e+05 1.028e+03 3.118e+03
s>            ( QUESTION2_17_L -1 -5.689e+05 6.483e+02 2.405e+03
s>                ( - -8.855e+04 3 0 QUESTION0 -1 2.984e+02 3.747e+02)
s>                ( QUESTION14 -1 -4.797e+05 7.467e+02 2.030e+03
s>                    ( QUESTION2_20_L -1 -2.102e+05 6.377e+02 8.935e+02
s>                        ( - -1.321e+05 3 0 QUESTION20 1 2.681e+02 5.691e+02)
s>                        ( - -7.744e+04 5 0 QUESTION2_16_L -1 3.199e+02 3.243e+02))
s>                    ( QUESTION20 1 -2.687e+05 5.890e+02 1.137e+03
s>                        ( - -1.313e+05 9 0 QUESTION19 -1 3.823e+02 5.551e+02)
s>                        ( QUESTION16 -1 -1.369e+05 7.837e+02 5.816e+02
s>                            ( - -7.302e+04 2 0)
s>                            ( - -6.305e+04 5 0 QUESTION2_20_L -1 4.017e+02 2.708e+02)))))
s>            ( - -1.692e+05 10 0 QUESTION20 -1 5.418e+02 7.135e+02)))INFO: dtree.c(1315): Comp split 2
INFO: dtree.c(1478): Final simple tree
|( WDBNDRY_I 0 -7.391e+05 1.028e+03 3.118e+03
|    ( QUESTION2_17_L -1 -5.689e+05 6.483e+02 2.405e+03
|        ( - -8.855e+04 3 0 QUESTION0 -1 2.984e+02 3.747e+02)
|        ( QUESTION14 -1 -4.797e+05 7.467e+02 2.030e+03
|            ( QUESTION2_20_L -1 -2.102e+05 6.377e+02 8.935e+02
|                ( - -1.321e+05 3 0 QUESTION20 1 2.681e+02 5.691e+02)
|                ( - -7.744e+04 5 0 QUESTION2_16_L -1 3.199e+02 3.243e+02))
|            ( QUESTION20 1 -2.687e+05 5.890e+02 1.137e+03
|                ( - -1.313e+05 9 0 QUESTION19 -1 3.823e+02 5.551e+02)
|                ( QUESTION16 -1 -1.369e+05 7.837e+02 5.816e+02
|                    ( - -7.302e+04 2 0)
|                    ( - -6.305e+04 5 0 QUESTION2_20_L -1 4.017e+02 2.708e+02)))))
|    ( QUESTION20 -1 -1.692e+05 5.418e+02 7.135e+02
|        ( - -3.260e+04 1 0)
|        ( - -1.361e+05 9 0 QUESTION16 -1 5.534e+02 5.717e+02)))
s>    ( WDBNDRY_I 0 -7.391e+05 1.028e+03 3.118e+03
s>        ( QUESTION2_17_L -1 -5.689e+05 6.483e+02 2.405e+03
s>            ( - -8.855e+04 3 0 QUESTION0 -1 2.984e+02 3.747e+02)
s>            ( QUESTION14 -1 -4.797e+05 7.467e+02 2.030e+03
s>                ( QUESTION2_20_L -1 -2.102e+05 6.377e+02 8.935e+02
s>                    ( - -1.321e+05 3 0 QUESTION20 1 2.681e+02 5.691e+02)
s>                    ( - -7.744e+04 5 0 QUESTION2_16_L -1 3.199e+02 3.243e+02))
s>                ( QUESTION20 1 -2.687e+05 5.890e+02 1.137e+03
s>                    ( - -1.313e+05 9 0 QUESTION19 -1 3.823e+02 5.551e+02)
s>                    ( QUESTION16 -1 -1.369e+05 7.837e+02 5.816e+02
s>                        ( - -7.302e+04 2 0)
s>                        ( - -6.305e+04 5 0 QUESTION2_20_L -1 4.017e+02 2.708e+02)))))
s>        ( QUESTION20 -1 -1.692e+05 5.418e+02 7.135e+02
s>            ( - -3.260e+04 1 0)
s>            ( - -1.361e+05 9 0 QUESTION16 -1 5.534e+02 5.717e+02)))INFO: dtree.c(1439): stop. leaf nodes are specific
INFO: dtree.c(1478): Final simple tree
|( QUESTION13 -1 -1.760e+05 3.309e+02 7.718e+02
|    ( WDBNDRY_B 0 -9.135e+04 2.263e+02 4.020e+02
|        ( QUESTION2_14_L -1 -4.424e+04 1.633e+02 1.967e+02
|            ( - -8.445e+03 1 0)
|            ( - -3.563e+04 1 0))
|        ( QUESTION16 -1 -4.688e+04 1.168e+02 2.053e+02
|            ( - -4.442e+04 2 0)
|            ( - -2.345e+03 1 0)))
|    ( QUESTION2_13_L -1 -8.435e+04 1.673e+02 3.698e+02
|        ( - -3.913e+04 1 0)
|        ( SILENCE -1 -4.505e+04 1.387e+02 1.962e+02
|            ( - -3.826e+04 1 0)
|            ( - -6.657e+03 1 0))))
s>    ( QUESTION13 -1 -1.760e+05 3.309e+02 7.718e+02
s>        ( WDBNDRY_B 0 -9.135e+04 2.263e+02 4.020e+02
s>            ( QUESTION2_14_L -1 -4.424e+04 1.633e+02 1.967e+02
s>                ( - -8.445e+03 1 0)
s>                ( - -3.563e+04 1 0))
s>            ( QUESTION16 -1 -4.688e+04 1.168e+02 2.053e+02
s>                ( - -4.442e+04 2 0)
s>                ( - -2.345e+03 1 0)))
s>        ( QUESTION2_13_L -1 -8.435e+04 1.673e+02 3.698e+02
s>            ( - -3.913e+04 1 0)
s>            ( SILENCE -1 -4.505e+04 1.387e+02 1.962e+02
s>                ( - -3.826e+04 1 0)
s>                ( - -6.657e+03 1 0))))INFO: dtree.c(1315): Comp split 3
INFO: dtree.c(1478): Final simple tree
|( QUESTION17 -1 -1.939e+05 9.800e+02 8.464e+02
|    ( QUESTION11 1 -8.134e+04 5.260e+02 3.570e+02
|        ( - -2.053e+04 4 0 QUESTION18 -1 1.949e+02 9.119e+01)
|        ( QUESTION18 -1 -6.029e+04 2.548e+02 2.658e+02
|            ( - -3.499e+04 1 0)
|            ( SILENCE 1 -2.505e+04 2.317e+02 1.094e+02
|                ( - -9.787e+03 2 0 QUESTION20 -1 1.117e+02 4.368e+01)
|                ( - -1.503e+04 10 0 QUESTION0_1_R 1 1.513e+02 6.568e+01))))
|    ( QUESTION11 1 -1.115e+05 7.986e+02 4.895e+02
|        ( - -5.133e+04 6 0 QUESTION2_14_L -1 1.806e+02 2.270e+02)
|        ( WDBNDRY_E 0 -5.940e+04 4.635e+02 2.625e+02
|            ( - 2.181e+02 1 0)
|            ( QUESTION14 -1 -5.916e+04 4.280e+02 2.615e+02
|                ( - -1.576e+04 1 0)
|                ( - -4.297e+04 1 0)))))
s>    ( QUESTION17 -1 -1.939e+05 9.800e+02 8.464e+02
s>        ( QUESTION11 1 -8.134e+04 5.260e+02 3.570e+02
s>            ( - -2.053e+04 4 0 QUESTION18 -1 1.949e+02 9.119e+01)
s>            ( QUESTION18 -1 -6.029e+04 2.548e+02 2.658e+02
s>                ( - -3.499e+04 1 0)
s>                ( SILENCE 1 -2.505e+04 2.317e+02 1.094e+02
s>                    ( - -9.787e+03 2 0 QUESTION20 -1 1.117e+02 4.368e+01)
s>                    ( - -1.503e+04 10 0 QUESTION0_1_R 1 1.513e+02 6.568e+01))))
s>        ( QUESTION11 1 -1.115e+05 7.986e+02 4.895e+02
s>            ( - -5.133e+04 6 0 QUESTION2_14_L -1 1.806e+02 2.270e+02)
s>            ( WDBNDRY_E 0 -5.940e+04 4.635e+02 2.625e+02
s>                ( - 2.181e+02 1 0)
s>                ( QUESTION14 -1 -5.916e+04 4.280e+02 2.615e+02
s>                    ( - -1.576e+04 1 0)
s>                    ( - -4.297e+04 1 0)))))INFO: dtree.c(1478): Final simple tree
|( QUESTION0_3_R 1 -1.616e+05 7.488e+02 7.085e+02
|    ( QUESTION18 -1 -7.862e+04 3.237e+02 3.405e+02
|        ( - -2.399e+04 1 0)
|        ( QUESTION16 -1 -5.431e+04 2.016e+02 2.347e+02
|            ( - -3.074e+04 3 0)
|            ( QUESTION14 -1 -2.337e+04 1.730e+02 1.024e+02
|                ( - -2.244e+04 2 0)
|                ( - -7.597e+02 1 0))))
|    ( WDBNDRY_E 0 -8.221e+04 4.585e+02 3.680e+02
|        ( - 2.095e+02 1 0)
|        ( QUESTION0 -1 -8.196e+04 3.452e+02 3.670e+02
|            ( WDBNDRY_B 0 -4.611e+04 2.713e+02 2.083e+02
|                ( - -2.477e+04 2 0 QUESTION4 -1 1.306e+02 1.131e+02)
|                ( - -2.107e+04 1 0))
|            ( - -3.550e+04 2 0 QUESTION16 -1 1.293e+02 1.587e+02))))
s>    ( QUESTION0_3_R 1 -1.616e+05 7.488e+02 7.085e+02
s>        ( QUESTION18 -1 -7.862e+04 3.237e+02 3.405e+02
s>            ( - -2.399e+04 1 0)
s>            ( QUESTION16 -1 -5.431e+04 2.016e+02 2.347e+02
s>                ( - -3.074e+04 3 0)
s>                ( QUESTION14 -1 -2.337e+04 1.730e+02 1.024e+02
s>                    ( - -2.244e+04 2 0)
s>                    ( - -7.597e+02 1 0))))
s>        ( WDBNDRY_E 0 -8.221e+04 4.585e+02 3.680e+02
s>            ( - 2.095e+02 1 0)
s>            ( QUESTION0 -1 -8.196e+04 3.452e+02 3.670e+02
s>                ( WDBNDRY_B 0 -4.611e+04 2.713e+02 2.083e+02
s>                    ( - -2.477e+04 2 0 QUESTION4 -1 1.306e+02 1.131e+02)
s>                    ( - -2.107e+04 1 0))
s>                ( - -3.550e+04 2 0 QUESTION16 -1 1.293e+02 1.587e+02))))INFO: dtree.c(1315): Comp split 4
INFO: dtree.c(1478): Final simple tree
|( QUESTION2_14_L -1 -3.105e+05 6.217e+02 1.309e+03
|    ( WDBNDRY_B 0 -1.142e+05 4.603e+02 4.829e+02
|        ( - -3.341e+04 2 0 QUESTION14 -1 1.740e+02 1.448e+02)
|        ( QUESTION14 -1 -8.037e+04 3.682e+02 3.381e+02
|            ( QUESTION20 1 -6.729e+04 2.822e+02 2.827e+02
|                ( - -2.871e+04 2 0 QUESTION2_15_L -1 1.151e+02 1.212e+02)
|                ( - -3.830e+04 2 0 QUESTION2_15_L -1 2.242e+02 1.615e+02))
|            ( - -1.271e+04 2 0 QUESTION18 -1 1.397e+02 5.534e+01)))
|    ( QUESTION16 -1 -1.957e+05 5.300e+02 8.258e+02
|        ( - -5.984e+04 2 0 WDBNDRY_B 0 1.195e+02 2.537e+02)
|        ( QUESTION15 -1 -1.353e+05 3.712e+02 5.721e+02
|            ( - -6.663e+04 2 0 WDBNDRY_B 0 1.621e+02 2.853e+02)
|            ( QUESTION3 -1 -6.830e+04 3.311e+02 2.868e+02
|                ( - -2.861e+04 1 0)
|                ( - -3.936e+04 7 0 SILENCE -1 2.751e+02 1.657e+02)))))
s>    ( QUESTION2_14_L -1 -3.105e+05 6.217e+02 1.309e+03
s>        ( WDBNDRY_B 0 -1.142e+05 4.603e+02 4.829e+02
s>            ( - -3.341e+04 2 0 QUESTION14 -1 1.740e+02 1.448e+02)
s>            ( QUESTION14 -1 -8.037e+04 3.682e+02 3.381e+02
s>                ( QUESTION20 1 -6.729e+04 2.822e+02 2.827e+02
s>                    ( - -2.871e+04 2 0 QUESTION2_15_L -1 1.151e+02 1.212e+02)
s>                    ( - -3.830e+04 2 0 QUESTION2_15_L -1 2.242e+02 1.615e+02))
s>                ( - -1.271e+04 2 0 QUESTION18 -1 1.397e+02 5.534e+01)))
s>        ( QUESTION16 -1 -1.957e+05 5.300e+02 8.258e+02
s>            ( - -5.984e+04 2 0 WDBNDRY_B 0 1.195e+02 2.537e+02)
s>            ( QUESTION15 -1 -1.353e+05 3.712e+02 5.721e+02
s>                ( - -6.663e+04 2 0 WDBNDRY_B 0 1.621e+02 2.853e+02)
s>                ( QUESTION3 -1 -6.830e+04 3.311e+02 2.868e+02
s>                    ( - -2.861e+04 1 0)
s>                    ( - -3.936e+04 7 0 SILENCE -1 2.751e+02 1.657e+02)))))INFO: dtree.c(1478): Final simple tree
|( QUESTION20 1 -4.269e+05 6.432e+02 1.810e+03
|    ( QUESTION14 -1 -2.931e+05 5.396e+02 1.246e+03
|        ( QUESTION2_14_L -1 -1.443e+05 7.275e+02 6.199e+02
|            ( - -3.748e+04 1 0)
|            ( - -1.061e+05 1 0))
|        ( QUESTION19 -1 -1.482e+05 3.721e+02 6.256e+02
|            ( - -4.481e+04 1 0)
|            ( QUESTION12 -1 -1.031e+05 2.951e+02 4.333e+02
|                ( - -2.753e+04 2 0)
|                ( - -7.524e+04 7 0 QUESTION2_17_L -1 2.245e+02 3.133e+02))))
|    ( QUESTION14 -1 -1.332e+05 3.652e+02 5.642e+02
|        ( QUESTION2_14_L -1 -5.980e+04 2.869e+02 2.534e+02
|            ( - -3.373e+04 1 0)
|            ( - -2.578e+04 2 0))
|        ( - -7.302e+04 2 0)))
s>    ( QUESTION20 1 -4.269e+05 6.432e+02 1.810e+03
s>        ( QUESTION14 -1 -2.931e+05 5.396e+02 1.246e+03
s>            ( QUESTION2_14_L -1 -1.443e+05 7.275e+02 6.199e+02
s>                ( - -3.748e+04 1 0)
s>                ( - -1.061e+05 1 0))
s>            ( QUESTION19 -1 -1.482e+05 3.721e+02 6.256e+02
s>                ( - -4.481e+04 1 0)
s>                ( QUESTION12 -1 -1.031e+05 2.951e+02 4.333e+02
s>                    ( - -2.753e+04 2 0)
s>                    ( - -7.524e+04 7 0 QUESTION2_17_L -1 2.245e+02 3.133e+02))))
s>        ( QUESTION14 -1 -1.332e+05 3.652e+02 5.642e+02
s>            ( QUESTION2_14_L -1 -5.980e+04 2.869e+02 2.534e+02
s>                ( - -3.373e+04 1 0)
s>                ( - -2.578e+04 2 0))
s>            ( - -7.302e+04 2 0)))INFO: dtree.c(1315): Comp split 5
INFO: dtree.c(1478): Final simple tree
|( WDBNDRY_B 0 -2.621e+05 6.259e+02 1.113e+03
|    ( QUESTION0_14_R 1 -1.812e+05 6.364e+02 7.718e+02
|        ( QUESTION2_19_L -1 -1.033e+05 3.559e+02 4.439e+02
|            ( - -3.614e+04 1 0)
|            ( QUESTION13 -1 -6.677e+04 2.830e+02 2.853e+02
|                ( - -3.383e+04 6 0 QUESTION17 -1 1.626e+02 1.451e+02)
|                ( SILENCE -1 -3.266e+04 1.996e+02 1.402e+02
|                    ( - -2.270e+02 1 0)
|                    ( - -3.223e+04 1 0))))
|        ( QUESTION16 -1 -7.735e+04 2.528e+02 3.279e+02
|            ( - -3.051e+04 2 0)
|            ( - -4.658e+04 3 0 QUESTION2_17_L -1 1.476e+02 1.979e+02)))
|    ( QUESTION18 -1 -8.024e+04 2.772e+02 3.413e+02
|        ( - -5.144e+04 1 0)
|        ( - -2.852e+04 5 0 QUESTION0_14_R 1 1.752e+02 1.221e+02)))
s>    ( WDBNDRY_B 0 -2.621e+05 6.259e+02 1.113e+03
s>        ( QUESTION0_14_R 1 -1.812e+05 6.364e+02 7.718e+02
s>            ( QUESTION2_19_L -1 -1.033e+05 3.559e+02 4.439e+02
s>                ( - -3.614e+04 1 0)
s>                ( QUESTION13 -1 -6.677e+04 2.830e+02 2.853e+02
s>                    ( - -3.383e+04 6 0 QUESTION17 -1 1.626e+02 1.451e+02)
s>                    ( SILENCE -1 -3.266e+04 1.996e+02 1.402e+02
s>                        ( - -2.270e+02 1 0)
s>                        ( - -3.223e+04 1 0))))
s>            ( QUESTION16 -1 -7.735e+04 2.528e+02 3.279e+02
s>                ( - -3.051e+04 2 0)
s>                ( - -4.658e+04 3 0 QUESTION2_17_L -1 1.476e+02 1.979e+02)))
s>        ( QUESTION18 -1 -8.024e+04 2.772e+02 3.413e+02
s>            ( - -5.144e+04 1 0)
s>            ( - -2.852e+04 5 0 QUESTION0_14_R 1 1.752e+02 1.221e+02)))INFO: dtree.c(1478): Final simple tree
|( QUESTION14 1 -3.953e+05 7.877e+02 1.680e+03
|    ( QUESTION14 -1 -1.405e+05 5.719e+02 6.017e+02
|        ( QUESTION2_14_L -1 -5.588e+04 2.204e+02 2.357e+02
|            ( - -3.305e+04 3 0 QUESTION2_15_L -1 1.151e+02 1.386e+02)
|            ( - -2.261e+04 1 0))
|        ( QUESTION19 -1 -8.401e+04 2.230e+02 3.661e+02
|            ( - -8.257e+03 2 0 WDBNDRY_B 0 1.224e+02 3.620e+01)
|            ( WDBNDRY_B 0 -7.553e+04 1.358e+02 3.299e+02
|                ( - -8.464e+02 1 0)
|                ( QUESTION16 -1 -7.455e+04 1.271e+02 3.259e+02
|                    ( - -7.211e+04 4 0)
|                    ( - -2.319e+03 1 0)))))
|    ( QUESTION14 -1 -2.540e+05 2.677e+02 1.078e+03
|        ( - -6.593e+04 2 0)
|        ( - -1.878e+05 5 0 QUESTION0 -1 1.229e+02 7.997e+02)))
s>    ( QUESTION14 1 -3.953e+05 7.877e+02 1.680e+03
s>        ( QUESTION14 -1 -1.405e+05 5.719e+02 6.017e+02
s>            ( QUESTION2_14_L -1 -5.588e+04 2.204e+02 2.357e+02
s>                ( - -3.305e+04 3 0 QUESTION2_15_L -1 1.151e+02 1.386e+02)
s>                ( - -2.261e+04 1 0))
s>            ( QUESTION19 -1 -8.401e+04 2.230e+02 3.661e+02
s>                ( - -8.257e+03 2 0 WDBNDRY_B 0 1.224e+02 3.620e+01)
s>                ( WDBNDRY_B 0 -7.553e+04 1.358e+02 3.299e+02
s>                    ( - -8.464e+02 1 0)
s>                    ( QUESTION16 -1 -7.455e+04 1.271e+02 3.259e+02
s>                        ( - -7.211e+04 4 0)
s>                        ( - -2.319e+03 1 0)))))
s>        ( QUESTION14 -1 -2.540e+05 2.677e+02 1.078e+03
s>            ( - -6.593e+04 2 0)
s>            ( - -1.878e+05 5 0 QUESTION0 -1 1.229e+02 7.997e+02)))INFO: dtree.c(1315): Comp split 6
INFO: dtree.c(1478): Final simple tree
|( QUESTION14 -1 -2.809e+05 5.145e+02 1.195e+03
|    ( QUESTION20 1 -1.321e+05 2.681e+02 5.691e+02
|        ( - -1.061e+05 1 0)
|        ( - -2.578e+04 2 0))
|    ( QUESTION19 -1 -1.482e+05 3.721e+02 6.256e+02
|        ( - -4.481e+04 1 0)
|        ( QUESTION12 -1 -1.031e+05 2.951e+02 4.333e+02
|            ( - -2.753e+04 2 0)
|            ( QUESTION2_17_L -1 -7.524e+04 2.245e+02 3.133e+02
|                ( - -1.676e+04 1 0)
|                ( QUESTION16 -1 -5.826e+04 2.655e+02 2.428e+02
|                    ( - -4.773e+04 2 0)
|                    ( QUESTION10 -1 -1.027e+04 1.374e+02 4.352e+01
|                        ( - -5.746e+03 2 0)
|                        ( - -4.383e+03 2 0 QUESTION0 -1 1.186e+02 1.897e+01)))))))
s>    ( QUESTION14 -1 -2.809e+05 5.145e+02 1.195e+03
s>        ( QUESTION20 1 -1.321e+05 2.681e+02 5.691e+02
s>            ( - -1.061e+05 1 0)
s>            ( - -2.578e+04 2 0))
s>        ( QUESTION19 -1 -1.482e+05 3.721e+02 6.256e+02
s>            ( - -4.481e+04 1 0)
s>            ( QUESTION12 -1 -1.031e+05 2.951e+02 4.333e+02
s>                ( - -2.753e+04 2 0)
s>                ( QUESTION2_17_L -1 -7.524e+04 2.245e+02 3.133e+02
s>                    ( - -1.676e+04 1 0)
s>                    ( QUESTION16 -1 -5.826e+04 2.655e+02 2.428e+02
s>                        ( - -4.773e+04 2 0)
s>                        ( QUESTION10 -1 -1.027e+04 1.374e+02 4.352e+01
s>                            ( - -5.746e+03 2 0)
s>                            ( - -4.383e+03 2 0 QUESTION0 -1 1.186e+02 1.897e+01)))))))INFO: dtree.c(1439): stop. leaf nodes are specific
INFO: dtree.c(1478): Final simple tree
|( QUESTION14 -1 -1.449e+05 3.889e+02 6.150e+02
|    ( QUESTION20 1 -7.149e+04 2.774e+02 3.042e+02
|        ( - -3.748e+04 1 0)
|        ( - -3.373e+04 1 0))
|    ( - -7.302e+04 2 0))
s>    ( QUESTION14 -1 -1.449e+05 3.889e+02 6.150e+02
s>        ( QUESTION20 1 -7.149e+04 2.774e+02 3.042e+02
s>            ( - -3.748e+04 1 0)
s>            ( - -3.373e+04 1 0))
s>        ( - -7.302e+04 2 0))INFO: dtree.c(1315): Comp split 7
INFO: dtree.c(1439): stop. leaf nodes are specific
INFO: dtree.c(1478): Final simple tree
|( QUESTION11 1 -6.746e+04 3.709e+02 2.983e+02
|    ( QUESTION2_14_L -1 -5.133e+04 1.806e+02 2.270e+02
|        ( WDBNDRY_E 0 -3.708e+03 8.140e+01 1.700e+01
|            ( - -1.894e+03 1 0)
|            ( - -1.733e+03 1 0))
|        ( WDBNDRY_E 0 -4.744e+04 1.734e+02 2.100e+02
|            ( - -7.188e+02 1 0)
|            ( WDBNDRY_B 0 -4.655e+04 1.105e+02 2.060e+02
|                ( - -5.008e+03 1 0)
|                ( - -4.143e+04 2 0))))
|    ( - -1.576e+04 1 0))
s>    ( QUESTION11 1 -6.746e+04 3.709e+02 2.983e+02
s>        ( QUESTION2_14_L -1 -5.133e+04 1.806e+02 2.270e+02
s>            ( WDBNDRY_E 0 -3.708e+03 8.140e+01 1.700e+01
s>                ( - -1.894e+03 1 0)
s>                ( - -1.733e+03 1 0))
s>            ( WDBNDRY_E 0 -4.744e+04 1.734e+02 2.100e+02
s>                ( - -7.188e+02 1 0)
s>                ( WDBNDRY_B 0 -4.655e+04 1.105e+02 2.060e+02
s>                    ( - -5.008e+03 1 0)
s>                    ( - -4.143e+04 2 0))))
s>        ( - -1.576e+04 1 0))INFO: dtree.c(1478): Final simple tree
|( QUESTION16 -1 -1.253e+05 7.580e+02 5.482e+02
|    ( WDBNDRY_E 0 -4.321e+04 4.641e+02 1.912e+02
|        ( - 2.181e+02 1 0)
|        ( - -4.297e+04 1 0))
|    ( QUESTION11 1 -8.134e+04 5.260e+02 3.570e+02
|        ( QUESTION18 -1 -2.053e+04 1.949e+02 9.119e+01
|            ( - -2.998e+02 1 0)
|            ( - -2.003e+04 3 0 WDBNDRY_E 0 1.432e+02 8.919e+01))
|        ( QUESTION18 -1 -6.029e+04 2.548e+02 2.658e+02
|            ( - -3.499e+04 1 0)
|            ( SILENCE 1 -2.505e+04 2.317e+02 1.094e+02
|                ( - -9.787e+03 2 0 QUESTION20 -1 1.117e+02 4.368e+01)
|                ( QUESTION0_1_R 1 -1.503e+04 1.513e+02 6.568e+01
|                    ( - -1.385e+04 9 0 QUESTION0_4_R 1 1.155e+02 6.068e+01)
|                    ( - -1.026e+03 1 0))))))
s>    ( QUESTION16 -1 -1.253e+05 7.580e+02 5.482e+02
s>        ( WDBNDRY_E 0 -4.321e+04 4.641e+02 1.912e+02
s>            ( - 2.181e+02 1 0)
s>            ( - -4.297e+04 1 0))
s>        ( QUESTION11 1 -8.134e+04 5.260e+02 3.570e+02
s>            ( QUESTION18 -1 -2.053e+04 1.949e+02 9.119e+01
s>                ( - -2.998e+02 1 0)
s>                ( - -2.003e+04 3 0 WDBNDRY_E 0 1.432e+02 8.919e+01))
s>            ( QUESTION18 -1 -6.029e+04 2.548e+02 2.658e+02
s>                ( - -3.499e+04 1 0)
s>                ( SILENCE 1 -2.505e+04 2.317e+02 1.094e+02
s>                    ( - -9.787e+03 2 0 QUESTION20 -1 1.117e+02 4.368e+01)
s>                    ( QUESTION0_1_R 1 -1.503e+04 1.513e+02 6.568e+01
s>                        ( - -1.385e+04 9 0 QUESTION0_4_R 1 1.155e+02 6.068e+01)
s>                        ( - -1.026e+03 1 0))))))INFO: dtree.c(1315): Comp split 8
INFO: dtree.c(1439): stop. leaf nodes are specific
INFO: dtree.c(1478): Final simple tree
|( QUESTION0 -1 -9.539e+04 1.562e+02 4.065e+02
|    ( - -2.861e+04 1 0)
|    ( WDBNDRY_B 0 -6.663e+04 1.621e+02 2.853e+02
|        ( - -3.468e+04 1 0)
|        ( - -3.179e+04 1 0)))
s>    ( QUESTION0 -1 -9.539e+04 1.562e+02 4.065e+02
s>        ( - -2.861e+04 1 0)
s>        ( WDBNDRY_B 0 -6.663e+04 1.621e+02 2.853e+02
s>            ( - -3.468e+04 1 0)
s>            ( - -3.179e+04 1 0)))INFO: dtree.c(1478): Final simple tree
|( QUESTION19 -1 -2.143e+05 4.778e+02 9.022e+02
|    ( - -3.334e+04 2 0 WDBNDRY_B 0 1.770e+02 1.448e+02)
|    ( QUESTION16 -1 -1.804e+05 4.431e+02 7.574e+02
|        ( - -5.984e+04 2 0 WDBNDRY_B 0 1.195e+02 2.537e+02)
|        ( QUESTION20 1 -1.202e+05 4.238e+02 5.037e+02
|            ( - -2.871e+04 2 0 QUESTION2_15_L -1 1.151e+02 1.212e+02)
|            ( SILENCE -1 -9.101e+04 3.091e+02 3.826e+02
|                ( - -6.371e+03 1 0)
|                ( QUESTION15 -1 -8.433e+04 2.819e+02 3.555e+02
|                    ( - -1.202e+04 1 0)
|                    ( QUESTION2_16_L -1 -7.204e+04 2.748e+02 3.031e+02
|                        ( - -1.931e+04 2 0 WDBNDRY_B 0 2.044e+02 8.160e+01)
|                        ( QUESTION11 -1 -5.246e+04 2.075e+02 2.215e+02
|                            ( - -5.697e+03 1 0)
|                            ( - -4.655e+04 6 0 QUESTION2_9_L -1 1.688e+02 1.969e+02))))))))
s>    ( QUESTION19 -1 -2.143e+05 4.778e+02 9.022e+02
s>        ( - -3.334e+04 2 0 WDBNDRY_B 0 1.770e+02 1.448e+02)
s>        ( QUESTION16 -1 -1.804e+05 4.431e+02 7.574e+02
s>            ( - -5.984e+04 2 0 WDBNDRY_B 0 1.195e+02 2.537e+02)
s>            ( QUESTION20 1 -1.202e+05 4.238e+02 5.037e+02
s>                ( - -2.871e+04 2 0 QUESTION2_15_L -1 1.151e+02 1.212e+02)
s>                ( SILENCE -1 -9.101e+04 3.091e+02 3.826e+02
s>                    ( - -6.371e+03 1 0)
s>                    ( QUESTION15 -1 -8.433e+04 2.819e+02 3.555e+02
s>                        ( - -1.202e+04 1 0)
s>                        ( QUESTION2_16_L -1 -7.204e+04 2.748e+02 3.031e+02
s>                            ( - -1.931e+04 2 0 WDBNDRY_B 0 2.044e+02 8.160e+01)
s>                            ( QUESTION11 -1 -5.246e+04 2.075e+02 2.215e+02
s>                                ( - -5.697e+03 1 0)
s>                                ( - -4.655e+04 6 0 QUESTION2_9_L -1 1.688e+02 1.969e+02))))))))INFO: dtree.c(1315): Comp split 9
INFO: dtree.c(1478): Final simple tree
|( QUESTION4 1 -6.053e+04 4.547e+02 2.668e+02
|    ( - 2.181e+02 1 0)
|    ( QUESTION18 -1 -6.029e+04 2.548e+02 2.658e+02
|        ( - -3.499e+04 1 0)
|        ( SILENCE 1 -2.505e+04 2.317e+02 1.094e+02
|            ( - -9.787e+03 2 0 QUESTION20 -1 1.117e+02 4.368e+01)
|            ( QUESTION0_1_R 1 -1.503e+04 1.513e+02 6.568e+01
|                ( QUESTION0_4_R 1 -1.385e+04 1.155e+02 6.068e+01
|                    ( QUESTION20 -1 -7.419e+03 1.417e+02 3.267e+01
|                        ( - -3.830e+03 1 0)
|                        ( - -3.448e+03 1 0))
|                    ( QUESTION0 1 -6.317e+03 4.541e+02 2.801e+01
|                        ( - -6.080e+03 6 0 QUESTION0_2_R 1 1.093e+02 2.701e+01)
|                        ( - 2.174e+02 1 0)))
|                ( - -1.026e+03 1 0)))))
s>    ( QUESTION4 1 -6.053e+04 4.547e+02 2.668e+02
s>        ( - 2.181e+02 1 0)
s>        ( QUESTION18 -1 -6.029e+04 2.548e+02 2.658e+02
s>            ( - -3.499e+04 1 0)
s>            ( SILENCE 1 -2.505e+04 2.317e+02 1.094e+02
s>                ( - -9.787e+03 2 0 QUESTION20 -1 1.117e+02 4.368e+01)
s>                ( QUESTION0_1_R 1 -1.503e+04 1.513e+02 6.568e+01
s>                    ( QUESTION0_4_R 1 -1.385e+04 1.155e+02 6.068e+01
s>                        ( QUESTION20 -1 -7.419e+03 1.417e+02 3.267e+01
s>                            ( - -3.830e+03 1 0)
s>                            ( - -3.448e+03 1 0))
s>                        ( QUESTION0 1 -6.317e+03 4.541e+02 2.801e+01
s>                            ( - -6.080e+03 6 0 QUESTION0_2_R 1 1.093e+02 2.701e+01)
s>                            ( - 2.174e+02 1 0)))
s>                    ( - -1.026e+03 1 0)))))INFO: dtree.c(1439): stop. leaf nodes are specific
INFO: dtree.c(1478): Final simple tree
|( QUESTION11 1 -6.398e+04 4.908e+02 2.814e+02
|    ( QUESTION18 -1 -2.053e+04 1.949e+02 9.119e+01
|        ( - -2.998e+02 1 0)
|        ( WDBNDRY_E 0 -2.003e+04 1.432e+02 8.919e+01
|            ( - -3.349e+03 1 0)
|            ( QUESTION20 -1 -1.654e+04 1.263e+02 7.413e+01
|                ( - -1.582e+04 1 0)
|                ( - -5.892e+02 1 0))))
|    ( - -4.297e+04 1 0))
s>    ( QUESTION11 1 -6.398e+04 4.908e+02 2.814e+02
s>        ( QUESTION18 -1 -2.053e+04 1.949e+02 9.119e+01
s>            ( - -2.998e+02 1 0)
s>            ( WDBNDRY_E 0 -2.003e+04 1.432e+02 8.919e+01
s>                ( - -3.349e+03 1 0)
s>                ( QUESTION20 -1 -1.654e+04 1.263e+02 7.413e+01
s>                    ( - -1.582e+04 1 0)
s>                    ( - -5.892e+02 1 0))))
s>        ( - -4.297e+04 1 0))INFO: dtree.c(1315): Comp split 10
INFO: dtree.c(1478): Final simple tree
|( QUESTION14 -1 -1.405e+05 5.719e+02 6.017e+02
|    ( QUESTION2_14_L -1 -5.588e+04 2.204e+02 2.357e+02
|        ( QUESTION2_15_L -1 -3.305e+04 1.151e+02 1.386e+02
|            ( - -3.093e+04 1 0)
|            ( - -2.000e+03 2 0))
|        ( - -2.261e+04 1 0))
|    ( QUESTION19 -1 -8.401e+04 2.230e+02 3.661e+02
|        ( WDBNDRY_B 0 -8.257e+03 1.224e+02 3.620e+01
|            ( - -6.619e+03 1 0)
|            ( - -1.516e+03 1 0))
|        ( WDBNDRY_B 0 -7.553e+04 1.358e+02 3.299e+02
|            ( - -8.464e+02 1 0)
|            ( QUESTION16 -1 -7.455e+04 1.271e+02 3.259e+02
|                ( - -7.211e+04 4 0)
|                ( - -2.319e+03 1 0)))))
s>    ( QUESTION14 -1 -1.405e+05 5.719e+02 6.017e+02
s>        ( QUESTION2_14_L -1 -5.588e+04 2.204e+02 2.357e+02
s>            ( QUESTION2_15_L -1 -3.305e+04 1.151e+02 1.386e+02
s>                ( - -3.093e+04 1 0)
s>                ( - -2.000e+03 2 0))
s>            ( - -2.261e+04 1 0))
s>        ( QUESTION19 -1 -8.401e+04 2.230e+02 3.661e+02
s>            ( WDBNDRY_B 0 -8.257e+03 1.224e+02 3.620e+01
s>                ( - -6.619e+03 1 0)
s>                ( - -1.516e+03 1 0))
s>            ( WDBNDRY_B 0 -7.553e+04 1.358e+02 3.299e+02
s>                ( - -8.464e+02 1 0)
s>                ( QUESTION16 -1 -7.455e+04 1.271e+02 3.259e+02
s>                    ( - -7.211e+04 4 0)
s>                    ( - -2.319e+03 1 0)))))INFO: dtree.c(1439): stop. leaf nodes are specific
INFO: dtree.c(1478): Final simple tree
|( QUESTION14 -1 -2.540e+05 2.677e+02 1.078e+03
|    ( - -6.593e+04 2 0)
|    ( QUESTION0 -1 -1.878e+05 1.229e+02 7.997e+02
|        ( - -8.138e+02 1 0)
|        ( - -1.869e+05 4 0)))
s>    ( QUESTION14 -1 -2.540e+05 2.677e+02 1.078e+03
s>        ( - -6.593e+04 2 0)
s>        ( QUESTION0 -1 -1.878e+05 1.229e+02 7.997e+02
s>            ( - -8.138e+02 1 0)
s>            ( - -1.869e+05 4 0)))INFO: dtree.c(1315): Comp split 11
INFO: dtree.c(1439): stop. leaf nodes are specific
INFO: dtree.c(1478): Final simple tree
|( WDBNDRY_E 0 -8.221e+04 4.585e+02 3.680e+02
|    ( - 2.095e+02 1 0)
|    ( QUESTION0 -1 -8.196e+04 3.452e+02 3.670e+02
|        ( WDBNDRY_B 0 -4.611e+04 2.713e+02 2.083e+02
|            ( QUESTION4 -1 -2.477e+04 1.306e+02 1.131e+02
|                ( - -2.404e+04 1 0)
|                ( - -5.926e+02 1 0))
|            ( - -2.107e+04 1 0))
|        ( QUESTION16 -1 -3.550e+04 1.293e+02 1.587e+02
|            ( - -4.008e+03 1 0)
|            ( - -3.136e+04 1 0))))
s>    ( WDBNDRY_E 0 -8.221e+04 4.585e+02 3.680e+02
s>        ( - 2.095e+02 1 0)
s>        ( QUESTION0 -1 -8.196e+04 3.452e+02 3.670e+02
s>            ( WDBNDRY_B 0 -4.611e+04 2.713e+02 2.083e+02
s>                ( QUESTION4 -1 -2.477e+04 1.306e+02 1.131e+02
s>                    ( - -2.404e+04 1 0)
s>                    ( - -5.926e+02 1 0))
s>                ( - -2.107e+04 1 0))
s>            ( QUESTION16 -1 -3.550e+04 1.293e+02 1.587e+02
s>                ( - -4.008e+03 1 0)
s>                ( - -3.136e+04 1 0))))INFO: dtree.c(1439): stop. leaf nodes are specific
INFO: dtree.c(1478): Final simple tree
|( QUESTION18 -1 -7.862e+04 3.237e+02 3.405e+02
|    ( - -2.399e+04 1 0)
|    ( QUESTION16 -1 -5.431e+04 2.016e+02 2.347e+02
|        ( - -3.074e+04 3 0)
|        ( QUESTION14 -1 -2.337e+04 1.730e+02 1.024e+02
|            ( - -2.244e+04 2 0)
|            ( - -7.597e+02 1 0))))
s>    ( QUESTION18 -1 -7.862e+04 3.237e+02 3.405e+02
s>        ( - -2.399e+04 1 0)
s>        ( QUESTION16 -1 -5.431e+04 2.016e+02 2.347e+02
s>            ( - -3.074e+04 3 0)
s>            ( QUESTION14 -1 -2.337e+04 1.730e+02 1.024e+02
s>                ( - -2.244e+04 2 0)
s>                ( - -7.597e+02 1 0))))INFO: dtree.c(1315): Comp split 12
INFO: dtree.c(1439): stop. leaf nodes are specific
INFO: dtree.c(1478): Final simple tree
|( QUESTION0 -1 -6.634e+04 2.803e+02 2.833e+02
|    ( - -3.223e+04 1 0)
|    ( QUESTION17 -1 -3.383e+04 1.626e+02 1.451e+02
|        ( - -2.273e+04 1 0)
|        ( QUESTION2_14_L -1 -1.094e+04 1.468e+02 4.679e+01
|            ( - -9.051e+02 1 0)
|            ( QUESTION14 -1 -9.889e+03 1.051e+02 4.279e+01
|                ( - -4.851e+03 2 0)
|                ( - -4.933e+03 2 0)))))
s>    ( QUESTION0 -1 -6.634e+04 2.803e+02 2.833e+02
s>        ( - -3.223e+04 1 0)
s>        ( QUESTION17 -1 -3.383e+04 1.626e+02 1.451e+02
s>            ( - -2.273e+04 1 0)
s>            ( QUESTION2_14_L -1 -1.094e+04 1.468e+02 4.679e+01
s>                ( - -9.051e+02 1 0)
s>                ( QUESTION14 -1 -9.889e+03 1.051e+02 4.279e+01
s>                    ( - -4.851e+03 2 0)
s>                    ( - -4.933e+03 2 0)))))INFO: dtree.c(1478): Final simple tree
|( WDBNDRY_B 0 -1.951e+05 6.041e+02 8.298e+02
|    ( QUESTION0_14_R 1 -1.142e+05 3.209e+02 4.885e+02
|        ( SILENCE -1 -3.656e+04 1.939e+02 1.606e+02
|            ( - -2.270e+02 1 0)
|            ( - -3.614e+04 1 0))
|        ( QUESTION16 -1 -7.735e+04 2.528e+02 3.279e+02
|            ( - -3.051e+04 2 0)
|            ( - -4.658e+04 3 0 QUESTION2_17_L -1 1.476e+02 1.979e+02)))
|    ( QUESTION18 -1 -8.024e+04 2.772e+02 3.413e+02
|        ( - -5.144e+04 1 0)
|        ( QUESTION0_14_R 1 -2.852e+04 1.752e+02 1.221e+02
|            ( QUESTION2_14_L -1 -1.703e+04 1.524e+02 7.281e+01
|                ( - -1.471e+04 2 0 WDBNDRY_E 0 1.154e+02 6.281e+01)
|                ( - -2.164e+03 1 0))
|            ( - -1.132e+04 2 0 QUESTION20 -1 1.364e+02 4.933e+01))))
s>    ( WDBNDRY_B 0 -1.951e+05 6.041e+02 8.298e+02
s>        ( QUESTION0_14_R 1 -1.142e+05 3.209e+02 4.885e+02
s>            ( SILENCE -1 -3.656e+04 1.939e+02 1.606e+02
s>                ( - -2.270e+02 1 0)
s>                ( - -3.614e+04 1 0))
s>            ( QUESTION16 -1 -7.735e+04 2.528e+02 3.279e+02
s>                ( - -3.051e+04 2 0)
s>                ( - -4.658e+04 3 0 QUESTION2_17_L -1 1.476e+02 1.979e+02)))
s>        ( QUESTION18 -1 -8.024e+04 2.772e+02 3.413e+02
s>            ( - -5.144e+04 1 0)
s>            ( QUESTION0_14_R 1 -2.852e+04 1.752e+02 1.221e+02
s>                ( QUESTION2_14_L -1 -1.703e+04 1.524e+02 7.281e+01
s>                    ( - -1.471e+04 2 0 WDBNDRY_E 0 1.154e+02 6.281e+01)
s>                    ( - -2.164e+03 1 0))
s>                ( - -1.132e+04 2 0 QUESTION20 -1 1.364e+02 4.933e+01))))INFO: dtree.c(1315): Comp split 13
INFO: dtree.c(1478): Final simple tree
|( QUESTION19 -1 -1.742e+05 3.869e+02 7.372e+02
|    ( - -4.481e+04 1 0)
|    ( QUESTION12 -1 -1.290e+05 2.645e+02 5.449e+02
|        ( - -2.753e+04 2 0)
|        ( QUESTION2_17_L -1 -1.012e+05 2.026e+02 4.249e+02
|            ( - -1.676e+04 1 0)
|            ( QUESTION2_20_L -1 -8.425e+04 2.412e+02 3.544e+02
|                ( QUESTION14 -1 -7.962e+04 1.979e+02 3.354e+02
|                    ( - -2.578e+04 2 0)
|                    ( QUESTION0 -1 -5.365e+04 1.735e+02 2.238e+02
|                        ( - -5.746e+03 2 0)
|                        ( - -4.773e+04 2 0)))
|                ( QUESTION0 -1 -4.383e+03 1.186e+02 1.897e+01
|                    ( - -1.296e+03 1 0)
|                    ( - -2.968e+03 1 0))))))
s>    ( QUESTION19 -1 -1.742e+05 3.869e+02 7.372e+02
s>        ( - -4.481e+04 1 0)
s>        ( QUESTION12 -1 -1.290e+05 2.645e+02 5.449e+02
s>            ( - -2.753e+04 2 0)
s>            ( QUESTION2_17_L -1 -1.012e+05 2.026e+02 4.249e+02
s>                ( - -1.676e+04 1 0)
s>                ( QUESTION2_20_L -1 -8.425e+04 2.412e+02 3.544e+02
s>                    ( QUESTION14 -1 -7.962e+04 1.979e+02 3.354e+02
s>                        ( - -2.578e+04 2 0)
s>                        ( QUESTION0 -1 -5.365e+04 1.735e+02 2.238e+02
s>                            ( - -5.746e+03 2 0)
s>                            ( - -4.773e+04 2 0)))
s>                    ( QUESTION0 -1 -4.383e+03 1.186e+02 1.897e+01
s>                        ( - -1.296e+03 1 0)
s>                        ( - -2.968e+03 1 0))))))INFO: dtree.c(1315): Comp split 14
INFO: dtree.c(1439): stop. leaf nodes are specific
INFO: dtree.c(1478): Final simple tree
|( QUESTION0_14_R 1 -1.165e+05 3.188e+02 4.985e+02
|    ( SILENCE -1 -3.886e+04 1.936e+02 1.706e+02
|        ( - -2.270e+02 1 0)
|        ( WDBNDRY_B 0 -3.844e+04 1.379e+02 1.686e+02
|            ( - -3.614e+04 1 0)
|            ( - -2.164e+03 1 0)))
|    ( QUESTION16 -1 -7.735e+04 2.528e+02 3.279e+02
|        ( - -3.051e+04 2 0)
|        ( QUESTION2_17_L -1 -4.658e+04 1.476e+02 1.979e+02
|            ( - -6.388e+02 1 0)
|            ( QUESTION14 -1 -4.579e+04 1.208e+02 1.949e+02
|                ( - -2.050e+04 1 0)
|                ( - -2.517e+04 1 0)))))
s>    ( QUESTION0_14_R 1 -1.165e+05 3.188e+02 4.985e+02
s>        ( SILENCE -1 -3.886e+04 1.936e+02 1.706e+02
s>            ( - -2.270e+02 1 0)
s>            ( WDBNDRY_B 0 -3.844e+04 1.379e+02 1.686e+02
s>                ( - -3.614e+04 1 0)
s>                ( - -2.164e+03 1 0)))
s>        ( QUESTION16 -1 -7.735e+04 2.528e+02 3.279e+02
s>            ( - -3.051e+04 2 0)
s>            ( QUESTION2_17_L -1 -4.658e+04 1.476e+02 1.979e+02
s>                ( - -6.388e+02 1 0)
s>                ( QUESTION14 -1 -4.579e+04 1.208e+02 1.949e+02
s>                    ( - -2.050e+04 1 0)
s>                    ( - -2.517e+04 1 0)))))INFO: dtree.c(1439): stop. leaf nodes are specific
INFO: dtree.c(1478): Final simple tree
|( QUESTION18 -1 -7.794e+04 2.841e+02 3.313e+02
|    ( - -5.144e+04 1 0)
|    ( QUESTION0_14_R 1 -2.621e+04 1.813e+02 1.121e+02
|        ( WDBNDRY_E 0 -1.471e+04 1.154e+02 6.281e+01
|            ( - -1.314e+03 1 0)
|            ( - -1.328e+04 1 0))
|        ( QUESTION20 -1 -1.132e+04 1.364e+02 4.933e+01
|            ( - -7.040e+03 1 0)
|            ( - -4.140e+03 1 0))))
s>    ( QUESTION18 -1 -7.794e+04 2.841e+02 3.313e+02
s>        ( - -5.144e+04 1 0)
s>        ( QUESTION0_14_R 1 -2.621e+04 1.813e+02 1.121e+02
s>            ( WDBNDRY_E 0 -1.471e+04 1.154e+02 6.281e+01
s>                ( - -1.314e+03 1 0)
s>                ( - -1.328e+04 1 0))
s>            ( QUESTION20 -1 -1.132e+04 1.364e+02 4.933e+01
s>                ( - -7.040e+03 1 0)
s>                ( - -4.140e+03 1 0))))INFO: dtree.c(1315): Comp split 15
INFO: dtree.c(1439): stop. leaf nodes are specific
INFO: dtree.c(1478): Final simple tree
|( QUESTION19 -1 -8.512e+04 2.196e+02 3.712e+02
|    ( WDBNDRY_B 0 -8.257e+03 1.224e+02 3.620e+01
|        ( - -6.619e+03 1 0)
|        ( - -1.516e+03 1 0))
|    ( QUESTION17 -1 -7.664e+04 1.263e+02 3.350e+02
|        ( - -2.319e+03 1 0)
|        ( QUESTION14 -1 -7.419e+04 8.624e+01 3.240e+02
|            ( - -2.000e+03 2 0)
|            ( - -7.211e+04 4 0))))
s>    ( QUESTION19 -1 -8.512e+04 2.196e+02 3.712e+02
s>        ( WDBNDRY_B 0 -8.257e+03 1.224e+02 3.620e+01
s>            ( - -6.619e+03 1 0)
s>            ( - -1.516e+03 1 0))
s>        ( QUESTION17 -1 -7.664e+04 1.263e+02 3.350e+02
s>            ( - -2.319e+03 1 0)
s>            ( QUESTION14 -1 -7.419e+04 8.624e+01 3.240e+02
s>                ( - -2.000e+03 2 0)
s>                ( - -7.211e+04 4 0))))INFO: dtree.c(1439): stop. leaf nodes are specific
INFO: dtree.c(1478): Final simple tree
|( QUESTION2_14_L -1 -5.475e+04 2.187e+02 2.305e+02
|    ( - -3.093e+04 1 0)
|    ( WDBNDRY_B 0 -2.360e+04 1.415e+02 1.011e+02
|        ( - -8.464e+02 1 0)
|        ( - -2.261e+04 1 0)))
s>    ( QUESTION2_14_L -1 -5.475e+04 2.187e+02 2.305e+02
s>        ( - -3.093e+04 1 0)
s>        ( WDBNDRY_B 0 -2.360e+04 1.415e+02 1.011e+02
s>            ( - -8.464e+02 1 0)
s>            ( - -2.261e+04 1 0)))INFO: dtree.c(1315): Comp split 16
INFO: dtree.c(1478): Final simple tree
|( SILENCE -1 -7.140e+04 2.907e+02 3.010e+02
|    ( - -6.371e+03 1 0)
|    ( QUESTION15 -1 -6.474e+04 2.637e+02 2.739e+02
|        ( - -1.202e+04 1 0)
|        ( QUESTION11 -1 -5.246e+04 2.075e+02 2.215e+02
|            ( - -5.697e+03 1 0)
|            ( QUESTION2_9_L -1 -4.655e+04 1.688e+02 1.969e+02
|                ( - -2.012e+03 1 0)
|                ( QUESTION2_12_L -1 -4.437e+04 1.541e+02 1.879e+02
|                    ( - -1.152e+04 2 0 WDBNDRY_B 0 1.341e+02 4.862e+01)
|                    ( WDBNDRY_B 0 -3.270e+04 1.414e+02 1.393e+02
|                        ( - -7.835e+02 1 0)
|                        ( QUESTION0 -1 -3.178e+04 1.357e+02 1.353e+02
|                            ( - -1.203e+04 1 0)
|                            ( - -1.961e+04 1 0))))))))
s>    ( SILENCE -1 -7.140e+04 2.907e+02 3.010e+02
s>        ( - -6.371e+03 1 0)
s>        ( QUESTION15 -1 -6.474e+04 2.637e+02 2.739e+02
s>            ( - -1.202e+04 1 0)
s>            ( QUESTION11 -1 -5.246e+04 2.075e+02 2.215e+02
s>                ( - -5.697e+03 1 0)
s>                ( QUESTION2_9_L -1 -4.655e+04 1.688e+02 1.969e+02
s>                    ( - -2.012e+03 1 0)
s>                    ( QUESTION2_12_L -1 -4.437e+04 1.541e+02 1.879e+02
s>                        ( - -1.152e+04 2 0 WDBNDRY_B 0 1.341e+02 4.862e+01)
s>                        ( WDBNDRY_B 0 -3.270e+04 1.414e+02 1.393e+02
s>                            ( - -7.835e+02 1 0)
s>                            ( QUESTION0 -1 -3.178e+04 1.357e+02 1.353e+02
s>                                ( - -1.203e+04 1 0)
s>                                ( - -1.961e+04 1 0))))))))INFO: dtree.c(1478): Final simple tree
|( QUESTION17 -1 -1.423e+05 4.923e+02 6.013e+02
|    ( WDBNDRY_B 0 -3.334e+04 1.770e+02 1.448e+02
|        ( - -3.260e+04 1 0)
|        ( - -5.583e+02 1 0))
|    ( WDBNDRY_I 0 -1.084e+05 3.472e+02 4.565e+02
|        ( QUESTION20 1 -4.741e+04 2.351e+02 1.998e+02
|            ( QUESTION2_15_L -1 -2.871e+04 1.151e+02 1.212e+02
|                ( - -1.337e+03 1 0)
|                ( - -2.726e+04 1 0))
|            ( - -1.847e+04 1 0))
|        ( QUESTION14 -1 -6.067e+04 1.880e+02 2.567e+02
|            ( - -6.355e+02 1 0)
|            ( WDBNDRY_B 0 -5.984e+04 1.195e+02 2.537e+02
|                ( - -5.660e+04 1 0)
|                ( - -3.122e+03 1 0)))))
s>    ( QUESTION17 -1 -1.423e+05 4.923e+02 6.013e+02
s>        ( WDBNDRY_B 0 -3.334e+04 1.770e+02 1.448e+02
s>            ( - -3.260e+04 1 0)
s>            ( - -5.583e+02 1 0))
s>        ( WDBNDRY_I 0 -1.084e+05 3.472e+02 4.565e+02
s>            ( QUESTION20 1 -4.741e+04 2.351e+02 1.998e+02
s>                ( QUESTION2_15_L -1 -2.871e+04 1.151e+02 1.212e+02
s>                    ( - -1.337e+03 1 0)
s>                    ( - -2.726e+04 1 0))
s>                ( - -1.847e+04 1 0))
s>            ( QUESTION14 -1 -6.067e+04 1.880e+02 2.567e+02
s>                ( - -6.355e+02 1 0)
s>                ( WDBNDRY_B 0 -5.984e+04 1.195e+02 2.537e+02
s>                    ( - -5.660e+04 1 0)
s>                    ( - -3.122e+03 1 0)))))INFO: dtree.c(1315): Comp split 17
INFO: dtree.c(1439): stop. leaf nodes are specific
INFO: dtree.c(1478): Final simple tree
|( WDBNDRY_B 0 -7.929e+04 2.659e+02 3.353e+02
|    ( - -5.660e+04 1 0)
|    ( QUESTION17 -1 -2.242e+04 1.692e+02 9.540e+01
|        ( - -5.583e+02 1 0)
|        ( WDBNDRY_E 0 -2.169e+04 1.055e+02 9.240e+01
|            ( - -3.122e+03 1 0)
|            ( - -1.847e+04 1 0))))
s>    ( WDBNDRY_B 0 -7.929e+04 2.659e+02 3.353e+02
s>        ( - -5.660e+04 1 0)
s>        ( QUESTION17 -1 -2.242e+04 1.692e+02 9.540e+01
s>            ( - -5.583e+02 1 0)
s>            ( WDBNDRY_E 0 -2.169e+04 1.055e+02 9.240e+01
s>                ( - -3.122e+03 1 0)
s>                ( - -1.847e+04 1 0))))INFO: dtree.c(1439): stop. leaf nodes are specific
INFO: dtree.c(1478): Final simple tree
|( WDBNDRY_B 0 -6.245e+04 3.236e+02 2.660e+02
|    ( QUESTION14 -1 -3.341e+04 1.740e+02 1.448e+02
|        ( - -6.355e+02 1 0)
|        ( - -3.260e+04 1 0))
|    ( QUESTION2_15_L -1 -2.871e+04 1.151e+02 1.212e+02
|        ( - -1.337e+03 1 0)
|        ( - -2.726e+04 1 0)))
s>    ( WDBNDRY_B 0 -6.245e+04 3.236e+02 2.660e+02
s>        ( QUESTION14 -1 -3.341e+04 1.740e+02 1.448e+02
s>            ( - -6.355e+02 1 0)
s>            ( - -3.260e+04 1 0))
s>        ( QUESTION2_15_L -1 -2.871e+04 1.151e+02 1.212e+02
s>            ( - -1.337e+03 1 0)
s>            ( - -2.726e+04 1 0)))INFO: dtree.c(1315): Comp split 18
INFO: dtree.c(1439): stop. leaf nodes are specific
INFO: dtree.c(1478): Final simple tree
|( QUESTION18 -1 -2.053e+04 1.949e+02 9.119e+01
|    ( - -2.998e+02 1 0)
|    ( WDBNDRY_E 0 -2.003e+04 1.432e+02 8.919e+01
|        ( - -3.349e+03 1 0)
|        ( QUESTION20 -1 -1.654e+04 1.263e+02 7.413e+01
|            ( - -1.582e+04 1 0)
|            ( - -5.892e+02 1 0))))
s>    ( QUESTION18 -1 -2.053e+04 1.949e+02 9.119e+01
s>        ( - -2.998e+02 1 0)
s>        ( WDBNDRY_E 0 -2.003e+04 1.432e+02 8.919e+01
s>            ( - -3.349e+03 1 0)
s>            ( QUESTION20 -1 -1.654e+04 1.263e+02 7.413e+01
s>                ( - -1.582e+04 1 0)
s>                ( - -5.892e+02 1 0))))INFO: dtree.c(1315): Comp split 19
INFO: dtree.c(1439): stop. leaf nodes are specific
INFO: dtree.c(1478): Final simple tree
|( QUESTION0 -1 -8.196e+04 3.452e+02 3.670e+02
|    ( WDBNDRY_B 0 -4.611e+04 2.713e+02 2.083e+02
|        ( QUESTION4 -1 -2.477e+04 1.306e+02 1.131e+02
|            ( - -2.404e+04 1 0)
|            ( - -5.926e+02 1 0))
|        ( - -2.107e+04 1 0))
|    ( QUESTION16 -1 -3.550e+04 1.293e+02 1.587e+02
|        ( - -4.008e+03 1 0)
|        ( - -3.136e+04 1 0)))
s>    ( QUESTION0 -1 -8.196e+04 3.452e+02 3.670e+02
s>        ( WDBNDRY_B 0 -4.611e+04 2.713e+02 2.083e+02
s>            ( QUESTION4 -1 -2.477e+04 1.306e+02 1.131e+02
s>                ( - -2.404e+04 1 0)
s>                ( - -5.926e+02 1 0))
s>            ( - -2.107e+04 1 0))
s>        ( QUESTION16 -1 -3.550e+04 1.293e+02 1.587e+02
s>            ( - -4.008e+03 1 0)
s>            ( - -3.136e+04 1 0)))INFO: dtree.c(1315): Comp split 20
INFO: dtree.c(1478): Final simple tree
|( QUESTION18 -1 -6.029e+04 2.548e+02 2.658e+02
|    ( - -3.499e+04 1 0)
|    ( SILENCE 1 -2.505e+04 2.317e+02 1.094e+02
|        ( QUESTION20 -1 -9.787e+03 1.117e+02 4.368e+01
|            ( - -1.229e+03 1 0)
|            ( - -8.447e+03 1 0))
|        ( QUESTION0_1_R 1 -1.503e+04 1.513e+02 6.568e+01
|            ( QUESTION0_4_R 1 -1.385e+04 1.155e+02 6.068e+01
|                ( QUESTION20 -1 -7.419e+03 1.417e+02 3.267e+01
|                    ( - -3.830e+03 1 0)
|                    ( - -3.448e+03 1 0))
|                ( QUESTION0 1 -6.317e+03 4.541e+02 2.801e+01
|                    ( - -6.080e+03 6 0 QUESTION0_2_R 1 1.093e+02 2.701e+01)
|                    ( - 2.174e+02 1 0)))
|            ( - -1.026e+03 1 0))))
s>    ( QUESTION18 -1 -6.029e+04 2.548e+02 2.658e+02
s>        ( - -3.499e+04 1 0)
s>        ( SILENCE 1 -2.505e+04 2.317e+02 1.094e+02
s>            ( QUESTION20 -1 -9.787e+03 1.117e+02 4.368e+01
s>                ( - -1.229e+03 1 0)
s>                ( - -8.447e+03 1 0))
s>            ( QUESTION0_1_R 1 -1.503e+04 1.513e+02 6.568e+01
s>                ( QUESTION0_4_R 1 -1.385e+04 1.155e+02 6.068e+01
s>                    ( QUESTION20 -1 -7.419e+03 1.417e+02 3.267e+01
s>                        ( - -3.830e+03 1 0)
s>                        ( - -3.448e+03 1 0))
s>                    ( QUESTION0 1 -6.317e+03 4.541e+02 2.801e+01
s>                        ( - -6.080e+03 6 0 QUESTION0_2_R 1 1.093e+02 2.701e+01)
s>                        ( - 2.174e+02 1 0)))
s>                ( - -1.026e+03 1 0))))INFO: dtree.c(1315): Comp split 21
INFO: dtree.c(1478): Final simple tree
|( QUESTION18 -1 -6.006e+04 2.525e+02 2.648e+02
|    ( - -3.499e+04 1 0)
|    ( SILENCE 1 -2.481e+04 2.332e+02 1.084e+02
|        ( QUESTION20 -1 -9.787e+03 1.117e+02 4.368e+01
|            ( - -1.229e+03 1 0)
|            ( - -8.447e+03 1 0))
|        ( QUESTION0_1_R 1 -1.479e+04 1.529e+02 6.468e+01
|            ( QUESTION0_4_R 1 -1.361e+04 1.148e+02 5.968e+01
|                ( QUESTION20 -1 -7.419e+03 1.417e+02 3.267e+01
|                    ( - -3.830e+03 1 0)
|                    ( - -3.448e+03 1 0))
|                ( QUESTION0_2_R 1 -6.080e+03 1.093e+02 2.701e+01
|                    ( - -3.626e+03 3 0 QUESTION20 -1 1.447e+02 1.600e+01)
|                    ( - -2.344e+03 3 0 QUESTION20 -1 2.004e+02 1.100e+01)))
|            ( - -1.026e+03 1 0))))
s>    ( QUESTION18 -1 -6.006e+04 2.525e+02 2.648e+02
s>        ( - -3.499e+04 1 0)
s>        ( SILENCE 1 -2.481e+04 2.332e+02 1.084e+02
s>            ( QUESTION20 -1 -9.787e+03 1.117e+02 4.368e+01
s>                ( - -1.229e+03 1 0)
s>                ( - -8.447e+03 1 0))
s>            ( QUESTION0_1_R 1 -1.479e+04 1.529e+02 6.468e+01
s>                ( QUESTION0_4_R 1 -1.361e+04 1.148e+02 5.968e+01
s>                    ( QUESTION20 -1 -7.419e+03 1.417e+02 3.267e+01
s>                        ( - -3.830e+03 1 0)
s>                        ( - -3.448e+03 1 0))
s>                    ( QUESTION0_2_R 1 -6.080e+03 1.093e+02 2.701e+01
s>                        ( - -3.626e+03 3 0 QUESTION20 -1 1.447e+02 1.600e+01)
s>                        ( - -2.344e+03 3 0 QUESTION20 -1 2.004e+02 1.100e+01)))
s>                ( - -1.026e+03 1 0))))INFO: dtree.c(1315): Comp split 22
INFO: dtree.c(1439): stop. leaf nodes are specific
INFO: dtree.c(1478): Final simple tree
|( QUESTION10 -1 -5.027e+04 2.073e+02 2.125e+02
|    ( WDBNDRY_B 0 -7.283e+03 1.292e+02 3.161e+01
|        ( - -1.458e+03 1 0)
|        ( - -5.697e+03 1 0))
|    ( QUESTION2_12_L -1 -4.278e+04 1.541e+02 1.809e+02
|        ( - -9.926e+03 1 0)
|        ( WDBNDRY_B 0 -3.270e+04 1.414e+02 1.393e+02
|            ( - -7.835e+02 1 0)
|            ( QUESTION0 -1 -3.178e+04 1.357e+02 1.353e+02
|                ( - -1.203e+04 1 0)
|                ( - -1.961e+04 1 0)))))
s>    ( QUESTION10 -1 -5.027e+04 2.073e+02 2.125e+02
s>        ( WDBNDRY_B 0 -7.283e+03 1.292e+02 3.161e+01
s>            ( - -1.458e+03 1 0)
s>            ( - -5.697e+03 1 0))
s>        ( QUESTION2_12_L -1 -4.278e+04 1.541e+02 1.809e+02
s>            ( - -9.926e+03 1 0)
s>            ( WDBNDRY_B 0 -3.270e+04 1.414e+02 1.393e+02
s>                ( - -7.835e+02 1 0)
s>                ( QUESTION0 -1 -3.178e+04 1.357e+02 1.353e+02
s>                    ( - -1.203e+04 1 0)
s>                    ( - -1.961e+04 1 0)))))INFO: dtree.c(1439): stop. leaf nodes are specific
INFO: dtree.c(1478): Final simple tree
|( WDBNDRY_B 0 -2.074e+04 2.042e+02 8.843e+01
|    ( SILENCE -1 -8.517e+03 1.343e+02 3.609e+01
|        ( - -6.371e+03 1 0)
|        ( - -2.012e+03 1 0))
|    ( - -1.202e+04 1 0))
s>    ( WDBNDRY_B 0 -2.074e+04 2.042e+02 8.843e+01
s>        ( SILENCE -1 -8.517e+03 1.343e+02 3.609e+01
s>            ( - -6.371e+03 1 0)
s>            ( - -2.012e+03 1 0))
s>        ( - -1.202e+04 1 0))INFO: dtree.c(1315): Comp split 23
INFO: dtree.c(1439): stop. leaf nodes are specific
INFO: dtree.c(1478): Final simple tree
|( QUESTION20 1 -7.149e+04 2.774e+02 3.042e+02
|    ( - -3.748e+04 1 0)
|    ( - -3.373e+04 1 0))
s>    ( QUESTION20 1 -7.149e+04 2.774e+02 3.042e+02
s>        ( - -3.748e+04 1 0)
s>        ( - -3.373e+04 1 0))INFO: dtree.c(1315): Comp split 24
INFO: dtree.c(1439): stop. leaf nodes are specific
INFO: dtree.c(1478): Final simple tree
|( QUESTION12 -1 -1.290e+05 2.645e+02 5.449e+02
|    ( - -2.753e+04 2 0)
|    ( QUESTION2_17_L -1 -1.012e+05 2.026e+02 4.249e+02
|        ( - -1.676e+04 1 0)
|        ( QUESTION2_20_L -1 -8.425e+04 2.412e+02 3.544e+02
|            ( QUESTION14 -1 -7.962e+04 1.979e+02 3.354e+02
|                ( - -2.578e+04 2 0)
|                ( QUESTION0 -1 -5.365e+04 1.735e+02 2.238e+02
|                    ( - -5.746e+03 2 0)
|                    ( - -4.773e+04 2 0)))
|            ( QUESTION0 -1 -4.383e+03 1.186e+02 1.897e+01
|                ( - -1.296e+03 1 0)
|                ( - -2.968e+03 1 0)))))
s>    ( QUESTION12 -1 -1.290e+05 2.645e+02 5.449e+02
s>        ( - -2.753e+04 2 0)
s>        ( QUESTION2_17_L -1 -1.012e+05 2.026e+02 4.249e+02
s>            ( - -1.676e+04 1 0)
s>            ( QUESTION2_20_L -1 -8.425e+04 2.412e+02 3.544e+02
s>                ( QUESTION14 -1 -7.962e+04 1.979e+02 3.354e+02
s>                    ( - -2.578e+04 2 0)
s>                    ( QUESTION0 -1 -5.365e+04 1.735e+02 2.238e+02
s>                        ( - -5.746e+03 2 0)
s>                        ( - -4.773e+04 2 0)))
s>                ( QUESTION0 -1 -4.383e+03 1.186e+02 1.897e+01
s>                    ( - -1.296e+03 1 0)
s>                    ( - -2.968e+03 1 0)))))INFO: dtree.c(1315): Comp split 25
INFO: dtree.c(1439): stop. leaf nodes are specific
INFO: dtree.c(1478): Final simple tree
|( QUESTION2_14_L -1 -5.133e+04 1.806e+02 2.270e+02
|    ( WDBNDRY_E 0 -3.708e+03 8.140e+01 1.700e+01
|        ( - -1.894e+03 1 0)
|        ( - -1.733e+03 1 0))
|    ( WDBNDRY_E 0 -4.744e+04 1.734e+02 2.100e+02
|        ( - -7.188e+02 1 0)
|        ( WDBNDRY_B 0 -4.655e+04 1.105e+02 2.060e+02
|            ( - -5.008e+03 1 0)
|            ( - -4.143e+04 2 0))))
s>    ( QUESTION2_14_L -1 -5.133e+04 1.806e+02 2.270e+02
s>        ( WDBNDRY_E 0 -3.708e+03 8.140e+01 1.700e+01
s>            ( - -1.894e+03 1 0)
s>            ( - -1.733e+03 1 0))
s>        ( WDBNDRY_E 0 -4.744e+04 1.734e+02 2.100e+02
s>            ( - -7.188e+02 1 0)
s>            ( WDBNDRY_B 0 -4.655e+04 1.105e+02 2.060e+02
s>                ( - -5.008e+03 1 0)
s>                ( - -4.143e+04 2 0))))INFO: dtree.c(1315): Comp split 26
INFO: dtree.c(1439): stop. leaf nodes are specific
INFO: dtree.c(1478): Final simple tree
|( WDBNDRY_B 0 -8.028e+04 2.351e+02 3.532e+02
|    ( - -3.563e+04 1 0)
|    ( - -4.442e+04 2 0))
s>    ( WDBNDRY_B 0 -8.028e+04 2.351e+02 3.532e+02
s>        ( - -3.563e+04 1 0)
s>        ( - -4.442e+04 2 0))INFO: dtree.c(1439): stop. leaf nodes are specific
INFO: dtree.c(1478): Final simple tree
|( QUESTION2_20_L -1 -9.538e+04 1.668e+02 4.185e+02
|    ( - -3.913e+04 1 0)
|    ( SILENCE -1 -5.608e+04 1.720e+02 2.450e+02
|        ( - -3.826e+04 1 0)
|        ( WDBNDRY_B 0 -1.765e+04 1.112e+02 7.843e+01
|            ( QUESTION0 -1 -1.520e+04 9.584e+01 6.743e+01
|                ( - -6.657e+03 1 0)
|                ( - -8.445e+03 1 0))
|            ( - -2.345e+03 1 0))))
s>    ( QUESTION2_20_L -1 -9.538e+04 1.668e+02 4.185e+02
s>        ( - -3.913e+04 1 0)
s>        ( SILENCE -1 -5.608e+04 1.720e+02 2.450e+02
s>            ( - -3.826e+04 1 0)
s>            ( WDBNDRY_B 0 -1.765e+04 1.112e+02 7.843e+01
s>                ( QUESTION0 -1 -1.520e+04 9.584e+01 6.743e+01
s>                    ( - -6.657e+03 1 0)
s>                    ( - -8.445e+03 1 0))
s>                ( - -2.345e+03 1 0))))INFO: dtree.c(1315): Comp split 27
INFO: dtree.c(1439): stop. leaf nodes are specific
INFO: dtree.c(1478): Final simple tree
|( WDBNDRY_B 0 -4.611e+04 2.713e+02 2.083e+02
|    ( QUESTION4 -1 -2.477e+04 1.306e+02 1.131e+02
|        ( - -2.404e+04 1 0)
|        ( - -5.926e+02 1 0))
|    ( - -2.107e+04 1 0))
s>    ( WDBNDRY_B 0 -4.611e+04 2.713e+02 2.083e+02
s>        ( QUESTION4 -1 -2.477e+04 1.306e+02 1.131e+02
s>            ( - -2.404e+04 1 0)
s>            ( - -5.926e+02 1 0))
s>        ( - -2.107e+04 1 0))INFO: dtree.c(1439): stop. leaf nodes are specific
INFO: dtree.c(1478): Final simple tree
|( QUESTION16 -1 -3.550e+04 1.293e+02 1.587e+02
|    ( - -4.008e+03 1 0)
|    ( - -3.136e+04 1 0))
s>    ( QUESTION16 -1 -3.550e+04 1.293e+02 1.587e+02
s>        ( - -4.008e+03 1 0)
s>        ( - -3.136e+04 1 0))INFO: dtree.c(1315): Comp split 28
INFO: dtree.c(1439): stop. leaf nodes are specific
INFO: dtree.c(1478): Final simple tree
|( QUESTION10 -1 -1.027e+04 1.374e+02 4.352e+01
|    ( - -5.746e+03 2 0)
|    ( QUESTION0 -1 -4.383e+03 1.186e+02 1.897e+01
|        ( - -1.296e+03 1 0)
|        ( - -2.968e+03 1 0)))
s>    ( QUESTION10 -1 -1.027e+04 1.374e+02 4.352e+01
s>        ( - -5.746e+03 2 0)
s>        ( QUESTION0 -1 -4.383e+03 1.186e+02 1.897e+01
s>            ( - -1.296e+03 1 0)
s>            ( - -2.968e+03 1 0)))INFO: dtree.c(1439): stop. leaf nodes are specific
INFO: dtree.c(1478): Final simple tree
|( QUESTION15 -1 -1.184e+05 2.439e+02 5.014e+02
|    ( - -4.773e+04 2 0)
|    ( QUESTION12 -1 -7.044e+04 2.141e+02 3.022e+02
|        ( - -2.753e+04 2 0)
|        ( QUESTION0 -1 -4.269e+04 1.550e+02 1.821e+02
|            ( - -1.676e+04 1 0)
|            ( - -2.578e+04 2 0))))
s>    ( QUESTION15 -1 -1.184e+05 2.439e+02 5.014e+02
s>        ( - -4.773e+04 2 0)
s>        ( QUESTION12 -1 -7.044e+04 2.141e+02 3.022e+02
s>            ( - -2.753e+04 2 0)
s>            ( QUESTION0 -1 -4.269e+04 1.550e+02 1.821e+02
s>                ( - -1.676e+04 1 0)
s>                ( - -2.578e+04 2 0))))INFO: dtree.c(1315): Comp split 29
INFO: dtree.c(1439): stop. leaf nodes are specific
INFO: dtree.c(1478): Final simple tree
|( QUESTION16 -1 -5.431e+04 2.016e+02 2.347e+02
|    ( - -3.074e+04 3 0)
|    ( QUESTION14 -1 -2.337e+04 1.730e+02 1.024e+02
|        ( - -2.244e+04 2 0)
|        ( - -7.597e+02 1 0)))
s>    ( QUESTION16 -1 -5.431e+04 2.016e+02 2.347e+02
s>        ( - -3.074e+04 3 0)
s>        ( QUESTION14 -1 -2.337e+04 1.730e+02 1.024e+02
s>            ( - -2.244e+04 2 0)
s>            ( - -7.597e+02 1 0)))INFO: dtree.c(1315): Comp split 30
INFO: dtree.c(1439): stop. leaf nodes are specific
INFO: dtree.c(1478): Final simple tree
|( QUESTION2_15_L -1 -2.871e+04 1.151e+02 1.212e+02
|    ( - -1.337e+03 1 0)
|    ( - -2.726e+04 1 0))
s>    ( QUESTION2_15_L -1 -2.871e+04 1.151e+02 1.212e+02
s>        ( - -1.337e+03 1 0)
s>        ( - -2.726e+04 1 0))INFO: dtree.c(1439): stop. leaf nodes are specific
INFO: dtree.c(1478): Final simple tree
|( QUESTION14 -1 -3.341e+04 1.740e+02 1.448e+02
|    ( - -6.355e+02 1 0)
|    ( - -3.260e+04 1 0))
s>    ( QUESTION14 -1 -3.341e+04 1.740e+02 1.448e+02
s>        ( - -6.355e+02 1 0)
s>        ( - -3.260e+04 1 0))INFO: dtree.c(1315): Comp split 31
INFO: dtree.c(1439): stop. leaf nodes are specific
INFO: dtree.c(1478): Final simple tree
|( QUESTION16 -1 -7.735e+04 2.528e+02 3.279e+02
|    ( - -3.051e+04 2 0)
|    ( QUESTION2_17_L -1 -4.658e+04 1.476e+02 1.979e+02
|        ( - -6.388e+02 1 0)
|        ( QUESTION14 -1 -4.579e+04 1.208e+02 1.949e+02
|            ( - -2.050e+04 1 0)
|            ( - -2.517e+04 1 0))))
s>    ( QUESTION16 -1 -7.735e+04 2.528e+02 3.279e+02
s>        ( - -3.051e+04 2 0)
s>        ( QUESTION2_17_L -1 -4.658e+04 1.476e+02 1.979e+02
s>            ( - -6.388e+02 1 0)
s>            ( QUESTION14 -1 -4.579e+04 1.208e+02 1.949e+02
s>                ( - -2.050e+04 1 0)
s>                ( - -2.517e+04 1 0))))INFO: dtree.c(1439): stop. leaf nodes are specific
INFO: dtree.c(1478): Final simple tree
|( SILENCE -1 -3.886e+04 1.936e+02 1.706e+02
|    ( - -2.270e+02 1 0)
|    ( WDBNDRY_B 0 -3.844e+04 1.379e+02 1.686e+02
|        ( - -3.614e+04 1 0)
|        ( - -2.164e+03 1 0)))
s>    ( SILENCE -1 -3.886e+04 1.936e+02 1.706e+02
s>        ( - -2.270e+02 1 0)
s>        ( WDBNDRY_B 0 -3.844e+04 1.379e+02 1.686e+02
s>            ( - -3.614e+04 1 0)
s>            ( - -2.164e+03 1 0)))INFO: dtree.c(1315): Comp split 32
INFO: dtree.c(1439): stop. leaf nodes are specific
INFO: dtree.c(1478): Final simple tree
|( QUESTION20 -1 -2.477e+04 1.748e+02 1.061e+02
|    ( - -7.040e+03 1 0)
|    ( WDBNDRY_E 0 -1.756e+04 1.355e+02 7.456e+01
|        ( - -4.140e+03 1 0)
|        ( - -1.328e+04 1 0)))
s>    ( QUESTION20 -1 -2.477e+04 1.748e+02 1.061e+02
s>        ( - -7.040e+03 1 0)
s>        ( WDBNDRY_E 0 -1.756e+04 1.355e+02 7.456e+01
s>            ( - -4.140e+03 1 0)
s>            ( - -1.328e+04 1 0)))INFO: dtree.c(1439): stop. leaf nodes are specific
INFO: dtree.c(1478): Final simple tree
|( WDBNDRY_E 0 -5.286e+04 1.096e+02 2.252e+02
|    ( - -1.314e+03 1 0)
|    ( - -5.144e+04 1 0))
s>    ( WDBNDRY_E 0 -5.286e+04 1.096e+02 2.252e+02
s>        ( - -1.314e+03 1 0)
s>        ( - -5.144e+04 1 0))INFO: dtree.c(1315): Comp split 33
INFO: dtree.c(1439): stop. leaf nodes are specific
INFO: dtree.c(1478): Final simple tree
|( QUESTION17 -1 -3.383e+04 1.626e+02 1.451e+02
|    ( - -2.273e+04 1 0)
|    ( QUESTION2_14_L -1 -1.094e+04 1.468e+02 4.679e+01
|        ( - -9.051e+02 1 0)
|        ( QUESTION14 -1 -9.889e+03 1.051e+02 4.279e+01
|            ( - -4.851e+03 2 0)
|            ( - -4.933e+03 2 0))))
s>    ( QUESTION17 -1 -3.383e+04 1.626e+02 1.451e+02
s>        ( - -2.273e+04 1 0)
s>        ( QUESTION2_14_L -1 -1.094e+04 1.468e+02 4.679e+01
s>            ( - -9.051e+02 1 0)
s>            ( QUESTION14 -1 -9.889e+03 1.051e+02 4.279e+01
s>                ( - -4.851e+03 2 0)
s>                ( - -4.933e+03 2 0))))INFO: dtree.c(1315): Comp split 34
INFO: dtree.c(1315): Comp split 35
INFO: dtree.c(1439): stop. leaf nodes are specific
INFO: dtree.c(1478): Final simple tree
|( QUESTION4 -1 -2.477e+04 1.306e+02 1.131e+02
|    ( - -2.404e+04 1 0)
|    ( - -5.926e+02 1 0))
s>    ( QUESTION4 -1 -2.477e+04 1.306e+02 1.131e+02
s>        ( - -2.404e+04 1 0)
s>        ( - -5.926e+02 1 0))INFO: dtree.c(1315): Comp split 36
INFO: dtree.c(1439): stop. leaf nodes are specific
INFO: dtree.c(1478): Final simple tree
|( QUESTION0 -1 -1.878e+05 1.229e+02 7.997e+02
|    ( - -8.138e+02 1 0)
|    ( - -1.869e+05 4 0))
s>    ( QUESTION0 -1 -1.878e+05 1.229e+02 7.997e+02
s>        ( - -8.138e+02 1 0)
s>        ( - -1.869e+05 4 0))INFO: dtree.c(1315): Comp split 37
INFO: dtree.c(1439): stop. leaf nodes are specific
INFO: dtree.c(1478): Final simple tree
|( QUESTION17 -1 -2.242e+04 1.692e+02 9.540e+01
|    ( - -5.583e+02 1 0)
|    ( WDBNDRY_E 0 -2.169e+04 1.055e+02 9.240e+01
|        ( - -3.122e+03 1 0)
|        ( - -1.847e+04 1 0)))
s>    ( QUESTION17 -1 -2.242e+04 1.692e+02 9.540e+01
s>        ( - -5.583e+02 1 0)
s>        ( WDBNDRY_E 0 -2.169e+04 1.055e+02 9.240e+01
s>            ( - -3.122e+03 1 0)
s>            ( - -1.847e+04 1 0)))INFO: dtree.c(1315): Comp split 38
INFO: dtree.c(1439): stop. leaf nodes are specific
INFO: dtree.c(1478): Final simple tree
|( QUESTION0_1_R 1 -1.479e+04 1.529e+02 6.468e+01
|    ( QUESTION0_4_R 1 -1.361e+04 1.148e+02 5.968e+01
|        ( QUESTION20 -1 -7.419e+03 1.417e+02 3.267e+01
|            ( - -3.830e+03 1 0)
|            ( - -3.448e+03 1 0))
|        ( QUESTION0_2_R 1 -6.080e+03 1.093e+02 2.701e+01
|            ( QUESTION20 -1 -3.626e+03 1.447e+02 1.600e+01
|                ( - -2.385e+03 2 0)
|                ( - -1.096e+03 1 0))
|            ( QUESTION20 -1 -2.344e+03 2.004e+02 1.100e+01
|                ( - -2.235e+02 1 0)
|                ( - -1.921e+03 2 0))))
|    ( - -1.026e+03 1 0))
s>    ( QUESTION0_1_R 1 -1.479e+04 1.529e+02 6.468e+01
s>        ( QUESTION0_4_R 1 -1.361e+04 1.148e+02 5.968e+01
s>            ( QUESTION20 -1 -7.419e+03 1.417e+02 3.267e+01
s>                ( - -3.830e+03 1 0)
s>                ( - -3.448e+03 1 0))
s>            ( QUESTION0_2_R 1 -6.080e+03 1.093e+02 2.701e+01
s>                ( QUESTION20 -1 -3.626e+03 1.447e+02 1.600e+01
s>                    ( - -2.385e+03 2 0)
s>                    ( - -1.096e+03 1 0))
s>                ( QUESTION20 -1 -2.344e+03 2.004e+02 1.100e+01
s>                    ( - -2.235e+02 1 0)
s>                    ( - -1.921e+03 2 0))))
s>        ( - -1.026e+03 1 0))INFO: dtree.c(1439): stop. leaf nodes are specific
INFO: dtree.c(1478): Final simple tree
|( SILENCE 1 -4.500e+04 2.255e+02 2.001e+02
|    ( QUESTION20 -1 -9.787e+03 1.117e+02 4.368e+01
|        ( - -1.229e+03 1 0)
|        ( - -8.447e+03 1 0))
|    ( - -3.499e+04 1 0))
s>    ( SILENCE 1 -4.500e+04 2.255e+02 2.001e+02
s>        ( QUESTION20 -1 -9.787e+03 1.117e+02 4.368e+01
s>            ( - -1.229e+03 1 0)
s>            ( - -8.447e+03 1 0))
s>        ( - -3.499e+04 1 0))INFO: dtree.c(1315): Comp split 39
INFO: dtree.c(1439): stop. leaf nodes are specific
INFO: dtree.c(1478): Final simple tree
|( QUESTION0 -1 -5.347e+04 1.647e+02 2.317e+02
|    ( - -2.753e+04 2 0)
|    ( - -2.578e+04 2 0))
s>    ( QUESTION0 -1 -5.347e+04 1.647e+02 2.317e+02
s>        ( - -2.753e+04 2 0)
s>        ( - -2.578e+04 2 0))INFO: dtree.c(1439): stop. leaf nodes are specific
INFO: dtree.c(1478): Final simple tree
|( QUESTION0 -1 -6.468e+04 1.921e+02 2.697e+02
|    ( - -1.676e+04 1 0)
|    ( - -4.773e+04 2 0))
s>    ( QUESTION0 -1 -6.468e+04 1.921e+02 2.697e+02
s>        ( - -1.676e+04 1 0)
s>        ( - -4.773e+04 2 0))INFO: dtree.c(1315): Comp split 40
INFO: dtree.c(1439): stop. leaf nodes are specific
INFO: dtree.c(1478): Final simple tree
|( QUESTION2_17_L -1 -4.658e+04 1.476e+02 1.979e+02
|    ( - -6.388e+02 1 0)
|    ( QUESTION14 -1 -4.579e+04 1.208e+02 1.949e+02
|        ( - -2.050e+04 1 0)
|        ( - -2.517e+04 1 0)))
s>    ( QUESTION2_17_L -1 -4.658e+04 1.476e+02 1.979e+02
s>        ( - -6.388e+02 1 0)
s>        ( QUESTION14 -1 -4.579e+04 1.208e+02 1.949e+02
s>            ( - -2.050e+04 1 0)
s>            ( - -2.517e+04 1 0)))INFO: dtree.c(1315): Comp split 41
INFO: dtree.c(1315): Comp split 42
INFO: dtree.c(1439): stop. leaf nodes are specific
INFO: dtree.c(1478): Final simple tree
|( QUESTION20 -1 -9.787e+03 1.117e+02 4.368e+01
|    ( - -1.229e+03 1 0)
|    ( - -8.447e+03 1 0))
s>    ( QUESTION20 -1 -9.787e+03 1.117e+02 4.368e+01
s>        ( - -1.229e+03 1 0)
s>        ( - -8.447e+03 1 0))INFO: dtree.c(1315): Comp split 43
INFO: dtree.c(1439): stop. leaf nodes are specific
INFO: dtree.c(1478): Final simple tree
|( WDBNDRY_B 0 -3.192e+04 1.365e+02 1.335e+02
|    ( - -8.464e+02 1 0)
|    ( - -3.093e+04 1 0))
s>    ( WDBNDRY_B 0 -3.192e+04 1.365e+02 1.335e+02
s>        ( - -8.464e+02 1 0)
s>        ( - -3.093e+04 1 0))INFO: dtree.c(1315): Comp split 44
INFO: dtree.c(1439): stop. leaf nodes are specific
INFO: dtree.c(1478): Final simple tree
|( QUESTION17 -1 -7.664e+04 1.263e+02 3.350e+02
|    ( - -2.319e+03 1 0)
|    ( QUESTION14 -1 -7.419e+04 8.624e+01 3.240e+02
|        ( - -2.000e+03 2 0)
|        ( - -7.211e+04 4 0)))
s>    ( QUESTION17 -1 -7.664e+04 1.263e+02 3.350e+02
s>        ( - -2.319e+03 1 0)
s>        ( QUESTION14 -1 -7.419e+04 8.624e+01 3.240e+02
s>            ( - -2.000e+03 2 0)
s>            ( - -7.211e+04 4 0)))INFO: dtree.c(1439): stop. leaf nodes are specific
INFO: dtree.c(1478): Final simple tree
|( WDBNDRY_B 0 -8.257e+03 1.224e+02 3.620e+01
|    ( - -6.619e+03 1 0)
|    ( - -1.516e+03 1 0))
s>    ( WDBNDRY_B 0 -8.257e+03 1.224e+02 3.620e+01
s>        ( - -6.619e+03 1 0)
s>        ( - -1.516e+03 1 0))INFO: dtree.c(1315): Comp split 45
INFO: dtree.c(1439): stop. leaf nodes are specific
INFO: dtree.c(1478): Final simple tree
|( QUESTION2_12_L -1 -4.185e+04 1.519e+02 1.769e+02
|    ( - -9.926e+03 1 0)
|    ( QUESTION0 -1 -3.178e+04 1.357e+02 1.353e+02
|        ( - -1.203e+04 1 0)
|        ( - -1.961e+04 1 0)))
s>    ( QUESTION2_12_L -1 -4.185e+04 1.519e+02 1.769e+02
s>        ( - -9.926e+03 1 0)
s>        ( QUESTION0 -1 -3.178e+04 1.357e+02 1.353e+02
s>            ( - -1.203e+04 1 0)
s>            ( - -1.961e+04 1 0)))INFO: dtree.c(1439): stop. leaf nodes are specific
INFO: dtree.c(1478): Final simple tree
|( WDBNDRY_B 0 -8.200e+03 1.336e+02 3.561e+01
|    ( QUESTION0_16_R 1 -2.369e+03 1.282e+02 1.100e+01
|        ( - -1.458e+03 1 0)
|        ( - -7.835e+02 1 0))
|    ( - -5.697e+03 1 0))
s>    ( WDBNDRY_B 0 -8.200e+03 1.336e+02 3.561e+01
s>        ( QUESTION0_16_R 1 -2.369e+03 1.282e+02 1.100e+01
s>            ( - -1.458e+03 1 0)
s>            ( - -7.835e+02 1 0))
s>        ( - -5.697e+03 1 0))INFO: dtree.c(1315): Comp split 46
INFO: dtree.c(1439): stop. leaf nodes are specific
INFO: dtree.c(1478): Final simple tree
|( QUESTION0_1_R 1 -1.436e+04 1.519e+02 6.268e+01
|    ( QUESTION0_2_R 1 -1.319e+04 1.113e+02 5.768e+01
|        ( QUESTION20 -1 -3.626e+03 1.447e+02 1.600e+01
|            ( - -2.385e+03 2 0)
|            ( - -1.096e+03 1 0))
|        ( QUESTION20 -1 -9.448e+03 1.278e+02 4.167e+01
|            ( - -3.830e+03 1 0)
|            ( QUESTION0_4_R 1 -5.490e+03 1.223e+02 2.416e+01
|                ( - -3.448e+03 1 0)
|                ( - -1.921e+03 2 0))))
|    ( - -1.026e+03 1 0))
s>    ( QUESTION0_1_R 1 -1.436e+04 1.519e+02 6.268e+01
s>        ( QUESTION0_2_R 1 -1.319e+04 1.113e+02 5.768e+01
s>            ( QUESTION20 -1 -3.626e+03 1.447e+02 1.600e+01
s>                ( - -2.385e+03 2 0)
s>                ( - -1.096e+03 1 0))
s>            ( QUESTION20 -1 -9.448e+03 1.278e+02 4.167e+01
s>                ( - -3.830e+03 1 0)
s>                ( QUESTION0_4_R 1 -5.490e+03 1.223e+02 2.416e+01
s>                    ( - -3.448e+03 1 0)
s>                    ( - -1.921e+03 2 0))))
s>        ( - -1.026e+03 1 0))INFO: dtree.c(1315): Comp split 47
INFO: dtree.c(1439): stop. leaf nodes are specific
INFO: dtree.c(1478): Final simple tree
|( SILENCE -1 -8.517e+03 1.343e+02 3.609e+01
|    ( - -6.371e+03 1 0)
|    ( - -2.012e+03 1 0))
s>    ( SILENCE -1 -8.517e+03 1.343e+02 3.609e+01
s>        ( - -6.371e+03 1 0)
s>        ( - -2.012e+03 1 0))INFO: dtree.c(1315): Comp split 48
INFO: dtree.c(1439): stop. leaf nodes are specific
INFO: dtree.c(1478): Final simple tree
|( QUESTION14 -1 -2.337e+04 1.730e+02 1.024e+02
|    ( - -2.244e+04 2 0)
|    ( - -7.597e+02 1 0))
s>    ( QUESTION14 -1 -2.337e+04 1.730e+02 1.024e+02
s>        ( - -2.244e+04 2 0)
s>        ( - -7.597e+02 1 0))INFO: dtree.c(1315): Comp split 49
INFO: dtree.c(1439): stop. leaf nodes are specific
INFO: dtree.c(1478): Final simple tree
|( WDBNDRY_E 0 -2.003e+04 1.432e+02 8.919e+01
|    ( - -3.349e+03 1 0)
|    ( QUESTION20 -1 -1.654e+04 1.263e+02 7.413e+01
|        ( - -1.582e+04 1 0)
|        ( - -5.892e+02 1 0)))
s>    ( WDBNDRY_E 0 -2.003e+04 1.432e+02 8.919e+01
s>        ( - -3.349e+03 1 0)
s>        ( QUESTION20 -1 -1.654e+04 1.263e+02 7.413e+01
s>            ( - -1.582e+04 1 0)
s>            ( - -5.892e+02 1 0)))INFO: dtree.c(1315): Comp split 50
INFO: dtree.c(1439): stop. leaf nodes are specific
INFO: dtree.c(1478): Final simple tree
|( WDBNDRY_B 0 -3.844e+04 1.379e+02 1.686e+02
|    ( - -3.614e+04 1 0)
|    ( - -2.164e+03 1 0))
s>    ( WDBNDRY_B 0 -3.844e+04 1.379e+02 1.686e+02
s>        ( - -3.614e+04 1 0)
s>        ( - -2.164e+03 1 0))INFO: dtree.c(1315): Comp split 51
INFO: dtree.c(1315): Comp split 52
INFO: dtree.c(1439): stop. leaf nodes are specific
INFO: dtree.c(1478): Final simple tree
|( SILENCE -1 -5.362e+04 1.643e+02 2.340e+02
|    ( - -3.826e+04 1 0)
|    ( QUESTION0 -1 -1.520e+04 9.584e+01 6.743e+01
|        ( - -6.657e+03 1 0)
|        ( - -8.445e+03 1 0)))
s>    ( SILENCE -1 -5.362e+04 1.643e+02 2.340e+02
s>        ( - -3.826e+04 1 0)
s>        ( QUESTION0 -1 -1.520e+04 9.584e+01 6.743e+01
s>            ( - -6.657e+03 1 0)
s>            ( - -8.445e+03 1 0)))INFO: dtree.c(1439): stop. leaf nodes are specific
INFO: dtree.c(1478): Final simple tree
|( WDBNDRY_B 0 -4.157e+04 1.026e+02 1.845e+02
|    ( - -3.913e+04 1 0)
|    ( - -2.345e+03 1 0))
s>    ( WDBNDRY_B 0 -4.157e+04 1.026e+02 1.845e+02
s>        ( - -3.913e+04 1 0)
s>        ( - -2.345e+03 1 0))INFO: dtree.c(1315): Comp split 53
INFO: dtree.c(1439): stop. leaf nodes are specific
INFO: dtree.c(1478): Final simple tree
|( WDBNDRY_E 0 -3.708e+03 8.140e+01 1.700e+01
|    ( - -1.894e+03 1 0)
|    ( - -1.733e+03 1 0))
s>    ( WDBNDRY_E 0 -3.708e+03 8.140e+01 1.700e+01
s>        ( - -1.894e+03 1 0)
s>        ( - -1.733e+03 1 0))INFO: dtree.c(1439): stop. leaf nodes are specific
INFO: dtree.c(1478): Final simple tree
|( WDBNDRY_E 0 -4.744e+04 1.734e+02 2.100e+02
|    ( - -7.188e+02 1 0)
|    ( WDBNDRY_B 0 -4.655e+04 1.105e+02 2.060e+02
|        ( - -5.008e+03 1 0)
|        ( - -4.143e+04 2 0)))
s>    ( WDBNDRY_E 0 -4.744e+04 1.734e+02 2.100e+02
s>        ( - -7.188e+02 1 0)
s>        ( WDBNDRY_B 0 -4.655e+04 1.105e+02 2.060e+02
s>            ( - -5.008e+03 1 0)
s>            ( - -4.143e+04 2 0)))INFO: dtree.c(1315): Comp split 54
INFO: dtree.c(1439): stop. leaf nodes are specific
INFO: dtree.c(1478): Final simple tree
|( WDBNDRY_E 0 -1.756e+04 1.355e+02 7.456e+01
|    ( - -4.140e+03 1 0)
|    ( - -1.328e+04 1 0))
s>    ( WDBNDRY_E 0 -1.756e+04 1.355e+02 7.456e+01
s>        ( - -4.140e+03 1 0)
s>        ( - -1.328e+04 1 0))INFO: dtree.c(1315): Comp split 55
INFO: dtree.c(1315): Comp split 56
INFO: dtree.c(1439): stop. leaf nodes are specific
INFO: dtree.c(1478): Final simple tree
|( QUESTION14 -1 -9.889e+03 1.051e+02 4.279e+01
|    ( - -4.851e+03 2 0)
|    ( - -4.933e+03 2 0))
s>    ( QUESTION14 -1 -9.889e+03 1.051e+02 4.279e+01
s>        ( - -4.851e+03 2 0)
s>        ( - -4.933e+03 2 0))INFO: dtree.c(1439): stop. leaf nodes are specific
INFO: dtree.c(1478): Final simple tree
|( QUESTION14 -1 -2.377e+04 1.357e+02 1.023e+02
|    ( - -9.051e+02 1 0)
|    ( - -2.273e+04 1 0))
s>    ( QUESTION14 -1 -2.377e+04 1.357e+02 1.023e+02
s>        ( - -9.051e+02 1 0)
s>        ( - -2.273e+04 1 0))INFO: dtree.c(1315): Comp split 57
INFO: dtree.c(1439): stop. leaf nodes are specific
INFO: dtree.c(1478): Final simple tree
|( WDBNDRY_B 0 -4.655e+04 1.105e+02 2.060e+02
|    ( - -5.008e+03 1 0)
|    ( - -4.143e+04 2 0))
s>    ( WDBNDRY_B 0 -4.655e+04 1.105e+02 2.060e+02
s>        ( - -5.008e+03 1 0)
s>        ( - -4.143e+04 2 0))INFO: dtree.c(1315): Comp split 58
INFO: dtree.c(1439): stop. leaf nodes are specific
INFO: dtree.c(1478): Final simple tree
|( WDBNDRY_B 0 -6.055e+04 1.451e+02 2.597e+02
|    ( - -2.861e+04 1 0)
|    ( - -3.179e+04 1 0))
s>    ( WDBNDRY_B 0 -6.055e+04 1.451e+02 2.597e+02
s>        ( - -2.861e+04 1 0)
s>        ( - -3.179e+04 1 0))INFO: dtree.c(1315): Comp split 59
INFO: dtree.c(1315): Comp split 60
INFO: dtree.c(1439): stop. leaf nodes are specific
INFO: dtree.c(1478): Final simple tree
|( WDBNDRY_E 0 -2.169e+04 1.055e+02 9.240e+01
|    ( - -3.122e+03 1 0)
|    ( - -1.847e+04 1 0))
s>    ( WDBNDRY_E 0 -2.169e+04 1.055e+02 9.240e+01
s>        ( - -3.122e+03 1 0)
s>        ( - -1.847e+04 1 0))INFO: dtree.c(1315): Comp split 61
INFO: dtree.c(1439): stop. leaf nodes are specific
INFO: dtree.c(1478): Final simple tree
|( QUESTION20 -1 -7.163e+03 1.135e+02 3.116e+01
|    ( - -2.385e+03 2 0)
|    ( QUESTION0_2_R 1 -4.664e+03 1.209e+02 2.016e+01
|        ( - -1.096e+03 1 0)
|        ( - -3.448e+03 1 0)))
s>    ( QUESTION20 -1 -7.163e+03 1.135e+02 3.116e+01
s>        ( - -2.385e+03 2 0)
s>        ( QUESTION0_2_R 1 -4.664e+03 1.209e+02 2.016e+01
s>            ( - -1.096e+03 1 0)
s>            ( - -3.448e+03 1 0)))INFO: dtree.c(1439): stop. leaf nodes are specific
INFO: dtree.c(1478): Final simple tree
|( QUESTION0_1_R 1 -7.033e+03 1.416e+02 3.152e+01
|    ( QUESTION0_4_R 1 -5.865e+03 1.151e+02 2.652e+01
|        ( - -3.830e+03 1 0)
|        ( - -1.921e+03 2 0))
|    ( - -1.026e+03 1 0))
s>    ( QUESTION0_1_R 1 -7.033e+03 1.416e+02 3.152e+01
s>        ( QUESTION0_4_R 1 -5.865e+03 1.151e+02 2.652e+01
s>            ( - -3.830e+03 1 0)
s>            ( - -1.921e+03 2 0))
s>        ( - -1.026e+03 1 0))INFO: dtree.c(1315): Comp split 62
INFO: dtree.c(1315): Comp split 63
INFO: dtree.c(1439): stop. leaf nodes are specific
INFO: dtree.c(1478): Final simple tree
|( QUESTION0 -1 -1.520e+04 9.584e+01 6.743e+01
|    ( - -6.657e+03 1 0)
|    ( - -8.445e+03 1 0))
s>    ( QUESTION0 -1 -1.520e+04 9.584e+01 6.743e+01
s>        ( - -6.657e+03 1 0)
s>        ( - -8.445e+03 1 0))INFO: dtree.c(1315): Comp split 64
INFO: dtree.c(1439): stop. leaf nodes are specific
INFO: dtree.c(1478): Final simple tree
|( QUESTION0 -1 -3.178e+04 1.357e+02 1.353e+02
|    ( - -1.203e+04 1 0)
|    ( - -1.961e+04 1 0))
s>    ( QUESTION0 -1 -3.178e+04 1.357e+02 1.353e+02
s>        ( - -1.203e+04 1 0)
s>        ( - -1.961e+04 1 0))INFO: dtree.c(1315): Comp split 65
INFO: dtree.c(1439): stop. leaf nodes are specific
INFO: dtree.c(1478): Final simple tree
|( QUESTION14 -1 -4.579e+04 1.208e+02 1.949e+02
|    ( - -2.050e+04 1 0)
|    ( - -2.517e+04 1 0))
s>    ( QUESTION14 -1 -4.579e+04 1.208e+02 1.949e+02
s>        ( - -2.050e+04 1 0)
s>        ( - -2.517e+04 1 0))INFO: dtree.c(1315): Comp split 66
INFO: dtree.c(1315): Comp split 67
INFO: dtree.c(1439): stop. leaf nodes are specific
INFO: dtree.c(1478): Final simple tree
|( QUESTION20 -1 -1.654e+04 1.263e+02 7.413e+01
|    ( - -1.582e+04 1 0)
|    ( - -5.892e+02 1 0))
s>    ( QUESTION20 -1 -1.654e+04 1.263e+02 7.413e+01
s>        ( - -1.582e+04 1 0)
s>        ( - -5.892e+02 1 0))INFO: dtree.c(1315): Comp split 68
INFO: dtree.c(1439): stop. leaf nodes are specific
INFO: dtree.c(1478): Final simple tree
|( QUESTION0_4_R 1 -5.865e+03 1.151e+02 2.652e+01
|    ( - -3.830e+03 1 0)
|    ( - -1.921e+03 2 0))
s>    ( QUESTION0_4_R 1 -5.865e+03 1.151e+02 2.652e+01
s>        ( - -3.830e+03 1 0)
s>        ( - -1.921e+03 2 0))INFO: dtree.c(1315): Comp split 69
INFO: dtree.c(1315): Comp split 70
INFO: dtree.c(1439): stop. leaf nodes are specific
INFO: dtree.c(1478): Final simple tree
|( QUESTION0 -1 -4.383e+03 1.186e+02 1.897e+01
|    ( - -1.296e+03 1 0)
|    ( - -2.968e+03 1 0))
s>    ( QUESTION0 -1 -4.383e+03 1.186e+02 1.897e+01
s>        ( - -1.296e+03 1 0)
s>        ( - -2.968e+03 1 0))INFO: dtree.c(1315): Comp split 71
INFO: dtree.c(1315): Comp split 72
INFO: dtree.c(1315): Comp split 73
INFO: dtree.c(1315): Comp split 74
INFO: dtree.c(1315): Comp split 75
INFO: dtree.c(1439): stop. leaf nodes are specific
INFO: dtree.c(1478): Final simple tree
|( QUESTION0_2_R 1 -5.933e+03 1.001e+02 2.616e+01
|    ( - -2.385e+03 2 0)
|    ( - -3.448e+03 1 0))
s>    ( QUESTION0_2_R 1 -5.933e+03 1.001e+02 2.616e+01
s>        ( - -2.385e+03 2 0)
s>        ( - -3.448e+03 1 0))INFO: dtree.c(1315): Comp split 76
INFO: dtree.c(1315): Comp split 77
INFO: dtree.c(1439): stop. leaf nodes are specific
INFO: dtree.c(1478): Final simple tree
|( QUESTION0_16_R 1 -2.369e+03 1.282e+02 1.100e+01
|    ( - -1.458e+03 1 0)
|    ( - -7.835e+02 1 0))
s>    ( QUESTION0_16_R 1 -2.369e+03 1.282e+02 1.100e+01
s>        ( - -1.458e+03 1 0)
s>        ( - -7.835e+02 1 0))INFO: dtree.c(1315): Comp split 78
INFO: dtree.c(1315): Comp split 79
INFO: dtree.c(1315): Comp split 80
INFO: dtree.c(1315): Comp split 81
INFO: dtree.c(1315): Comp split 82
INFO: dtree.c(1439): stop. leaf nodes are specific
INFO: dtree.c(1478): Final simple tree
|( QUESTION14 -1 -7.419e+04 8.624e+01 3.240e+02
|    ( - -2.000e+03 2 0)
|    ( - -7.211e+04 4 0))
s>    ( QUESTION14 -1 -7.419e+04 8.624e+01 3.240e+02
s>        ( - -2.000e+03 2 0)
s>        ( - -7.211e+04 4 0))INFO: dtree.c(1315): Comp split 83
INFO: dtree.c(1315): Comp split 84
INFO: dtree.c(1315): Comp split 85
INFO: dtree.c(1315): Comp split 86
INFO: dtree.c(1315): Comp split 87
INFO: dtree.c(1315): Comp split 88
INFO: dtree.c(1315): Comp split 89
INFO: dtree.c(1315): Comp split 90
INFO: dtree.c(1315): Comp split 91
INFO: dtree.c(1315): Comp split 92
INFO: dtree.c(1315): Comp split 93
INFO: dtree.c(1315): Comp split 94
INFO: dtree.c(1315): Comp split 95
INFO: dtree.c(1315): Comp split 96
INFO: dtree.c(1315): Comp split 97
INFO: dtree.c(1315): Comp split 98
INFO: dtree.c(1315): Comp split 99
INFO: dtree.c(1318): stop. leaf nodes are specific
Sun Mar 19 21:50:59 2017
