Current configuration:
[NAME]		[DEFLT]	[VALUE]
-allphones	no	no
-cntthresh	0.00001	1.000000e-05
-csplitmax	100	2000
-csplitmin	1	1
-csplitthr	8e-4	0.000000e+00
-example	no	no
-fullvar	no	no
-help		no	no
-meanfn			/home/ilya/Рабочий стол/lab_sphinx/ru_base/model_parameters/ru_base.cd_cont_untied/means
-mixwfn			/home/ilya/Рабочий стол/lab_sphinx/ru_base/model_parameters/ru_base.cd_cont_untied/mixture_weights
-moddeffn		/home/ilya/Рабочий стол/lab_sphinx/ru_base/model_architecture/ru_base.untied.mdef
-mwfloor	1e-4	1.000000e-08
-phone			dj
-psetfn			/home/ilya/Рабочий стол/lab_sphinx/ru_base/model_architecture/ru_base.tree_questions
-ssplitmax	5	7
-ssplitmin	1	1
-ssplitthr	8e-4	0.000000e+00
-state			0
-stwt			1.0,0.05,0.0,
-treefn			/home/ilya/Рабочий стол/lab_sphinx/ru_base/trees/ru_base.unpruned/dj-0.dtree
-ts2cbfn	.semi.	.cont.
-varfloor	0.00001	1.000000e-05
-varfn			/home/ilya/Рабочий стол/lab_sphinx/ru_base/model_parameters/ru_base.cd_cont_untied/variances

INFO: main.c(223): Reading: /home/ilya/Рабочий стол/lab_sphinx/ru_base/model_architecture/ru_base.untied.mdef
INFO: model_def_io.c(573): Model definition info:
INFO: model_def_io.c(574): 9415 total models defined (43 base, 9372 tri)
INFO: model_def_io.c(575): 37660 total states
INFO: model_def_io.c(576): 28245 total tied states
INFO: model_def_io.c(577): 129 total tied CI states
INFO: model_def_io.c(578): 43 total tied transition matrices
INFO: model_def_io.c(579): 4 max state/model
INFO: model_def_io.c(580): 4 min state/model
INFO: main.c(242): Building trees for [dj SIL e0 b] through [dj zh o0 i]
INFO: main.c(269): Covering states |[4671 4880]| == 210
INFO: main.c(275): Reading: /home/ilya/Рабочий стол/lab_sphinx/ru_base/model_parameters/ru_base.cd_cont_untied/mixture_weights
INFO: s3mixw_io.c(173): Read /home/ilya/Рабочий стол/lab_sphinx/ru_base/model_parameters/ru_base.cd_cont_untied/mixture_weights [210x1x1 array]
INFO: main.c(311): 70 of 70 models have observation count greater than 0.000010
INFO: main.c(95): nrm stwt: 0.952 0.048 0.000 
INFO: s3gau_io.c(169): Read /home/ilya/Рабочий стол/lab_sphinx/ru_base/model_parameters/ru_base.cd_cont_untied/means [28245x1x1 array]
INFO: s3gau_io.c(169): Read /home/ilya/Рабочий стол/lab_sphinx/ru_base/model_parameters/ru_base.cd_cont_untied/variances [28245x1x1 array]
INFO: main.c(549): Reading: /home/ilya/Рабочий стол/lab_sphinx/ru_base/model_architecture/ru_base.tree_questions
INFO: main.c(588): 180 total simple questions (172 phone; 8 word bndry)
INFO: main.c(590): 42 Left Only questions, and 42 Right Only questions
INFO: dtree.c(1478): Final simple tree
|( QUESTION16 -1 -1.830e+06 4.482e+03 8.369e+03
|    ( QUESTION0_0_R 1 -6.879e+05 7.860e+02 3.173e+03
|        ( - -2.401e+04 1 0)
|        ( - -6.631e+05 14 0 QUESTION0_14_R 1 5.491e+02 3.064e+03))
|    ( WDBNDRY_E 0 -1.138e+06 1.311e+03 5.196e+03
|        ( QUESTION0_14_R 1 -1.359e+05 1.105e+03 6.227e+02
|            ( - -7.707e+04 2 0)
|            ( - -5.773e+04 13 0 QUESTION5 1 2.788e+02 2.570e+02))
|        ( QUESTION15 -1 -1.001e+06 1.267e+03 4.573e+03
|            ( - -3.957e+05 10 0 QUESTION0_15_R 1 4.208e+02 1.834e+03)
|            ( QUESTION1 -1 -6.039e+05 1.238e+03 2.739e+03
|                ( - -1.499e+05 9 0 QUESTION2 -1 6.054e+02 6.963e+02)
|                ( QUESTION12 -1 -4.528e+05 8.494e+02 2.043e+03
|                    ( - -5.952e+04 6 0 QUESTION2_1_L -1 3.969e+02 2.749e+02)
|                    ( - -3.925e+05 15 0 SILENCE -1 5.414e+02 1.768e+03))))))
s>    ( QUESTION16 -1 -1.830e+06 4.482e+03 8.369e+03
s>        ( QUESTION0_0_R 1 -6.879e+05 7.860e+02 3.173e+03
s>            ( - -2.401e+04 1 0)
s>            ( - -6.631e+05 14 0 QUESTION0_14_R 1 5.491e+02 3.064e+03))
s>        ( WDBNDRY_E 0 -1.138e+06 1.311e+03 5.196e+03
s>            ( QUESTION0_14_R 1 -1.359e+05 1.105e+03 6.227e+02
s>                ( - -7.707e+04 2 0)
s>                ( - -5.773e+04 13 0 QUESTION5 1 2.788e+02 2.570e+02))
s>            ( QUESTION15 -1 -1.001e+06 1.267e+03 4.573e+03
s>                ( - -3.957e+05 10 0 QUESTION0_15_R 1 4.208e+02 1.834e+03)
s>                ( QUESTION1 -1 -6.039e+05 1.238e+03 2.739e+03
s>                    ( - -1.499e+05 9 0 QUESTION2 -1 6.054e+02 6.963e+02)
s>                    ( QUESTION12 -1 -4.528e+05 8.494e+02 2.043e+03
s>                        ( - -5.952e+04 6 0 QUESTION2_1_L -1 3.969e+02 2.749e+02)
s>                        ( - -3.925e+05 15 0 SILENCE -1 5.414e+02 1.768e+03))))))INFO: dtree.c(1315): Comp split 0
INFO: dtree.c(1478): Final simple tree
|( WDBNDRY_E 0 -1.138e+06 1.311e+03 5.196e+03
|    ( QUESTION0_14_R 1 -1.359e+05 1.105e+03 6.227e+02
|        ( - -7.707e+04 2 0)
|        ( - -5.773e+04 13 0 QUESTION5 1 2.788e+02 2.570e+02))
|    ( QUESTION15 -1 -1.001e+06 1.267e+03 4.573e+03
|        ( - -3.957e+05 10 0 QUESTION0_15_R 1 4.208e+02 1.834e+03)
|        ( QUESTION1 -1 -6.039e+05 1.238e+03 2.739e+03
|            ( QUESTION2 -1 -1.499e+05 6.054e+02 6.963e+02
|                ( - -7.474e+04 3 0 QUESTION0_14_R 1 1.760e+02 3.513e+02)
|                ( - -7.453e+04 6 0 QUESTION20 1 2.595e+02 3.450e+02))
|            ( QUESTION12 -1 -4.528e+05 8.494e+02 2.043e+03
|                ( - -5.952e+04 6 0 QUESTION2_1_L -1 3.969e+02 2.749e+02)
|                ( SILENCE -1 -3.925e+05 5.414e+02 1.768e+03
|                    ( - -2.480e+04 1 0)
|                    ( - -3.671e+05 14 0 QUESTION2_14_L -1 3.919e+02 1.656e+03))))))
s>    ( WDBNDRY_E 0 -1.138e+06 1.311e+03 5.196e+03
s>        ( QUESTION0_14_R 1 -1.359e+05 1.105e+03 6.227e+02
s>            ( - -7.707e+04 2 0)
s>            ( - -5.773e+04 13 0 QUESTION5 1 2.788e+02 2.570e+02))
s>        ( QUESTION15 -1 -1.001e+06 1.267e+03 4.573e+03
s>            ( - -3.957e+05 10 0 QUESTION0_15_R 1 4.208e+02 1.834e+03)
s>            ( QUESTION1 -1 -6.039e+05 1.238e+03 2.739e+03
s>                ( QUESTION2 -1 -1.499e+05 6.054e+02 6.963e+02
s>                    ( - -7.474e+04 3 0 QUESTION0_14_R 1 1.760e+02 3.513e+02)
s>                    ( - -7.453e+04 6 0 QUESTION20 1 2.595e+02 3.450e+02))
s>                ( QUESTION12 -1 -4.528e+05 8.494e+02 2.043e+03
s>                    ( - -5.952e+04 6 0 QUESTION2_1_L -1 3.969e+02 2.749e+02)
s>                    ( SILENCE -1 -3.925e+05 5.414e+02 1.768e+03
s>                        ( - -2.480e+04 1 0)
s>                        ( - -3.671e+05 14 0 QUESTION2_14_L -1 3.919e+02 1.656e+03))))))INFO: dtree.c(1478): Final simple tree
|( QUESTION0_0_R 1 -6.879e+05 7.860e+02 3.173e+03
|    ( - -2.401e+04 1 0)
|    ( QUESTION0_14_R 1 -6.631e+05 5.491e+02 3.064e+03
|        ( WDBNDRY_E 0 -1.370e+05 2.707e+02 6.330e+02
|            ( - -1.092e+03 1 0)
|            ( - -1.357e+05 3 0))
|        ( QUESTION20 1 -5.255e+05 6.602e+02 2.431e+03
|            ( - -2.765e+05 3 0 WDBNDRY_B 0 1.461e+02 1.277e+03)
|            ( WDBNDRY_B 0 -2.484e+05 3.768e+02 1.154e+03
|                ( - -4.609e+04 2 0)
|                ( WDBNDRY_E 0 -2.019e+05 1.704e+02 9.390e+02
|                    ( - -6.755e+02 1 0)
|                    ( QUESTION14 1 -2.010e+05 1.573e+02 9.350e+02
|                        ( - -2.061e+03 2 0)
|                        ( - -1.988e+05 2 0)))))))
s>    ( QUESTION0_0_R 1 -6.879e+05 7.860e+02 3.173e+03
s>        ( - -2.401e+04 1 0)
s>        ( QUESTION0_14_R 1 -6.631e+05 5.491e+02 3.064e+03
s>            ( WDBNDRY_E 0 -1.370e+05 2.707e+02 6.330e+02
s>                ( - -1.092e+03 1 0)
s>                ( - -1.357e+05 3 0))
s>            ( QUESTION20 1 -5.255e+05 6.602e+02 2.431e+03
s>                ( - -2.765e+05 3 0 WDBNDRY_B 0 1.461e+02 1.277e+03)
s>                ( WDBNDRY_B 0 -2.484e+05 3.768e+02 1.154e+03
s>                    ( - -4.609e+04 2 0)
s>                    ( WDBNDRY_E 0 -2.019e+05 1.704e+02 9.390e+02
s>                        ( - -6.755e+02 1 0)
s>                        ( QUESTION14 1 -2.010e+05 1.573e+02 9.350e+02
s>                            ( - -2.061e+03 2 0)
s>                            ( - -1.988e+05 2 0)))))))INFO: dtree.c(1315): Comp split 1
INFO: dtree.c(1478): Final simple tree
|( QUESTION15 -1 -8.480e+05 1.372e+03 3.859e+03
|    ( QUESTION15 1 -4.145e+05 4.906e+02 1.916e+03
|        ( QUESTION0_14_R 1 -3.952e+05 4.152e+02 1.832e+03
|            ( - -6.210e+04 2 0)
|            ( - -3.327e+05 7 0 WDBNDRY_B 0 2.754e+02 1.539e+03))
|        ( - -1.879e+04 9 0 QUESTION0_6_R 1 1.745e+02 8.462e+01))
|    ( SILENCE -1 -4.321e+05 5.283e+02 1.943e+03
|        ( - -2.480e+04 1 0)
|        ( QUESTION0_16_R 1 -4.068e+05 5.337e+02 1.831e+03
|            ( QUESTION2_17_L -1 -3.629e+05 3.929e+02 1.637e+03
|                ( - -1.043e+05 3 0 WDBNDRY_B 0 3.617e+02 4.664e+02)
|                ( WDBNDRY_B 0 -2.582e+05 3.852e+02 1.171e+03
|                    ( - -1.130e+05 5 0 QUESTION0 -1 2.375e+02 5.155e+02)
|                    ( - -1.448e+05 5 0 QUESTION0 -1 3.564e+02 6.554e+02)))
|            ( - -4.340e+04 6 0 QUESTION0_6_R 1 2.004e+02 1.933e+02))))
s>    ( QUESTION15 -1 -8.480e+05 1.372e+03 3.859e+03
s>        ( QUESTION15 1 -4.145e+05 4.906e+02 1.916e+03
s>            ( QUESTION0_14_R 1 -3.952e+05 4.152e+02 1.832e+03
s>                ( - -6.210e+04 2 0)
s>                ( - -3.327e+05 7 0 WDBNDRY_B 0 2.754e+02 1.539e+03))
s>            ( - -1.879e+04 9 0 QUESTION0_6_R 1 1.745e+02 8.462e+01))
s>        ( SILENCE -1 -4.321e+05 5.283e+02 1.943e+03
s>            ( - -2.480e+04 1 0)
s>            ( QUESTION0_16_R 1 -4.068e+05 5.337e+02 1.831e+03
s>                ( QUESTION2_17_L -1 -3.629e+05 3.929e+02 1.637e+03
s>                    ( - -1.043e+05 3 0 WDBNDRY_B 0 3.617e+02 4.664e+02)
s>                    ( WDBNDRY_B 0 -2.582e+05 3.852e+02 1.171e+03
s>                        ( - -1.130e+05 5 0 QUESTION0 -1 2.375e+02 5.155e+02)
s>                        ( - -1.448e+05 5 0 QUESTION0 -1 3.564e+02 6.554e+02)))
s>                ( - -4.340e+04 6 0 QUESTION0_6_R 1 2.004e+02 1.933e+02))))INFO: dtree.c(1478): Final simple tree
|( QUESTION2_1_L -1 -2.881e+05 1.078e+03 1.337e+03
|    ( QUESTION2 -1 -1.790e+05 6.865e+02 8.277e+02
|        ( QUESTION0_14_R 1 -7.474e+04 1.760e+02 3.513e+02
|            ( - -4.037e+04 1 0)
|            ( - -3.419e+04 2 0 WDBNDRY_B 0 1.452e+02 1.600e+02))
|        ( QUESTION1 -1 -1.035e+05 4.643e+02 4.764e+02
|            ( QUESTION20 1 -7.453e+04 2.595e+02 3.450e+02
|                ( - -1.500e+04 1 0)
|                ( QUESTION0_14_R 1 -5.927e+04 1.598e+02 2.762e+02
|                    ( - -7.085e+02 1 0)
|                    ( - -5.840e+04 4 0 WDBNDRY_B 0 1.580e+02 2.722e+02)))
|            ( - -2.854e+04 2 0 WDBNDRY_B 0 1.529e+02 1.315e+02)))
|    ( WDBNDRY_E 0 -1.081e+05 4.510e+02 5.092e+02
|        ( - -7.707e+04 2 0)
|        ( - -3.059e+04 4 0 WDBNDRY_B 0 1.238e+02 1.435e+02)))
s>    ( QUESTION2_1_L -1 -2.881e+05 1.078e+03 1.337e+03
s>        ( QUESTION2 -1 -1.790e+05 6.865e+02 8.277e+02
s>            ( QUESTION0_14_R 1 -7.474e+04 1.760e+02 3.513e+02
s>                ( - -4.037e+04 1 0)
s>                ( - -3.419e+04 2 0 WDBNDRY_B 0 1.452e+02 1.600e+02))
s>            ( QUESTION1 -1 -1.035e+05 4.643e+02 4.764e+02
s>                ( QUESTION20 1 -7.453e+04 2.595e+02 3.450e+02
s>                    ( - -1.500e+04 1 0)
s>                    ( QUESTION0_14_R 1 -5.927e+04 1.598e+02 2.762e+02
s>                        ( - -7.085e+02 1 0)
s>                        ( - -5.840e+04 4 0 WDBNDRY_B 0 1.580e+02 2.722e+02)))
s>                ( - -2.854e+04 2 0 WDBNDRY_B 0 1.529e+02 1.315e+02)))
s>        ( WDBNDRY_E 0 -1.081e+05 4.510e+02 5.092e+02
s>            ( - -7.707e+04 2 0)
s>            ( - -3.059e+04 4 0 WDBNDRY_B 0 1.238e+02 1.435e+02)))INFO: dtree.c(1315): Comp split 2
INFO: dtree.c(1478): Final simple tree
|( QUESTION0_14_R 1 -3.952e+05 4.152e+02 1.832e+03
|    ( - -6.210e+04 2 0)
|    ( WDBNDRY_B 0 -3.327e+05 2.754e+02 1.539e+03
|        ( QUESTION20 -1 -8.290e+04 2.371e+02 3.876e+02
|            ( QUESTION20 1 -2.937e+04 1.832e+02 1.360e+02
|                ( - -2.300e+02 1 0)
|                ( - -2.895e+04 1 0))
|            ( - -5.330e+04 1 0))
|        ( QUESTION20 1 -2.495e+05 2.534e+02 1.152e+03
|            ( QUESTION20 -1 -9.279e+04 1.491e+02 4.293e+02
|                ( - -2.424e+04 1 0)
|                ( - -6.840e+04 1 0))
|            ( QUESTION20 -1 -1.565e+05 1.816e+02 7.222e+02
|                ( - -1.239e+05 1 0)
|                ( - -3.240e+04 1 0)))))
s>    ( QUESTION0_14_R 1 -3.952e+05 4.152e+02 1.832e+03
s>        ( - -6.210e+04 2 0)
s>        ( WDBNDRY_B 0 -3.327e+05 2.754e+02 1.539e+03
s>            ( QUESTION20 -1 -8.290e+04 2.371e+02 3.876e+02
s>                ( QUESTION20 1 -2.937e+04 1.832e+02 1.360e+02
s>                    ( - -2.300e+02 1 0)
s>                    ( - -2.895e+04 1 0))
s>                ( - -5.330e+04 1 0))
s>            ( QUESTION20 1 -2.495e+05 2.534e+02 1.152e+03
s>                ( QUESTION20 -1 -9.279e+04 1.491e+02 4.293e+02
s>                    ( - -2.424e+04 1 0)
s>                    ( - -6.840e+04 1 0))
s>                ( QUESTION20 -1 -1.565e+05 1.816e+02 7.222e+02
s>                    ( - -1.239e+05 1 0)
s>                    ( - -3.240e+04 1 0)))))INFO: dtree.c(1478): Final simple tree
|( QUESTION17 1 -4.512e+05 6.014e+02 2.027e+03
|    ( SILENCE -1 -3.882e+05 5.502e+02 1.749e+03
|        ( - -2.480e+04 1 0)
|        ( QUESTION2_17_L -1 -3.629e+05 3.929e+02 1.637e+03
|            ( WDBNDRY_B 0 -1.043e+05 3.617e+02 4.664e+02
|                ( - -4.297e+03 1 0)
|                ( - -9.961e+04 2 0 QUESTION20 1 2.188e+02 4.454e+02))
|            ( WDBNDRY_B 0 -2.582e+05 3.852e+02 1.171e+03
|                ( - -1.130e+05 5 0 QUESTION0 -1 2.375e+02 5.155e+02)
|                ( QUESTION0 -1 -1.448e+05 3.564e+02 6.554e+02
|                    ( - -9.825e+04 2 0 QUESTION20 1 1.059e+02 4.467e+02)
|                    ( QUESTION2_14_L -1 -4.623e+04 3.208e+02 2.087e+02
|                        ( - -2.839e+04 2 0)
|                        ( - -1.752e+04 1 0))))))
|    ( - -6.243e+04 15 0 QUESTION5 1 2.789e+02 2.780e+02))
s>    ( QUESTION17 1 -4.512e+05 6.014e+02 2.027e+03
s>        ( SILENCE -1 -3.882e+05 5.502e+02 1.749e+03
s>            ( - -2.480e+04 1 0)
s>            ( QUESTION2_17_L -1 -3.629e+05 3.929e+02 1.637e+03
s>                ( WDBNDRY_B 0 -1.043e+05 3.617e+02 4.664e+02
s>                    ( - -4.297e+03 1 0)
s>                    ( - -9.961e+04 2 0 QUESTION20 1 2.188e+02 4.454e+02))
s>                ( WDBNDRY_B 0 -2.582e+05 3.852e+02 1.171e+03
s>                    ( - -1.130e+05 5 0 QUESTION0 -1 2.375e+02 5.155e+02)
s>                    ( QUESTION0 -1 -1.448e+05 3.564e+02 6.554e+02
s>                        ( - -9.825e+04 2 0 QUESTION20 1 1.059e+02 4.467e+02)
s>                        ( QUESTION2_14_L -1 -4.623e+04 3.208e+02 2.087e+02
s>                            ( - -2.839e+04 2 0)
s>                            ( - -1.752e+04 1 0))))))
s>        ( - -6.243e+04 15 0 QUESTION5 1 2.789e+02 2.780e+02))INFO: dtree.c(1315): Comp split 3
INFO: dtree.c(1439): stop. leaf nodes are specific
INFO: dtree.c(1478): Final simple tree
|( QUESTION0_14_R 1 -1.090e+05 4.577e+02 5.132e+02
|    ( WDBNDRY_E 0 -7.793e+04 1.569e+02 3.698e+02
|        ( - -7.707e+04 2 0)
|        ( - -7.085e+02 1 0))
|    ( WDBNDRY_B 0 -3.059e+04 1.238e+02 1.435e+02
|        ( - -2.947e+04 2 0)
|        ( - -9.948e+02 2 0)))
s>    ( QUESTION0_14_R 1 -1.090e+05 4.577e+02 5.132e+02
s>        ( WDBNDRY_E 0 -7.793e+04 1.569e+02 3.698e+02
s>            ( - -7.707e+04 2 0)
s>            ( - -7.085e+02 1 0))
s>        ( WDBNDRY_B 0 -3.059e+04 1.238e+02 1.435e+02
s>            ( - -2.947e+04 2 0)
s>            ( - -9.948e+02 2 0)))INFO: dtree.c(1478): Final simple tree
|( QUESTION2 -1 -1.781e+05 6.871e+02 8.237e+02
|    ( QUESTION0_14_R 1 -7.474e+04 1.760e+02 3.513e+02
|        ( - -4.037e+04 1 0)
|        ( WDBNDRY_B 0 -3.419e+04 1.452e+02 1.600e+02
|            ( - -3.606e+03 1 0)
|            ( - -3.044e+04 1 0)))
|    ( QUESTION1 -1 -1.027e+05 4.591e+02 4.724e+02
|        ( QUESTION20 1 -7.366e+04 2.576e+02 3.410e+02
|            ( - -1.500e+04 1 0)
|            ( WDBNDRY_B 0 -5.840e+04 1.580e+02 2.722e+02
|                ( - -4.692e+03 2 0 QUESTION4 -1 1.077e+02 2.300e+01)
|                ( - -5.355e+04 2 0 QUESTION4 -1 1.290e+02 2.492e+02)))
|        ( WDBNDRY_B 0 -2.854e+04 1.529e+02 1.315e+02
|            ( - -2.787e+04 1 0)
|            ( - -5.147e+02 1 0))))
s>    ( QUESTION2 -1 -1.781e+05 6.871e+02 8.237e+02
s>        ( QUESTION0_14_R 1 -7.474e+04 1.760e+02 3.513e+02
s>            ( - -4.037e+04 1 0)
s>            ( WDBNDRY_B 0 -3.419e+04 1.452e+02 1.600e+02
s>                ( - -3.606e+03 1 0)
s>                ( - -3.044e+04 1 0)))
s>        ( QUESTION1 -1 -1.027e+05 4.591e+02 4.724e+02
s>            ( QUESTION20 1 -7.366e+04 2.576e+02 3.410e+02
s>                ( - -1.500e+04 1 0)
s>                ( WDBNDRY_B 0 -5.840e+04 1.580e+02 2.722e+02
s>                    ( - -4.692e+03 2 0 QUESTION4 -1 1.077e+02 2.300e+01)
s>                    ( - -5.355e+04 2 0 QUESTION4 -1 1.290e+02 2.492e+02)))
s>            ( WDBNDRY_B 0 -2.854e+04 1.529e+02 1.315e+02
s>                ( - -2.787e+04 1 0)
s>                ( - -5.147e+02 1 0))))INFO: dtree.c(1315): Comp split 4
INFO: dtree.c(1439): stop. leaf nodes are specific
INFO: dtree.c(1478): Final simple tree
|( WDBNDRY_B 0 -2.497e+05 3.783e+02 1.160e+03
|    ( - -4.609e+04 2 0)
|    ( QUESTION0_14_R 1 -2.032e+05 2.263e+02 9.450e+02
|        ( - -1.092e+03 1 0)
|        ( WDBNDRY_E 0 -2.019e+05 1.704e+02 9.390e+02
|            ( - -6.755e+02 1 0)
|            ( QUESTION14 1 -2.010e+05 1.573e+02 9.350e+02
|                ( - -2.061e+03 2 0)
|                ( - -1.988e+05 2 0)))))
s>    ( WDBNDRY_B 0 -2.497e+05 3.783e+02 1.160e+03
s>        ( - -4.609e+04 2 0)
s>        ( QUESTION0_14_R 1 -2.032e+05 2.263e+02 9.450e+02
s>            ( - -1.092e+03 1 0)
s>            ( WDBNDRY_E 0 -2.019e+05 1.704e+02 9.390e+02
s>                ( - -6.755e+02 1 0)
s>                ( QUESTION14 1 -2.010e+05 1.573e+02 9.350e+02
s>                    ( - -2.061e+03 2 0)
s>                    ( - -1.988e+05 2 0)))))INFO: dtree.c(1439): stop. leaf nodes are specific
INFO: dtree.c(1478): Final simple tree
|( WDBNDRY_E 0 -4.373e+05 7.744e+02 2.013e+03
|    ( - -2.401e+04 1 0)
|    ( QUESTION0_14_R 1 -4.126e+05 4.021e+02 1.904e+03
|        ( - -1.357e+05 3 0)
|        ( WDBNDRY_B 0 -2.765e+05 1.461e+02 1.277e+03
|            ( - -1.406e+03 1 0)
|            ( - -2.749e+05 2 0))))
s>    ( WDBNDRY_E 0 -4.373e+05 7.744e+02 2.013e+03
s>        ( - -2.401e+04 1 0)
s>        ( QUESTION0_14_R 1 -4.126e+05 4.021e+02 1.904e+03
s>            ( - -1.357e+05 3 0)
s>            ( WDBNDRY_B 0 -2.765e+05 1.461e+02 1.277e+03
s>                ( - -1.406e+03 1 0)
s>                ( - -2.749e+05 2 0))))INFO: dtree.c(1315): Comp split 5
INFO: dtree.c(1439): stop. leaf nodes are specific
INFO: dtree.c(1478): Final simple tree
|( QUESTION0_14_R 1 -4.126e+05 4.021e+02 1.904e+03
|    ( - -1.357e+05 3 0)
|    ( WDBNDRY_B 0 -2.765e+05 1.461e+02 1.277e+03
|        ( - -1.406e+03 1 0)
|        ( - -2.749e+05 2 0)))
s>    ( QUESTION0_14_R 1 -4.126e+05 4.021e+02 1.904e+03
s>        ( - -1.357e+05 3 0)
s>        ( WDBNDRY_B 0 -2.765e+05 1.461e+02 1.277e+03
s>            ( - -1.406e+03 1 0)
s>            ( - -2.749e+05 2 0)))INFO: dtree.c(1315): Comp split 6
INFO: dtree.c(1478): Final simple tree
|( WDBNDRY_B 0 -3.582e+05 3.868e+02 1.616e+03
|    ( QUESTION0 -1 -1.130e+05 2.375e+02 5.155e+02
|        ( - -3.474e+04 1 0)
|        ( QUESTION2_14_L -1 -7.799e+04 1.613e+02 3.555e+02
|            ( - -3.583e+03 1 0)
|            ( - -7.425e+04 3 0)))
|    ( QUESTION0 -1 -2.448e+05 3.730e+02 1.101e+03
|        ( - -9.825e+04 2 0 QUESTION20 1 1.059e+02 4.467e+02)
|        ( QUESTION2_17_L -1 -1.462e+05 3.459e+02 6.541e+02
|            ( QUESTION20 1 -9.961e+04 2.188e+02 4.454e+02
|                ( - -2.767e+04 1 0)
|                ( - -7.173e+04 1 0))
|            ( QUESTION2_14_L -1 -4.623e+04 3.208e+02 2.087e+02
|                ( - -2.839e+04 2 0)
|                ( - -1.752e+04 1 0)))))
s>    ( WDBNDRY_B 0 -3.582e+05 3.868e+02 1.616e+03
s>        ( QUESTION0 -1 -1.130e+05 2.375e+02 5.155e+02
s>            ( - -3.474e+04 1 0)
s>            ( QUESTION2_14_L -1 -7.799e+04 1.613e+02 3.555e+02
s>                ( - -3.583e+03 1 0)
s>                ( - -7.425e+04 3 0)))
s>        ( QUESTION0 -1 -2.448e+05 3.730e+02 1.101e+03
s>            ( - -9.825e+04 2 0 QUESTION20 1 1.059e+02 4.467e+02)
s>            ( QUESTION2_17_L -1 -1.462e+05 3.459e+02 6.541e+02
s>                ( QUESTION20 1 -9.961e+04 2.188e+02 4.454e+02
s>                    ( - -2.767e+04 1 0)
s>                    ( - -7.173e+04 1 0))
s>                ( QUESTION2_14_L -1 -4.623e+04 3.208e+02 2.087e+02
s>                    ( - -2.839e+04 2 0)
s>                    ( - -1.752e+04 1 0)))))INFO: dtree.c(1478): Final simple tree
|( QUESTION15 1 -9.237e+04 5.067e+02 4.109e+02
|    ( SILENCE -1 -3.368e+04 2.465e+02 1.520e+02
|        ( - -2.480e+04 1 0)
|        ( WDBNDRY_B 0 -8.631e+03 2.550e+02 4.000e+01
|            ( - -4.297e+03 1 0)
|            ( - -4.080e+03 1 0)))
|    ( QUESTION5 1 -5.818e+04 2.792e+02 2.590e+02
|        ( - -2.935e+04 1 0)
|        ( SILENCE 1 -2.856e+04 1.819e+02 1.267e+02
|            ( - -1.164e+03 1 0)
|            ( QUESTION0_6_R 1 -2.721e+04 1.666e+02 1.207e+02
|                ( - -2.089e+03 1 0)
|                ( WDBNDRY_E 0 -2.496e+04 1.649e+02 1.107e+02
|                    ( - -2.451e+04 10 0 QUESTION0_17_R 1 1.534e+02 1.087e+02)
|                    ( - -2.848e+02 1 0))))))
s>    ( QUESTION15 1 -9.237e+04 5.067e+02 4.109e+02
s>        ( SILENCE -1 -3.368e+04 2.465e+02 1.520e+02
s>            ( - -2.480e+04 1 0)
s>            ( WDBNDRY_B 0 -8.631e+03 2.550e+02 4.000e+01
s>                ( - -4.297e+03 1 0)
s>                ( - -4.080e+03 1 0)))
s>        ( QUESTION5 1 -5.818e+04 2.792e+02 2.590e+02
s>            ( - -2.935e+04 1 0)
s>            ( SILENCE 1 -2.856e+04 1.819e+02 1.267e+02
s>                ( - -1.164e+03 1 0)
s>                ( QUESTION0_6_R 1 -2.721e+04 1.666e+02 1.207e+02
s>                    ( - -2.089e+03 1 0)
s>                    ( WDBNDRY_E 0 -2.496e+04 1.649e+02 1.107e+02
s>                        ( - -2.451e+04 10 0 QUESTION0_17_R 1 1.534e+02 1.087e+02)
s>                        ( - -2.848e+02 1 0))))))INFO: dtree.c(1315): Comp split 7
INFO: dtree.c(1439): stop. leaf nodes are specific
INFO: dtree.c(1478): Final simple tree
|( QUESTION1 -1 -1.027e+05 4.591e+02 4.724e+02
|    ( QUESTION20 1 -7.366e+04 2.576e+02 3.410e+02
|        ( - -1.500e+04 1 0)
|        ( WDBNDRY_B 0 -5.840e+04 1.580e+02 2.722e+02
|            ( QUESTION4 -1 -4.692e+03 1.077e+02 2.300e+01
|                ( - -2.004e+03 1 0)
|                ( - -2.580e+03 1 0))
|            ( QUESTION4 -1 -5.355e+04 1.290e+02 2.492e+02
|                ( - -4.263e+04 1 0)
|                ( - -1.080e+04 1 0))))
|    ( WDBNDRY_B 0 -2.854e+04 1.529e+02 1.315e+02
|        ( - -2.787e+04 1 0)
|        ( - -5.147e+02 1 0)))
s>    ( QUESTION1 -1 -1.027e+05 4.591e+02 4.724e+02
s>        ( QUESTION20 1 -7.366e+04 2.576e+02 3.410e+02
s>            ( - -1.500e+04 1 0)
s>            ( WDBNDRY_B 0 -5.840e+04 1.580e+02 2.722e+02
s>                ( QUESTION4 -1 -4.692e+03 1.077e+02 2.300e+01
s>                    ( - -2.004e+03 1 0)
s>                    ( - -2.580e+03 1 0))
s>                ( QUESTION4 -1 -5.355e+04 1.290e+02 2.492e+02
s>                    ( - -4.263e+04 1 0)
s>                    ( - -1.080e+04 1 0))))
s>        ( WDBNDRY_B 0 -2.854e+04 1.529e+02 1.315e+02
s>            ( - -2.787e+04 1 0)
s>            ( - -5.147e+02 1 0)))INFO: dtree.c(1439): stop. leaf nodes are specific
INFO: dtree.c(1478): Final simple tree
|( QUESTION0_14_R 1 -7.474e+04 1.760e+02 3.513e+02
|    ( - -4.037e+04 1 0)
|    ( WDBNDRY_B 0 -3.419e+04 1.452e+02 1.600e+02
|        ( - -3.606e+03 1 0)
|        ( - -3.044e+04 1 0)))
s>    ( QUESTION0_14_R 1 -7.474e+04 1.760e+02 3.513e+02
s>        ( - -4.037e+04 1 0)
s>        ( WDBNDRY_B 0 -3.419e+04 1.452e+02 1.600e+02
s>            ( - -3.606e+03 1 0)
s>            ( - -3.044e+04 1 0)))INFO: dtree.c(1315): Comp split 8
INFO: dtree.c(1478): Final simple tree
|( QUESTION5 1 -5.818e+04 2.792e+02 2.590e+02
|    ( - -2.935e+04 1 0)
|    ( SILENCE 1 -2.856e+04 1.819e+02 1.267e+02
|        ( - -1.164e+03 1 0)
|        ( QUESTION0_6_R 1 -2.721e+04 1.666e+02 1.207e+02
|            ( - -2.089e+03 1 0)
|            ( WDBNDRY_E 0 -2.496e+04 1.649e+02 1.107e+02
|                ( QUESTION0_17_R 1 -2.451e+04 1.534e+02 1.087e+02
|                    ( - -4.900e+03 1 0)
|                    ( QUESTION11 1 -1.945e+04 1.506e+02 8.727e+01
|                        ( - -4.829e+02 1 0)
|                        ( QUESTION0_0_R 1 -1.882e+04 1.388e+02 8.427e+01
|                            ( - -1.200e+04 7 0 QUESTION14 -1 1.273e+02 5.420e+01)
|                            ( - -6.679e+03 1 0))))
|                ( - -2.848e+02 1 0)))))
s>    ( QUESTION5 1 -5.818e+04 2.792e+02 2.590e+02
s>        ( - -2.935e+04 1 0)
s>        ( SILENCE 1 -2.856e+04 1.819e+02 1.267e+02
s>            ( - -1.164e+03 1 0)
s>            ( QUESTION0_6_R 1 -2.721e+04 1.666e+02 1.207e+02
s>                ( - -2.089e+03 1 0)
s>                ( WDBNDRY_E 0 -2.496e+04 1.649e+02 1.107e+02
s>                    ( QUESTION0_17_R 1 -2.451e+04 1.534e+02 1.087e+02
s>                        ( - -4.900e+03 1 0)
s>                        ( QUESTION11 1 -1.945e+04 1.506e+02 8.727e+01
s>                            ( - -4.829e+02 1 0)
s>                            ( QUESTION0_0_R 1 -1.882e+04 1.388e+02 8.427e+01
s>                                ( - -1.200e+04 7 0 QUESTION14 -1 1.273e+02 5.420e+01)
s>                                ( - -6.679e+03 1 0))))
s>                    ( - -2.848e+02 1 0)))))INFO: dtree.c(1439): stop. leaf nodes are specific
INFO: dtree.c(1478): Final simple tree
|( SILENCE -1 -3.368e+04 2.465e+02 1.520e+02
|    ( - -2.480e+04 1 0)
|    ( WDBNDRY_B 0 -8.631e+03 2.550e+02 4.000e+01
|        ( - -4.297e+03 1 0)
|        ( - -4.080e+03 1 0)))
s>    ( SILENCE -1 -3.368e+04 2.465e+02 1.520e+02
s>        ( - -2.480e+04 1 0)
s>        ( WDBNDRY_B 0 -8.631e+03 2.550e+02 4.000e+01
s>            ( - -4.297e+03 1 0)
s>            ( - -4.080e+03 1 0)))INFO: dtree.c(1315): Comp split 9
INFO: dtree.c(1439): stop. leaf nodes are specific
INFO: dtree.c(1478): Final simple tree
|( QUESTION20 1 -7.430e+04 2.552e+02 3.440e+02
|    ( - -1.500e+04 1 0)
|    ( WDBNDRY_B 0 -5.905e+04 1.582e+02 2.752e+02
|        ( QUESTION4 -1 -4.692e+03 1.077e+02 2.300e+01
|            ( - -2.004e+03 1 0)
|            ( - -2.580e+03 1 0))
|        ( QUESTION5 -1 -5.420e+04 1.310e+02 2.522e+02
|            ( - -1.080e+04 1 0)
|            ( QUESTION1 -1 -4.327e+04 1.285e+02 2.020e+02
|                ( - -4.263e+04 1 0)
|                ( - -5.147e+02 1 0)))))
s>    ( QUESTION20 1 -7.430e+04 2.552e+02 3.440e+02
s>        ( - -1.500e+04 1 0)
s>        ( WDBNDRY_B 0 -5.905e+04 1.582e+02 2.752e+02
s>            ( QUESTION4 -1 -4.692e+03 1.077e+02 2.300e+01
s>                ( - -2.004e+03 1 0)
s>                ( - -2.580e+03 1 0))
s>            ( QUESTION5 -1 -5.420e+04 1.310e+02 2.522e+02
s>                ( - -1.080e+04 1 0)
s>                ( QUESTION1 -1 -4.327e+04 1.285e+02 2.020e+02
s>                    ( - -4.263e+04 1 0)
s>                    ( - -5.147e+02 1 0)))))INFO: dtree.c(1315): Comp split 10
INFO: dtree.c(1439): stop. leaf nodes are specific
INFO: dtree.c(1478): Final simple tree
|( QUESTION2_14_L -1 -1.499e+05 3.444e+02 6.711e+02
|    ( QUESTION2_17_L -1 -1.321e+05 2.984e+02 5.923e+02
|        ( QUESTION20 1 -9.961e+04 2.188e+02 4.454e+02
|            ( - -2.767e+04 1 0)
|            ( - -7.173e+04 1 0))
|        ( WDBNDRY_B 0 -3.217e+04 1.987e+02 1.469e+02
|            ( - -3.583e+03 1 0)
|            ( - -2.839e+04 2 0)))
|    ( - -1.752e+04 1 0))
s>    ( QUESTION2_14_L -1 -1.499e+05 3.444e+02 6.711e+02
s>        ( QUESTION2_17_L -1 -1.321e+05 2.984e+02 5.923e+02
s>            ( QUESTION20 1 -9.961e+04 2.188e+02 4.454e+02
s>                ( - -2.767e+04 1 0)
s>                ( - -7.173e+04 1 0))
s>            ( WDBNDRY_B 0 -3.217e+04 1.987e+02 1.469e+02
s>                ( - -3.583e+03 1 0)
s>                ( - -2.839e+04 2 0)))
s>        ( - -1.752e+04 1 0))INFO: dtree.c(1439): stop. leaf nodes are specific
INFO: dtree.c(1478): Final simple tree
|( WDBNDRY_B 0 -2.078e+05 2.965e+02 9.452e+02
|    ( QUESTION0 -1 -1.092e+05 2.283e+02 4.985e+02
|        ( - -3.474e+04 1 0)
|        ( - -7.425e+04 3 0))
|    ( QUESTION20 1 -9.825e+04 1.059e+02 4.467e+02
|        ( - -1.147e+03 1 0)
|        ( - -9.700e+04 1 0)))
s>    ( WDBNDRY_B 0 -2.078e+05 2.965e+02 9.452e+02
s>        ( QUESTION0 -1 -1.092e+05 2.283e+02 4.985e+02
s>            ( - -3.474e+04 1 0)
s>            ( - -7.425e+04 3 0))
s>        ( QUESTION20 1 -9.825e+04 1.059e+02 4.467e+02
s>            ( - -1.147e+03 1 0)
s>            ( - -9.700e+04 1 0)))INFO: dtree.c(1315): Comp split 11
INFO: dtree.c(1439): stop. leaf nodes are specific
INFO: dtree.c(1478): Final simple tree
|( WDBNDRY_B 0 -3.059e+04 1.238e+02 1.435e+02
|    ( - -2.947e+04 2 0)
|    ( - -9.948e+02 2 0))
s>    ( WDBNDRY_B 0 -3.059e+04 1.238e+02 1.435e+02
s>        ( - -2.947e+04 2 0)
s>        ( - -9.948e+02 2 0))INFO: dtree.c(1439): stop. leaf nodes are specific
INFO: dtree.c(1478): Final simple tree
|( WDBNDRY_E 0 -7.793e+04 1.569e+02 3.698e+02
|    ( - -7.707e+04 2 0)
|    ( - -7.085e+02 1 0))
s>    ( WDBNDRY_E 0 -7.793e+04 1.569e+02 3.698e+02
s>        ( - -7.707e+04 2 0)
s>        ( - -7.085e+02 1 0))INFO: dtree.c(1315): Comp split 12
INFO: dtree.c(1439): stop. leaf nodes are specific
INFO: dtree.c(1478): Final simple tree
|( WDBNDRY_B 0 -3.327e+05 2.754e+02 1.539e+03
|    ( QUESTION20 -1 -8.290e+04 2.371e+02 3.876e+02
|        ( QUESTION20 1 -2.937e+04 1.832e+02 1.360e+02
|            ( - -2.300e+02 1 0)
|            ( - -2.895e+04 1 0))
|        ( - -5.330e+04 1 0))
|    ( QUESTION20 1 -2.495e+05 2.534e+02 1.152e+03
|        ( QUESTION20 -1 -9.279e+04 1.491e+02 4.293e+02
|            ( - -2.424e+04 1 0)
|            ( - -6.840e+04 1 0))
|        ( QUESTION20 -1 -1.565e+05 1.816e+02 7.222e+02
|            ( - -1.239e+05 1 0)
|            ( - -3.240e+04 1 0))))
s>    ( WDBNDRY_B 0 -3.327e+05 2.754e+02 1.539e+03
s>        ( QUESTION20 -1 -8.290e+04 2.371e+02 3.876e+02
s>            ( QUESTION20 1 -2.937e+04 1.832e+02 1.360e+02
s>                ( - -2.300e+02 1 0)
s>                ( - -2.895e+04 1 0))
s>            ( - -5.330e+04 1 0))
s>        ( QUESTION20 1 -2.495e+05 2.534e+02 1.152e+03
s>            ( QUESTION20 -1 -9.279e+04 1.491e+02 4.293e+02
s>                ( - -2.424e+04 1 0)
s>                ( - -6.840e+04 1 0))
s>            ( QUESTION20 -1 -1.565e+05 1.816e+02 7.222e+02
s>                ( - -1.239e+05 1 0)
s>                ( - -3.240e+04 1 0))))INFO: dtree.c(1315): Comp split 13
INFO: dtree.c(1439): stop. leaf nodes are specific
INFO: dtree.c(1478): Final simple tree
|( WDBNDRY_B 0 -2.765e+05 1.461e+02 1.277e+03
|    ( - -1.406e+03 1 0)
|    ( - -2.749e+05 2 0))
s>    ( WDBNDRY_B 0 -2.765e+05 1.461e+02 1.277e+03
s>        ( - -1.406e+03 1 0)
s>        ( - -2.749e+05 2 0))INFO: dtree.c(1315): Comp split 14
INFO: dtree.c(1439): stop. leaf nodes are specific
INFO: dtree.c(1478): Final simple tree
|( QUESTION0_14_R 1 -2.032e+05 2.263e+02 9.450e+02
|    ( - -1.092e+03 1 0)
|    ( WDBNDRY_E 0 -2.019e+05 1.704e+02 9.390e+02
|        ( - -6.755e+02 1 0)
|        ( QUESTION14 1 -2.010e+05 1.573e+02 9.350e+02
|            ( - -2.061e+03 2 0)
|            ( - -1.988e+05 2 0))))
s>    ( QUESTION0_14_R 1 -2.032e+05 2.263e+02 9.450e+02
s>        ( - -1.092e+03 1 0)
s>        ( WDBNDRY_E 0 -2.019e+05 1.704e+02 9.390e+02
s>            ( - -6.755e+02 1 0)
s>            ( QUESTION14 1 -2.010e+05 1.573e+02 9.350e+02
s>                ( - -2.061e+03 2 0)
s>                ( - -1.988e+05 2 0))))INFO: dtree.c(1315): Comp split 15
INFO: dtree.c(1439): stop. leaf nodes are specific
INFO: dtree.c(1478): Final simple tree
|( QUESTION20 1 -1.034e+05 2.098e+02 4.624e+02
|    ( - -2.767e+04 1 0)
|    ( WDBNDRY_B 0 -7.549e+04 1.786e+02 3.364e+02
|        ( - -3.583e+03 1 0)
|        ( - -7.173e+04 1 0)))
s>    ( QUESTION20 1 -1.034e+05 2.098e+02 4.624e+02
s>        ( - -2.767e+04 1 0)
s>        ( WDBNDRY_B 0 -7.549e+04 1.786e+02 3.364e+02
s>            ( - -3.583e+03 1 0)
s>            ( - -7.173e+04 1 0)))INFO: dtree.c(1439): stop. leaf nodes are specific
INFO: dtree.c(1478): Final simple tree
|( QUESTION2_14_L -1 -4.623e+04 3.208e+02 2.087e+02
|    ( - -2.839e+04 2 0)
|    ( - -1.752e+04 1 0))
s>    ( QUESTION2_14_L -1 -4.623e+04 3.208e+02 2.087e+02
s>        ( - -2.839e+04 2 0)
s>        ( - -1.752e+04 1 0))INFO: dtree.c(1315): Comp split 16
INFO: dtree.c(1439): stop. leaf nodes are specific
INFO: dtree.c(1478): Final simple tree
|( WDBNDRY_B 0 -2.903e+04 1.509e+02 1.310e+02
|    ( - -2.480e+04 1 0)
|    ( - -4.080e+03 1 0))
s>    ( WDBNDRY_B 0 -2.903e+04 1.509e+02 1.310e+02
s>        ( - -2.480e+04 1 0)
s>        ( - -4.080e+03 1 0))INFO: dtree.c(1315): Comp split 17
INFO: dtree.c(1315): Comp split 18
INFO: dtree.c(1439): stop. leaf nodes are specific
INFO: dtree.c(1478): Final simple tree
|( QUESTION0 -1 -1.105e+05 2.314e+02 5.045e+02
|    ( WDBNDRY_B 0 -3.598e+04 8.980e+01 1.660e+02
|        ( - -3.474e+04 1 0)
|        ( - -1.147e+03 1 0))
|    ( - -7.425e+04 3 0))
s>    ( QUESTION0 -1 -1.105e+05 2.314e+02 5.045e+02
s>        ( WDBNDRY_B 0 -3.598e+04 8.980e+01 1.660e+02
s>            ( - -3.474e+04 1 0)
s>            ( - -1.147e+03 1 0))
s>        ( - -7.425e+04 3 0))INFO: dtree.c(1315): Comp split 19
INFO: dtree.c(1439): stop. leaf nodes are specific
INFO: dtree.c(1478): Final simple tree
|( WDBNDRY_B 0 -2.101e+05 2.214e+02 9.678e+02
|    ( - -2.895e+04 1 0)
|    ( QUESTION20 -1 -1.809e+05 1.983e+02 8.338e+02
|        ( QUESTION20 1 -1.483e+05 1.540e+02 6.821e+02
|            ( - -2.424e+04 1 0)
|            ( - -1.239e+05 1 0))
|        ( - -3.240e+04 1 0)))
s>    ( WDBNDRY_B 0 -2.101e+05 2.214e+02 9.678e+02
s>        ( - -2.895e+04 1 0)
s>        ( QUESTION20 -1 -1.809e+05 1.983e+02 8.338e+02
s>            ( QUESTION20 1 -1.483e+05 1.540e+02 6.821e+02
s>                ( - -2.424e+04 1 0)
s>                ( - -1.239e+05 1 0))
s>            ( - -3.240e+04 1 0)))INFO: dtree.c(1439): stop. leaf nodes are specific
INFO: dtree.c(1478): Final simple tree
|( WDBNDRY_B 0 -1.223e+05 2.233e+02 5.713e+02
|    ( QUESTION20 -1 -5.371e+04 1.832e+02 2.535e+02
|        ( - -2.300e+02 1 0)
|        ( - -5.330e+04 1 0))
|    ( - -6.840e+04 1 0))
s>    ( WDBNDRY_B 0 -1.223e+05 2.233e+02 5.713e+02
s>        ( QUESTION20 -1 -5.371e+04 1.832e+02 2.535e+02
s>            ( - -2.300e+02 1 0)
s>            ( - -5.330e+04 1 0))
s>        ( - -6.840e+04 1 0))INFO: dtree.c(1315): Comp split 20
INFO: dtree.c(1478): Final simple tree
|( SILENCE 1 -2.856e+04 1.819e+02 1.267e+02
|    ( - -1.164e+03 1 0)
|    ( QUESTION0_6_R 1 -2.721e+04 1.666e+02 1.207e+02
|        ( - -2.089e+03 1 0)
|        ( WDBNDRY_E 0 -2.496e+04 1.649e+02 1.107e+02
|            ( QUESTION0_17_R 1 -2.451e+04 1.534e+02 1.087e+02
|                ( - -4.900e+03 1 0)
|                ( QUESTION11 1 -1.945e+04 1.506e+02 8.727e+01
|                    ( - -4.829e+02 1 0)
|                    ( QUESTION0_0_R 1 -1.882e+04 1.388e+02 8.427e+01
|                        ( QUESTION14 -1 -1.200e+04 1.273e+02 5.420e+01
|                            ( - -3.249e+03 2 0 QUESTION0_2_R 1 1.464e+02 1.465e+01)
|                            ( - -8.625e+03 5 0 QUESTION0_2_R 1 1.628e+02 3.955e+01))
|                        ( - -6.679e+03 1 0))))
|            ( - -2.848e+02 1 0))))
s>    ( SILENCE 1 -2.856e+04 1.819e+02 1.267e+02
s>        ( - -1.164e+03 1 0)
s>        ( QUESTION0_6_R 1 -2.721e+04 1.666e+02 1.207e+02
s>            ( - -2.089e+03 1 0)
s>            ( WDBNDRY_E 0 -2.496e+04 1.649e+02 1.107e+02
s>                ( QUESTION0_17_R 1 -2.451e+04 1.534e+02 1.087e+02
s>                    ( - -4.900e+03 1 0)
s>                    ( QUESTION11 1 -1.945e+04 1.506e+02 8.727e+01
s>                        ( - -4.829e+02 1 0)
s>                        ( QUESTION0_0_R 1 -1.882e+04 1.388e+02 8.427e+01
s>                            ( QUESTION14 -1 -1.200e+04 1.273e+02 5.420e+01
s>                                ( - -3.249e+03 2 0 QUESTION0_2_R 1 1.464e+02 1.465e+01)
s>                                ( - -8.625e+03 5 0 QUESTION0_2_R 1 1.628e+02 3.955e+01))
s>                            ( - -6.679e+03 1 0))))
s>                ( - -2.848e+02 1 0))))INFO: dtree.c(1315): Comp split 21
INFO: dtree.c(1439): stop. leaf nodes are specific
INFO: dtree.c(1478): Final simple tree
|( QUESTION1 -1 -1.564e+04 1.259e+02 7.178e+01
|    ( - -1.500e+04 1 0)
|    ( - -5.147e+02 1 0))
s>    ( QUESTION1 -1 -1.564e+04 1.259e+02 7.178e+01
s>        ( - -1.500e+04 1 0)
s>        ( - -5.147e+02 1 0))INFO: dtree.c(1439): stop. leaf nodes are specific
INFO: dtree.c(1478): Final simple tree
|( WDBNDRY_B 0 -5.840e+04 1.580e+02 2.722e+02
|    ( QUESTION4 -1 -4.692e+03 1.077e+02 2.300e+01
|        ( - -2.004e+03 1 0)
|        ( - -2.580e+03 1 0))
|    ( QUESTION4 -1 -5.355e+04 1.290e+02 2.492e+02
|        ( - -4.263e+04 1 0)
|        ( - -1.080e+04 1 0)))
s>    ( WDBNDRY_B 0 -5.840e+04 1.580e+02 2.722e+02
s>        ( QUESTION4 -1 -4.692e+03 1.077e+02 2.300e+01
s>            ( - -2.004e+03 1 0)
s>            ( - -2.580e+03 1 0))
s>        ( QUESTION4 -1 -5.355e+04 1.290e+02 2.492e+02
s>            ( - -4.263e+04 1 0)
s>            ( - -1.080e+04 1 0)))INFO: dtree.c(1315): Comp split 22
INFO: dtree.c(1439): stop. leaf nodes are specific
INFO: dtree.c(1478): Final simple tree
|( WDBNDRY_B 0 -3.598e+04 8.980e+01 1.660e+02
|    ( - -3.474e+04 1 0)
|    ( - -1.147e+03 1 0))
s>    ( WDBNDRY_B 0 -3.598e+04 8.980e+01 1.660e+02
s>        ( - -3.474e+04 1 0)
s>        ( - -1.147e+03 1 0))INFO: dtree.c(1315): Comp split 23
INFO: dtree.c(1439): stop. leaf nodes are specific
INFO: dtree.c(1478): Final simple tree
|( WDBNDRY_B 0 -3.141e+04 1.587e+02 1.430e+02
|    ( - -3.583e+03 1 0)
|    ( - -2.767e+04 1 0))
s>    ( WDBNDRY_B 0 -3.141e+04 1.587e+02 1.430e+02
s>        ( - -3.583e+03 1 0)
s>        ( - -2.767e+04 1 0))INFO: dtree.c(1315): Comp split 24
INFO: dtree.c(1439): stop. leaf nodes are specific
INFO: dtree.c(1478): Final simple tree
|( WDBNDRY_E 0 -2.019e+05 1.704e+02 9.390e+02
|    ( - -6.755e+02 1 0)
|    ( QUESTION14 1 -2.010e+05 1.573e+02 9.350e+02
|        ( - -2.061e+03 2 0)
|        ( - -1.988e+05 2 0)))
s>    ( WDBNDRY_E 0 -2.019e+05 1.704e+02 9.390e+02
s>        ( - -6.755e+02 1 0)
s>        ( QUESTION14 1 -2.010e+05 1.573e+02 9.350e+02
s>            ( - -2.061e+03 2 0)
s>            ( - -1.988e+05 2 0)))INFO: dtree.c(1315): Comp split 25
INFO: dtree.c(1439): stop. leaf nodes are specific
INFO: dtree.c(1478): Final simple tree
|( QUESTION20 -1 -5.371e+04 1.832e+02 2.535e+02
|    ( - -2.300e+02 1 0)
|    ( - -5.330e+04 1 0))
s>    ( QUESTION20 -1 -5.371e+04 1.832e+02 2.535e+02
s>        ( - -2.300e+02 1 0)
s>        ( - -5.330e+04 1 0))INFO: dtree.c(1315): Comp split 26
INFO: dtree.c(1439): stop. leaf nodes are specific
INFO: dtree.c(1478): Final simple tree
|( QUESTION20 -1 -1.809e+05 1.983e+02 8.338e+02
|    ( QUESTION20 1 -1.483e+05 1.540e+02 6.821e+02
|        ( - -2.424e+04 1 0)
|        ( - -1.239e+05 1 0))
|    ( - -3.240e+04 1 0))
s>    ( QUESTION20 -1 -1.809e+05 1.983e+02 8.338e+02
s>        ( QUESTION20 1 -1.483e+05 1.540e+02 6.821e+02
s>            ( - -2.424e+04 1 0)
s>            ( - -1.239e+05 1 0))
s>        ( - -3.240e+04 1 0))INFO: dtree.c(1315): Comp split 27
INFO: dtree.c(1439): stop. leaf nodes are specific
INFO: dtree.c(1478): Final simple tree
|( QUESTION20 1 -1.483e+05 1.540e+02 6.821e+02
|    ( - -2.424e+04 1 0)
|    ( - -1.239e+05 1 0))
s>    ( QUESTION20 1 -1.483e+05 1.540e+02 6.821e+02
s>        ( - -2.424e+04 1 0)
s>        ( - -1.239e+05 1 0))INFO: dtree.c(1315): Comp split 28
INFO: dtree.c(1315): Comp split 29
INFO: dtree.c(1478): Final simple tree
|( QUESTION0_6_R 1 -2.721e+04 1.666e+02 1.207e+02
|    ( - -2.089e+03 1 0)
|    ( WDBNDRY_E 0 -2.496e+04 1.649e+02 1.107e+02
|        ( QUESTION0_17_R 1 -2.451e+04 1.534e+02 1.087e+02
|            ( - -4.900e+03 1 0)
|            ( QUESTION11 1 -1.945e+04 1.506e+02 8.727e+01
|                ( - -4.829e+02 1 0)
|                ( QUESTION0_0_R 1 -1.882e+04 1.388e+02 8.427e+01
|                    ( QUESTION14 -1 -1.200e+04 1.273e+02 5.420e+01
|                        ( - -3.249e+03 2 0 QUESTION0_2_R 1 1.464e+02 1.465e+01)
|                        ( QUESTION0_2_R 1 -8.625e+03 1.628e+02 3.955e+01
|                            ( - -2.987e+02 1 0)
|                            ( - -8.163e+03 4 0 QUESTION0_4_R 1 1.158e+02 3.755e+01)))
|                    ( - -6.679e+03 1 0))))
|        ( - -2.848e+02 1 0)))
s>    ( QUESTION0_6_R 1 -2.721e+04 1.666e+02 1.207e+02
s>        ( - -2.089e+03 1 0)
s>        ( WDBNDRY_E 0 -2.496e+04 1.649e+02 1.107e+02
s>            ( QUESTION0_17_R 1 -2.451e+04 1.534e+02 1.087e+02
s>                ( - -4.900e+03 1 0)
s>                ( QUESTION11 1 -1.945e+04 1.506e+02 8.727e+01
s>                    ( - -4.829e+02 1 0)
s>                    ( QUESTION0_0_R 1 -1.882e+04 1.388e+02 8.427e+01
s>                        ( QUESTION14 -1 -1.200e+04 1.273e+02 5.420e+01
s>                            ( - -3.249e+03 2 0 QUESTION0_2_R 1 1.464e+02 1.465e+01)
s>                            ( QUESTION0_2_R 1 -8.625e+03 1.628e+02 3.955e+01
s>                                ( - -2.987e+02 1 0)
s>                                ( - -8.163e+03 4 0 QUESTION0_4_R 1 1.158e+02 3.755e+01)))
s>                        ( - -6.679e+03 1 0))))
s>            ( - -2.848e+02 1 0)))INFO: dtree.c(1315): Comp split 30
INFO: dtree.c(1439): stop. leaf nodes are specific
INFO: dtree.c(1478): Final simple tree
|( QUESTION0_1_R 1 -2.546e+03 1.579e+02 1.200e+01
|    ( - -2.987e+02 1 0)
|    ( - -2.089e+03 1 0))
s>    ( QUESTION0_1_R 1 -2.546e+03 1.579e+02 1.200e+01
s>        ( - -2.987e+02 1 0)
s>        ( - -2.089e+03 1 0))INFO: dtree.c(1478): Final simple tree
|( WDBNDRY_E 0 -2.448e+04 1.646e+02 1.087e+02
|    ( QUESTION0_17_R 1 -2.403e+04 1.546e+02 1.067e+02
|        ( - -4.900e+03 1 0)
|        ( QUESTION11 1 -1.898e+04 1.509e+02 8.527e+01
|            ( - -4.829e+02 1 0)
|            ( QUESTION0_2_R 1 -1.835e+04 1.477e+02 8.227e+01
|                ( - -2.518e+03 1 0)
|                ( QUESTION0_0_R 1 -1.568e+04 1.309e+02 7.062e+01
|                    ( QUESTION14 -1 -8.871e+03 1.221e+02 4.055e+01
|                        ( - -5.852e+02 1 0)
|                        ( QUESTION0_4_R 1 -8.163e+03 1.158e+02 3.755e+01
|                            ( - -5.125e+03 3 0)
|                            ( - -2.922e+03 1 0)))
|                    ( - -6.679e+03 1 0)))))
|    ( - -2.848e+02 1 0))
s>    ( WDBNDRY_E 0 -2.448e+04 1.646e+02 1.087e+02
s>        ( QUESTION0_17_R 1 -2.403e+04 1.546e+02 1.067e+02
s>            ( - -4.900e+03 1 0)
s>            ( QUESTION11 1 -1.898e+04 1.509e+02 8.527e+01
s>                ( - -4.829e+02 1 0)
s>                ( QUESTION0_2_R 1 -1.835e+04 1.477e+02 8.227e+01
s>                    ( - -2.518e+03 1 0)
s>                    ( QUESTION0_0_R 1 -1.568e+04 1.309e+02 7.062e+01
s>                        ( QUESTION14 -1 -8.871e+03 1.221e+02 4.055e+01
s>                            ( - -5.852e+02 1 0)
s>                            ( QUESTION0_4_R 1 -8.163e+03 1.158e+02 3.755e+01
s>                                ( - -5.125e+03 3 0)
s>                                ( - -2.922e+03 1 0)))
s>                        ( - -6.679e+03 1 0)))))
s>        ( - -2.848e+02 1 0))INFO: dtree.c(1315): Comp split 31
INFO: dtree.c(1439): stop. leaf nodes are specific
INFO: dtree.c(1478): Final simple tree
|( WDBNDRY_B 0 -4.412e+04 1.441e+02 2.093e+02
|    ( - -3.606e+03 1 0)
|    ( - -4.037e+04 1 0))
s>    ( WDBNDRY_B 0 -4.412e+04 1.441e+02 2.093e+02
s>        ( - -3.606e+03 1 0)
s>        ( - -4.037e+04 1 0))INFO: dtree.c(1315): Comp split 32
INFO: dtree.c(1439): stop. leaf nodes are specific
INFO: dtree.c(1478): Final simple tree
|( QUESTION0_0_R 1 -5.587e+03 1.026e+02 2.442e+01
|    ( - -5.852e+02 1 0)
|    ( - -4.900e+03 1 0))
s>    ( QUESTION0_0_R 1 -5.587e+03 1.026e+02 2.442e+01
s>        ( - -5.852e+02 1 0)
s>        ( - -4.900e+03 1 0))INFO: dtree.c(1439): stop. leaf nodes are specific
INFO: dtree.c(1478): Final simple tree
|( WDBNDRY_E 0 -1.872e+04 1.648e+02 8.427e+01
|    ( QUESTION11 1 -1.827e+04 1.506e+02 8.227e+01
|        ( - -4.829e+02 1 0)
|        ( QUESTION0_2_R 1 -1.764e+04 1.455e+02 7.927e+01
|            ( - -2.518e+03 1 0)
|            ( QUESTION0_0_R 1 -1.498e+04 1.340e+02 6.762e+01
|                ( QUESTION0_4_R 1 -8.163e+03 1.158e+02 3.755e+01
|                    ( - -5.125e+03 3 0)
|                    ( - -2.922e+03 1 0))
|                ( - -6.679e+03 1 0))))
|    ( - -2.848e+02 1 0))
s>    ( WDBNDRY_E 0 -1.872e+04 1.648e+02 8.427e+01
s>        ( QUESTION11 1 -1.827e+04 1.506e+02 8.227e+01
s>            ( - -4.829e+02 1 0)
s>            ( QUESTION0_2_R 1 -1.764e+04 1.455e+02 7.927e+01
s>                ( - -2.518e+03 1 0)
s>                ( QUESTION0_0_R 1 -1.498e+04 1.340e+02 6.762e+01
s>                    ( QUESTION0_4_R 1 -8.163e+03 1.158e+02 3.755e+01
s>                        ( - -5.125e+03 3 0)
s>                        ( - -2.922e+03 1 0))
s>                    ( - -6.679e+03 1 0))))
s>        ( - -2.848e+02 1 0))INFO: dtree.c(1315): Comp split 33
INFO: dtree.c(1439): stop. leaf nodes are specific
INFO: dtree.c(1478): Final simple tree
|( QUESTION14 1 -2.010e+05 1.573e+02 9.350e+02
|    ( - -2.061e+03 2 0)
|    ( - -1.988e+05 2 0))
s>    ( QUESTION14 1 -2.010e+05 1.573e+02 9.350e+02
s>        ( - -2.061e+03 2 0)
s>        ( - -1.988e+05 2 0))INFO: dtree.c(1315): Comp split 34
INFO: dtree.c(1439): stop. leaf nodes are specific
INFO: dtree.c(1478): Final simple tree
|( QUESTION11 1 -1.827e+04 1.506e+02 8.227e+01
|    ( - -4.829e+02 1 0)
|    ( QUESTION0_2_R 1 -1.764e+04 1.455e+02 7.927e+01
|        ( - -2.518e+03 1 0)
|        ( QUESTION0_0_R 1 -1.498e+04 1.340e+02 6.762e+01
|            ( QUESTION0_4_R 1 -8.163e+03 1.158e+02 3.755e+01
|                ( - -5.125e+03 3 0)
|                ( - -2.922e+03 1 0))
|            ( - -6.679e+03 1 0))))
s>    ( QUESTION11 1 -1.827e+04 1.506e+02 8.227e+01
s>        ( - -4.829e+02 1 0)
s>        ( QUESTION0_2_R 1 -1.764e+04 1.455e+02 7.927e+01
s>            ( - -2.518e+03 1 0)
s>            ( QUESTION0_0_R 1 -1.498e+04 1.340e+02 6.762e+01
s>                ( QUESTION0_4_R 1 -8.163e+03 1.158e+02 3.755e+01
s>                    ( - -5.125e+03 3 0)
s>                    ( - -2.922e+03 1 0))
s>                ( - -6.679e+03 1 0))))INFO: dtree.c(1315): Comp split 35
INFO: dtree.c(1315): Comp split 36
INFO: dtree.c(1439): stop. leaf nodes are specific
INFO: dtree.c(1478): Final simple tree
|( QUESTION4 -1 -5.355e+04 1.290e+02 2.492e+02
|    ( - -4.263e+04 1 0)
|    ( - -1.080e+04 1 0))
s>    ( QUESTION4 -1 -5.355e+04 1.290e+02 2.492e+02
s>        ( - -4.263e+04 1 0)
s>        ( - -1.080e+04 1 0))INFO: dtree.c(1439): stop. leaf nodes are specific
INFO: dtree.c(1478): Final simple tree
|( QUESTION4 -1 -4.692e+03 1.077e+02 2.300e+01
|    ( - -2.004e+03 1 0)
|    ( - -2.580e+03 1 0))
s>    ( QUESTION4 -1 -4.692e+03 1.077e+02 2.300e+01
s>        ( - -2.004e+03 1 0)
s>        ( - -2.580e+03 1 0))INFO: dtree.c(1315): Comp split 37
INFO: dtree.c(1315): Comp split 38
INFO: dtree.c(1315): Comp split 39
INFO: dtree.c(1315): Comp split 40
INFO: dtree.c(1315): Comp split 41
INFO: dtree.c(1315): Comp split 42
INFO: dtree.c(1439): stop. leaf nodes are specific
INFO: dtree.c(1478): Final simple tree
|( QUESTION0_2_R 1 -1.764e+04 1.455e+02 7.927e+01
|    ( - -2.518e+03 1 0)
|    ( QUESTION0_0_R 1 -1.498e+04 1.340e+02 6.762e+01
|        ( QUESTION0_4_R 1 -8.163e+03 1.158e+02 3.755e+01
|            ( - -5.125e+03 3 0)
|            ( - -2.922e+03 1 0))
|        ( - -6.679e+03 1 0)))
s>    ( QUESTION0_2_R 1 -1.764e+04 1.455e+02 7.927e+01
s>        ( - -2.518e+03 1 0)
s>        ( QUESTION0_0_R 1 -1.498e+04 1.340e+02 6.762e+01
s>            ( QUESTION0_4_R 1 -8.163e+03 1.158e+02 3.755e+01
s>                ( - -5.125e+03 3 0)
s>                ( - -2.922e+03 1 0))
s>            ( - -6.679e+03 1 0)))INFO: dtree.c(1315): Comp split 43
INFO: dtree.c(1315): Comp split 44
INFO: dtree.c(1439): stop. leaf nodes are specific
INFO: dtree.c(1478): Final simple tree
|( QUESTION0_0_R 1 -1.498e+04 1.340e+02 6.762e+01
|    ( QUESTION0_4_R 1 -8.163e+03 1.158e+02 3.755e+01
|        ( - -5.125e+03 3 0)
|        ( - -2.922e+03 1 0))
|    ( - -6.679e+03 1 0))
s>    ( QUESTION0_0_R 1 -1.498e+04 1.340e+02 6.762e+01
s>        ( QUESTION0_4_R 1 -8.163e+03 1.158e+02 3.755e+01
s>            ( - -5.125e+03 3 0)
s>            ( - -2.922e+03 1 0))
s>        ( - -6.679e+03 1 0))INFO: dtree.c(1315): Comp split 45
INFO: dtree.c(1315): Comp split 46
INFO: dtree.c(1439): stop. leaf nodes are specific
INFO: dtree.c(1478): Final simple tree
|( QUESTION0_4_R 1 -8.163e+03 1.158e+02 3.755e+01
|    ( - -5.125e+03 3 0)
|    ( - -2.922e+03 1 0))
s>    ( QUESTION0_4_R 1 -8.163e+03 1.158e+02 3.755e+01
s>        ( - -5.125e+03 3 0)
s>        ( - -2.922e+03 1 0))INFO: dtree.c(1315): Comp split 47
INFO: dtree.c(1315): Comp split 48
INFO: dtree.c(1315): Comp split 49
INFO: dtree.c(1315): Comp split 50
INFO: dtree.c(1315): Comp split 51
INFO: dtree.c(1315): Comp split 52
INFO: dtree.c(1315): Comp split 53
INFO: dtree.c(1315): Comp split 54
INFO: dtree.c(1318): stop. leaf nodes are specific
Sun Mar 19 21:50:42 2017
