Current configuration:
[NAME]		[DEFLT]	[VALUE]
-allphones	no	no
-cntthresh	0.00001	1.000000e-05
-csplitmax	100	2000
-csplitmin	1	1
-csplitthr	8e-4	0.000000e+00
-example	no	no
-fullvar	no	no
-help		no	no
-meanfn			/home/ilya/Рабочий стол/lab_sphinx/ru_base/model_parameters/ru_base.cd_cont_untied/means
-mixwfn			/home/ilya/Рабочий стол/lab_sphinx/ru_base/model_parameters/ru_base.cd_cont_untied/mixture_weights
-moddeffn		/home/ilya/Рабочий стол/lab_sphinx/ru_base/model_architecture/ru_base.untied.mdef
-mwfloor	1e-4	1.000000e-08
-phone			nj
-psetfn			/home/ilya/Рабочий стол/lab_sphinx/ru_base/model_architecture/ru_base.tree_questions
-ssplitmax	5	7
-ssplitmin	1	1
-ssplitthr	8e-4	0.000000e+00
-state			1
-stwt			1.0,0.05,0.0,
-treefn			/home/ilya/Рабочий стол/lab_sphinx/ru_base/trees/ru_base.unpruned/nj-1.dtree
-ts2cbfn	.semi.	.cont.
-varfloor	0.00001	1.000000e-05
-varfn			/home/ilya/Рабочий стол/lab_sphinx/ru_base/model_parameters/ru_base.cd_cont_untied/variances

INFO: main.c(223): Reading: /home/ilya/Рабочий стол/lab_sphinx/ru_base/model_architecture/ru_base.untied.mdef
INFO: model_def_io.c(573): Model definition info:
INFO: model_def_io.c(574): 9415 total models defined (43 base, 9372 tri)
INFO: model_def_io.c(575): 37660 total states
INFO: model_def_io.c(576): 28245 total tied states
INFO: model_def_io.c(577): 129 total tied CI states
INFO: model_def_io.c(578): 43 total tied transition matrices
INFO: model_def_io.c(579): 4 max state/model
INFO: model_def_io.c(580): 4 min state/model
INFO: main.c(242): Building trees for [nj SIL e0 b] through [nj zh u0 i]
INFO: main.c(269): Covering states |[15090 15500]| == 411
INFO: main.c(275): Reading: /home/ilya/Рабочий стол/lab_sphinx/ru_base/model_parameters/ru_base.cd_cont_untied/mixture_weights
INFO: s3mixw_io.c(173): Read /home/ilya/Рабочий стол/lab_sphinx/ru_base/model_parameters/ru_base.cd_cont_untied/mixture_weights [411x1x1 array]
INFO: main.c(311): 137 of 137 models have observation count greater than 0.000010
INFO: main.c(95): nrm stwt: 0.045 0.909 0.045 
INFO: s3gau_io.c(169): Read /home/ilya/Рабочий стол/lab_sphinx/ru_base/model_parameters/ru_base.cd_cont_untied/means [28245x1x1 array]
INFO: s3gau_io.c(169): Read /home/ilya/Рабочий стол/lab_sphinx/ru_base/model_parameters/ru_base.cd_cont_untied/variances [28245x1x1 array]
INFO: main.c(549): Reading: /home/ilya/Рабочий стол/lab_sphinx/ru_base/model_architecture/ru_base.tree_questions
INFO: main.c(588): 180 total simple questions (172 phone; 8 word bndry)
INFO: main.c(590): 42 Left Only questions, and 42 Right Only questions
INFO: dtree.c(1478): Final simple tree
|( QUESTION13 -1 -2.899e+06 5.256e+03 1.303e+04
|    ( QUESTION0_13_R 1 -2.116e+06 3.045e+03 9.608e+03
|        ( QUESTION16 -1 -2.043e+06 2.713e+03 9.276e+03
|            ( - -8.782e+05 12 0 QUESTION20 1 8.581e+02 4.008e+03)
|            ( QUESTION0_19_R 1 -1.162e+06 1.700e+03 5.268e+03
|                ( - -2.304e+04 2 0 WDBNDRY_E 0 2.121e+02 1.176e+02)
|                ( QUESTION0_16_R 1 -1.137e+06 1.451e+03 5.150e+03
|                    ( WDBNDRY_I 0 -9.687e+05 1.660e+03 4.405e+03
|                        ( - -5.827e+05 18 0 QUESTION14 -1 1.191e+03 2.689e+03)
|                        ( - -3.843e+05 19 0 QUESTION2_14_L -1 6.182e+02 1.716e+03))
|                    ( - -1.671e+05 11 0 QUESTION16 1 1.149e+03 7.453e+02))))
|        ( - -7.049e+04 16 0 QUESTION0_3_R 1 1.094e+03 3.319e+02))
|    ( QUESTION16 1 -7.777e+05 1.526e+03 3.423e+03
|        ( - -1.152e+05 8 0 QUESTION4 -1 4.300e+02 5.116e+02)
|        ( - -6.610e+05 51 0 QUESTION2 -1 1.330e+03 2.912e+03)))
s>    ( QUESTION13 -1 -2.899e+06 5.256e+03 1.303e+04
s>        ( QUESTION0_13_R 1 -2.116e+06 3.045e+03 9.608e+03
s>            ( QUESTION16 -1 -2.043e+06 2.713e+03 9.276e+03
s>                ( - -8.782e+05 12 0 QUESTION20 1 8.581e+02 4.008e+03)
s>                ( QUESTION0_19_R 1 -1.162e+06 1.700e+03 5.268e+03
s>                    ( - -2.304e+04 2 0 WDBNDRY_E 0 2.121e+02 1.176e+02)
s>                    ( QUESTION0_16_R 1 -1.137e+06 1.451e+03 5.150e+03
s>                        ( WDBNDRY_I 0 -9.687e+05 1.660e+03 4.405e+03
s>                            ( - -5.827e+05 18 0 QUESTION14 -1 1.191e+03 2.689e+03)
s>                            ( - -3.843e+05 19 0 QUESTION2_14_L -1 6.182e+02 1.716e+03))
s>                        ( - -1.671e+05 11 0 QUESTION16 1 1.149e+03 7.453e+02))))
s>            ( - -7.049e+04 16 0 QUESTION0_3_R 1 1.094e+03 3.319e+02))
s>        ( QUESTION16 1 -7.777e+05 1.526e+03 3.423e+03
s>            ( - -1.152e+05 8 0 QUESTION4 -1 4.300e+02 5.116e+02)
s>            ( - -6.610e+05 51 0 QUESTION2 -1 1.330e+03 2.912e+03)))INFO: dtree.c(1315): Comp split 0
INFO: dtree.c(1478): Final simple tree
|( QUESTION16 -1 -1.488e+06 2.378e+03 6.815e+03
|    ( QUESTION20 1 -8.782e+05 8.581e+02 4.008e+03
|        ( WDBNDRY_B 0 -4.680e+05 4.652e+02 2.155e+03
|            ( - -1.502e+05 2 0)
|            ( - -3.174e+05 2 0))
|        ( - -4.093e+05 8 0 WDBNDRY_B 0 3.582e+02 1.853e+03))
|    ( QUESTION0_16_R 1 -6.074e+05 1.590e+03 2.806e+03
|        ( QUESTION14 -1 -5.827e+05 1.191e+03 2.689e+03
|            ( QUESTION20 1 -1.939e+05 5.525e+02 8.930e+02
|                ( - -1.351e+05 6 0 QUESTION2_16_L -1 4.544e+02 6.238e+02)
|                ( - -5.822e+04 6 0 QUESTION2_16_L -1 3.376e+02 2.693e+02))
|            ( QUESTION20 -1 -3.876e+05 6.115e+02 1.796e+03
|                ( - -9.269e+04 2 0 QUESTION20 1 2.684e+02 4.336e+02)
|                ( - -2.943e+05 4 0 QUESTION20 1 3.636e+02 1.362e+03)))
|        ( - -2.304e+04 2 0 WDBNDRY_E 0 2.121e+02 1.176e+02)))
s>    ( QUESTION16 -1 -1.488e+06 2.378e+03 6.815e+03
s>        ( QUESTION20 1 -8.782e+05 8.581e+02 4.008e+03
s>            ( WDBNDRY_B 0 -4.680e+05 4.652e+02 2.155e+03
s>                ( - -1.502e+05 2 0)
s>                ( - -3.174e+05 2 0))
s>            ( - -4.093e+05 8 0 WDBNDRY_B 0 3.582e+02 1.853e+03))
s>        ( QUESTION0_16_R 1 -6.074e+05 1.590e+03 2.806e+03
s>            ( QUESTION14 -1 -5.827e+05 1.191e+03 2.689e+03
s>                ( QUESTION20 1 -1.939e+05 5.525e+02 8.930e+02
s>                    ( - -1.351e+05 6 0 QUESTION2_16_L -1 4.544e+02 6.238e+02)
s>                    ( - -5.822e+04 6 0 QUESTION2_16_L -1 3.376e+02 2.693e+02))
s>                ( QUESTION20 -1 -3.876e+05 6.115e+02 1.796e+03
s>                    ( - -9.269e+04 2 0 QUESTION20 1 2.684e+02 4.336e+02)
s>                    ( - -2.943e+05 4 0 QUESTION20 1 3.636e+02 1.362e+03)))
s>            ( - -2.304e+04 2 0 WDBNDRY_E 0 2.121e+02 1.176e+02)))INFO: dtree.c(1478): Final simple tree
|( QUESTION0_13_R 1 -1.405e+06 2.994e+03 6.216e+03
|    ( QUESTION0_16_R 1 -1.329e+06 1.904e+03 5.875e+03
|        ( QUESTION2 -1 -1.042e+06 1.490e+03 4.608e+03
|            ( - -1.081e+05 8 0 QUESTION2_4_L -1 8.005e+02 4.886e+02)
|            ( QUESTION2_13_L -1 -9.320e+05 1.135e+03 4.119e+03
|                ( - -4.477e+05 24 0 QUESTION2_14_L -1 6.129e+02 1.997e+03)
|                ( WDBNDRY_B 0 -4.831e+05 1.100e+03 2.122e+03
|                    ( - -3.490e+05 19 0 SILENCE -1 7.116e+02 1.519e+03)
|                    ( - -1.330e+05 12 0 QUESTION12 -1 4.533e+02 6.030e+02))))
|        ( QUESTION16 1 -2.856e+05 1.203e+03 1.267e+03
|            ( - -2.040e+05 12 0 QUESTION15 -1 9.026e+02 9.054e+02)
|            ( - -8.036e+04 10 0 WDBNDRY_E 0 5.579e+02 3.615e+02)))
|    ( QUESTION0_5_R 1 -7.296e+04 1.119e+03 3.419e+02
|        ( - -2.926e+04 2 0 WDBNDRY_E 0 1.472e+02 1.516e+02)
|        ( - -4.259e+04 18 0 QUESTION6 1 4.556e+02 1.903e+02)))
s>    ( QUESTION0_13_R 1 -1.405e+06 2.994e+03 6.216e+03
s>        ( QUESTION0_16_R 1 -1.329e+06 1.904e+03 5.875e+03
s>            ( QUESTION2 -1 -1.042e+06 1.490e+03 4.608e+03
s>                ( - -1.081e+05 8 0 QUESTION2_4_L -1 8.005e+02 4.886e+02)
s>                ( QUESTION2_13_L -1 -9.320e+05 1.135e+03 4.119e+03
s>                    ( - -4.477e+05 24 0 QUESTION2_14_L -1 6.129e+02 1.997e+03)
s>                    ( WDBNDRY_B 0 -4.831e+05 1.100e+03 2.122e+03
s>                        ( - -3.490e+05 19 0 SILENCE -1 7.116e+02 1.519e+03)
s>                        ( - -1.330e+05 12 0 QUESTION12 -1 4.533e+02 6.030e+02))))
s>            ( QUESTION16 1 -2.856e+05 1.203e+03 1.267e+03
s>                ( - -2.040e+05 12 0 QUESTION15 -1 9.026e+02 9.054e+02)
s>                ( - -8.036e+04 10 0 WDBNDRY_E 0 5.579e+02 3.615e+02)))
s>        ( QUESTION0_5_R 1 -7.296e+04 1.119e+03 3.419e+02
s>            ( - -2.926e+04 2 0 WDBNDRY_E 0 1.472e+02 1.516e+02)
s>            ( - -4.259e+04 18 0 QUESTION6 1 4.556e+02 1.903e+02)))INFO: dtree.c(1315): Comp split 1
INFO: dtree.c(1478): Final simple tree
|( QUESTION0_14_R 1 -1.138e+06 1.979e+03 5.024e+03
|    ( QUESTION15 -1 -2.040e+05 9.026e+02 9.054e+02
|        ( - -7.234e+04 3 0 WDBNDRY_E 0 1.685e+02 3.235e+02)
|        ( - -1.308e+05 9 0 QUESTION4 -1 4.308e+02 5.819e+02))
|    ( QUESTION2_13_L -1 -9.320e+05 1.135e+03 4.119e+03
|        ( QUESTION2_14_L -1 -4.477e+05 6.129e+02 1.997e+03
|            ( QUESTION20 1 -1.648e+05 5.027e+02 7.513e+02
|                ( - -6.012e+04 4 0 QUESTION14 -1 3.348e+02 2.698e+02)
|                ( - -1.042e+05 5 0 QUESTION14 -1 3.874e+02 4.815e+02))
|            ( - -2.823e+05 15 0 QUESTION14 -1 4.076e+02 1.246e+03))
|        ( WDBNDRY_B 0 -4.831e+05 1.100e+03 2.122e+03
|            ( SILENCE -1 -3.490e+05 7.116e+02 1.519e+03
|                ( - -1.779e+05 2 0 QUESTION20 1 2.369e+02 7.773e+02)
|                ( - -1.704e+05 17 0 QUESTION4 -1 4.166e+02 7.417e+02))
|            ( - -1.330e+05 12 0 QUESTION12 -1 4.533e+02 6.030e+02))))
s>    ( QUESTION0_14_R 1 -1.138e+06 1.979e+03 5.024e+03
s>        ( QUESTION15 -1 -2.040e+05 9.026e+02 9.054e+02
s>            ( - -7.234e+04 3 0 WDBNDRY_E 0 1.685e+02 3.235e+02)
s>            ( - -1.308e+05 9 0 QUESTION4 -1 4.308e+02 5.819e+02))
s>        ( QUESTION2_13_L -1 -9.320e+05 1.135e+03 4.119e+03
s>            ( QUESTION2_14_L -1 -4.477e+05 6.129e+02 1.997e+03
s>                ( QUESTION20 1 -1.648e+05 5.027e+02 7.513e+02
s>                    ( - -6.012e+04 4 0 QUESTION14 -1 3.348e+02 2.698e+02)
s>                    ( - -1.042e+05 5 0 QUESTION14 -1 3.874e+02 4.815e+02))
s>                ( - -2.823e+05 15 0 QUESTION14 -1 4.076e+02 1.246e+03))
s>            ( WDBNDRY_B 0 -4.831e+05 1.100e+03 2.122e+03
s>                ( SILENCE -1 -3.490e+05 7.116e+02 1.519e+03
s>                    ( - -1.779e+05 2 0 QUESTION20 1 2.369e+02 7.773e+02)
s>                    ( - -1.704e+05 17 0 QUESTION4 -1 4.166e+02 7.417e+02))
s>                ( - -1.330e+05 12 0 QUESTION12 -1 4.533e+02 6.030e+02))))INFO: dtree.c(1478): Final simple tree
|( QUESTION0_13_R 1 -2.639e+05 1.724e+03 1.192e+03
|    ( QUESTION2_7_L -1 -1.892e+05 8.736e+02 8.500e+02
|        ( - -3.041e+04 2 0 QUESTION20 1 3.781e+02 1.360e+02)
|        ( QUESTION0 -1 -1.580e+05 7.563e+02 7.140e+02
|            ( QUESTION2_6_L -1 -7.926e+04 5.366e+02 3.626e+02
|                ( - -2.154e+04 4 0 QUESTION0_14_R 1 1.579e+02 9.548e+01)
|                ( - -5.718e+04 5 0 WDBNDRY_B 0 4.495e+02 2.671e+02))
|            ( WDBNDRY_E 0 -7.794e+04 5.781e+02 3.515e+02
|                ( - -1.779e+04 2 0 QUESTION0_14_R 1 4.479e+02 7.955e+01)
|                ( QUESTION2_14_L -1 -5.957e+04 5.142e+02 2.719e+02
|                    ( - -3.778e+04 3 0 QUESTION18 -1 4.127e+02 1.750e+02)
|                    ( - -2.128e+04 2 0)))))
|    ( QUESTION0_5_R 1 -7.296e+04 1.119e+03 3.419e+02
|        ( - -2.926e+04 2 0 WDBNDRY_E 0 1.472e+02 1.516e+02)
|        ( - -4.259e+04 18 0 QUESTION6 1 4.556e+02 1.903e+02)))
s>    ( QUESTION0_13_R 1 -2.639e+05 1.724e+03 1.192e+03
s>        ( QUESTION2_7_L -1 -1.892e+05 8.736e+02 8.500e+02
s>            ( - -3.041e+04 2 0 QUESTION20 1 3.781e+02 1.360e+02)
s>            ( QUESTION0 -1 -1.580e+05 7.563e+02 7.140e+02
s>                ( QUESTION2_6_L -1 -7.926e+04 5.366e+02 3.626e+02
s>                    ( - -2.154e+04 4 0 QUESTION0_14_R 1 1.579e+02 9.548e+01)
s>                    ( - -5.718e+04 5 0 WDBNDRY_B 0 4.495e+02 2.671e+02))
s>                ( WDBNDRY_E 0 -7.794e+04 5.781e+02 3.515e+02
s>                    ( - -1.779e+04 2 0 QUESTION0_14_R 1 4.479e+02 7.955e+01)
s>                    ( QUESTION2_14_L -1 -5.957e+04 5.142e+02 2.719e+02
s>                        ( - -3.778e+04 3 0 QUESTION18 -1 4.127e+02 1.750e+02)
s>                        ( - -2.128e+04 2 0)))))
s>        ( QUESTION0_5_R 1 -7.296e+04 1.119e+03 3.419e+02
s>            ( - -2.926e+04 2 0 WDBNDRY_E 0 1.472e+02 1.516e+02)
s>            ( - -4.259e+04 18 0 QUESTION6 1 4.556e+02 1.903e+02)))INFO: dtree.c(1315): Comp split 2
INFO: dtree.c(1478): Final simple tree
|( QUESTION0_16_R 1 -6.074e+05 1.590e+03 2.806e+03
|    ( QUESTION14 -1 -5.827e+05 1.191e+03 2.689e+03
|        ( QUESTION20 1 -1.939e+05 5.525e+02 8.930e+02
|            ( QUESTION2_16_L -1 -1.351e+05 4.544e+02 6.238e+02
|                ( - 2.411e+02 1 0)
|                ( - -1.349e+05 5 0 QUESTION2_14_L -1 2.235e+02 6.228e+02))
|            ( QUESTION2_16_L -1 -5.822e+04 3.376e+02 2.693e+02
|                ( - -7.806e+03 1 0)
|                ( - -5.007e+04 5 0 QUESTION2_14_L -1 1.701e+02 2.302e+02)))
|        ( QUESTION20 -1 -3.876e+05 6.115e+02 1.796e+03
|            ( - -9.269e+04 2 0 QUESTION20 1 2.684e+02 4.336e+02)
|            ( QUESTION20 1 -2.943e+05 3.636e+02 1.362e+03
|                ( - -2.146e+05 1 0)
|                ( - -7.935e+04 3 0 QUESTION14 1 3.098e+02 3.672e+02))))
|    ( - -2.304e+04 2 0 WDBNDRY_E 0 2.121e+02 1.176e+02))
s>    ( QUESTION0_16_R 1 -6.074e+05 1.590e+03 2.806e+03
s>        ( QUESTION14 -1 -5.827e+05 1.191e+03 2.689e+03
s>            ( QUESTION20 1 -1.939e+05 5.525e+02 8.930e+02
s>                ( QUESTION2_16_L -1 -1.351e+05 4.544e+02 6.238e+02
s>                    ( - 2.411e+02 1 0)
s>                    ( - -1.349e+05 5 0 QUESTION2_14_L -1 2.235e+02 6.228e+02))
s>                ( QUESTION2_16_L -1 -5.822e+04 3.376e+02 2.693e+02
s>                    ( - -7.806e+03 1 0)
s>                    ( - -5.007e+04 5 0 QUESTION2_14_L -1 1.701e+02 2.302e+02)))
s>            ( QUESTION20 -1 -3.876e+05 6.115e+02 1.796e+03
s>                ( - -9.269e+04 2 0 QUESTION20 1 2.684e+02 4.336e+02)
s>                ( QUESTION20 1 -2.943e+05 3.636e+02 1.362e+03
s>                    ( - -2.146e+05 1 0)
s>                    ( - -7.935e+04 3 0 QUESTION14 1 3.098e+02 3.672e+02))))
s>        ( - -2.304e+04 2 0 WDBNDRY_E 0 2.121e+02 1.176e+02))INFO: dtree.c(1439): stop. leaf nodes are specific
INFO: dtree.c(1478): Final simple tree
|( QUESTION20 1 -8.782e+05 8.581e+02 4.008e+03
|    ( WDBNDRY_B 0 -4.680e+05 4.652e+02 2.155e+03
|        ( - -1.502e+05 2 0)
|        ( - -3.174e+05 2 0))
|    ( WDBNDRY_B 0 -4.093e+05 3.582e+02 1.853e+03
|        ( - -2.404e+05 2 0)
|        ( QUESTION16 1 -1.686e+05 2.123e+02 7.765e+02
|            ( - -1.059e+04 2 0)
|            ( QUESTION0_14_R 1 -1.578e+05 2.360e+02 7.292e+02
|                ( - -8.207e+02 1 0)
|                ( QUESTION14 1 -1.567e+05 1.840e+02 7.242e+02
|                    ( - -1.924e+04 1 0)
|                    ( - -1.373e+05 2 0))))))
s>    ( QUESTION20 1 -8.782e+05 8.581e+02 4.008e+03
s>        ( WDBNDRY_B 0 -4.680e+05 4.652e+02 2.155e+03
s>            ( - -1.502e+05 2 0)
s>            ( - -3.174e+05 2 0))
s>        ( WDBNDRY_B 0 -4.093e+05 3.582e+02 1.853e+03
s>            ( - -2.404e+05 2 0)
s>            ( QUESTION16 1 -1.686e+05 2.123e+02 7.765e+02
s>                ( - -1.059e+04 2 0)
s>                ( QUESTION0_14_R 1 -1.578e+05 2.360e+02 7.292e+02
s>                    ( - -8.207e+02 1 0)
s>                    ( QUESTION14 1 -1.567e+05 1.840e+02 7.242e+02
s>                        ( - -1.924e+04 1 0)
s>                        ( - -1.373e+05 2 0))))))INFO: dtree.c(1315): Comp split 3
INFO: dtree.c(1478): Final simple tree
|( QUESTION0_14_R 1 -4.813e+05 1.501e+03 2.101e+03
|    ( QUESTION4 -1 -1.308e+05 4.308e+02 5.819e+02
|        ( - 1.963e+02 1 0)
|        ( QUESTION12 -1 -1.306e+05 3.288e+02 5.809e+02
|            ( - -9.417e+04 4 0)
|            ( - -3.607e+04 4 0 QUESTION10 -1 2.597e+02 1.619e+02)))
|    ( SILENCE -1 -3.490e+05 7.116e+02 1.519e+03
|        ( - -1.779e+05 2 0 QUESTION20 1 2.369e+02 7.773e+02)
|        ( QUESTION4 -1 -1.704e+05 4.166e+02 7.417e+02
|            ( QUESTION20 1 -2.338e+04 3.953e+02 1.028e+02
|                ( - -3.046e+03 1 0)
|                ( - -1.994e+04 1 0))
|            ( QUESTION6 -1 -1.466e+05 4.001e+02 6.390e+02
|                ( - -1.159e+04 2 0 QUESTION20 1 1.211e+02 5.276e+01)
|                ( - -1.346e+05 13 0 QUESTION11 -1 2.411e+02 5.862e+02)))))
s>    ( QUESTION0_14_R 1 -4.813e+05 1.501e+03 2.101e+03
s>        ( QUESTION4 -1 -1.308e+05 4.308e+02 5.819e+02
s>            ( - 1.963e+02 1 0)
s>            ( QUESTION12 -1 -1.306e+05 3.288e+02 5.809e+02
s>                ( - -9.417e+04 4 0)
s>                ( - -3.607e+04 4 0 QUESTION10 -1 2.597e+02 1.619e+02)))
s>        ( SILENCE -1 -3.490e+05 7.116e+02 1.519e+03
s>            ( - -1.779e+05 2 0 QUESTION20 1 2.369e+02 7.773e+02)
s>            ( QUESTION4 -1 -1.704e+05 4.166e+02 7.417e+02
s>                ( QUESTION20 1 -2.338e+04 3.953e+02 1.028e+02
s>                    ( - -3.046e+03 1 0)
s>                    ( - -1.994e+04 1 0))
s>                ( QUESTION6 -1 -1.466e+05 4.001e+02 6.390e+02
s>                    ( - -1.159e+04 2 0 QUESTION20 1 1.211e+02 5.276e+01)
s>                    ( - -1.346e+05 13 0 QUESTION11 -1 2.411e+02 5.862e+02)))))INFO: dtree.c(1478): Final simple tree
|( QUESTION0_14_R 1 -6.547e+05 9.857e+02 2.924e+03
|    ( - -7.234e+04 3 0 WDBNDRY_E 0 1.685e+02 3.235e+02)
|    ( QUESTION2_20_L -1 -5.814e+05 6.354e+02 2.600e+03
|        ( - -2.823e+05 15 0 QUESTION14 -1 4.076e+02 1.246e+03)
|        ( QUESTION2_12_L -1 -2.985e+05 6.272e+02 1.354e+03
|            ( - -1.149e+05 7 0 QUESTION20 1 4.027e+02 5.189e+02)
|            ( QUESTION14 -1 -1.830e+05 4.984e+02 8.354e+02
|                ( - -6.500e+04 3 0 QUESTION2_17_L -1 2.264e+02 3.003e+02)
|                ( WDBNDRY_E 0 -1.175e+05 4.449e+02 5.351e+02
|                    ( - 2.094e+02 1 0)
|                    ( QUESTION20 1 -1.173e+05 4.314e+02 5.341e+02
|                        ( QUESTION0 -1 -4.464e+04 4.177e+02 2.007e+02
|                            ( - -1.780e+04 4 0 QUESTION4 -1 2.944e+02 8.414e+01)
|                            ( - -2.642e+04 1 0))
|                        ( - -7.221e+04 5 0 QUESTION18 -1 2.987e+02 3.334e+02)))))))
s>    ( QUESTION0_14_R 1 -6.547e+05 9.857e+02 2.924e+03
s>        ( - -7.234e+04 3 0 WDBNDRY_E 0 1.685e+02 3.235e+02)
s>        ( QUESTION2_20_L -1 -5.814e+05 6.354e+02 2.600e+03
s>            ( - -2.823e+05 15 0 QUESTION14 -1 4.076e+02 1.246e+03)
s>            ( QUESTION2_12_L -1 -2.985e+05 6.272e+02 1.354e+03
s>                ( - -1.149e+05 7 0 QUESTION20 1 4.027e+02 5.189e+02)
s>                ( QUESTION14 -1 -1.830e+05 4.984e+02 8.354e+02
s>                    ( - -6.500e+04 3 0 QUESTION2_17_L -1 2.264e+02 3.003e+02)
s>                    ( WDBNDRY_E 0 -1.175e+05 4.449e+02 5.351e+02
s>                        ( - 2.094e+02 1 0)
s>                        ( QUESTION20 1 -1.173e+05 4.314e+02 5.341e+02
s>                            ( QUESTION0 -1 -4.464e+04 4.177e+02 2.007e+02
s>                                ( - -1.780e+04 4 0 QUESTION4 -1 2.944e+02 8.414e+01)
s>                                ( - -2.642e+04 1 0))
s>                            ( - -7.221e+04 5 0 QUESTION18 -1 2.987e+02 3.334e+02)))))))INFO: dtree.c(1315): Comp split 4
INFO: dtree.c(1478): Final simple tree
|( QUESTION2_7_L -1 -1.892e+05 8.736e+02 8.500e+02
|    ( - -3.041e+04 2 0 QUESTION20 1 3.781e+02 1.360e+02)
|    ( QUESTION0 -1 -1.580e+05 7.563e+02 7.140e+02
|        ( QUESTION2_6_L -1 -7.926e+04 5.366e+02 3.626e+02
|            ( - -2.154e+04 4 0 QUESTION0_14_R 1 1.579e+02 9.548e+01)
|            ( WDBNDRY_B 0 -5.718e+04 4.495e+02 2.671e+02
|                ( - 1.730e+02 1 0)
|                ( - -5.691e+04 4 0 QUESTION20 1 2.551e+02 2.661e+02)))
|        ( WDBNDRY_E 0 -7.794e+04 5.781e+02 3.515e+02
|            ( QUESTION0_14_R 1 -1.779e+04 4.479e+02 7.955e+01
|                ( - -1.753e+04 1 0)
|                ( - 1.886e+02 1 0))
|            ( QUESTION2_14_L -1 -5.957e+04 5.142e+02 2.719e+02
|                ( - -3.778e+04 3 0 QUESTION18 -1 4.127e+02 1.750e+02)
|                ( - -2.128e+04 2 0)))))
s>    ( QUESTION2_7_L -1 -1.892e+05 8.736e+02 8.500e+02
s>        ( - -3.041e+04 2 0 QUESTION20 1 3.781e+02 1.360e+02)
s>        ( QUESTION0 -1 -1.580e+05 7.563e+02 7.140e+02
s>            ( QUESTION2_6_L -1 -7.926e+04 5.366e+02 3.626e+02
s>                ( - -2.154e+04 4 0 QUESTION0_14_R 1 1.579e+02 9.548e+01)
s>                ( WDBNDRY_B 0 -5.718e+04 4.495e+02 2.671e+02
s>                    ( - 1.730e+02 1 0)
s>                    ( - -5.691e+04 4 0 QUESTION20 1 2.551e+02 2.661e+02)))
s>            ( WDBNDRY_E 0 -7.794e+04 5.781e+02 3.515e+02
s>                ( QUESTION0_14_R 1 -1.779e+04 4.479e+02 7.955e+01
s>                    ( - -1.753e+04 1 0)
s>                    ( - 1.886e+02 1 0))
s>                ( QUESTION2_14_L -1 -5.957e+04 5.142e+02 2.719e+02
s>                    ( - -3.778e+04 3 0 QUESTION18 -1 4.127e+02 1.750e+02)
s>                    ( - -2.128e+04 2 0)))))INFO: dtree.c(1478): Final simple tree
|( QUESTION0_5_R 1 -7.296e+04 1.119e+03 3.419e+02
|    ( - -2.926e+04 2 0 WDBNDRY_E 0 1.472e+02 1.516e+02)
|    ( QUESTION6 1 -4.259e+04 4.556e+02 1.903e+02
|        ( - 2.198e+02 1 0)
|        ( QUESTION12 1 -4.235e+04 3.714e+02 1.893e+02
|            ( QUESTION16 -1 -2.452e+04 1.846e+02 1.140e+02
|                ( - -2.612e+02 1 0)
|                ( - -2.407e+04 4 0 WDBNDRY_E 0 1.504e+02 1.120e+02))
|            ( QUESTION0_8_R 1 -1.746e+04 2.499e+02 7.534e+01
|                ( - -5.228e+03 1 0)
|                ( QUESTION16 -1 -1.198e+04 2.611e+02 5.170e+01
|                    ( - -4.107e+02 1 0)
|                    ( QUESTION13 1 -1.131e+04 1.577e+02 4.870e+01
|                        ( - -3.934e+03 4 0 QUESTION0 -1 1.616e+02 1.852e+01)
|                        ( - -7.221e+03 6 0 QUESTION0 -1 1.561e+02 3.019e+01)))))))
s>    ( QUESTION0_5_R 1 -7.296e+04 1.119e+03 3.419e+02
s>        ( - -2.926e+04 2 0 WDBNDRY_E 0 1.472e+02 1.516e+02)
s>        ( QUESTION6 1 -4.259e+04 4.556e+02 1.903e+02
s>            ( - 2.198e+02 1 0)
s>            ( QUESTION12 1 -4.235e+04 3.714e+02 1.893e+02
s>                ( QUESTION16 -1 -2.452e+04 1.846e+02 1.140e+02
s>                    ( - -2.612e+02 1 0)
s>                    ( - -2.407e+04 4 0 WDBNDRY_E 0 1.504e+02 1.120e+02))
s>                ( QUESTION0_8_R 1 -1.746e+04 2.499e+02 7.534e+01
s>                    ( - -5.228e+03 1 0)
s>                    ( QUESTION16 -1 -1.198e+04 2.611e+02 5.170e+01
s>                        ( - -4.107e+02 1 0)
s>                        ( QUESTION13 1 -1.131e+04 1.577e+02 4.870e+01
s>                            ( - -3.934e+03 4 0 QUESTION0 -1 1.616e+02 1.852e+01)
s>                            ( - -7.221e+03 6 0 QUESTION0 -1 1.561e+02 3.019e+01)))))))INFO: dtree.c(1315): Comp split 5
INFO: dtree.c(1439): stop. leaf nodes are specific
INFO: dtree.c(1478): Final simple tree
|( WDBNDRY_E 0 -2.304e+04 2.121e+02 1.176e+02
|    ( - -1.376e+03 1 0)
|    ( - -2.145e+04 1 0))
s>    ( WDBNDRY_E 0 -2.304e+04 2.121e+02 1.176e+02
s>        ( - -1.376e+03 1 0)
s>        ( - -2.145e+04 1 0))INFO: dtree.c(1478): Final simple tree
|( QUESTION14 -1 -5.827e+05 1.191e+03 2.689e+03
|    ( QUESTION20 1 -1.939e+05 5.525e+02 8.930e+02
|        ( QUESTION2_16_L -1 -1.351e+05 4.544e+02 6.238e+02
|            ( - 2.411e+02 1 0)
|            ( - -1.349e+05 5 0 QUESTION2_14_L -1 2.235e+02 6.228e+02))
|        ( QUESTION2_16_L -1 -5.822e+04 3.376e+02 2.693e+02
|            ( - -7.806e+03 1 0)
|            ( - -5.007e+04 5 0 QUESTION2_14_L -1 1.701e+02 2.302e+02)))
|    ( QUESTION20 -1 -3.876e+05 6.115e+02 1.796e+03
|        ( - -9.269e+04 2 0 QUESTION20 1 2.684e+02 4.336e+02)
|        ( QUESTION20 1 -2.943e+05 3.636e+02 1.362e+03
|            ( - -2.146e+05 1 0)
|            ( QUESTION14 1 -7.935e+04 3.098e+02 3.672e+02
|                ( - -1.947e+04 1 0)
|                ( - -5.958e+04 2 0 QUESTION18 -1 2.077e+02 2.760e+02)))))
s>    ( QUESTION14 -1 -5.827e+05 1.191e+03 2.689e+03
s>        ( QUESTION20 1 -1.939e+05 5.525e+02 8.930e+02
s>            ( QUESTION2_16_L -1 -1.351e+05 4.544e+02 6.238e+02
s>                ( - 2.411e+02 1 0)
s>                ( - -1.349e+05 5 0 QUESTION2_14_L -1 2.235e+02 6.228e+02))
s>            ( QUESTION2_16_L -1 -5.822e+04 3.376e+02 2.693e+02
s>                ( - -7.806e+03 1 0)
s>                ( - -5.007e+04 5 0 QUESTION2_14_L -1 1.701e+02 2.302e+02)))
s>        ( QUESTION20 -1 -3.876e+05 6.115e+02 1.796e+03
s>            ( - -9.269e+04 2 0 QUESTION20 1 2.684e+02 4.336e+02)
s>            ( QUESTION20 1 -2.943e+05 3.636e+02 1.362e+03
s>                ( - -2.146e+05 1 0)
s>                ( QUESTION14 1 -7.935e+04 3.098e+02 3.672e+02
s>                    ( - -1.947e+04 1 0)
s>                    ( - -5.958e+04 2 0 QUESTION18 -1 2.077e+02 2.760e+02)))))INFO: dtree.c(1315): Comp split 6
INFO: dtree.c(1478): Final simple tree
|( SILENCE -1 -3.490e+05 7.116e+02 1.519e+03
|    ( QUESTION20 1 -1.779e+05 2.369e+02 7.773e+02
|        ( - -1.193e+04 1 0)
|        ( - -1.657e+05 1 0))
|    ( QUESTION4 -1 -1.704e+05 4.166e+02 7.417e+02
|        ( QUESTION20 1 -2.338e+04 3.953e+02 1.028e+02
|            ( - -3.046e+03 1 0)
|            ( - -1.994e+04 1 0))
|        ( QUESTION6 -1 -1.466e+05 4.001e+02 6.390e+02
|            ( - -1.159e+04 2 0 QUESTION20 1 1.211e+02 5.276e+01)
|            ( QUESTION11 -1 -1.346e+05 2.411e+02 5.862e+02
|                ( - -4.938e+04 2 0 QUESTION20 1 1.066e+02 2.169e+02)
|                ( QUESTION20 1 -8.499e+04 2.430e+02 3.694e+02
|                    ( - -1.237e+04 5 0 QUESTION2_1_L -1 1.013e+02 5.560e+01)
|                    ( - -7.238e+04 6 0 QUESTION1 -1 2.018e+02 3.138e+02))))))
s>    ( SILENCE -1 -3.490e+05 7.116e+02 1.519e+03
s>        ( QUESTION20 1 -1.779e+05 2.369e+02 7.773e+02
s>            ( - -1.193e+04 1 0)
s>            ( - -1.657e+05 1 0))
s>        ( QUESTION4 -1 -1.704e+05 4.166e+02 7.417e+02
s>            ( QUESTION20 1 -2.338e+04 3.953e+02 1.028e+02
s>                ( - -3.046e+03 1 0)
s>                ( - -1.994e+04 1 0))
s>            ( QUESTION6 -1 -1.466e+05 4.001e+02 6.390e+02
s>                ( - -1.159e+04 2 0 QUESTION20 1 1.211e+02 5.276e+01)
s>                ( QUESTION11 -1 -1.346e+05 2.411e+02 5.862e+02
s>                    ( - -4.938e+04 2 0 QUESTION20 1 1.066e+02 2.169e+02)
s>                    ( QUESTION20 1 -8.499e+04 2.430e+02 3.694e+02
s>                        ( - -1.237e+04 5 0 QUESTION2_1_L -1 1.013e+02 5.560e+01)
s>                        ( - -7.238e+04 6 0 QUESTION1 -1 2.018e+02 3.138e+02))))))INFO: dtree.c(1439): stop. leaf nodes are specific
INFO: dtree.c(1478): Final simple tree
|( QUESTION4 -1 -1.308e+05 4.308e+02 5.819e+02
|    ( - 1.963e+02 1 0)
|    ( QUESTION12 -1 -1.306e+05 3.288e+02 5.809e+02
|        ( - -9.417e+04 4 0)
|        ( QUESTION10 -1 -3.607e+04 2.597e+02 1.619e+02
|            ( - -1.975e+04 2 0)
|            ( WDBNDRY_B 0 -1.606e+04 1.367e+02 7.337e+01
|                ( - -1.534e+04 1 0)
|                ( - -5.816e+02 1 0)))))
s>    ( QUESTION4 -1 -1.308e+05 4.308e+02 5.819e+02
s>        ( - 1.963e+02 1 0)
s>        ( QUESTION12 -1 -1.306e+05 3.288e+02 5.809e+02
s>            ( - -9.417e+04 4 0)
s>            ( QUESTION10 -1 -3.607e+04 2.597e+02 1.619e+02
s>                ( - -1.975e+04 2 0)
s>                ( WDBNDRY_B 0 -1.606e+04 1.367e+02 7.337e+01
s>                    ( - -1.534e+04 1 0)
s>                    ( - -5.816e+02 1 0)))))INFO: dtree.c(1315): Comp split 7
INFO: dtree.c(1439): stop. leaf nodes are specific
INFO: dtree.c(1478): Final simple tree
|( QUESTION2_14_L -1 -3.957e+05 6.138e+02 1.835e+03
|    ( QUESTION20 1 -1.012e+05 2.714e+02 4.746e+02
|        ( - -8.124e+04 1 0)
|        ( QUESTION19 -1 -1.970e+04 2.614e+02 9.465e+01
|            ( - -1.118e+04 1 0)
|            ( QUESTION14 -1 -8.255e+03 2.120e+02 4.105e+01
|                ( - -7.806e+03 1 0)
|                ( - -2.372e+02 1 0))))
|    ( QUESTION20 1 -2.939e+05 3.600e+02 1.360e+03
|        ( - -2.146e+05 1 0)
|        ( QUESTION14 1 -7.891e+04 3.117e+02 3.652e+02
|            ( - -1.947e+04 1 0)
|            ( - -5.913e+04 1 0))))
s>    ( QUESTION2_14_L -1 -3.957e+05 6.138e+02 1.835e+03
s>        ( QUESTION20 1 -1.012e+05 2.714e+02 4.746e+02
s>            ( - -8.124e+04 1 0)
s>            ( QUESTION19 -1 -1.970e+04 2.614e+02 9.465e+01
s>                ( - -1.118e+04 1 0)
s>                ( QUESTION14 -1 -8.255e+03 2.120e+02 4.105e+01
s>                    ( - -7.806e+03 1 0)
s>                    ( - -2.372e+02 1 0))))
s>        ( QUESTION20 1 -2.939e+05 3.600e+02 1.360e+03
s>            ( - -2.146e+05 1 0)
s>            ( QUESTION14 1 -7.891e+04 3.117e+02 3.652e+02
s>                ( - -1.947e+04 1 0)
s>                ( - -5.913e+04 1 0))))INFO: dtree.c(1439): stop. leaf nodes are specific
INFO: dtree.c(1478): Final simple tree
|( QUESTION20 1 -1.858e+05 5.586e+02 8.540e+02
|    ( QUESTION2_16_L -1 -1.351e+05 4.544e+02 6.238e+02
|        ( - 2.411e+02 1 0)
|        ( QUESTION2_14_L -1 -1.349e+05 2.235e+02 6.228e+02
|            ( - -1.698e+03 1 0)
|            ( - -1.330e+05 4 0)))
|    ( QUESTION2_14_L -1 -5.007e+04 1.701e+02 2.302e+02
|        ( - -2.820e+03 1 0)
|        ( - -4.708e+04 4 0)))
s>    ( QUESTION20 1 -1.858e+05 5.586e+02 8.540e+02
s>        ( QUESTION2_16_L -1 -1.351e+05 4.544e+02 6.238e+02
s>            ( - 2.411e+02 1 0)
s>            ( QUESTION2_14_L -1 -1.349e+05 2.235e+02 6.228e+02
s>                ( - -1.698e+03 1 0)
s>                ( - -1.330e+05 4 0)))
s>        ( QUESTION2_14_L -1 -5.007e+04 1.701e+02 2.302e+02
s>            ( - -2.820e+03 1 0)
s>            ( - -4.708e+04 4 0)))INFO: dtree.c(1315): Comp split 8
INFO: dtree.c(1439): stop. leaf nodes are specific
INFO: dtree.c(1478): Final simple tree
|( QUESTION0_4_R 1 -2.991e+04 2.393e+02 1.546e+02
|    ( - -4.107e+02 1 0)
|    ( WDBNDRY_E 0 -2.926e+04 1.472e+02 1.516e+02
|        ( - -3.797e+02 1 0)
|        ( - -2.873e+04 1 0)))
s>    ( QUESTION0_4_R 1 -2.991e+04 2.393e+02 1.546e+02
s>        ( - -4.107e+02 1 0)
s>        ( WDBNDRY_E 0 -2.926e+04 1.472e+02 1.516e+02
s>            ( - -3.797e+02 1 0)
s>            ( - -2.873e+04 1 0)))INFO: dtree.c(1478): Final simple tree
|( QUESTION6 1 -4.192e+04 4.555e+02 1.873e+02
|    ( - 2.198e+02 1 0)
|    ( QUESTION12 1 -4.169e+04 3.820e+02 1.863e+02
|        ( QUESTION16 -1 -2.452e+04 1.846e+02 1.140e+02
|            ( - -2.612e+02 1 0)
|            ( - -2.407e+04 4 0 WDBNDRY_E 0 1.504e+02 1.120e+02))
|        ( QUESTION0_8_R 1 -1.679e+04 2.492e+02 7.234e+01
|            ( - -5.228e+03 1 0)
|            ( QUESTION13 1 -1.131e+04 1.577e+02 4.870e+01
|                ( QUESTION0 -1 -3.934e+03 1.616e+02 1.852e+01
|                    ( - -1.717e+03 3 0 QUESTION0_2_R 1 1.001e+02 8.000e+00)
|                    ( - -2.055e+03 1 0))
|                ( QUESTION0 -1 -7.221e+03 1.561e+02 3.019e+01
|                    ( - -3.995e+02 1 0)
|                    ( - -6.665e+03 5 0 SILENCE 1 4.450e+02 2.819e+01))))))
s>    ( QUESTION6 1 -4.192e+04 4.555e+02 1.873e+02
s>        ( - 2.198e+02 1 0)
s>        ( QUESTION12 1 -4.169e+04 3.820e+02 1.863e+02
s>            ( QUESTION16 -1 -2.452e+04 1.846e+02 1.140e+02
s>                ( - -2.612e+02 1 0)
s>                ( - -2.407e+04 4 0 WDBNDRY_E 0 1.504e+02 1.120e+02))
s>            ( QUESTION0_8_R 1 -1.679e+04 2.492e+02 7.234e+01
s>                ( - -5.228e+03 1 0)
s>                ( QUESTION13 1 -1.131e+04 1.577e+02 4.870e+01
s>                    ( QUESTION0 -1 -3.934e+03 1.616e+02 1.852e+01
s>                        ( - -1.717e+03 3 0 QUESTION0_2_R 1 1.001e+02 8.000e+00)
s>                        ( - -2.055e+03 1 0))
s>                    ( QUESTION0 -1 -7.221e+03 1.561e+02 3.019e+01
s>                        ( - -3.995e+02 1 0)
s>                        ( - -6.665e+03 5 0 SILENCE 1 4.450e+02 2.819e+01))))))INFO: dtree.c(1315): Comp split 9
INFO: dtree.c(1478): Final simple tree
|( QUESTION15 -1 -1.358e+05 6.971e+02 6.186e+02
|    ( QUESTION18 -1 -3.620e+04 5.637e+02 1.643e+02
|        ( - -1.657e+04 1 0)
|        ( QUESTION0_14_R 1 -1.907e+04 4.470e+02 8.555e+01
|            ( WDBNDRY_E 0 -1.882e+04 2.620e+02 8.455e+01
|                ( - -1.753e+04 1 0)
|                ( - -1.021e+03 1 0))
|            ( - 1.886e+02 1 0)))
|    ( QUESTION2_15_L -1 -9.890e+04 4.927e+02 4.542e+02
|        ( - -1.951e+04 1 0)
|        ( WDBNDRY_B 0 -7.890e+04 4.504e+02 3.640e+02
|            ( - 1.730e+02 1 0)
|            ( QUESTION0 -1 -7.862e+04 4.385e+02 3.630e+02
|                ( - -5.691e+04 4 0 QUESTION20 1 2.551e+02 2.661e+02)
|                ( - -2.128e+04 2 0)))))
s>    ( QUESTION15 -1 -1.358e+05 6.971e+02 6.186e+02
s>        ( QUESTION18 -1 -3.620e+04 5.637e+02 1.643e+02
s>            ( - -1.657e+04 1 0)
s>            ( QUESTION0_14_R 1 -1.907e+04 4.470e+02 8.555e+01
s>                ( WDBNDRY_E 0 -1.882e+04 2.620e+02 8.455e+01
s>                    ( - -1.753e+04 1 0)
s>                    ( - -1.021e+03 1 0))
s>                ( - 1.886e+02 1 0)))
s>        ( QUESTION2_15_L -1 -9.890e+04 4.927e+02 4.542e+02
s>            ( - -1.951e+04 1 0)
s>            ( WDBNDRY_B 0 -7.890e+04 4.504e+02 3.640e+02
s>                ( - 1.730e+02 1 0)
s>                ( QUESTION0 -1 -7.862e+04 4.385e+02 3.630e+02
s>                    ( - -5.691e+04 4 0 QUESTION20 1 2.551e+02 2.661e+02)
s>                    ( - -2.128e+04 2 0)))))INFO: dtree.c(1439): stop. leaf nodes are specific
INFO: dtree.c(1478): Final simple tree
|( QUESTION2_4_L -1 -5.235e+04 3.988e+02 2.315e+02
|    ( QUESTION0_14_R 1 -2.154e+04 1.579e+02 9.548e+01
|        ( - -3.613e+02 1 0)
|        ( QUESTION20 1 -2.102e+04 1.288e+02 9.348e+01
|            ( - -1.643e+04 1 0)
|            ( WDBNDRY_B 0 -4.458e+03 2.090e+02 2.002e+01
|                ( - -3.581e+03 1 0)
|                ( - -6.687e+02 1 0))))
|    ( QUESTION20 1 -3.041e+04 3.781e+02 1.360e+02
|        ( - -1.860e+04 1 0)
|        ( - -1.144e+04 1 0)))
s>    ( QUESTION2_4_L -1 -5.235e+04 3.988e+02 2.315e+02
s>        ( QUESTION0_14_R 1 -2.154e+04 1.579e+02 9.548e+01
s>            ( - -3.613e+02 1 0)
s>            ( QUESTION20 1 -2.102e+04 1.288e+02 9.348e+01
s>                ( - -1.643e+04 1 0)
s>                ( WDBNDRY_B 0 -4.458e+03 2.090e+02 2.002e+01
s>                    ( - -3.581e+03 1 0)
s>                    ( - -6.687e+02 1 0))))
s>        ( QUESTION20 1 -3.041e+04 3.781e+02 1.360e+02
s>            ( - -1.860e+04 1 0)
s>            ( - -1.144e+04 1 0)))INFO: dtree.c(1315): Comp split 10
INFO: dtree.c(1478): Final simple tree
|( QUESTION12 -1 -2.058e+05 6.695e+02 9.364e+02
|    ( - -8.117e+04 5 0 QUESTION20 1 2.282e+02 3.618e+02)
|    ( QUESTION4 -1 -1.239e+05 3.519e+02 5.746e+02
|        ( - -1.054e+04 2 0 QUESTION20 1 1.793e+02 5.201e+01)
|        ( QUESTION0 -1 -1.130e+05 3.320e+02 5.226e+02
|            ( QUESTION20 1 -4.889e+04 2.648e+02 2.272e+02
|                ( QUESTION2_12_L -1 -3.915e+04 2.724e+02 1.821e+02
|                    ( - -2.916e+04 1 0)
|                    ( - -9.717e+03 3 0 WDBNDRY_B 0 2.067e+02 4.507e+01))
|                ( QUESTION2_12_L -1 -9.471e+03 3.154e+02 4.509e+01
|                    ( - -3.771e+03 1 0)
|                    ( - -5.385e+03 2 0 WDBNDRY_B 0 1.961e+02 2.509e+01)))
|            ( QUESTION18 -1 -6.382e+04 2.927e+02 2.954e+02
|                ( - -1.273e+04 1 0)
|                ( - -5.080e+04 1 0)))))
s>    ( QUESTION12 -1 -2.058e+05 6.695e+02 9.364e+02
s>        ( - -8.117e+04 5 0 QUESTION20 1 2.282e+02 3.618e+02)
s>        ( QUESTION4 -1 -1.239e+05 3.519e+02 5.746e+02
s>            ( - -1.054e+04 2 0 QUESTION20 1 1.793e+02 5.201e+01)
s>            ( QUESTION0 -1 -1.130e+05 3.320e+02 5.226e+02
s>                ( QUESTION20 1 -4.889e+04 2.648e+02 2.272e+02
s>                    ( QUESTION2_12_L -1 -3.915e+04 2.724e+02 1.821e+02
s>                        ( - -2.916e+04 1 0)
s>                        ( - -9.717e+03 3 0 WDBNDRY_B 0 2.067e+02 4.507e+01))
s>                    ( QUESTION2_12_L -1 -9.471e+03 3.154e+02 4.509e+01
s>                        ( - -3.771e+03 1 0)
s>                        ( - -5.385e+03 2 0 WDBNDRY_B 0 1.961e+02 2.509e+01)))
s>                ( QUESTION18 -1 -6.382e+04 2.927e+02 2.954e+02
s>                    ( - -1.273e+04 1 0)
s>                    ( - -5.080e+04 1 0)))))INFO: dtree.c(1478): Final simple tree
|( QUESTION0_14_R 1 -4.479e+05 7.967e+02 1.987e+03
|    ( - -7.234e+04 3 0 WDBNDRY_E 0 1.685e+02 3.235e+02)
|    ( QUESTION14 -1 -3.747e+05 6.331e+02 1.664e+03
|        ( QUESTION2_14_L -1 -1.776e+05 3.218e+02 8.022e+02
|            ( QUESTION2_17_L -1 -6.500e+04 2.264e+02 3.003e+02
|                ( - -4.163e+04 2 0 QUESTION20 1 1.562e+02 1.915e+02)
|                ( - -2.314e+04 1 0))
|            ( - -1.123e+05 8 0 QUESTION20 1 1.535e+02 5.019e+02))
|        ( QUESTION1 -1 -1.965e+05 4.462e+02 8.614e+02
|            ( - 2.094e+02 1 0)
|            ( QUESTION20 1 -1.962e+05 2.976e+02 8.604e+02
|                ( - -6.217e+04 5 0 QUESTION20 -1 2.204e+02 2.754e+02)
|                ( QUESTION0 -1 -1.338e+05 3.146e+02 5.850e+02
|                    ( - -3.419e+04 2 0 WDBNDRY_B 0 1.496e+02 1.535e+02)
|                    ( - -9.927e+04 1 0))))))
s>    ( QUESTION0_14_R 1 -4.479e+05 7.967e+02 1.987e+03
s>        ( - -7.234e+04 3 0 WDBNDRY_E 0 1.685e+02 3.235e+02)
s>        ( QUESTION14 -1 -3.747e+05 6.331e+02 1.664e+03
s>            ( QUESTION2_14_L -1 -1.776e+05 3.218e+02 8.022e+02
s>                ( QUESTION2_17_L -1 -6.500e+04 2.264e+02 3.003e+02
s>                    ( - -4.163e+04 2 0 QUESTION20 1 1.562e+02 1.915e+02)
s>                    ( - -2.314e+04 1 0))
s>                ( - -1.123e+05 8 0 QUESTION20 1 1.535e+02 5.019e+02))
s>            ( QUESTION1 -1 -1.965e+05 4.462e+02 8.614e+02
s>                ( - 2.094e+02 1 0)
s>                ( QUESTION20 1 -1.962e+05 2.976e+02 8.604e+02
s>                    ( - -6.217e+04 5 0 QUESTION20 -1 2.204e+02 2.754e+02)
s>                    ( QUESTION0 -1 -1.338e+05 3.146e+02 5.850e+02
s>                        ( - -3.419e+04 2 0 WDBNDRY_B 0 1.496e+02 1.535e+02)
s>                        ( - -9.927e+04 1 0))))))INFO: dtree.c(1315): Comp split 11
INFO: dtree.c(1439): stop. leaf nodes are specific
INFO: dtree.c(1478): Final simple tree
|( WDBNDRY_B 0 -4.691e+05 4.642e+02 2.160e+03
|    ( - -1.502e+05 2 0)
|    ( QUESTION0_14_R 1 -3.185e+05 2.329e+02 1.478e+03
|        ( - -8.207e+02 1 0)
|        ( - -3.174e+05 2 0)))
s>    ( WDBNDRY_B 0 -4.691e+05 4.642e+02 2.160e+03
s>        ( - -1.502e+05 2 0)
s>        ( QUESTION0_14_R 1 -3.185e+05 2.329e+02 1.478e+03
s>            ( - -8.207e+02 1 0)
s>            ( - -3.174e+05 2 0)))INFO: dtree.c(1439): stop. leaf nodes are specific
INFO: dtree.c(1478): Final simple tree
|( WDBNDRY_B 0 -4.082e+05 3.537e+02 1.848e+03
|    ( - -2.404e+05 2 0)
|    ( QUESTION0_14_R 1 -1.675e+05 2.117e+02 7.715e+02
|        ( - -1.059e+04 2 0)
|        ( QUESTION14 1 -1.567e+05 1.840e+02 7.242e+02
|            ( - -1.924e+04 1 0)
|            ( - -1.373e+05 2 0))))
s>    ( WDBNDRY_B 0 -4.082e+05 3.537e+02 1.848e+03
s>        ( - -2.404e+05 2 0)
s>        ( QUESTION0_14_R 1 -1.675e+05 2.117e+02 7.715e+02
s>            ( - -1.059e+04 2 0)
s>            ( QUESTION14 1 -1.567e+05 1.840e+02 7.242e+02
s>                ( - -1.924e+04 1 0)
s>                ( - -1.373e+05 2 0))))INFO: dtree.c(1315): Comp split 12
INFO: dtree.c(1439): stop. leaf nodes are specific
INFO: dtree.c(1478): Final simple tree
|( QUESTION2_14_L -1 -9.585e+04 3.712e+02 4.323e+02
|    ( WDBNDRY_B 0 -2.362e+04 1.033e+02 1.108e+02
|        ( - -2.314e+04 1 0)
|        ( - -3.713e+02 1 0))
|    ( WDBNDRY_E 0 -7.186e+04 1.685e+02 3.215e+02
|        ( - -2.792e+02 1 0)
|        ( - -7.142e+04 1 0)))
s>    ( QUESTION2_14_L -1 -9.585e+04 3.712e+02 4.323e+02
s>        ( WDBNDRY_B 0 -2.362e+04 1.033e+02 1.108e+02
s>            ( - -2.314e+04 1 0)
s>            ( - -3.713e+02 1 0))
s>        ( WDBNDRY_E 0 -7.186e+04 1.685e+02 3.215e+02
s>            ( - -2.792e+02 1 0)
s>            ( - -7.142e+04 1 0)))INFO: dtree.c(1478): Final simple tree
|( QUESTION14 -1 -3.512e+05 5.706e+02 1.555e+03
|    ( QUESTION2_14_L -1 -1.542e+05 2.281e+02 6.934e+02
|        ( - -4.163e+04 2 0 QUESTION20 1 1.562e+02 1.915e+02)
|        ( - -1.123e+05 8 0 QUESTION20 1 1.535e+02 5.019e+02))
|    ( QUESTION1 -1 -1.965e+05 4.462e+02 8.614e+02
|        ( - 2.094e+02 1 0)
|        ( QUESTION20 1 -1.962e+05 2.976e+02 8.604e+02
|            ( QUESTION20 -1 -6.217e+04 2.204e+02 2.754e+02
|                ( - -2.642e+04 1 0)
|                ( WDBNDRY_I 0 -3.553e+04 2.690e+02 1.588e+02
|                    ( - -2.191e+04 2 0)
|                    ( - -1.335e+04 2 0 WDBNDRY_B 0 1.203e+02 6.248e+01)))
|            ( QUESTION0 -1 -1.338e+05 3.146e+02 5.850e+02
|                ( - -3.419e+04 2 0 WDBNDRY_B 0 1.496e+02 1.535e+02)
|                ( - -9.927e+04 1 0)))))
s>    ( QUESTION14 -1 -3.512e+05 5.706e+02 1.555e+03
s>        ( QUESTION2_14_L -1 -1.542e+05 2.281e+02 6.934e+02
s>            ( - -4.163e+04 2 0 QUESTION20 1 1.562e+02 1.915e+02)
s>            ( - -1.123e+05 8 0 QUESTION20 1 1.535e+02 5.019e+02))
s>        ( QUESTION1 -1 -1.965e+05 4.462e+02 8.614e+02
s>            ( - 2.094e+02 1 0)
s>            ( QUESTION20 1 -1.962e+05 2.976e+02 8.604e+02
s>                ( QUESTION20 -1 -6.217e+04 2.204e+02 2.754e+02
s>                    ( - -2.642e+04 1 0)
s>                    ( WDBNDRY_I 0 -3.553e+04 2.690e+02 1.588e+02
s>                        ( - -2.191e+04 2 0)
s>                        ( - -1.335e+04 2 0 WDBNDRY_B 0 1.203e+02 6.248e+01)))
s>                ( QUESTION0 -1 -1.338e+05 3.146e+02 5.850e+02
s>                    ( - -3.419e+04 2 0 WDBNDRY_B 0 1.496e+02 1.535e+02)
s>                    ( - -9.927e+04 1 0)))))INFO: dtree.c(1315): Comp split 13
INFO: dtree.c(1439): stop. leaf nodes are specific
INFO: dtree.c(1478): Final simple tree
|( QUESTION0 -1 -8.018e+04 4.521e+02 3.700e+02
|    ( WDBNDRY_B 0 -5.718e+04 4.495e+02 2.671e+02
|        ( - 1.730e+02 1 0)
|        ( QUESTION20 1 -5.691e+04 2.551e+02 2.661e+02
|            ( - -3.408e+03 1 0)
|            ( QUESTION1 -1 -5.324e+04 1.811e+02 2.503e+02
|                ( QUESTION0_14_R 1 -5.160e+04 4.781e+02 2.433e+02
|                    ( - 2.420e+02 1 0)
|                    ( - -5.137e+04 1 0))
|                ( - -1.462e+03 1 0))))
|    ( QUESTION14 -1 -2.255e+04 2.469e+02 1.029e+02
|        ( - -2.128e+04 2 0)
|        ( - -1.021e+03 1 0)))
s>    ( QUESTION0 -1 -8.018e+04 4.521e+02 3.700e+02
s>        ( WDBNDRY_B 0 -5.718e+04 4.495e+02 2.671e+02
s>            ( - 1.730e+02 1 0)
s>            ( QUESTION20 1 -5.691e+04 2.551e+02 2.661e+02
s>                ( - -3.408e+03 1 0)
s>                ( QUESTION1 -1 -5.324e+04 1.811e+02 2.503e+02
s>                    ( QUESTION0_14_R 1 -5.160e+04 4.781e+02 2.433e+02
s>                        ( - 2.420e+02 1 0)
s>                        ( - -5.137e+04 1 0))
s>                    ( - -1.462e+03 1 0))))
s>        ( QUESTION14 -1 -2.255e+04 2.469e+02 1.029e+02
s>            ( - -2.128e+04 2 0)
s>            ( - -1.021e+03 1 0)))INFO: dtree.c(1439): stop. leaf nodes are specific
INFO: dtree.c(1478): Final simple tree
|( WDBNDRY_E 0 -5.484e+04 5.648e+02 2.486e+02
|    ( QUESTION0_14_R 1 -1.779e+04 4.479e+02 7.955e+01
|        ( - -1.753e+04 1 0)
|        ( - 1.886e+02 1 0))
|    ( QUESTION14 -1 -3.648e+04 4.081e+02 1.690e+02
|        ( - -1.951e+04 1 0)
|        ( - -1.657e+04 1 0)))
s>    ( WDBNDRY_E 0 -5.484e+04 5.648e+02 2.486e+02
s>        ( QUESTION0_14_R 1 -1.779e+04 4.479e+02 7.955e+01
s>            ( - -1.753e+04 1 0)
s>            ( - 1.886e+02 1 0))
s>        ( QUESTION14 -1 -3.648e+04 4.081e+02 1.690e+02
s>            ( - -1.951e+04 1 0)
s>            ( - -1.657e+04 1 0)))INFO: dtree.c(1315): Comp split 14
INFO: dtree.c(1478): Final simple tree
|( QUESTION4 -1 -1.584e+05 4.157e+02 6.890e+02
|    ( QUESTION20 1 -2.338e+04 3.953e+02 1.028e+02
|        ( - -3.046e+03 1 0)
|        ( - -1.994e+04 1 0))
|    ( QUESTION11 -1 -1.346e+05 2.411e+02 5.862e+02
|        ( - -4.938e+04 2 0 QUESTION20 1 1.066e+02 2.169e+02)
|        ( QUESTION20 1 -8.499e+04 2.430e+02 3.694e+02
|            ( - -1.237e+04 5 0 QUESTION2_1_L -1 1.013e+02 5.560e+01)
|            ( QUESTION1 -1 -7.238e+04 2.018e+02 3.138e+02
|                ( - -1.531e+04 1 0)
|                ( QUESTION0 -1 -5.687e+04 1.859e+02 2.463e+02
|                    ( QUESTION2_1_L -1 -5.603e+04 1.771e+02 2.423e+02
|                        ( - -9.142e+03 1 0)
|                        ( - -4.671e+04 3 0))
|                    ( - -6.580e+02 1 0))))))
s>    ( QUESTION4 -1 -1.584e+05 4.157e+02 6.890e+02
s>        ( QUESTION20 1 -2.338e+04 3.953e+02 1.028e+02
s>            ( - -3.046e+03 1 0)
s>            ( - -1.994e+04 1 0))
s>        ( QUESTION11 -1 -1.346e+05 2.411e+02 5.862e+02
s>            ( - -4.938e+04 2 0 QUESTION20 1 1.066e+02 2.169e+02)
s>            ( QUESTION20 1 -8.499e+04 2.430e+02 3.694e+02
s>                ( - -1.237e+04 5 0 QUESTION2_1_L -1 1.013e+02 5.560e+01)
s>                ( QUESTION1 -1 -7.238e+04 2.018e+02 3.138e+02
s>                    ( - -1.531e+04 1 0)
s>                    ( QUESTION0 -1 -5.687e+04 1.859e+02 2.463e+02
s>                        ( QUESTION2_1_L -1 -5.603e+04 1.771e+02 2.423e+02
s>                            ( - -9.142e+03 1 0)
s>                            ( - -4.671e+04 3 0))
s>                        ( - -6.580e+02 1 0))))))INFO: dtree.c(1439): stop. leaf nodes are specific
INFO: dtree.c(1478): Final simple tree
|( SILENCE -1 -1.898e+05 3.532e+02 8.300e+02
|    ( QUESTION20 1 -1.779e+05 2.369e+02 7.773e+02
|        ( - -1.193e+04 1 0)
|        ( - -1.657e+05 1 0))
|    ( QUESTION20 1 -1.159e+04 1.211e+02 5.276e+01
|        ( - -1.131e+03 1 0)
|        ( - -1.033e+04 1 0)))
s>    ( SILENCE -1 -1.898e+05 3.532e+02 8.300e+02
s>        ( QUESTION20 1 -1.779e+05 2.369e+02 7.773e+02
s>            ( - -1.193e+04 1 0)
s>            ( - -1.657e+05 1 0))
s>        ( QUESTION20 1 -1.159e+04 1.211e+02 5.276e+01
s>            ( - -1.131e+03 1 0)
s>            ( - -1.033e+04 1 0)))INFO: dtree.c(1315): Comp split 15
INFO: dtree.c(1439): stop. leaf nodes are specific
INFO: dtree.c(1478): Final simple tree
|( QUESTION11 -1 -1.106e+05 2.584e+02 4.989e+02
|    ( - -2.916e+04 1 0)
|    ( QUESTION20 1 -8.117e+04 2.282e+02 3.618e+02
|        ( - -7.611e+04 3 0)
|        ( - -4.828e+03 2 0)))
s>    ( QUESTION11 -1 -1.106e+05 2.584e+02 4.989e+02
s>        ( - -2.916e+04 1 0)
s>        ( QUESTION20 1 -8.117e+04 2.282e+02 3.618e+02
s>            ( - -7.611e+04 3 0)
s>            ( - -4.828e+03 2 0)))INFO: dtree.c(1478): Final simple tree
|( QUESTION2_12_L -1 -9.447e+04 4.099e+02 4.376e+02
|    ( - -3.771e+03 1 0)
|    ( QUESTION4 -1 -9.029e+04 3.549e+02 4.176e+02
|        ( - -1.054e+04 2 0 QUESTION20 1 1.793e+02 5.201e+01)
|        ( QUESTION0 -1 -7.939e+04 3.207e+02 3.655e+02
|            ( WDBNDRY_B 0 -1.525e+04 1.821e+02 7.016e+01
|                ( QUESTION20 1 -7.278e+03 1.928e+02 3.409e+01
|                    ( - -2.417e+03 1 0)
|                    ( - -4.667e+03 1 0))
|                ( QUESTION1 -1 -7.787e+03 1.997e+02 3.607e+01
|                    ( - -6.694e+03 2 0 QUESTION20 1 1.825e+02 3.107e+01)
|                    ( - -8.936e+02 1 0)))
|            ( QUESTION18 -1 -6.382e+04 2.927e+02 2.954e+02
|                ( - -1.273e+04 1 0)
|                ( - -5.080e+04 1 0)))))
s>    ( QUESTION2_12_L -1 -9.447e+04 4.099e+02 4.376e+02
s>        ( - -3.771e+03 1 0)
s>        ( QUESTION4 -1 -9.029e+04 3.549e+02 4.176e+02
s>            ( - -1.054e+04 2 0 QUESTION20 1 1.793e+02 5.201e+01)
s>            ( QUESTION0 -1 -7.939e+04 3.207e+02 3.655e+02
s>                ( WDBNDRY_B 0 -1.525e+04 1.821e+02 7.016e+01
s>                    ( QUESTION20 1 -7.278e+03 1.928e+02 3.409e+01
s>                        ( - -2.417e+03 1 0)
s>                        ( - -4.667e+03 1 0))
s>                    ( QUESTION1 -1 -7.787e+03 1.997e+02 3.607e+01
s>                        ( - -6.694e+03 2 0 QUESTION20 1 1.825e+02 3.107e+01)
s>                        ( - -8.936e+02 1 0)))
s>                ( QUESTION18 -1 -6.382e+04 2.927e+02 2.954e+02
s>                    ( - -1.273e+04 1 0)
s>                    ( - -5.080e+04 1 0)))))INFO: dtree.c(1315): Comp split 16
INFO: dtree.c(1439): stop. leaf nodes are specific
INFO: dtree.c(1478): Final simple tree
|( QUESTION20 1 -1.481e+05 3.099e+02 6.444e+02
|    ( WDBNDRY_B 0 -4.850e+04 1.741e+02 2.129e+02
|        ( - -2.642e+04 1 0)
|        ( - -2.191e+04 2 0))
|    ( - -9.927e+04 1 0))
s>    ( QUESTION20 1 -1.481e+05 3.099e+02 6.444e+02
s>        ( WDBNDRY_B 0 -4.850e+04 1.741e+02 2.129e+02
s>            ( - -2.642e+04 1 0)
s>            ( - -2.191e+04 2 0))
s>        ( - -9.927e+04 1 0))INFO: dtree.c(1478): Final simple tree
|( QUESTION1 -1 -2.025e+05 4.454e+02 9.103e+02
|    ( - 2.094e+02 1 0)
|    ( QUESTION14 -1 -2.023e+05 3.349e+02 9.093e+02
|        ( QUESTION2_14_L -1 -1.542e+05 2.281e+02 6.934e+02
|            ( QUESTION20 1 -4.163e+04 1.562e+02 1.915e+02
|                ( - -2.965e+04 1 0)
|                ( - -1.183e+04 1 0))
|            ( QUESTION20 1 -1.123e+05 1.535e+02 5.019e+02
|                ( - -2.709e+04 4 0)
|                ( - -8.507e+04 4 0)))
|        ( QUESTION0 -1 -4.777e+04 2.326e+02 2.160e+02
|            ( WDBNDRY_B 0 -3.419e+04 1.496e+02 1.535e+02
|                ( - -1.635e+03 1 0)
|                ( - -3.240e+04 1 0))
|            ( - -1.335e+04 2 0 WDBNDRY_B 0 1.203e+02 6.248e+01))))
s>    ( QUESTION1 -1 -2.025e+05 4.454e+02 9.103e+02
s>        ( - 2.094e+02 1 0)
s>        ( QUESTION14 -1 -2.023e+05 3.349e+02 9.093e+02
s>            ( QUESTION2_14_L -1 -1.542e+05 2.281e+02 6.934e+02
s>                ( QUESTION20 1 -4.163e+04 1.562e+02 1.915e+02
s>                    ( - -2.965e+04 1 0)
s>                    ( - -1.183e+04 1 0))
s>                ( QUESTION20 1 -1.123e+05 1.535e+02 5.019e+02
s>                    ( - -2.709e+04 4 0)
s>                    ( - -8.507e+04 4 0)))
s>            ( QUESTION0 -1 -4.777e+04 2.326e+02 2.160e+02
s>                ( WDBNDRY_B 0 -3.419e+04 1.496e+02 1.535e+02
s>                    ( - -1.635e+03 1 0)
s>                    ( - -3.240e+04 1 0))
s>                ( - -1.335e+04 2 0 WDBNDRY_B 0 1.203e+02 6.248e+01))))INFO: dtree.c(1315): Comp split 17
INFO: dtree.c(1439): stop. leaf nodes are specific
INFO: dtree.c(1478): Final simple tree
|( QUESTION20 1 -1.012e+05 2.714e+02 4.746e+02
|    ( - -8.124e+04 1 0)
|    ( QUESTION19 -1 -1.970e+04 2.614e+02 9.465e+01
|        ( - -1.118e+04 1 0)
|        ( QUESTION14 -1 -8.255e+03 2.120e+02 4.105e+01
|            ( - -7.806e+03 1 0)
|            ( - -2.372e+02 1 0))))
s>    ( QUESTION20 1 -1.012e+05 2.714e+02 4.746e+02
s>        ( - -8.124e+04 1 0)
s>        ( QUESTION19 -1 -1.970e+04 2.614e+02 9.465e+01
s>            ( - -1.118e+04 1 0)
s>            ( QUESTION14 -1 -8.255e+03 2.120e+02 4.105e+01
s>                ( - -7.806e+03 1 0)
s>                ( - -2.372e+02 1 0))))INFO: dtree.c(1439): stop. leaf nodes are specific
INFO: dtree.c(1478): Final simple tree
|( QUESTION20 1 -2.939e+05 3.600e+02 1.360e+03
|    ( - -2.146e+05 1 0)
|    ( QUESTION14 1 -7.891e+04 3.117e+02 3.652e+02
|        ( - -1.947e+04 1 0)
|        ( - -5.913e+04 1 0)))
s>    ( QUESTION20 1 -2.939e+05 3.600e+02 1.360e+03
s>        ( - -2.146e+05 1 0)
s>        ( QUESTION14 1 -7.891e+04 3.117e+02 3.652e+02
s>            ( - -1.947e+04 1 0)
s>            ( - -5.913e+04 1 0)))INFO: dtree.c(1315): Comp split 18
INFO: dtree.c(1439): stop. leaf nodes are specific
INFO: dtree.c(1478): Final simple tree
|( QUESTION2_14_L -1 -1.379e+05 1.746e+02 6.357e+02
|    ( QUESTION20 1 -4.720e+03 2.029e+02 2.193e+01
|        ( - -1.698e+03 1 0)
|        ( - -2.820e+03 1 0))
|    ( - -1.330e+05 4 0))
s>    ( QUESTION2_14_L -1 -1.379e+05 1.746e+02 6.357e+02
s>        ( QUESTION20 1 -4.720e+03 2.029e+02 2.193e+01
s>            ( - -1.698e+03 1 0)
s>            ( - -2.820e+03 1 0))
s>        ( - -1.330e+05 4 0))INFO: dtree.c(1439): stop. leaf nodes are specific
INFO: dtree.c(1478): Final simple tree
|( QUESTION20 1 -4.729e+04 4.538e+02 2.183e+02
|    ( - 2.411e+02 1 0)
|    ( - -4.708e+04 4 0))
s>    ( QUESTION20 1 -4.729e+04 4.538e+02 2.183e+02
s>        ( - 2.411e+02 1 0)
s>        ( - -4.708e+04 4 0))INFO: dtree.c(1315): Comp split 19
INFO: dtree.c(1439): stop. leaf nodes are specific
INFO: dtree.c(1478): Final simple tree
|( QUESTION14 -1 -3.648e+04 4.081e+02 1.690e+02
|    ( - -1.951e+04 1 0)
|    ( - -1.657e+04 1 0))
s>    ( QUESTION14 -1 -3.648e+04 4.081e+02 1.690e+02
s>        ( - -1.951e+04 1 0)
s>        ( - -1.657e+04 1 0))INFO: dtree.c(1439): stop. leaf nodes are specific
INFO: dtree.c(1478): Final simple tree
|( QUESTION0_14_R 1 -1.779e+04 4.479e+02 7.955e+01
|    ( - -1.753e+04 1 0)
|    ( - 1.886e+02 1 0))
s>    ( QUESTION0_14_R 1 -1.779e+04 4.479e+02 7.955e+01
s>        ( - -1.753e+04 1 0)
s>        ( - 1.886e+02 1 0))INFO: dtree.c(1315): Comp split 20
INFO: dtree.c(1439): stop. leaf nodes are specific
INFO: dtree.c(1478): Final simple tree
|( WDBNDRY_B 0 -5.352e+04 4.516e+02 2.513e+02
|    ( - 1.730e+02 1 0)
|    ( QUESTION1 -1 -5.324e+04 1.811e+02 2.503e+02
|        ( QUESTION0_14_R 1 -5.160e+04 4.781e+02 2.433e+02
|            ( - 2.420e+02 1 0)
|            ( - -5.137e+04 1 0))
|        ( - -1.462e+03 1 0)))
s>    ( WDBNDRY_B 0 -5.352e+04 4.516e+02 2.513e+02
s>        ( - 1.730e+02 1 0)
s>        ( QUESTION1 -1 -5.324e+04 1.811e+02 2.503e+02
s>            ( QUESTION0_14_R 1 -5.160e+04 4.781e+02 2.433e+02
s>                ( - 2.420e+02 1 0)
s>                ( - -5.137e+04 1 0))
s>            ( - -1.462e+03 1 0)))INFO: dtree.c(1439): stop. leaf nodes are specific
INFO: dtree.c(1478): Final simple tree
|( QUESTION14 -1 -2.615e+04 2.552e+02 1.187e+02
|    ( - -2.128e+04 2 0)
|    ( QUESTION0_14_R 1 -4.616e+03 1.868e+02 2.178e+01
|        ( - -1.021e+03 1 0)
|        ( - -3.408e+03 1 0)))
s>    ( QUESTION14 -1 -2.615e+04 2.552e+02 1.187e+02
s>        ( - -2.128e+04 2 0)
s>        ( QUESTION0_14_R 1 -4.616e+03 1.868e+02 2.178e+01
s>            ( - -1.021e+03 1 0)
s>            ( - -3.408e+03 1 0)))INFO: dtree.c(1315): Comp split 21
INFO: dtree.c(1439): stop. leaf nodes are specific
INFO: dtree.c(1478): Final simple tree
|( WDBNDRY_B 0 -5.329e+04 4.520e+02 2.503e+02
|    ( - 1.730e+02 1 0)
|    ( QUESTION0_14_R 1 -5.301e+04 1.818e+02 2.493e+02
|        ( - -1.462e+03 1 0)
|        ( - -5.137e+04 1 0)))
s>    ( WDBNDRY_B 0 -5.329e+04 4.520e+02 2.503e+02
s>        ( - 1.730e+02 1 0)
s>        ( QUESTION0_14_R 1 -5.301e+04 1.818e+02 2.493e+02
s>            ( - -1.462e+03 1 0)
s>            ( - -5.137e+04 1 0)))INFO: dtree.c(1315): Comp split 22
INFO: dtree.c(1439): stop. leaf nodes are specific
INFO: dtree.c(1478): Final simple tree
|( WDBNDRY_B 0 -1.512e+05 2.318e+02 6.874e+02
|    ( - -1.502e+05 2 0)
|    ( - -8.207e+02 1 0))
s>    ( WDBNDRY_B 0 -1.512e+05 2.318e+02 6.874e+02
s>        ( - -1.502e+05 2 0)
s>        ( - -8.207e+02 1 0))INFO: dtree.c(1315): Comp split 23
INFO: dtree.c(1439): stop. leaf nodes are specific
INFO: dtree.c(1478): Final simple tree
|( WDBNDRY_B 0 -2.609e+04 2.514e+02 1.280e+02
|    ( QUESTION0 -1 -1.530e+04 1.461e+02 7.598e+01
|        ( - -2.417e+03 1 0)
|        ( - -1.273e+04 1 0))
|    ( QUESTION20 1 -1.054e+04 1.793e+02 5.201e+01
|        ( - -7.791e+03 1 0)
|        ( - -2.571e+03 1 0)))
s>    ( WDBNDRY_B 0 -2.609e+04 2.514e+02 1.280e+02
s>        ( QUESTION0 -1 -1.530e+04 1.461e+02 7.598e+01
s>            ( - -2.417e+03 1 0)
s>            ( - -1.273e+04 1 0))
s>        ( QUESTION20 1 -1.054e+04 1.793e+02 5.201e+01
s>            ( - -7.791e+03 1 0)
s>            ( - -2.571e+03 1 0)))INFO: dtree.c(1439): stop. leaf nodes are specific
INFO: dtree.c(1478): Final simple tree
|( QUESTION2_12_L -1 -6.792e+04 3.962e+02 3.096e+02
|    ( - -3.771e+03 1 0)
|    ( QUESTION0 -1 -6.375e+04 3.321e+02 2.896e+02
|        ( WDBNDRY_B 0 -1.262e+04 1.642e+02 5.816e+01
|            ( - -4.667e+03 1 0)
|            ( QUESTION1 -1 -7.787e+03 1.997e+02 3.607e+01
|                ( QUESTION20 1 -6.694e+03 1.825e+02 3.107e+01
|                    ( - -5.990e+03 1 0)
|                    ( - -5.216e+02 1 0))
|                ( - -8.936e+02 1 0)))
|        ( - -5.080e+04 1 0)))
s>    ( QUESTION2_12_L -1 -6.792e+04 3.962e+02 3.096e+02
s>        ( - -3.771e+03 1 0)
s>        ( QUESTION0 -1 -6.375e+04 3.321e+02 2.896e+02
s>            ( WDBNDRY_B 0 -1.262e+04 1.642e+02 5.816e+01
s>                ( - -4.667e+03 1 0)
s>                ( QUESTION1 -1 -7.787e+03 1.997e+02 3.607e+01
s>                    ( QUESTION20 1 -6.694e+03 1.825e+02 3.107e+01
s>                        ( - -5.990e+03 1 0)
s>                        ( - -5.216e+02 1 0))
s>                    ( - -8.936e+02 1 0)))
s>            ( - -5.080e+04 1 0)))INFO: dtree.c(1315): Comp split 24
INFO: dtree.c(1478): Final simple tree
|( QUESTION12 1 -4.169e+04 3.820e+02 1.863e+02
|    ( QUESTION16 -1 -2.452e+04 1.846e+02 1.140e+02
|        ( - -2.612e+02 1 0)
|        ( - -2.407e+04 4 0 WDBNDRY_E 0 1.504e+02 1.120e+02))
|    ( QUESTION0_8_R 1 -1.679e+04 2.492e+02 7.234e+01
|        ( - -5.228e+03 1 0)
|        ( QUESTION13 1 -1.131e+04 1.577e+02 4.870e+01
|            ( QUESTION0 -1 -3.934e+03 1.616e+02 1.852e+01
|                ( - -1.717e+03 3 0 QUESTION0_2_R 1 1.001e+02 8.000e+00)
|                ( - -2.055e+03 1 0))
|            ( QUESTION0 -1 -7.221e+03 1.561e+02 3.019e+01
|                ( - -3.995e+02 1 0)
|                ( SILENCE 1 -6.665e+03 4.450e+02 2.819e+01
|                    ( - 2.074e+02 1 0)
|                    ( - -6.427e+03 4 0 QUESTION0_12_R 1 1.373e+02 2.719e+01))))))
s>    ( QUESTION12 1 -4.169e+04 3.820e+02 1.863e+02
s>        ( QUESTION16 -1 -2.452e+04 1.846e+02 1.140e+02
s>            ( - -2.612e+02 1 0)
s>            ( - -2.407e+04 4 0 WDBNDRY_E 0 1.504e+02 1.120e+02))
s>        ( QUESTION0_8_R 1 -1.679e+04 2.492e+02 7.234e+01
s>            ( - -5.228e+03 1 0)
s>            ( QUESTION13 1 -1.131e+04 1.577e+02 4.870e+01
s>                ( QUESTION0 -1 -3.934e+03 1.616e+02 1.852e+01
s>                    ( - -1.717e+03 3 0 QUESTION0_2_R 1 1.001e+02 8.000e+00)
s>                    ( - -2.055e+03 1 0))
s>                ( QUESTION0 -1 -7.221e+03 1.561e+02 3.019e+01
s>                    ( - -3.995e+02 1 0)
s>                    ( SILENCE 1 -6.665e+03 4.450e+02 2.819e+01
s>                        ( - 2.074e+02 1 0)
s>                        ( - -6.427e+03 4 0 QUESTION0_12_R 1 1.373e+02 2.719e+01))))))INFO: dtree.c(1315): Comp split 25
INFO: dtree.c(1315): Comp split 26
INFO: dtree.c(1439): stop. leaf nodes are specific
INFO: dtree.c(1478): Final simple tree
|( QUESTION0_14_R 1 -5.301e+04 1.818e+02 2.493e+02
|    ( - -1.462e+03 1 0)
|    ( - -5.137e+04 1 0))
s>    ( QUESTION0_14_R 1 -5.301e+04 1.818e+02 2.493e+02
s>        ( - -1.462e+03 1 0)
s>        ( - -5.137e+04 1 0))INFO: dtree.c(1315): Comp split 27
INFO: dtree.c(1315): Comp split 28
INFO: dtree.c(1478): Final simple tree
|( QUESTION14 -1 -2.023e+05 3.349e+02 9.093e+02
|    ( QUESTION2_14_L -1 -1.542e+05 2.281e+02 6.934e+02
|        ( QUESTION20 1 -4.163e+04 1.562e+02 1.915e+02
|            ( - -2.965e+04 1 0)
|            ( - -1.183e+04 1 0))
|        ( QUESTION20 1 -1.123e+05 1.535e+02 5.019e+02
|            ( - -2.709e+04 4 0)
|            ( - -8.507e+04 4 0)))
|    ( QUESTION0 -1 -4.777e+04 2.326e+02 2.160e+02
|        ( WDBNDRY_B 0 -3.419e+04 1.496e+02 1.535e+02
|            ( - -1.635e+03 1 0)
|            ( - -3.240e+04 1 0))
|        ( WDBNDRY_B 0 -1.335e+04 1.203e+02 6.248e+01
|            ( - -1.039e+04 1 0)
|            ( - -2.842e+03 1 0))))
s>    ( QUESTION14 -1 -2.023e+05 3.349e+02 9.093e+02
s>        ( QUESTION2_14_L -1 -1.542e+05 2.281e+02 6.934e+02
s>            ( QUESTION20 1 -4.163e+04 1.562e+02 1.915e+02
s>                ( - -2.965e+04 1 0)
s>                ( - -1.183e+04 1 0))
s>            ( QUESTION20 1 -1.123e+05 1.535e+02 5.019e+02
s>                ( - -2.709e+04 4 0)
s>                ( - -8.507e+04 4 0)))
s>        ( QUESTION0 -1 -4.777e+04 2.326e+02 2.160e+02
s>            ( WDBNDRY_B 0 -3.419e+04 1.496e+02 1.535e+02
s>                ( - -1.635e+03 1 0)
s>                ( - -3.240e+04 1 0))
s>            ( WDBNDRY_B 0 -1.335e+04 1.203e+02 6.248e+01
s>                ( - -1.039e+04 1 0)
s>                ( - -2.842e+03 1 0))))INFO: dtree.c(1315): Comp split 29
INFO: dtree.c(1478): Final simple tree
|( QUESTION4 -1 -1.380e+05 3.699e+02 6.022e+02
|    ( - -3.046e+03 1 0)
|    ( QUESTION11 -1 -1.346e+05 2.411e+02 5.862e+02
|        ( QUESTION20 1 -4.938e+04 1.066e+02 2.169e+02
|            ( - -6.205e+02 1 0)
|            ( - -4.865e+04 1 0))
|        ( QUESTION20 1 -8.499e+04 2.430e+02 3.694e+02
|            ( - -1.237e+04 5 0 QUESTION2_1_L -1 1.013e+02 5.560e+01)
|            ( QUESTION1 -1 -7.238e+04 2.018e+02 3.138e+02
|                ( - -1.531e+04 1 0)
|                ( QUESTION0 -1 -5.687e+04 1.859e+02 2.463e+02
|                    ( QUESTION2_1_L -1 -5.603e+04 1.771e+02 2.423e+02
|                        ( - -9.142e+03 1 0)
|                        ( - -4.671e+04 3 0))
|                    ( - -6.580e+02 1 0))))))
s>    ( QUESTION4 -1 -1.380e+05 3.699e+02 6.022e+02
s>        ( - -3.046e+03 1 0)
s>        ( QUESTION11 -1 -1.346e+05 2.411e+02 5.862e+02
s>            ( QUESTION20 1 -4.938e+04 1.066e+02 2.169e+02
s>                ( - -6.205e+02 1 0)
s>                ( - -4.865e+04 1 0))
s>            ( QUESTION20 1 -8.499e+04 2.430e+02 3.694e+02
s>                ( - -1.237e+04 5 0 QUESTION2_1_L -1 1.013e+02 5.560e+01)
s>                ( QUESTION1 -1 -7.238e+04 2.018e+02 3.138e+02
s>                    ( - -1.531e+04 1 0)
s>                    ( QUESTION0 -1 -5.687e+04 1.859e+02 2.463e+02
s>                        ( QUESTION2_1_L -1 -5.603e+04 1.771e+02 2.423e+02
s>                            ( - -9.142e+03 1 0)
s>                            ( - -4.671e+04 3 0))
s>                        ( - -6.580e+02 1 0))))))INFO: dtree.c(1315): Comp split 30
INFO: dtree.c(1478): Final simple tree
|( QUESTION12 1 -4.146e+04 3.874e+02 1.853e+02
|    ( QUESTION16 -1 -2.452e+04 1.846e+02 1.140e+02
|        ( - -2.612e+02 1 0)
|        ( WDBNDRY_E 0 -2.407e+04 1.504e+02 1.120e+02
|            ( - -4.969e+03 3 0)
|            ( - -1.895e+04 1 0)))
|    ( QUESTION0_8_R 1 -1.655e+04 2.484e+02 7.134e+01
|        ( - -5.228e+03 1 0)
|        ( QUESTION13 1 -1.108e+04 1.584e+02 4.770e+01
|            ( QUESTION0 -1 -3.934e+03 1.616e+02 1.852e+01
|                ( - -1.717e+03 3 0 QUESTION0_2_R 1 1.001e+02 8.000e+00)
|                ( - -2.055e+03 1 0))
|            ( SILENCE 1 -6.983e+03 1.562e+02 2.919e+01
|                ( - -3.995e+02 1 0)
|                ( - -6.427e+03 4 0 QUESTION0_12_R 1 1.373e+02 2.719e+01)))))
s>    ( QUESTION12 1 -4.146e+04 3.874e+02 1.853e+02
s>        ( QUESTION16 -1 -2.452e+04 1.846e+02 1.140e+02
s>            ( - -2.612e+02 1 0)
s>            ( WDBNDRY_E 0 -2.407e+04 1.504e+02 1.120e+02
s>                ( - -4.969e+03 3 0)
s>                ( - -1.895e+04 1 0)))
s>        ( QUESTION0_8_R 1 -1.655e+04 2.484e+02 7.134e+01
s>            ( - -5.228e+03 1 0)
s>            ( QUESTION13 1 -1.108e+04 1.584e+02 4.770e+01
s>                ( QUESTION0 -1 -3.934e+03 1.616e+02 1.852e+01
s>                    ( - -1.717e+03 3 0 QUESTION0_2_R 1 1.001e+02 8.000e+00)
s>                    ( - -2.055e+03 1 0))
s>                ( SILENCE 1 -6.983e+03 1.562e+02 2.919e+01
s>                    ( - -3.995e+02 1 0)
s>                    ( - -6.427e+03 4 0 QUESTION0_12_R 1 1.373e+02 2.719e+01)))))INFO: dtree.c(1315): Comp split 31
INFO: dtree.c(1439): stop. leaf nodes are specific
INFO: dtree.c(1478): Final simple tree
|( QUESTION12 -1 -1.306e+05 3.288e+02 5.809e+02
|    ( - -9.417e+04 4 0)
|    ( QUESTION10 -1 -3.607e+04 2.597e+02 1.619e+02
|        ( - -1.975e+04 2 0)
|        ( WDBNDRY_B 0 -1.606e+04 1.367e+02 7.337e+01
|            ( - -1.534e+04 1 0)
|            ( - -5.816e+02 1 0))))
s>    ( QUESTION12 -1 -1.306e+05 3.288e+02 5.809e+02
s>        ( - -9.417e+04 4 0)
s>        ( QUESTION10 -1 -3.607e+04 2.597e+02 1.619e+02
s>            ( - -1.975e+04 2 0)
s>            ( WDBNDRY_B 0 -1.606e+04 1.367e+02 7.337e+01
s>                ( - -1.534e+04 1 0)
s>                ( - -5.816e+02 1 0))))INFO: dtree.c(1315): Comp split 32
INFO: dtree.c(1439): stop. leaf nodes are specific
INFO: dtree.c(1478): Final simple tree
|( QUESTION16 -1 -2.730e+04 1.840e+02 1.265e+02
|    ( - -2.612e+02 1 0)
|    ( QUESTION13 1 -2.686e+04 1.751e+02 1.245e+02
|        ( - -2.055e+03 1 0)
|        ( SILENCE 1 -2.463e+04 1.535e+02 1.140e+02
|            ( - -3.995e+02 1 0)
|            ( WDBNDRY_E 0 -2.407e+04 1.504e+02 1.120e+02
|                ( - -4.969e+03 3 0)
|                ( - -1.895e+04 1 0)))))
s>    ( QUESTION16 -1 -2.730e+04 1.840e+02 1.265e+02
s>        ( - -2.612e+02 1 0)
s>        ( QUESTION13 1 -2.686e+04 1.751e+02 1.245e+02
s>            ( - -2.055e+03 1 0)
s>            ( SILENCE 1 -2.463e+04 1.535e+02 1.140e+02
s>                ( - -3.995e+02 1 0)
s>                ( WDBNDRY_E 0 -2.407e+04 1.504e+02 1.120e+02
s>                    ( - -4.969e+03 3 0)
s>                    ( - -1.895e+04 1 0)))))INFO: dtree.c(1439): stop. leaf nodes are specific
INFO: dtree.c(1478): Final simple tree
|( QUESTION0_8_R 1 -1.373e+04 2.296e+02 5.883e+01
|    ( - -5.228e+03 1 0)
|    ( QUESTION0_12_R 1 -8.277e+03 1.365e+02 3.519e+01
|        ( - -1.249e+03 1 0)
|        ( QUESTION0 -1 -6.891e+03 1.333e+02 2.919e+01
|            ( QUESTION0_2_R 1 -1.717e+03 1.001e+02 8.000e+00
|                ( - -5.825e+02 1 0)
|                ( - -1.034e+03 2 0))
|            ( QUESTION0_1_R 1 -5.041e+03 1.018e+02 2.119e+01
|                ( WDBNDRY_E 0 -3.523e+03 4.445e+02 1.502e+01
|                    ( - 1.793e+02 1 0)
|                    ( - -3.258e+03 1 0))
|                ( - -1.416e+03 1 0)))))
s>    ( QUESTION0_8_R 1 -1.373e+04 2.296e+02 5.883e+01
s>        ( - -5.228e+03 1 0)
s>        ( QUESTION0_12_R 1 -8.277e+03 1.365e+02 3.519e+01
s>            ( - -1.249e+03 1 0)
s>            ( QUESTION0 -1 -6.891e+03 1.333e+02 2.919e+01
s>                ( QUESTION0_2_R 1 -1.717e+03 1.001e+02 8.000e+00
s>                    ( - -5.825e+02 1 0)
s>                    ( - -1.034e+03 2 0))
s>                ( QUESTION0_1_R 1 -5.041e+03 1.018e+02 2.119e+01
s>                    ( WDBNDRY_E 0 -3.523e+03 4.445e+02 1.502e+01
s>                        ( - 1.793e+02 1 0)
s>                        ( - -3.258e+03 1 0))
s>                    ( - -1.416e+03 1 0)))))INFO: dtree.c(1315): Comp split 33
INFO: dtree.c(1439): stop. leaf nodes are specific
INFO: dtree.c(1478): Final simple tree
|( QUESTION0_8_R 1 -1.347e+04 2.307e+02 5.783e+01
|    ( - -5.228e+03 1 0)
|    ( WDBNDRY_E 0 -8.008e+03 1.382e+02 3.419e+01
|        ( QUESTION0_1_R 1 -4.612e+03 1.269e+02 2.017e+01
|            ( QUESTION0_2_R 1 -1.717e+03 1.001e+02 8.000e+00
|                ( - -5.825e+02 1 0)
|                ( - -1.034e+03 2 0))
|            ( QUESTION0_7_R 1 -2.768e+03 1.030e+02 1.217e+01
|                ( - -1.416e+03 1 0)
|                ( - -1.249e+03 1 0)))
|        ( - -3.258e+03 1 0)))
s>    ( QUESTION0_8_R 1 -1.347e+04 2.307e+02 5.783e+01
s>        ( - -5.228e+03 1 0)
s>        ( WDBNDRY_E 0 -8.008e+03 1.382e+02 3.419e+01
s>            ( QUESTION0_1_R 1 -4.612e+03 1.269e+02 2.017e+01
s>                ( QUESTION0_2_R 1 -1.717e+03 1.001e+02 8.000e+00
s>                    ( - -5.825e+02 1 0)
s>                    ( - -1.034e+03 2 0))
s>                ( QUESTION0_7_R 1 -2.768e+03 1.030e+02 1.217e+01
s>                    ( - -1.416e+03 1 0)
s>                    ( - -1.249e+03 1 0)))
s>            ( - -3.258e+03 1 0)))INFO: dtree.c(1315): Comp split 34
INFO: dtree.c(1315): Comp split 35
INFO: dtree.c(1439): stop. leaf nodes are specific
INFO: dtree.c(1478): Final simple tree
|( QUESTION2_4_L -1 -4.051e+04 3.768e+02 1.801e+02
|    ( QUESTION0_14_R 1 -2.154e+04 1.579e+02 9.548e+01
|        ( - -3.613e+02 1 0)
|        ( QUESTION20 1 -2.102e+04 1.288e+02 9.348e+01
|            ( - -1.643e+04 1 0)
|            ( WDBNDRY_B 0 -4.458e+03 2.090e+02 2.002e+01
|                ( - -3.581e+03 1 0)
|                ( - -6.687e+02 1 0))))
|    ( - -1.860e+04 1 0))
s>    ( QUESTION2_4_L -1 -4.051e+04 3.768e+02 1.801e+02
s>        ( QUESTION0_14_R 1 -2.154e+04 1.579e+02 9.548e+01
s>            ( - -3.613e+02 1 0)
s>            ( QUESTION20 1 -2.102e+04 1.288e+02 9.348e+01
s>                ( - -1.643e+04 1 0)
s>                ( WDBNDRY_B 0 -4.458e+03 2.090e+02 2.002e+01
s>                    ( - -3.581e+03 1 0)
s>                    ( - -6.687e+02 1 0))))
s>        ( - -1.860e+04 1 0))INFO: dtree.c(1315): Comp split 36
INFO: dtree.c(1439): stop. leaf nodes are specific
INFO: dtree.c(1478): Final simple tree
|( QUESTION0 -1 -6.375e+04 3.321e+02 2.896e+02
|    ( WDBNDRY_B 0 -1.262e+04 1.642e+02 5.816e+01
|        ( - -4.667e+03 1 0)
|        ( QUESTION1 -1 -7.787e+03 1.997e+02 3.607e+01
|            ( QUESTION20 1 -6.694e+03 1.825e+02 3.107e+01
|                ( - -5.990e+03 1 0)
|                ( - -5.216e+02 1 0))
|            ( - -8.936e+02 1 0)))
|    ( - -5.080e+04 1 0))
s>    ( QUESTION0 -1 -6.375e+04 3.321e+02 2.896e+02
s>        ( WDBNDRY_B 0 -1.262e+04 1.642e+02 5.816e+01
s>            ( - -4.667e+03 1 0)
s>            ( QUESTION1 -1 -7.787e+03 1.997e+02 3.607e+01
s>                ( QUESTION20 1 -6.694e+03 1.825e+02 3.107e+01
s>                    ( - -5.990e+03 1 0)
s>                    ( - -5.216e+02 1 0))
s>                ( - -8.936e+02 1 0)))
s>        ( - -5.080e+04 1 0))INFO: dtree.c(1315): Comp split 37
INFO: dtree.c(1439): stop. leaf nodes are specific
INFO: dtree.c(1478): Final simple tree
|( QUESTION14 1 -1.567e+05 1.840e+02 7.242e+02
|    ( - -1.924e+04 1 0)
|    ( - -1.373e+05 2 0))
s>    ( QUESTION14 1 -1.567e+05 1.840e+02 7.242e+02
s>        ( - -1.924e+04 1 0)
s>        ( - -1.373e+05 2 0))INFO: dtree.c(1439): stop. leaf nodes are specific
INFO: dtree.c(1478): Final simple tree
|( WDBNDRY_B 0 -2.511e+05 1.722e+02 1.124e+03
|    ( - -2.404e+05 2 0)
|    ( - -1.059e+04 2 0))
s>    ( WDBNDRY_B 0 -2.511e+05 1.722e+02 1.124e+03
s>        ( - -2.404e+05 2 0)
s>        ( - -1.059e+04 2 0))INFO: dtree.c(1315): Comp split 38
INFO: dtree.c(1439): stop. leaf nodes are specific
INFO: dtree.c(1478): Final simple tree
|( QUESTION0_14_R 1 -2.154e+04 1.579e+02 9.548e+01
|    ( - -3.613e+02 1 0)
|    ( QUESTION20 1 -2.102e+04 1.288e+02 9.348e+01
|        ( - -1.643e+04 1 0)
|        ( WDBNDRY_B 0 -4.458e+03 2.090e+02 2.002e+01
|            ( - -3.581e+03 1 0)
|            ( - -6.687e+02 1 0))))
s>    ( QUESTION0_14_R 1 -2.154e+04 1.579e+02 9.548e+01
s>        ( - -3.613e+02 1 0)
s>        ( QUESTION20 1 -2.102e+04 1.288e+02 9.348e+01
s>            ( - -1.643e+04 1 0)
s>            ( WDBNDRY_B 0 -4.458e+03 2.090e+02 2.002e+01
s>                ( - -3.581e+03 1 0)
s>                ( - -6.687e+02 1 0))))INFO: dtree.c(1315): Comp split 39
INFO: dtree.c(1439): stop. leaf nodes are specific
INFO: dtree.c(1478): Final simple tree
|( WDBNDRY_E 0 -7.186e+04 1.685e+02 3.215e+02
|    ( - -2.792e+02 1 0)
|    ( - -7.142e+04 1 0))
s>    ( WDBNDRY_E 0 -7.186e+04 1.685e+02 3.215e+02
s>        ( - -2.792e+02 1 0)
s>        ( - -7.142e+04 1 0))INFO: dtree.c(1439): stop. leaf nodes are specific
INFO: dtree.c(1478): Final simple tree
|( WDBNDRY_B 0 -2.362e+04 1.033e+02 1.108e+02
|    ( - -2.314e+04 1 0)
|    ( - -3.713e+02 1 0))
s>    ( WDBNDRY_B 0 -2.362e+04 1.033e+02 1.108e+02
s>        ( - -2.314e+04 1 0)
s>        ( - -3.713e+02 1 0))INFO: dtree.c(1315): Comp split 40
INFO: dtree.c(1439): stop. leaf nodes are specific
INFO: dtree.c(1478): Final simple tree
|( QUESTION20 1 -1.791e+05 2.405e+02 7.823e+02
|    ( SILENCE -1 -1.316e+04 9.964e+01 5.611e+01
|        ( - -1.193e+04 1 0)
|        ( - -1.131e+03 1 0))
|    ( - -1.657e+05 1 0))
s>    ( QUESTION20 1 -1.791e+05 2.405e+02 7.823e+02
s>        ( SILENCE -1 -1.316e+04 9.964e+01 5.611e+01
s>            ( - -1.193e+04 1 0)
s>            ( - -1.131e+03 1 0))
s>        ( - -1.657e+05 1 0))INFO: dtree.c(1315): Comp split 41
INFO: dtree.c(1478): Final simple tree
|( QUESTION11 -1 -1.346e+05 2.411e+02 5.862e+02
|    ( QUESTION20 1 -4.938e+04 1.066e+02 2.169e+02
|        ( - -6.205e+02 1 0)
|        ( - -4.865e+04 1 0))
|    ( QUESTION20 1 -8.499e+04 2.430e+02 3.694e+02
|        ( QUESTION2_1_L -1 -1.237e+04 1.013e+02 5.560e+01
|            ( - -1.413e+03 1 0)
|            ( - -1.086e+04 4 0 QUESTION0 -1 8.797e+01 4.960e+01))
|        ( QUESTION1 -1 -7.238e+04 2.018e+02 3.138e+02
|            ( - -1.531e+04 1 0)
|            ( QUESTION0 -1 -5.687e+04 1.859e+02 2.463e+02
|                ( QUESTION2_1_L -1 -5.603e+04 1.771e+02 2.423e+02
|                    ( - -9.142e+03 1 0)
|                    ( - -4.671e+04 3 0))
|                ( - -6.580e+02 1 0)))))
s>    ( QUESTION11 -1 -1.346e+05 2.411e+02 5.862e+02
s>        ( QUESTION20 1 -4.938e+04 1.066e+02 2.169e+02
s>            ( - -6.205e+02 1 0)
s>            ( - -4.865e+04 1 0))
s>        ( QUESTION20 1 -8.499e+04 2.430e+02 3.694e+02
s>            ( QUESTION2_1_L -1 -1.237e+04 1.013e+02 5.560e+01
s>                ( - -1.413e+03 1 0)
s>                ( - -1.086e+04 4 0 QUESTION0 -1 8.797e+01 4.960e+01))
s>            ( QUESTION1 -1 -7.238e+04 2.018e+02 3.138e+02
s>                ( - -1.531e+04 1 0)
s>                ( QUESTION0 -1 -5.687e+04 1.859e+02 2.463e+02
s>                    ( QUESTION2_1_L -1 -5.603e+04 1.771e+02 2.423e+02
s>                        ( - -9.142e+03 1 0)
s>                        ( - -4.671e+04 3 0))
s>                    ( - -6.580e+02 1 0)))))INFO: dtree.c(1315): Comp split 42
INFO: dtree.c(1439): stop. leaf nodes are specific
INFO: dtree.c(1478): Final simple tree
|( QUESTION14 1 -7.891e+04 3.117e+02 3.652e+02
|    ( - -1.947e+04 1 0)
|    ( - -5.913e+04 1 0))
s>    ( QUESTION14 1 -7.891e+04 3.117e+02 3.652e+02
s>        ( - -1.947e+04 1 0)
s>        ( - -5.913e+04 1 0))INFO: dtree.c(1315): Comp split 43
INFO: dtree.c(1439): stop. leaf nodes are specific
INFO: dtree.c(1478): Final simple tree
|( QUESTION2_14_L -1 -1.559e+05 2.290e+02 7.014e+02
|    ( QUESTION20 1 -4.163e+04 1.562e+02 1.915e+02
|        ( - -2.965e+04 1 0)
|        ( - -1.183e+04 1 0))
|    ( QUESTION20 1 -1.141e+05 1.547e+02 5.099e+02
|        ( - -2.709e+04 4 0)
|        ( QUESTION0 -1 -8.684e+04 1.342e+02 3.875e+02
|            ( - -1.635e+03 1 0)
|            ( - -8.507e+04 4 0))))
s>    ( QUESTION2_14_L -1 -1.559e+05 2.290e+02 7.014e+02
s>        ( QUESTION20 1 -4.163e+04 1.562e+02 1.915e+02
s>            ( - -2.965e+04 1 0)
s>            ( - -1.183e+04 1 0))
s>        ( QUESTION20 1 -1.141e+05 1.547e+02 5.099e+02
s>            ( - -2.709e+04 4 0)
s>            ( QUESTION0 -1 -8.684e+04 1.342e+02 3.875e+02
s>                ( - -1.635e+03 1 0)
s>                ( - -8.507e+04 4 0))))INFO: dtree.c(1439): stop. leaf nodes are specific
INFO: dtree.c(1478): Final simple tree
|( WDBNDRY_I 0 -4.599e+04 2.355e+02 2.080e+02
|    ( - -3.240e+04 1 0)
|    ( WDBNDRY_B 0 -1.335e+04 1.203e+02 6.248e+01
|        ( - -1.039e+04 1 0)
|        ( - -2.842e+03 1 0)))
s>    ( WDBNDRY_I 0 -4.599e+04 2.355e+02 2.080e+02
s>        ( - -3.240e+04 1 0)
s>        ( WDBNDRY_B 0 -1.335e+04 1.203e+02 6.248e+01
s>            ( - -1.039e+04 1 0)
s>            ( - -2.842e+03 1 0)))INFO: dtree.c(1315): Comp split 44
INFO: dtree.c(1439): stop. leaf nodes are specific
INFO: dtree.c(1478): Final simple tree
|( WDBNDRY_B 0 -1.262e+04 1.642e+02 5.816e+01
|    ( - -4.667e+03 1 0)
|    ( QUESTION1 -1 -7.787e+03 1.997e+02 3.607e+01
|        ( QUESTION20 1 -6.694e+03 1.825e+02 3.107e+01
|            ( - -5.990e+03 1 0)
|            ( - -5.216e+02 1 0))
|        ( - -8.936e+02 1 0)))
s>    ( WDBNDRY_B 0 -1.262e+04 1.642e+02 5.816e+01
s>        ( - -4.667e+03 1 0)
s>        ( QUESTION1 -1 -7.787e+03 1.997e+02 3.607e+01
s>            ( QUESTION20 1 -6.694e+03 1.825e+02 3.107e+01
s>                ( - -5.990e+03 1 0)
s>                ( - -5.216e+02 1 0))
s>            ( - -8.936e+02 1 0)))INFO: dtree.c(1315): Comp split 45
INFO: dtree.c(1439): stop. leaf nodes are specific
INFO: dtree.c(1478): Final simple tree
|( QUESTION10 -1 -3.607e+04 2.597e+02 1.619e+02
|    ( - -1.975e+04 2 0)
|    ( WDBNDRY_B 0 -1.606e+04 1.367e+02 7.337e+01
|        ( - -1.534e+04 1 0)
|        ( - -5.816e+02 1 0)))
s>    ( QUESTION10 -1 -3.607e+04 2.597e+02 1.619e+02
s>        ( - -1.975e+04 2 0)
s>        ( WDBNDRY_B 0 -1.606e+04 1.367e+02 7.337e+01
s>            ( - -1.534e+04 1 0)
s>            ( - -5.816e+02 1 0)))INFO: dtree.c(1315): Comp split 46
INFO: dtree.c(1439): stop. leaf nodes are specific
INFO: dtree.c(1478): Final simple tree
|( QUESTION12 -1 -6.292e+04 1.810e+02 2.728e+02
|    ( - -4.671e+04 3 0)
|    ( QUESTION1 -1 -1.603e+04 1.009e+02 7.042e+01
|        ( - -1.531e+04 1 0)
|        ( - -6.205e+02 1 0)))
s>    ( QUESTION12 -1 -6.292e+04 1.810e+02 2.728e+02
s>        ( - -4.671e+04 3 0)
s>        ( QUESTION1 -1 -1.603e+04 1.009e+02 7.042e+01
s>            ( - -1.531e+04 1 0)
s>            ( - -6.205e+02 1 0)))INFO: dtree.c(1439): stop. leaf nodes are specific
INFO: dtree.c(1478): Final simple tree
|( QUESTION11 -1 -7.137e+04 2.419e+02 3.134e+02
|    ( - -4.865e+04 1 0)
|    ( QUESTION20 1 -2.248e+04 1.456e+02 9.951e+01
|        ( QUESTION2_1_L -1 -1.237e+04 1.013e+02 5.560e+01
|            ( - -1.413e+03 1 0)
|            ( QUESTION0 -1 -1.086e+04 8.797e+01 4.960e+01
|                ( - -9.995e+03 3 0)
|                ( - -7.739e+02 1 0)))
|        ( QUESTION0 -1 -9.965e+03 1.658e+02 4.391e+01
|            ( - -9.142e+03 1 0)
|            ( - -6.580e+02 1 0))))
s>    ( QUESTION11 -1 -7.137e+04 2.419e+02 3.134e+02
s>        ( - -4.865e+04 1 0)
s>        ( QUESTION20 1 -2.248e+04 1.456e+02 9.951e+01
s>            ( QUESTION2_1_L -1 -1.237e+04 1.013e+02 5.560e+01
s>                ( - -1.413e+03 1 0)
s>                ( QUESTION0 -1 -1.086e+04 8.797e+01 4.960e+01
s>                    ( - -9.995e+03 3 0)
s>                    ( - -7.739e+02 1 0)))
s>            ( QUESTION0 -1 -9.965e+03 1.658e+02 4.391e+01
s>                ( - -9.142e+03 1 0)
s>                ( - -6.580e+02 1 0))))INFO: dtree.c(1315): Comp split 47
INFO: dtree.c(1315): Comp split 48
INFO: dtree.c(1439): stop. leaf nodes are specific
INFO: dtree.c(1478): Final simple tree
|( WDBNDRY_B 0 -4.850e+04 1.741e+02 2.129e+02
|    ( - -2.642e+04 1 0)
|    ( - -2.191e+04 2 0))
s>    ( WDBNDRY_B 0 -4.850e+04 1.741e+02 2.129e+02
s>        ( - -2.642e+04 1 0)
s>        ( - -2.191e+04 2 0))INFO: dtree.c(1315): Comp split 49
INFO: dtree.c(1439): stop. leaf nodes are specific
INFO: dtree.c(1478): Final simple tree
|( QUESTION11 -1 -3.420e+04 2.111e+02 1.604e+02
|    ( - -2.916e+04 1 0)
|    ( - -4.828e+03 2 0))
s>    ( QUESTION11 -1 -3.420e+04 2.111e+02 1.604e+02
s>        ( - -2.916e+04 1 0)
s>        ( - -4.828e+03 2 0))INFO: dtree.c(1315): Comp split 50
INFO: dtree.c(1439): stop. leaf nodes are specific
INFO: dtree.c(1478): Final simple tree
|( QUESTION19 -1 -1.970e+04 2.614e+02 9.465e+01
|    ( - -1.118e+04 1 0)
|    ( QUESTION14 -1 -8.255e+03 2.120e+02 4.105e+01
|        ( - -7.806e+03 1 0)
|        ( - -2.372e+02 1 0)))
s>    ( QUESTION19 -1 -1.970e+04 2.614e+02 9.465e+01
s>        ( - -1.118e+04 1 0)
s>        ( QUESTION14 -1 -8.255e+03 2.120e+02 4.105e+01
s>            ( - -7.806e+03 1 0)
s>            ( - -2.372e+02 1 0)))INFO: dtree.c(1315): Comp split 51
INFO: dtree.c(1439): stop. leaf nodes are specific
INFO: dtree.c(1478): Final simple tree
|( QUESTION14 -1 -8.255e+03 2.120e+02 4.105e+01
|    ( - -7.806e+03 1 0)
|    ( - -2.372e+02 1 0))
s>    ( QUESTION14 -1 -8.255e+03 2.120e+02 4.105e+01
s>        ( - -7.806e+03 1 0)
s>        ( - -2.372e+02 1 0))INFO: dtree.c(1315): Comp split 52
INFO: dtree.c(1439): stop. leaf nodes are specific
INFO: dtree.c(1478): Final simple tree
|( WDBNDRY_B 0 -1.606e+04 1.367e+02 7.337e+01
|    ( - -1.534e+04 1 0)
|    ( - -5.816e+02 1 0))
s>    ( WDBNDRY_B 0 -1.606e+04 1.367e+02 7.337e+01
s>        ( - -1.534e+04 1 0)
s>        ( - -5.816e+02 1 0))INFO: dtree.c(1315): Comp split 53
INFO: dtree.c(1439): stop. leaf nodes are specific
INFO: dtree.c(1478): Final simple tree
|( QUESTION0_14_R 1 -4.616e+03 1.868e+02 2.178e+01
|    ( - -1.021e+03 1 0)
|    ( - -3.408e+03 1 0))
s>    ( QUESTION0_14_R 1 -4.616e+03 1.868e+02 2.178e+01
s>        ( - -1.021e+03 1 0)
s>        ( - -3.408e+03 1 0))INFO: dtree.c(1315): Comp split 54
INFO: dtree.c(1439): stop. leaf nodes are specific
INFO: dtree.c(1478): Final simple tree
|( QUESTION20 1 -1.054e+04 1.793e+02 5.201e+01
|    ( - -7.791e+03 1 0)
|    ( - -2.571e+03 1 0))
s>    ( QUESTION20 1 -1.054e+04 1.793e+02 5.201e+01
s>        ( - -7.791e+03 1 0)
s>        ( - -2.571e+03 1 0))INFO: dtree.c(1439): stop. leaf nodes are specific
INFO: dtree.c(1478): Final simple tree
|( QUESTION0 -1 -1.530e+04 1.461e+02 7.598e+01
|    ( - -2.417e+03 1 0)
|    ( - -1.273e+04 1 0))
s>    ( QUESTION0 -1 -1.530e+04 1.461e+02 7.598e+01
s>        ( - -2.417e+03 1 0)
s>        ( - -1.273e+04 1 0))INFO: dtree.c(1315): Comp split 55
INFO: dtree.c(1439): stop. leaf nodes are specific
INFO: dtree.c(1478): Final simple tree
|( QUESTION0 -1 -8.684e+04 1.342e+02 3.875e+02
|    ( - -1.635e+03 1 0)
|    ( - -8.507e+04 4 0))
s>    ( QUESTION0 -1 -8.684e+04 1.342e+02 3.875e+02
s>        ( - -1.635e+03 1 0)
s>        ( - -8.507e+04 4 0))INFO: dtree.c(1439): stop. leaf nodes are specific
INFO: dtree.c(1478): Final simple tree
|( QUESTION20 1 -6.885e+04 1.642e+02 3.139e+02
|    ( QUESTION2_14_L -1 -5.686e+04 1.281e+02 2.587e+02
|        ( - -2.965e+04 1 0)
|        ( - -2.709e+04 4 0))
|    ( - -1.183e+04 1 0))
s>    ( QUESTION20 1 -6.885e+04 1.642e+02 3.139e+02
s>        ( QUESTION2_14_L -1 -5.686e+04 1.281e+02 2.587e+02
s>            ( - -2.965e+04 1 0)
s>            ( - -2.709e+04 4 0))
s>        ( - -1.183e+04 1 0))INFO: dtree.c(1315): Comp split 56
INFO: dtree.c(1439): stop. leaf nodes are specific
INFO: dtree.c(1478): Final simple tree
|( QUESTION20 1 -2.248e+04 1.456e+02 9.951e+01
|    ( QUESTION2_1_L -1 -1.237e+04 1.013e+02 5.560e+01
|        ( - -1.413e+03 1 0)
|        ( QUESTION0 -1 -1.086e+04 8.797e+01 4.960e+01
|            ( - -9.995e+03 3 0)
|            ( - -7.739e+02 1 0)))
|    ( QUESTION0 -1 -9.965e+03 1.658e+02 4.391e+01
|        ( - -9.142e+03 1 0)
|        ( - -6.580e+02 1 0)))
s>    ( QUESTION20 1 -2.248e+04 1.456e+02 9.951e+01
s>        ( QUESTION2_1_L -1 -1.237e+04 1.013e+02 5.560e+01
s>            ( - -1.413e+03 1 0)
s>            ( QUESTION0 -1 -1.086e+04 8.797e+01 4.960e+01
s>                ( - -9.995e+03 3 0)
s>                ( - -7.739e+02 1 0)))
s>        ( QUESTION0 -1 -9.965e+03 1.658e+02 4.391e+01
s>            ( - -9.142e+03 1 0)
s>            ( - -6.580e+02 1 0)))INFO: dtree.c(1315): Comp split 57
INFO: dtree.c(1439): stop. leaf nodes are specific
INFO: dtree.c(1478): Final simple tree
|( SILENCE -1 -1.316e+04 9.964e+01 5.611e+01
|    ( - -1.193e+04 1 0)
|    ( - -1.131e+03 1 0))
s>    ( SILENCE -1 -1.316e+04 9.964e+01 5.611e+01
s>        ( - -1.193e+04 1 0)
s>        ( - -1.131e+03 1 0))INFO: dtree.c(1315): Comp split 58
INFO: dtree.c(1439): stop. leaf nodes are specific
INFO: dtree.c(1478): Final simple tree
|( WDBNDRY_E 0 -2.926e+04 1.472e+02 1.516e+02
|    ( - -3.797e+02 1 0)
|    ( - -2.873e+04 1 0))
s>    ( WDBNDRY_E 0 -2.926e+04 1.472e+02 1.516e+02
s>        ( - -3.797e+02 1 0)
s>        ( - -2.873e+04 1 0))INFO: dtree.c(1315): Comp split 59
INFO: dtree.c(1439): stop. leaf nodes are specific
INFO: dtree.c(1478): Final simple tree
|( WDBNDRY_B 0 -1.335e+04 1.203e+02 6.248e+01
|    ( - -1.039e+04 1 0)
|    ( - -2.842e+03 1 0))
s>    ( WDBNDRY_B 0 -1.335e+04 1.203e+02 6.248e+01
s>        ( - -1.039e+04 1 0)
s>        ( - -2.842e+03 1 0))INFO: dtree.c(1315): Comp split 60
INFO: dtree.c(1315): Comp split 61
INFO: dtree.c(1439): stop. leaf nodes are specific
INFO: dtree.c(1478): Final simple tree
|( WDBNDRY_E 0 -8.008e+03 1.382e+02 3.419e+01
|    ( QUESTION0_1_R 1 -4.612e+03 1.269e+02 2.017e+01
|        ( QUESTION0_2_R 1 -1.717e+03 1.001e+02 8.000e+00
|            ( - -5.825e+02 1 0)
|            ( - -1.034e+03 2 0))
|        ( QUESTION0_7_R 1 -2.768e+03 1.030e+02 1.217e+01
|            ( - -1.416e+03 1 0)
|            ( - -1.249e+03 1 0)))
|    ( - -3.258e+03 1 0))
s>    ( WDBNDRY_E 0 -8.008e+03 1.382e+02 3.419e+01
s>        ( QUESTION0_1_R 1 -4.612e+03 1.269e+02 2.017e+01
s>            ( QUESTION0_2_R 1 -1.717e+03 1.001e+02 8.000e+00
s>                ( - -5.825e+02 1 0)
s>                ( - -1.034e+03 2 0))
s>            ( QUESTION0_7_R 1 -2.768e+03 1.030e+02 1.217e+01
s>                ( - -1.416e+03 1 0)
s>                ( - -1.249e+03 1 0)))
s>        ( - -3.258e+03 1 0))INFO: dtree.c(1315): Comp split 62
INFO: dtree.c(1439): stop. leaf nodes are specific
INFO: dtree.c(1478): Final simple tree
|( QUESTION1 -1 -1.581e+03 1.660e+02 8.000e+00
|    ( - -5.216e+02 1 0)
|    ( - -8.936e+02 1 0))
s>    ( QUESTION1 -1 -1.581e+03 1.660e+02 8.000e+00
s>        ( - -5.216e+02 1 0)
s>        ( - -8.936e+02 1 0))INFO: dtree.c(1439): stop. leaf nodes are specific
INFO: dtree.c(1478): Final simple tree
|( WDBNDRY_B 0 -1.081e+04 1.561e+02 5.016e+01
|    ( - -4.667e+03 1 0)
|    ( - -5.990e+03 1 0))
s>    ( WDBNDRY_B 0 -1.081e+04 1.561e+02 5.016e+01
s>        ( - -4.667e+03 1 0)
s>        ( - -5.990e+03 1 0))INFO: dtree.c(1315): Comp split 63
INFO: dtree.c(1439): stop. leaf nodes are specific
INFO: dtree.c(1478): Final simple tree
|( QUESTION20 1 -1.360e+05 1.539e+02 6.267e+02
|    ( - -1.330e+05 4 0)
|    ( - -2.820e+03 1 0))
s>    ( QUESTION20 1 -1.360e+05 1.539e+02 6.267e+02
s>        ( - -1.330e+05 4 0)
s>        ( - -2.820e+03 1 0))INFO: dtree.c(1315): Comp split 64
INFO: dtree.c(1439): stop. leaf nodes are specific
INFO: dtree.c(1478): Final simple tree
|( QUESTION0_14_R 1 -2.066e+04 1.595e+02 9.148e+01
|    ( - -3.613e+02 1 0)
|    ( WDBNDRY_B 0 -2.014e+04 1.240e+02 8.948e+01
|        ( - -3.581e+03 1 0)
|        ( - -1.643e+04 1 0)))
s>    ( QUESTION0_14_R 1 -2.066e+04 1.595e+02 9.148e+01
s>        ( - -3.613e+02 1 0)
s>        ( WDBNDRY_B 0 -2.014e+04 1.240e+02 8.948e+01
s>            ( - -3.581e+03 1 0)
s>            ( - -1.643e+04 1 0)))INFO: dtree.c(1315): Comp split 65
INFO: dtree.c(1315): Comp split 66
INFO: dtree.c(1315): Comp split 67
INFO: dtree.c(1315): Comp split 68
INFO: dtree.c(1315): Comp split 69
INFO: dtree.c(1439): stop. leaf nodes are specific
INFO: dtree.c(1478): Final simple tree
|( QUESTION13 1 -2.686e+04 1.751e+02 1.245e+02
|    ( - -2.055e+03 1 0)
|    ( SILENCE 1 -2.463e+04 1.535e+02 1.140e+02
|        ( - -3.995e+02 1 0)
|        ( WDBNDRY_E 0 -2.407e+04 1.504e+02 1.120e+02
|            ( - -4.969e+03 3 0)
|            ( - -1.895e+04 1 0))))
s>    ( QUESTION13 1 -2.686e+04 1.751e+02 1.245e+02
s>        ( - -2.055e+03 1 0)
s>        ( SILENCE 1 -2.463e+04 1.535e+02 1.140e+02
s>            ( - -3.995e+02 1 0)
s>            ( WDBNDRY_E 0 -2.407e+04 1.504e+02 1.120e+02
s>                ( - -4.969e+03 3 0)
s>                ( - -1.895e+04 1 0))))INFO: dtree.c(1315): Comp split 70
INFO: dtree.c(1315): Comp split 71
INFO: dtree.c(1315): Comp split 72
INFO: dtree.c(1439): stop. leaf nodes are specific
INFO: dtree.c(1478): Final simple tree
|( QUESTION1 -1 -1.603e+04 1.009e+02 7.042e+01
|    ( - -1.531e+04 1 0)
|    ( - -6.205e+02 1 0))
s>    ( QUESTION1 -1 -1.603e+04 1.009e+02 7.042e+01
s>        ( - -1.531e+04 1 0)
s>        ( - -6.205e+02 1 0))INFO: dtree.c(1315): Comp split 73
INFO: dtree.c(1315): Comp split 74
INFO: dtree.c(1439): stop. leaf nodes are specific
INFO: dtree.c(1478): Final simple tree
|( SILENCE 1 -2.463e+04 1.535e+02 1.140e+02
|    ( - -3.995e+02 1 0)
|    ( WDBNDRY_E 0 -2.407e+04 1.504e+02 1.120e+02
|        ( - -4.969e+03 3 0)
|        ( - -1.895e+04 1 0)))
s>    ( SILENCE 1 -2.463e+04 1.535e+02 1.140e+02
s>        ( - -3.995e+02 1 0)
s>        ( WDBNDRY_E 0 -2.407e+04 1.504e+02 1.120e+02
s>            ( - -4.969e+03 3 0)
s>            ( - -1.895e+04 1 0)))INFO: dtree.c(1315): Comp split 75
INFO: dtree.c(1315): Comp split 76
INFO: dtree.c(1315): Comp split 77
INFO: dtree.c(1315): Comp split 78
INFO: dtree.c(1439): stop. leaf nodes are specific
INFO: dtree.c(1478): Final simple tree
|( QUESTION20 1 -2.166e+04 1.430e+02 9.551e+01
|    ( QUESTION2_1_L -1 -1.237e+04 1.013e+02 5.560e+01
|        ( - -1.413e+03 1 0)
|        ( QUESTION0 -1 -1.086e+04 8.797e+01 4.960e+01
|            ( - -9.995e+03 3 0)
|            ( - -7.739e+02 1 0)))
|    ( - -9.142e+03 1 0))
s>    ( QUESTION20 1 -2.166e+04 1.430e+02 9.551e+01
s>        ( QUESTION2_1_L -1 -1.237e+04 1.013e+02 5.560e+01
s>            ( - -1.413e+03 1 0)
s>            ( QUESTION0 -1 -1.086e+04 8.797e+01 4.960e+01
s>                ( - -9.995e+03 3 0)
s>                ( - -7.739e+02 1 0)))
s>        ( - -9.142e+03 1 0))INFO: dtree.c(1315): Comp split 79
INFO: dtree.c(1315): Comp split 80
INFO: dtree.c(1439): stop. leaf nodes are specific
INFO: dtree.c(1478): Final simple tree
|( QUESTION2_14_L -1 -5.686e+04 1.281e+02 2.587e+02
|    ( - -2.965e+04 1 0)
|    ( - -2.709e+04 4 0))
s>    ( QUESTION2_14_L -1 -5.686e+04 1.281e+02 2.587e+02
s>        ( - -2.965e+04 1 0)
s>        ( - -2.709e+04 4 0))INFO: dtree.c(1315): Comp split 81
INFO: dtree.c(1439): stop. leaf nodes are specific
INFO: dtree.c(1478): Final simple tree
|( WDBNDRY_B 0 -2.014e+04 1.240e+02 8.948e+01
|    ( - -3.581e+03 1 0)
|    ( - -1.643e+04 1 0))
s>    ( WDBNDRY_B 0 -2.014e+04 1.240e+02 8.948e+01
s>        ( - -3.581e+03 1 0)
s>        ( - -1.643e+04 1 0))INFO: dtree.c(1315): Comp split 82
INFO: dtree.c(1315): Comp split 83
INFO: dtree.c(1315): Comp split 84
INFO: dtree.c(1439): stop. leaf nodes are specific
INFO: dtree.c(1478): Final simple tree
|( WDBNDRY_E 0 -2.407e+04 1.504e+02 1.120e+02
|    ( - -4.969e+03 3 0)
|    ( - -1.895e+04 1 0))
s>    ( WDBNDRY_E 0 -2.407e+04 1.504e+02 1.120e+02
s>        ( - -4.969e+03 3 0)
s>        ( - -1.895e+04 1 0))INFO: dtree.c(1315): Comp split 85
INFO: dtree.c(1315): Comp split 86
INFO: dtree.c(1315): Comp split 87
INFO: dtree.c(1315): Comp split 88
INFO: dtree.c(1439): stop. leaf nodes are specific
INFO: dtree.c(1478): Final simple tree
|( QUESTION2_1_L -1 -1.237e+04 1.013e+02 5.560e+01
|    ( - -1.413e+03 1 0)
|    ( QUESTION0 -1 -1.086e+04 8.797e+01 4.960e+01
|        ( - -9.995e+03 3 0)
|        ( - -7.739e+02 1 0)))
s>    ( QUESTION2_1_L -1 -1.237e+04 1.013e+02 5.560e+01
s>        ( - -1.413e+03 1 0)
s>        ( QUESTION0 -1 -1.086e+04 8.797e+01 4.960e+01
s>            ( - -9.995e+03 3 0)
s>            ( - -7.739e+02 1 0)))INFO: dtree.c(1315): Comp split 89
INFO: dtree.c(1439): stop. leaf nodes are specific
INFO: dtree.c(1478): Final simple tree
|( QUESTION0_1_R 1 -4.612e+03 1.269e+02 2.017e+01
|    ( QUESTION0_2_R 1 -1.717e+03 1.001e+02 8.000e+00
|        ( - -5.825e+02 1 0)
|        ( - -1.034e+03 2 0))
|    ( QUESTION0_7_R 1 -2.768e+03 1.030e+02 1.217e+01
|        ( - -1.416e+03 1 0)
|        ( - -1.249e+03 1 0)))
s>    ( QUESTION0_1_R 1 -4.612e+03 1.269e+02 2.017e+01
s>        ( QUESTION0_2_R 1 -1.717e+03 1.001e+02 8.000e+00
s>            ( - -5.825e+02 1 0)
s>            ( - -1.034e+03 2 0))
s>        ( QUESTION0_7_R 1 -2.768e+03 1.030e+02 1.217e+01
s>            ( - -1.416e+03 1 0)
s>            ( - -1.249e+03 1 0)))INFO: dtree.c(1315): Comp split 90
INFO: dtree.c(1315): Comp split 91
INFO: dtree.c(1315): Comp split 92
INFO: dtree.c(1315): Comp split 93
INFO: dtree.c(1439): stop. leaf nodes are specific
INFO: dtree.c(1478): Final simple tree
|( QUESTION0_7_R 1 -2.768e+03 1.030e+02 1.217e+01
|    ( - -1.416e+03 1 0)
|    ( - -1.249e+03 1 0))
s>    ( QUESTION0_7_R 1 -2.768e+03 1.030e+02 1.217e+01
s>        ( - -1.416e+03 1 0)
s>        ( - -1.249e+03 1 0))INFO: dtree.c(1439): stop. leaf nodes are specific
INFO: dtree.c(1478): Final simple tree
|( QUESTION0_2_R 1 -1.717e+03 1.001e+02 8.000e+00
|    ( - -5.825e+02 1 0)
|    ( - -1.034e+03 2 0))
s>    ( QUESTION0_2_R 1 -1.717e+03 1.001e+02 8.000e+00
s>        ( - -5.825e+02 1 0)
s>        ( - -1.034e+03 2 0))INFO: dtree.c(1315): Comp split 94
INFO: dtree.c(1315): Comp split 95
INFO: dtree.c(1315): Comp split 96
INFO: dtree.c(1315): Comp split 97
INFO: dtree.c(1315): Comp split 98
INFO: dtree.c(1439): stop. leaf nodes are specific
INFO: dtree.c(1478): Final simple tree
|( QUESTION0 -1 -1.086e+04 8.797e+01 4.960e+01
|    ( - -9.995e+03 3 0)
|    ( - -7.739e+02 1 0))
s>    ( QUESTION0 -1 -1.086e+04 8.797e+01 4.960e+01
s>        ( - -9.995e+03 3 0)
s>        ( - -7.739e+02 1 0))INFO: dtree.c(1315): Comp split 99
INFO: dtree.c(1315): Comp split 100
INFO: dtree.c(1315): Comp split 101
INFO: dtree.c(1315): Comp split 102
INFO: dtree.c(1315): Comp split 103
INFO: dtree.c(1318): stop. leaf nodes are specific
Sun Mar 19 21:50:58 2017
