Current configuration:
[NAME]		[DEFLT]	[VALUE]
-allphones	no	no
-cntthresh	0.00001	1.000000e-05
-csplitmax	100	2000
-csplitmin	1	1
-csplitthr	8e-4	0.000000e+00
-example	no	no
-fullvar	no	no
-help		no	no
-meanfn			/home/ilya/Рабочий стол/lab_sphinx/ru_base/model_parameters/ru_base.cd_cont_untied/means
-mixwfn			/home/ilya/Рабочий стол/lab_sphinx/ru_base/model_parameters/ru_base.cd_cont_untied/mixture_weights
-moddeffn		/home/ilya/Рабочий стол/lab_sphinx/ru_base/model_architecture/ru_base.untied.mdef
-mwfloor	1e-4	1.000000e-08
-phone			f
-psetfn			/home/ilya/Рабочий стол/lab_sphinx/ru_base/model_architecture/ru_base.tree_questions
-ssplitmax	5	7
-ssplitmin	1	1
-ssplitthr	8e-4	0.000000e+00
-state			0
-stwt			1.0,0.05,0.0,
-treefn			/home/ilya/Рабочий стол/lab_sphinx/ru_base/trees/ru_base.unpruned/f-0.dtree
-ts2cbfn	.semi.	.cont.
-varfloor	0.00001	1.000000e-05
-varfn			/home/ilya/Рабочий стол/lab_sphinx/ru_base/model_parameters/ru_base.cd_cont_untied/variances

INFO: main.c(223): Reading: /home/ilya/Рабочий стол/lab_sphinx/ru_base/model_architecture/ru_base.untied.mdef
INFO: model_def_io.c(573): Model definition info:
INFO: model_def_io.c(574): 9415 total models defined (43 base, 9372 tri)
INFO: model_def_io.c(575): 37660 total states
INFO: model_def_io.c(576): 28245 total tied states
INFO: model_def_io.c(577): 129 total tied CI states
INFO: model_def_io.c(578): 43 total tied transition matrices
INFO: model_def_io.c(579): 4 max state/model
INFO: model_def_io.c(580): 4 min state/model
INFO: main.c(242): Building trees for [f a0 a0 b] through [f u0 a0 b]
INFO: main.c(269): Covering states |[6783 6872]| == 90
INFO: main.c(275): Reading: /home/ilya/Рабочий стол/lab_sphinx/ru_base/model_parameters/ru_base.cd_cont_untied/mixture_weights
INFO: s3mixw_io.c(173): Read /home/ilya/Рабочий стол/lab_sphinx/ru_base/model_parameters/ru_base.cd_cont_untied/mixture_weights [90x1x1 array]
INFO: main.c(311): 30 of 30 models have observation count greater than 0.000010
INFO: main.c(95): nrm stwt: 0.952 0.048 0.000 
INFO: s3gau_io.c(169): Read /home/ilya/Рабочий стол/lab_sphinx/ru_base/model_parameters/ru_base.cd_cont_untied/means [28245x1x1 array]
INFO: s3gau_io.c(169): Read /home/ilya/Рабочий стол/lab_sphinx/ru_base/model_parameters/ru_base.cd_cont_untied/variances [28245x1x1 array]
INFO: main.c(549): Reading: /home/ilya/Рабочий стол/lab_sphinx/ru_base/model_architecture/ru_base.tree_questions
INFO: main.c(588): 180 total simple questions (172 phone; 8 word bndry)
INFO: main.c(590): 42 Left Only questions, and 42 Right Only questions
INFO: dtree.c(1478): Final simple tree
|( QUESTION0_14_R 1 -6.211e+04 6.424e+02 2.662e+02
|    ( QUESTION11 -1 -3.488e+04 4.359e+02 1.452e+02
|        ( - 1.766e+02 1 0)
|        ( QUESTION1 -1 -3.462e+04 3.057e+02 1.442e+02
|            ( - -2.884e+03 2 0 QUESTION0 1 2.018e+02 1.306e+01)
|            ( QUESTION15 -1 -3.143e+04 2.164e+02 1.312e+02
|                ( - -2.187e+04 18 0 QUESTION14 1 1.702e+02 9.237e+01)
|                ( QUESTION0 1 -9.342e+03 4.549e+02 3.882e+01
|                    ( - 1.655e+02 1 0)
|                    ( QUESTION0 -1 -9.053e+03 4.561e+02 3.782e+01
|                        ( - 1.881e+02 1 0)
|                        ( WDBNDRY_B 0 -8.785e+03 2.102e+02 3.682e+01
|                            ( - -6.651e+03 4 0 QUESTION2_14_L -1 1.300e+02 2.782e+01)
|                            ( - -1.923e+03 1 0)))))))
|    ( - -2.659e+04 2 0 QUESTION0_0_R 1 1.577e+02 1.209e+02))
s>    ( QUESTION0_14_R 1 -6.211e+04 6.424e+02 2.662e+02
s>        ( QUESTION11 -1 -3.488e+04 4.359e+02 1.452e+02
s>            ( - 1.766e+02 1 0)
s>            ( QUESTION1 -1 -3.462e+04 3.057e+02 1.442e+02
s>                ( - -2.884e+03 2 0 QUESTION0 1 2.018e+02 1.306e+01)
s>                ( QUESTION15 -1 -3.143e+04 2.164e+02 1.312e+02
s>                    ( - -2.187e+04 18 0 QUESTION14 1 1.702e+02 9.237e+01)
s>                    ( QUESTION0 1 -9.342e+03 4.549e+02 3.882e+01
s>                        ( - 1.655e+02 1 0)
s>                        ( QUESTION0 -1 -9.053e+03 4.561e+02 3.782e+01
s>                            ( - 1.881e+02 1 0)
s>                            ( WDBNDRY_B 0 -8.785e+03 2.102e+02 3.682e+01
s>                                ( - -6.651e+03 4 0 QUESTION2_14_L -1 1.300e+02 2.782e+01)
s>                                ( - -1.923e+03 1 0)))))))
s>        ( - -2.659e+04 2 0 QUESTION0_0_R 1 1.577e+02 1.209e+02))INFO: dtree.c(1315): Comp split 0
INFO: dtree.c(1478): Final simple tree
|( QUESTION11 -1 -3.488e+04 4.359e+02 1.452e+02
|    ( - 1.766e+02 1 0)
|    ( QUESTION1 -1 -3.462e+04 3.057e+02 1.442e+02
|        ( QUESTION0 1 -2.884e+03 2.018e+02 1.306e+01
|            ( - -2.429e+03 1 0)
|            ( - -2.527e+02 1 0))
|        ( QUESTION15 -1 -3.143e+04 2.164e+02 1.312e+02
|            ( - -2.187e+04 18 0 QUESTION14 1 1.702e+02 9.237e+01)
|            ( QUESTION0 1 -9.342e+03 4.549e+02 3.882e+01
|                ( - 1.655e+02 1 0)
|                ( QUESTION0 -1 -9.053e+03 4.561e+02 3.782e+01
|                    ( - 1.881e+02 1 0)
|                    ( WDBNDRY_B 0 -8.785e+03 2.102e+02 3.682e+01
|                        ( - -6.651e+03 4 0 QUESTION2_14_L -1 1.300e+02 2.782e+01)
|                        ( - -1.923e+03 1 0)))))))
s>    ( QUESTION11 -1 -3.488e+04 4.359e+02 1.452e+02
s>        ( - 1.766e+02 1 0)
s>        ( QUESTION1 -1 -3.462e+04 3.057e+02 1.442e+02
s>            ( QUESTION0 1 -2.884e+03 2.018e+02 1.306e+01
s>                ( - -2.429e+03 1 0)
s>                ( - -2.527e+02 1 0))
s>            ( QUESTION15 -1 -3.143e+04 2.164e+02 1.312e+02
s>                ( - -2.187e+04 18 0 QUESTION14 1 1.702e+02 9.237e+01)
s>                ( QUESTION0 1 -9.342e+03 4.549e+02 3.882e+01
s>                    ( - 1.655e+02 1 0)
s>                    ( QUESTION0 -1 -9.053e+03 4.561e+02 3.782e+01
s>                        ( - 1.881e+02 1 0)
s>                        ( WDBNDRY_B 0 -8.785e+03 2.102e+02 3.682e+01
s>                            ( - -6.651e+03 4 0 QUESTION2_14_L -1 1.300e+02 2.782e+01)
s>                            ( - -1.923e+03 1 0)))))))INFO: dtree.c(1439): stop. leaf nodes are specific
INFO: dtree.c(1478): Final simple tree
|( QUESTION0_0_R 1 -2.659e+04 1.577e+02 1.209e+02
|    ( - -2.752e+02 1 0)
|    ( - -2.616e+04 1 0))
s>    ( QUESTION0_0_R 1 -2.659e+04 1.577e+02 1.209e+02
s>        ( - -2.752e+02 1 0)
s>        ( - -2.616e+04 1 0))INFO: dtree.c(1315): Comp split 1
INFO: dtree.c(1478): Final simple tree
|( QUESTION12 -1 -3.461e+04 4.519e+02 1.442e+02
|    ( - 1.655e+02 1 0)
|    ( QUESTION10 -1 -3.432e+04 4.360e+02 1.432e+02
|        ( - 1.766e+02 1 0)
|        ( QUESTION0 -1 -3.406e+04 3.076e+02 1.422e+02
|            ( QUESTION0 1 -2.884e+03 2.018e+02 1.306e+01
|                ( - -2.429e+03 1 0)
|                ( - -2.527e+02 1 0))
|            ( QUESTION14 -1 -3.087e+04 2.146e+02 1.292e+02
|                ( WDBNDRY_B 0 -8.785e+03 2.102e+02 3.682e+01
|                    ( - -6.651e+03 4 0 QUESTION2_14_L -1 1.300e+02 2.782e+01)
|                    ( - -1.923e+03 1 0))
|                ( QUESTION14 1 -2.187e+04 1.702e+02 9.237e+01
|                    ( - -3.190e+02 1 0)
|                    ( - -2.138e+04 17 0 QUESTION16 -1 1.365e+02 9.037e+01))))))
s>    ( QUESTION12 -1 -3.461e+04 4.519e+02 1.442e+02
s>        ( - 1.655e+02 1 0)
s>        ( QUESTION10 -1 -3.432e+04 4.360e+02 1.432e+02
s>            ( - 1.766e+02 1 0)
s>            ( QUESTION0 -1 -3.406e+04 3.076e+02 1.422e+02
s>                ( QUESTION0 1 -2.884e+03 2.018e+02 1.306e+01
s>                    ( - -2.429e+03 1 0)
s>                    ( - -2.527e+02 1 0))
s>                ( QUESTION14 -1 -3.087e+04 2.146e+02 1.292e+02
s>                    ( WDBNDRY_B 0 -8.785e+03 2.102e+02 3.682e+01
s>                        ( - -6.651e+03 4 0 QUESTION2_14_L -1 1.300e+02 2.782e+01)
s>                        ( - -1.923e+03 1 0))
s>                    ( QUESTION14 1 -2.187e+04 1.702e+02 9.237e+01
s>                        ( - -3.190e+02 1 0)
s>                        ( - -2.138e+04 17 0 QUESTION16 -1 1.365e+02 9.037e+01))))))INFO: dtree.c(1315): Comp split 2
INFO: dtree.c(1478): Final simple tree
|( QUESTION10 -1 -3.432e+04 4.360e+02 1.432e+02
|    ( - 1.766e+02 1 0)
|    ( QUESTION0 -1 -3.406e+04 3.076e+02 1.422e+02
|        ( QUESTION0 1 -2.884e+03 2.018e+02 1.306e+01
|            ( - -2.429e+03 1 0)
|            ( - -2.527e+02 1 0))
|        ( QUESTION14 -1 -3.087e+04 2.146e+02 1.292e+02
|            ( WDBNDRY_B 0 -8.785e+03 2.102e+02 3.682e+01
|                ( - -6.651e+03 4 0 QUESTION2_14_L -1 1.300e+02 2.782e+01)
|                ( - -1.923e+03 1 0))
|            ( QUESTION14 1 -2.187e+04 1.702e+02 9.237e+01
|                ( - -3.190e+02 1 0)
|                ( QUESTION16 -1 -2.138e+04 1.365e+02 9.037e+01
|                    ( - -1.271e+04 9 0 QUESTION17 1 1.242e+02 5.509e+01)
|                    ( - -8.537e+03 8 0 QUESTION17 1 1.635e+02 3.528e+01))))))
s>    ( QUESTION10 -1 -3.432e+04 4.360e+02 1.432e+02
s>        ( - 1.766e+02 1 0)
s>        ( QUESTION0 -1 -3.406e+04 3.076e+02 1.422e+02
s>            ( QUESTION0 1 -2.884e+03 2.018e+02 1.306e+01
s>                ( - -2.429e+03 1 0)
s>                ( - -2.527e+02 1 0))
s>            ( QUESTION14 -1 -3.087e+04 2.146e+02 1.292e+02
s>                ( WDBNDRY_B 0 -8.785e+03 2.102e+02 3.682e+01
s>                    ( - -6.651e+03 4 0 QUESTION2_14_L -1 1.300e+02 2.782e+01)
s>                    ( - -1.923e+03 1 0))
s>                ( QUESTION14 1 -2.187e+04 1.702e+02 9.237e+01
s>                    ( - -3.190e+02 1 0)
s>                    ( QUESTION16 -1 -2.138e+04 1.365e+02 9.037e+01
s>                        ( - -1.271e+04 9 0 QUESTION17 1 1.242e+02 5.509e+01)
s>                        ( - -8.537e+03 8 0 QUESTION17 1 1.635e+02 3.528e+01))))))INFO: dtree.c(1315): Comp split 3
INFO: dtree.c(1478): Final simple tree
|( QUESTION0 -1 -3.406e+04 3.076e+02 1.422e+02
|    ( QUESTION0 1 -2.884e+03 2.018e+02 1.306e+01
|        ( - -2.429e+03 1 0)
|        ( - -2.527e+02 1 0))
|    ( QUESTION14 -1 -3.087e+04 2.146e+02 1.292e+02
|        ( WDBNDRY_B 0 -8.785e+03 2.102e+02 3.682e+01
|            ( - -6.651e+03 4 0 QUESTION2_14_L -1 1.300e+02 2.782e+01)
|            ( - -1.923e+03 1 0))
|        ( QUESTION14 1 -2.187e+04 1.702e+02 9.237e+01
|            ( - -3.190e+02 1 0)
|            ( QUESTION16 -1 -2.138e+04 1.365e+02 9.037e+01
|                ( - -1.271e+04 9 0 QUESTION17 1 1.242e+02 5.509e+01)
|                ( QUESTION17 1 -8.537e+03 1.635e+02 3.528e+01
|                    ( - -4.025e+02 2 0 WDBNDRY_B 0 7.319e+02 2.000e+00)
|                    ( - -7.971e+03 6 0 QUESTION0 1 1.601e+02 3.328e+01))))))
s>    ( QUESTION0 -1 -3.406e+04 3.076e+02 1.422e+02
s>        ( QUESTION0 1 -2.884e+03 2.018e+02 1.306e+01
s>            ( - -2.429e+03 1 0)
s>            ( - -2.527e+02 1 0))
s>        ( QUESTION14 -1 -3.087e+04 2.146e+02 1.292e+02
s>            ( WDBNDRY_B 0 -8.785e+03 2.102e+02 3.682e+01
s>                ( - -6.651e+03 4 0 QUESTION2_14_L -1 1.300e+02 2.782e+01)
s>                ( - -1.923e+03 1 0))
s>            ( QUESTION14 1 -2.187e+04 1.702e+02 9.237e+01
s>                ( - -3.190e+02 1 0)
s>                ( QUESTION16 -1 -2.138e+04 1.365e+02 9.037e+01
s>                    ( - -1.271e+04 9 0 QUESTION17 1 1.242e+02 5.509e+01)
s>                    ( QUESTION17 1 -8.537e+03 1.635e+02 3.528e+01
s>                        ( - -4.025e+02 2 0 WDBNDRY_B 0 7.319e+02 2.000e+00)
s>                        ( - -7.971e+03 6 0 QUESTION0 1 1.601e+02 3.328e+01))))))INFO: dtree.c(1315): Comp split 4
INFO: dtree.c(1478): Final simple tree
|( QUESTION14 -1 -3.087e+04 2.146e+02 1.292e+02
|    ( WDBNDRY_B 0 -8.785e+03 2.102e+02 3.682e+01
|        ( - -6.651e+03 4 0 QUESTION2_14_L -1 1.300e+02 2.782e+01)
|        ( - -1.923e+03 1 0))
|    ( QUESTION14 1 -2.187e+04 1.702e+02 9.237e+01
|        ( - -3.190e+02 1 0)
|        ( QUESTION16 -1 -2.138e+04 1.365e+02 9.037e+01
|            ( - -1.271e+04 9 0 QUESTION17 1 1.242e+02 5.509e+01)
|            ( QUESTION17 1 -8.537e+03 1.635e+02 3.528e+01
|                ( WDBNDRY_B 0 -4.025e+02 7.319e+02 2.000e+00
|                    ( - 1.298e+02 1 0)
|                    ( - 1.996e+02 1 0))
|                ( QUESTION0 1 -7.971e+03 1.601e+02 3.328e+01
|                    ( - -1.010e+03 1 0)
|                    ( - -6.800e+03 5 0 QUESTION20 -1 9.783e+01 2.828e+01))))))
s>    ( QUESTION14 -1 -3.087e+04 2.146e+02 1.292e+02
s>        ( WDBNDRY_B 0 -8.785e+03 2.102e+02 3.682e+01
s>            ( - -6.651e+03 4 0 QUESTION2_14_L -1 1.300e+02 2.782e+01)
s>            ( - -1.923e+03 1 0))
s>        ( QUESTION14 1 -2.187e+04 1.702e+02 9.237e+01
s>            ( - -3.190e+02 1 0)
s>            ( QUESTION16 -1 -2.138e+04 1.365e+02 9.037e+01
s>                ( - -1.271e+04 9 0 QUESTION17 1 1.242e+02 5.509e+01)
s>                ( QUESTION17 1 -8.537e+03 1.635e+02 3.528e+01
s>                    ( WDBNDRY_B 0 -4.025e+02 7.319e+02 2.000e+00
s>                        ( - 1.298e+02 1 0)
s>                        ( - 1.996e+02 1 0))
s>                    ( QUESTION0 1 -7.971e+03 1.601e+02 3.328e+01
s>                        ( - -1.010e+03 1 0)
s>                        ( - -6.800e+03 5 0 QUESTION20 -1 9.783e+01 2.828e+01))))))INFO: dtree.c(1439): stop. leaf nodes are specific
INFO: dtree.c(1478): Final simple tree
|( QUESTION0 1 -2.884e+03 2.018e+02 1.306e+01
|    ( - -2.429e+03 1 0)
|    ( - -2.527e+02 1 0))
s>    ( QUESTION0 1 -2.884e+03 2.018e+02 1.306e+01
s>        ( - -2.429e+03 1 0)
s>        ( - -2.527e+02 1 0))INFO: dtree.c(1315): Comp split 5
INFO: dtree.c(1478): Final simple tree
|( QUESTION14 -1 -3.055e+04 2.129e+02 1.282e+02
|    ( WDBNDRY_B 0 -8.785e+03 2.102e+02 3.682e+01
|        ( QUESTION2_14_L -1 -6.651e+03 1.300e+02 2.782e+01
|            ( - -5.969e+03 3 0 QUESTION2_17_L -1 1.266e+02 2.482e+01)
|            ( - -5.522e+02 1 0))
|        ( - -1.923e+03 1 0))
|    ( QUESTION14 1 -2.155e+04 1.702e+02 9.137e+01
|        ( - -3.190e+02 1 0)
|        ( QUESTION16 -1 -2.106e+04 1.396e+02 8.937e+01
|            ( - -1.271e+04 9 0 QUESTION17 1 1.242e+02 5.509e+01)
|            ( QUESTION17 1 -8.214e+03 4.433e+02 3.428e+01
|                ( - 1.996e+02 1 0)
|                ( QUESTION0 1 -7.971e+03 1.601e+02 3.328e+01
|                    ( - -1.010e+03 1 0)
|                    ( - -6.800e+03 5 0 QUESTION20 -1 9.783e+01 2.828e+01))))))
s>    ( QUESTION14 -1 -3.055e+04 2.129e+02 1.282e+02
s>        ( WDBNDRY_B 0 -8.785e+03 2.102e+02 3.682e+01
s>            ( QUESTION2_14_L -1 -6.651e+03 1.300e+02 2.782e+01
s>                ( - -5.969e+03 3 0 QUESTION2_17_L -1 1.266e+02 2.482e+01)
s>                ( - -5.522e+02 1 0))
s>            ( - -1.923e+03 1 0))
s>        ( QUESTION14 1 -2.155e+04 1.702e+02 9.137e+01
s>            ( - -3.190e+02 1 0)
s>            ( QUESTION16 -1 -2.106e+04 1.396e+02 8.937e+01
s>                ( - -1.271e+04 9 0 QUESTION17 1 1.242e+02 5.509e+01)
s>                ( QUESTION17 1 -8.214e+03 4.433e+02 3.428e+01
s>                    ( - 1.996e+02 1 0)
s>                    ( QUESTION0 1 -7.971e+03 1.601e+02 3.328e+01
s>                        ( - -1.010e+03 1 0)
s>                        ( - -6.800e+03 5 0 QUESTION20 -1 9.783e+01 2.828e+01))))))INFO: dtree.c(1315): Comp split 6
INFO: dtree.c(1478): Final simple tree
|( QUESTION14 -1 -3.030e+04 2.133e+02 1.272e+02
|    ( WDBNDRY_B 0 -8.785e+03 2.102e+02 3.682e+01
|        ( QUESTION2_14_L -1 -6.651e+03 1.300e+02 2.782e+01
|            ( QUESTION2_17_L -1 -5.969e+03 1.266e+02 2.482e+01
|                ( - -1.780e+03 1 0)
|                ( - -4.062e+03 2 0))
|            ( - -5.522e+02 1 0))
|        ( - -1.923e+03 1 0))
|    ( QUESTION14 1 -2.130e+04 1.701e+02 9.037e+01
|        ( - -3.190e+02 1 0)
|        ( QUESTION16 -1 -2.081e+04 1.363e+02 8.837e+01
|            ( - -1.271e+04 9 0 QUESTION17 1 1.242e+02 5.509e+01)
|            ( QUESTION0 1 -7.971e+03 1.601e+02 3.328e+01
|                ( - -1.010e+03 1 0)
|                ( - -6.800e+03 5 0 QUESTION20 -1 9.783e+01 2.828e+01)))))
s>    ( QUESTION14 -1 -3.030e+04 2.133e+02 1.272e+02
s>        ( WDBNDRY_B 0 -8.785e+03 2.102e+02 3.682e+01
s>            ( QUESTION2_14_L -1 -6.651e+03 1.300e+02 2.782e+01
s>                ( QUESTION2_17_L -1 -5.969e+03 1.266e+02 2.482e+01
s>                    ( - -1.780e+03 1 0)
s>                    ( - -4.062e+03 2 0))
s>                ( - -5.522e+02 1 0))
s>            ( - -1.923e+03 1 0))
s>        ( QUESTION14 1 -2.130e+04 1.701e+02 9.037e+01
s>            ( - -3.190e+02 1 0)
s>            ( QUESTION16 -1 -2.081e+04 1.363e+02 8.837e+01
s>                ( - -1.271e+04 9 0 QUESTION17 1 1.242e+02 5.509e+01)
s>                ( QUESTION0 1 -7.971e+03 1.601e+02 3.328e+01
s>                    ( - -1.010e+03 1 0)
s>                    ( - -6.800e+03 5 0 QUESTION20 -1 9.783e+01 2.828e+01)))))INFO: dtree.c(1315): Comp split 7
INFO: dtree.c(1478): Final simple tree
|( QUESTION14 1 -2.197e+04 1.703e+02 9.337e+01
|    ( - -3.190e+02 1 0)
|    ( QUESTION16 -1 -2.149e+04 1.417e+02 9.137e+01
|        ( QUESTION17 1 -1.271e+04 1.242e+02 5.509e+01
|            ( - -5.964e+02 1 0)
|            ( WDBNDRY_B 0 -1.199e+04 1.034e+02 5.209e+01
|                ( - -1.064e+04 6 0 QUESTION0 1 1.019e+02 4.609e+01)
|                ( QUESTION0 1 -1.241e+03 2.084e+02 6.000e+00
|                    ( - -7.559e+02 1 0)
|                    ( - -2.764e+02 1 0))))
|        ( QUESTION0 1 -8.636e+03 1.529e+02 3.628e+01
|            ( - -1.010e+03 1 0)
|            ( QUESTION14 -1 -7.473e+03 1.206e+02 3.128e+01
|                ( - -5.522e+02 1 0)
|                ( - -6.800e+03 5 0 QUESTION20 -1 9.783e+01 2.828e+01)))))
s>    ( QUESTION14 1 -2.197e+04 1.703e+02 9.337e+01
s>        ( - -3.190e+02 1 0)
s>        ( QUESTION16 -1 -2.149e+04 1.417e+02 9.137e+01
s>            ( QUESTION17 1 -1.271e+04 1.242e+02 5.509e+01
s>                ( - -5.964e+02 1 0)
s>                ( WDBNDRY_B 0 -1.199e+04 1.034e+02 5.209e+01
s>                    ( - -1.064e+04 6 0 QUESTION0 1 1.019e+02 4.609e+01)
s>                    ( QUESTION0 1 -1.241e+03 2.084e+02 6.000e+00
s>                        ( - -7.559e+02 1 0)
s>                        ( - -2.764e+02 1 0))))
s>            ( QUESTION0 1 -8.636e+03 1.529e+02 3.628e+01
s>                ( - -1.010e+03 1 0)
s>                ( QUESTION14 -1 -7.473e+03 1.206e+02 3.128e+01
s>                    ( - -5.522e+02 1 0)
s>                    ( - -6.800e+03 5 0 QUESTION20 -1 9.783e+01 2.828e+01)))))INFO: dtree.c(1439): stop. leaf nodes are specific
INFO: dtree.c(1478): Final simple tree
|( WDBNDRY_B 0 -8.103e+03 2.101e+02 3.382e+01
|    ( QUESTION2_17_L -1 -5.969e+03 1.266e+02 2.482e+01
|        ( - -1.780e+03 1 0)
|        ( - -4.062e+03 2 0))
|    ( - -1.923e+03 1 0))
s>    ( WDBNDRY_B 0 -8.103e+03 2.101e+02 3.382e+01
s>        ( QUESTION2_17_L -1 -5.969e+03 1.266e+02 2.482e+01
s>            ( - -1.780e+03 1 0)
s>            ( - -4.062e+03 2 0))
s>        ( - -1.923e+03 1 0))INFO: dtree.c(1315): Comp split 8
INFO: dtree.c(1439): stop. leaf nodes are specific
INFO: dtree.c(1478): Final simple tree
|( QUESTION2_17_L -1 -5.969e+03 1.266e+02 2.482e+01
|    ( - -1.780e+03 1 0)
|    ( - -4.062e+03 2 0))
s>    ( QUESTION2_17_L -1 -5.969e+03 1.266e+02 2.482e+01
s>        ( - -1.780e+03 1 0)
s>        ( - -4.062e+03 2 0))INFO: dtree.c(1315): Comp split 9
INFO: dtree.c(1439): stop. leaf nodes are specific
INFO: dtree.c(1478): Final simple tree
|( QUESTION0 1 -1.648e+03 8.553e+01 8.000e+00
|    ( - -1.010e+03 1 0)
|    ( - -5.522e+02 1 0))
s>    ( QUESTION0 1 -1.648e+03 8.553e+01 8.000e+00
s>        ( - -1.010e+03 1 0)
s>        ( - -5.522e+02 1 0))INFO: dtree.c(1478): Final simple tree
|( QUESTION14 1 -2.012e+04 1.701e+02 8.537e+01
|    ( - -3.190e+02 1 0)
|    ( QUESTION16 -1 -1.963e+04 1.240e+02 8.337e+01
|        ( QUESTION17 1 -1.271e+04 1.242e+02 5.509e+01
|            ( - -5.964e+02 1 0)
|            ( WDBNDRY_B 0 -1.199e+04 1.034e+02 5.209e+01
|                ( QUESTION0 1 -1.064e+04 1.019e+02 4.609e+01
|                    ( - -5.341e+03 2 0)
|                    ( - -5.200e+03 4 0))
|                ( QUESTION0 1 -1.241e+03 2.084e+02 6.000e+00
|                    ( - -7.559e+02 1 0)
|                    ( - -2.764e+02 1 0))))
|        ( QUESTION20 -1 -6.800e+03 9.783e+01 2.828e+01
|            ( - -3.083e+03 3 0 WDBNDRY_B 0 1.251e+02 1.300e+01)
|            ( - -3.619e+03 2 0 WDBNDRY_B 0 1.081e+02 1.528e+01))))
s>    ( QUESTION14 1 -2.012e+04 1.701e+02 8.537e+01
s>        ( - -3.190e+02 1 0)
s>        ( QUESTION16 -1 -1.963e+04 1.240e+02 8.337e+01
s>            ( QUESTION17 1 -1.271e+04 1.242e+02 5.509e+01
s>                ( - -5.964e+02 1 0)
s>                ( WDBNDRY_B 0 -1.199e+04 1.034e+02 5.209e+01
s>                    ( QUESTION0 1 -1.064e+04 1.019e+02 4.609e+01
s>                        ( - -5.341e+03 2 0)
s>                        ( - -5.200e+03 4 0))
s>                    ( QUESTION0 1 -1.241e+03 2.084e+02 6.000e+00
s>                        ( - -7.559e+02 1 0)
s>                        ( - -2.764e+02 1 0))))
s>            ( QUESTION20 -1 -6.800e+03 9.783e+01 2.828e+01
s>                ( - -3.083e+03 3 0 WDBNDRY_B 0 1.251e+02 1.300e+01)
s>                ( - -3.619e+03 2 0 WDBNDRY_B 0 1.081e+02 1.528e+01))))INFO: dtree.c(1315): Comp split 10
INFO: dtree.c(1315): Comp split 11
INFO: dtree.c(1478): Final simple tree
|( QUESTION14 1 -1.965e+04 1.703e+02 8.337e+01
|    ( - -3.190e+02 1 0)
|    ( QUESTION16 -1 -1.916e+04 1.248e+02 8.137e+01
|        ( QUESTION17 1 -1.223e+04 1.237e+02 5.309e+01
|            ( - -5.964e+02 1 0)
|            ( WDBNDRY_B 0 -1.151e+04 1.147e+02 5.009e+01
|                ( QUESTION0 1 -1.064e+04 1.019e+02 4.609e+01
|                    ( - -5.341e+03 2 0)
|                    ( - -5.200e+03 4 0))
|                ( - -7.559e+02 1 0)))
|        ( QUESTION20 -1 -6.800e+03 9.783e+01 2.828e+01
|            ( WDBNDRY_B 0 -3.083e+03 1.251e+02 1.300e+01
|                ( - -1.608e+03 2 0)
|                ( - -1.350e+03 1 0))
|            ( - -3.619e+03 2 0 WDBNDRY_B 0 1.081e+02 1.528e+01))))
s>    ( QUESTION14 1 -1.965e+04 1.703e+02 8.337e+01
s>        ( - -3.190e+02 1 0)
s>        ( QUESTION16 -1 -1.916e+04 1.248e+02 8.137e+01
s>            ( QUESTION17 1 -1.223e+04 1.237e+02 5.309e+01
s>                ( - -5.964e+02 1 0)
s>                ( WDBNDRY_B 0 -1.151e+04 1.147e+02 5.009e+01
s>                    ( QUESTION0 1 -1.064e+04 1.019e+02 4.609e+01
s>                        ( - -5.341e+03 2 0)
s>                        ( - -5.200e+03 4 0))
s>                    ( - -7.559e+02 1 0)))
s>            ( QUESTION20 -1 -6.800e+03 9.783e+01 2.828e+01
s>                ( WDBNDRY_B 0 -3.083e+03 1.251e+02 1.300e+01
s>                    ( - -1.608e+03 2 0)
s>                    ( - -1.350e+03 1 0))
s>                ( - -3.619e+03 2 0 WDBNDRY_B 0 1.081e+02 1.528e+01))))INFO: dtree.c(1315): Comp split 12
INFO: dtree.c(1478): Final simple tree
|( QUESTION16 -1 -1.916e+04 1.248e+02 8.137e+01
|    ( QUESTION17 1 -1.223e+04 1.237e+02 5.309e+01
|        ( - -5.964e+02 1 0)
|        ( WDBNDRY_B 0 -1.151e+04 1.147e+02 5.009e+01
|            ( QUESTION0 1 -1.064e+04 1.019e+02 4.609e+01
|                ( - -5.341e+03 2 0)
|                ( - -5.200e+03 4 0))
|            ( - -7.559e+02 1 0)))
|    ( QUESTION20 -1 -6.800e+03 9.783e+01 2.828e+01
|        ( WDBNDRY_B 0 -3.083e+03 1.251e+02 1.300e+01
|            ( - -1.608e+03 2 0)
|            ( - -1.350e+03 1 0))
|        ( WDBNDRY_B 0 -3.619e+03 1.081e+02 1.528e+01
|            ( - -5.606e+02 1 0)
|            ( - -2.951e+03 1 0))))
s>    ( QUESTION16 -1 -1.916e+04 1.248e+02 8.137e+01
s>        ( QUESTION17 1 -1.223e+04 1.237e+02 5.309e+01
s>            ( - -5.964e+02 1 0)
s>            ( WDBNDRY_B 0 -1.151e+04 1.147e+02 5.009e+01
s>                ( QUESTION0 1 -1.064e+04 1.019e+02 4.609e+01
s>                    ( - -5.341e+03 2 0)
s>                    ( - -5.200e+03 4 0))
s>                ( - -7.559e+02 1 0)))
s>        ( QUESTION20 -1 -6.800e+03 9.783e+01 2.828e+01
s>            ( WDBNDRY_B 0 -3.083e+03 1.251e+02 1.300e+01
s>                ( - -1.608e+03 2 0)
s>                ( - -1.350e+03 1 0))
s>            ( WDBNDRY_B 0 -3.619e+03 1.081e+02 1.528e+01
s>                ( - -5.606e+02 1 0)
s>                ( - -2.951e+03 1 0))))INFO: dtree.c(1315): Comp split 13
INFO: dtree.c(1315): Comp split 14
INFO: dtree.c(1439): stop. leaf nodes are specific
INFO: dtree.c(1478): Final simple tree
|( QUESTION17 1 -1.767e+04 1.201e+02 7.537e+01
|    ( - -5.964e+02 1 0)
|    ( QUESTION16 -1 -1.695e+04 1.161e+02 7.237e+01
|        ( WDBNDRY_B 0 -1.151e+04 1.147e+02 5.009e+01
|            ( QUESTION0 1 -1.064e+04 1.019e+02 4.609e+01
|                ( - -5.341e+03 2 0)
|                ( - -5.200e+03 4 0))
|            ( - -7.559e+02 1 0))
|        ( QUESTION20 -1 -5.322e+03 9.453e+01 2.228e+01
|            ( - -1.608e+03 2 0)
|            ( WDBNDRY_B 0 -3.619e+03 1.081e+02 1.528e+01
|                ( - -5.606e+02 1 0)
|                ( - -2.951e+03 1 0)))))
s>    ( QUESTION17 1 -1.767e+04 1.201e+02 7.537e+01
s>        ( - -5.964e+02 1 0)
s>        ( QUESTION16 -1 -1.695e+04 1.161e+02 7.237e+01
s>            ( WDBNDRY_B 0 -1.151e+04 1.147e+02 5.009e+01
s>                ( QUESTION0 1 -1.064e+04 1.019e+02 4.609e+01
s>                    ( - -5.341e+03 2 0)
s>                    ( - -5.200e+03 4 0))
s>                ( - -7.559e+02 1 0))
s>            ( QUESTION20 -1 -5.322e+03 9.453e+01 2.228e+01
s>                ( - -1.608e+03 2 0)
s>                ( WDBNDRY_B 0 -3.619e+03 1.081e+02 1.528e+01
s>                    ( - -5.606e+02 1 0)
s>                    ( - -2.951e+03 1 0)))))INFO: dtree.c(1315): Comp split 15
INFO: dtree.c(1439): stop. leaf nodes are specific
INFO: dtree.c(1478): Final simple tree
|( QUESTION17 1 -1.220e+04 1.184e+02 5.229e+01
|    ( - -5.964e+02 1 0)
|    ( QUESTION0 1 -1.148e+04 1.084e+02 4.929e+01
|        ( - -7.559e+02 1 0)
|        ( WDBNDRY_B 0 -1.062e+04 1.044e+02 4.529e+01
|            ( QUESTION20 -1 -7.564e+03 8.147e+01 3.301e+01
|                ( - -1.608e+03 2 0)
|                ( QUESTION16 -1 -5.875e+03 1.148e+02 2.601e+01
|                    ( - -5.200e+03 4 0)
|                    ( - -5.606e+02 1 0)))
|            ( - -2.951e+03 1 0))))
s>    ( QUESTION17 1 -1.220e+04 1.184e+02 5.229e+01
s>        ( - -5.964e+02 1 0)
s>        ( QUESTION0 1 -1.148e+04 1.084e+02 4.929e+01
s>            ( - -7.559e+02 1 0)
s>            ( WDBNDRY_B 0 -1.062e+04 1.044e+02 4.529e+01
s>                ( QUESTION20 -1 -7.564e+03 8.147e+01 3.301e+01
s>                    ( - -1.608e+03 2 0)
s>                    ( QUESTION16 -1 -5.875e+03 1.148e+02 2.601e+01
s>                        ( - -5.200e+03 4 0)
s>                        ( - -5.606e+02 1 0)))
s>                ( - -2.951e+03 1 0))))INFO: dtree.c(1315): Comp split 16
INFO: dtree.c(1315): Comp split 17
INFO: dtree.c(1439): stop. leaf nodes are specific
INFO: dtree.c(1478): Final simple tree
|( WDBNDRY_B 0 -7.745e+03 1.024e+02 3.401e+01
|    ( QUESTION16 -1 -6.886e+03 7.914e+01 3.001e+01
|        ( - -5.200e+03 4 0)
|        ( - -1.608e+03 2 0))
|    ( - -7.559e+02 1 0))
s>    ( WDBNDRY_B 0 -7.745e+03 1.024e+02 3.401e+01
s>        ( QUESTION16 -1 -6.886e+03 7.914e+01 3.001e+01
s>            ( - -5.200e+03 4 0)
s>            ( - -1.608e+03 2 0))
s>        ( - -7.559e+02 1 0))INFO: dtree.c(1439): stop. leaf nodes are specific
INFO: dtree.c(1478): Final simple tree
|( QUESTION16 -1 -4.335e+03 1.191e+02 1.828e+01
|    ( - -5.964e+02 1 0)
|    ( WDBNDRY_B 0 -3.619e+03 1.081e+02 1.528e+01
|        ( - -5.606e+02 1 0)
|        ( - -2.951e+03 1 0)))
s>    ( QUESTION16 -1 -4.335e+03 1.191e+02 1.828e+01
s>        ( - -5.964e+02 1 0)
s>        ( WDBNDRY_B 0 -3.619e+03 1.081e+02 1.528e+01
s>            ( - -5.606e+02 1 0)
s>            ( - -2.951e+03 1 0)))INFO: dtree.c(1315): Comp split 18
INFO: dtree.c(1439): stop. leaf nodes are specific
INFO: dtree.c(1478): Final simple tree
|( WDBNDRY_B 0 -3.619e+03 1.081e+02 1.528e+01
|    ( - -5.606e+02 1 0)
|    ( - -2.951e+03 1 0))
s>    ( WDBNDRY_B 0 -3.619e+03 1.081e+02 1.528e+01
s>        ( - -5.606e+02 1 0)
s>        ( - -2.951e+03 1 0))INFO: dtree.c(1315): Comp split 19
INFO: dtree.c(1315): Comp split 20
INFO: dtree.c(1439): stop. leaf nodes are specific
INFO: dtree.c(1478): Final simple tree
|( QUESTION16 -1 -6.886e+03 7.914e+01 3.001e+01
|    ( - -5.200e+03 4 0)
|    ( - -1.608e+03 2 0))
s>    ( QUESTION16 -1 -6.886e+03 7.914e+01 3.001e+01
s>        ( - -5.200e+03 4 0)
s>        ( - -1.608e+03 2 0))INFO: dtree.c(1315): Comp split 21
INFO: dtree.c(1315): Comp split 22
INFO: dtree.c(1315): Comp split 23
INFO: dtree.c(1318): stop. leaf nodes are specific
Sun Mar 19 21:50:42 2017
