Current configuration:
[NAME]		[DEFLT]	[VALUE]
-allphones	no	no
-cntthresh	0.00001	1.000000e-05
-csplitmax	100	2000
-csplitmin	1	1
-csplitthr	8e-4	0.000000e+00
-example	no	no
-fullvar	no	no
-help		no	no
-meanfn			/home/ilya/Рабочий стол/lab_sphinx/ru_base/model_parameters/ru_base.cd_cont_untied/means
-mixwfn			/home/ilya/Рабочий стол/lab_sphinx/ru_base/model_parameters/ru_base.cd_cont_untied/mixture_weights
-moddeffn		/home/ilya/Рабочий стол/lab_sphinx/ru_base/model_architecture/ru_base.untied.mdef
-mwfloor	1e-4	1.000000e-08
-phone			sj
-psetfn			/home/ilya/Рабочий стол/lab_sphinx/ru_base/model_architecture/ru_base.tree_questions
-ssplitmax	5	7
-ssplitmin	1	1
-ssplitthr	8e-4	0.000000e+00
-state			1
-stwt			1.0,0.05,0.0,
-treefn			/home/ilya/Рабочий стол/lab_sphinx/ru_base/trees/ru_base.unpruned/sj-1.dtree
-ts2cbfn	.semi.	.cont.
-varfloor	0.00001	1.000000e-05
-varfn			/home/ilya/Рабочий стол/lab_sphinx/ru_base/model_parameters/ru_base.cd_cont_untied/variances

INFO: main.c(223): Reading: /home/ilya/Рабочий стол/lab_sphinx/ru_base/model_architecture/ru_base.untied.mdef
INFO: model_def_io.c(573): Model definition info:
INFO: model_def_io.c(574): 9415 total models defined (43 base, 9372 tri)
INFO: model_def_io.c(575): 37660 total states
INFO: model_def_io.c(576): 28245 total tied states
INFO: model_def_io.c(577): 129 total tied CI states
INFO: model_def_io.c(578): 43 total tied transition matrices
INFO: model_def_io.c(579): 4 max state/model
INFO: model_def_io.c(580): 4 min state/model
INFO: main.c(242): Building trees for [sj SIL e0 b] through [sj y0 i0 b]
INFO: main.c(269): Covering states |[21372 21770]| == 399
INFO: main.c(275): Reading: /home/ilya/Рабочий стол/lab_sphinx/ru_base/model_parameters/ru_base.cd_cont_untied/mixture_weights
INFO: s3mixw_io.c(173): Read /home/ilya/Рабочий стол/lab_sphinx/ru_base/model_parameters/ru_base.cd_cont_untied/mixture_weights [399x1x1 array]
INFO: main.c(311): 133 of 133 models have observation count greater than 0.000010
INFO: main.c(95): nrm stwt: 0.045 0.909 0.045 
INFO: s3gau_io.c(169): Read /home/ilya/Рабочий стол/lab_sphinx/ru_base/model_parameters/ru_base.cd_cont_untied/means [28245x1x1 array]
INFO: s3gau_io.c(169): Read /home/ilya/Рабочий стол/lab_sphinx/ru_base/model_parameters/ru_base.cd_cont_untied/variances [28245x1x1 array]
INFO: main.c(549): Reading: /home/ilya/Рабочий стол/lab_sphinx/ru_base/model_architecture/ru_base.tree_questions
INFO: main.c(588): 180 total simple questions (172 phone; 8 word bndry)
INFO: main.c(590): 42 Left Only questions, and 42 Right Only questions
INFO: dtree.c(1478): Final simple tree
|( WDBNDRY_E 0 -4.898e+06 7.485e+03 2.406e+04
|    ( QUESTION14 -1 -1.281e+06 4.871e+03 6.221e+03
|        ( - -1.498e+05 1 0)
|        ( QUESTION0_0_R 1 -1.127e+06 2.458e+03 5.441e+03
|            ( - -5.890e+05 38 0 QUESTION0_4_R 1 1.020e+03 2.812e+03)
|            ( - -5.351e+05 19 0 QUESTION14 1 1.469e+03 2.629e+03)))
|    ( QUESTION0_15_R 1 -3.609e+06 4.480e+03 1.784e+04
|        ( QUESTION2_17_L -1 -2.048e+06 2.281e+03 1.023e+04
|            ( - -3.585e+05 4 0 WDBNDRY_B 0 1.081e+03 1.787e+03)
|            ( - -1.687e+06 45 0 QUESTION15 -1 1.177e+03 8.440e+03))
|        ( QUESTION15 -1 -1.557e+06 2.307e+03 7.612e+03
|            ( - -4.644e+05 13 0 QUESTION19 -1 1.177e+03 2.272e+03)
|            ( QUESTION12 -1 -1.090e+06 1.726e+03 5.340e+03
|                ( - -2.046e+05 3 0 QUESTION14 1 8.597e+02 9.910e+02)
|                ( - -8.837e+05 10 0 QUESTION2_20_L -1 7.373e+02 4.349e+03)))))
s>    ( WDBNDRY_E 0 -4.898e+06 7.485e+03 2.406e+04
s>        ( QUESTION14 -1 -1.281e+06 4.871e+03 6.221e+03
s>            ( - -1.498e+05 1 0)
s>            ( QUESTION0_0_R 1 -1.127e+06 2.458e+03 5.441e+03
s>                ( - -5.890e+05 38 0 QUESTION0_4_R 1 1.020e+03 2.812e+03)
s>                ( - -5.351e+05 19 0 QUESTION14 1 1.469e+03 2.629e+03)))
s>        ( QUESTION0_15_R 1 -3.609e+06 4.480e+03 1.784e+04
s>            ( QUESTION2_17_L -1 -2.048e+06 2.281e+03 1.023e+04
s>                ( - -3.585e+05 4 0 WDBNDRY_B 0 1.081e+03 1.787e+03)
s>                ( - -1.687e+06 45 0 QUESTION15 -1 1.177e+03 8.440e+03))
s>            ( QUESTION15 -1 -1.557e+06 2.307e+03 7.612e+03
s>                ( - -4.644e+05 13 0 QUESTION19 -1 1.177e+03 2.272e+03)
s>                ( QUESTION12 -1 -1.090e+06 1.726e+03 5.340e+03
s>                    ( - -2.046e+05 3 0 QUESTION14 1 8.597e+02 9.910e+02)
s>                    ( - -8.837e+05 10 0 QUESTION2_20_L -1 7.373e+02 4.349e+03)))))INFO: dtree.c(1315): Comp split 0
INFO: dtree.c(1478): Final simple tree
|( QUESTION2_17_L -1 -2.048e+06 2.281e+03 1.023e+04
|    ( WDBNDRY_B 0 -3.585e+05 1.081e+03 1.787e+03
|        ( - -1.325e+05 2 0 QUESTION0 -1 3.336e+02 6.752e+02)
|        ( - -2.249e+05 2 0 QUESTION20 1 2.370e+02 1.112e+03))
|    ( QUESTION15 -1 -1.687e+06 1.177e+03 8.440e+03
|        ( QUESTION19 -1 -6.318e+05 6.563e+02 3.155e+03
|            ( - -2.287e+05 7 0 WDBNDRY_B 0 5.106e+02 1.151e+03)
|            ( - -4.024e+05 10 0 WDBNDRY_B 0 3.705e+02 2.005e+03))
|        ( SILENCE -1 -1.054e+06 9.634e+02 5.285e+03
|            ( - -1.075e+05 1 0)
|            ( QUESTION11 -1 -9.456e+05 7.196e+02 4.740e+03
|                ( - -1.456e+05 7 0 QUESTION2_0_L -1 5.537e+02 7.205e+02)
|                ( QUESTION2_1_L -1 -7.993e+05 6.322e+02 4.020e+03
|                    ( - -1.357e+05 6 0 QUESTION20 1 4.777e+02 6.870e+02)
|                    ( - -6.630e+05 14 0 QUESTION2_15_L -1 5.888e+02 3.333e+03))))))
s>    ( QUESTION2_17_L -1 -2.048e+06 2.281e+03 1.023e+04
s>        ( WDBNDRY_B 0 -3.585e+05 1.081e+03 1.787e+03
s>            ( - -1.325e+05 2 0 QUESTION0 -1 3.336e+02 6.752e+02)
s>            ( - -2.249e+05 2 0 QUESTION20 1 2.370e+02 1.112e+03))
s>        ( QUESTION15 -1 -1.687e+06 1.177e+03 8.440e+03
s>            ( QUESTION19 -1 -6.318e+05 6.563e+02 3.155e+03
s>                ( - -2.287e+05 7 0 WDBNDRY_B 0 5.106e+02 1.151e+03)
s>                ( - -4.024e+05 10 0 WDBNDRY_B 0 3.705e+02 2.005e+03))
s>            ( SILENCE -1 -1.054e+06 9.634e+02 5.285e+03
s>                ( - -1.075e+05 1 0)
s>                ( QUESTION11 -1 -9.456e+05 7.196e+02 4.740e+03
s>                    ( - -1.456e+05 7 0 QUESTION2_0_L -1 5.537e+02 7.205e+02)
s>                    ( QUESTION2_1_L -1 -7.993e+05 6.322e+02 4.020e+03
s>                        ( - -1.357e+05 6 0 QUESTION20 1 4.777e+02 6.870e+02)
s>                        ( - -6.630e+05 14 0 QUESTION2_15_L -1 5.888e+02 3.333e+03))))))INFO: dtree.c(1478): Final simple tree
|( QUESTION2_17_L -1 -2.842e+06 5.698e+03 1.383e+04
|    ( WDBNDRY_E 0 -1.843e+05 1.214e+03 9.445e+02
|        ( - -1.498e+05 1 0)
|        ( - -3.329e+04 1 0))
|    ( QUESTION15 -1 -2.652e+06 3.601e+03 1.289e+04
|        ( QUESTION0_0_R 1 -1.593e+06 2.650e+03 7.712e+03
|            ( - -6.443e+05 43 0 QUESTION0_4_R 1 1.114e+03 3.071e+03)
|            ( QUESTION16 -1 -9.456e+05 1.963e+03 4.641e+03
|                ( QUESTION14 1 -4.866e+05 1.209e+03 2.390e+03
|                    ( - -8.162e+04 3 0 QUESTION0_14_R 1 3.551e+02 3.886e+02)
|                    ( - -4.038e+05 7 0 WDBNDRY_I 0 1.106e+03 2.001e+03))
|                ( - -4.570e+05 17 0 QUESTION18 -1 9.175e+02 2.251e+03)))
|        ( QUESTION10 -1 -1.056e+06 1.710e+03 5.177e+03
|            ( - -2.046e+05 3 0 QUESTION14 1 8.597e+02 9.910e+02)
|            ( - -8.498e+05 9 0 QUESTION2_20_L -1 5.078e+02 4.185e+03))))
s>    ( QUESTION2_17_L -1 -2.842e+06 5.698e+03 1.383e+04
s>        ( WDBNDRY_E 0 -1.843e+05 1.214e+03 9.445e+02
s>            ( - -1.498e+05 1 0)
s>            ( - -3.329e+04 1 0))
s>        ( QUESTION15 -1 -2.652e+06 3.601e+03 1.289e+04
s>            ( QUESTION0_0_R 1 -1.593e+06 2.650e+03 7.712e+03
s>                ( - -6.443e+05 43 0 QUESTION0_4_R 1 1.114e+03 3.071e+03)
s>                ( QUESTION16 -1 -9.456e+05 1.963e+03 4.641e+03
s>                    ( QUESTION14 1 -4.866e+05 1.209e+03 2.390e+03
s>                        ( - -8.162e+04 3 0 QUESTION0_14_R 1 3.551e+02 3.886e+02)
s>                        ( - -4.038e+05 7 0 WDBNDRY_I 0 1.106e+03 2.001e+03))
s>                    ( - -4.570e+05 17 0 QUESTION18 -1 9.175e+02 2.251e+03)))
s>            ( QUESTION10 -1 -1.056e+06 1.710e+03 5.177e+03
s>                ( - -2.046e+05 3 0 QUESTION14 1 8.597e+02 9.910e+02)
s>                ( - -8.498e+05 9 0 QUESTION2_20_L -1 5.078e+02 4.185e+03))))INFO: dtree.c(1315): Comp split 1
INFO: dtree.c(1478): Final simple tree
|( QUESTION15 -1 -2.686e+06 3.500e+03 1.305e+04
|    ( QUESTION0_0_R 1 -1.593e+06 2.650e+03 7.712e+03
|        ( QUESTION0_4_R 1 -6.443e+05 1.114e+03 3.071e+03
|            ( - -1.422e+05 12 0 QUESTION16 -1 5.472e+02 6.845e+02)
|            ( - -5.010e+05 31 0 QUESTION12 1 1.006e+03 2.387e+03))
|        ( QUESTION16 -1 -9.456e+05 1.963e+03 4.641e+03
|            ( QUESTION14 1 -4.866e+05 1.209e+03 2.390e+03
|                ( - -8.162e+04 3 0 QUESTION0_14_R 1 3.551e+02 3.886e+02)
|                ( WDBNDRY_I 0 -4.038e+05 1.106e+03 2.001e+03
|                    ( - -7.668e+04 1 0)
|                    ( - -3.260e+05 6 0 QUESTION16 1 1.249e+03 1.628e+03)))
|            ( - -4.570e+05 17 0 QUESTION18 -1 9.175e+02 2.251e+03)))
|    ( QUESTION12 -1 -1.090e+06 1.726e+03 5.340e+03
|        ( - -2.046e+05 3 0 QUESTION14 1 8.597e+02 9.910e+02)
|        ( - -8.837e+05 10 0 QUESTION2_20_L -1 7.373e+02 4.349e+03)))
s>    ( QUESTION15 -1 -2.686e+06 3.500e+03 1.305e+04
s>        ( QUESTION0_0_R 1 -1.593e+06 2.650e+03 7.712e+03
s>            ( QUESTION0_4_R 1 -6.443e+05 1.114e+03 3.071e+03
s>                ( - -1.422e+05 12 0 QUESTION16 -1 5.472e+02 6.845e+02)
s>                ( - -5.010e+05 31 0 QUESTION12 1 1.006e+03 2.387e+03))
s>            ( QUESTION16 -1 -9.456e+05 1.963e+03 4.641e+03
s>                ( QUESTION14 1 -4.866e+05 1.209e+03 2.390e+03
s>                    ( - -8.162e+04 3 0 QUESTION0_14_R 1 3.551e+02 3.886e+02)
s>                    ( WDBNDRY_I 0 -4.038e+05 1.106e+03 2.001e+03
s>                        ( - -7.668e+04 1 0)
s>                        ( - -3.260e+05 6 0 QUESTION16 1 1.249e+03 1.628e+03)))
s>                ( - -4.570e+05 17 0 QUESTION18 -1 9.175e+02 2.251e+03)))
s>        ( QUESTION12 -1 -1.090e+06 1.726e+03 5.340e+03
s>            ( - -2.046e+05 3 0 QUESTION14 1 8.597e+02 9.910e+02)
s>            ( - -8.837e+05 10 0 QUESTION2_20_L -1 7.373e+02 4.349e+03)))INFO: dtree.c(1315): Comp split 2
INFO: dtree.c(1478): Final simple tree
|( QUESTION15 -1 -1.878e+06 3.223e+03 9.219e+03
|    ( QUESTION16 -1 -7.852e+05 2.231e+03 3.879e+03
|        ( QUESTION16 1 -3.260e+05 1.249e+03 1.628e+03
|            ( - -9.181e+04 2 0 WDBNDRY_B 0 2.094e+02 4.679e+02)
|            ( QUESTION0_15_R 1 -2.329e+05 7.857e+02 1.160e+03
|                ( - -1.483e+05 1 0)
|                ( - -8.385e+04 3 0 SILENCE 1 1.673e+02 4.218e+02)))
|        ( QUESTION18 -1 -4.570e+05 9.175e+02 2.251e+03
|            ( - -7.122e+04 1 0)
|            ( - -3.849e+05 16 0 QUESTION16 1 7.366e+02 1.903e+03)))
|    ( QUESTION12 -1 -1.090e+06 1.726e+03 5.340e+03
|        ( QUESTION14 1 -2.046e+05 8.597e+02 9.910e+02
|            ( - -2.934e+04 1 0)
|            ( - -1.744e+05 2 0 QUESTION2_1_L -1 3.468e+02 8.497e+02))
|        ( - -8.837e+05 10 0 QUESTION2_20_L -1 7.373e+02 4.349e+03)))
s>    ( QUESTION15 -1 -1.878e+06 3.223e+03 9.219e+03
s>        ( QUESTION16 -1 -7.852e+05 2.231e+03 3.879e+03
s>            ( QUESTION16 1 -3.260e+05 1.249e+03 1.628e+03
s>                ( - -9.181e+04 2 0 WDBNDRY_B 0 2.094e+02 4.679e+02)
s>                ( QUESTION0_15_R 1 -2.329e+05 7.857e+02 1.160e+03
s>                    ( - -1.483e+05 1 0)
s>                    ( - -8.385e+04 3 0 SILENCE 1 1.673e+02 4.218e+02)))
s>            ( QUESTION18 -1 -4.570e+05 9.175e+02 2.251e+03
s>                ( - -7.122e+04 1 0)
s>                ( - -3.849e+05 16 0 QUESTION16 1 7.366e+02 1.903e+03)))
s>        ( QUESTION12 -1 -1.090e+06 1.726e+03 5.340e+03
s>            ( QUESTION14 1 -2.046e+05 8.597e+02 9.910e+02
s>                ( - -2.934e+04 1 0)
s>                ( - -1.744e+05 2 0 QUESTION2_1_L -1 3.468e+02 8.497e+02))
s>            ( - -8.837e+05 10 0 QUESTION2_20_L -1 7.373e+02 4.349e+03)))INFO: dtree.c(1478): Final simple tree
|( QUESTION0_4_R 1 -8.036e+05 1.139e+03 3.834e+03
|    ( QUESTION16 -1 -1.422e+05 5.472e+02 6.845e+02
|        ( - -9.423e+04 7 0 WDBNDRY_E 0 6.097e+02 4.597e+02)
|        ( - -4.743e+04 5 0 WDBNDRY_E 0 3.278e+02 2.248e+02))
|    ( QUESTION12 1 -6.603e+05 9.534e+02 3.149e+03
|        ( QUESTION16 -1 -1.957e+05 5.541e+02 9.181e+02
|            ( - -1.369e+05 9 0 QUESTION0_2_R 1 5.112e+02 6.433e+02)
|            ( - -5.827e+04 6 0 QUESTION20 -1 3.412e+02 2.748e+02))
|        ( QUESTION0_9_R 1 -4.636e+05 8.430e+02 2.231e+03
|            ( - -8.146e+04 2 0 QUESTION16 -1 4.509e+02 3.914e+02)
|            ( QUESTION16 -1 -3.813e+05 6.745e+02 1.840e+03
|                ( QUESTION0_12_R 1 -3.099e+05 6.957e+02 1.495e+03
|                    ( - -5.804e+04 3 0 QUESTION6 1 1.555e+02 2.941e+02)
|                    ( - -2.512e+05 7 0 QUESTION0_17_R 1 5.152e+02 1.201e+03))
|                ( - -7.065e+04 8 0 QUESTION0_3_R 1 4.515e+02 3.446e+02)))))
s>    ( QUESTION0_4_R 1 -8.036e+05 1.139e+03 3.834e+03
s>        ( QUESTION16 -1 -1.422e+05 5.472e+02 6.845e+02
s>            ( - -9.423e+04 7 0 WDBNDRY_E 0 6.097e+02 4.597e+02)
s>            ( - -4.743e+04 5 0 WDBNDRY_E 0 3.278e+02 2.248e+02))
s>        ( QUESTION12 1 -6.603e+05 9.534e+02 3.149e+03
s>            ( QUESTION16 -1 -1.957e+05 5.541e+02 9.181e+02
s>                ( - -1.369e+05 9 0 QUESTION0_2_R 1 5.112e+02 6.433e+02)
s>                ( - -5.827e+04 6 0 QUESTION20 -1 3.412e+02 2.748e+02))
s>            ( QUESTION0_9_R 1 -4.636e+05 8.430e+02 2.231e+03
s>                ( - -8.146e+04 2 0 QUESTION16 -1 4.509e+02 3.914e+02)
s>                ( QUESTION16 -1 -3.813e+05 6.745e+02 1.840e+03
s>                    ( QUESTION0_12_R 1 -3.099e+05 6.957e+02 1.495e+03
s>                        ( - -5.804e+04 3 0 QUESTION6 1 1.555e+02 2.941e+02)
s>                        ( - -2.512e+05 7 0 QUESTION0_17_R 1 5.152e+02 1.201e+03))
s>                    ( - -7.065e+04 8 0 QUESTION0_3_R 1 4.515e+02 3.446e+02)))))INFO: dtree.c(1315): Comp split 3
INFO: dtree.c(1478): Final simple tree
|( QUESTION16 -1 -7.852e+05 2.231e+03 3.879e+03
|    ( QUESTION16 1 -3.260e+05 1.249e+03 1.628e+03
|        ( - -9.181e+04 2 0 WDBNDRY_B 0 2.094e+02 4.679e+02)
|        ( QUESTION0_15_R 1 -2.329e+05 7.857e+02 1.160e+03
|            ( - -1.483e+05 1 0)
|            ( - -8.385e+04 3 0 SILENCE 1 1.673e+02 4.218e+02)))
|    ( QUESTION18 -1 -4.570e+05 9.175e+02 2.251e+03
|        ( - -7.122e+04 1 0)
|        ( QUESTION16 1 -3.849e+05 7.366e+02 1.903e+03
|            ( WDBNDRY_E 0 -2.901e+05 4.376e+02 1.442e+03
|                ( - -3.628e+04 2 0)
|                ( - -2.534e+05 4 0 QUESTION20 -1 3.209e+02 1.263e+03))
|            ( QUESTION0_19_R 1 -9.403e+04 4.212e+02 4.618e+02
|                ( - -2.747e+04 1 0)
|                ( - -6.613e+04 9 0 QUESTION20 -1 2.218e+02 3.294e+02)))))
s>    ( QUESTION16 -1 -7.852e+05 2.231e+03 3.879e+03
s>        ( QUESTION16 1 -3.260e+05 1.249e+03 1.628e+03
s>            ( - -9.181e+04 2 0 WDBNDRY_B 0 2.094e+02 4.679e+02)
s>            ( QUESTION0_15_R 1 -2.329e+05 7.857e+02 1.160e+03
s>                ( - -1.483e+05 1 0)
s>                ( - -8.385e+04 3 0 SILENCE 1 1.673e+02 4.218e+02)))
s>        ( QUESTION18 -1 -4.570e+05 9.175e+02 2.251e+03
s>            ( - -7.122e+04 1 0)
s>            ( QUESTION16 1 -3.849e+05 7.366e+02 1.903e+03
s>                ( WDBNDRY_E 0 -2.901e+05 4.376e+02 1.442e+03
s>                    ( - -3.628e+04 2 0)
s>                    ( - -2.534e+05 4 0 QUESTION20 -1 3.209e+02 1.263e+03))
s>                ( QUESTION0_19_R 1 -9.403e+04 4.212e+02 4.618e+02
s>                    ( - -2.747e+04 1 0)
s>                    ( - -6.613e+04 9 0 QUESTION20 -1 2.218e+02 3.294e+02)))))INFO: dtree.c(1478): Final simple tree
|( QUESTION12 -1 -1.090e+06 1.726e+03 5.340e+03
|    ( QUESTION14 1 -2.046e+05 8.597e+02 9.910e+02
|        ( - -2.934e+04 1 0)
|        ( QUESTION2_1_L -1 -1.744e+05 3.468e+02 8.497e+02
|            ( - -4.369e+04 1 0)
|            ( - -1.304e+05 1 0)))
|    ( QUESTION2_20_L -1 -8.837e+05 7.373e+02 4.349e+03
|        ( QUESTION14 1 -8.082e+05 4.541e+02 3.980e+03
|            ( QUESTION0_0_R 1 -1.741e+04 3.104e+02 8.796e+01
|                ( - -2.556e+03 1 0)
|                ( - -1.455e+04 2 0 WDBNDRY_B 0 1.782e+02 7.396e+01))
|            ( - -7.903e+05 4 0))
|        ( QUESTION0 -1 -7.477e+04 3.362e+02 3.690e+02
|            ( - -4.148e+04 2 0 QUESTION1 -1 2.675e+02 2.054e+02)
|            ( - -3.295e+04 1 0))))
s>    ( QUESTION12 -1 -1.090e+06 1.726e+03 5.340e+03
s>        ( QUESTION14 1 -2.046e+05 8.597e+02 9.910e+02
s>            ( - -2.934e+04 1 0)
s>            ( QUESTION2_1_L -1 -1.744e+05 3.468e+02 8.497e+02
s>                ( - -4.369e+04 1 0)
s>                ( - -1.304e+05 1 0)))
s>        ( QUESTION2_20_L -1 -8.837e+05 7.373e+02 4.349e+03
s>            ( QUESTION14 1 -8.082e+05 4.541e+02 3.980e+03
s>                ( QUESTION0_0_R 1 -1.741e+04 3.104e+02 8.796e+01
s>                    ( - -2.556e+03 1 0)
s>                    ( - -1.455e+04 2 0 WDBNDRY_B 0 1.782e+02 7.396e+01))
s>                ( - -7.903e+05 4 0))
s>            ( QUESTION0 -1 -7.477e+04 3.362e+02 3.690e+02
s>                ( - -4.148e+04 2 0 QUESTION1 -1 2.675e+02 2.054e+02)
s>                ( - -3.295e+04 1 0))))INFO: dtree.c(1315): Comp split 4
INFO: dtree.c(1439): stop. leaf nodes are specific
INFO: dtree.c(1478): Final simple tree
|( QUESTION20 1 -2.249e+05 2.370e+02 1.112e+03
|    ( - -1.634e+03 1 0)
|    ( - -2.231e+05 1 0))
s>    ( QUESTION20 1 -2.249e+05 2.370e+02 1.112e+03
s>        ( - -1.634e+03 1 0)
s>        ( - -2.231e+05 1 0))INFO: dtree.c(1478): Final simple tree
|( SILENCE -1 -1.820e+06 1.120e+03 9.115e+03
|    ( - -1.075e+05 1 0)
|    ( QUESTION15 -1 -1.712e+06 1.029e+03 8.571e+03
|        ( QUESTION19 -1 -6.318e+05 6.563e+02 3.155e+03
|            ( - -2.287e+05 7 0 WDBNDRY_B 0 5.106e+02 1.151e+03)
|            ( - -4.024e+05 10 0 WDBNDRY_B 0 3.705e+02 2.005e+03))
|        ( QUESTION2_14_L -1 -1.079e+06 9.439e+02 5.415e+03
|            ( - -1.895e+05 5 0 QUESTION20 1 3.812e+02 9.659e+02)
|            ( QUESTION2_1_L -1 -8.885e+05 7.399e+02 4.449e+03
|                ( - -1.357e+05 6 0 QUESTION20 1 4.777e+02 6.870e+02)
|                ( QUESTION11 -1 -7.520e+05 6.777e+02 3.762e+03
|                    ( - -1.456e+05 7 0 QUESTION2_0_L -1 5.537e+02 7.205e+02)
|                    ( WDBNDRY_B 0 -6.058e+05 6.564e+02 3.042e+03
|                        ( - -2.425e+05 9 0 QUESTION20 1 5.168e+02 1.216e+03)
|                        ( - -3.626e+05 2 0 QUESTION0 -1 6.357e+02 1.826e+03)))))))
s>    ( SILENCE -1 -1.820e+06 1.120e+03 9.115e+03
s>        ( - -1.075e+05 1 0)
s>        ( QUESTION15 -1 -1.712e+06 1.029e+03 8.571e+03
s>            ( QUESTION19 -1 -6.318e+05 6.563e+02 3.155e+03
s>                ( - -2.287e+05 7 0 WDBNDRY_B 0 5.106e+02 1.151e+03)
s>                ( - -4.024e+05 10 0 WDBNDRY_B 0 3.705e+02 2.005e+03))
s>            ( QUESTION2_14_L -1 -1.079e+06 9.439e+02 5.415e+03
s>                ( - -1.895e+05 5 0 QUESTION20 1 3.812e+02 9.659e+02)
s>                ( QUESTION2_1_L -1 -8.885e+05 7.399e+02 4.449e+03
s>                    ( - -1.357e+05 6 0 QUESTION20 1 4.777e+02 6.870e+02)
s>                    ( QUESTION11 -1 -7.520e+05 6.777e+02 3.762e+03
s>                        ( - -1.456e+05 7 0 QUESTION2_0_L -1 5.537e+02 7.205e+02)
s>                        ( WDBNDRY_B 0 -6.058e+05 6.564e+02 3.042e+03
s>                            ( - -2.425e+05 9 0 QUESTION20 1 5.168e+02 1.216e+03)
s>                            ( - -3.626e+05 2 0 QUESTION0 -1 6.357e+02 1.826e+03)))))))INFO: dtree.c(1315): Comp split 5
INFO: dtree.c(1478): Final simple tree
|( QUESTION18 -1 -4.570e+05 9.175e+02 2.251e+03
|    ( - -7.122e+04 1 0)
|    ( QUESTION16 1 -3.849e+05 7.366e+02 1.903e+03
|        ( WDBNDRY_E 0 -2.901e+05 4.376e+02 1.442e+03
|            ( - -3.628e+04 2 0)
|            ( QUESTION20 -1 -2.534e+05 3.209e+02 1.263e+03
|                ( WDBNDRY_B 0 -4.474e+03 2.572e+02 2.400e+01
|                    ( - -1.220e+03 1 0)
|                    ( - -2.997e+03 1 0))
|                ( - -2.486e+05 2 0)))
|        ( QUESTION0_19_R 1 -9.403e+04 4.212e+02 4.618e+02
|            ( - -2.747e+04 1 0)
|            ( QUESTION20 -1 -6.613e+04 2.218e+02 3.294e+02
|                ( - -2.739e+04 4 0 QUESTION0_14_R 1 1.856e+02 1.376e+02)
|                ( - -3.851e+04 5 0 SILENCE 1 2.094e+02 1.918e+02)))))
s>    ( QUESTION18 -1 -4.570e+05 9.175e+02 2.251e+03
s>        ( - -7.122e+04 1 0)
s>        ( QUESTION16 1 -3.849e+05 7.366e+02 1.903e+03
s>            ( WDBNDRY_E 0 -2.901e+05 4.376e+02 1.442e+03
s>                ( - -3.628e+04 2 0)
s>                ( QUESTION20 -1 -2.534e+05 3.209e+02 1.263e+03
s>                    ( WDBNDRY_B 0 -4.474e+03 2.572e+02 2.400e+01
s>                        ( - -1.220e+03 1 0)
s>                        ( - -2.997e+03 1 0))
s>                    ( - -2.486e+05 2 0)))
s>            ( QUESTION0_19_R 1 -9.403e+04 4.212e+02 4.618e+02
s>                ( - -2.747e+04 1 0)
s>                ( QUESTION20 -1 -6.613e+04 2.218e+02 3.294e+02
s>                    ( - -2.739e+04 4 0 QUESTION0_14_R 1 1.856e+02 1.376e+02)
s>                    ( - -3.851e+04 5 0 SILENCE 1 2.094e+02 1.918e+02)))))INFO: dtree.c(1439): stop. leaf nodes are specific
INFO: dtree.c(1478): Final simple tree
|( QUESTION16 1 -3.260e+05 1.249e+03 1.628e+03
|    ( WDBNDRY_B 0 -9.181e+04 2.094e+02 4.679e+02
|        ( - -1.478e+03 1 0)
|        ( - -9.012e+04 1 0))
|    ( QUESTION0_15_R 1 -2.329e+05 7.857e+02 1.160e+03
|        ( - -1.483e+05 1 0)
|        ( SILENCE 1 -8.385e+04 1.673e+02 4.218e+02
|            ( - -8.284e+04 2 0)
|            ( - -8.446e+02 1 0))))
s>    ( QUESTION16 1 -3.260e+05 1.249e+03 1.628e+03
s>        ( WDBNDRY_B 0 -9.181e+04 2.094e+02 4.679e+02
s>            ( - -1.478e+03 1 0)
s>            ( - -9.012e+04 1 0))
s>        ( QUESTION0_15_R 1 -2.329e+05 7.857e+02 1.160e+03
s>            ( - -1.483e+05 1 0)
s>            ( SILENCE 1 -8.385e+04 1.673e+02 4.218e+02
s>                ( - -8.284e+04 2 0)
s>                ( - -8.446e+02 1 0))))INFO: dtree.c(1315): Comp split 6
INFO: dtree.c(1439): stop. leaf nodes are specific
INFO: dtree.c(1478): Final simple tree
|( QUESTION2_1_L -1 -1.744e+05 3.468e+02 8.497e+02
|    ( - -4.369e+04 1 0)
|    ( - -1.304e+05 1 0))
s>    ( QUESTION2_1_L -1 -1.744e+05 3.468e+02 8.497e+02
s>        ( - -4.369e+04 1 0)
s>        ( - -1.304e+05 1 0))INFO: dtree.c(1478): Final simple tree
|( QUESTION2_20_L -1 -9.138e+05 1.062e+03 4.490e+03
|    ( QUESTION14 1 -8.082e+05 4.541e+02 3.980e+03
|        ( QUESTION0_0_R 1 -1.741e+04 3.104e+02 8.796e+01
|            ( - -2.556e+03 1 0)
|            ( WDBNDRY_B 0 -1.455e+04 1.782e+02 7.396e+01
|                ( - -4.712e+03 1 0)
|                ( - -9.657e+03 1 0)))
|        ( - -7.903e+05 4 0))
|    ( QUESTION12 -1 -1.046e+05 4.909e+02 5.103e+02
|        ( - -2.934e+04 1 0)
|        ( QUESTION0 -1 -7.477e+04 3.362e+02 3.690e+02
|            ( QUESTION1 -1 -4.148e+04 2.675e+02 2.054e+02
|                ( - -7.924e+03 1 0)
|                ( - -3.329e+04 1 0))
|            ( - -3.295e+04 1 0))))
s>    ( QUESTION2_20_L -1 -9.138e+05 1.062e+03 4.490e+03
s>        ( QUESTION14 1 -8.082e+05 4.541e+02 3.980e+03
s>            ( QUESTION0_0_R 1 -1.741e+04 3.104e+02 8.796e+01
s>                ( - -2.556e+03 1 0)
s>                ( WDBNDRY_B 0 -1.455e+04 1.782e+02 7.396e+01
s>                    ( - -4.712e+03 1 0)
s>                    ( - -9.657e+03 1 0)))
s>            ( - -7.903e+05 4 0))
s>        ( QUESTION12 -1 -1.046e+05 4.909e+02 5.103e+02
s>            ( - -2.934e+04 1 0)
s>            ( QUESTION0 -1 -7.477e+04 3.362e+02 3.690e+02
s>                ( QUESTION1 -1 -4.148e+04 2.675e+02 2.054e+02
s>                    ( - -7.924e+03 1 0)
s>                    ( - -3.329e+04 1 0))
s>                ( - -3.295e+04 1 0))))INFO: dtree.c(1315): Comp split 7
INFO: dtree.c(1478): Final simple tree
|( QUESTION0_12_R 1 -5.296e+05 8.806e+02 2.530e+03
|    ( - -5.804e+04 3 0 QUESTION6 1 1.555e+02 2.941e+02)
|    ( QUESTION0_9_R 1 -4.707e+05 6.092e+02 2.236e+03
|        ( QUESTION16 -1 -8.146e+04 4.509e+02 3.914e+02
|            ( - -4.589e+04 1 0)
|            ( - -3.512e+04 1 0))
|        ( QUESTION0_2_R 1 -3.886e+05 5.177e+02 1.844e+03
|            ( - -1.692e+05 6 0 QUESTION0 1 2.801e+02 8.029e+02)
|            ( QUESTION15 1 -2.189e+05 5.082e+02 1.041e+03
|                ( - -7.668e+04 1 0)
|                ( QUESTION0_6_R 1 -1.417e+05 4.931e+02 6.675e+02
|                    ( - -5.012e+04 1 0)
|                    ( WDBNDRY_E 0 -9.113e+04 4.448e+02 4.298e+02
|                        ( - -9.084e+04 7 0 QUESTION0_0_R 1 4.276e+02 4.288e+02)
|                        ( - 1.605e+02 1 0)))))))
s>    ( QUESTION0_12_R 1 -5.296e+05 8.806e+02 2.530e+03
s>        ( - -5.804e+04 3 0 QUESTION6 1 1.555e+02 2.941e+02)
s>        ( QUESTION0_9_R 1 -4.707e+05 6.092e+02 2.236e+03
s>            ( QUESTION16 -1 -8.146e+04 4.509e+02 3.914e+02
s>                ( - -4.589e+04 1 0)
s>                ( - -3.512e+04 1 0))
s>            ( QUESTION0_2_R 1 -3.886e+05 5.177e+02 1.844e+03
s>                ( - -1.692e+05 6 0 QUESTION0 1 2.801e+02 8.029e+02)
s>                ( QUESTION15 1 -2.189e+05 5.082e+02 1.041e+03
s>                    ( - -7.668e+04 1 0)
s>                    ( QUESTION0_6_R 1 -1.417e+05 4.931e+02 6.675e+02
s>                        ( - -5.012e+04 1 0)
s>                        ( WDBNDRY_E 0 -9.113e+04 4.448e+02 4.298e+02
s>                            ( - -9.084e+04 7 0 QUESTION0_0_R 1 4.276e+02 4.288e+02)
s>                            ( - 1.605e+02 1 0)))))))INFO: dtree.c(1478): Final simple tree
|( QUESTION16 -1 -2.725e+05 7.019e+02 1.304e+03
|    ( WDBNDRY_E 0 -9.423e+04 6.097e+02 4.597e+02
|        ( - -5.308e+04 5 0)
|        ( - -4.054e+04 2 0))
|    ( QUESTION12 1 -1.776e+05 5.509e+02 8.443e+02
|        ( QUESTION20 -1 -5.827e+04 3.412e+02 2.748e+02
|            ( - -3.049e+04 3 0 QUESTION0_2_R 1 1.652e+02 1.453e+02)
|            ( - -2.744e+04 3 0 QUESTION0_2_R 1 2.804e+02 1.294e+02))
|        ( QUESTION0_4_R 1 -1.188e+05 6.889e+02 5.695e+02
|            ( - -4.743e+04 5 0 WDBNDRY_E 0 3.278e+02 2.248e+02)
|            ( QUESTION0_3_R 1 -7.065e+04 4.515e+02 3.446e+02
|                ( - 1.850e+02 1 0)
|                ( QUESTION4 1 -7.038e+04 4.454e+02 3.436e+02
|                    ( - 2.211e+02 1 0)
|                    ( - -7.016e+04 6 0 QUESTION20 -1 1.882e+02 3.426e+02))))))
s>    ( QUESTION16 -1 -2.725e+05 7.019e+02 1.304e+03
s>        ( WDBNDRY_E 0 -9.423e+04 6.097e+02 4.597e+02
s>            ( - -5.308e+04 5 0)
s>            ( - -4.054e+04 2 0))
s>        ( QUESTION12 1 -1.776e+05 5.509e+02 8.443e+02
s>            ( QUESTION20 -1 -5.827e+04 3.412e+02 2.748e+02
s>                ( - -3.049e+04 3 0 QUESTION0_2_R 1 1.652e+02 1.453e+02)
s>                ( - -2.744e+04 3 0 QUESTION0_2_R 1 2.804e+02 1.294e+02))
s>            ( QUESTION0_4_R 1 -1.188e+05 6.889e+02 5.695e+02
s>                ( - -4.743e+04 5 0 WDBNDRY_E 0 3.278e+02 2.248e+02)
s>                ( QUESTION0_3_R 1 -7.065e+04 4.515e+02 3.446e+02
s>                    ( - 1.850e+02 1 0)
s>                    ( QUESTION4 1 -7.038e+04 4.454e+02 3.436e+02
s>                        ( - 2.211e+02 1 0)
s>                        ( - -7.016e+04 6 0 QUESTION20 -1 1.882e+02 3.426e+02))))))INFO: dtree.c(1315): Comp split 8
INFO: dtree.c(1478): Final simple tree
|( QUESTION14 -1 -9.683e+05 9.286e+02 4.842e+03
|    ( - -1.836e+05 4 0 WDBNDRY_B 0 3.716e+02 9.359e+02)
|    ( QUESTION16 -1 -7.838e+05 6.533e+02 3.906e+03
|        ( - -3.880e+05 8 0 WDBNDRY_B 0 3.339e+02 1.932e+03)
|        ( QUESTION2_20_L -1 -3.952e+05 6.156e+02 1.974e+03
|            ( WDBNDRY_B 0 -2.558e+05 6.120e+02 1.280e+03
|                ( - -1.565e+05 3 0 QUESTION0 -1 2.718e+02 7.972e+02)
|                ( QUESTION0 -1 -9.874e+04 4.473e+02 4.831e+02
|                    ( - -4.718e+04 2 0 QUESTION20 1 2.063e+02 2.327e+02)
|                    ( - -5.111e+04 2 0 QUESTION20 1 2.321e+02 2.504e+02)))
|            ( QUESTION2_0_L -1 -1.387e+05 4.835e+02 6.938e+02
|                ( WDBNDRY_B 0 -9.296e+04 4.999e+02 4.628e+02
|                    ( - -4.076e+04 2 0 QUESTION20 1 2.090e+02 1.995e+02)
|                    ( - -5.170e+04 2 0 QUESTION20 1 2.401e+02 2.632e+02))
|                ( - -4.527e+04 6 0 QUESTION18 -1 2.679e+02 2.310e+02)))))
s>    ( QUESTION14 -1 -9.683e+05 9.286e+02 4.842e+03
s>        ( - -1.836e+05 4 0 WDBNDRY_B 0 3.716e+02 9.359e+02)
s>        ( QUESTION16 -1 -7.838e+05 6.533e+02 3.906e+03
s>            ( - -3.880e+05 8 0 WDBNDRY_B 0 3.339e+02 1.932e+03)
s>            ( QUESTION2_20_L -1 -3.952e+05 6.156e+02 1.974e+03
s>                ( WDBNDRY_B 0 -2.558e+05 6.120e+02 1.280e+03
s>                    ( - -1.565e+05 3 0 QUESTION0 -1 2.718e+02 7.972e+02)
s>                    ( QUESTION0 -1 -9.874e+04 4.473e+02 4.831e+02
s>                        ( - -4.718e+04 2 0 QUESTION20 1 2.063e+02 2.327e+02)
s>                        ( - -5.111e+04 2 0 QUESTION20 1 2.321e+02 2.504e+02)))
s>                ( QUESTION2_0_L -1 -1.387e+05 4.835e+02 6.938e+02
s>                    ( WDBNDRY_B 0 -9.296e+04 4.999e+02 4.628e+02
s>                        ( - -4.076e+04 2 0 QUESTION20 1 2.090e+02 1.995e+02)
s>                        ( - -5.170e+04 2 0 QUESTION20 1 2.401e+02 2.632e+02))
s>                    ( - -4.527e+04 6 0 QUESTION18 -1 2.679e+02 2.310e+02)))))INFO: dtree.c(1478): Final simple tree
|( SILENCE -1 -8.506e+05 8.951e+02 4.273e+03
|    ( - -1.075e+05 1 0)
|    ( QUESTION2_1_L -1 -7.421e+05 6.827e+02 3.729e+03
|        ( QUESTION20 1 -1.357e+05 4.777e+02 6.870e+02
|            ( WDBNDRY_B 0 -4.275e+04 5.466e+02 2.214e+02
|                ( - -7.610e+03 1 0)
|                ( - -3.459e+04 1 0))
|            ( - -9.247e+04 4 0 QUESTION1 -1 2.033e+02 4.656e+02))
|        ( WDBNDRY_B 0 -6.058e+05 6.564e+02 3.042e+03
|            ( QUESTION20 1 -2.425e+05 5.168e+02 1.216e+03
|                ( - -7.662e+04 4 0 QUESTION0 -1 4.342e+02 3.828e+02)
|                ( - -1.653e+05 5 0 QUESTION0 -1 1.639e+02 8.336e+02))
|            ( QUESTION0 -1 -3.626e+05 6.357e+02 1.826e+03
|                ( - -8.204e+03 1 0)
|                ( - -3.538e+05 1 0)))))
s>    ( SILENCE -1 -8.506e+05 8.951e+02 4.273e+03
s>        ( - -1.075e+05 1 0)
s>        ( QUESTION2_1_L -1 -7.421e+05 6.827e+02 3.729e+03
s>            ( QUESTION20 1 -1.357e+05 4.777e+02 6.870e+02
s>                ( WDBNDRY_B 0 -4.275e+04 5.466e+02 2.214e+02
s>                    ( - -7.610e+03 1 0)
s>                    ( - -3.459e+04 1 0))
s>                ( - -9.247e+04 4 0 QUESTION1 -1 2.033e+02 4.656e+02))
s>            ( WDBNDRY_B 0 -6.058e+05 6.564e+02 3.042e+03
s>                ( QUESTION20 1 -2.425e+05 5.168e+02 1.216e+03
s>                    ( - -7.662e+04 4 0 QUESTION0 -1 4.342e+02 3.828e+02)
s>                    ( - -1.653e+05 5 0 QUESTION0 -1 1.639e+02 8.336e+02))
s>                ( QUESTION0 -1 -3.626e+05 6.357e+02 1.826e+03
s>                    ( - -8.204e+03 1 0)
s>                    ( - -3.538e+05 1 0)))))INFO: dtree.c(1315): Comp split 9
INFO: dtree.c(1478): Final simple tree
|( QUESTION2_16_L -1 -3.926e+05 5.563e+02 1.996e+03
|    ( QUESTION2_17_L -1 -1.319e+05 2.399e+02 6.722e+02
|        ( - -1.266e+05 1 0)
|        ( - -5.103e+03 2 0 QUESTION20 1 1.445e+02 2.700e+01))
|    ( QUESTION2_0_L -1 -2.602e+05 4.179e+02 1.324e+03
|        ( QUESTION20 1 -5.170e+04 2.401e+02 2.632e+02
|            ( - -1.086e+04 1 0)
|            ( - -4.060e+04 1 0))
|        ( QUESTION0 -1 -2.081e+05 2.794e+02 1.061e+03
|            ( - -4.594e+03 1 0)
|            ( WDBNDRY_B 0 -2.032e+05 2.461e+02 1.036e+03
|                ( QUESTION20 1 -1.516e+05 2.282e+02 7.722e+02
|                    ( - -4.081e+04 1 0)
|                    ( - -1.106e+05 1 0))
|                ( - -5.133e+04 1 0)))))
s>    ( QUESTION2_16_L -1 -3.926e+05 5.563e+02 1.996e+03
s>        ( QUESTION2_17_L -1 -1.319e+05 2.399e+02 6.722e+02
s>            ( - -1.266e+05 1 0)
s>            ( - -5.103e+03 2 0 QUESTION20 1 1.445e+02 2.700e+01))
s>        ( QUESTION2_0_L -1 -2.602e+05 4.179e+02 1.324e+03
s>            ( QUESTION20 1 -5.170e+04 2.401e+02 2.632e+02
s>                ( - -1.086e+04 1 0)
s>                ( - -4.060e+04 1 0))
s>            ( QUESTION0 -1 -2.081e+05 2.794e+02 1.061e+03
s>                ( - -4.594e+03 1 0)
s>                ( WDBNDRY_B 0 -2.032e+05 2.461e+02 1.036e+03
s>                    ( QUESTION20 1 -1.516e+05 2.282e+02 7.722e+02
s>                        ( - -4.081e+04 1 0)
s>                        ( - -1.106e+05 1 0))
s>                    ( - -5.133e+04 1 0)))))INFO: dtree.c(1478): Final simple tree
|( QUESTION2_0_L -1 -5.742e+05 5.591e+02 2.845e+03
|    ( - -4.076e+04 2 0 QUESTION20 1 2.090e+02 1.995e+02)
|    ( QUESTION19 -1 -5.329e+05 4.230e+02 2.646e+03
|        ( - -7.647e+04 5 0 QUESTION20 -1 3.650e+02 3.785e+02)
|        ( QUESTION0 -1 -4.560e+05 4.098e+02 2.267e+03
|            ( QUESTION20 1 -5.314e+04 3.878e+02 2.627e+02
|                ( - -6.577e+03 2 0 WDBNDRY_B 0 1.759e+02 3.500e+01)
|                ( - -4.617e+04 1 0))
|            ( WDBNDRY_B 0 -4.024e+05 3.705e+02 2.005e+03
|                ( QUESTION20 1 -1.492e+05 4.149e+02 7.397e+02
|                    ( - -9.015e+04 3 0 QUESTION16 -1 2.115e+02 4.450e+02)
|                    ( - -5.862e+04 3 0 QUESTION16 -1 1.386e+02 2.947e+02))
|                ( QUESTION20 1 -2.529e+05 4.769e+02 1.265e+03
|                    ( - -7.217e+04 2 0)
|                    ( - -1.802e+05 2 0))))))
s>    ( QUESTION2_0_L -1 -5.742e+05 5.591e+02 2.845e+03
s>        ( - -4.076e+04 2 0 QUESTION20 1 2.090e+02 1.995e+02)
s>        ( QUESTION19 -1 -5.329e+05 4.230e+02 2.646e+03
s>            ( - -7.647e+04 5 0 QUESTION20 -1 3.650e+02 3.785e+02)
s>            ( QUESTION0 -1 -4.560e+05 4.098e+02 2.267e+03
s>                ( QUESTION20 1 -5.314e+04 3.878e+02 2.627e+02
s>                    ( - -6.577e+03 2 0 WDBNDRY_B 0 1.759e+02 3.500e+01)
s>                    ( - -4.617e+04 1 0))
s>                ( WDBNDRY_B 0 -4.024e+05 3.705e+02 2.005e+03
s>                    ( QUESTION20 1 -1.492e+05 4.149e+02 7.397e+02
s>                        ( - -9.015e+04 3 0 QUESTION16 -1 2.115e+02 4.450e+02)
s>                        ( - -5.862e+04 3 0 QUESTION16 -1 1.386e+02 2.947e+02))
s>                    ( QUESTION20 1 -2.529e+05 4.769e+02 1.265e+03
s>                        ( - -7.217e+04 2 0)
s>                        ( - -1.802e+05 2 0))))))INFO: dtree.c(1315): Comp split 10
INFO: dtree.c(1439): stop. leaf nodes are specific
INFO: dtree.c(1478): Final simple tree
|( QUESTION0_15_R 1 -2.346e+05 7.870e+02 1.168e+03
|    ( - -1.483e+05 1 0)
|    ( WDBNDRY_B 0 -8.553e+04 2.021e+02 4.298e+02
|        ( - -1.478e+03 1 0)
|        ( SILENCE 1 -8.385e+04 1.673e+02 4.218e+02
|            ( - -8.284e+04 2 0)
|            ( - -8.446e+02 1 0))))
s>    ( QUESTION0_15_R 1 -2.346e+05 7.870e+02 1.168e+03
s>        ( - -1.483e+05 1 0)
s>        ( WDBNDRY_B 0 -8.553e+04 2.021e+02 4.298e+02
s>            ( - -1.478e+03 1 0)
s>            ( SILENCE 1 -8.385e+04 1.673e+02 4.218e+02
s>                ( - -8.284e+04 2 0)
s>                ( - -8.446e+02 1 0))))INFO: dtree.c(1315): Comp split 11
INFO: dtree.c(1439): stop. leaf nodes are specific
INFO: dtree.c(1478): Final simple tree
|( QUESTION12 -1 -1.145e+05 4.740e+02 5.593e+02
|    ( - -2.934e+04 1 0)
|    ( QUESTION10 -1 -8.465e+04 3.535e+02 4.180e+02
|        ( - -3.329e+04 1 0)
|        ( QUESTION2_14_L -1 -5.101e+04 2.777e+02 2.543e+02
|            ( - -3.295e+04 1 0)
|            ( QUESTION0 -1 -1.778e+04 1.981e+02 9.062e+01
|                ( - -7.924e+03 1 0)
|                ( - -9.657e+03 1 0)))))
s>    ( QUESTION12 -1 -1.145e+05 4.740e+02 5.593e+02
s>        ( - -2.934e+04 1 0)
s>        ( QUESTION10 -1 -8.465e+04 3.535e+02 4.180e+02
s>            ( - -3.329e+04 1 0)
s>            ( QUESTION2_14_L -1 -5.101e+04 2.777e+02 2.543e+02
s>                ( - -3.295e+04 1 0)
s>                ( QUESTION0 -1 -1.778e+04 1.981e+02 9.062e+01
s>                    ( - -7.924e+03 1 0)
s>                    ( - -9.657e+03 1 0)))))INFO: dtree.c(1439): stop. leaf nodes are specific
INFO: dtree.c(1478): Final simple tree
|( QUESTION14 1 -7.981e+05 3.403e+02 3.931e+03
|    ( WDBNDRY_B 0 -7.515e+03 2.477e+02 3.900e+01
|        ( - -4.712e+03 1 0)
|        ( - -2.556e+03 1 0))
|    ( - -7.903e+05 4 0))
s>    ( QUESTION14 1 -7.981e+05 3.403e+02 3.931e+03
s>        ( WDBNDRY_B 0 -7.515e+03 2.477e+02 3.900e+01
s>            ( - -4.712e+03 1 0)
s>            ( - -2.556e+03 1 0))
s>        ( - -7.903e+05 4 0))INFO: dtree.c(1315): Comp split 12
INFO: dtree.c(1478): Final simple tree
|( QUESTION0_3_R 1 -1.241e+05 6.111e+02 6.113e+02
|    ( - -5.308e+04 5 0)
|    ( QUESTION4 1 -7.038e+04 4.454e+02 3.436e+02
|        ( - 2.211e+02 1 0)
|        ( QUESTION20 -1 -7.016e+04 1.882e+02 3.426e+02
|            ( QUESTION0 1 -6.612e+04 1.960e+02 3.226e+02
|                ( QUESTION0_1_R 1 -5.640e+03 1.403e+02 2.713e+01
|                    ( - -5.218e+03 1 0)
|                    ( - -2.820e+02 1 0))
|                ( - -6.029e+04 1 0))
|            ( QUESTION0_1_R 1 -3.848e+03 1.788e+02 2.000e+01
|                ( QUESTION0 1 -3.421e+03 1.070e+02 1.800e+01
|                    ( - -2.255e+03 1 0)
|                    ( - -1.058e+03 1 0))
|                ( - -2.490e+02 1 0)))))
s>    ( QUESTION0_3_R 1 -1.241e+05 6.111e+02 6.113e+02
s>        ( - -5.308e+04 5 0)
s>        ( QUESTION4 1 -7.038e+04 4.454e+02 3.436e+02
s>            ( - 2.211e+02 1 0)
s>            ( QUESTION20 -1 -7.016e+04 1.882e+02 3.426e+02
s>                ( QUESTION0 1 -6.612e+04 1.960e+02 3.226e+02
s>                    ( QUESTION0_1_R 1 -5.640e+03 1.403e+02 2.713e+01
s>                        ( - -5.218e+03 1 0)
s>                        ( - -2.820e+02 1 0))
s>                    ( - -6.029e+04 1 0))
s>                ( QUESTION0_1_R 1 -3.848e+03 1.788e+02 2.000e+01
s>                    ( QUESTION0 1 -3.421e+03 1.070e+02 1.800e+01
s>                        ( - -2.255e+03 1 0)
s>                        ( - -1.058e+03 1 0))
s>                    ( - -2.490e+02 1 0)))))INFO: dtree.c(1478): Final simple tree
|( QUESTION11 1 -1.473e+05 4.503e+02 6.927e+02
|    ( - 1.850e+02 1 0)
|    ( QUESTION16 -1 -1.470e+05 4.275e+02 6.917e+02
|        ( - -4.054e+04 2 0)
|        ( WDBNDRY_E 0 -1.060e+05 3.684e+02 4.996e+02
|            ( QUESTION20 -1 -9.207e+04 3.315e+02 4.331e+02
|                ( QUESTION0_2_R 1 -6.199e+04 2.842e+02 2.936e+02
|                    ( - -2.795e+04 2 0)
|                    ( - -3.375e+04 2 0 QUESTION0_4_R 1 1.523e+02 1.594e+02))
|                ( QUESTION0_2_R 1 -2.975e+04 2.750e+02 1.394e+02
|                    ( - -2.561e+04 2 0)
|                    ( QUESTION0_4_R 1 -3.868e+03 1.976e+02 1.900e+01
|                        ( - -2.118e+03 2 0)
|                        ( - -1.553e+03 1 0))))
|            ( - -1.359e+04 2 0 QUESTION20 -1 1.594e+02 6.657e+01))))
s>    ( QUESTION11 1 -1.473e+05 4.503e+02 6.927e+02
s>        ( - 1.850e+02 1 0)
s>        ( QUESTION16 -1 -1.470e+05 4.275e+02 6.917e+02
s>            ( - -4.054e+04 2 0)
s>            ( WDBNDRY_E 0 -1.060e+05 3.684e+02 4.996e+02
s>                ( QUESTION20 -1 -9.207e+04 3.315e+02 4.331e+02
s>                    ( QUESTION0_2_R 1 -6.199e+04 2.842e+02 2.936e+02
s>                        ( - -2.795e+04 2 0)
s>                        ( - -3.375e+04 2 0 QUESTION0_4_R 1 1.523e+02 1.594e+02))
s>                    ( QUESTION0_2_R 1 -2.975e+04 2.750e+02 1.394e+02
s>                        ( - -2.561e+04 2 0)
s>                        ( QUESTION0_4_R 1 -3.868e+03 1.976e+02 1.900e+01
s>                            ( - -2.118e+03 2 0)
s>                            ( - -1.553e+03 1 0))))
s>                ( - -1.359e+04 2 0 QUESTION20 -1 1.594e+02 6.657e+01))))INFO: dtree.c(1315): Comp split 13
INFO: dtree.c(1478): Final simple tree
|( QUESTION2_1_L -1 -5.671e+05 6.669e+02 2.853e+03
|    ( QUESTION20 1 -1.357e+05 4.777e+02 6.870e+02
|        ( WDBNDRY_B 0 -4.275e+04 5.466e+02 2.214e+02
|            ( - -7.610e+03 1 0)
|            ( - -3.459e+04 1 0))
|        ( QUESTION1 -1 -9.247e+04 2.033e+02 4.656e+02
|            ( WDBNDRY_B 0 -4.186e+03 1.710e+02 2.200e+01
|                ( - -2.796e+03 2 0 QUESTION6 -1 2.581e+02 1.500e+01)
|                ( - -1.219e+03 1 0))
|            ( - -8.808e+04 1 0)))
|    ( QUESTION0 -1 -4.307e+05 4.021e+02 2.166e+03
|        ( - -1.741e+04 1 0)
|        ( WDBNDRY_B 0 -4.129e+05 3.595e+02 2.074e+03
|            ( - -5.877e+04 3 0)
|            ( - -3.538e+05 1 0))))
s>    ( QUESTION2_1_L -1 -5.671e+05 6.669e+02 2.853e+03
s>        ( QUESTION20 1 -1.357e+05 4.777e+02 6.870e+02
s>            ( WDBNDRY_B 0 -4.275e+04 5.466e+02 2.214e+02
s>                ( - -7.610e+03 1 0)
s>                ( - -3.459e+04 1 0))
s>            ( QUESTION1 -1 -9.247e+04 2.033e+02 4.656e+02
s>                ( WDBNDRY_B 0 -4.186e+03 1.710e+02 2.200e+01
s>                    ( - -2.796e+03 2 0 QUESTION6 -1 2.581e+02 1.500e+01)
s>                    ( - -1.219e+03 1 0))
s>                ( - -8.808e+04 1 0)))
s>        ( QUESTION0 -1 -4.307e+05 4.021e+02 2.166e+03
s>            ( - -1.741e+04 1 0)
s>            ( WDBNDRY_B 0 -4.129e+05 3.595e+02 2.074e+03
s>                ( - -5.877e+04 3 0)
s>                ( - -3.538e+05 1 0))))INFO: dtree.c(1439): stop. leaf nodes are specific
INFO: dtree.c(1478): Final simple tree
|( SILENCE -1 -2.823e+05 7.125e+02 1.421e+03
|    ( - -1.075e+05 1 0)
|    ( WDBNDRY_B 0 -1.741e+05 5.190e+02 8.764e+02
|        ( QUESTION0 -1 -1.653e+05 1.639e+02 8.336e+02
|            ( - -9.971e+03 1 0)
|            ( QUESTION2_0_L -1 -1.552e+05 1.539e+02 7.825e+02
|                ( - -6.312e+03 1 0)
|                ( - -1.487e+05 3 0)))
|        ( - -8.204e+03 1 0)))
s>    ( SILENCE -1 -2.823e+05 7.125e+02 1.421e+03
s>        ( - -1.075e+05 1 0)
s>        ( WDBNDRY_B 0 -1.741e+05 5.190e+02 8.764e+02
s>            ( QUESTION0 -1 -1.653e+05 1.639e+02 8.336e+02
s>                ( - -9.971e+03 1 0)
s>                ( QUESTION2_0_L -1 -1.552e+05 1.539e+02 7.825e+02
s>                    ( - -6.312e+03 1 0)
s>                    ( - -1.487e+05 3 0)))
s>            ( - -8.204e+03 1 0)))INFO: dtree.c(1315): Comp split 14
INFO: dtree.c(1478): Final simple tree
|( QUESTION16 1 -3.849e+05 7.366e+02 1.903e+03
|    ( WDBNDRY_E 0 -2.901e+05 4.376e+02 1.442e+03
|        ( - -3.628e+04 2 0)
|        ( QUESTION20 -1 -2.534e+05 3.209e+02 1.263e+03
|            ( WDBNDRY_B 0 -4.474e+03 2.572e+02 2.400e+01
|                ( - -1.220e+03 1 0)
|                ( - -2.997e+03 1 0))
|            ( - -2.486e+05 2 0)))
|    ( QUESTION0_19_R 1 -9.403e+04 4.212e+02 4.618e+02
|        ( - -2.747e+04 1 0)
|        ( QUESTION20 -1 -6.613e+04 2.218e+02 3.294e+02
|            ( - -2.739e+04 4 0 QUESTION0_14_R 1 1.856e+02 1.376e+02)
|            ( SILENCE 1 -3.851e+04 2.094e+02 1.918e+02
|                ( - -1.826e+04 1 0)
|                ( - -2.004e+04 4 0 QUESTION0_14_R 1 1.843e+02 1.004e+02)))))
s>    ( QUESTION16 1 -3.849e+05 7.366e+02 1.903e+03
s>        ( WDBNDRY_E 0 -2.901e+05 4.376e+02 1.442e+03
s>            ( - -3.628e+04 2 0)
s>            ( QUESTION20 -1 -2.534e+05 3.209e+02 1.263e+03
s>                ( WDBNDRY_B 0 -4.474e+03 2.572e+02 2.400e+01
s>                    ( - -1.220e+03 1 0)
s>                    ( - -2.997e+03 1 0))
s>                ( - -2.486e+05 2 0)))
s>        ( QUESTION0_19_R 1 -9.403e+04 4.212e+02 4.618e+02
s>            ( - -2.747e+04 1 0)
s>            ( QUESTION20 -1 -6.613e+04 2.218e+02 3.294e+02
s>                ( - -2.739e+04 4 0 QUESTION0_14_R 1 1.856e+02 1.376e+02)
s>                ( SILENCE 1 -3.851e+04 2.094e+02 1.918e+02
s>                    ( - -1.826e+04 1 0)
s>                    ( - -2.004e+04 4 0 QUESTION0_14_R 1 1.843e+02 1.004e+02)))))INFO: dtree.c(1315): Comp split 15
INFO: dtree.c(1478): Final simple tree
|( QUESTION0_9_R 1 -4.707e+05 6.092e+02 2.236e+03
|    ( QUESTION16 -1 -8.146e+04 4.509e+02 3.914e+02
|        ( - -4.589e+04 1 0)
|        ( - -3.512e+04 1 0))
|    ( QUESTION0_2_R 1 -3.886e+05 5.177e+02 1.844e+03
|        ( - -1.692e+05 6 0 QUESTION0 1 2.801e+02 8.029e+02)
|        ( QUESTION15 1 -2.189e+05 5.082e+02 1.041e+03
|            ( - -7.668e+04 1 0)
|            ( QUESTION0_6_R 1 -1.417e+05 4.931e+02 6.675e+02
|                ( - -5.012e+04 1 0)
|                ( WDBNDRY_E 0 -9.113e+04 4.448e+02 4.298e+02
|                    ( QUESTION0_0_R 1 -9.084e+04 4.276e+02 4.288e+02
|                        ( - -8.792e+03 4 0)
|                        ( - -8.162e+04 3 0 QUESTION0_14_R 1 3.551e+02 3.886e+02))
|                    ( - 1.605e+02 1 0))))))
s>    ( QUESTION0_9_R 1 -4.707e+05 6.092e+02 2.236e+03
s>        ( QUESTION16 -1 -8.146e+04 4.509e+02 3.914e+02
s>            ( - -4.589e+04 1 0)
s>            ( - -3.512e+04 1 0))
s>        ( QUESTION0_2_R 1 -3.886e+05 5.177e+02 1.844e+03
s>            ( - -1.692e+05 6 0 QUESTION0 1 2.801e+02 8.029e+02)
s>            ( QUESTION15 1 -2.189e+05 5.082e+02 1.041e+03
s>                ( - -7.668e+04 1 0)
s>                ( QUESTION0_6_R 1 -1.417e+05 4.931e+02 6.675e+02
s>                    ( - -5.012e+04 1 0)
s>                    ( WDBNDRY_E 0 -9.113e+04 4.448e+02 4.298e+02
s>                        ( QUESTION0_0_R 1 -9.084e+04 4.276e+02 4.288e+02
s>                            ( - -8.792e+03 4 0)
s>                            ( - -8.162e+04 3 0 QUESTION0_14_R 1 3.551e+02 3.886e+02))
s>                        ( - 1.605e+02 1 0))))))INFO: dtree.c(1439): stop. leaf nodes are specific
INFO: dtree.c(1478): Final simple tree
|( QUESTION6 1 -5.804e+04 1.555e+02 2.941e+02
|    ( - -5.601e+04 2 0)
|    ( - -1.870e+03 1 0))
s>    ( QUESTION6 1 -5.804e+04 1.555e+02 2.941e+02
s>        ( - -5.601e+04 2 0)
s>        ( - -1.870e+03 1 0))INFO: dtree.c(1315): Comp split 16
INFO: dtree.c(1439): stop. leaf nodes are specific
INFO: dtree.c(1478): Final simple tree
|( WDBNDRY_B 0 -8.553e+04 2.021e+02 4.298e+02
|    ( - -1.478e+03 1 0)
|    ( SILENCE 1 -8.385e+04 1.673e+02 4.218e+02
|        ( - -8.284e+04 2 0)
|        ( - -8.446e+02 1 0)))
s>    ( WDBNDRY_B 0 -8.553e+04 2.021e+02 4.298e+02
s>        ( - -1.478e+03 1 0)
s>        ( SILENCE 1 -8.385e+04 1.673e+02 4.218e+02
s>            ( - -8.284e+04 2 0)
s>            ( - -8.446e+02 1 0)))INFO: dtree.c(1315): Comp split 17
INFO: dtree.c(1478): Final simple tree
|( QUESTION19 -1 -2.147e+05 4.173e+02 1.071e+03
|    ( QUESTION20 -1 -7.647e+04 3.650e+02 3.785e+02
|        ( QUESTION20 1 -2.499e+04 1.512e+02 1.281e+02
|            ( - -2.052e+03 1 0)
|            ( - -2.279e+04 2 0 WDBNDRY_B 0 1.487e+02 1.171e+02))
|        ( QUESTION20 1 -5.111e+04 2.321e+02 2.504e+02
|            ( - -8.496e+02 1 0)
|            ( - -5.003e+04 1 0)))
|    ( QUESTION0 -1 -1.379e+05 2.498e+02 6.927e+02
|        ( WDBNDRY_B 0 -6.577e+03 1.759e+02 3.500e+01
|            ( - -5.594e+03 1 0)
|            ( - -8.063e+02 1 0))
|        ( WDBNDRY_B 0 -1.310e+05 2.375e+02 6.577e+02
|            ( - -5.862e+04 3 0 QUESTION16 -1 1.386e+02 2.947e+02)
|            ( - -7.217e+04 2 0))))
s>    ( QUESTION19 -1 -2.147e+05 4.173e+02 1.071e+03
s>        ( QUESTION20 -1 -7.647e+04 3.650e+02 3.785e+02
s>            ( QUESTION20 1 -2.499e+04 1.512e+02 1.281e+02
s>                ( - -2.052e+03 1 0)
s>                ( - -2.279e+04 2 0 WDBNDRY_B 0 1.487e+02 1.171e+02))
s>            ( QUESTION20 1 -5.111e+04 2.321e+02 2.504e+02
s>                ( - -8.496e+02 1 0)
s>                ( - -5.003e+04 1 0)))
s>        ( QUESTION0 -1 -1.379e+05 2.498e+02 6.927e+02
s>            ( WDBNDRY_B 0 -6.577e+03 1.759e+02 3.500e+01
s>                ( - -5.594e+03 1 0)
s>                ( - -8.063e+02 1 0))
s>            ( WDBNDRY_B 0 -1.310e+05 2.375e+02 6.577e+02
s>                ( - -5.862e+04 3 0 QUESTION16 -1 1.386e+02 2.947e+02)
s>                ( - -7.217e+04 2 0))))INFO: dtree.c(1439): stop. leaf nodes are specific
INFO: dtree.c(1478): Final simple tree
|( WDBNDRY_B 0 -3.587e+05 5.801e+02 1.774e+03
|    ( QUESTION0 -1 -1.313e+05 3.843e+02 6.446e+02
|        ( QUESTION20 1 -4.076e+04 2.090e+02 1.995e+02
|            ( - -1.879e+03 1 0)
|            ( - -3.867e+04 1 0))
|        ( QUESTION16 -1 -9.015e+04 2.115e+02 4.450e+02
|            ( - -8.335e+04 2 0)
|            ( - -6.587e+03 1 0)))
|    ( QUESTION0 -1 -2.268e+05 3.922e+02 1.130e+03
|        ( - -4.617e+04 1 0)
|        ( - -1.802e+05 2 0)))
s>    ( WDBNDRY_B 0 -3.587e+05 5.801e+02 1.774e+03
s>        ( QUESTION0 -1 -1.313e+05 3.843e+02 6.446e+02
s>            ( QUESTION20 1 -4.076e+04 2.090e+02 1.995e+02
s>                ( - -1.879e+03 1 0)
s>                ( - -3.867e+04 1 0))
s>            ( QUESTION16 -1 -9.015e+04 2.115e+02 4.450e+02
s>                ( - -8.335e+04 2 0)
s>                ( - -6.587e+03 1 0)))
s>        ( QUESTION0 -1 -2.268e+05 3.922e+02 1.130e+03
s>            ( - -4.617e+04 1 0)
s>            ( - -1.802e+05 2 0)))INFO: dtree.c(1315): Comp split 18
INFO: dtree.c(1478): Final simple tree
|( QUESTION0_19_R 1 -9.737e+04 4.316e+02 4.788e+02
|    ( - -2.747e+04 1 0)
|    ( WDBNDRY_I 0 -6.947e+04 3.393e+02 3.464e+02
|        ( - -2.997e+03 1 0)
|        ( QUESTION20 -1 -6.613e+04 2.218e+02 3.294e+02
|            ( QUESTION0_14_R 1 -2.739e+04 1.856e+02 1.376e+02
|                ( WDBNDRY_B 0 -4.916e+03 1.822e+02 2.500e+01
|                    ( - -3.818e+03 1 0)
|                    ( - -9.153e+02 1 0))
|                ( - -2.229e+04 2 0 SILENCE 1 1.496e+02 1.126e+02))
|            ( SILENCE 1 -3.851e+04 2.094e+02 1.918e+02
|                ( - -1.826e+04 1 0)
|                ( QUESTION0_14_R 1 -2.004e+04 1.843e+02 1.004e+02
|                    ( - -1.077e+03 1 0)
|                    ( - -1.878e+04 3 0 QUESTION0_16_R 1 1.503e+02 9.440e+01))))))
s>    ( QUESTION0_19_R 1 -9.737e+04 4.316e+02 4.788e+02
s>        ( - -2.747e+04 1 0)
s>        ( WDBNDRY_I 0 -6.947e+04 3.393e+02 3.464e+02
s>            ( - -2.997e+03 1 0)
s>            ( QUESTION20 -1 -6.613e+04 2.218e+02 3.294e+02
s>                ( QUESTION0_14_R 1 -2.739e+04 1.856e+02 1.376e+02
s>                    ( WDBNDRY_B 0 -4.916e+03 1.822e+02 2.500e+01
s>                        ( - -3.818e+03 1 0)
s>                        ( - -9.153e+02 1 0))
s>                    ( - -2.229e+04 2 0 SILENCE 1 1.496e+02 1.126e+02))
s>                ( SILENCE 1 -3.851e+04 2.094e+02 1.918e+02
s>                    ( - -1.826e+04 1 0)
s>                    ( QUESTION0_14_R 1 -2.004e+04 1.843e+02 1.004e+02
s>                        ( - -1.077e+03 1 0)
s>                        ( - -1.878e+04 3 0 QUESTION0_16_R 1 1.503e+02 9.440e+01))))))INFO: dtree.c(1439): stop. leaf nodes are specific
INFO: dtree.c(1478): Final simple tree
|( WDBNDRY_E 0 -2.867e+05 4.327e+02 1.425e+03
|    ( - -3.628e+04 2 0)
|    ( WDBNDRY_B 0 -2.500e+05 2.145e+02 1.246e+03
|        ( - -1.220e+03 1 0)
|        ( - -2.486e+05 2 0)))
s>    ( WDBNDRY_E 0 -2.867e+05 4.327e+02 1.425e+03
s>        ( - -3.628e+04 2 0)
s>        ( WDBNDRY_B 0 -2.500e+05 2.145e+02 1.246e+03
s>            ( - -1.220e+03 1 0)
s>            ( - -2.486e+05 2 0)))INFO: dtree.c(1315): Comp split 19
INFO: dtree.c(1439): stop. leaf nodes are specific
INFO: dtree.c(1478): Final simple tree
|( WDBNDRY_B 0 -1.741e+05 5.190e+02 8.764e+02
|    ( QUESTION0 -1 -1.653e+05 1.639e+02 8.336e+02
|        ( - -9.971e+03 1 0)
|        ( QUESTION2_0_L -1 -1.552e+05 1.539e+02 7.825e+02
|            ( - -6.312e+03 1 0)
|            ( - -1.487e+05 3 0)))
|    ( - -8.204e+03 1 0))
s>    ( WDBNDRY_B 0 -1.741e+05 5.190e+02 8.764e+02
s>        ( QUESTION0 -1 -1.653e+05 1.639e+02 8.336e+02
s>            ( - -9.971e+03 1 0)
s>            ( QUESTION2_0_L -1 -1.552e+05 1.539e+02 7.825e+02
s>                ( - -6.312e+03 1 0)
s>                ( - -1.487e+05 3 0)))
s>        ( - -8.204e+03 1 0))INFO: dtree.c(1315): Comp split 20
INFO: dtree.c(1439): stop. leaf nodes are specific
INFO: dtree.c(1478): Final simple tree
|( WDBNDRY_B 0 -1.231e+05 3.919e+02 6.200e+02
|    ( - -8.808e+04 1 0)
|    ( - -3.459e+04 1 0))
s>    ( WDBNDRY_B 0 -1.231e+05 3.919e+02 6.200e+02
s>        ( - -8.808e+04 1 0)
s>        ( - -3.459e+04 1 0))INFO: dtree.c(1439): stop. leaf nodes are specific
INFO: dtree.c(1478): Final simple tree
|( QUESTION6 -1 -4.433e+05 4.757e+02 2.233e+03
|    ( QUESTION20 1 -1.107e+04 3.384e+02 6.200e+01
|        ( - -7.610e+03 1 0)
|        ( WDBNDRY_B 0 -3.124e+03 2.720e+02 1.700e+01
|            ( - -1.633e+03 1 0)
|            ( - -1.219e+03 1 0)))
|    ( QUESTION10 -1 -4.318e+05 4.014e+02 2.171e+03
|        ( - -1.741e+04 1 0)
|        ( WDBNDRY_B 0 -4.140e+05 3.591e+02 2.079e+03
|            ( QUESTION0 -1 -5.983e+04 1.508e+02 2.960e+02
|                ( - -9.051e+02 1 0)
|                ( - -5.877e+04 3 0))
|            ( - -3.538e+05 1 0))))
s>    ( QUESTION6 -1 -4.433e+05 4.757e+02 2.233e+03
s>        ( QUESTION20 1 -1.107e+04 3.384e+02 6.200e+01
s>            ( - -7.610e+03 1 0)
s>            ( WDBNDRY_B 0 -3.124e+03 2.720e+02 1.700e+01
s>                ( - -1.633e+03 1 0)
s>                ( - -1.219e+03 1 0)))
s>        ( QUESTION10 -1 -4.318e+05 4.014e+02 2.171e+03
s>            ( - -1.741e+04 1 0)
s>            ( WDBNDRY_B 0 -4.140e+05 3.591e+02 2.079e+03
s>                ( QUESTION0 -1 -5.983e+04 1.508e+02 2.960e+02
s>                    ( - -9.051e+02 1 0)
s>                    ( - -5.877e+04 3 0))
s>                ( - -3.538e+05 1 0))))INFO: dtree.c(1315): Comp split 21
INFO: dtree.c(1439): stop. leaf nodes are specific
INFO: dtree.c(1478): Final simple tree
|( WDBNDRY_E 0 -9.113e+04 4.448e+02 4.298e+02
|    ( QUESTION0_0_R 1 -9.084e+04 4.276e+02 4.288e+02
|        ( - -8.792e+03 4 0)
|        ( QUESTION0_14_R 1 -8.162e+04 3.551e+02 3.886e+02
|            ( - -3.255e+04 1 0)
|            ( QUESTION0_16_R 1 -4.871e+04 2.188e+02 2.344e+02
|                ( - -8.327e+02 1 0)
|                ( - -4.766e+04 1 0))))
|    ( - 1.605e+02 1 0))
s>    ( WDBNDRY_E 0 -9.113e+04 4.448e+02 4.298e+02
s>        ( QUESTION0_0_R 1 -9.084e+04 4.276e+02 4.288e+02
s>            ( - -8.792e+03 4 0)
s>            ( QUESTION0_14_R 1 -8.162e+04 3.551e+02 3.886e+02
s>                ( - -3.255e+04 1 0)
s>                ( QUESTION0_16_R 1 -4.871e+04 2.188e+02 2.344e+02
s>                    ( - -8.327e+02 1 0)
s>                    ( - -4.766e+04 1 0))))
s>        ( - 1.605e+02 1 0))INFO: dtree.c(1439): stop. leaf nodes are specific
INFO: dtree.c(1478): Final simple tree
|( QUESTION0_9_R 1 -3.789e+05 5.781e+02 1.806e+03
|    ( QUESTION16 -1 -8.146e+04 4.509e+02 3.914e+02
|        ( - -4.589e+04 1 0)
|        ( - -3.512e+04 1 0))
|    ( QUESTION0_6_R 1 -2.968e+05 4.712e+02 1.414e+03
|        ( - -5.012e+04 1 0)
|        ( WDBNDRY_E 0 -2.462e+05 3.905e+02 1.177e+03
|            ( QUESTION0 1 -1.692e+05 2.801e+02 8.029e+02
|                ( - -1.273e+05 4 0)
|                ( - -4.157e+04 2 0))
|            ( - -7.668e+04 1 0))))
s>    ( QUESTION0_9_R 1 -3.789e+05 5.781e+02 1.806e+03
s>        ( QUESTION16 -1 -8.146e+04 4.509e+02 3.914e+02
s>            ( - -4.589e+04 1 0)
s>            ( - -3.512e+04 1 0))
s>        ( QUESTION0_6_R 1 -2.968e+05 4.712e+02 1.414e+03
s>            ( - -5.012e+04 1 0)
s>            ( WDBNDRY_E 0 -2.462e+05 3.905e+02 1.177e+03
s>                ( QUESTION0 1 -1.692e+05 2.801e+02 8.029e+02
s>                    ( - -1.273e+05 4 0)
s>                    ( - -4.157e+04 2 0))
s>                ( - -7.668e+04 1 0))))INFO: dtree.c(1315): Comp split 22
INFO: dtree.c(1439): stop. leaf nodes are specific
INFO: dtree.c(1478): Final simple tree
|( QUESTION10 -1 -4.351e+05 4.024e+02 2.188e+03
|    ( - -1.741e+04 1 0)
|    ( QUESTION20 1 -4.173e+05 3.568e+02 2.096e+03
|        ( - -5.877e+04 3 0)
|        ( QUESTION6 -1 -3.581e+05 1.695e+02 1.805e+03
|            ( WDBNDRY_B 0 -3.124e+03 2.720e+02 1.700e+01
|                ( - -1.633e+03 1 0)
|                ( - -1.219e+03 1 0))
|            ( WDBNDRY_B 0 -3.548e+05 1.516e+02 1.788e+03
|                ( - -9.051e+02 1 0)
|                ( - -3.538e+05 1 0)))))
s>    ( QUESTION10 -1 -4.351e+05 4.024e+02 2.188e+03
s>        ( - -1.741e+04 1 0)
s>        ( QUESTION20 1 -4.173e+05 3.568e+02 2.096e+03
s>            ( - -5.877e+04 3 0)
s>            ( QUESTION6 -1 -3.581e+05 1.695e+02 1.805e+03
s>                ( WDBNDRY_B 0 -3.124e+03 2.720e+02 1.700e+01
s>                    ( - -1.633e+03 1 0)
s>                    ( - -1.219e+03 1 0))
s>                ( WDBNDRY_B 0 -3.548e+05 1.516e+02 1.788e+03
s>                    ( - -9.051e+02 1 0)
s>                    ( - -3.538e+05 1 0)))))INFO: dtree.c(1315): Comp split 23
INFO: dtree.c(1439): stop. leaf nodes are specific
INFO: dtree.c(1478): Final simple tree
|( QUESTION4 1 -7.038e+04 4.454e+02 3.436e+02
|    ( - 2.211e+02 1 0)
|    ( QUESTION20 -1 -7.016e+04 1.882e+02 3.426e+02
|        ( QUESTION0 1 -6.612e+04 1.960e+02 3.226e+02
|            ( QUESTION0_1_R 1 -5.640e+03 1.403e+02 2.713e+01
|                ( - -5.218e+03 1 0)
|                ( - -2.820e+02 1 0))
|            ( - -6.029e+04 1 0))
|        ( QUESTION0_1_R 1 -3.848e+03 1.788e+02 2.000e+01
|            ( QUESTION0 1 -3.421e+03 1.070e+02 1.800e+01
|                ( - -2.255e+03 1 0)
|                ( - -1.058e+03 1 0))
|            ( - -2.490e+02 1 0))))
s>    ( QUESTION4 1 -7.038e+04 4.454e+02 3.436e+02
s>        ( - 2.211e+02 1 0)
s>        ( QUESTION20 -1 -7.016e+04 1.882e+02 3.426e+02
s>            ( QUESTION0 1 -6.612e+04 1.960e+02 3.226e+02
s>                ( QUESTION0_1_R 1 -5.640e+03 1.403e+02 2.713e+01
s>                    ( - -5.218e+03 1 0)
s>                    ( - -2.820e+02 1 0))
s>                ( - -6.029e+04 1 0))
s>            ( QUESTION0_1_R 1 -3.848e+03 1.788e+02 2.000e+01
s>                ( QUESTION0 1 -3.421e+03 1.070e+02 1.800e+01
s>                    ( - -2.255e+03 1 0)
s>                    ( - -1.058e+03 1 0))
s>                ( - -2.490e+02 1 0))))INFO: dtree.c(1315): Comp split 24
INFO: dtree.c(1439): stop. leaf nodes are specific
INFO: dtree.c(1478): Final simple tree
|( QUESTION0 -1 -1.292e+05 3.766e+02 6.346e+02
|    ( - -3.867e+04 1 0)
|    ( QUESTION16 -1 -9.015e+04 2.115e+02 4.450e+02
|        ( - -8.335e+04 2 0)
|        ( - -6.587e+03 1 0)))
s>    ( QUESTION0 -1 -1.292e+05 3.766e+02 6.346e+02
s>        ( - -3.867e+04 1 0)
s>        ( QUESTION16 -1 -9.015e+04 2.115e+02 4.450e+02
s>            ( - -8.335e+04 2 0)
s>            ( - -6.587e+03 1 0)))INFO: dtree.c(1439): stop. leaf nodes are specific
INFO: dtree.c(1478): Final simple tree
|( QUESTION0 -1 -2.289e+05 3.917e+02 1.140e+03
|    ( WDBNDRY_B 0 -4.825e+04 2.047e+02 2.377e+02
|        ( - -1.879e+03 1 0)
|        ( - -4.617e+04 1 0))
|    ( - -1.802e+05 2 0))
s>    ( QUESTION0 -1 -2.289e+05 3.917e+02 1.140e+03
s>        ( WDBNDRY_B 0 -4.825e+04 2.047e+02 2.377e+02
s>            ( - -1.879e+03 1 0)
s>            ( - -4.617e+04 1 0))
s>        ( - -1.802e+05 2 0))INFO: dtree.c(1315): Comp split 25
INFO: dtree.c(1439): stop. leaf nodes are specific
INFO: dtree.c(1478): Final simple tree
|( QUESTION20 -1 -5.224e+04 1.572e+02 2.564e+02
|    ( - -2.052e+03 1 0)
|    ( - -5.003e+04 1 0))
s>    ( QUESTION20 -1 -5.224e+04 1.572e+02 2.564e+02
s>        ( - -2.052e+03 1 0)
s>        ( - -5.003e+04 1 0))INFO: dtree.c(1478): Final simple tree
|( QUESTION0 -1 -1.619e+05 2.484e+02 8.147e+02
|    ( WDBNDRY_B 0 -6.577e+03 1.759e+02 3.500e+01
|        ( - -5.594e+03 1 0)
|        ( - -8.063e+02 1 0))
|    ( WDBNDRY_B 0 -1.551e+05 2.399e+02 7.797e+02
|        ( QUESTION19 -1 -7.599e+04 2.219e+02 3.828e+02
|            ( - -1.715e+04 1 0)
|            ( QUESTION16 -1 -5.862e+04 1.386e+02 2.947e+02
|                ( - -5.102e+04 2 0)
|                ( - -7.464e+03 1 0)))
|        ( QUESTION16 -1 -7.887e+04 1.611e+02 3.970e+02
|            ( - -7.217e+04 2 0)
|            ( QUESTION20 -1 -6.531e+03 1.924e+02 3.400e+01
|                ( - -5.489e+03 1 0)
|                ( - -8.496e+02 1 0)))))
s>    ( QUESTION0 -1 -1.619e+05 2.484e+02 8.147e+02
s>        ( WDBNDRY_B 0 -6.577e+03 1.759e+02 3.500e+01
s>            ( - -5.594e+03 1 0)
s>            ( - -8.063e+02 1 0))
s>        ( WDBNDRY_B 0 -1.551e+05 2.399e+02 7.797e+02
s>            ( QUESTION19 -1 -7.599e+04 2.219e+02 3.828e+02
s>                ( - -1.715e+04 1 0)
s>                ( QUESTION16 -1 -5.862e+04 1.386e+02 2.947e+02
s>                    ( - -5.102e+04 2 0)
s>                    ( - -7.464e+03 1 0)))
s>            ( QUESTION16 -1 -7.887e+04 1.611e+02 3.970e+02
s>                ( - -7.217e+04 2 0)
s>                ( QUESTION20 -1 -6.531e+03 1.924e+02 3.400e+01
s>                    ( - -5.489e+03 1 0)
s>                    ( - -8.496e+02 1 0)))))INFO: dtree.c(1315): Comp split 26
INFO: dtree.c(1439): stop. leaf nodes are specific
INFO: dtree.c(1478): Final simple tree
|( QUESTION0_6_R 1 -2.968e+05 4.712e+02 1.414e+03
|    ( - -5.012e+04 1 0)
|    ( WDBNDRY_E 0 -2.462e+05 3.905e+02 1.177e+03
|        ( QUESTION0 1 -1.692e+05 2.801e+02 8.029e+02
|            ( - -1.273e+05 4 0)
|            ( - -4.157e+04 2 0))
|        ( - -7.668e+04 1 0)))
s>    ( QUESTION0_6_R 1 -2.968e+05 4.712e+02 1.414e+03
s>        ( - -5.012e+04 1 0)
s>        ( WDBNDRY_E 0 -2.462e+05 3.905e+02 1.177e+03
s>            ( QUESTION0 1 -1.692e+05 2.801e+02 8.029e+02
s>                ( - -1.273e+05 4 0)
s>                ( - -4.157e+04 2 0))
s>            ( - -7.668e+04 1 0)))INFO: dtree.c(1439): stop. leaf nodes are specific
INFO: dtree.c(1478): Final simple tree
|( QUESTION16 -1 -8.146e+04 4.509e+02 3.914e+02
|    ( - -4.589e+04 1 0)
|    ( - -3.512e+04 1 0))
s>    ( QUESTION16 -1 -8.146e+04 4.509e+02 3.914e+02
s>        ( - -4.589e+04 1 0)
s>        ( - -3.512e+04 1 0))INFO: dtree.c(1315): Comp split 27
INFO: dtree.c(1439): stop. leaf nodes are specific
INFO: dtree.c(1478): Final simple tree
|( QUESTION0 -1 -2.553e+05 4.192e+02 1.299e+03
|    ( QUESTION20 1 -5.170e+04 2.401e+02 2.632e+02
|        ( - -1.086e+04 1 0)
|        ( - -4.060e+04 1 0))
|    ( WDBNDRY_B 0 -2.032e+05 2.461e+02 1.036e+03
|        ( QUESTION20 1 -1.516e+05 2.282e+02 7.722e+02
|            ( - -4.081e+04 1 0)
|            ( - -1.106e+05 1 0))
|        ( - -5.133e+04 1 0)))
s>    ( QUESTION0 -1 -2.553e+05 4.192e+02 1.299e+03
s>        ( QUESTION20 1 -5.170e+04 2.401e+02 2.632e+02
s>            ( - -1.086e+04 1 0)
s>            ( - -4.060e+04 1 0))
s>        ( WDBNDRY_B 0 -2.032e+05 2.461e+02 1.036e+03
s>            ( QUESTION20 1 -1.516e+05 2.282e+02 7.722e+02
s>                ( - -4.081e+04 1 0)
s>                ( - -1.106e+05 1 0))
s>            ( - -5.133e+04 1 0)))INFO: dtree.c(1439): stop. leaf nodes are specific
INFO: dtree.c(1478): Final simple tree
|( QUESTION0 -1 -1.368e+05 2.738e+02 6.972e+02
|    ( - -4.594e+03 1 0)
|    ( QUESTION2_17_L -1 -1.319e+05 2.399e+02 6.722e+02
|        ( - -1.266e+05 1 0)
|        ( QUESTION20 1 -5.103e+03 1.445e+02 2.700e+01
|            ( - -1.227e+03 1 0)
|            ( - -3.731e+03 1 0))))
s>    ( QUESTION0 -1 -1.368e+05 2.738e+02 6.972e+02
s>        ( - -4.594e+03 1 0)
s>        ( QUESTION2_17_L -1 -1.319e+05 2.399e+02 6.722e+02
s>            ( - -1.266e+05 1 0)
s>            ( QUESTION20 1 -5.103e+03 1.445e+02 2.700e+01
s>                ( - -1.227e+03 1 0)
s>                ( - -3.731e+03 1 0))))INFO: dtree.c(1315): Comp split 28
INFO: dtree.c(1439): stop. leaf nodes are specific
INFO: dtree.c(1478): Final simple tree
|( QUESTION0 -1 -1.653e+05 1.639e+02 8.336e+02
|    ( - -9.971e+03 1 0)
|    ( QUESTION2_0_L -1 -1.552e+05 1.539e+02 7.825e+02
|        ( - -6.312e+03 1 0)
|        ( - -1.487e+05 3 0)))
s>    ( QUESTION0 -1 -1.653e+05 1.639e+02 8.336e+02
s>        ( - -9.971e+03 1 0)
s>        ( QUESTION2_0_L -1 -1.552e+05 1.539e+02 7.825e+02
s>            ( - -6.312e+03 1 0)
s>            ( - -1.487e+05 3 0)))INFO: dtree.c(1315): Comp split 29
INFO: dtree.c(1439): stop. leaf nodes are specific
INFO: dtree.c(1478): Final simple tree
|( WDBNDRY_E 0 -2.044e+05 3.832e+02 9.758e+02
|    ( - -1.273e+05 4 0)
|    ( - -7.668e+04 1 0))
s>    ( WDBNDRY_E 0 -2.044e+05 3.832e+02 9.758e+02
s>        ( - -1.273e+05 4 0)
s>        ( - -7.668e+04 1 0))INFO: dtree.c(1439): stop. leaf nodes are specific
INFO: dtree.c(1478): Final simple tree
|( QUESTION0_1_R 1 -9.196e+04 2.703e+02 4.385e+02
|    ( - -4.157e+04 2 0)
|    ( - -5.012e+04 1 0))
s>    ( QUESTION0_1_R 1 -9.196e+04 2.703e+02 4.385e+02
s>        ( - -4.157e+04 2 0)
s>        ( - -5.012e+04 1 0))INFO: dtree.c(1315): Comp split 30
INFO: dtree.c(1439): stop. leaf nodes are specific
INFO: dtree.c(1478): Final simple tree
|( QUESTION10 -1 -8.465e+04 3.535e+02 4.180e+02
|    ( - -3.329e+04 1 0)
|    ( QUESTION2_14_L -1 -5.101e+04 2.777e+02 2.543e+02
|        ( - -3.295e+04 1 0)
|        ( QUESTION0 -1 -1.778e+04 1.981e+02 9.062e+01
|            ( - -7.924e+03 1 0)
|            ( - -9.657e+03 1 0))))
s>    ( QUESTION10 -1 -8.465e+04 3.535e+02 4.180e+02
s>        ( - -3.329e+04 1 0)
s>        ( QUESTION2_14_L -1 -5.101e+04 2.777e+02 2.543e+02
s>            ( - -3.295e+04 1 0)
s>            ( QUESTION0 -1 -1.778e+04 1.981e+02 9.062e+01
s>                ( - -7.924e+03 1 0)
s>                ( - -9.657e+03 1 0))))INFO: dtree.c(1315): Comp split 31
INFO: dtree.c(1315): Comp split 32
INFO: dtree.c(1478): Final simple tree
|( QUESTION16 -1 -1.470e+05 4.275e+02 6.917e+02
|    ( - -4.054e+04 2 0)
|    ( WDBNDRY_E 0 -1.060e+05 3.684e+02 4.996e+02
|        ( QUESTION20 -1 -9.207e+04 3.315e+02 4.331e+02
|            ( QUESTION0_2_R 1 -6.199e+04 2.842e+02 2.936e+02
|                ( - -2.795e+04 2 0)
|                ( - -3.375e+04 2 0 QUESTION0_4_R 1 1.523e+02 1.594e+02))
|            ( QUESTION0_2_R 1 -2.975e+04 2.750e+02 1.394e+02
|                ( - -2.561e+04 2 0)
|                ( QUESTION0_4_R 1 -3.868e+03 1.976e+02 1.900e+01
|                    ( - -2.118e+03 2 0)
|                    ( - -1.553e+03 1 0))))
|        ( QUESTION20 -1 -1.359e+04 1.594e+02 6.657e+01
|            ( - -2.192e+03 1 0)
|            ( - -1.123e+04 1 0))))
s>    ( QUESTION16 -1 -1.470e+05 4.275e+02 6.917e+02
s>        ( - -4.054e+04 2 0)
s>        ( WDBNDRY_E 0 -1.060e+05 3.684e+02 4.996e+02
s>            ( QUESTION20 -1 -9.207e+04 3.315e+02 4.331e+02
s>                ( QUESTION0_2_R 1 -6.199e+04 2.842e+02 2.936e+02
s>                    ( - -2.795e+04 2 0)
s>                    ( - -3.375e+04 2 0 QUESTION0_4_R 1 1.523e+02 1.594e+02))
s>                ( QUESTION0_2_R 1 -2.975e+04 2.750e+02 1.394e+02
s>                    ( - -2.561e+04 2 0)
s>                    ( QUESTION0_4_R 1 -3.868e+03 1.976e+02 1.900e+01
s>                        ( - -2.118e+03 2 0)
s>                        ( - -1.553e+03 1 0))))
s>            ( QUESTION20 -1 -1.359e+04 1.594e+02 6.657e+01
s>                ( - -2.192e+03 1 0)
s>                ( - -1.123e+04 1 0))))INFO: dtree.c(1315): Comp split 33
INFO: dtree.c(1439): stop. leaf nodes are specific
INFO: dtree.c(1478): Final simple tree
|( WDBNDRY_E 0 -6.651e+04 3.572e+02 3.125e+02
|    ( - -2.561e+04 2 0)
|    ( - -4.054e+04 2 0))
s>    ( WDBNDRY_E 0 -6.651e+04 3.572e+02 3.125e+02
s>        ( - -2.561e+04 2 0)
s>        ( - -4.054e+04 2 0))INFO: dtree.c(1439): stop. leaf nodes are specific
INFO: dtree.c(1478): Final simple tree
|( WDBNDRY_E 0 -8.004e+04 3.788e+02 3.792e+02
|    ( QUESTION0_2_R 1 -6.607e+04 2.967e+02 3.126e+02
|        ( - -2.795e+04 2 0)
|        ( QUESTION20 -1 -3.783e+04 2.072e+02 1.784e+02
|            ( QUESTION0_4_R 1 -3.375e+04 1.523e+02 1.594e+02
|                ( - -3.123e+04 1 0)
|                ( - -2.372e+03 1 0))
|            ( QUESTION0_4_R 1 -3.868e+03 1.976e+02 1.900e+01
|                ( - -2.118e+03 2 0)
|                ( - -1.553e+03 1 0))))
|    ( QUESTION20 -1 -1.359e+04 1.594e+02 6.657e+01
|        ( - -2.192e+03 1 0)
|        ( - -1.123e+04 1 0)))
s>    ( WDBNDRY_E 0 -8.004e+04 3.788e+02 3.792e+02
s>        ( QUESTION0_2_R 1 -6.607e+04 2.967e+02 3.126e+02
s>            ( - -2.795e+04 2 0)
s>            ( QUESTION20 -1 -3.783e+04 2.072e+02 1.784e+02
s>                ( QUESTION0_4_R 1 -3.375e+04 1.523e+02 1.594e+02
s>                    ( - -3.123e+04 1 0)
s>                    ( - -2.372e+03 1 0))
s>                ( QUESTION0_4_R 1 -3.868e+03 1.976e+02 1.900e+01
s>                    ( - -2.118e+03 2 0)
s>                    ( - -1.553e+03 1 0))))
s>        ( QUESTION20 -1 -1.359e+04 1.594e+02 6.657e+01
s>            ( - -2.192e+03 1 0)
s>            ( - -1.123e+04 1 0)))INFO: dtree.c(1315): Comp split 34
INFO: dtree.c(1439): stop. leaf nodes are specific
INFO: dtree.c(1478): Final simple tree
|( QUESTION20 -1 -7.016e+04 1.882e+02 3.426e+02
|    ( QUESTION0 1 -6.612e+04 1.960e+02 3.226e+02
|        ( QUESTION0_1_R 1 -5.640e+03 1.403e+02 2.713e+01
|            ( - -5.218e+03 1 0)
|            ( - -2.820e+02 1 0))
|        ( - -6.029e+04 1 0))
|    ( QUESTION0_1_R 1 -3.848e+03 1.788e+02 2.000e+01
|        ( QUESTION0 1 -3.421e+03 1.070e+02 1.800e+01
|            ( - -2.255e+03 1 0)
|            ( - -1.058e+03 1 0))
|        ( - -2.490e+02 1 0)))
s>    ( QUESTION20 -1 -7.016e+04 1.882e+02 3.426e+02
s>        ( QUESTION0 1 -6.612e+04 1.960e+02 3.226e+02
s>            ( QUESTION0_1_R 1 -5.640e+03 1.403e+02 2.713e+01
s>                ( - -5.218e+03 1 0)
s>                ( - -2.820e+02 1 0))
s>            ( - -6.029e+04 1 0))
s>        ( QUESTION0_1_R 1 -3.848e+03 1.788e+02 2.000e+01
s>            ( QUESTION0 1 -3.421e+03 1.070e+02 1.800e+01
s>                ( - -2.255e+03 1 0)
s>                ( - -1.058e+03 1 0))
s>            ( - -2.490e+02 1 0)))INFO: dtree.c(1315): Comp split 35
INFO: dtree.c(1439): stop. leaf nodes are specific
INFO: dtree.c(1478): Final simple tree
|( QUESTION0_0_R 1 -9.084e+04 4.276e+02 4.288e+02
|    ( - -8.792e+03 4 0)
|    ( QUESTION0_14_R 1 -8.162e+04 3.551e+02 3.886e+02
|        ( - -3.255e+04 1 0)
|        ( QUESTION0_16_R 1 -4.871e+04 2.188e+02 2.344e+02
|            ( - -8.327e+02 1 0)
|            ( - -4.766e+04 1 0))))
s>    ( QUESTION0_0_R 1 -9.084e+04 4.276e+02 4.288e+02
s>        ( - -8.792e+03 4 0)
s>        ( QUESTION0_14_R 1 -8.162e+04 3.551e+02 3.886e+02
s>            ( - -3.255e+04 1 0)
s>            ( QUESTION0_16_R 1 -4.871e+04 2.188e+02 2.344e+02
s>                ( - -8.327e+02 1 0)
s>                ( - -4.766e+04 1 0))))INFO: dtree.c(1315): Comp split 36
INFO: dtree.c(1439): stop. leaf nodes are specific
INFO: dtree.c(1478): Final simple tree
|( WDBNDRY_B 0 -2.500e+05 2.145e+02 1.246e+03
|    ( - -1.220e+03 1 0)
|    ( - -2.486e+05 2 0))
s>    ( WDBNDRY_B 0 -2.500e+05 2.145e+02 1.246e+03
s>        ( - -1.220e+03 1 0)
s>        ( - -2.486e+05 2 0))INFO: dtree.c(1315): Comp split 37
INFO: dtree.c(1478): Final simple tree
|( WDBNDRY_I 0 -6.947e+04 3.393e+02 3.464e+02
|    ( - -2.997e+03 1 0)
|    ( QUESTION20 -1 -6.613e+04 2.218e+02 3.294e+02
|        ( QUESTION0_14_R 1 -2.739e+04 1.856e+02 1.376e+02
|            ( WDBNDRY_B 0 -4.916e+03 1.822e+02 2.500e+01
|                ( - -3.818e+03 1 0)
|                ( - -9.153e+02 1 0))
|            ( - -2.229e+04 2 0 SILENCE 1 1.496e+02 1.126e+02))
|        ( SILENCE 1 -3.851e+04 2.094e+02 1.918e+02
|            ( - -1.826e+04 1 0)
|            ( QUESTION0_14_R 1 -2.004e+04 1.843e+02 1.004e+02
|                ( - -1.077e+03 1 0)
|                ( QUESTION0_16_R 1 -1.878e+04 1.503e+02 9.440e+01
|                    ( - -9.266e+03 2 0 QUESTION14 1 1.302e+02 4.700e+01)
|                    ( - -9.366e+03 1 0))))))
s>    ( WDBNDRY_I 0 -6.947e+04 3.393e+02 3.464e+02
s>        ( - -2.997e+03 1 0)
s>        ( QUESTION20 -1 -6.613e+04 2.218e+02 3.294e+02
s>            ( QUESTION0_14_R 1 -2.739e+04 1.856e+02 1.376e+02
s>                ( WDBNDRY_B 0 -4.916e+03 1.822e+02 2.500e+01
s>                    ( - -3.818e+03 1 0)
s>                    ( - -9.153e+02 1 0))
s>                ( - -2.229e+04 2 0 SILENCE 1 1.496e+02 1.126e+02))
s>            ( SILENCE 1 -3.851e+04 2.094e+02 1.918e+02
s>                ( - -1.826e+04 1 0)
s>                ( QUESTION0_14_R 1 -2.004e+04 1.843e+02 1.004e+02
s>                    ( - -1.077e+03 1 0)
s>                    ( QUESTION0_16_R 1 -1.878e+04 1.503e+02 9.440e+01
s>                        ( - -9.266e+03 2 0 QUESTION14 1 1.302e+02 4.700e+01)
s>                        ( - -9.366e+03 1 0))))))INFO: dtree.c(1315): Comp split 38
INFO: dtree.c(1439): stop. leaf nodes are specific
INFO: dtree.c(1478): Final simple tree
|( QUESTION0_14_R 1 -8.162e+04 3.551e+02 3.886e+02
|    ( - -3.255e+04 1 0)
|    ( QUESTION0_16_R 1 -4.871e+04 2.188e+02 2.344e+02
|        ( - -8.327e+02 1 0)
|        ( - -4.766e+04 1 0)))
s>    ( QUESTION0_14_R 1 -8.162e+04 3.551e+02 3.886e+02
s>        ( - -3.255e+04 1 0)
s>        ( QUESTION0_16_R 1 -4.871e+04 2.188e+02 2.344e+02
s>            ( - -8.327e+02 1 0)
s>            ( - -4.766e+04 1 0)))INFO: dtree.c(1315): Comp split 39
INFO: dtree.c(1439): stop. leaf nodes are specific
INFO: dtree.c(1478): Final simple tree
|( WDBNDRY_B 0 -2.032e+05 2.461e+02 1.036e+03
|    ( QUESTION20 1 -1.516e+05 2.282e+02 7.722e+02
|        ( - -4.081e+04 1 0)
|        ( - -1.106e+05 1 0))
|    ( - -5.133e+04 1 0))
s>    ( WDBNDRY_B 0 -2.032e+05 2.461e+02 1.036e+03
s>        ( QUESTION20 1 -1.516e+05 2.282e+02 7.722e+02
s>            ( - -4.081e+04 1 0)
s>            ( - -1.106e+05 1 0))
s>        ( - -5.133e+04 1 0))INFO: dtree.c(1439): stop. leaf nodes are specific
INFO: dtree.c(1478): Final simple tree
|( QUESTION20 1 -5.170e+04 2.401e+02 2.632e+02
|    ( - -1.086e+04 1 0)
|    ( - -4.060e+04 1 0))
s>    ( QUESTION20 1 -5.170e+04 2.401e+02 2.632e+02
s>        ( - -1.086e+04 1 0)
s>        ( - -4.060e+04 1 0))INFO: dtree.c(1315): Comp split 40
INFO: dtree.c(1439): stop. leaf nodes are specific
INFO: dtree.c(1478): Final simple tree
|( QUESTION20 1 -4.173e+05 3.568e+02 2.096e+03
|    ( - -5.877e+04 3 0)
|    ( QUESTION6 -1 -3.581e+05 1.695e+02 1.805e+03
|        ( WDBNDRY_B 0 -3.124e+03 2.720e+02 1.700e+01
|            ( - -1.633e+03 1 0)
|            ( - -1.219e+03 1 0))
|        ( WDBNDRY_B 0 -3.548e+05 1.516e+02 1.788e+03
|            ( - -9.051e+02 1 0)
|            ( - -3.538e+05 1 0))))
s>    ( QUESTION20 1 -4.173e+05 3.568e+02 2.096e+03
s>        ( - -5.877e+04 3 0)
s>        ( QUESTION6 -1 -3.581e+05 1.695e+02 1.805e+03
s>            ( WDBNDRY_B 0 -3.124e+03 2.720e+02 1.700e+01
s>                ( - -1.633e+03 1 0)
s>                ( - -1.219e+03 1 0))
s>            ( WDBNDRY_B 0 -3.548e+05 1.516e+02 1.788e+03
s>                ( - -9.051e+02 1 0)
s>                ( - -3.538e+05 1 0))))INFO: dtree.c(1315): Comp split 41
INFO: dtree.c(1439): stop. leaf nodes are specific
INFO: dtree.c(1478): Final simple tree
|( WDBNDRY_E 0 -1.585e+04 1.477e+02 7.657e+01
|    ( - -2.118e+03 2 0)
|    ( QUESTION20 -1 -1.359e+04 1.594e+02 6.657e+01
|        ( - -2.192e+03 1 0)
|        ( - -1.123e+04 1 0)))
s>    ( WDBNDRY_E 0 -1.585e+04 1.477e+02 7.657e+01
s>        ( - -2.118e+03 2 0)
s>        ( QUESTION20 -1 -1.359e+04 1.594e+02 6.657e+01
s>            ( - -2.192e+03 1 0)
s>            ( - -1.123e+04 1 0)))INFO: dtree.c(1439): stop. leaf nodes are specific
INFO: dtree.c(1478): Final simple tree
|( QUESTION0_2_R 1 -6.379e+04 2.982e+02 3.026e+02
|    ( - -2.795e+04 2 0)
|    ( QUESTION20 -1 -3.555e+04 2.384e+02 1.684e+02
|        ( QUESTION0_4_R 1 -3.375e+04 1.523e+02 1.594e+02
|            ( - -3.123e+04 1 0)
|            ( - -2.372e+03 1 0))
|        ( - -1.553e+03 1 0)))
s>    ( QUESTION0_2_R 1 -6.379e+04 2.982e+02 3.026e+02
s>        ( - -2.795e+04 2 0)
s>        ( QUESTION20 -1 -3.555e+04 2.384e+02 1.684e+02
s>            ( QUESTION0_4_R 1 -3.375e+04 1.523e+02 1.594e+02
s>                ( - -3.123e+04 1 0)
s>                ( - -2.372e+03 1 0))
s>            ( - -1.553e+03 1 0)))INFO: dtree.c(1315): Comp split 42
INFO: dtree.c(1315): Comp split 43
INFO: dtree.c(1439): stop. leaf nodes are specific
INFO: dtree.c(1478): Final simple tree
|( WDBNDRY_B 0 -4.825e+04 2.047e+02 2.377e+02
|    ( - -1.879e+03 1 0)
|    ( - -4.617e+04 1 0))
s>    ( WDBNDRY_B 0 -4.825e+04 2.047e+02 2.377e+02
s>        ( - -1.879e+03 1 0)
s>        ( - -4.617e+04 1 0))INFO: dtree.c(1315): Comp split 44
INFO: dtree.c(1315): Comp split 45
INFO: dtree.c(1439): stop. leaf nodes are specific
INFO: dtree.c(1478): Final simple tree
|( QUESTION16 -1 -9.015e+04 2.115e+02 4.450e+02
|    ( - -8.335e+04 2 0)
|    ( - -6.587e+03 1 0))
s>    ( QUESTION16 -1 -9.015e+04 2.115e+02 4.450e+02
s>        ( - -8.335e+04 2 0)
s>        ( - -6.587e+03 1 0))INFO: dtree.c(1315): Comp split 46
INFO: dtree.c(1439): stop. leaf nodes are specific
INFO: dtree.c(1478): Final simple tree
|( QUESTION14 1 -5.327e+03 1.856e+02 2.800e+01
|    ( - -1.077e+03 1 0)
|    ( WDBNDRY_E 0 -4.065e+03 1.520e+02 2.200e+01
|        ( - -9.153e+02 1 0)
|        ( - -2.997e+03 1 0)))
s>    ( QUESTION14 1 -5.327e+03 1.856e+02 2.800e+01
s>        ( - -1.077e+03 1 0)
s>        ( WDBNDRY_E 0 -4.065e+03 1.520e+02 2.200e+01
s>            ( - -9.153e+02 1 0)
s>            ( - -2.997e+03 1 0)))INFO: dtree.c(1439): stop. leaf nodes are specific
INFO: dtree.c(1478): Final simple tree
|( QUESTION20 -1 -6.377e+04 2.278e+02 3.184e+02
|    ( WDBNDRY_B 0 -2.630e+04 1.846e+02 1.326e+02
|        ( - -3.818e+03 1 0)
|        ( SILENCE 1 -2.229e+04 1.496e+02 1.126e+02
|            ( - -1.530e+04 1 0)
|            ( - -6.846e+03 1 0)))
|    ( QUESTION0_16_R 1 -3.725e+04 2.067e+02 1.858e+02
|        ( QUESTION14 1 -9.266e+03 1.302e+02 4.700e+01
|            ( - -7.230e+03 1 0)
|            ( - -1.906e+03 1 0))
|        ( SILENCE 1 -2.777e+04 1.476e+02 1.388e+02
|            ( - -1.826e+04 1 0)
|            ( - -9.366e+03 1 0))))
s>    ( QUESTION20 -1 -6.377e+04 2.278e+02 3.184e+02
s>        ( WDBNDRY_B 0 -2.630e+04 1.846e+02 1.326e+02
s>            ( - -3.818e+03 1 0)
s>            ( SILENCE 1 -2.229e+04 1.496e+02 1.126e+02
s>                ( - -1.530e+04 1 0)
s>                ( - -6.846e+03 1 0)))
s>        ( QUESTION0_16_R 1 -3.725e+04 2.067e+02 1.858e+02
s>            ( QUESTION14 1 -9.266e+03 1.302e+02 4.700e+01
s>                ( - -7.230e+03 1 0)
s>                ( - -1.906e+03 1 0))
s>            ( SILENCE 1 -2.777e+04 1.476e+02 1.388e+02
s>                ( - -1.826e+04 1 0)
s>                ( - -9.366e+03 1 0))))INFO: dtree.c(1315): Comp split 47
INFO: dtree.c(1439): stop. leaf nodes are specific
INFO: dtree.c(1478): Final simple tree
|( WDBNDRY_B 0 -3.557e+05 2.744e+02 1.793e+03
|    ( - -1.633e+03 1 0)
|    ( - -3.538e+05 1 0))
s>    ( WDBNDRY_B 0 -3.557e+05 2.744e+02 1.793e+03
s>        ( - -1.633e+03 1 0)
s>        ( - -3.538e+05 1 0))INFO: dtree.c(1439): stop. leaf nodes are specific
INFO: dtree.c(1478): Final simple tree
|( WDBNDRY_B 0 -6.121e+04 1.666e+02 3.030e+02
|    ( QUESTION0 -1 -5.983e+04 1.508e+02 2.960e+02
|        ( - -9.051e+02 1 0)
|        ( - -5.877e+04 3 0))
|    ( - -1.219e+03 1 0))
s>    ( WDBNDRY_B 0 -6.121e+04 1.666e+02 3.030e+02
s>        ( QUESTION0 -1 -5.983e+04 1.508e+02 2.960e+02
s>            ( - -9.051e+02 1 0)
s>            ( - -5.877e+04 3 0))
s>        ( - -1.219e+03 1 0))INFO: dtree.c(1315): Comp split 48
INFO: dtree.c(1315): Comp split 49
INFO: dtree.c(1439): stop. leaf nodes are specific
INFO: dtree.c(1478): Final simple tree
|( QUESTION0_16_R 1 -4.871e+04 2.188e+02 2.344e+02
|    ( - -8.327e+02 1 0)
|    ( - -4.766e+04 1 0))
s>    ( QUESTION0_16_R 1 -4.871e+04 2.188e+02 2.344e+02
s>        ( - -8.327e+02 1 0)
s>        ( - -4.766e+04 1 0))INFO: dtree.c(1315): Comp split 50
INFO: dtree.c(1439): stop. leaf nodes are specific
INFO: dtree.c(1478): Final simple tree
|( QUESTION2_14_L -1 -5.101e+04 2.777e+02 2.543e+02
|    ( - -3.295e+04 1 0)
|    ( QUESTION0 -1 -1.778e+04 1.981e+02 9.062e+01
|        ( - -7.924e+03 1 0)
|        ( - -9.657e+03 1 0)))
s>    ( QUESTION2_14_L -1 -5.101e+04 2.777e+02 2.543e+02
s>        ( - -3.295e+04 1 0)
s>        ( QUESTION0 -1 -1.778e+04 1.981e+02 9.062e+01
s>            ( - -7.924e+03 1 0)
s>            ( - -9.657e+03 1 0)))INFO: dtree.c(1315): Comp split 51
INFO: dtree.c(1315): Comp split 52
INFO: dtree.c(1439): stop. leaf nodes are specific
INFO: dtree.c(1478): Final simple tree
|( WDBNDRY_B 0 -7.515e+03 2.477e+02 3.900e+01
|    ( - -4.712e+03 1 0)
|    ( - -2.556e+03 1 0))
s>    ( WDBNDRY_B 0 -7.515e+03 2.477e+02 3.900e+01
s>        ( - -4.712e+03 1 0)
s>        ( - -2.556e+03 1 0))INFO: dtree.c(1315): Comp split 53
INFO: dtree.c(1439): stop. leaf nodes are specific
INFO: dtree.c(1478): Final simple tree
|( QUESTION20 -1 -3.555e+04 2.384e+02 1.684e+02
|    ( QUESTION0_4_R 1 -3.375e+04 1.523e+02 1.594e+02
|        ( - -3.123e+04 1 0)
|        ( - -2.372e+03 1 0))
|    ( - -1.553e+03 1 0))
s>    ( QUESTION20 -1 -3.555e+04 2.384e+02 1.684e+02
s>        ( QUESTION0_4_R 1 -3.375e+04 1.523e+02 1.594e+02
s>            ( - -3.123e+04 1 0)
s>            ( - -2.372e+03 1 0))
s>        ( - -1.553e+03 1 0))INFO: dtree.c(1315): Comp split 54
INFO: dtree.c(1439): stop. leaf nodes are specific
INFO: dtree.c(1478): Final simple tree
|( QUESTION0 -1 -1.778e+04 1.981e+02 9.062e+01
|    ( - -7.924e+03 1 0)
|    ( - -9.657e+03 1 0))
s>    ( QUESTION0 -1 -1.778e+04 1.981e+02 9.062e+01
s>        ( - -7.924e+03 1 0)
s>        ( - -9.657e+03 1 0))INFO: dtree.c(1315): Comp split 55
INFO: dtree.c(1315): Comp split 56
INFO: dtree.c(1439): stop. leaf nodes are specific
INFO: dtree.c(1478): Final simple tree
|( QUESTION2_17_L -1 -1.319e+05 2.399e+02 6.722e+02
|    ( - -1.266e+05 1 0)
|    ( QUESTION20 1 -5.103e+03 1.445e+02 2.700e+01
|        ( - -1.227e+03 1 0)
|        ( - -3.731e+03 1 0)))
s>    ( QUESTION2_17_L -1 -1.319e+05 2.399e+02 6.722e+02
s>        ( - -1.266e+05 1 0)
s>        ( QUESTION20 1 -5.103e+03 1.445e+02 2.700e+01
s>            ( - -1.227e+03 1 0)
s>            ( - -3.731e+03 1 0)))INFO: dtree.c(1315): Comp split 57
INFO: dtree.c(1315): Comp split 58
INFO: dtree.c(1439): stop. leaf nodes are specific
INFO: dtree.c(1478): Final simple tree
|( QUESTION16 -1 -5.862e+04 1.386e+02 2.947e+02
|    ( - -5.102e+04 2 0)
|    ( - -7.464e+03 1 0))
s>    ( QUESTION16 -1 -5.862e+04 1.386e+02 2.947e+02
s>        ( - -5.102e+04 2 0)
s>        ( - -7.464e+03 1 0))INFO: dtree.c(1439): stop. leaf nodes are specific
INFO: dtree.c(1478): Final simple tree
|( QUESTION0 -1 -1.030e+05 2.435e+02 5.201e+02
|    ( WDBNDRY_B 0 -6.577e+03 1.759e+02 3.500e+01
|        ( - -5.594e+03 1 0)
|        ( - -8.063e+02 1 0))
|    ( WDBNDRY_B 0 -9.622e+04 2.069e+02 4.851e+02
|        ( - -1.715e+04 1 0)
|        ( QUESTION16 -1 -7.887e+04 1.611e+02 3.970e+02
|            ( - -7.217e+04 2 0)
|            ( QUESTION20 -1 -6.531e+03 1.924e+02 3.400e+01
|                ( - -5.489e+03 1 0)
|                ( - -8.496e+02 1 0)))))
s>    ( QUESTION0 -1 -1.030e+05 2.435e+02 5.201e+02
s>        ( WDBNDRY_B 0 -6.577e+03 1.759e+02 3.500e+01
s>            ( - -5.594e+03 1 0)
s>            ( - -8.063e+02 1 0))
s>        ( WDBNDRY_B 0 -9.622e+04 2.069e+02 4.851e+02
s>            ( - -1.715e+04 1 0)
s>            ( QUESTION16 -1 -7.887e+04 1.611e+02 3.970e+02
s>                ( - -7.217e+04 2 0)
s>                ( QUESTION20 -1 -6.531e+03 1.924e+02 3.400e+01
s>                    ( - -5.489e+03 1 0)
s>                    ( - -8.496e+02 1 0)))))INFO: dtree.c(1315): Comp split 59
INFO: dtree.c(1439): stop. leaf nodes are specific
INFO: dtree.c(1478): Final simple tree
|( WDBNDRY_B 0 -1.621e+05 2.187e+02 8.288e+02
|    ( - -1.106e+05 1 0)
|    ( - -5.133e+04 1 0))
s>    ( WDBNDRY_B 0 -1.621e+05 2.187e+02 8.288e+02
s>        ( - -1.106e+05 1 0)
s>        ( - -5.133e+04 1 0))INFO: dtree.c(1315): Comp split 60
INFO: dtree.c(1315): Comp split 61
INFO: dtree.c(1439): stop. leaf nodes are specific
INFO: dtree.c(1478): Final simple tree
|( QUESTION0 -1 -7.640e+03 2.137e+02 4.000e+01
|    ( WDBNDRY_B 0 -6.577e+03 1.759e+02 3.500e+01
|        ( - -5.594e+03 1 0)
|        ( - -8.063e+02 1 0))
|    ( - -8.496e+02 1 0))
s>    ( QUESTION0 -1 -7.640e+03 2.137e+02 4.000e+01
s>        ( WDBNDRY_B 0 -6.577e+03 1.759e+02 3.500e+01
s>            ( - -5.594e+03 1 0)
s>            ( - -8.063e+02 1 0))
s>        ( - -8.496e+02 1 0))INFO: dtree.c(1439): stop. leaf nodes are specific
INFO: dtree.c(1478): Final simple tree
|( WDBNDRY_B 0 -9.516e+04 2.075e+02 4.801e+02
|    ( - -1.715e+04 1 0)
|    ( QUESTION16 -1 -7.780e+04 1.376e+02 3.920e+02
|        ( - -7.217e+04 2 0)
|        ( - -5.489e+03 1 0)))
s>    ( WDBNDRY_B 0 -9.516e+04 2.075e+02 4.801e+02
s>        ( - -1.715e+04 1 0)
s>        ( QUESTION16 -1 -7.780e+04 1.376e+02 3.920e+02
s>            ( - -7.217e+04 2 0)
s>            ( - -5.489e+03 1 0)))INFO: dtree.c(1315): Comp split 62
INFO: dtree.c(1315): Comp split 63
INFO: dtree.c(1439): stop. leaf nodes are specific
INFO: dtree.c(1478): Final simple tree
|( QUESTION20 1 -5.103e+03 1.445e+02 2.700e+01
|    ( - -1.227e+03 1 0)
|    ( - -3.731e+03 1 0))
s>    ( QUESTION20 1 -5.103e+03 1.445e+02 2.700e+01
s>        ( - -1.227e+03 1 0)
s>        ( - -3.731e+03 1 0))INFO: dtree.c(1315): Comp split 64
INFO: dtree.c(1439): stop. leaf nodes are specific
INFO: dtree.c(1478): Final simple tree
|( QUESTION0_4_R 1 -3.375e+04 1.523e+02 1.594e+02
|    ( - -3.123e+04 1 0)
|    ( - -2.372e+03 1 0))
s>    ( QUESTION0_4_R 1 -3.375e+04 1.523e+02 1.594e+02
s>        ( - -3.123e+04 1 0)
s>        ( - -2.372e+03 1 0))INFO: dtree.c(1315): Comp split 65
INFO: dtree.c(1315): Comp split 66
INFO: dtree.c(1439): stop. leaf nodes are specific
INFO: dtree.c(1478): Final simple tree
|( QUESTION20 -1 -4.475e+04 1.964e+02 2.240e+02
|    ( WDBNDRY_B 0 -2.630e+04 1.846e+02 1.326e+02
|        ( - -3.818e+03 1 0)
|        ( SILENCE 1 -2.229e+04 1.496e+02 1.126e+02
|            ( - -1.530e+04 1 0)
|            ( - -6.846e+03 1 0)))
|    ( - -1.826e+04 1 0))
s>    ( QUESTION20 -1 -4.475e+04 1.964e+02 2.240e+02
s>        ( WDBNDRY_B 0 -2.630e+04 1.846e+02 1.326e+02
s>            ( - -3.818e+03 1 0)
s>            ( SILENCE 1 -2.229e+04 1.496e+02 1.126e+02
s>                ( - -1.530e+04 1 0)
s>                ( - -6.846e+03 1 0)))
s>        ( - -1.826e+04 1 0))INFO: dtree.c(1439): stop. leaf nodes are specific
INFO: dtree.c(1478): Final simple tree
|( QUESTION0_16_R 1 -1.878e+04 1.503e+02 9.440e+01
|    ( QUESTION14 1 -9.266e+03 1.302e+02 4.700e+01
|        ( - -7.230e+03 1 0)
|        ( - -1.906e+03 1 0))
|    ( - -9.366e+03 1 0))
s>    ( QUESTION0_16_R 1 -1.878e+04 1.503e+02 9.440e+01
s>        ( QUESTION14 1 -9.266e+03 1.302e+02 4.700e+01
s>            ( - -7.230e+03 1 0)
s>            ( - -1.906e+03 1 0))
s>        ( - -9.366e+03 1 0))INFO: dtree.c(1315): Comp split 67
INFO: dtree.c(1315): Comp split 68
INFO: dtree.c(1315): Comp split 69
INFO: dtree.c(1315): Comp split 70
INFO: dtree.c(1439): stop. leaf nodes are specific
INFO: dtree.c(1478): Final simple tree
|( WDBNDRY_B 0 -6.577e+03 1.759e+02 3.500e+01
|    ( - -5.594e+03 1 0)
|    ( - -8.063e+02 1 0))
s>    ( WDBNDRY_B 0 -6.577e+03 1.759e+02 3.500e+01
s>        ( - -5.594e+03 1 0)
s>        ( - -8.063e+02 1 0))INFO: dtree.c(1315): Comp split 71
INFO: dtree.c(1315): Comp split 72
INFO: dtree.c(1439): stop. leaf nodes are specific
INFO: dtree.c(1478): Final simple tree
|( QUESTION20 -1 -9.245e+03 1.846e+02 4.513e+01
|    ( QUESTION0_1_R 1 -5.640e+03 1.403e+02 2.713e+01
|        ( - -5.218e+03 1 0)
|        ( - -2.820e+02 1 0))
|    ( QUESTION0 1 -3.421e+03 1.070e+02 1.800e+01
|        ( - -2.255e+03 1 0)
|        ( - -1.058e+03 1 0)))
s>    ( QUESTION20 -1 -9.245e+03 1.846e+02 4.513e+01
s>        ( QUESTION0_1_R 1 -5.640e+03 1.403e+02 2.713e+01
s>            ( - -5.218e+03 1 0)
s>            ( - -2.820e+02 1 0))
s>        ( QUESTION0 1 -3.421e+03 1.070e+02 1.800e+01
s>            ( - -2.255e+03 1 0)
s>            ( - -1.058e+03 1 0)))INFO: dtree.c(1439): stop. leaf nodes are specific
INFO: dtree.c(1478): Final simple tree
|( QUESTION0_1_R 1 -6.070e+04 1.668e+02 2.975e+02
|    ( - -6.029e+04 1 0)
|    ( - -2.490e+02 1 0))
s>    ( QUESTION0_1_R 1 -6.070e+04 1.668e+02 2.975e+02
s>        ( - -6.029e+04 1 0)
s>        ( - -2.490e+02 1 0))INFO: dtree.c(1315): Comp split 73
INFO: dtree.c(1439): stop. leaf nodes are specific
INFO: dtree.c(1478): Final simple tree
|( WDBNDRY_E 0 -4.407e+03 9.706e+01 2.100e+01
|    ( - -2.118e+03 2 0)
|    ( - -2.192e+03 1 0))
s>    ( WDBNDRY_E 0 -4.407e+03 9.706e+01 2.100e+01
s>        ( - -2.118e+03 2 0)
s>        ( - -2.192e+03 1 0))INFO: dtree.c(1315): Comp split 74
INFO: dtree.c(1439): stop. leaf nodes are specific
INFO: dtree.c(1478): Final simple tree
|( QUESTION16 -1 -7.780e+04 1.376e+02 3.920e+02
|    ( - -7.217e+04 2 0)
|    ( - -5.489e+03 1 0))
s>    ( QUESTION16 -1 -7.780e+04 1.376e+02 3.920e+02
s>        ( - -7.217e+04 2 0)
s>        ( - -5.489e+03 1 0))INFO: dtree.c(1315): Comp split 75
INFO: dtree.c(1439): stop. leaf nodes are specific
INFO: dtree.c(1478): Final simple tree
|( SILENCE 1 -2.229e+04 1.496e+02 1.126e+02
|    ( - -1.530e+04 1 0)
|    ( - -6.846e+03 1 0))
s>    ( SILENCE 1 -2.229e+04 1.496e+02 1.126e+02
s>        ( - -1.530e+04 1 0)
s>        ( - -6.846e+03 1 0))INFO: dtree.c(1439): stop. leaf nodes are specific
INFO: dtree.c(1478): Final simple tree
|( WDBNDRY_B 0 -2.225e+04 1.740e+02 1.114e+02
|    ( - -3.818e+03 1 0)
|    ( - -1.826e+04 1 0))
s>    ( WDBNDRY_B 0 -2.225e+04 1.740e+02 1.114e+02
s>        ( - -3.818e+03 1 0)
s>        ( - -1.826e+04 1 0))INFO: dtree.c(1315): Comp split 76
INFO: dtree.c(1315): Comp split 77
INFO: dtree.c(1439): stop. leaf nodes are specific
INFO: dtree.c(1478): Final simple tree
|( SILENCE 1 -8.385e+04 1.673e+02 4.218e+02
|    ( - -8.284e+04 2 0)
|    ( - -8.446e+02 1 0))
s>    ( SILENCE 1 -8.385e+04 1.673e+02 4.218e+02
s>        ( - -8.284e+04 2 0)
s>        ( - -8.446e+02 1 0))INFO: dtree.c(1315): Comp split 78
INFO: dtree.c(1315): Comp split 79
INFO: dtree.c(1439): stop. leaf nodes are specific
INFO: dtree.c(1478): Final simple tree
|( WDBNDRY_E 0 -4.065e+03 1.520e+02 2.200e+01
|    ( - -9.153e+02 1 0)
|    ( - -2.997e+03 1 0))
s>    ( WDBNDRY_E 0 -4.065e+03 1.520e+02 2.200e+01
s>        ( - -9.153e+02 1 0)
s>        ( - -2.997e+03 1 0))INFO: dtree.c(1315): Comp split 80
INFO: dtree.c(1439): stop. leaf nodes are specific
INFO: dtree.c(1478): Final simple tree
|( QUESTION0 1 -3.421e+03 1.070e+02 1.800e+01
|    ( - -2.255e+03 1 0)
|    ( - -1.058e+03 1 0))
s>    ( QUESTION0 1 -3.421e+03 1.070e+02 1.800e+01
s>        ( - -2.255e+03 1 0)
s>        ( - -1.058e+03 1 0))INFO: dtree.c(1439): stop. leaf nodes are specific
INFO: dtree.c(1478): Final simple tree
|( QUESTION0_1_R 1 -5.640e+03 1.403e+02 2.713e+01
|    ( - -5.218e+03 1 0)
|    ( - -2.820e+02 1 0))
s>    ( QUESTION0_1_R 1 -5.640e+03 1.403e+02 2.713e+01
s>        ( - -5.218e+03 1 0)
s>        ( - -2.820e+02 1 0))INFO: dtree.c(1315): Comp split 81
INFO: dtree.c(1315): Comp split 82
INFO: dtree.c(1315): Comp split 83
INFO: dtree.c(1315): Comp split 84
INFO: dtree.c(1315): Comp split 85
INFO: dtree.c(1439): stop. leaf nodes are specific
INFO: dtree.c(1478): Final simple tree
|( QUESTION0 -1 -5.983e+04 1.508e+02 2.960e+02
|    ( - -9.051e+02 1 0)
|    ( - -5.877e+04 3 0))
s>    ( QUESTION0 -1 -5.983e+04 1.508e+02 2.960e+02
s>        ( - -9.051e+02 1 0)
s>        ( - -5.877e+04 3 0))INFO: dtree.c(1315): Comp split 86
INFO: dtree.c(1439): stop. leaf nodes are specific
INFO: dtree.c(1478): Final simple tree
|( QUESTION2_0_L -1 -1.552e+05 1.539e+02 7.825e+02
|    ( - -6.312e+03 1 0)
|    ( - -1.487e+05 3 0))
s>    ( QUESTION2_0_L -1 -1.552e+05 1.539e+02 7.825e+02
s>        ( - -6.312e+03 1 0)
s>        ( - -1.487e+05 3 0))INFO: dtree.c(1315): Comp split 87
INFO: dtree.c(1315): Comp split 88
INFO: dtree.c(1315): Comp split 89
INFO: dtree.c(1315): Comp split 90
INFO: dtree.c(1315): Comp split 91
INFO: dtree.c(1315): Comp split 92
INFO: dtree.c(1315): Comp split 93
INFO: dtree.c(1439): stop. leaf nodes are specific
INFO: dtree.c(1478): Final simple tree
|( QUESTION14 1 -9.266e+03 1.302e+02 4.700e+01
|    ( - -7.230e+03 1 0)
|    ( - -1.906e+03 1 0))
s>    ( QUESTION14 1 -9.266e+03 1.302e+02 4.700e+01
s>        ( - -7.230e+03 1 0)
s>        ( - -1.906e+03 1 0))INFO: dtree.c(1315): Comp split 94
INFO: dtree.c(1315): Comp split 95
INFO: dtree.c(1315): Comp split 96
INFO: dtree.c(1315): Comp split 97
INFO: dtree.c(1315): Comp split 98
INFO: dtree.c(1315): Comp split 99
INFO: dtree.c(1315): Comp split 100
INFO: dtree.c(1315): Comp split 101
INFO: dtree.c(1315): Comp split 102
INFO: dtree.c(1318): stop. leaf nodes are specific
Sun Mar 19 21:51:00 2017
