Current configuration:
[NAME]		[DEFLT]	[VALUE]
-allphones	no	no
-cntthresh	0.00001	1.000000e-05
-csplitmax	100	2000
-csplitmin	1	1
-csplitthr	8e-4	0.000000e+00
-example	no	no
-fullvar	no	no
-help		no	no
-meanfn			/home/ilya/Рабочий стол/lab_sphinx/ru_base/model_parameters/ru_base.cd_cont_untied/means
-mixwfn			/home/ilya/Рабочий стол/lab_sphinx/ru_base/model_parameters/ru_base.cd_cont_untied/mixture_weights
-moddeffn		/home/ilya/Рабочий стол/lab_sphinx/ru_base/model_architecture/ru_base.untied.mdef
-mwfloor	1e-4	1.000000e-08
-phone			f
-psetfn			/home/ilya/Рабочий стол/lab_sphinx/ru_base/model_architecture/ru_base.tree_questions
-ssplitmax	5	7
-ssplitmin	1	1
-ssplitthr	8e-4	0.000000e+00
-state			2
-stwt			1.0,0.05,0.0,
-treefn			/home/ilya/Рабочий стол/lab_sphinx/ru_base/trees/ru_base.unpruned/f-2.dtree
-ts2cbfn	.semi.	.cont.
-varfloor	0.00001	1.000000e-05
-varfn			/home/ilya/Рабочий стол/lab_sphinx/ru_base/model_parameters/ru_base.cd_cont_untied/variances

INFO: main.c(223): Reading: /home/ilya/Рабочий стол/lab_sphinx/ru_base/model_architecture/ru_base.untied.mdef
INFO: model_def_io.c(573): Model definition info:
INFO: model_def_io.c(574): 9415 total models defined (43 base, 9372 tri)
INFO: model_def_io.c(575): 37660 total states
INFO: model_def_io.c(576): 28245 total tied states
INFO: model_def_io.c(577): 129 total tied CI states
INFO: model_def_io.c(578): 43 total tied transition matrices
INFO: model_def_io.c(579): 4 max state/model
INFO: model_def_io.c(580): 4 min state/model
INFO: main.c(242): Building trees for [f a0 a0 b] through [f u0 a0 b]
INFO: main.c(269): Covering states |[6783 6872]| == 90
INFO: main.c(275): Reading: /home/ilya/Рабочий стол/lab_sphinx/ru_base/model_parameters/ru_base.cd_cont_untied/mixture_weights
INFO: s3mixw_io.c(173): Read /home/ilya/Рабочий стол/lab_sphinx/ru_base/model_parameters/ru_base.cd_cont_untied/mixture_weights [90x1x1 array]
INFO: main.c(311): 30 of 30 models have observation count greater than 0.000010
INFO: main.c(95): nrm stwt: 0.000 0.048 0.952 
INFO: s3gau_io.c(169): Read /home/ilya/Рабочий стол/lab_sphinx/ru_base/model_parameters/ru_base.cd_cont_untied/means [28245x1x1 array]
INFO: s3gau_io.c(169): Read /home/ilya/Рабочий стол/lab_sphinx/ru_base/model_parameters/ru_base.cd_cont_untied/variances [28245x1x1 array]
INFO: main.c(549): Reading: /home/ilya/Рабочий стол/lab_sphinx/ru_base/model_architecture/ru_base.tree_questions
INFO: main.c(588): 180 total simple questions (172 phone; 8 word bndry)
INFO: main.c(590): 42 Left Only questions, and 42 Right Only questions
INFO: dtree.c(1478): Final simple tree
|( QUESTION0_14_R 1 -6.477e+04 5.358e+02 2.774e+02
|    ( QUESTION20 -1 -4.207e+04 2.023e+02 1.804e+02
|        ( QUESTION14 1 -7.431e+03 1.608e+02 3.300e+01
|            ( - -5.344e+02 1 0)
|            ( - -6.736e+03 5 0 QUESTION16 1 1.394e+02 3.000e+01))
|        ( QUESTION16 1 -3.444e+04 1.590e+02 1.474e+02
|            ( QUESTION10 -1 -2.243e+04 4.406e+02 9.699e+01
|                ( - 1.879e+02 1 0)
|                ( QUESTION2_17_L -1 -2.218e+04 1.535e+02 9.599e+01
|                    ( - -2.907e+03 1 0)
|                    ( - -1.912e+04 12 0 WDBNDRY_B 0 1.352e+02 8.299e+01)))
|            ( - -1.185e+04 8 0 QUESTION1 -1 1.370e+02 5.039e+01)))
|    ( QUESTION0_0_R 1 -2.217e+04 4.660e+02 9.706e+01
|        ( - 2.407e+02 1 0)
|        ( - -2.194e+04 1 0)))
s>    ( QUESTION0_14_R 1 -6.477e+04 5.358e+02 2.774e+02
s>        ( QUESTION20 -1 -4.207e+04 2.023e+02 1.804e+02
s>            ( QUESTION14 1 -7.431e+03 1.608e+02 3.300e+01
s>                ( - -5.344e+02 1 0)
s>                ( - -6.736e+03 5 0 QUESTION16 1 1.394e+02 3.000e+01))
s>            ( QUESTION16 1 -3.444e+04 1.590e+02 1.474e+02
s>                ( QUESTION10 -1 -2.243e+04 4.406e+02 9.699e+01
s>                    ( - 1.879e+02 1 0)
s>                    ( QUESTION2_17_L -1 -2.218e+04 1.535e+02 9.599e+01
s>                        ( - -2.907e+03 1 0)
s>                        ( - -1.912e+04 12 0 WDBNDRY_B 0 1.352e+02 8.299e+01)))
s>                ( - -1.185e+04 8 0 QUESTION1 -1 1.370e+02 5.039e+01)))
s>        ( QUESTION0_0_R 1 -2.217e+04 4.660e+02 9.706e+01
s>            ( - 2.407e+02 1 0)
s>            ( - -2.194e+04 1 0)))INFO: dtree.c(1315): Comp split 0
INFO: dtree.c(1439): stop. leaf nodes are specific
INFO: dtree.c(1478): Final simple tree
|( QUESTION0_0_R 1 -2.242e+04 4.658e+02 9.806e+01
|    ( - 2.407e+02 1 0)
|    ( WDBNDRY_B 0 -2.219e+04 4.377e+02 9.706e+01
|        ( - 1.879e+02 1 0)
|        ( - -2.194e+04 1 0)))
s>    ( QUESTION0_0_R 1 -2.242e+04 4.658e+02 9.806e+01
s>        ( - 2.407e+02 1 0)
s>        ( WDBNDRY_B 0 -2.219e+04 4.377e+02 9.706e+01
s>            ( - 1.879e+02 1 0)
s>            ( - -2.194e+04 1 0)))INFO: dtree.c(1478): Final simple tree
|( QUESTION20 -1 -4.182e+04 2.018e+02 1.794e+02
|    ( QUESTION14 1 -7.431e+03 1.608e+02 3.300e+01
|        ( - -5.344e+02 1 0)
|        ( QUESTION16 1 -6.736e+03 1.394e+02 3.000e+01
|            ( - -5.311e+03 3 0 WDBNDRY_B 0 1.265e+02 2.400e+01)
|            ( WDBNDRY_B 0 -1.285e+03 1.812e+02 6.000e+00
|                ( - -5.930e+02 1 0)
|                ( - -5.110e+02 1 0))))
|    ( QUESTION16 1 -3.418e+04 1.609e+02 1.464e+02
|        ( QUESTION2_17_L -1 -2.218e+04 1.535e+02 9.599e+01
|            ( - -2.907e+03 1 0)
|            ( - -1.912e+04 12 0 WDBNDRY_B 0 1.352e+02 8.299e+01))
|        ( QUESTION1 -1 -1.185e+04 1.370e+02 5.039e+01
|            ( - -2.564e+03 1 0)
|            ( - -9.145e+03 7 0 QUESTION16 -1 1.336e+02 3.902e+01))))
s>    ( QUESTION20 -1 -4.182e+04 2.018e+02 1.794e+02
s>        ( QUESTION14 1 -7.431e+03 1.608e+02 3.300e+01
s>            ( - -5.344e+02 1 0)
s>            ( QUESTION16 1 -6.736e+03 1.394e+02 3.000e+01
s>                ( - -5.311e+03 3 0 WDBNDRY_B 0 1.265e+02 2.400e+01)
s>                ( WDBNDRY_B 0 -1.285e+03 1.812e+02 6.000e+00
s>                    ( - -5.930e+02 1 0)
s>                    ( - -5.110e+02 1 0))))
s>        ( QUESTION16 1 -3.418e+04 1.609e+02 1.464e+02
s>            ( QUESTION2_17_L -1 -2.218e+04 1.535e+02 9.599e+01
s>                ( - -2.907e+03 1 0)
s>                ( - -1.912e+04 12 0 WDBNDRY_B 0 1.352e+02 8.299e+01))
s>            ( QUESTION1 -1 -1.185e+04 1.370e+02 5.039e+01
s>                ( - -2.564e+03 1 0)
s>                ( - -9.145e+03 7 0 QUESTION16 -1 1.336e+02 3.902e+01))))INFO: dtree.c(1315): Comp split 1
INFO: dtree.c(1439): stop. leaf nodes are specific
INFO: dtree.c(1478): Final simple tree
|( WDBNDRY_B 0 -2.219e+04 4.377e+02 9.706e+01
|    ( - 1.879e+02 1 0)
|    ( - -2.194e+04 1 0))
s>    ( WDBNDRY_B 0 -2.219e+04 4.377e+02 9.706e+01
s>        ( - 1.879e+02 1 0)
s>        ( - -2.194e+04 1 0))INFO: dtree.c(1315): Comp split 2
INFO: dtree.c(1315): Comp split 3
INFO: dtree.c(1478): Final simple tree
|( QUESTION20 -1 -2.538e+04 1.847e+02 1.100e+02
|    ( QUESTION16 1 -6.074e+03 1.703e+02 2.700e+01
|        ( - -5.311e+03 3 0 WDBNDRY_B 0 1.265e+02 2.400e+01)
|        ( - -5.930e+02 1 0))
|    ( WDBNDRY_B 0 -1.912e+04 1.352e+02 8.299e+01
|        ( QUESTION2_20_L -1 -1.209e+04 1.481e+02 5.296e+01
|            ( QUESTION17 -1 -6.119e+03 1.321e+02 2.700e+01
|                ( - -5.438e+02 1 0)
|                ( - -5.443e+03 5 0 QUESTION14 -1 1.270e+02 2.400e+01))
|            ( - -5.818e+03 3 0 QUESTION0 -1 1.246e+02 2.595e+01))
|        ( QUESTION16 -1 -6.896e+03 1.855e+02 3.004e+01
|            ( - -7.755e+02 1 0)
|            ( QUESTION14 -1 -5.935e+03 1.717e+02 2.604e+01
|                ( - -1.891e+03 1 0)
|                ( - -3.872e+03 1 0)))))
s>    ( QUESTION20 -1 -2.538e+04 1.847e+02 1.100e+02
s>        ( QUESTION16 1 -6.074e+03 1.703e+02 2.700e+01
s>            ( - -5.311e+03 3 0 WDBNDRY_B 0 1.265e+02 2.400e+01)
s>            ( - -5.930e+02 1 0))
s>        ( WDBNDRY_B 0 -1.912e+04 1.352e+02 8.299e+01
s>            ( QUESTION2_20_L -1 -1.209e+04 1.481e+02 5.296e+01
s>                ( QUESTION17 -1 -6.119e+03 1.321e+02 2.700e+01
s>                    ( - -5.438e+02 1 0)
s>                    ( - -5.443e+03 5 0 QUESTION14 -1 1.270e+02 2.400e+01))
s>                ( - -5.818e+03 3 0 QUESTION0 -1 1.246e+02 2.595e+01))
s>            ( QUESTION16 -1 -6.896e+03 1.855e+02 3.004e+01
s>                ( - -7.755e+02 1 0)
s>                ( QUESTION14 -1 -5.935e+03 1.717e+02 2.604e+01
s>                    ( - -1.891e+03 1 0)
s>                    ( - -3.872e+03 1 0)))))INFO: dtree.c(1478): Final simple tree
|( QUESTION14 1 -1.621e+04 1.506e+02 6.939e+01
|    ( - -5.344e+02 1 0)
|    ( QUESTION17 1 -1.552e+04 1.383e+02 6.639e+01
|        ( QUESTION16 -1 -1.201e+03 1.344e+02 6.000e+00
|            ( - -5.559e+02 1 0)
|            ( - -5.110e+02 1 0))
|        ( QUESTION1 -1 -1.418e+04 1.332e+02 6.039e+01
|            ( - -2.564e+03 1 0)
|            ( QUESTION17 -1 -1.149e+04 1.249e+02 4.902e+01
|                ( - -8.945e+02 1 0)
|                ( QUESTION0 -1 -1.047e+04 1.278e+02 4.502e+01
|                    ( - -1.283e+03 2 0 QUESTION11 -1 1.054e+02 6.000e+00)
|                    ( WDBNDRY_B 0 -9.058e+03 1.175e+02 3.902e+01
|                        ( - -8.342e+03 3 0 QUESTION0 1 1.123e+02 3.602e+01)
|                        ( - -5.981e+02 1 0)))))))
s>    ( QUESTION14 1 -1.621e+04 1.506e+02 6.939e+01
s>        ( - -5.344e+02 1 0)
s>        ( QUESTION17 1 -1.552e+04 1.383e+02 6.639e+01
s>            ( QUESTION16 -1 -1.201e+03 1.344e+02 6.000e+00
s>                ( - -5.559e+02 1 0)
s>                ( - -5.110e+02 1 0))
s>            ( QUESTION1 -1 -1.418e+04 1.332e+02 6.039e+01
s>                ( - -2.564e+03 1 0)
s>                ( QUESTION17 -1 -1.149e+04 1.249e+02 4.902e+01
s>                    ( - -8.945e+02 1 0)
s>                    ( QUESTION0 -1 -1.047e+04 1.278e+02 4.502e+01
s>                        ( - -1.283e+03 2 0 QUESTION11 -1 1.054e+02 6.000e+00)
s>                        ( WDBNDRY_B 0 -9.058e+03 1.175e+02 3.902e+01
s>                            ( - -8.342e+03 3 0 QUESTION0 1 1.123e+02 3.602e+01)
s>                            ( - -5.981e+02 1 0)))))))INFO: dtree.c(1315): Comp split 4
INFO: dtree.c(1439): stop. leaf nodes are specific
INFO: dtree.c(1478): Final simple tree
|( QUESTION16 1 -1.685e+04 1.616e+02 7.299e+01
|    ( WDBNDRY_B 0 -1.609e+04 1.363e+02 6.999e+01
|        ( QUESTION2_20_L -1 -1.209e+04 1.481e+02 5.296e+01
|            ( QUESTION17 -1 -6.119e+03 1.321e+02 2.700e+01
|                ( - -5.438e+02 1 0)
|                ( QUESTION14 -1 -5.443e+03 1.270e+02 2.400e+01
|                    ( - -5.518e+02 1 0)
|                    ( - -4.765e+03 4 0)))
|            ( QUESTION0 -1 -5.818e+03 1.246e+02 2.595e+01
|                ( - -7.067e+02 1 0)
|                ( - -4.987e+03 2 0)))
|        ( - -3.872e+03 1 0))
|    ( - -5.930e+02 1 0))
s>    ( QUESTION16 1 -1.685e+04 1.616e+02 7.299e+01
s>        ( WDBNDRY_B 0 -1.609e+04 1.363e+02 6.999e+01
s>            ( QUESTION2_20_L -1 -1.209e+04 1.481e+02 5.296e+01
s>                ( QUESTION17 -1 -6.119e+03 1.321e+02 2.700e+01
s>                    ( - -5.438e+02 1 0)
s>                    ( QUESTION14 -1 -5.443e+03 1.270e+02 2.400e+01
s>                        ( - -5.518e+02 1 0)
s>                        ( - -4.765e+03 4 0)))
s>                ( QUESTION0 -1 -5.818e+03 1.246e+02 2.595e+01
s>                    ( - -7.067e+02 1 0)
s>                    ( - -4.987e+03 2 0)))
s>            ( - -3.872e+03 1 0))
s>        ( - -5.930e+02 1 0))INFO: dtree.c(1439): stop. leaf nodes are specific
INFO: dtree.c(1478): Final simple tree
|( QUESTION16 -1 -8.286e+03 1.776e+02 3.700e+01
|    ( - -7.755e+02 1 0)
|    ( WDBNDRY_B 0 -7.332e+03 1.448e+02 3.300e+01
|        ( - -2.580e+03 2 0)
|        ( QUESTION14 -1 -4.607e+03 1.118e+02 2.100e+01
|            ( - -1.891e+03 1 0)
|            ( - -2.604e+03 1 0))))
s>    ( QUESTION16 -1 -8.286e+03 1.776e+02 3.700e+01
s>        ( - -7.755e+02 1 0)
s>        ( WDBNDRY_B 0 -7.332e+03 1.448e+02 3.300e+01
s>            ( - -2.580e+03 2 0)
s>            ( QUESTION14 -1 -4.607e+03 1.118e+02 2.100e+01
s>                ( - -1.891e+03 1 0)
s>                ( - -2.604e+03 1 0))))INFO: dtree.c(1315): Comp split 5
INFO: dtree.c(1439): stop. leaf nodes are specific
INFO: dtree.c(1478): Final simple tree
|( QUESTION0 -1 -1.103e+04 1.221e+02 4.739e+01
|    ( - -2.564e+03 1 0)
|    ( QUESTION0 1 -8.342e+03 1.123e+02 3.602e+01
|        ( - -5.323e+03 2 0)
|        ( - -2.907e+03 1 0)))
s>    ( QUESTION0 -1 -1.103e+04 1.221e+02 4.739e+01
s>        ( - -2.564e+03 1 0)
s>        ( QUESTION0 1 -8.342e+03 1.123e+02 3.602e+01
s>            ( - -5.323e+03 2 0)
s>            ( - -2.907e+03 1 0)))INFO: dtree.c(1439): stop. leaf nodes are specific
INFO: dtree.c(1478): Final simple tree
|( QUESTION0 1 -4.989e+03 1.556e+02 2.200e+01
|    ( QUESTION12 -1 -2.973e+03 1.092e+02 1.300e+01
|        ( - -3.612e+02 1 0)
|        ( QUESTION17 -1 -2.503e+03 1.081e+02 1.100e+01
|            ( - -8.945e+02 1 0)
|            ( WDBNDRY_B 0 -1.500e+03 8.583e+01 7.000e+00
|                ( - -8.163e+02 1 0)
|                ( - -5.981e+02 1 0))))
|    ( WDBNDRY_B 0 -1.860e+03 1.243e+02 9.000e+00
|        ( - -5.344e+02 1 0)
|        ( QUESTION16 -1 -1.201e+03 1.344e+02 6.000e+00
|            ( - -5.559e+02 1 0)
|            ( - -5.110e+02 1 0))))
s>    ( QUESTION0 1 -4.989e+03 1.556e+02 2.200e+01
s>        ( QUESTION12 -1 -2.973e+03 1.092e+02 1.300e+01
s>            ( - -3.612e+02 1 0)
s>            ( QUESTION17 -1 -2.503e+03 1.081e+02 1.100e+01
s>                ( - -8.945e+02 1 0)
s>                ( WDBNDRY_B 0 -1.500e+03 8.583e+01 7.000e+00
s>                    ( - -8.163e+02 1 0)
s>                    ( - -5.981e+02 1 0))))
s>        ( WDBNDRY_B 0 -1.860e+03 1.243e+02 9.000e+00
s>            ( - -5.344e+02 1 0)
s>            ( QUESTION16 -1 -1.201e+03 1.344e+02 6.000e+00
s>                ( - -5.559e+02 1 0)
s>                ( - -5.110e+02 1 0))))INFO: dtree.c(1315): Comp split 6
INFO: dtree.c(1439): stop. leaf nodes are specific
INFO: dtree.c(1478): Final simple tree
|( WDBNDRY_B 0 -7.332e+03 1.448e+02 3.300e+01
|    ( - -2.580e+03 2 0)
|    ( QUESTION14 -1 -4.607e+03 1.118e+02 2.100e+01
|        ( - -1.891e+03 1 0)
|        ( - -2.604e+03 1 0)))
s>    ( WDBNDRY_B 0 -7.332e+03 1.448e+02 3.300e+01
s>        ( - -2.580e+03 2 0)
s>        ( QUESTION14 -1 -4.607e+03 1.118e+02 2.100e+01
s>            ( - -1.891e+03 1 0)
s>            ( - -2.604e+03 1 0)))INFO: dtree.c(1315): Comp split 7
INFO: dtree.c(1439): stop. leaf nodes are specific
INFO: dtree.c(1478): Final simple tree
|( QUESTION16 1 -6.875e+03 1.628e+02 3.000e+01
|    ( QUESTION17 -1 -6.119e+03 1.321e+02 2.700e+01
|        ( - -5.438e+02 1 0)
|        ( QUESTION14 -1 -5.443e+03 1.270e+02 2.400e+01
|            ( - -5.518e+02 1 0)
|            ( - -4.765e+03 4 0)))
|    ( - -5.930e+02 1 0))
s>    ( QUESTION16 1 -6.875e+03 1.628e+02 3.000e+01
s>        ( QUESTION17 -1 -6.119e+03 1.321e+02 2.700e+01
s>            ( - -5.438e+02 1 0)
s>            ( QUESTION14 -1 -5.443e+03 1.270e+02 2.400e+01
s>                ( - -5.518e+02 1 0)
s>                ( - -4.765e+03 4 0)))
s>        ( - -5.930e+02 1 0))INFO: dtree.c(1439): stop. leaf nodes are specific
INFO: dtree.c(1478): Final simple tree
|( QUESTION0 -1 -9.797e+03 1.174e+02 4.299e+01
|    ( - -7.067e+02 1 0)
|    ( WDBNDRY_B 0 -8.973e+03 1.140e+02 3.899e+01
|        ( - -4.987e+03 2 0)
|        ( - -3.872e+03 1 0)))
s>    ( QUESTION0 -1 -9.797e+03 1.174e+02 4.299e+01
s>        ( - -7.067e+02 1 0)
s>        ( WDBNDRY_B 0 -8.973e+03 1.140e+02 3.899e+01
s>            ( - -4.987e+03 2 0)
s>            ( - -3.872e+03 1 0)))INFO: dtree.c(1315): Comp split 8
INFO: dtree.c(1439): stop. leaf nodes are specific
INFO: dtree.c(1478): Final simple tree
|( QUESTION17 -1 -6.119e+03 1.321e+02 2.700e+01
|    ( - -5.438e+02 1 0)
|    ( QUESTION14 -1 -5.443e+03 1.270e+02 2.400e+01
|        ( - -5.518e+02 1 0)
|        ( - -4.765e+03 4 0)))
s>    ( QUESTION17 -1 -6.119e+03 1.321e+02 2.700e+01
s>        ( - -5.438e+02 1 0)
s>        ( QUESTION14 -1 -5.443e+03 1.270e+02 2.400e+01
s>            ( - -5.518e+02 1 0)
s>            ( - -4.765e+03 4 0)))INFO: dtree.c(1315): Comp split 9
INFO: dtree.c(1439): stop. leaf nodes are specific
INFO: dtree.c(1478): Final simple tree
|( QUESTION12 -1 -2.973e+03 1.092e+02 1.300e+01
|    ( - -3.612e+02 1 0)
|    ( QUESTION17 -1 -2.503e+03 1.081e+02 1.100e+01
|        ( - -8.945e+02 1 0)
|        ( WDBNDRY_B 0 -1.500e+03 8.583e+01 7.000e+00
|            ( - -8.163e+02 1 0)
|            ( - -5.981e+02 1 0))))
s>    ( QUESTION12 -1 -2.973e+03 1.092e+02 1.300e+01
s>        ( - -3.612e+02 1 0)
s>        ( QUESTION17 -1 -2.503e+03 1.081e+02 1.100e+01
s>            ( - -8.945e+02 1 0)
s>            ( WDBNDRY_B 0 -1.500e+03 8.583e+01 7.000e+00
s>                ( - -8.163e+02 1 0)
s>                ( - -5.981e+02 1 0))))INFO: dtree.c(1439): stop. leaf nodes are specific
INFO: dtree.c(1478): Final simple tree
|( WDBNDRY_B 0 -1.860e+03 1.243e+02 9.000e+00
|    ( - -5.344e+02 1 0)
|    ( QUESTION16 -1 -1.201e+03 1.344e+02 6.000e+00
|        ( - -5.559e+02 1 0)
|        ( - -5.110e+02 1 0)))
s>    ( WDBNDRY_B 0 -1.860e+03 1.243e+02 9.000e+00
s>        ( - -5.344e+02 1 0)
s>        ( QUESTION16 -1 -1.201e+03 1.344e+02 6.000e+00
s>            ( - -5.559e+02 1 0)
s>            ( - -5.110e+02 1 0)))INFO: dtree.c(1315): Comp split 10
INFO: dtree.c(1439): stop. leaf nodes are specific
INFO: dtree.c(1478): Final simple tree
|( QUESTION14 -1 -4.607e+03 1.118e+02 2.100e+01
|    ( - -1.891e+03 1 0)
|    ( - -2.604e+03 1 0))
s>    ( QUESTION14 -1 -4.607e+03 1.118e+02 2.100e+01
s>        ( - -1.891e+03 1 0)
s>        ( - -2.604e+03 1 0))INFO: dtree.c(1315): Comp split 11
INFO: dtree.c(1439): stop. leaf nodes are specific
INFO: dtree.c(1478): Final simple tree
|( WDBNDRY_B 0 -1.210e+03 1.196e+02 6.000e+00
|    ( - -5.344e+02 1 0)
|    ( - -5.559e+02 1 0))
s>    ( WDBNDRY_B 0 -1.210e+03 1.196e+02 6.000e+00
s>        ( - -5.344e+02 1 0)
s>        ( - -5.559e+02 1 0))INFO: dtree.c(1315): Comp split 12
INFO: dtree.c(1439): stop. leaf nodes are specific
INFO: dtree.c(1478): Final simple tree
|( QUESTION14 -1 -5.443e+03 1.270e+02 2.400e+01
|    ( - -5.518e+02 1 0)
|    ( - -4.765e+03 4 0))
s>    ( QUESTION14 -1 -5.443e+03 1.270e+02 2.400e+01
s>        ( - -5.518e+02 1 0)
s>        ( - -4.765e+03 4 0))INFO: dtree.c(1315): Comp split 13
INFO: dtree.c(1315): Comp split 14
INFO: dtree.c(1439): stop. leaf nodes are specific
INFO: dtree.c(1478): Final simple tree
|( QUESTION0 1 -8.342e+03 1.123e+02 3.602e+01
|    ( - -5.323e+03 2 0)
|    ( - -2.907e+03 1 0))
s>    ( QUESTION0 1 -8.342e+03 1.123e+02 3.602e+01
s>        ( - -5.323e+03 2 0)
s>        ( - -2.907e+03 1 0))INFO: dtree.c(1315): Comp split 15
INFO: dtree.c(1315): Comp split 16
INFO: dtree.c(1439): stop. leaf nodes are specific
INFO: dtree.c(1478): Final simple tree
|( WDBNDRY_B 0 -8.973e+03 1.140e+02 3.899e+01
|    ( - -4.987e+03 2 0)
|    ( - -3.872e+03 1 0))
s>    ( WDBNDRY_B 0 -8.973e+03 1.140e+02 3.899e+01
s>        ( - -4.987e+03 2 0)
s>        ( - -3.872e+03 1 0))INFO: dtree.c(1315): Comp split 17
INFO: dtree.c(1315): Comp split 18
INFO: dtree.c(1315): Comp split 19
INFO: dtree.c(1315): Comp split 20
INFO: dtree.c(1439): stop. leaf nodes are specific
INFO: dtree.c(1478): Final simple tree
|( QUESTION17 -1 -2.503e+03 1.081e+02 1.100e+01
|    ( - -8.945e+02 1 0)
|    ( WDBNDRY_B 0 -1.500e+03 8.583e+01 7.000e+00
|        ( - -8.163e+02 1 0)
|        ( - -5.981e+02 1 0)))
s>    ( QUESTION17 -1 -2.503e+03 1.081e+02 1.100e+01
s>        ( - -8.945e+02 1 0)
s>        ( WDBNDRY_B 0 -1.500e+03 8.583e+01 7.000e+00
s>            ( - -8.163e+02 1 0)
s>            ( - -5.981e+02 1 0)))INFO: dtree.c(1315): Comp split 21
INFO: dtree.c(1439): stop. leaf nodes are specific
INFO: dtree.c(1478): Final simple tree
|( WDBNDRY_B 0 -1.500e+03 8.583e+01 7.000e+00
|    ( - -8.163e+02 1 0)
|    ( - -5.981e+02 1 0))
s>    ( WDBNDRY_B 0 -1.500e+03 8.583e+01 7.000e+00
s>        ( - -8.163e+02 1 0)
s>        ( - -5.981e+02 1 0))INFO: dtree.c(1315): Comp split 22
INFO: dtree.c(1315): Comp split 23
INFO: dtree.c(1318): stop. leaf nodes are specific
Sun Mar 19 21:50:42 2017
