Current configuration:
[NAME]		[DEFLT]	[VALUE]
-allphones	no	no
-cntthresh	0.00001	1.000000e-05
-csplitmax	100	2000
-csplitmin	1	1
-csplitthr	8e-4	0.000000e+00
-example	no	no
-fullvar	no	no
-help		no	no
-meanfn			/home/ilya/Рабочий стол/lab_sphinx/ru_base/model_parameters/ru_base.cd_cont_untied/means
-mixwfn			/home/ilya/Рабочий стол/lab_sphinx/ru_base/model_parameters/ru_base.cd_cont_untied/mixture_weights
-moddeffn		/home/ilya/Рабочий стол/lab_sphinx/ru_base/model_architecture/ru_base.untied.mdef
-mwfloor	1e-4	1.000000e-08
-phone			gj
-psetfn			/home/ilya/Рабочий стол/lab_sphinx/ru_base/model_architecture/ru_base.tree_questions
-ssplitmax	5	7
-ssplitmin	1	1
-ssplitthr	8e-4	0.000000e+00
-state			0
-stwt			1.0,0.05,0.0,
-treefn			/home/ilya/Рабочий стол/lab_sphinx/ru_base/trees/ru_base.unpruned/gj-0.dtree
-ts2cbfn	.semi.	.cont.
-varfloor	0.00001	1.000000e-05
-varfn			/home/ilya/Рабочий стол/lab_sphinx/ru_base/model_parameters/ru_base.cd_cont_untied/variances

INFO: main.c(223): Reading: /home/ilya/Рабочий стол/lab_sphinx/ru_base/model_architecture/ru_base.untied.mdef
INFO: model_def_io.c(573): Model definition info:
INFO: model_def_io.c(574): 9415 total models defined (43 base, 9372 tri)
INFO: model_def_io.c(575): 37660 total states
INFO: model_def_io.c(576): 28245 total tied states
INFO: model_def_io.c(577): 129 total tied CI states
INFO: model_def_io.c(578): 43 total tied transition matrices
INFO: model_def_io.c(579): 4 max state/model
INFO: model_def_io.c(580): 4 min state/model
INFO: main.c(242): Building trees for [gj a0 e0 b] through [gj z i0 i]
INFO: main.c(269): Covering states |[7383 7433]| == 51
INFO: main.c(275): Reading: /home/ilya/Рабочий стол/lab_sphinx/ru_base/model_parameters/ru_base.cd_cont_untied/mixture_weights
INFO: s3mixw_io.c(173): Read /home/ilya/Рабочий стол/lab_sphinx/ru_base/model_parameters/ru_base.cd_cont_untied/mixture_weights [51x1x1 array]
INFO: main.c(311): 17 of 17 models have observation count greater than 0.000010
INFO: main.c(95): nrm stwt: 0.952 0.048 0.000 
INFO: s3gau_io.c(169): Read /home/ilya/Рабочий стол/lab_sphinx/ru_base/model_parameters/ru_base.cd_cont_untied/means [28245x1x1 array]
INFO: s3gau_io.c(169): Read /home/ilya/Рабочий стол/lab_sphinx/ru_base/model_parameters/ru_base.cd_cont_untied/variances [28245x1x1 array]
INFO: main.c(549): Reading: /home/ilya/Рабочий стол/lab_sphinx/ru_base/model_architecture/ru_base.tree_questions
INFO: main.c(588): 180 total simple questions (172 phone; 8 word bndry)
INFO: main.c(590): 42 Left Only questions, and 42 Right Only questions
INFO: dtree.c(1478): Final simple tree
|( QUESTION2_12_L -1 -2.331e+05 1.105e+03 9.625e+02
|    ( - -1.419e+04 1 0)
|    ( WDBNDRY_B 0 -2.178e+05 6.889e+02 8.965e+02
|        ( QUESTION2_17_L -1 -1.902e+04 4.758e+02 8.135e+01
|            ( - 2.424e+02 1 0)
|            ( QUESTION0 -1 -1.879e+04 4.600e+02 8.035e+01
|                ( - 2.425e+02 1 0)
|                ( QUESTION20 1 -1.857e+04 4.621e+02 7.935e+01
|                    ( - 2.416e+02 1 0)
|                    ( - -1.835e+04 3 0 QUESTION17 -1 4.489e+02 7.835e+01))))
|        ( QUESTION20 1 -1.981e+05 5.345e+02 8.151e+02
|            ( - -1.837e+05 7 0 QUESTION16 -1 4.228e+02 7.546e+02)
|            ( QUESTION0 -1 -1.390e+04 4.726e+02 6.052e+01
|                ( - 2.412e+02 1 0)
|                ( - -1.367e+04 2 0 QUESTION16 -1 1.676e+02 5.952e+01)))))
s>    ( QUESTION2_12_L -1 -2.331e+05 1.105e+03 9.625e+02
s>        ( - -1.419e+04 1 0)
s>        ( WDBNDRY_B 0 -2.178e+05 6.889e+02 8.965e+02
s>            ( QUESTION2_17_L -1 -1.902e+04 4.758e+02 8.135e+01
s>                ( - 2.424e+02 1 0)
s>                ( QUESTION0 -1 -1.879e+04 4.600e+02 8.035e+01
s>                    ( - 2.425e+02 1 0)
s>                    ( QUESTION20 1 -1.857e+04 4.621e+02 7.935e+01
s>                        ( - 2.416e+02 1 0)
s>                        ( - -1.835e+04 3 0 QUESTION17 -1 4.489e+02 7.835e+01))))
s>            ( QUESTION20 1 -1.981e+05 5.345e+02 8.151e+02
s>                ( - -1.837e+05 7 0 QUESTION16 -1 4.228e+02 7.546e+02)
s>                ( QUESTION0 -1 -1.390e+04 4.726e+02 6.052e+01
s>                    ( - 2.412e+02 1 0)
s>                    ( - -1.367e+04 2 0 QUESTION16 -1 1.676e+02 5.952e+01)))))INFO: dtree.c(1315): Comp split 0
INFO: dtree.c(1478): Final simple tree
|( QUESTION20 1 -1.979e+05 5.386e+02 8.141e+02
|    ( QUESTION16 -1 -1.837e+05 4.228e+02 7.546e+02
|        ( - -1.563e+05 2 0)
|        ( QUESTION14 -1 -2.696e+04 2.694e+02 1.135e+02
|            ( - -6.170e+03 1 0)
|            ( QUESTION0 -1 -2.052e+04 2.198e+02 8.682e+01
|                ( - -2.392e+02 1 0)
|                ( QUESTION2_14_L -1 -2.006e+04 1.759e+02 8.482e+01
|                    ( QUESTION18 -1 -1.961e+04 1.537e+02 8.282e+01
|                        ( - -1.762e+04 1 0)
|                        ( - -1.828e+03 1 0))
|                    ( - -2.785e+02 1 0)))))
|    ( QUESTION16 -1 -1.367e+04 1.676e+02 5.952e+01
|        ( - -1.295e+04 1 0)
|        ( - -5.508e+02 1 0)))
s>    ( QUESTION20 1 -1.979e+05 5.386e+02 8.141e+02
s>        ( QUESTION16 -1 -1.837e+05 4.228e+02 7.546e+02
s>            ( - -1.563e+05 2 0)
s>            ( QUESTION14 -1 -2.696e+04 2.694e+02 1.135e+02
s>                ( - -6.170e+03 1 0)
s>                ( QUESTION0 -1 -2.052e+04 2.198e+02 8.682e+01
s>                    ( - -2.392e+02 1 0)
s>                    ( QUESTION2_14_L -1 -2.006e+04 1.759e+02 8.482e+01
s>                        ( QUESTION18 -1 -1.961e+04 1.537e+02 8.282e+01
s>                            ( - -1.762e+04 1 0)
s>                            ( - -1.828e+03 1 0))
s>                        ( - -2.785e+02 1 0)))))
s>        ( QUESTION16 -1 -1.367e+04 1.676e+02 5.952e+01
s>            ( - -1.295e+04 1 0)
s>            ( - -5.508e+02 1 0)))INFO: dtree.c(1478): Final simple tree
|( QUESTION2_12_L -1 -3.395e+04 5.202e+02 1.483e+02
|    ( - -1.419e+04 1 0)
|    ( QUESTION2_17_L -1 -1.925e+04 4.756e+02 8.235e+01
|        ( - 2.424e+02 1 0)
|        ( WDBNDRY_B 0 -1.901e+04 4.643e+02 8.135e+01
|            ( QUESTION0 -1 -1.879e+04 4.600e+02 8.035e+01
|                ( - 2.425e+02 1 0)
|                ( QUESTION20 1 -1.857e+04 4.621e+02 7.935e+01
|                    ( - 2.416e+02 1 0)
|                    ( QUESTION17 -1 -1.835e+04 4.489e+02 7.835e+01
|                        ( - 2.191e+02 1 0)
|                        ( QUESTION14 -1 -1.812e+04 2.416e+02 7.735e+01
|                            ( - -2.679e+02 1 0)
|                            ( - -1.761e+04 1 0)))))
|            ( - 2.412e+02 1 0))))
s>    ( QUESTION2_12_L -1 -3.395e+04 5.202e+02 1.483e+02
s>        ( - -1.419e+04 1 0)
s>        ( QUESTION2_17_L -1 -1.925e+04 4.756e+02 8.235e+01
s>            ( - 2.424e+02 1 0)
s>            ( WDBNDRY_B 0 -1.901e+04 4.643e+02 8.135e+01
s>                ( QUESTION0 -1 -1.879e+04 4.600e+02 8.035e+01
s>                    ( - 2.425e+02 1 0)
s>                    ( QUESTION20 1 -1.857e+04 4.621e+02 7.935e+01
s>                        ( - 2.416e+02 1 0)
s>                        ( QUESTION17 -1 -1.835e+04 4.489e+02 7.835e+01
s>                            ( - 2.191e+02 1 0)
s>                            ( QUESTION14 -1 -1.812e+04 2.416e+02 7.735e+01
s>                                ( - -2.679e+02 1 0)
s>                                ( - -1.761e+04 1 0)))))
s>                ( - 2.412e+02 1 0))))INFO: dtree.c(1315): Comp split 1
INFO: dtree.c(1439): stop. leaf nodes are specific
INFO: dtree.c(1478): Final simple tree
|( QUESTION14 -1 -1.982e+04 2.553e+02 8.520e+01
|    ( - -6.170e+03 1 0)
|    ( QUESTION16 -1 -1.340e+04 1.665e+02 5.852e+01
|        ( - -1.295e+04 1 0)
|        ( - -2.785e+02 1 0)))
s>    ( QUESTION14 -1 -1.982e+04 2.553e+02 8.520e+01
s>        ( - -6.170e+03 1 0)
s>        ( QUESTION16 -1 -1.340e+04 1.665e+02 5.852e+01
s>            ( - -1.295e+04 1 0)
s>            ( - -2.785e+02 1 0)))INFO: dtree.c(1439): stop. leaf nodes are specific
INFO: dtree.c(1478): Final simple tree
|( QUESTION16 -1 -1.774e+05 3.757e+02 7.289e+02
|    ( - -1.563e+05 2 0)
|    ( QUESTION0 -1 -2.078e+04 2.194e+02 8.782e+01
|        ( - -2.392e+02 1 0)
|        ( QUESTION18 -1 -2.032e+04 1.700e+02 8.582e+01
|            ( - -1.762e+04 1 0)
|            ( QUESTION20 -1 -2.525e+03 1.459e+02 1.108e+01
|                ( - -1.828e+03 1 0)
|                ( - -5.508e+02 1 0)))))
s>    ( QUESTION16 -1 -1.774e+05 3.757e+02 7.289e+02
s>        ( - -1.563e+05 2 0)
s>        ( QUESTION0 -1 -2.078e+04 2.194e+02 8.782e+01
s>            ( - -2.392e+02 1 0)
s>            ( QUESTION18 -1 -2.032e+04 1.700e+02 8.582e+01
s>                ( - -1.762e+04 1 0)
s>                ( QUESTION20 -1 -2.525e+03 1.459e+02 1.108e+01
s>                    ( - -1.828e+03 1 0)
s>                    ( - -5.508e+02 1 0)))))INFO: dtree.c(1315): Comp split 2
INFO: dtree.c(1439): stop. leaf nodes are specific
INFO: dtree.c(1478): Final simple tree
|( QUESTION2_20_L -1 -1.463e+04 4.581e+02 6.799e+01
|    ( - 2.416e+02 1 0)
|    ( WDBNDRY_B 0 -1.441e+04 4.445e+02 6.699e+01
|        ( - 2.191e+02 1 0)
|        ( - -1.419e+04 1 0)))
s>    ( QUESTION2_20_L -1 -1.463e+04 4.581e+02 6.799e+01
s>        ( - 2.416e+02 1 0)
s>        ( WDBNDRY_B 0 -1.441e+04 4.445e+02 6.699e+01
s>            ( - 2.191e+02 1 0)
s>            ( - -1.419e+04 1 0)))INFO: dtree.c(1439): stop. leaf nodes are specific
INFO: dtree.c(1478): Final simple tree
|( QUESTION2_17_L -1 -1.880e+04 4.759e+02 8.035e+01
|    ( - 2.424e+02 1 0)
|    ( WDBNDRY_B 0 -1.856e+04 4.646e+02 7.935e+01
|        ( QUESTION0 -1 -1.834e+04 4.603e+02 7.835e+01
|            ( - 2.425e+02 1 0)
|            ( QUESTION14 -1 -1.812e+04 2.416e+02 7.735e+01
|                ( - -2.679e+02 1 0)
|                ( - -1.761e+04 1 0)))
|        ( - 2.412e+02 1 0)))
s>    ( QUESTION2_17_L -1 -1.880e+04 4.759e+02 8.035e+01
s>        ( - 2.424e+02 1 0)
s>        ( WDBNDRY_B 0 -1.856e+04 4.646e+02 7.935e+01
s>            ( QUESTION0 -1 -1.834e+04 4.603e+02 7.835e+01
s>                ( - 2.425e+02 1 0)
s>                ( QUESTION14 -1 -1.812e+04 2.416e+02 7.735e+01
s>                    ( - -2.679e+02 1 0)
s>                    ( - -1.761e+04 1 0)))
s>            ( - 2.412e+02 1 0)))INFO: dtree.c(1315): Comp split 3
INFO: dtree.c(1439): stop. leaf nodes are specific
INFO: dtree.c(1478): Final simple tree
|( WDBNDRY_B 0 -1.856e+04 4.646e+02 7.935e+01
|    ( QUESTION0 -1 -1.834e+04 4.603e+02 7.835e+01
|        ( - 2.425e+02 1 0)
|        ( QUESTION14 -1 -1.812e+04 2.416e+02 7.735e+01
|            ( - -2.679e+02 1 0)
|            ( - -1.761e+04 1 0)))
|    ( - 2.412e+02 1 0))
s>    ( WDBNDRY_B 0 -1.856e+04 4.646e+02 7.935e+01
s>        ( QUESTION0 -1 -1.834e+04 4.603e+02 7.835e+01
s>            ( - 2.425e+02 1 0)
s>            ( QUESTION14 -1 -1.812e+04 2.416e+02 7.735e+01
s>                ( - -2.679e+02 1 0)
s>                ( - -1.761e+04 1 0)))
s>        ( - 2.412e+02 1 0))INFO: dtree.c(1315): Comp split 4
INFO: dtree.c(1439): stop. leaf nodes are specific
INFO: dtree.c(1478): Final simple tree
|( QUESTION0 -1 -1.834e+04 4.603e+02 7.835e+01
|    ( - 2.425e+02 1 0)
|    ( QUESTION14 -1 -1.812e+04 2.416e+02 7.735e+01
|        ( - -2.679e+02 1 0)
|        ( - -1.761e+04 1 0)))
s>    ( QUESTION0 -1 -1.834e+04 4.603e+02 7.835e+01
s>        ( - 2.425e+02 1 0)
s>        ( QUESTION14 -1 -1.812e+04 2.416e+02 7.735e+01
s>            ( - -2.679e+02 1 0)
s>            ( - -1.761e+04 1 0)))INFO: dtree.c(1315): Comp split 5
INFO: dtree.c(1439): stop. leaf nodes are specific
INFO: dtree.c(1478): Final simple tree
|( QUESTION14 -1 -1.812e+04 2.416e+02 7.735e+01
|    ( - -2.679e+02 1 0)
|    ( - -1.761e+04 1 0))
s>    ( QUESTION14 -1 -1.812e+04 2.416e+02 7.735e+01
s>        ( - -2.679e+02 1 0)
s>        ( - -1.761e+04 1 0))INFO: dtree.c(1315): Comp split 6
INFO: dtree.c(1439): stop. leaf nodes are specific
INFO: dtree.c(1478): Final simple tree
|( WDBNDRY_B 0 -1.441e+04 4.445e+02 6.699e+01
|    ( - 2.191e+02 1 0)
|    ( - -1.419e+04 1 0))
s>    ( WDBNDRY_B 0 -1.441e+04 4.445e+02 6.699e+01
s>        ( - 2.191e+02 1 0)
s>        ( - -1.419e+04 1 0))INFO: dtree.c(1315): Comp split 7
INFO: dtree.c(1315): Comp split 8
INFO: dtree.c(1439): stop. leaf nodes are specific
INFO: dtree.c(1478): Final simple tree
|( QUESTION0 -1 -2.078e+04 2.194e+02 8.782e+01
|    ( - -2.392e+02 1 0)
|    ( QUESTION18 -1 -2.032e+04 1.700e+02 8.582e+01
|        ( - -1.762e+04 1 0)
|        ( QUESTION20 -1 -2.525e+03 1.459e+02 1.108e+01
|            ( - -1.828e+03 1 0)
|            ( - -5.508e+02 1 0))))
s>    ( QUESTION0 -1 -2.078e+04 2.194e+02 8.782e+01
s>        ( - -2.392e+02 1 0)
s>        ( QUESTION18 -1 -2.032e+04 1.700e+02 8.582e+01
s>            ( - -1.762e+04 1 0)
s>            ( QUESTION20 -1 -2.525e+03 1.459e+02 1.108e+01
s>                ( - -1.828e+03 1 0)
s>                ( - -5.508e+02 1 0))))INFO: dtree.c(1315): Comp split 9
INFO: dtree.c(1439): stop. leaf nodes are specific
INFO: dtree.c(1478): Final simple tree
|( QUESTION16 -1 -1.340e+04 1.665e+02 5.852e+01
|    ( - -1.295e+04 1 0)
|    ( - -2.785e+02 1 0))
s>    ( QUESTION16 -1 -1.340e+04 1.665e+02 5.852e+01
s>        ( - -1.295e+04 1 0)
s>        ( - -2.785e+02 1 0))INFO: dtree.c(1315): Comp split 10
INFO: dtree.c(1315): Comp split 11
INFO: dtree.c(1439): stop. leaf nodes are specific
INFO: dtree.c(1478): Final simple tree
|( QUESTION18 -1 -2.032e+04 1.700e+02 8.582e+01
|    ( - -1.762e+04 1 0)
|    ( QUESTION20 -1 -2.525e+03 1.459e+02 1.108e+01
|        ( - -1.828e+03 1 0)
|        ( - -5.508e+02 1 0)))
s>    ( QUESTION18 -1 -2.032e+04 1.700e+02 8.582e+01
s>        ( - -1.762e+04 1 0)
s>        ( QUESTION20 -1 -2.525e+03 1.459e+02 1.108e+01
s>            ( - -1.828e+03 1 0)
s>            ( - -5.508e+02 1 0)))INFO: dtree.c(1315): Comp split 12
INFO: dtree.c(1439): stop. leaf nodes are specific
INFO: dtree.c(1478): Final simple tree
|( QUESTION20 -1 -2.525e+03 1.459e+02 1.108e+01
|    ( - -1.828e+03 1 0)
|    ( - -5.508e+02 1 0))
s>    ( QUESTION20 -1 -2.525e+03 1.459e+02 1.108e+01
s>        ( - -1.828e+03 1 0)
s>        ( - -5.508e+02 1 0))INFO: dtree.c(1315): Comp split 13
INFO: dtree.c(1315): Comp split 14
INFO: dtree.c(1315): Comp split 15
INFO: dtree.c(1318): stop. leaf nodes are specific
Sun Mar 19 21:50:49 2017
