Current configuration:
[NAME]		[DEFLT]	[VALUE]
-dcountfn		/home/ilya/Рабочий стол/lab_sphinx/ru_base/model_parameters/ru_base.cd_cont_2000/mixture_weights
-example	no	no
-fullvar	no	no
-help		no	no
-inmeanfn		/home/ilya/Рабочий стол/lab_sphinx/ru_base/model_parameters/ru_base.cd_cont_2000/means
-inmixwfn		/home/ilya/Рабочий стол/lab_sphinx/ru_base/model_parameters/ru_base.cd_cont_2000/mixture_weights
-invarfn		/home/ilya/Рабочий стол/lab_sphinx/ru_base/model_parameters/ru_base.cd_cont_2000/variances
-ninc		1	2
-outmeanfn		/home/ilya/Рабочий стол/lab_sphinx/ru_base/model_parameters/ru_base.cd_cont_initial/means
-outmixwfn		/home/ilya/Рабочий стол/lab_sphinx/ru_base/model_parameters/ru_base.cd_cont_initial/mixture_weights
-outvarfn		/home/ilya/Рабочий стол/lab_sphinx/ru_base/model_parameters/ru_base.cd_cont_initial/variances

INFO: main.c(86): Reading mixing weight file /home/ilya/Рабочий стол/lab_sphinx/ru_base/model_parameters/ru_base.cd_cont_2000/mixture_weights.
INFO: s3mixw_io.c(117): Read /home/ilya/Рабочий стол/lab_sphinx/ru_base/model_parameters/ru_base.cd_cont_2000/mixture_weights [2129x1x2 array]
INFO: s3gau_io.c(169): Read /home/ilya/Рабочий стол/lab_sphinx/ru_base/model_parameters/ru_base.cd_cont_2000/means [2129x1x2 array]
INFO: s3gau_io.c(169): Read /home/ilya/Рабочий стол/lab_sphinx/ru_base/model_parameters/ru_base.cd_cont_2000/variances [2129x1x2 array]
INFO: s3gau_io.c(553): Read /home/ilya/Рабочий стол/lab_sphinx/ru_base/model_parameters/ru_base.cd_cont_2000/mixture_weights [2129x1x2 array]
INFO: main.c(151): output n_density == 4
0:1(8.73e+04)0(6.27e+04)
1:1(8.17e+04)0(3.67e+04)
2:0(2.13e+04)1(1.97e+04)
3:0(3.17e+04)1(3.14e+04)
4:0(5.37e+04)1(3.70e+04)
5:0(5.25e+04)1(3.85e+04)
6:1(9.64e+03)0(6.86e+03)
7:1(6.61e+03)0(3.82e+03)
8:1(5.67e+03)0(3.77e+03)
9:1(3.14e+03)0(1.97e+03)
10:1(1.69e+03)0(1.07e+03)
11:1(1.80e+03)0(1.31e+03)
12:0(2.35e+03)1(1.08e+03)
13:1(2.71e+03)0(1.99e+03)
14:0(1.62e+03)1(1.23e+03)
15:0(7.66e+03)1(6.21e+03)
16:1(8.84e+03)0(7.46e+03)
17:0(7.05e+03)1(4.77e+03)
18:0(9.23e+03)1(7.95e+03)
19:1(6.12e+03)0(5.80e+03)
20:1(6.69e+03)0(6.64e+03)
21:1(4.91e+03)0(3.91e+03)
22:0(3.43e+03)1(2.64e+03)
23:0(4.11e+03)1(2.58e+03)
24:0(3.38e+04)1(2.87e+04)
25:0(2.96e+04)1(2.47e+04)
26:1(3.46e+04)0(2.31e+04)
27:0(1.49e+02)1(1.46e+02)
28:1(2.93e+02)0(2.55e+02)
29:1(1.49e+02)0(1.32e+02)
30:0(3.23e+02)1(1.53e+02)
31:1(5.04e+02)0(4.20e+02)
32:1(2.71e+02)0(2.09e+02)
33:0(7.90e+03)1(6.42e+03)
34:1(7.50e+03)0(4.96e+03)
35:0(7.12e+03)1(5.69e+03)
36:0(6.56e+02)1(3.40e+02)
37:1(8.26e+02)0(5.94e+02)
38:1(6.47e+02)0(5.98e+02)
39:0(3.20e+03)1(2.46e+03)
40:1(5.72e+03)0(3.88e+03)
41:1(4.96e+03)0(4.78e+03)
42:0(1.06e+02)1(9.47e+01)
43:0(1.56e+02)1(1.24e+02)
44:1(8.64e+01)0(3.52e+01)
45:1(2.66e+04)0(2.27e+04)
46:0(2.34e+04)1(1.95e+04)
47:0(3.23e+04)1(2.83e+04)
48:1(1.21e+04)0(8.58e+03)
49:0(1.59e+04)1(1.43e+04)
50:1(2.14e+04)0(1.74e+04)
51:0(1.81e+04)1(1.72e+04)
52:1(1.29e+04)0(1.09e+04)
53:1(9.58e+03)0(9.20e+03)
54:0(4.71e+03)1(3.83e+03)
55:1(3.05e+03)0(2.72e+03)
56:1(2.15e+03)0(1.75e+03)
57:1(1.42e+04)0(8.38e+03)
58:0(1.70e+04)1(1.18e+04)
59:1(1.44e+04)0(1.26e+04)
60:0(9.04e+03)1(6.68e+03)
61:0(9.58e+03)1(7.05e+03)
62:0(1.13e+04)1(6.92e+03)
63:0(1.02e+04)1(7.59e+03)
64:0(1.61e+04)1(1.44e+04)
65:0(1.11e+04)1(9.09e+03)
66:0(3.23e+03)1(2.90e+03)
67:0(5.84e+03)1(3.55e+03)
68:0(3.55e+03)1(2.69e+03)
69:1(1.47e+04)0(1.34e+04)
70:0(1.82e+04)1(1.40e+04)
71:0(1.66e+04)1(8.60e+03)
72:1(1.09e+04)0(9.17e+03)
73:1(6.89e+03)0(5.70e+03)
74:0(6.85e+03)1(4.73e+03)
75:0(3.63e+04)1(3.52e+04)
76:0(4.60e+04)1(3.66e+04)
77:1(3.94e+04)0(3.73e+04)
78:0(2.60e+04)1(1.45e+04)
79:0(9.37e+03)1(6.86e+03)
80:0(7.97e+03)1(4.52e+03)
81:0(3.00e+03)1(2.18e+03)
82:1(2.06e+03)0(1.44e+03)
83:0(1.73e+03)1(1.15e+03)
84:0(1.02e+04)1(6.55e+03)
85:0(9.17e+03)1(8.08e+03)
86:0(9.55e+03)1(5.69e+03)
87:1(5.47e+03)0(4.65e+03)
88:1(3.99e+03)0(3.42e+03)
89:0(5.70e+03)1(3.58e+03)
90:1(1.74e+04)0(8.07e+03)
91:0(2.51e+04)1(1.75e+04)
92:1(1.74e+04)0(1.37e+04)
93:0(3.26e+03)1(1.45e+03)
94:1(4.76e+03)0(4.01e+03)
95:1(2.87e+03)0(1.66e+03)
96:1(4.25e+03)0(2.79e+03)
97:0(8.39e+03)1(4.72e+03)
98:0(4.27e+03)1(3.43e+03)
99:0(7.11e+03)1(4.52e+03)
100:1(1.24e+04)0(1.06e+04)
101:0(6.86e+03)1(6.79e+03)
102:0(2.12e+04)1(2.06e+04)
103:0(1.47e+04)1(9.61e+03)
104:0(1.41e+04)1(1.13e+04)
105:0(9.87e+03)1(9.33e+03)
106:1(8.96e+03)0(6.44e+03)
107:0(6.17e+03)1(5.78e+03)
108:1(1.70e+04)0(1.09e+04)
109:0(1.75e+04)1(1.42e+04)
110:1(2.48e+04)0(1.98e+04)
111:1(1.22e+04)0(1.08e+04)
112:1(2.82e+04)0(1.74e+04)
113:0(1.52e+04)1(1.17e+04)
114:0(5.32e+03)1(3.96e+03)
115:0(6.10e+03)1(3.81e+03)
116:1(6.16e+03)0(4.95e+03)
117:1(6.10e+03)0(5.25e+03)
118:1(7.54e+03)0(7.12e+03)
119:0(1.18e+04)1(1.13e+04)
120:0(6.41e+03)1(4.69e+03)
121:1(8.01e+03)0(6.78e+03)
122:0(6.52e+03)1(5.02e+03)
123:1(5.36e+03)0(2.53e+03)
124:0(6.54e+03)1(5.40e+03)
125:1(4.92e+03)0(3.03e+03)
126:0(1.07e+03)1(9.79e+02)
127:0(1.76e+03)1(1.15e+03)
128:0(1.40e+03)1(9.03e+02)
129:0(4.70e+02)1(2.80e+02)
130:1(1.06e+03)0(6.12e+02)
131:0(3.61e+02)1(3.52e+02)
132:0(2.25e+03)1(2.06e+03)
133:1(6.94e+02)0(5.20e+02)
134:1(9.59e+02)0(7.22e+02)
135:0(3.33e+02)1(2.93e+02)
136:1(1.49e+03)0(1.25e+03)
137:1(2.65e+02)0(2.50e+02)
138:0(4.27e+02)1(3.35e+02)
139:1(5.16e+02)0(2.39e+02)
140:1(3.88e+02)0(2.84e+02)
141:1(6.89e+02)0(6.64e+02)
142:0(9.27e+01)1(7.04e+01)
143:0(1.43e+02)1(8.55e+01)
144:0(2.00e+02)1(1.58e+02)
145:1(2.40e+02)0(1.90e+02)
146:1(6.22e+02)0(4.40e+02)
147:0(3.13e+02)1(2.92e+02)
148:0(3.01e+02)1(2.86e+02)
149:0(3.62e+02)1(3.03e+02)
150:1(2.48e+02)0(1.18e+02)
151:0(2.72e+02)1(1.98e+02)
152:1(9.25e+02)0(6.65e+02)
153:1(3.36e+02)0(2.92e+02)
154:1(3.33e+02)0(2.03e+02)
155:1(3.59e+02)0(1.78e+02)
156:0(6.67e+02)1(5.14e+02)
157:1(6.32e+01)0(4.97e+01)
158:1(4.93e+02)0(4.88e+02)
159:1(1.40e+02)0(1.16e+02)
160:1(6.37e+02)0(5.15e+02)
161:0(2.57e+02)1(1.96e+02)
162:0(2.01e+02)1(1.99e+02)
163:0(1.48e+03)1(8.64e+02)
164:1(3.11e+02)0(2.90e+02)
165:0(6.73e+02)1(4.75e+02)
166:0(7.57e+02)1(6.53e+02)
167:0(1.45e+02)1(1.45e+02)
168:0(6.58e+02)1(4.74e+02)
169:1(1.19e+03)0(1.08e+03)
170:1(1.04e+03)0(8.02e+02)
171:1(4.52e+02)0(4.28e+02)
172:0(6.45e+02)1(5.16e+02)
173:0(2.60e+02)1(2.51e+02)
174:1(3.65e+02)0(3.51e+02)
175:0(8.95e+02)1(6.75e+02)
176:0(1.45e+03)1(9.93e+02)
177:0(1.28e+03)1(9.29e+02)
178:1(4.99e+02)0(4.04e+02)
179:1(1.61e+03)0(1.15e+03)
180:1(7.80e+02)0(5.98e+02)
181:0(5.12e+02)1(2.66e+02)
182:1(4.77e+02)0(3.60e+02)
183:0(2.14e+02)1(1.32e+02)
184:1(1.57e+03)0(1.17e+03)
185:0(6.82e+02)1(5.77e+02)
186:0(6.05e+02)1(4.36e+02)
187:0(7.01e+02)1(6.52e+02)
188:1(5.81e+02)0(5.34e+02)
189:0(8.20e+02)1(5.79e+02)
190:1(2.76e+02)0(1.80e+02)
191:0(7.59e+02)1(6.30e+02)
192:1(1.12e+03)0(1.10e+03)
193:1(1.20e+02)0(1.15e+02)
194:1(1.79e+02)0(1.73e+02)
195:0(4.85e+02)1(2.99e+02)
196:1(2.73e+02)0(2.66e+02)
197:0(6.76e+02)1(4.68e+02)
198:0(6.57e+02)1(5.62e+02)
199:0(9.75e+02)1(7.79e+02)
200:0(3.36e+02)1(2.99e+02)
201:1(9.51e+02)0(5.42e+02)
202:1(4.07e+02)0(3.22e+02)
203:1(5.18e+02)0(4.92e+02)
204:1(3.50e+02)0(3.04e+02)
205:1(1.61e+02)0(1.07e+02)
206:1(2.56e+02)0(2.40e+02)
207:1(6.04e+02)0(5.65e+02)
208:1(2.83e+02)0(2.58e+02)
209:0(6.24e+01)1(2.65e+01)
210:0(8.45e+02)1(3.66e+02)
211:0(3.30e+02)1(2.50e+02)
212:1(5.89e+02)0(3.54e+02)
213:1(2.39e+02)0(2.34e+02)
214:0(3.16e+02)1(2.15e+02)
215:0(5.33e+02)1(4.07e+02)
216:1(4.13e+02)0(3.28e+02)
217:1(5.49e+02)0(4.72e+02)
218:0(4.51e+02)1(4.03e+02)
219:1(5.28e+02)0(5.01e+02)
220:0(2.60e+02)1(2.50e+02)
221:1(1.87e+02)0(1.45e+02)
222:1(2.10e+02)0(1.96e+02)
223:1(1.52e+02)0(9.65e+01)
224:0(6.76e+02)1(6.61e+02)
225:1(6.42e+02)0(5.56e+02)
226:1(1.23e+02)0(1.10e+02)
227:1(1.72e+02)0(1.71e+02)
228:1(8.19e+02)0(7.27e+02)
229:0(6.15e+02)1(5.45e+02)
230:0(2.34e+02)1(2.08e+02)
231:1(9.39e+02)0(8.00e+02)
232:1(8.57e+02)0(7.71e+02)
233:1(6.61e+02)0(6.49e+02)
234:0(8.66e+01)1(8.25e+01)
235:1(8.38e+02)0(6.54e+02)
236:0(6.64e+02)1(5.73e+02)
237:0(3.36e+02)1(3.01e+02)
238:1(1.36e+03)0(1.35e+03)
239:1(1.29e+03)0(1.12e+03)
240:1(5.03e+02)0(4.21e+02)
241:1(1.75e+02)0(1.57e+02)
242:1(9.83e+02)0(9.71e+02)
243:0(9.48e+02)1(5.76e+02)
244:0(2.45e+02)1(1.63e+02)
245:0(3.89e+02)1(3.63e+02)
246:0(5.19e+02)1(3.73e+02)
247:1(6.81e+02)0(4.98e+02)
248:1(3.87e+02)0(3.16e+02)
249:1(5.82e+02)0(5.07e+02)
250:1(4.98e+01)0(2.31e+01)
251:1(3.48e+02)0(2.97e+02)
252:0(4.02e+02)1(3.39e+02)
253:1(1.80e+02)0(1.30e+02)
254:0(3.34e+02)1(2.88e+02)
255:1(4.65e+02)0(3.52e+02)
256:0(1.74e+03)1(1.24e+03)
257:0(4.47e+02)1(2.79e+02)
258:1(5.56e+02)0(4.29e+02)
259:0(6.10e+02)1(4.53e+02)
260:1(2.02e+03)0(1.27e+03)
261:0(4.74e+02)1(4.34e+02)
262:1(6.82e+02)0(6.57e+02)
263:0(5.47e+02)1(5.33e+02)
264:0(6.70e+02)1(5.55e+02)
265:1(6.75e+02)0(6.33e+02)
266:0(4.24e+02)1(3.32e+02)
267:0(3.84e+02)1(2.63e+02)
268:0(4.52e+02)1(3.83e+02)
269:0(2.81e+02)1(2.05e+02)
270:0(1.76e+03)1(1.39e+03)
271:0(1.38e+03)1(1.30e+03)
272:0(3.25e+02)1(3.03e+02)
273:1(4.25e+02)0(2.97e+02)
274:1(2.06e+02)0(1.87e+02)
275:0(5.21e+02)1(4.03e+02)
276:0(6.87e+02)1(5.18e+02)
277:1(1.71e+03)0(1.10e+03)
278:1(5.13e+02)0(4.87e+02)
279:1(4.94e+02)0(4.27e+02)
280:1(7.48e+01)0(6.39e+01)
281:1(9.85e+02)0(6.34e+02)
282:1(4.33e+02)0(3.53e+02)
283:1(1.14e+03)0(5.46e+02)
284:1(1.05e+02)0(7.69e+01)
285:1(3.18e+03)0(2.16e+03)
286:1(3.17e+02)0(2.64e+02)
287:1(5.90e+02)0(3.94e+02)
288:1(1.46e+03)0(8.89e+02)
289:0(2.01e+03)1(1.02e+03)
290:1(6.83e+02)0(3.76e+02)
291:1(5.31e+02)0(3.70e+02)
292:1(8.65e+02)0(8.35e+02)
293:0(6.30e+02)1(5.05e+02)
294:1(5.16e+02)0(3.63e+02)
295:1(1.39e+02)0(1.24e+02)
296:0(4.22e+02)1(3.25e+02)
297:0(5.22e+02)1(4.94e+02)
298:0(9.46e+02)1(7.51e+02)
299:0(8.82e+02)1(7.94e+02)
300:0(2.68e+02)1(2.35e+02)
301:0(6.04e+02)1(3.54e+02)
302:1(5.10e+02)0(4.15e+02)
303:0(4.77e+02)1(3.89e+02)
304:1(5.29e+02)0(3.35e+02)
305:0(5.32e+02)1(3.23e+02)
306:1(3.95e+02)0(3.65e+02)
307:0(6.51e+02)1(5.64e+02)
308:1(9.16e+02)0(7.35e+02)
309:0(8.05e+02)1(6.13e+02)
310:1(1.53e+02)0(1.35e+02)
311:1(7.16e+02)0(3.59e+02)
312:1(1.37e+03)0(6.47e+02)
313:0(1.46e+03)1(1.31e+03)
314:0(4.01e+02)1(2.62e+02)
315:1(1.70e+03)0(1.40e+03)
316:1(4.63e+02)0(4.57e+02)
317:1(4.56e+02)0(3.85e+02)
318:0(1.05e+03)1(9.45e+02)
319:1(5.83e+02)0(5.42e+02)
320:0(1.70e+02)1(1.52e+02)
321:0(8.97e+02)1(7.07e+02)
322:1(7.62e+01)0(6.72e+01)
323:1(9.94e+02)0(8.97e+02)
324:1(4.18e+02)0(3.45e+02)
325:0(4.83e+02)1(4.61e+02)
326:1(1.54e+03)0(1.52e+03)
327:0(1.18e+03)1(1.02e+03)
328:0(1.41e+02)1(1.02e+02)
329:0(3.81e+02)1(2.79e+02)
330:1(1.50e+02)0(1.38e+02)
331:1(5.91e+02)0(5.53e+02)
332:1(4.08e+02)0(4.02e+02)
333:0(3.63e+02)1(2.41e+02)
334:0(7.70e+02)1(6.97e+02)
335:1(3.30e+02)0(2.52e+02)
336:0(4.90e+02)1(4.14e+02)
337:1(1.20e+02)0(1.12e+02)
338:1(2.47e+02)0(1.51e+02)
339:1(1.24e+03)0(8.09e+02)
340:1(1.02e+03)0(6.71e+02)
341:1(3.11e+02)0(2.40e+02)
342:1(5.00e+02)0(3.69e+02)
343:1(8.35e+02)0(8.10e+02)
344:1(1.14e+03)0(1.10e+03)
345:0(1.16e+02)1(1.04e+02)
346:1(4.45e+02)0(3.45e+02)
347:1(4.68e+02)0(3.30e+02)
348:0(7.28e+02)1(6.21e+02)
349:1(1.53e+02)0(1.17e+02)
350:1(5.54e+02)0(4.57e+02)
351:0(6.33e+02)1(2.85e+02)
352:1(5.96e+02)0(3.63e+02)
353:1(5.71e+02)0(4.61e+02)
354:1(3.53e+02)0(2.98e+02)
355:0(1.10e+03)1(7.62e+02)
356:0(1.38e+03)1(1.33e+03)
357:1(7.63e+02)0(6.42e+02)
358:1(9.98e+02)0(8.06e+02)
359:1(1.82e+03)0(1.35e+03)
360:1(1.51e+03)0(1.29e+03)
361:1(2.05e+02)0(1.36e+02)
362:1(3.99e+02)0(3.25e+02)
363:0(8.35e+02)1(7.46e+02)
364:0(4.73e+02)1(3.96e+02)
365:1(4.43e+02)0(3.10e+02)
366:1(2.71e+02)0(2.36e+02)
367:0(3.74e+02)1(3.44e+02)
368:1(9.81e+02)0(8.15e+02)
369:1(1.33e+02)0(7.65e+01)
370:0(4.27e+02)1(3.11e+02)
371:0(4.84e+02)1(3.76e+02)
372:1(7.70e+02)0(4.18e+02)
373:1(5.79e+02)0(4.47e+02)
374:1(1.18e+02)0(7.08e+01)
375:0(3.50e+02)1(3.34e+02)
376:0(2.44e+02)1(1.82e+02)
377:1(5.62e+02)0(4.20e+02)
378:1(8.20e+02)0(4.91e+02)
379:1(5.64e+02)0(3.07e+02)
380:1(2.83e+02)0(2.66e+02)
381:0(4.22e+02)1(4.03e+02)
382:1(5.87e+02)0(4.73e+02)
383:1(6.75e+02)0(4.99e+02)
384:1(8.08e+02)0(7.51e+02)
385:1(3.83e+02)0(3.05e+02)
386:0(1.47e+03)1(1.16e+03)
387:1(7.17e+02)0(5.38e+02)
388:1(3.47e+02)0(1.85e+02)
389:1(1.69e+03)0(1.07e+03)
390:1(5.52e+02)0(4.01e+02)
391:1(1.22e+03)0(9.46e+02)
392:0(1.26e+03)1(5.60e+02)
393:1(5.55e+02)0(4.05e+02)
394:1(4.13e+02)0(2.41e+02)
395:1(2.04e+03)0(1.50e+03)
396:0(6.44e+02)1(5.12e+02)
397:1(2.24e+02)0(1.93e+02)
398:0(4.71e+02)1(3.44e+02)
399:0(9.00e+02)1(7.15e+02)
400:1(4.63e+02)0(2.83e+02)
401:1(5.53e+02)0(4.79e+02)
402:0(1.41e+03)1(9.90e+02)
403:0(1.60e+03)1(1.42e+03)
404:1(1.33e+03)0(8.43e+02)
405:1(5.76e+01)0(4.18e+01)
406:0(5.56e+02)1(4.71e+02)
407:0(1.90e+03)1(1.47e+03)
408:1(9.13e+02)0(6.89e+02)
409:1(8.53e+02)0(7.13e+02)
410:1(7.48e+02)0(6.49e+02)
411:1(6.19e+02)0(4.97e+02)
412:0(5.77e+02)1(5.10e+02)
413:1(2.59e+03)0(2.33e+03)
414:1(2.34e+03)0(2.26e+03)
415:0(3.09e+02)1(1.99e+02)
416:1(4.35e+02)0(3.52e+02)
417:1(1.60e+02)0(8.45e+01)
418:1(4.21e+02)0(2.93e+02)
419:0(7.19e+02)1(7.02e+02)
420:1(1.15e+03)0(8.29e+02)
421:1(3.36e+02)0(2.56e+02)
422:0(7.44e+02)1(5.63e+02)
423:1(9.46e+02)0(6.50e+02)
424:1(3.19e+02)0(3.03e+02)
425:1(6.60e+02)0(4.69e+02)
426:0(4.67e+02)1(4.51e+02)
427:0(1.41e+03)1(8.92e+02)
428:0(2.05e+02)1(1.87e+02)
429:1(3.44e+02)0(3.12e+02)
430:0(1.29e+03)1(1.09e+03)
431:0(1.41e+02)1(1.37e+02)
432:1(6.59e+02)0(5.63e+02)
433:1(4.51e+02)0(3.02e+02)
434:1(2.98e+02)0(1.60e+02)
435:0(6.69e+02)1(5.14e+02)
436:0(7.82e+02)1(7.76e+02)
437:0(3.13e+02)1(2.55e+02)
438:1(9.48e+02)0(8.80e+02)
439:1(8.97e+02)0(7.87e+02)
440:0(4.45e+02)1(3.51e+02)
441:1(5.99e+02)0(5.15e+02)
442:0(5.37e+02)1(3.50e+02)
443:1(7.21e+02)0(4.33e+02)
444:1(9.32e+02)0(7.03e+02)
445:1(1.25e+03)0(8.22e+02)
446:1(1.08e+03)0(8.56e+02)
447:0(8.89e+02)1(6.42e+02)
448:0(2.39e+02)1(2.03e+02)
449:0(5.58e+02)1(4.48e+02)
450:0(5.33e+02)1(4.02e+02)
451:1(2.13e+02)0(1.04e+02)
452:1(3.11e+02)0(2.73e+02)
453:1(6.58e+02)0(4.07e+02)
454:0(2.73e+02)1(2.67e+02)
455:0(4.17e+02)1(2.88e+02)
456:1(8.45e+02)0(4.36e+02)
457:0(8.64e+02)1(7.01e+02)
458:1(9.46e+02)0(8.30e+02)
459:1(8.13e+02)0(7.85e+02)
460:1(1.21e+03)0(1.07e+03)
461:1(1.03e+03)0(9.00e+02)
462:1(1.05e+03)0(9.61e+02)
463:1(1.14e+03)0(8.75e+02)
464:0(6.39e+02)1(5.56e+02)
465:1(2.02e+03)0(1.57e+03)
466:0(1.82e+03)1(1.27e+03)
467:1(1.24e+03)0(1.18e+03)
468:1(2.91e+02)0(2.74e+02)
469:1(8.46e+02)0(8.14e+02)
470:0(1.72e+03)1(1.34e+03)
471:0(4.96e+02)1(4.85e+02)
472:1(2.45e+02)0(2.35e+02)
473:1(2.95e+02)0(2.18e+02)
474:1(5.73e+02)0(5.01e+02)
475:1(7.37e+02)0(6.99e+02)
476:0(2.82e+02)1(1.49e+02)
477:0(4.28e+02)1(3.72e+02)
478:0(5.10e+02)1(3.08e+02)
479:0(3.74e+02)1(2.25e+02)
480:0(6.18e+02)1(4.14e+02)
481:0(3.05e+02)1(1.95e+02)
482:1(4.69e+02)0(3.88e+02)
483:1(4.45e+02)0(2.84e+02)
484:0(8.61e+02)1(8.55e+02)
485:1(6.56e+02)0(6.44e+02)
486:0(5.31e+02)1(3.85e+02)
487:0(1.57e+03)1(1.09e+03)
488:0(7.67e+02)1(5.02e+02)
489:0(4.89e+02)1(4.31e+02)
490:0(4.08e+02)1(3.41e+02)
491:0(4.93e+02)1(3.17e+02)
492:0(8.00e+02)1(6.07e+02)
493:0(1.21e+03)1(7.50e+02)
494:0(4.50e+02)1(3.19e+02)
495:0(2.51e+02)1(1.17e+02)
496:0(9.61e+02)1(8.64e+02)
497:0(9.44e+02)1(8.08e+02)
498:1(1.01e+02)0(5.31e+01)
499:1(7.98e+02)0(6.28e+02)
500:0(1.65e+03)1(1.26e+03)
501:0(1.89e+02)1(1.58e+02)
502:1(2.69e+02)0(1.65e+02)
503:1(5.77e+02)0(4.25e+02)
504:1(1.02e+03)0(8.39e+02)
505:1(7.46e+02)0(5.91e+02)
506:1(5.23e+02)0(4.52e+02)
507:0(2.19e+02)1(1.87e+02)
508:0(2.52e+02)1(2.38e+02)
509:1(6.15e+02)0(3.44e+02)
510:0(2.98e+02)1(2.76e+02)
511:0(6.07e+02)1(5.29e+02)
512:1(2.41e+02)0(2.27e+02)
513:1(1.54e+02)0(1.26e+02)
514:0(1.63e+03)1(1.18e+03)
515:1(4.19e+02)0(3.83e+02)
516:1(6.73e+02)0(4.63e+02)
517:1(4.49e+02)0(3.19e+02)
518:1(3.32e+02)0(1.95e+02)
519:1(4.31e+02)0(3.32e+02)
520:1(1.30e+03)0(1.01e+03)
521:0(8.32e+02)1(5.89e+02)
522:1(2.95e+02)0(2.25e+02)
523:1(6.55e+02)0(5.12e+02)
524:1(6.67e+02)0(5.41e+02)
525:0(2.99e+02)1(1.99e+02)
526:1(8.35e+02)0(6.99e+02)
527:1(4.03e+02)0(1.77e+02)
528:0(2.03e+02)1(2.01e+02)
529:1(3.68e+02)0(2.74e+02)
530:0(1.52e+03)1(6.75e+02)
531:0(1.87e+02)1(1.15e+02)
532:1(7.45e+02)0(6.72e+02)
533:1(3.56e+02)0(3.28e+02)
534:0(3.28e+02)1(3.10e+02)
535:0(1.29e+03)1(1.15e+03)
536:0(4.99e+02)1(3.43e+02)
537:1(1.55e+02)0(1.19e+02)
538:0(3.90e+02)1(2.10e+02)
539:0(3.92e+02)1(1.97e+02)
540:1(4.44e+02)0(2.63e+02)
541:1(3.35e+02)0(2.46e+02)
542:1(7.28e+02)0(6.84e+02)
543:0(3.27e+02)1(2.07e+02)
544:1(7.04e+02)0(6.45e+02)
545:1(4.06e+02)0(3.15e+02)
546:1(5.33e+02)0(5.31e+02)
547:1(9.49e+02)0(7.17e+02)
548:1(2.33e+02)0(1.44e+02)
549:1(3.12e+02)0(1.91e+02)
550:0(2.05e+02)1(1.87e+02)
551:1(8.74e+02)0(5.79e+02)
552:0(4.42e+02)1(3.65e+02)
553:1(9.14e+02)0(4.83e+02)
554:0(3.28e+02)1(2.32e+02)
555:1(1.42e+03)0(1.38e+03)
556:1(7.76e+02)0(6.78e+02)
557:1(4.35e+02)0(3.63e+02)
558:1(3.53e+02)0(3.17e+02)
559:0(7.58e+02)1(5.06e+02)
560:0(5.92e+02)1(4.94e+02)
561:1(4.60e+02)0(4.23e+02)
562:0(4.60e+02)1(3.04e+02)
563:0(8.05e+02)1(6.56e+02)
564:1(4.89e+02)0(4.01e+02)
565:1(2.28e+02)0(1.75e+02)
566:1(8.86e+02)0(5.98e+02)
567:0(3.20e+02)1(2.88e+02)
568:1(2.70e+02)0(2.62e+02)
569:1(5.87e+02)0(3.77e+02)
570:1(4.05e+02)0(3.67e+02)
571:0(3.27e+02)1(2.02e+02)
572:1(2.38e+02)0(2.11e+02)
573:0(4.66e+02)1(4.59e+02)
574:1(6.71e+02)0(6.09e+02)
575:0(2.17e+02)1(2.10e+02)
576:1(2.07e+02)0(1.59e+02)
577:0(1.86e+03)1(1.74e+03)
578:0(3.86e+02)1(3.30e+02)
579:1(2.72e+02)0(2.65e+02)
580:0(5.48e+02)1(4.81e+02)
581:1(5.98e+02)0(5.24e+02)
582:0(4.11e+02)1(3.77e+02)
583:1(4.05e+02)0(2.86e+02)
584:0(6.85e+02)1(4.49e+02)
585:1(1.98e+02)0(1.42e+02)
586:0(3.88e+02)1(3.38e+02)
587:1(8.07e+01)0(6.63e+01)
588:0(9.59e+02)1(9.00e+02)
589:0(1.13e+02)1(1.05e+02)
590:0(1.92e+02)1(1.81e+02)
591:0(3.19e+02)1(2.83e+02)
592:1(2.23e+02)0(9.95e+01)
593:1(9.59e+02)0(7.56e+02)
594:0(8.28e+01)1(6.12e+01)
595:0(1.60e+02)1(1.59e+02)
596:0(7.78e+02)1(7.08e+02)
597:0(2.45e+02)1(2.05e+02)
598:0(5.68e+02)1(4.15e+02)
599:1(3.54e+02)0(3.20e+02)
600:1(2.70e+02)0(1.84e+02)
601:1(7.45e+02)0(5.50e+02)
602:1(4.91e+02)0(3.65e+02)
603:1(1.67e+03)0(1.60e+03)
604:0(6.13e+02)1(5.19e+02)
605:0(4.90e+02)1(4.57e+02)
606:1(1.91e+02)0(1.29e+02)
607:1(4.08e+02)0(3.23e+02)
608:0(3.54e+02)1(3.33e+02)
609:0(2.30e+02)1(2.12e+02)
610:1(8.62e+02)0(8.25e+02)
611:0(4.01e+02)1(3.79e+02)
612:0(2.60e+02)1(2.12e+02)
613:1(1.53e+02)0(1.15e+02)
614:0(4.88e+02)1(3.75e+02)
615:0(5.63e+02)1(4.45e+02)
616:1(7.13e+02)0(5.42e+02)
617:1(2.74e+02)0(2.73e+02)
618:0(3.45e+02)1(2.29e+02)
619:1(9.28e+02)0(7.75e+02)
620:0(1.42e+03)1(1.15e+03)
621:0(1.62e+02)1(1.56e+02)
622:0(5.91e+02)1(3.22e+02)
623:0(4.23e+02)1(2.83e+02)
624:0(3.27e+02)1(2.27e+02)
625:0(1.16e+03)1(8.90e+02)
626:0(8.46e+02)1(7.61e+02)
627:0(8.24e+02)1(5.26e+02)
628:0(4.92e+02)1(4.54e+02)
629:1(1.04e+02)0(9.52e+01)
630:0(5.62e+02)1(3.83e+02)
631:0(1.28e+03)1(1.24e+03)
632:0(2.04e+02)1(1.46e+02)
633:1(2.27e+02)0(1.77e+02)
634:1(4.36e+02)0(3.82e+02)
635:1(6.88e+02)0(4.55e+02)
636:0(1.40e+02)1(7.36e+01)
637:0(1.02e+03)1(8.04e+02)
638:0(3.25e+02)1(2.72e+02)
639:1(4.18e+02)0(3.88e+02)
640:1(1.18e+03)0(9.14e+02)
641:0(5.34e+02)1(3.50e+02)
642:1(4.12e+02)0(3.34e+02)
643:1(8.86e+02)0(5.09e+02)
644:1(1.69e+03)0(9.67e+02)
645:1(1.57e+03)0(8.63e+02)
646:0(6.81e+02)1(6.22e+02)
647:0(1.49e+02)1(1.46e+02)
648:1(2.93e+02)0(2.55e+02)
649:1(1.49e+02)0(1.32e+02)
650:0(3.23e+02)1(1.53e+02)
651:1(5.04e+02)0(4.20e+02)
652:1(2.71e+02)0(2.09e+02)
653:1(1.35e+02)0(1.16e+02)
654:0(9.46e+02)1(7.27e+02)
655:1(1.05e+03)0(8.83e+02)
656:0(1.35e+03)1(7.99e+02)
657:0(1.38e+02)1(1.08e+02)
658:0(7.08e+02)1(2.96e+02)
659:0(1.09e+03)1(6.78e+02)
660:0(1.67e+02)1(8.00e+01)
661:0(1.26e+02)1(9.76e+01)
662:1(5.00e+02)0(4.69e+02)
663:0(7.81e+02)1(7.12e+02)
664:1(5.41e+02)0(5.04e+02)
665:0(7.58e+02)1(5.61e+02)
666:0(2.23e+02)1(2.03e+02)
667:0(1.99e+02)1(1.42e+02)
668:1(3.42e+02)0(2.40e+02)
669:1(6.96e+02)0(5.03e+02)
670:1(8.78e+02)0(6.77e+02)
671:0(4.71e+02)1(3.61e+02)
672:1(3.69e+02)0(2.59e+02)
673:0(1.15e+03)1(4.08e+02)
674:1(9.01e+02)0(8.64e+02)
675:1(8.88e+02)0(6.60e+02)
676:1(6.07e+02)0(3.80e+02)
677:0(6.98e+02)1(3.33e+02)
678:1(1.15e+03)0(7.85e+02)
679:0(2.87e+02)1(2.48e+02)
680:0(7.65e+01)1(5.30e+01)
681:1(1.12e+03)0(8.97e+02)
682:1(5.93e+02)0(5.89e+02)
683:1(1.94e+02)0(1.90e+02)
684:1(1.19e+03)0(1.10e+03)
685:1(4.27e+02)0(3.94e+02)
686:1(3.03e+02)0(2.08e+02)
687:1(6.06e+02)0(4.38e+02)
688:1(3.23e+02)0(1.27e+02)
689:0(3.28e+02)1(3.21e+02)
690:1(4.86e+02)0(3.79e+02)
691:0(6.56e+02)1(3.40e+02)
692:1(6.75e+02)0(3.98e+02)
693:0(1.99e+02)1(1.49e+02)
694:1(5.03e+02)0(5.01e+02)
695:0(1.38e+02)1(1.03e+02)
696:0(8.69e+02)1(4.92e+02)
697:1(2.84e+02)0(2.38e+02)
698:0(3.12e+02)1(2.60e+02)
699:0(3.81e+02)1(1.68e+02)
700:0(8.54e+02)1(7.20e+02)
701:0(2.64e+02)1(1.49e+02)
702:0(3.57e+02)1(3.04e+02)
703:0(6.42e+02)1(4.69e+02)
704:1(6.46e+02)0(5.91e+02)
705:0(1.34e+02)1(1.04e+02)
706:1(4.27e+02)0(3.56e+02)
707:1(9.11e+02)0(5.30e+02)
708:1(2.54e+02)0(1.90e+02)
709:1(7.17e+02)0(5.58e+02)
710:1(5.35e+02)0(3.61e+02)
711:1(4.57e+02)0(2.34e+02)
712:1(3.03e+02)0(2.43e+02)
713:1(5.18e+02)0(4.17e+02)
714:1(3.14e+02)0(2.77e+02)
715:0(5.90e+02)1(3.63e+02)
716:0(3.93e+02)1(3.65e+02)
717:1(7.59e+02)0(4.35e+02)
718:1(1.43e+03)0(7.37e+02)
719:1(8.33e+02)0(7.29e+02)
720:0(3.11e+02)1(2.97e+02)
721:1(1.17e+02)0(9.70e+01)
722:1(4.40e+02)0(3.47e+02)
723:0(5.29e+02)1(3.82e+02)
724:0(1.06e+02)1(9.47e+01)
725:0(1.56e+02)1(1.24e+02)
726:1(8.64e+01)0(3.52e+01)
727:1(2.71e+02)0(2.54e+02)
728:0(6.95e+02)1(6.10e+02)
729:0(1.12e+03)1(7.20e+02)
730:0(1.51e+03)1(1.10e+03)
731:0(4.51e+02)1(4.06e+02)
732:0(3.67e+02)1(2.49e+02)
733:1(2.82e+02)0(2.57e+02)
734:0(4.60e+02)1(3.10e+02)
735:1(3.27e+02)0(2.32e+02)
736:0(3.61e+02)1(2.58e+02)
737:0(4.23e+02)1(2.36e+02)
738:0(4.73e+02)1(3.15e+02)
739:0(4.99e+02)1(3.49e+02)
740:0(4.16e+02)1(3.00e+02)
741:1(2.99e+02)0(2.39e+02)
742:0(2.28e+02)1(1.43e+02)
743:1(5.07e+02)0(3.94e+02)
744:0(4.94e+02)1(3.89e+02)
745:1(2.03e+03)0(1.49e+03)
746:0(1.82e+03)1(1.72e+03)
747:1(2.22e+02)0(1.32e+02)
748:0(1.97e+02)1(1.76e+02)
749:0(1.82e+03)1(1.28e+03)
750:0(7.30e+02)1(4.02e+02)
751:0(3.80e+02)1(3.77e+02)
752:0(9.02e+02)1(5.71e+02)
753:1(1.40e+02)0(9.66e+01)
754:1(7.54e+02)0(6.68e+02)
755:0(4.03e+02)1(3.97e+02)
756:1(2.74e+02)0(1.95e+02)
757:1(6.62e+02)0(3.95e+02)
758:0(8.48e+02)1(6.99e+02)
759:1(3.27e+02)0(2.98e+02)
760:1(2.85e+02)0(2.37e+02)
761:1(3.98e+02)0(3.89e+02)
762:1(2.92e+02)0(2.79e+02)
763:1(1.53e+02)0(1.02e+02)
764:1(4.03e+02)0(3.91e+02)
765:1(2.57e+02)0(2.44e+02)
766:1(6.41e+02)0(4.12e+02)
767:1(4.86e+02)0(2.39e+02)
768:1(6.85e+02)0(4.14e+02)
769:1(5.86e+02)0(2.66e+02)
770:1(6.50e+02)0(3.78e+02)
771:0(5.40e+02)1(5.18e+02)
772:0(7.30e+02)1(6.24e+02)
773:1(1.03e+03)0(7.13e+02)
774:1(3.41e+02)0(2.44e+02)
775:0(2.23e+02)1(1.74e+02)
776:1(8.47e+02)0(7.58e+02)
777:0(2.97e+02)1(2.25e+02)
778:0(4.87e+02)1(3.66e+02)
779:1(4.08e+02)0(3.99e+02)
780:1(1.99e+02)0(1.88e+02)
781:0(3.12e+02)1(1.51e+02)
782:0(1.96e+02)1(1.73e+02)
783:0(2.74e+02)1(1.41e+02)
784:0(3.18e+02)1(1.91e+02)
785:0(3.10e+02)1(1.94e+02)
786:0(7.34e+02)1(6.07e+02)
787:1(7.21e+02)0(6.92e+02)
788:1(5.53e+02)0(5.52e+02)
789:0(1.49e+02)1(8.72e+01)
790:1(4.98e+02)0(4.47e+02)
791:1(4.23e+02)0(2.80e+02)
792:1(6.11e+02)0(5.78e+02)
793:0(7.46e+02)1(6.18e+02)
794:0(5.03e+02)1(4.11e+02)
795:0(4.38e+02)1(3.22e+02)
796:1(3.93e+02)0(3.12e+02)
797:0(1.49e+02)1(1.43e+02)
798:1(3.14e+02)0(2.07e+02)
799:0(4.82e+02)1(2.79e+02)
800:1(2.26e+02)0(1.35e+02)
801:1(7.44e+01)0(6.61e+01)
802:0(8.96e+02)1(7.33e+02)
803:0(1.53e+02)1(1.49e+02)
804:1(4.04e+02)0(3.55e+02)
805:0(4.48e+02)1(3.13e+02)
806:1(6.10e+02)0(3.94e+02)
807:1(7.95e+02)0(7.78e+02)
808:1(3.52e+02)0(2.94e+02)
809:1(1.10e+03)0(9.14e+02)
810:1(6.15e+02)0(4.97e+02)
811:1(9.00e+02)0(4.81e+02)
812:0(6.19e+02)1(5.63e+02)
813:0(2.77e+02)1(2.23e+02)
814:0(1.00e+03)1(8.52e+02)
815:0(8.48e+02)1(6.59e+02)
816:0(2.03e+02)1(9.96e+01)
817:0(4.54e+02)1(2.75e+02)
818:0(3.11e+02)1(2.26e+02)
819:0(2.80e+02)1(2.69e+02)
820:0(2.51e+02)1(2.22e+02)
821:0(6.40e+02)1(4.82e+02)
822:1(6.32e+02)0(4.75e+02)
823:1(3.62e+02)0(2.15e+02)
824:0(4.43e+02)1(2.97e+02)
825:1(3.63e+02)0(2.88e+02)
826:0(2.01e+02)1(1.17e+02)
827:0(6.67e+01)1(5.21e+01)
828:1(1.71e+03)0(8.92e+02)
829:1(2.56e+03)0(1.54e+03)
830:1(1.79e+03)0(1.15e+03)
831:0(3.73e+02)1(2.57e+02)
832:0(1.16e+02)1(9.63e+01)
833:0(1.02e+03)1(8.79e+02)
834:0(1.03e+03)1(8.02e+02)
835:0(9.89e+02)1(6.98e+02)
836:0(1.40e+03)1(1.01e+03)
837:0(1.55e+03)1(7.44e+02)
838:0(2.83e+02)1(2.36e+02)
839:0(1.34e+02)1(1.23e+02)
840:0(5.08e+02)1(4.27e+02)
841:0(2.12e+02)1(1.15e+02)
842:0(1.09e+02)1(9.43e+01)
843:1(1.35e+03)0(9.21e+02)
844:0(4.19e+02)1(2.58e+02)
845:1(6.84e+02)0(6.09e+02)
846:1(1.43e+03)0(1.14e+03)
847:1(5.89e+02)0(5.68e+02)
848:0(1.17e+03)1(1.01e+03)
849:0(1.45e+03)1(1.28e+03)
850:1(2.40e+02)0(2.37e+02)
851:1(4.21e+02)0(3.28e+02)
852:1(4.38e+02)0(3.46e+02)
853:0(3.42e+02)1(2.22e+02)
854:0(3.60e+02)1(3.49e+02)
855:1(6.97e+02)0(3.81e+02)
856:1(8.60e+02)0(7.03e+02)
857:0(7.06e+02)1(6.91e+02)
858:0(1.77e+02)1(1.38e+02)
859:0(9.08e+02)1(7.23e+02)
860:1(5.03e+02)0(3.34e+02)
861:0(2.03e+02)1(1.22e+02)
862:1(2.11e+02)0(1.78e+02)
863:0(7.42e+02)1(6.67e+02)
864:1(3.59e+02)0(2.38e+02)
865:0(3.90e+02)1(3.12e+02)
866:0(2.05e+02)1(1.57e+02)
867:0(5.55e+02)1(5.00e+02)
868:1(2.79e+02)0(1.95e+02)
869:0(1.31e+02)1(1.14e+02)
870:0(5.92e+02)1(5.84e+02)
871:1(5.32e+02)0(4.14e+02)
872:1(2.84e+02)0(2.84e+02)
873:1(3.15e+02)0(2.98e+02)
874:0(4.22e+02)1(3.43e+02)
875:1(3.86e+02)0(2.09e+02)
876:1(4.78e+02)0(3.46e+02)
877:1(2.52e+02)0(2.45e+02)
878:0(7.15e+02)1(2.86e+02)
879:1(5.95e+02)0(5.13e+02)
880:1(2.29e+02)0(2.10e+02)
881:0(2.81e+02)1(2.72e+02)
882:0(2.67e+02)1(1.60e+02)
883:1(3.03e+02)0(2.61e+02)
884:0(3.56e+02)1(2.81e+02)
885:0(1.41e+02)1(8.09e+01)
886:0(2.12e+02)1(1.45e+02)
887:1(2.75e+02)0(2.72e+02)
888:0(3.65e+02)1(2.00e+02)
889:0(9.54e+01)1(8.62e+01)
890:0(1.08e+03)1(7.32e+02)
891:0(3.07e+02)1(1.72e+02)
892:0(2.54e+02)1(1.84e+02)
893:0(7.71e+02)1(7.06e+02)
894:0(5.48e+02)1(3.46e+02)
895:0(7.42e+02)1(3.26e+02)
896:0(1.37e+03)1(5.86e+02)
897:1(1.66e+03)0(1.05e+03)
898:0(7.42e+02)1(5.42e+02)
899:1(3.42e+02)0(2.29e+02)
900:1(1.12e+03)0(6.25e+02)
901:1(4.29e+02)0(4.04e+02)
902:0(9.80e+02)1(9.18e+02)
903:0(9.04e+01)1(6.47e+01)
904:1(2.67e+02)0(1.83e+02)
905:0(8.24e+02)1(6.58e+02)
906:1(3.31e+02)0(2.94e+02)
907:0(5.21e+02)1(3.66e+02)
908:1(2.43e+02)0(1.84e+02)
909:0(3.33e+02)1(2.71e+02)
910:0(2.41e+02)1(1.63e+02)
911:0(4.84e+02)1(2.60e+02)
912:0(1.12e+03)1(6.89e+02)
913:0(1.32e+03)1(1.09e+03)
914:0(5.56e+02)1(3.84e+02)
915:0(1.47e+02)1(1.06e+02)
916:1(2.68e+02)0(2.07e+02)
917:1(5.86e+02)0(3.85e+02)
918:1(8.15e+01)0(6.37e+01)
919:1(5.08e+02)0(4.67e+02)
920:1(4.06e+02)0(3.07e+02)
921:0(3.01e+02)1(2.21e+02)
922:0(9.71e+02)1(8.46e+02)
923:0(5.05e+02)1(2.98e+02)
924:0(4.21e+02)1(4.19e+02)
925:1(1.42e+02)0(1.39e+02)
926:0(3.22e+02)1(2.33e+02)
927:0(3.83e+02)1(3.11e+02)
928:1(8.30e+01)0(6.49e+01)
929:1(1.03e+02)0(5.17e+01)
930:1(6.99e+02)0(6.07e+02)
931:1(2.14e+03)0(1.49e+03)
932:0(1.89e+03)1(1.25e+03)
933:0(1.25e+03)1(6.19e+02)
934:0(6.81e+02)1(3.48e+02)
935:0(2.58e+02)1(2.54e+02)
936:0(9.97e+02)1(5.78e+02)
937:0(3.64e+03)1(2.29e+03)
938:1(9.35e+02)0(6.32e+02)
939:1(9.85e+02)0(7.80e+02)
940:1(1.53e+02)0(1.19e+02)
941:0(1.01e+03)1(8.06e+02)
942:0(1.12e+03)1(1.02e+03)
943:1(7.00e+02)0(6.99e+02)
944:0(2.51e+03)1(2.17e+03)
945:1(4.58e+02)0(3.41e+02)
946:1(6.80e+02)0(4.45e+02)
947:1(1.96e+03)0(1.10e+03)
948:1(3.76e+02)0(2.50e+02)
949:1(4.28e+02)0(3.02e+02)
950:1(3.42e+02)0(2.98e+02)
951:1(1.75e+02)0(9.84e+01)
952:0(3.40e+02)1(2.87e+02)
953:1(7.90e+02)0(6.53e+02)
954:1(2.54e+02)0(1.30e+02)
955:1(7.60e+02)0(3.86e+02)
956:1(4.99e+02)0(4.88e+02)
957:1(8.13e+02)0(5.19e+02)
958:1(1.83e+02)0(1.56e+02)
959:1(8.10e+01)0(6.04e+01)
960:0(2.07e+02)1(1.57e+02)
961:1(2.14e+02)0(1.15e+02)
962:0(2.14e+02)1(2.10e+02)
963:0(3.32e+02)1(2.56e+02)
964:0(4.36e+02)1(3.40e+02)
965:0(4.93e+02)1(4.14e+02)
966:0(2.04e+03)1(1.73e+03)
967:0(2.02e+02)1(1.32e+02)
968:0(1.67e+03)1(1.08e+03)
969:0(1.33e+03)1(9.18e+02)
970:0(4.35e+02)1(2.74e+02)
971:0(1.74e+02)1(1.19e+02)
972:0(1.97e+02)1(1.15e+02)
973:0(2.50e+02)1(1.51e+02)
974:0(5.60e+02)1(4.02e+02)
975:0(5.35e+02)1(2.74e+02)
976:0(1.76e+03)1(1.26e+03)
977:0(8.11e+02)1(6.74e+02)
978:0(7.52e+02)1(4.32e+02)
979:0(1.04e+03)1(7.23e+02)
980:0(1.68e+03)1(1.37e+03)
981:0(5.22e+02)1(3.38e+02)
982:0(2.95e+02)1(1.43e+02)
983:0(2.07e+03)1(1.51e+03)
984:0(2.25e+03)1(1.85e+03)
985:0(8.96e+02)1(7.84e+02)
986:1(3.34e+02)0(2.82e+02)
987:1(8.17e+02)0(7.26e+02)
988:1(7.08e+02)0(6.41e+02)
989:0(1.35e+03)1(9.22e+02)
990:1(5.17e+02)0(4.82e+02)
991:0(2.63e+02)1(1.35e+02)
992:0(6.21e+02)1(3.00e+02)
993:0(2.56e+02)1(2.00e+02)
994:0(9.11e+02)1(4.45e+02)
995:1(2.77e+02)0(2.40e+02)
996:1(1.92e+03)0(1.73e+03)
997:1(1.88e+03)0(1.73e+03)
998:1(1.11e+03)0(9.51e+02)
999:1(5.43e+02)0(4.71e+02)
1000:1(2.04e+03)0(1.61e+03)
1001:0(7.31e+02)1(6.73e+02)
1002:1(7.41e+02)0(4.93e+02)
1003:1(2.74e+02)0(1.55e+02)
1004:0(8.70e+02)1(7.94e+02)
1005:1(1.20e+02)0(7.90e+01)
1006:1(3.76e+02)0(2.76e+02)
1007:1(5.35e+02)0(4.43e+02)
1008:0(2.56e+02)1(2.31e+02)
1009:1(1.21e+03)0(9.30e+02)
1010:1(2.26e+03)0(2.26e+03)
1011:0(1.13e+03)1(9.22e+02)
1012:1(5.58e+02)0(4.48e+02)
1013:1(4.84e+02)0(3.51e+02)
1014:1(7.14e+02)0(4.75e+02)
1015:0(1.21e+03)1(7.84e+02)
1016:0(7.44e+02)1(6.78e+02)
1017:0(1.64e+03)1(1.40e+03)
1018:0(6.87e+02)1(4.85e+02)
1019:0(5.30e+02)1(3.93e+02)
1020:1(7.82e+02)0(6.68e+02)
1021:1(2.25e+03)0(2.07e+03)
1022:1(5.99e+02)0(2.69e+02)
1023:1(1.62e+03)0(1.41e+03)
1024:0(7.77e+02)1(7.07e+02)
1025:0(1.96e+02)1(1.90e+02)
1026:1(4.11e+02)0(2.83e+02)
1027:1(6.07e+02)0(3.74e+02)
1028:1(3.35e+02)0(3.32e+02)
1029:0(1.09e+03)1(8.11e+02)
1030:1(1.13e+03)0(1.12e+03)
1031:1(6.28e+02)0(5.67e+02)
1032:1(5.89e+02)0(4.19e+02)
1033:0(4.97e+02)1(3.55e+02)
1034:1(2.55e+03)0(1.82e+03)
1035:1(5.14e+02)0(5.01e+02)
1036:1(1.53e+02)0(6.90e+01)
1037:1(1.76e+03)0(1.21e+03)
1038:1(1.05e+03)0(7.79e+02)
1039:1(4.54e+02)0(3.29e+02)
1040:1(6.30e+02)0(6.19e+02)
1041:0(1.38e+02)1(1.09e+02)
1042:0(5.18e+02)1(4.06e+02)
1043:1(3.95e+02)0(3.02e+02)
1044:1(4.66e+02)0(4.10e+02)
1045:0(1.66e+03)1(1.36e+03)
1046:1(3.94e+02)0(3.32e+02)
1047:1(3.90e+02)0(3.33e+02)
1048:0(7.01e+02)1(5.21e+02)
1049:1(4.24e+02)0(3.58e+02)
1050:0(4.23e+02)1(3.53e+02)
1051:1(4.76e+02)0(4.30e+02)
1052:1(5.06e+02)0(4.27e+02)
1053:1(8.23e+02)0(2.61e+02)
1054:0(6.39e+02)1(6.08e+02)
1055:1(6.04e+02)0(4.66e+02)
1056:1(4.21e+02)0(3.66e+02)
1057:1(8.42e+02)0(7.30e+02)
1058:0(3.05e+03)1(2.38e+03)
1059:1(2.10e+02)0(8.78e+01)
1060:0(1.02e+03)1(8.39e+02)
1061:0(2.20e+02)1(2.07e+02)
1062:0(1.10e+03)1(9.24e+02)
1063:0(1.91e+03)1(1.50e+03)
1064:1(3.40e+02)0(3.14e+02)
1065:1(1.45e+03)0(1.30e+03)
1066:0(9.70e+02)1(6.51e+02)
1067:0(5.75e+02)1(4.09e+02)
1068:0(5.25e+02)1(4.97e+02)
1069:1(5.83e+02)0(3.48e+02)
1070:1(5.92e+02)0(4.88e+02)
1071:1(3.13e+02)0(2.56e+02)
1072:1(1.61e+03)0(9.64e+02)
1073:0(5.30e+02)1(2.81e+02)
1074:1(7.51e+02)0(5.89e+02)
1075:0(6.40e+02)1(5.97e+02)
1076:0(2.14e+02)1(1.13e+02)
1077:0(6.18e+02)1(4.88e+02)
1078:0(9.54e+02)1(5.28e+02)
1079:1(1.09e+03)0(7.54e+02)
1080:1(9.49e+02)0(5.56e+02)
1081:1(1.11e+03)0(6.74e+02)
1082:1(4.63e+02)0(3.09e+02)
1083:0(7.13e+02)1(3.12e+02)
1084:1(3.54e+02)0(3.01e+02)
1085:1(6.27e+02)0(4.67e+02)
1086:0(1.63e+02)1(1.05e+02)
1087:1(4.71e+02)0(2.73e+02)
1088:1(9.54e+02)0(6.45e+02)
1089:1(4.33e+02)0(3.91e+02)
1090:0(2.63e+02)1(1.99e+02)
1091:0(3.44e+02)1(1.72e+02)
1092:1(4.08e+02)0(3.15e+02)
1093:0(1.50e+03)1(9.53e+02)
1094:0(7.71e+02)1(4.82e+02)
1095:0(3.33e+02)1(2.34e+02)
1096:0(1.42e+03)1(1.35e+03)
1097:0(1.21e+03)1(1.15e+03)
1098:1(7.10e+02)0(5.50e+02)
1099:0(8.01e+02)1(7.97e+02)
1100:1(8.96e+02)0(7.26e+02)
1101:1(9.28e+02)0(7.19e+02)
1102:1(4.63e+02)0(3.68e+02)
1103:0(5.11e+02)1(4.61e+02)
1104:1(6.46e+02)0(5.45e+02)
1105:0(7.17e+02)1(5.62e+02)
1106:0(6.54e+02)1(3.75e+02)
1107:0(3.14e+02)1(3.07e+02)
1108:0(9.89e+01)1(9.71e+01)
1109:0(4.57e+02)1(3.50e+02)
1110:0(3.16e+02)1(2.31e+02)
1111:0(3.64e+02)1(3.07e+02)
1112:0(6.55e+02)1(4.94e+02)
1113:0(2.61e+02)1(8.43e+01)
1114:0(4.67e+02)1(3.55e+02)
1115:1(5.09e+02)0(4.61e+02)
1116:0(4.75e+02)1(2.26e+02)
1117:1(3.48e+02)0(3.11e+02)
1118:1(1.61e+03)0(1.38e+03)
1119:0(5.73e+02)1(4.44e+02)
1120:1(1.33e+03)0(1.33e+03)
1121:0(1.01e+03)1(9.13e+02)
1122:0(5.35e+02)1(5.26e+02)
1123:1(5.72e+02)0(5.51e+02)
1124:1(5.52e+02)0(3.61e+02)
1125:1(4.51e+02)0(3.28e+02)
1126:1(5.52e+02)0(5.08e+02)
1127:1(4.94e+02)0(3.10e+02)
1128:0(1.18e+03)1(1.07e+03)
1129:0(1.11e+03)1(9.76e+02)
1130:0(1.69e+03)1(1.54e+03)
1131:1(3.71e+02)0(3.52e+02)
1132:1(9.91e+01)0(7.02e+01)
1133:0(7.54e+02)1(6.67e+02)
1134:0(1.49e+03)1(9.52e+02)
1135:0(9.52e+02)1(7.88e+02)
1136:0(4.80e+02)1(3.29e+02)
1137:0(4.23e+02)1(2.70e+02)
1138:0(3.49e+02)1(2.19e+02)
1139:0(5.59e+02)1(2.69e+02)
1140:1(1.75e+02)0(1.65e+02)
1141:1(5.71e+02)0(3.82e+02)
1142:0(4.17e+02)1(1.79e+02)
1143:0(6.17e+02)1(5.09e+02)
1144:0(8.89e+02)1(7.92e+02)
1145:0(1.18e+03)1(9.89e+02)
1146:0(7.99e+02)1(5.93e+02)
1147:0(1.13e+03)1(9.90e+02)
1148:0(1.46e+03)1(8.91e+02)
1149:1(3.83e+02)0(3.07e+02)
1150:1(6.59e+02)0(6.36e+02)
1151:1(1.42e+03)0(1.11e+03)
1152:1(1.78e+03)0(1.32e+03)
1153:0(9.42e+02)1(9.10e+02)
1154:1(1.57e+03)0(1.03e+03)
1155:1(1.53e+02)0(1.09e+02)
1156:0(7.59e+02)1(4.71e+02)
1157:0(6.74e+01)1(5.99e+01)
1158:1(2.15e+03)0(2.02e+03)
1159:1(1.05e+03)0(7.26e+02)
1160:1(5.17e+02)0(3.84e+02)
1161:1(7.10e+02)0(5.32e+02)
1162:1(1.28e+03)0(5.15e+02)
1163:1(6.72e+02)0(4.69e+02)
1164:0(4.79e+02)1(4.15e+02)
1165:1(5.79e+02)0(4.57e+02)
1166:1(3.91e+02)0(3.28e+02)
1167:1(1.46e+03)0(1.03e+03)
1168:1(1.86e+03)0(9.83e+02)
1169:1(2.28e+02)0(1.35e+02)
1170:1(7.26e+02)0(6.92e+02)
1171:1(5.79e+02)0(3.78e+02)
1172:0(7.31e+02)1(5.88e+02)
1173:1(6.75e+02)0(5.70e+02)
1174:0(9.26e+02)1(6.40e+02)
1175:1(1.48e+03)0(1.36e+03)
1176:1(7.60e+02)0(4.84e+02)
1177:0(2.56e+02)1(2.33e+02)
1178:0(3.87e+02)1(2.50e+02)
1179:0(2.17e+03)1(1.61e+03)
1180:0(1.52e+03)1(1.44e+03)
1181:0(2.65e+02)1(2.09e+02)
1182:0(9.32e+02)1(6.22e+02)
1183:1(1.16e+03)0(1.07e+03)
1184:1(1.36e+03)0(7.88e+02)
1185:1(4.51e+02)0(4.00e+02)
1186:0(1.59e+02)1(1.01e+02)
1187:0(3.09e+02)1(1.62e+02)
1188:1(1.41e+02)0(1.38e+02)
1189:1(4.07e+02)0(2.64e+02)
1190:1(1.12e+03)0(7.65e+02)
1191:1(1.82e+02)0(1.55e+02)
1192:1(2.96e+02)0(2.95e+02)
1193:1(3.85e+02)0(3.08e+02)
1194:0(1.01e+03)1(7.82e+02)
1195:0(1.02e+03)1(8.00e+02)
1196:1(4.45e+02)0(2.70e+02)
1197:0(1.83e+03)1(1.35e+03)
1198:0(4.21e+02)1(3.27e+02)
1199:0(9.14e+02)1(7.23e+02)
1200:0(3.08e+02)1(1.97e+02)
1201:1(2.30e+02)0(1.81e+02)
1202:1(5.65e+02)0(2.71e+02)
1203:1(1.74e+03)0(1.35e+03)
1204:0(9.43e+02)1(7.14e+02)
1205:0(6.15e+02)1(4.69e+02)
1206:0(9.01e+02)1(6.44e+02)
1207:1(5.62e+02)0(2.78e+02)
1208:0(3.69e+02)1(2.50e+02)
1209:0(5.26e+02)1(4.46e+02)
1210:1(4.94e+02)0(3.67e+02)
1211:1(8.39e+01)0(5.76e+01)
1212:0(8.48e+02)1(6.75e+02)
1213:0(7.75e+02)1(5.82e+02)
1214:1(3.70e+02)0(2.72e+02)
1215:1(9.71e+01)0(9.24e+01)
1216:0(1.00e+03)1(7.74e+02)
1217:1(9.88e+02)0(5.30e+02)
1218:0(1.21e+03)1(1.00e+03)
1219:1(6.73e+02)0(5.78e+02)
1220:0(4.34e+02)1(3.08e+02)
1221:1(1.11e+03)0(6.04e+02)
1222:1(3.70e+02)0(2.75e+02)
1223:0(2.51e+03)1(1.88e+03)
1224:1(1.34e+03)0(9.97e+02)
1225:0(9.81e+02)1(6.68e+02)
1226:0(7.50e+02)1(5.87e+02)
1227:1(8.93e+02)0(7.61e+02)
1228:1(3.22e+02)0(2.80e+02)
1229:1(1.70e+02)0(1.62e+02)
1230:0(7.18e+02)1(5.87e+02)
1231:0(1.36e+03)1(9.32e+02)
1232:1(3.09e+02)0(3.02e+02)
1233:1(1.04e+03)0(4.59e+02)
1234:1(1.41e+03)0(7.81e+02)
1235:1(1.09e+03)0(8.97e+02)
1236:1(2.15e+03)0(1.78e+03)
1237:1(6.98e+02)0(4.72e+02)
1238:1(7.68e+02)0(5.84e+02)
1239:1(1.41e+03)0(7.84e+02)
1240:0(2.04e+03)1(1.62e+03)
1241:1(2.15e+02)0(1.53e+02)
1242:0(5.78e+02)1(3.76e+02)
1243:0(1.49e+02)1(1.36e+02)
1244:0(9.62e+02)1(9.43e+02)
1245:0(6.35e+02)1(4.37e+02)
1246:1(5.52e+02)0(2.18e+02)
1247:0(8.51e+02)1(7.14e+02)
1248:0(2.72e+02)1(2.47e+02)
1249:0(1.89e+02)1(1.32e+02)
1250:1(8.11e+02)0(6.05e+02)
1251:1(7.99e+02)0(5.28e+02)
1252:1(2.74e+02)0(1.71e+02)
1253:1(2.42e+03)0(2.20e+03)
1254:1(1.10e+03)0(9.91e+02)
1255:1(1.50e+02)0(1.39e+02)
1256:1(2.16e+03)0(1.30e+03)
1257:1(4.87e+02)0(4.08e+02)
1258:1(2.06e+03)0(1.29e+03)
1259:1(1.87e+03)0(1.15e+03)
1260:1(9.12e+02)0(7.61e+02)
1261:1(4.02e+02)0(3.21e+02)
1262:1(1.22e+02)0(7.58e+01)
1263:1(1.25e+03)0(1.22e+03)
1264:1(2.33e+03)0(1.70e+03)
1265:1(7.76e+02)0(5.73e+02)
1266:1(3.81e+02)0(2.31e+02)
1267:1(1.42e+03)0(1.20e+03)
1268:1(5.40e+02)0(3.95e+02)
1269:0(2.13e+02)1(1.60e+02)
1270:0(1.09e+03)1(7.84e+02)
1271:0(1.28e+03)1(1.03e+03)
1272:1(1.40e+03)0(1.34e+03)
1273:0(1.86e+03)1(1.26e+03)
1274:1(2.95e+02)0(2.14e+02)
1275:1(3.22e+02)0(2.96e+02)
1276:1(2.45e+02)0(1.79e+02)
1277:1(6.72e+02)0(6.12e+02)
1278:1(1.04e+03)0(6.54e+02)
1279:1(1.34e+03)0(1.07e+03)
1280:1(7.23e+02)0(4.85e+02)
1281:1(1.97e+02)0(9.12e+01)
1282:1(3.44e+02)0(1.80e+02)
1283:0(1.77e+02)1(1.63e+02)
1284:1(1.18e+03)0(8.17e+02)
1285:0(3.40e+02)1(3.21e+02)
1286:0(5.79e+02)1(3.55e+02)
1287:0(5.42e+02)1(3.39e+02)
1288:1(1.21e+03)0(6.12e+02)
1289:0(3.44e+02)1(2.09e+02)
1290:0(7.50e+02)1(5.08e+02)
1291:1(3.26e+02)0(1.81e+02)
1292:1(4.20e+02)0(3.45e+02)
1293:1(5.39e+02)0(3.50e+02)
1294:1(9.44e+02)0(7.92e+02)
1295:0(4.70e+02)1(2.61e+02)
1296:1(7.30e+02)0(4.80e+02)
1297:1(5.73e+02)0(5.13e+02)
1298:1(1.73e+03)0(1.09e+03)
1299:1(1.08e+03)0(7.59e+02)
1300:1(8.66e+01)0(4.27e+01)
1301:0(2.27e+02)1(1.60e+02)
1302:1(3.16e+02)0(3.01e+02)
1303:0(3.66e+02)1(3.21e+02)
1304:0(3.23e+02)1(2.71e+02)
1305:1(2.22e+02)0(1.52e+02)
1306:0(8.72e+02)1(7.94e+02)
1307:1(6.22e+02)0(3.68e+02)
1308:0(1.58e+02)1(1.09e+02)
1309:1(8.12e+02)0(6.12e+02)
1310:0(1.65e+03)1(1.22e+03)
1311:0(4.74e+02)1(3.35e+02)
1312:0(6.41e+02)1(4.28e+02)
1313:0(7.82e+02)1(6.07e+02)
1314:0(5.02e+02)1(4.22e+02)
1315:1(4.56e+02)0(3.78e+02)
1316:0(8.50e+02)1(6.14e+02)
1317:1(6.08e+02)0(4.47e+02)
1318:1(5.58e+02)0(4.70e+02)
1319:1(6.44e+01)0(5.61e+01)
1320:0(7.93e+02)1(7.25e+02)
1321:0(8.15e+02)1(8.01e+02)
1322:0(6.56e+02)1(5.48e+02)
1323:0(3.70e+02)1(2.71e+02)
1324:0(3.99e+02)1(3.13e+02)
1325:1(1.07e+03)0(9.50e+02)
1326:1(1.39e+02)0(5.96e+01)
1327:0(5.31e+02)1(5.03e+02)
1328:1(8.48e+02)0(6.21e+02)
1329:1(4.49e+02)0(3.38e+02)
1330:1(8.77e+02)0(7.83e+02)
1331:0(6.10e+02)1(5.21e+02)
1332:0(6.22e+02)1(5.27e+02)
1333:0(4.68e+02)1(3.40e+02)
1334:0(5.08e+02)1(4.91e+02)
1335:0(8.27e+02)1(8.02e+02)
1336:1(2.81e+02)0(2.77e+02)
1337:1(1.97e+03)0(1.69e+03)
1338:0(6.21e+02)1(3.28e+02)
1339:0(4.22e+02)1(9.46e+01)
1340:0(5.82e+02)1(5.18e+02)
1341:1(5.37e+02)0(4.35e+02)
1342:0(3.83e+02)1(3.60e+02)
1343:0(9.62e+02)1(7.06e+02)
1344:0(7.03e+02)1(5.74e+02)
1345:0(8.86e+01)1(6.28e+01)
1346:0(4.60e+02)1(2.58e+02)
1347:0(2.50e+02)1(1.89e+02)
1348:0(8.40e+02)1(5.42e+02)
1349:0(7.92e+02)1(6.69e+02)
1350:1(2.13e+02)0(1.84e+02)
1351:0(2.32e+02)1(2.11e+02)
1352:0(7.30e+02)1(7.15e+02)
1353:0(9.36e+02)1(8.76e+02)
1354:0(1.04e+02)1(6.28e+01)
1355:0(3.58e+02)1(2.44e+02)
1356:0(3.66e+02)1(2.90e+02)
1357:1(1.71e+03)0(1.45e+03)
1358:0(5.53e+02)1(5.37e+02)
1359:1(1.67e+02)0(1.06e+02)
1360:0(6.35e+02)1(4.39e+02)
1361:1(3.47e+02)0(2.37e+02)
1362:1(4.74e+01)0(4.40e+01)
1363:1(5.59e+02)0(5.25e+02)
1364:1(4.39e+02)0(4.33e+02)
1365:0(1.19e+02)1(1.06e+02)
1366:0(5.17e+02)1(4.93e+02)
1367:0(1.96e+02)1(1.77e+02)
1368:0(1.18e+03)1(7.01e+02)
1369:1(3.96e+02)0(3.96e+02)
1370:1(1.62e+02)0(1.15e+02)
1371:0(1.45e+02)1(1.39e+02)
1372:0(7.31e+02)1(4.85e+02)
1373:0(4.88e+02)1(3.41e+02)
1374:0(7.30e+02)1(5.38e+02)
1375:0(6.40e+02)1(4.66e+02)
1376:1(1.23e+02)0(9.63e+01)
1377:1(9.05e+02)0(6.45e+02)
1378:1(5.70e+02)0(4.92e+02)
1379:0(9.32e+02)1(7.33e+02)
1380:0(7.97e+02)1(5.66e+02)
1381:1(6.79e+02)0(6.00e+02)
1382:1(4.66e+02)0(3.54e+02)
1383:1(6.92e+02)0(4.99e+02)
1384:0(1.19e+02)1(1.10e+02)
1385:1(3.78e+02)0(3.28e+02)
1386:1(3.85e+02)0(2.12e+02)
1387:1(1.07e+02)0(1.04e+02)
1388:1(8.43e+02)0(7.80e+02)
1389:0(8.96e+02)1(6.45e+02)
1390:0(6.70e+02)1(4.90e+02)
1391:1(7.11e+02)0(6.56e+02)
1392:0(2.78e+02)1(2.44e+02)
1393:1(1.20e+02)0(8.68e+01)
1394:1(9.39e+02)0(7.91e+02)
1395:0(1.03e+03)1(8.52e+02)
1396:1(3.39e+02)0(3.27e+02)
1397:1(3.59e+02)0(2.74e+02)
1398:0(3.70e+02)1(3.26e+02)
1399:0(4.91e+02)1(4.15e+02)
1400:1(8.99e+02)0(8.17e+02)
1401:0(1.27e+02)1(1.20e+02)
1402:1(5.68e+02)0(4.08e+02)
1403:0(3.08e+02)1(2.77e+02)
1404:0(4.43e+02)1(3.35e+02)
1405:0(8.71e+02)1(8.47e+02)
1406:1(4.74e+02)0(4.48e+02)
1407:0(5.33e+02)1(5.26e+02)
1408:0(3.81e+02)1(2.78e+02)
1409:0(4.33e+02)1(3.49e+02)
1410:1(4.48e+02)0(4.08e+02)
1411:0(3.79e+02)1(3.74e+02)
1412:1(4.03e+02)0(3.44e+02)
1413:0(4.06e+02)1(3.25e+02)
1414:1(4.83e+02)0(4.69e+02)
1415:1(2.49e+02)0(2.03e+02)
1416:0(4.64e+02)1(4.10e+02)
1417:0(1.98e+02)1(1.40e+02)
1418:1(6.33e+02)0(4.99e+02)
1419:0(4.12e+02)1(3.89e+02)
1420:0(1.97e+02)1(1.62e+02)
1421:1(2.99e+02)0(2.98e+02)
1422:0(3.70e+02)1(2.68e+02)
1423:1(4.05e+02)0(3.62e+02)
1424:0(1.05e+03)1(9.79e+02)
1425:0(1.97e+02)1(1.71e+02)
1426:1(8.22e+01)0(6.98e+01)
1427:1(4.85e+01)0(4.51e+01)
1428:1(3.90e+02)0(2.42e+02)
1429:0(5.53e+02)1(3.34e+02)
1430:0(1.55e+02)1(1.49e+02)
1431:1(6.10e+02)0(4.21e+02)
1432:0(2.20e+02)1(1.84e+02)
1433:1(8.72e+02)0(6.80e+02)
1434:1(1.33e+03)0(9.52e+02)
1435:1(9.90e+01)0(9.61e+01)
1436:0(9.43e+02)1(7.39e+02)
1437:1(9.66e+02)0(7.37e+02)
1438:1(1.90e+02)0(1.81e+02)
1439:1(3.34e+02)0(2.41e+02)
1440:0(9.40e+02)1(8.67e+02)
1441:1(2.48e+02)0(2.17e+02)
1442:0(2.83e+02)1(2.15e+02)
1443:1(6.39e+02)0(3.97e+02)
1444:0(1.88e+03)1(1.85e+03)
1445:1(4.90e+02)0(4.13e+02)
1446:1(9.26e+02)0(9.12e+02)
1447:1(4.35e+02)0(4.22e+02)
1448:1(4.82e+02)0(4.34e+02)
1449:0(7.25e+02)1(5.38e+02)
1450:1(3.41e+02)0(3.09e+02)
1451:0(1.32e+03)1(1.29e+03)
1452:0(1.34e+02)1(8.83e+01)
1453:0(1.68e+03)1(1.07e+03)
1454:0(8.82e+02)1(6.76e+02)
1455:1(5.09e+02)0(2.58e+02)
1456:0(2.35e+02)1(2.26e+02)
1457:0(1.24e+03)1(1.15e+03)
1458:0(6.14e+02)1(5.12e+02)
1459:1(4.82e+02)0(4.17e+02)
1460:1(3.54e+02)0(2.27e+02)
1461:1(1.29e+03)0(8.25e+02)
1462:1(2.11e+03)0(1.36e+03)
1463:0(1.60e+02)1(1.30e+02)
1464:1(9.18e+02)0(4.62e+02)
1465:1(9.89e+02)0(6.49e+02)
1466:1(4.87e+02)0(3.96e+02)
1467:1(4.95e+02)0(4.92e+02)
1468:1(4.56e+02)0(3.48e+02)
1469:1(8.14e+02)0(7.43e+02)
1470:0(3.10e+02)1(2.47e+02)
1471:1(1.08e+03)0(8.05e+02)
1472:1(3.14e+02)0(2.52e+02)
1473:1(1.11e+03)0(6.55e+02)
1474:1(4.96e+02)0(2.62e+02)
1475:1(3.64e+02)0(2.13e+02)
1476:1(4.51e+02)0(3.81e+02)
1477:1(2.08e+03)0(1.17e+03)
1478:1(6.80e+02)0(3.76e+02)
1479:1(4.85e+02)0(4.74e+02)
1480:1(3.61e+02)0(3.14e+02)
1481:0(3.44e+02)1(3.03e+02)
1482:1(1.52e+03)0(1.13e+03)
1483:0(1.34e+02)1(1.26e+02)
1484:1(1.90e+02)0(1.88e+02)
1485:0(7.10e+02)1(6.31e+02)
1486:0(2.31e+02)1(2.23e+02)
1487:0(6.16e+02)1(5.99e+02)
1488:1(4.03e+02)0(3.33e+02)
1489:1(7.12e+01)0(5.37e+01)
1490:1(4.52e+02)0(4.25e+02)
1491:1(1.79e+02)0(1.14e+02)
1492:0(9.00e+02)1(7.32e+02)
1493:0(2.65e+02)1(2.38e+02)
1494:0(2.52e+02)1(2.52e+02)
1495:1(1.05e+03)0(5.64e+02)
1496:1(1.22e+03)0(1.00e+03)
1497:1(6.75e+02)0(4.31e+02)
1498:0(5.32e+02)1(3.73e+02)
1499:1(8.83e+02)0(4.99e+02)
1500:1(2.10e+03)0(1.41e+03)
1501:0(4.81e+03)1(3.14e+03)
1502:0(2.38e+03)1(1.57e+03)
1503:0(2.97e+03)1(1.95e+03)
1504:0(1.72e+03)1(1.21e+03)
1505:0(2.42e+02)1(1.44e+02)
1506:0(1.59e+03)1(1.23e+03)
1507:1(6.01e+02)0(4.16e+02)
1508:0(2.47e+02)1(2.11e+02)
1509:0(1.15e+03)1(1.02e+03)
1510:0(7.58e+02)1(4.15e+02)
1511:1(1.62e+03)0(1.39e+03)
1512:0(1.65e+03)1(1.24e+03)
1513:0(6.05e+02)1(4.35e+02)
1514:0(3.32e+02)1(2.95e+02)
1515:0(2.93e+03)1(2.00e+03)
1516:0(1.95e+03)1(1.58e+03)
1517:0(1.86e+03)1(9.35e+02)
1518:0(8.59e+02)1(6.58e+02)
1519:0(5.21e+02)1(3.78e+02)
1520:0(1.23e+03)1(6.90e+02)
1521:1(5.89e+02)0(5.54e+02)
1522:0(7.76e+02)1(3.60e+02)
1523:0(1.37e+03)1(5.48e+02)
1524:0(1.09e+03)1(5.24e+02)
1525:0(1.69e+03)1(1.44e+03)
1526:0(4.72e+02)1(3.93e+02)
1527:0(7.07e+02)1(3.20e+02)
1528:0(1.11e+03)1(5.46e+02)
1529:0(6.08e+02)1(4.34e+02)
1530:1(9.60e+02)0(4.91e+02)
1531:0(9.76e+02)1(9.47e+02)
1532:0(4.18e+02)1(3.45e+02)
1533:1(2.06e+03)0(1.44e+03)
1534:0(1.73e+03)1(1.15e+03)
1535:0(1.22e+03)1(8.92e+02)
1536:0(7.41e+02)1(6.84e+02)
1537:1(8.58e+02)0(7.13e+02)
1538:0(3.21e+02)1(2.99e+02)
1539:1(5.58e+02)0(4.83e+02)
1540:0(1.45e+02)1(1.07e+02)
1541:1(2.10e+02)0(1.58e+02)
1542:0(2.27e+02)1(1.63e+02)
1543:1(3.32e+02)0(1.74e+02)
1544:1(8.83e+02)0(7.55e+02)
1545:1(5.97e+02)0(3.37e+02)
1546:0(1.90e+03)1(1.53e+03)
1547:0(4.11e+02)1(3.50e+02)
1548:0(4.45e+02)1(3.71e+02)
1549:1(4.43e+02)0(4.20e+02)
1550:1(5.00e+02)0(4.43e+02)
1551:0(6.51e+02)1(4.22e+02)
1552:0(4.15e+02)1(3.62e+02)
1553:0(9.28e+02)1(6.46e+02)
1554:1(4.98e+01)0(2.89e+01)
1555:0(4.94e+02)1(2.69e+02)
1556:1(7.96e+02)0(6.52e+02)
1557:1(8.73e+02)0(5.91e+02)
1558:0(2.91e+03)1(2.55e+03)
1559:1(8.90e+02)0(6.93e+02)
1560:0(1.21e+03)1(8.85e+02)
1561:1(6.12e+02)0(5.29e+02)
1562:0(5.00e+02)1(3.32e+02)
1563:0(2.78e+02)1(1.48e+02)
1564:0(4.69e+02)1(3.48e+02)
1565:0(5.34e+02)1(4.62e+02)
1566:1(3.06e+02)0(1.85e+02)
1567:0(1.92e+02)1(1.74e+02)
1568:1(4.66e+02)0(3.76e+02)
1569:0(9.28e+02)1(8.86e+02)
1570:0(7.62e+02)1(6.25e+02)
1571:1(1.47e+03)0(1.37e+03)
1572:0(1.79e+03)1(1.50e+03)
1573:0(1.51e+03)1(1.45e+03)
1574:0(7.21e+02)1(6.05e+02)
1575:0(5.31e+02)1(4.51e+02)
1576:0(1.16e+03)1(1.15e+03)
1577:1(6.41e+02)0(4.34e+02)
1578:1(8.75e+02)0(6.00e+02)
1579:1(1.08e+03)0(8.52e+02)
1580:0(7.17e+02)1(5.93e+02)
1581:1(3.17e+02)0(2.39e+02)
1582:0(5.96e+02)1(4.55e+02)
1583:1(1.38e+03)0(1.18e+03)
1584:1(5.52e+02)0(3.99e+02)
1585:0(1.17e+03)1(1.06e+03)
1586:1(1.04e+03)0(8.69e+02)
1587:1(3.16e+02)0(3.13e+02)
1588:0(4.55e+02)1(3.34e+02)
1589:1(2.74e+02)0(2.03e+02)
1590:1(1.28e+03)0(1.01e+03)
1591:1(7.88e+02)0(6.88e+02)
1592:1(1.76e+03)0(1.23e+03)
1593:1(1.01e+03)0(9.03e+02)
1594:0(1.11e+03)1(7.84e+02)
1595:1(6.49e+02)0(3.79e+02)
1596:0(1.08e+03)1(5.03e+02)
1597:1(1.23e+03)0(1.09e+03)
1598:0(1.20e+03)1(8.11e+02)
1599:1(1.59e+03)0(9.80e+02)
1600:0(8.24e+02)1(1.96e+02)
1601:1(7.94e+02)0(4.84e+02)
1602:1(3.01e+02)0(1.17e+02)
1603:1(4.14e+02)0(2.32e+02)
1604:0(3.00e+02)1(2.63e+02)
1605:0(6.01e+02)1(2.44e+02)
1606:0(7.77e+02)1(3.71e+02)
1607:0(4.95e+02)1(2.92e+02)
1608:1(6.60e+02)0(3.03e+02)
1609:1(1.65e+03)0(1.09e+03)
1610:0(4.91e+02)1(2.45e+02)
1611:1(2.03e+03)0(1.72e+03)
1612:1(8.38e+02)0(8.12e+02)
1613:1(2.99e+03)0(2.05e+03)
1614:0(9.57e+02)1(7.33e+02)
1615:0(2.94e+02)1(2.02e+02)
1616:1(1.05e+03)0(9.99e+02)
1617:0(6.45e+02)1(5.98e+02)
1618:0(2.12e+03)1(1.76e+03)
1619:1(5.56e+02)0(4.93e+02)
1620:0(4.06e+02)1(3.09e+02)
1621:0(1.21e+03)1(8.64e+02)
1622:0(1.75e+03)1(1.45e+03)
1623:1(6.33e+02)0(5.97e+02)
1624:1(2.61e+03)0(2.44e+03)
1625:1(2.68e+02)0(1.68e+02)
1626:0(7.69e+02)1(5.21e+02)
1627:0(1.19e+03)1(9.39e+02)
1628:1(1.93e+02)0(1.68e+02)
1629:0(8.77e+02)1(6.86e+02)
1630:0(1.35e+02)1(1.31e+02)
1631:0(1.19e+03)1(9.10e+02)
1632:0(4.31e+02)1(4.13e+02)
1633:0(1.32e+03)1(8.67e+02)
1634:0(5.84e+02)1(5.15e+02)
1635:1(6.41e+02)0(5.27e+02)
1636:0(7.46e+02)1(6.37e+02)
1637:1(5.57e+02)0(4.56e+02)
1638:1(6.64e+02)0(5.99e+02)
1639:1(5.09e+02)0(3.90e+02)
1640:1(2.20e+02)0(1.42e+02)
1641:0(1.71e+03)1(1.23e+03)
1642:1(2.33e+02)0(2.20e+02)
1643:0(1.77e+03)1(1.65e+03)
1644:0(1.95e+03)1(1.45e+03)
1645:1(1.73e+03)0(1.16e+03)
1646:0(4.42e+02)1(3.13e+02)
1647:1(6.61e+02)0(6.52e+02)
1648:0(6.19e+02)1(4.18e+02)
1649:0(9.72e+02)1(8.14e+02)
1650:0(4.71e+02)1(2.67e+02)
1651:1(3.28e+02)0(2.65e+02)
1652:0(1.36e+03)1(9.94e+02)
1653:0(9.46e+02)1(8.18e+02)
1654:1(2.05e+03)0(1.74e+03)
1655:1(5.14e+02)0(3.96e+02)
1656:1(2.07e+03)0(2.00e+03)
1657:1(6.38e+02)0(4.58e+02)
1658:1(4.97e+02)0(4.20e+02)
1659:1(1.53e+03)0(9.86e+02)
1660:1(4.95e+02)0(3.00e+02)
1661:1(6.42e+02)0(3.59e+02)
1662:1(3.55e+02)0(2.19e+02)
1663:1(1.62e+02)0(1.07e+02)
1664:1(1.09e+03)0(7.90e+02)
1665:0(4.16e+02)1(2.69e+02)
1666:1(1.02e+03)0(8.16e+02)
1667:0(4.62e+02)1(4.32e+02)
1668:0(3.61e+02)1(2.64e+02)
1669:1(1.90e+03)0(1.24e+03)
1670:1(1.02e+03)0(7.35e+02)
1671:0(3.02e+02)1(2.50e+02)
1672:1(5.35e+02)0(3.95e+02)
1673:1(1.05e+03)0(8.67e+02)
1674:0(1.76e+03)1(1.54e+03)
1675:0(5.19e+02)1(3.96e+02)
1676:0(1.03e+03)1(6.96e+02)
1677:0(5.58e+02)1(4.78e+02)
1678:1(8.69e+02)0(7.24e+02)
1679:1(4.48e+02)0(4.37e+02)
1680:0(5.46e+02)1(3.41e+02)
1681:0(3.33e+02)1(3.23e+02)
1682:1(9.15e+02)0(6.28e+02)
1683:1(4.77e+02)0(3.76e+02)
1684:0(6.07e+02)1(5.73e+02)
1685:0(8.74e+02)1(8.60e+02)
1686:0(4.63e+02)1(4.51e+02)
1687:0(1.05e+03)1(8.46e+02)
1688:1(9.20e+02)0(5.62e+02)
1689:0(3.17e+02)1(2.14e+02)
1690:1(6.03e+02)0(3.15e+02)
1691:1(2.93e+02)0(2.80e+02)
1692:0(4.93e+02)1(4.70e+02)
1693:1(1.11e+03)0(8.23e+02)
1694:1(1.46e+03)0(1.27e+03)
1695:1(2.27e+03)0(1.63e+03)
1696:1(6.72e+02)0(5.26e+02)
1697:0(1.04e+03)1(1.04e+03)
1698:1(1.01e+03)0(7.16e+02)
1699:1(4.83e+02)0(3.78e+02)
1700:1(2.34e+03)0(1.81e+03)
1701:0(1.26e+03)1(1.05e+03)
1702:0(6.20e+02)1(5.82e+02)
1703:0(4.55e+02)1(2.93e+02)
1704:0(7.04e+02)1(6.49e+02)
1705:0(3.43e+02)1(1.77e+02)
1706:0(5.61e+02)1(4.01e+02)
1707:1(1.19e+03)0(7.40e+02)
1708:1(3.15e+02)0(2.62e+02)
1709:1(2.01e+03)0(1.90e+03)
1710:0(1.20e+03)1(1.03e+03)
1711:1(7.53e+02)0(6.63e+02)
1712:0(8.56e+02)1(7.64e+02)
1713:0(1.36e+03)1(1.15e+03)
1714:0(6.72e+02)1(6.40e+02)
1715:0(1.06e+03)1(8.01e+02)
1716:0(2.21e+03)1(1.67e+03)
1717:1(7.56e+02)0(4.66e+02)
1718:0(1.45e+03)1(1.18e+03)
1719:0(5.67e+02)1(4.63e+02)
1720:0(3.68e+03)1(3.27e+03)
1721:0(1.15e+03)1(9.26e+02)
1722:1(2.33e+02)0(1.71e+02)
1723:0(2.31e+03)1(1.80e+03)
1724:0(7.71e+02)1(5.32e+02)
1725:0(1.91e+02)1(1.37e+02)
1726:1(1.18e+03)0(8.92e+02)
1727:0(1.09e+03)1(7.91e+02)
1728:0(7.05e+02)1(6.32e+02)
1729:0(1.10e+03)1(1.01e+03)
1730:0(1.71e+03)1(1.39e+03)
1731:1(1.45e+03)0(1.13e+03)
1732:1(1.04e+03)0(9.14e+02)
1733:0(8.77e+02)1(6.62e+02)
1734:0(4.39e+02)1(3.12e+02)
1735:0(1.61e+03)1(9.70e+02)
1736:0(4.88e+02)1(3.97e+02)
1737:0(1.53e+03)1(1.11e+03)
1738:0(7.16e+02)1(5.92e+02)
1739:0(1.45e+02)1(1.27e+02)
1740:0(1.19e+03)1(8.95e+02)
1741:0(2.48e+03)1(1.23e+03)
1742:1(6.53e+02)0(5.68e+02)
1743:0(5.34e+02)1(3.58e+02)
1744:1(5.92e+02)0(4.78e+02)
1745:0(4.42e+02)1(3.96e+02)
1746:1(5.23e+02)0(4.09e+02)
1747:1(7.37e+02)0(6.07e+02)
1748:0(6.27e+02)1(4.48e+02)
1749:0(7.21e+02)1(4.69e+02)
1750:0(5.29e+02)1(3.16e+02)
1751:0(5.13e+02)1(2.84e+02)
1752:1(5.86e+02)0(3.18e+02)
1753:1(7.96e+02)0(7.67e+02)
1754:0(7.45e+02)1(5.95e+02)
1755:0(1.81e+03)1(1.76e+03)
1756:0(1.19e+03)1(7.80e+02)
1757:0(2.06e+03)1(1.97e+03)
1758:0(1.20e+03)1(1.02e+03)
1759:0(4.16e+02)1(2.23e+02)
1760:1(1.05e+03)0(4.53e+02)
1761:0(9.08e+02)1(6.81e+02)
1762:0(1.48e+03)1(1.13e+03)
1763:0(2.47e+03)1(2.02e+03)
1764:0(2.22e+03)1(2.03e+03)
1765:0(8.42e+02)1(7.16e+02)
1766:0(1.41e+03)1(1.14e+03)
1767:0(7.94e+02)1(7.36e+02)
1768:0(1.41e+03)1(8.02e+02)
1769:0(9.16e+02)1(8.06e+02)
1770:0(7.10e+02)1(5.92e+02)
1771:1(4.43e+01)0(4.25e+01)
1772:1(8.90e+02)0(6.07e+02)
1773:0(1.36e+03)1(6.84e+02)
1774:1(4.09e+03)0(3.11e+03)
1775:1(9.96e+02)0(5.49e+02)
1776:0(4.00e+02)1(2.43e+02)
1777:0(6.36e+02)1(6.03e+02)
1778:0(1.85e+02)1(1.36e+02)
1779:1(1.17e+02)0(7.83e+01)
1780:1(8.61e+02)0(8.30e+02)
1781:1(6.74e+02)0(6.27e+02)
1782:0(1.14e+03)1(6.71e+02)
1783:0(1.84e+03)1(1.48e+03)
1784:0(3.38e+02)1(1.84e+02)
1785:0(5.32e+02)1(3.75e+02)
1786:1(6.51e+02)0(4.56e+02)
1787:0(3.31e+02)1(2.21e+02)
1788:1(5.78e+02)0(3.05e+02)
1789:0(4.78e+02)1(3.58e+02)
1790:1(7.11e+02)0(5.74e+02)
1791:1(1.42e+02)0(9.04e+01)
1792:0(6.69e+02)1(5.92e+02)
1793:0(2.67e+02)1(2.42e+02)
1794:0(3.95e+02)1(3.63e+02)
1795:1(2.55e+02)0(7.76e+01)
1796:1(2.10e+02)0(9.48e+01)
1797:1(3.13e+02)0(1.89e+02)
1798:1(5.90e+02)0(3.48e+02)
1799:0(3.84e+02)1(3.75e+02)
1800:1(3.19e+02)0(2.82e+02)
1801:0(2.93e+02)1(1.73e+02)
1802:1(5.81e+02)0(3.09e+02)
1803:1(4.03e+02)0(3.97e+02)
1804:0(6.59e+02)1(4.08e+02)
1805:1(7.58e+02)0(4.85e+02)
1806:0(9.38e+02)1(8.15e+02)
1807:1(1.42e+02)0(1.26e+02)
1808:1(7.69e+02)0(5.53e+02)
1809:1(3.76e+02)0(1.48e+02)
1810:0(1.14e+02)1(1.06e+02)
1811:1(1.50e+03)0(5.82e+02)
1812:1(4.89e+02)0(3.43e+02)
1813:0(3.47e+02)1(1.91e+02)
1814:0(9.12e+02)1(4.19e+02)
1815:0(1.43e+02)1(9.40e+01)
1816:1(2.84e+02)0(1.37e+02)
1817:0(3.39e+02)1(1.73e+02)
1818:1(3.99e+02)0(2.76e+02)
1819:0(3.55e+02)1(2.79e+02)
1820:1(4.39e+02)0(3.93e+02)
1821:0(2.18e+02)1(1.73e+02)
1822:1(4.99e+02)0(3.94e+02)
1823:0(5.06e+02)1(3.67e+02)
1824:1(2.92e+02)0(2.17e+02)
1825:0(1.42e+02)1(1.09e+02)
1826:0(1.49e+02)1(1.12e+02)
1827:1(3.14e+02)0(2.21e+02)
1828:1(2.51e+02)0(1.75e+02)
1829:1(2.89e+02)0(2.44e+02)
1830:0(1.77e+02)1(1.32e+02)
1831:1(2.72e+02)0(2.57e+02)
1832:1(3.17e+02)0(2.38e+02)
1833:1(5.33e+02)0(3.60e+02)
1834:1(8.67e+02)0(8.67e+02)
1835:1(5.37e+02)0(3.75e+02)
1836:1(3.10e+02)0(2.27e+02)
1837:1(1.86e+02)0(1.67e+02)
1838:0(9.82e+02)1(7.23e+02)
1839:0(3.99e+02)1(3.27e+02)
1840:0(1.71e+02)1(1.24e+02)
1841:0(2.11e+02)1(2.11e+02)
1842:0(1.76e+02)1(1.50e+02)
1843:1(5.31e+02)0(4.14e+02)
1844:1(5.45e+02)0(4.34e+02)
1845:1(3.63e+02)0(1.57e+02)
1846:0(3.56e+02)1(2.74e+02)
1847:1(6.26e+02)0(5.65e+02)
1848:0(2.76e+02)1(2.69e+02)
1849:1(1.24e+02)0(8.84e+01)
1850:0(5.35e+02)1(5.19e+02)
1851:0(2.98e+02)1(2.81e+02)
1852:1(2.84e+02)0(2.79e+02)
1853:1(5.97e+02)0(5.29e+02)
1854:1(2.76e+02)0(2.62e+02)
1855:0(4.09e+02)1(3.24e+02)
1856:1(8.91e+02)0(7.78e+02)
1857:0(4.63e+02)1(4.60e+02)
1858:0(8.59e+02)1(7.30e+02)
1859:0(7.76e+02)1(6.42e+02)
1860:0(4.98e+02)1(3.56e+02)
1861:0(4.03e+02)1(2.49e+02)
1862:1(3.69e+02)0(2.25e+02)
1863:0(2.99e+02)1(2.06e+02)
1864:1(2.02e+02)0(1.32e+02)
1865:1(1.42e+03)0(8.41e+02)
1866:1(5.67e+02)0(4.51e+02)
1867:0(2.09e+02)1(2.06e+02)
1868:0(2.68e+03)1(2.24e+03)
1869:0(1.38e+03)1(7.98e+02)
1870:1(3.92e+02)0(2.24e+02)
1871:1(7.53e+02)0(5.13e+02)
1872:0(2.94e+02)1(2.62e+02)
1873:0(2.27e+03)1(1.40e+03)
1874:0(8.01e+02)1(1.73e+02)
1875:1(8.73e+02)0(4.07e+02)
1876:0(4.37e+02)1(3.40e+02)
1877:1(3.08e+02)0(2.87e+02)
1878:1(4.82e+02)0(4.54e+02)
1879:0(2.67e+02)1(2.58e+02)
1880:1(1.01e+02)0(7.09e+01)
1881:1(2.74e+02)0(1.89e+02)
1882:1(5.43e+02)0(3.78e+02)
1883:1(2.04e+02)0(1.26e+02)
1884:1(2.11e+02)0(2.08e+02)
1885:0(9.06e+01)1(8.79e+01)
1886:1(7.11e+02)0(4.02e+02)
1887:1(4.09e+02)0(3.22e+02)
1888:0(2.26e+02)1(2.13e+02)
1889:1(3.06e+02)0(1.98e+02)
1890:0(4.50e+02)1(2.89e+02)
1891:1(8.18e+02)0(6.17e+02)
1892:1(4.82e+02)0(4.47e+02)
1893:0(7.24e+01)1(6.33e+01)
1894:0(9.02e+01)1(7.38e+01)
1895:1(1.29e+03)0(6.94e+02)
1896:0(1.35e+02)1(1.16e+02)
1897:1(4.25e+02)0(1.53e+02)
1898:1(4.87e+02)0(3.71e+02)
1899:0(5.81e+02)1(4.38e+02)
1900:0(4.68e+02)1(3.63e+02)
1901:1(5.35e+02)0(4.35e+02)
1902:0(3.90e+02)1(2.58e+02)
1903:0(1.12e+03)1(8.27e+02)
1904:0(5.28e+02)1(4.75e+02)
1905:1(2.67e+02)0(1.85e+02)
1906:1(6.00e+02)0(4.50e+02)
1907:0(1.89e+02)1(1.73e+02)
1908:0(3.56e+02)1(3.16e+02)
1909:1(3.43e+02)0(3.10e+02)
1910:1(3.99e+02)0(2.19e+02)
1911:0(2.04e+02)1(1.23e+02)
1912:0(6.01e+02)1(5.61e+02)
1913:1(4.79e+02)0(3.60e+02)
1914:0(9.51e+02)1(8.26e+02)
1915:1(5.87e+02)0(5.20e+02)
1916:1(1.44e+03)0(1.21e+03)
1917:1(5.45e+02)0(4.46e+02)
1918:1(4.69e+02)0(3.03e+02)
1919:0(2.98e+02)1(2.44e+02)
1920:0(4.48e+02)1(4.18e+02)
1921:1(3.23e+02)0(2.47e+02)
1922:0(5.37e+02)1(2.72e+02)
1923:0(4.09e+02)1(2.13e+02)
1924:0(1.96e+02)1(8.17e+01)
1925:0(7.08e+02)1(6.49e+02)
1926:0(1.23e+03)1(9.69e+02)
1927:0(1.96e+02)1(1.34e+02)
1928:0(5.50e+02)1(4.38e+02)
1929:0(7.44e+02)1(4.97e+02)
1930:0(5.56e+02)1(5.33e+02)
1931:0(3.07e+02)1(2.02e+02)
1932:1(4.82e+02)0(4.70e+02)
1933:1(5.16e+02)0(4.22e+02)
1934:1(5.91e+02)0(4.02e+02)
1935:1(4.41e+02)0(3.05e+02)
1936:1(1.43e+03)0(1.00e+03)
1937:1(1.11e+03)0(8.83e+02)
1938:1(5.41e+02)0(5.29e+02)
1939:0(9.48e+02)1(4.51e+02)
1940:1(1.37e+03)0(9.59e+02)
1941:1(4.51e+02)0(3.67e+02)
1942:0(2.24e+03)1(2.24e+03)
1943:1(7.06e+02)0(5.52e+02)
1944:1(1.44e+03)0(1.10e+03)
1945:1(1.25e+03)0(8.35e+02)
1946:1(5.85e+02)0(2.89e+02)
1947:1(1.17e+03)0(8.32e+02)
1948:0(7.59e+02)1(7.59e+02)
1949:1(1.94e+03)0(1.84e+03)
1950:1(6.59e+02)0(3.84e+02)
1951:1(1.47e+02)0(8.97e+01)
1952:0(2.53e+02)1(2.31e+02)
1953:1(1.70e+03)0(1.12e+03)
1954:0(2.83e+02)1(2.47e+02)
1955:1(1.07e+03)0(8.93e+02)
1956:0(5.56e+02)1(4.85e+02)
1957:1(4.65e+02)0(4.44e+02)
1958:1(4.30e+02)0(3.97e+02)
1959:1(8.49e+02)0(7.63e+02)
1960:1(3.50e+02)0(3.01e+02)
1961:0(9.70e+02)1(5.74e+02)
1962:0(5.11e+02)1(4.27e+02)
1963:0(3.93e+02)1(2.83e+02)
1964:1(9.99e+02)0(5.58e+02)
1965:0(6.82e+02)1(5.91e+02)
1966:1(1.95e+02)0(1.06e+02)
1967:0(3.73e+02)1(3.02e+02)
1968:0(2.04e+02)1(1.08e+02)
1969:0(7.35e+02)1(5.83e+02)
1970:1(1.08e+03)0(7.41e+02)
1971:1(1.91e+02)0(1.39e+02)
1972:0(9.47e+02)1(7.38e+02)
1973:1(1.15e+02)0(8.96e+01)
1974:1(5.62e+02)0(4.27e+02)
1975:1(1.31e+03)0(8.30e+02)
1976:0(2.15e+02)1(1.84e+02)
1977:0(1.07e+03)1(5.12e+02)
1978:1(3.24e+02)0(2.39e+02)
1979:0(8.83e+02)1(8.65e+02)
1980:0(1.18e+03)1(9.21e+02)
1981:0(1.06e+03)1(1.02e+03)
1982:0(5.69e+02)1(2.34e+02)
1983:1(5.49e+02)0(4.11e+02)
1984:1(1.02e+03)0(5.24e+02)
1985:1(3.20e+02)0(2.58e+02)
1986:0(4.22e+02)1(3.70e+02)
1987:0(6.93e+02)1(5.01e+02)
1988:0(1.18e+02)1(1.16e+02)
1989:0(5.17e+02)1(3.74e+02)
1990:1(9.43e+02)0(7.00e+02)
1991:1(1.15e+03)0(6.80e+02)
1992:0(8.86e+02)1(3.93e+02)
1993:1(1.49e+02)0(1.39e+02)
1994:0(2.81e+02)1(2.65e+02)
1995:0(1.09e+03)1(6.26e+02)
1996:0(6.45e+02)1(2.11e+02)
1997:1(4.44e+02)0(3.29e+02)
1998:0(4.15e+02)1(2.74e+02)
1999:0(4.57e+02)1(3.08e+02)
2000:1(1.40e+02)0(1.15e+02)
2001:1(1.47e+03)0(1.33e+03)
2002:0(3.87e+02)1(3.64e+02)
2003:0(5.22e+02)1(2.82e+02)
2004:0(5.03e+02)1(3.01e+02)
2005:0(1.13e+03)1(8.20e+02)
2006:0(1.60e+02)1(1.55e+02)
2007:0(1.04e+03)1(9.51e+02)
2008:0(8.25e+02)1(7.38e+02)
2009:1(4.12e+02)0(3.87e+02)
2010:0(1.21e+02)1(1.12e+02)
2011:0(7.78e+02)1(5.69e+02)
2012:1(4.53e+02)0(3.28e+02)
2013:1(2.08e+02)0(1.68e+02)
2014:1(2.67e+02)0(2.34e+02)
2015:1(8.79e+02)0(3.37e+02)
2016:0(1.99e+02)1(1.13e+02)
2017:1(8.66e+02)0(4.31e+02)
2018:1(3.76e+02)0(3.28e+02)
2019:1(3.89e+02)0(2.47e+02)
2020:1(4.47e+02)0(4.11e+02)
2021:1(3.38e+02)0(2.26e+02)
2022:0(9.93e+02)1(7.00e+02)
2023:0(8.80e+02)1(7.50e+02)
2024:1(3.44e+02)0(2.63e+02)
2025:1(7.25e+02)0(4.15e+02)
2026:0(1.01e+02)1(8.09e+01)
2027:1(2.36e+02)0(2.03e+02)
2028:0(5.89e+02)1(4.19e+02)
2029:0(7.04e+02)1(5.63e+02)
2030:1(3.87e+02)0(3.60e+02)
2031:0(3.22e+02)1(2.58e+02)
2032:1(2.17e+02)0(2.11e+02)
2033:0(6.26e+02)1(4.60e+02)
2034:0(8.89e+02)1(7.70e+02)
2035:1(3.02e+02)0(2.13e+02)
2036:1(2.73e+02)0(2.65e+02)
2037:1(2.94e+02)0(2.43e+02)
2038:0(3.74e+02)1(2.99e+02)
2039:0(1.60e+02)1(1.00e+02)
2040:1(5.11e+02)0(4.19e+02)
2041:1(4.58e+02)0(4.54e+02)
2042:0(2.18e+02)1(1.84e+02)
2043:1(6.54e+02)0(6.46e+02)
2044:0(4.56e+02)1(4.48e+02)
2045:1(3.96e+02)0(3.16e+02)
2046:1(5.53e+02)0(5.37e+02)
2047:0(3.69e+02)1(2.75e+02)
2048:0(8.83e+02)1(6.70e+02)
2049:1(3.11e+02)0(2.05e+02)
2050:0(4.44e+02)1(1.95e+02)
2051:0(6.32e+02)1(3.95e+02)
2052:0(3.44e+02)1(1.18e+02)
2053:1(1.47e+02)0(1.12e+02)
2054:1(1.08e+02)0(9.72e+01)
2055:1(2.28e+03)0(1.19e+03)
2056:0(1.11e+03)1(7.92e+02)
2057:1(1.38e+03)0(9.37e+02)
2058:0(9.27e+02)1(5.86e+02)
2059:1(3.22e+02)0(2.43e+02)
2060:0(1.64e+02)1(1.29e+02)
2061:1(9.28e+02)0(7.68e+02)
2062:0(9.28e+02)1(8.12e+02)
2063:1(4.52e+02)0(3.66e+02)
2064:1(1.55e+02)0(1.21e+02)
2065:1(1.91e+02)0(1.83e+02)
2066:1(2.52e+02)0(2.20e+02)
2067:0(5.46e+02)1(4.47e+02)
2068:1(2.78e+02)0(2.58e+02)
2069:0(3.88e+02)1(3.41e+02)
2070:1(7.50e+02)0(6.77e+02)
2071:1(2.68e+02)0(1.91e+02)
2072:0(5.74e+02)1(4.19e+02)
2073:1(3.93e+02)0(3.00e+02)
2074:0(5.31e+02)1(2.23e+02)
2075:0(3.41e+02)1(2.88e+02)
2076:1(1.21e+03)0(8.16e+02)
2077:1(1.09e+03)0(8.16e+02)
2078:1(3.29e+02)0(9.13e+01)
2079:1(1.27e+03)0(1.05e+03)
2080:1(8.81e+02)0(7.15e+02)
2081:1(4.02e+02)0(3.51e+02)
2082:1(4.14e+02)0(3.84e+02)
2083:1(4.24e+02)0(3.75e+02)
2084:0(4.44e+02)1(4.29e+02)
2085:1(2.96e+02)0(2.05e+02)
2086:0(1.26e+03)1(1.20e+03)
2087:0(2.04e+03)1(1.67e+03)
2088:0(4.19e+02)1(3.26e+02)
2089:0(3.72e+02)1(3.38e+02)
2090:1(3.79e+02)0(3.74e+02)
2091:1(1.04e+03)0(9.45e+02)
2092:0(8.13e+02)1(6.47e+02)
2093:0(1.82e+03)1(1.48e+03)
2094:1(3.05e+02)0(2.39e+02)
2095:0(1.74e+02)1(9.34e+01)
2096:0(5.93e+02)1(5.13e+02)
2097:0(3.36e+02)1(1.95e+02)
2098:0(7.65e+02)1(7.25e+02)
2099:1(4.88e+02)0(4.72e+02)
2100:1(3.88e+02)0(1.89e+02)
2101:1(2.49e+02)0(2.17e+02)
2102:0(4.63e+02)1(3.49e+02)
2103:1(8.73e+02)0(6.05e+02)
2104:1(2.10e+02)0(1.53e+02)
2105:1(7.92e+02)0(6.13e+02)
2106:1(1.45e+03)0(1.29e+03)
2107:1(8.18e+02)0(5.03e+02)
2108:0(3.45e+02)1(2.33e+02)
2109:0(5.28e+02)1(2.17e+02)
2110:0(4.50e+02)1(2.86e+02)
2111:0(6.00e+02)1(5.04e+02)
2112:0(2.30e+03)1(1.61e+03)
2113:1(1.35e+03)0(1.27e+03)
2114:1(1.18e+03)0(1.06e+03)
2115:0(1.05e+03)1(1.03e+03)
2116:0(6.12e+02)1(4.09e+02)
2117:1(4.51e+02)0(4.16e+02)
2118:1(6.96e+02)0(6.40e+02)
2119:1(1.45e+03)0(1.34e+03)
2120:0(3.14e+02)1(2.73e+02)
2121:0(7.12e+02)1(6.37e+02)
2122:1(4.87e+02)0(4.34e+02)
2123:1(3.19e+02)0(2.99e+02)
2124:1(2.57e+02)0(2.53e+02)
2125:0(4.29e+02)1(2.98e+02)
2126:0(1.15e+03)1(1.03e+03)
2127:0(3.98e+02)1(3.23e+02)
2128:1(9.81e+02)0(5.96e+02)INFO: s3mixw_io.c(233): Wrote /home/ilya/Рабочий стол/lab_sphinx/ru_base/model_parameters/ru_base.cd_cont_initial/mixture_weights [2129x1x4 array]
INFO: s3gau_io.c(228): Wrote /home/ilya/Рабочий стол/lab_sphinx/ru_base/model_parameters/ru_base.cd_cont_initial/means [2129x1x4 array]
INFO: s3gau_io.c(228): Wrote /home/ilya/Рабочий стол/lab_sphinx/ru_base/model_parameters/ru_base.cd_cont_initial/variances [2129x1x4 array]

Mon Mar 20 21:42:45 2017
