Current configuration:
[NAME]		[DEFLT]	[VALUE]
-dcountfn		/home/ilya/Рабочий стол/lab_sphinx/ru_base/model_parameters/ru_base.cd_cont_2000/mixture_weights
-example	no	no
-fullvar	no	no
-help		no	no
-inmeanfn		/home/ilya/Рабочий стол/lab_sphinx/ru_base/model_parameters/ru_base.cd_cont_2000/means
-inmixwfn		/home/ilya/Рабочий стол/lab_sphinx/ru_base/model_parameters/ru_base.cd_cont_2000/mixture_weights
-invarfn		/home/ilya/Рабочий стол/lab_sphinx/ru_base/model_parameters/ru_base.cd_cont_2000/variances
-ninc		1	1
-outmeanfn		/home/ilya/Рабочий стол/lab_sphinx/ru_base/model_parameters/ru_base.cd_cont_initial/means
-outmixwfn		/home/ilya/Рабочий стол/lab_sphinx/ru_base/model_parameters/ru_base.cd_cont_initial/mixture_weights
-outvarfn		/home/ilya/Рабочий стол/lab_sphinx/ru_base/model_parameters/ru_base.cd_cont_initial/variances

INFO: main.c(86): Reading mixing weight file /home/ilya/Рабочий стол/lab_sphinx/ru_base/model_parameters/ru_base.cd_cont_2000/mixture_weights.
INFO: s3mixw_io.c(117): Read /home/ilya/Рабочий стол/lab_sphinx/ru_base/model_parameters/ru_base.cd_cont_2000/mixture_weights [2129x1x1 array]
INFO: s3gau_io.c(169): Read /home/ilya/Рабочий стол/lab_sphinx/ru_base/model_parameters/ru_base.cd_cont_2000/means [2129x1x1 array]
INFO: s3gau_io.c(169): Read /home/ilya/Рабочий стол/lab_sphinx/ru_base/model_parameters/ru_base.cd_cont_2000/variances [2129x1x1 array]
INFO: s3gau_io.c(553): Read /home/ilya/Рабочий стол/lab_sphinx/ru_base/model_parameters/ru_base.cd_cont_2000/mixture_weights [2129x1x1 array]
INFO: main.c(151): output n_density == 2
0:0(1.69e+05)
1:0(9.86e+04)
2:0(4.38e+04)
3:0(5.98e+04)
4:0(9.26e+04)
5:0(8.83e+04)
6:0(1.64e+04)
7:0(1.08e+04)
8:0(8.99e+03)
9:0(5.15e+03)
10:0(2.99e+03)
11:0(2.84e+03)
12:0(3.46e+03)
13:0(5.22e+03)
14:0(3.31e+03)
15:0(1.53e+04)
16:0(1.77e+04)
17:0(1.19e+04)
18:0(1.70e+04)
19:0(1.23e+04)
20:0(1.32e+04)
21:0(8.91e+03)
22:0(6.37e+03)
23:0(6.34e+03)
24:0(5.69e+04)
25:0(5.11e+04)
26:0(5.64e+04)
27:0(2.61e+02)
28:0(6.07e+02)
29:0(2.68e+02)
30:0(4.54e+02)
31:0(9.28e+02)
32:0(5.45e+02)
33:0(1.45e+04)
34:0(1.19e+04)
35:0(1.38e+04)
36:0(8.93e+02)
37:0(1.21e+03)
38:0(1.77e+03)
39:0(5.30e+03)
40:0(9.39e+03)
41:0(9.95e+03)
42:0(1.69e+02)
43:0(3.09e+02)
44:0(1.27e+02)
45:0(4.65e+04)
46:0(4.00e+04)
47:0(6.17e+04)
48:0(1.91e+04)
49:0(3.12e+04)
50:0(4.10e+04)
51:0(3.62e+04)
52:0(2.31e+04)
53:0(1.93e+04)
54:0(9.02e+03)
55:0(5.23e+03)
56:0(4.47e+03)
57:0(2.05e+04)
58:0(3.07e+04)
59:0(2.64e+04)
60:0(1.50e+04)
61:0(1.67e+04)
62:0(1.84e+04)
63:0(1.64e+04)
64:0(3.14e+04)
65:0(2.02e+04)
66:0(6.22e+03)
67:0(9.40e+03)
68:0(5.95e+03)
69:0(2.67e+04)
70:0(3.25e+04)
71:0(2.41e+04)
72:0(2.04e+04)
73:0(1.26e+04)
74:0(1.19e+04)
75:0(6.67e+04)
76:0(8.46e+04)
77:0(7.23e+04)
78:0(4.14e+04)
79:0(1.82e+04)
80:0(1.23e+04)
81:0(5.72e+03)
82:0(3.33e+03)
83:0(2.60e+03)
84:0(1.59e+04)
85:0(1.60e+04)
86:0(1.43e+04)
87:0(1.05e+04)
88:0(6.90e+03)
89:0(9.54e+03)
90:0(2.54e+04)
91:0(4.54e+04)
92:0(3.38e+04)
93:0(4.75e+03)
94:0(9.88e+03)
95:0(4.59e+03)
96:0(6.85e+03)
97:0(1.50e+04)
98:0(8.07e+03)
99:0(1.17e+04)
100:0(2.44e+04)
101:0(1.49e+04)
102:0(4.35e+04)
103:0(2.33e+04)
104:0(2.54e+04)
105:0(2.10e+04)
106:0(1.56e+04)
107:0(1.23e+04)
108:0(2.64e+04)
109:0(3.12e+04)
110:0(4.41e+04)
111:0(2.27e+04)
112:0(4.73e+04)
113:0(2.73e+04)
114:0(8.89e+03)
115:0(1.00e+04)
116:0(1.15e+04)
117:0(1.05e+04)
118:0(1.39e+04)
119:0(2.31e+04)
120:0(1.09e+04)
121:0(1.55e+04)
122:0(1.16e+04)
123:0(7.91e+03)
124:0(1.35e+04)
125:0(7.96e+03)
126:0(2.10e+03)
127:0(3.02e+03)
128:0(2.20e+03)
129:0(8.14e+02)
130:0(1.43e+03)
131:0(6.97e+02)
132:0(4.08e+03)
133:0(1.24e+03)
134:0(1.71e+03)
135:0(6.11e+02)
136:0(2.52e+03)
137:0(5.19e+02)
138:0(7.77e+02)
139:0(6.11e+02)
140:0(6.62e+02)
141:0(1.24e+03)
142:0(1.47e+02)
143:0(2.06e+02)
144:0(3.47e+02)
145:0(4.36e+02)
146:0(1.02e+03)
147:0(5.79e+02)
148:0(6.03e+02)
149:0(6.51e+02)
150:0(3.35e+02)
151:0(4.43e+02)
152:0(1.48e+03)
153:0(5.45e+02)
154:0(4.25e+02)
155:0(4.23e+02)
156:0(1.16e+03)
157:0(1.03e+02)
158:0(8.00e+02)
159:0(2.29e+02)
160:0(1.03e+03)
161:0(4.88e+02)
162:0(3.94e+02)
163:0(1.93e+03)
164:0(5.33e+02)
165:0(9.75e+02)
166:0(1.39e+03)
167:0(2.65e+02)
168:0(1.24e+03)
169:0(2.33e+03)
170:0(1.64e+03)
171:0(8.72e+02)
172:0(1.31e+03)
173:0(4.76e+02)
174:0(6.42e+02)
175:0(1.41e+03)
176:0(2.34e+03)
177:0(1.87e+03)
178:0(8.81e+02)
179:0(2.78e+03)
180:0(1.37e+03)
181:0(7.39e+02)
182:0(8.36e+02)
183:0(3.48e+02)
184:0(2.74e+03)
185:0(1.31e+03)
186:0(8.54e+02)
187:0(1.60e+03)
188:0(1.13e+03)
189:0(1.50e+03)
190:0(5.12e+02)
191:0(1.56e+03)
192:0(2.49e+03)
193:0(2.50e+02)
194:0(3.55e+02)
195:0(9.40e+02)
196:0(5.34e+02)
197:0(1.14e+03)
198:0(1.23e+03)
199:0(1.86e+03)
200:0(6.14e+02)
201:0(1.52e+03)
202:0(6.60e+02)
203:0(9.47e+02)
204:0(6.42e+02)
205:0(2.79e+02)
206:0(5.16e+02)
207:0(1.23e+03)
208:0(5.23e+02)
209:0(8.14e+01)
210:0(1.29e+03)
211:0(6.15e+02)
212:0(9.41e+02)
213:0(4.92e+02)
214:0(5.58e+02)
215:0(1.05e+03)
216:0(8.13e+02)
217:0(9.69e+02)
218:0(7.68e+02)
219:0(9.78e+02)
220:0(4.56e+02)
221:0(3.04e+02)
222:0(3.88e+02)
223:0(2.64e+02)
224:0(1.34e+03)
225:0(1.27e+03)
226:0(2.40e+02)
227:0(3.12e+02)
228:0(1.38e+03)
229:0(1.05e+03)
230:0(4.62e+02)
231:0(1.66e+03)
232:0(1.75e+03)
233:0(1.34e+03)
234:0(1.49e+02)
235:0(1.60e+03)
236:0(1.19e+03)
237:0(6.18e+02)
238:0(2.80e+03)
239:0(2.09e+03)
240:0(9.62e+02)
241:0(3.19e+02)
242:0(2.13e+03)
243:0(1.54e+03)
244:0(4.00e+02)
245:0(7.21e+02)
246:0(9.46e+02)
247:0(1.22e+03)
248:0(6.98e+02)
249:0(1.08e+03)
250:0(7.30e+01)
251:0(6.24e+02)
252:0(6.82e+02)
253:0(2.88e+02)
254:0(5.74e+02)
255:0(8.97e+02)
256:0(3.01e+03)
257:0(7.30e+02)
258:0(9.89e+02)
259:0(1.12e+03)
260:0(3.54e+03)
261:0(8.71e+02)
262:0(1.36e+03)
263:0(1.09e+03)
264:0(1.24e+03)
265:0(1.21e+03)
266:0(7.38e+02)
267:0(6.76e+02)
268:0(8.81e+02)
269:0(5.38e+02)
270:0(3.40e+03)
271:0(2.81e+03)
272:0(6.40e+02)
273:0(7.12e+02)
274:0(3.56e+02)
275:0(9.69e+02)
276:0(1.29e+03)
277:0(2.15e+03)
278:0(1.07e+03)
279:0(8.51e+02)
280:0(1.54e+02)
281:0(1.65e+03)
282:0(8.32e+02)
283:0(1.70e+03)
284:0(1.73e+02)
285:0(5.63e+03)
286:0(5.44e+02)
287:0(1.00e+03)
288:0(2.31e+03)
289:0(3.07e+03)
290:0(1.11e+03)
291:0(8.63e+02)
292:0(1.69e+03)
293:0(1.14e+03)
294:0(8.00e+02)
295:0(2.65e+02)
296:0(7.69e+02)
297:0(1.25e+03)
298:0(1.66e+03)
299:0(1.70e+03)
300:0(4.81e+02)
301:0(8.91e+02)
302:0(1.08e+03)
303:0(8.54e+02)
304:0(8.30e+02)
305:0(9.27e+02)
306:0(8.21e+02)
307:0(1.02e+03)
308:0(1.51e+03)
309:0(1.18e+03)
310:0(2.45e+02)
311:0(8.60e+02)
312:0(2.13e+03)
313:0(2.74e+03)
314:0(6.99e+02)
315:0(2.65e+03)
316:0(8.58e+02)
317:0(8.71e+02)
318:0(1.74e+03)
319:0(1.03e+03)
320:0(3.44e+02)
321:0(1.46e+03)
322:0(1.37e+02)
323:0(2.13e+03)
324:0(7.65e+02)
325:0(1.09e+03)
326:0(2.89e+03)
327:0(2.27e+03)
328:0(2.45e+02)
329:0(6.10e+02)
330:0(3.19e+02)
331:0(1.19e+03)
332:0(8.39e+02)
333:0(5.68e+02)
334:0(1.52e+03)
335:0(4.86e+02)
336:0(7.77e+02)
337:0(2.17e+02)
338:0(3.71e+02)
339:0(1.84e+03)
340:0(1.54e+03)
341:0(5.86e+02)
342:0(8.14e+02)
343:0(1.67e+03)
344:0(2.17e+03)
345:0(1.90e+02)
346:0(8.03e+02)
347:0(7.25e+02)
348:0(1.11e+03)
349:0(2.45e+02)
350:0(1.04e+03)
351:0(7.47e+02)
352:0(8.28e+02)
353:0(8.94e+02)
354:0(6.21e+02)
355:0(1.75e+03)
356:0(2.80e+03)
357:0(1.51e+03)
358:0(1.87e+03)
359:0(3.15e+03)
360:0(2.79e+03)
361:0(3.80e+02)
362:0(6.52e+02)
363:0(1.72e+03)
364:0(8.38e+02)
365:0(7.58e+02)
366:0(5.07e+02)
367:0(7.22e+02)
368:0(1.92e+03)
369:0(1.99e+02)
370:0(6.72e+02)
371:0(8.61e+02)
372:0(1.24e+03)
373:0(1.03e+03)
374:0(3.35e+02)
375:0(6.69e+02)
376:0(3.86e+02)
377:0(8.98e+02)
378:0(1.18e+03)
379:0(8.46e+02)
380:0(5.67e+02)
381:0(8.13e+02)
382:0(9.73e+02)
383:0(1.18e+03)
384:0(1.48e+03)
385:0(6.84e+02)
386:0(2.67e+03)
387:0(1.24e+03)
388:0(5.46e+02)
389:0(2.99e+03)
390:0(8.60e+02)
391:0(1.98e+03)
392:0(1.89e+03)
393:0(9.51e+02)
394:0(6.13e+02)
395:0(3.96e+03)
396:0(1.26e+03)
397:0(4.68e+02)
398:0(8.32e+02)
399:0(2.01e+03)
400:0(7.22e+02)
401:0(1.05e+03)
402:0(2.53e+03)
403:0(3.61e+03)
404:0(2.39e+03)
405:0(1.04e+02)
406:0(1.08e+03)
407:0(3.84e+03)
408:0(1.79e+03)
409:0(1.56e+03)
410:0(1.47e+03)
411:0(1.22e+03)
412:0(1.32e+03)
413:0(5.64e+03)
414:0(4.74e+03)
415:0(5.63e+02)
416:0(6.72e+02)
417:0(2.03e+02)
418:0(7.07e+02)
419:0(1.23e+03)
420:0(1.95e+03)
421:0(5.64e+02)
422:0(1.48e+03)
423:0(1.49e+03)
424:0(6.52e+02)
425:0(1.31e+03)
426:0(1.04e+03)
427:0(2.33e+03)
428:0(3.24e+02)
429:0(6.51e+02)
430:0(2.45e+03)
431:0(2.88e+02)
432:0(1.22e+03)
433:0(8.07e+02)
434:0(4.09e+02)
435:0(1.08e+03)
436:0(1.61e+03)
437:0(5.37e+02)
438:0(1.65e+03)
439:0(1.65e+03)
440:0(7.97e+02)
441:0(1.16e+03)
442:0(9.99e+02)
443:0(1.17e+03)
444:0(1.64e+03)
445:0(2.31e+03)
446:0(2.12e+03)
447:0(1.49e+03)
448:0(4.70e+02)
449:0(9.99e+02)
450:0(9.04e+02)
451:0(2.36e+02)
452:0(7.09e+02)
453:0(1.09e+03)
454:0(5.43e+02)
455:0(7.54e+02)
456:0(1.30e+03)
457:0(1.67e+03)
458:0(1.78e+03)
459:0(1.59e+03)
460:0(2.01e+03)
461:0(1.71e+03)
462:0(2.09e+03)
463:0(2.00e+03)
464:0(1.31e+03)
465:0(3.51e+03)
466:0(3.26e+03)
467:0(2.56e+03)
468:0(5.52e+02)
469:0(1.60e+03)
470:0(2.90e+03)
471:0(9.42e+02)
472:0(4.94e+02)
473:0(4.08e+02)
474:0(1.01e+03)
475:0(1.29e+03)
476:0(3.70e+02)
477:0(6.90e+02)
478:0(7.33e+02)
479:0(5.11e+02)
480:0(9.92e+02)
481:0(4.92e+02)
482:0(8.39e+02)
483:0(7.47e+02)
484:0(1.58e+03)
485:0(1.25e+03)
486:0(7.66e+02)
487:0(2.29e+03)
488:0(1.12e+03)
489:0(9.03e+02)
490:0(6.76e+02)
491:0(7.50e+02)
492:0(1.12e+03)
493:0(1.73e+03)
494:0(7.21e+02)
495:0(3.01e+02)
496:0(1.54e+03)
497:0(1.71e+03)
498:0(1.62e+02)
499:0(1.36e+03)
500:0(2.77e+03)
501:0(3.58e+02)
502:0(5.18e+02)
503:0(1.06e+03)
504:0(1.87e+03)
505:0(1.37e+03)
506:0(8.75e+02)
507:0(3.83e+02)
508:0(4.72e+02)
509:0(9.21e+02)
510:0(5.94e+02)
511:0(1.17e+03)
512:0(4.99e+02)
513:0(2.65e+02)
514:0(2.65e+03)
515:0(7.35e+02)
516:0(9.07e+02)
517:0(7.33e+02)
518:0(4.80e+02)
519:0(7.77e+02)
520:0(2.14e+03)
521:0(1.32e+03)
522:0(4.62e+02)
523:0(1.05e+03)
524:0(1.12e+03)
525:0(4.19e+02)
526:0(1.62e+03)
527:0(5.20e+02)
528:0(4.22e+02)
529:0(4.93e+02)
530:0(7.45e+02)
531:0(2.72e+02)
532:0(1.26e+03)
533:0(6.56e+02)
534:0(5.80e+02)
535:0(2.29e+03)
536:0(8.91e+02)
537:0(1.86e+02)
538:0(4.51e+02)
539:0(6.15e+02)
540:0(6.56e+02)
541:0(5.00e+02)
542:0(1.45e+03)
543:0(5.22e+02)
544:0(1.36e+03)
545:0(6.63e+02)
546:0(1.12e+03)
547:0(1.40e+03)
548:0(3.64e+02)
549:0(4.49e+02)
550:0(3.77e+02)
551:0(1.25e+03)
552:0(6.93e+02)
553:0(1.29e+03)
554:0(4.97e+02)
555:0(2.64e+03)
556:0(1.42e+03)
557:0(7.14e+02)
558:0(6.13e+02)
559:0(1.11e+03)
560:0(1.01e+03)
561:0(8.57e+02)
562:0(7.72e+02)
563:0(1.40e+03)
564:0(8.39e+02)
565:0(4.09e+02)
566:0(1.44e+03)
567:0(6.31e+02)
568:0(5.18e+02)
569:0(1.01e+03)
570:0(6.75e+02)
571:0(4.89e+02)
572:0(4.23e+02)
573:0(8.15e+02)
574:0(1.28e+03)
575:0(4.09e+02)
576:0(3.30e+02)
577:0(3.25e+03)
578:0(6.90e+02)
579:0(5.05e+02)
580:0(1.02e+03)
581:0(1.06e+03)
582:0(7.66e+02)
583:0(5.68e+02)
584:0(1.19e+03)
585:0(3.55e+02)
586:0(7.16e+02)
587:0(1.45e+02)
588:0(1.65e+03)
589:0(1.88e+02)
590:0(3.51e+02)
591:0(5.28e+02)
592:0(2.99e+02)
593:0(1.71e+03)
594:0(1.42e+02)
595:0(3.14e+02)
596:0(1.53e+03)
597:0(4.36e+02)
598:0(1.02e+03)
599:0(6.72e+02)
600:0(3.85e+02)
601:0(1.29e+03)
602:0(6.78e+02)
603:0(3.47e+03)
604:0(1.07e+03)
605:0(9.34e+02)
606:0(3.12e+02)
607:0(7.81e+02)
608:0(6.45e+02)
609:0(3.35e+02)
610:0(1.69e+03)
611:0(7.40e+02)
612:0(4.04e+02)
613:0(2.83e+02)
614:0(7.49e+02)
615:0(9.29e+02)
616:0(1.20e+03)
617:0(4.15e+02)
618:0(5.47e+02)
619:0(1.64e+03)
620:0(2.53e+03)
621:0(3.17e+02)
622:0(7.72e+02)
623:0(6.61e+02)
624:0(5.78e+02)
625:0(2.13e+03)
626:0(1.66e+03)
627:0(1.41e+03)
628:0(9.75e+02)
629:0(1.81e+02)
630:0(1.02e+03)
631:0(2.61e+03)
632:0(3.40e+02)
633:0(3.64e+02)
634:0(8.15e+02)
635:0(1.08e+03)
636:0(1.95e+02)
637:0(1.87e+03)
638:0(6.10e+02)
639:0(7.72e+02)
640:0(1.83e+03)
641:0(9.24e+02)
642:0(5.92e+02)
643:0(1.12e+03)
644:0(2.61e+03)
645:0(2.42e+03)
646:0(1.36e+03)
647:0(2.61e+02)
648:0(6.07e+02)
649:0(2.68e+02)
650:0(4.54e+02)
651:0(9.28e+02)
652:0(5.45e+02)
653:0(2.30e+02)
654:0(1.75e+03)
655:0(1.93e+03)
656:0(2.16e+03)
657:0(2.34e+02)
658:0(1.02e+03)
659:0(1.77e+03)
660:0(2.49e+02)
661:0(2.18e+02)
662:0(9.95e+02)
663:0(1.58e+03)
664:0(1.02e+03)
665:0(1.30e+03)
666:0(4.08e+02)
667:0(3.20e+02)
668:0(4.75e+02)
669:0(1.12e+03)
670:0(1.61e+03)
671:0(7.99e+02)
672:0(5.88e+02)
673:0(1.28e+03)
674:0(1.70e+03)
675:0(1.62e+03)
676:0(9.24e+02)
677:0(1.03e+03)
678:0(2.33e+03)
679:0(7.00e+02)
680:0(1.31e+02)
681:0(2.40e+03)
682:0(1.18e+03)
683:0(3.67e+02)
684:0(2.49e+03)
685:0(8.95e+02)
686:0(4.51e+02)
687:0(9.21e+02)
688:0(4.42e+02)
689:0(6.42e+02)
690:0(8.15e+02)
691:0(8.93e+02)
692:0(9.46e+02)
693:0(2.62e+02)
694:0(1.43e+03)
695:0(3.48e+02)
696:0(1.36e+03)
697:0(5.32e+02)
698:0(5.36e+02)
699:0(4.73e+02)
700:0(1.47e+03)
701:0(3.51e+02)
702:0(5.79e+02)
703:0(1.14e+03)
704:0(1.24e+03)
705:0(2.20e+02)
706:0(7.19e+02)
707:0(1.41e+03)
708:0(3.90e+02)
709:0(1.29e+03)
710:0(8.72e+02)
711:0(6.29e+02)
712:0(5.55e+02)
713:0(9.32e+02)
714:0(6.68e+02)
715:0(1.06e+03)
716:0(8.35e+02)
717:0(1.21e+03)
718:0(1.92e+03)
719:0(1.59e+03)
720:0(5.66e+02)
721:0(2.41e+02)
722:0(8.15e+02)
723:0(1.05e+03)
724:0(1.69e+02)
725:0(3.09e+02)
726:0(1.27e+02)
727:0(5.23e+02)
728:0(1.23e+03)
729:0(1.75e+03)
730:0(2.39e+03)
731:0(7.99e+02)
732:0(6.27e+02)
733:0(5.28e+02)
734:0(7.25e+02)
735:0(5.11e+02)
736:0(5.68e+02)
737:0(5.48e+02)
738:0(6.44e+02)
739:0(7.76e+02)
740:0(7.19e+02)
741:0(5.71e+02)
742:0(3.81e+02)
743:0(9.17e+02)
744:0(7.82e+02)
745:0(3.39e+03)
746:0(3.63e+03)
747:0(3.59e+02)
748:0(3.10e+02)
749:0(3.11e+03)
750:0(9.38e+02)
751:0(6.73e+02)
752:0(1.38e+03)
753:0(2.15e+02)
754:0(1.31e+03)
755:0(7.23e+02)
756:0(5.12e+02)
757:0(1.00e+03)
758:0(1.55e+03)
759:0(6.13e+02)
760:0(5.25e+02)
761:0(7.79e+02)
762:0(5.07e+02)
763:0(2.20e+02)
764:0(7.48e+02)
765:0(5.11e+02)
766:0(8.79e+02)
767:0(6.34e+02)
768:0(9.53e+02)
769:0(7.10e+02)
770:0(9.91e+02)
771:0(9.23e+02)
772:0(1.36e+03)
773:0(1.50e+03)
774:0(5.27e+02)
775:0(3.45e+02)
776:0(1.57e+03)
777:0(5.14e+02)
778:0(8.38e+02)
779:0(7.80e+02)
780:0(3.70e+02)
781:0(4.41e+02)
782:0(3.02e+02)
783:0(3.54e+02)
784:0(4.40e+02)
785:0(4.61e+02)
786:0(1.34e+03)
787:0(1.29e+03)
788:0(9.80e+02)
789:0(2.33e+02)
790:0(9.18e+02)
791:0(6.86e+02)
792:0(1.15e+03)
793:0(1.25e+03)
794:0(9.27e+02)
795:0(6.68e+02)
796:0(6.54e+02)
797:0(2.97e+02)
798:0(4.74e+02)
799:0(7.40e+02)
800:0(3.05e+02)
801:0(1.39e+02)
802:0(1.34e+03)
803:0(2.49e+02)
804:0(6.51e+02)
805:0(7.57e+02)
806:0(1.02e+03)
807:0(1.39e+03)
808:0(5.66e+02)
809:0(1.95e+03)
810:0(1.08e+03)
811:0(1.28e+03)
812:0(1.15e+03)
813:0(4.40e+02)
814:0(1.75e+03)
815:0(1.34e+03)
816:0(2.79e+02)
817:0(6.53e+02)
818:0(5.46e+02)
819:0(5.03e+02)
820:0(4.53e+02)
821:0(9.87e+02)
822:0(9.98e+02)
823:0(4.97e+02)
824:0(6.94e+02)
825:0(5.94e+02)
826:0(3.03e+02)
827:0(1.12e+02)
828:0(2.72e+03)
829:0(4.06e+03)
830:0(3.11e+03)
831:0(7.72e+02)
832:0(1.98e+02)
833:0(1.90e+03)
834:0(2.23e+03)
835:0(1.73e+03)
836:0(2.57e+03)
837:0(2.28e+03)
838:0(5.20e+02)
839:0(2.36e+02)
840:0(9.69e+02)
841:0(2.99e+02)
842:0(1.81e+02)
843:0(1.99e+03)
844:0(7.44e+02)
845:0(1.34e+03)
846:0(2.67e+03)
847:0(1.14e+03)
848:0(2.22e+03)
849:0(2.81e+03)
850:0(4.65e+02)
851:0(7.38e+02)
852:0(7.69e+02)
853:0(5.57e+02)
854:0(1.21e+03)
855:0(1.52e+03)
856:0(1.46e+03)
857:0(1.34e+03)
858:0(2.99e+02)
859:0(1.46e+03)
860:0(9.97e+02)
861:0(3.51e+02)
862:0(3.72e+02)
863:0(1.47e+03)
864:0(5.48e+02)
865:0(6.54e+02)
866:0(3.55e+02)
867:0(1.01e+03)
868:0(4.83e+02)
869:0(2.44e+02)
870:0(1.06e+03)
871:0(8.93e+02)
872:0(5.12e+02)
873:0(5.76e+02)
874:0(6.24e+02)
875:0(5.29e+02)
876:0(8.70e+02)
877:0(4.84e+02)
878:0(9.63e+02)
879:0(1.14e+03)
880:0(4.25e+02)
881:0(5.25e+02)
882:0(3.33e+02)
883:0(5.33e+02)
884:0(6.31e+02)
885:0(2.39e+02)
886:0(3.23e+02)
887:0(5.20e+02)
888:0(4.77e+02)
889:0(1.56e+02)
890:0(1.69e+03)
891:0(3.89e+02)
892:0(4.43e+02)
893:0(1.53e+03)
894:0(1.05e+03)
895:0(8.92e+02)
896:0(1.63e+03)
897:0(2.71e+03)
898:0(1.01e+03)
899:0(5.13e+02)
900:0(1.64e+03)
901:0(7.97e+02)
902:0(1.63e+03)
903:0(1.49e+02)
904:0(4.45e+02)
905:0(1.46e+03)
906:0(6.79e+02)
907:0(1.14e+03)
908:0(4.53e+02)
909:0(5.41e+02)
910:0(3.75e+02)
911:0(8.03e+02)
912:0(1.92e+03)
913:0(2.46e+03)
914:0(8.95e+02)
915:0(2.50e+02)
916:0(4.46e+02)
917:0(1.05e+03)
918:0(1.26e+02)
919:0(8.49e+02)
920:0(7.93e+02)
921:0(5.51e+02)
922:0(1.83e+03)
923:0(8.49e+02)
924:0(8.23e+02)
925:0(2.70e+02)
926:0(4.22e+02)
927:0(6.07e+02)
928:0(1.35e+02)
929:0(1.57e+02)
930:0(1.44e+03)
931:0(3.80e+03)
932:0(3.37e+03)
933:0(2.11e+03)
934:0(9.67e+02)
935:0(4.89e+02)
936:0(1.65e+03)
937:0(6.07e+03)
938:0(1.74e+03)
939:0(1.68e+03)
940:0(2.56e+02)
941:0(1.80e+03)
942:0(2.24e+03)
943:0(1.51e+03)
944:0(6.47e+03)
945:0(7.49e+02)
946:0(1.25e+03)
947:0(3.30e+03)
948:0(5.91e+02)
949:0(6.87e+02)
950:0(4.93e+02)
951:0(2.57e+02)
952:0(6.34e+02)
953:0(1.51e+03)
954:0(3.41e+02)
955:0(1.10e+03)
956:0(9.21e+02)
957:0(1.32e+03)
958:0(3.86e+02)
959:0(1.22e+02)
960:0(3.80e+02)
961:0(3.30e+02)
962:0(4.07e+02)
963:0(6.07e+02)
964:0(7.67e+02)
965:0(1.03e+03)
966:0(4.44e+03)
967:0(3.54e+02)
968:0(2.79e+03)
969:0(2.47e+03)
970:0(7.56e+02)
971:0(3.18e+02)
972:0(3.22e+02)
973:0(4.04e+02)
974:0(6.61e+02)
975:0(6.97e+02)
976:0(3.12e+03)
977:0(1.52e+03)
978:0(6.47e+02)
979:0(1.73e+03)
980:0(3.20e+03)
981:0(9.41e+02)
982:0(4.38e+02)
983:0(3.73e+03)
984:0(4.27e+03)
985:0(1.80e+03)
986:0(5.77e+02)
987:0(1.51e+03)
988:0(1.37e+03)
989:0(2.15e+03)
990:0(9.45e+02)
991:0(3.58e+02)
992:0(8.74e+02)
993:0(3.63e+02)
994:0(1.33e+03)
995:0(5.00e+02)
996:0(3.61e+03)
997:0(3.45e+03)
998:0(2.05e+03)
999:0(9.98e+02)
1000:0(3.56e+03)
1001:0(1.45e+03)
1002:0(1.28e+03)
1003:0(4.14e+02)
1004:0(1.79e+03)
1005:0(1.72e+02)
1006:0(6.49e+02)
1007:0(1.06e+03)
1008:0(4.49e+02)
1009:0(2.28e+03)
1010:0(4.86e+03)
1011:0(1.91e+03)
1012:0(9.87e+02)
1013:0(8.46e+02)
1014:0(1.19e+03)
1015:0(1.90e+03)
1016:0(1.48e+03)
1017:0(3.38e+03)
1018:0(1.19e+03)
1019:0(1.07e+03)
1020:0(1.33e+03)
1021:0(3.90e+03)
1022:0(1.01e+03)
1023:0(3.46e+03)
1024:0(1.37e+03)
1025:0(3.50e+02)
1026:0(7.16e+02)
1027:0(7.82e+02)
1028:0(6.19e+02)
1029:0(1.62e+03)
1030:0(2.14e+03)
1031:0(1.04e+03)
1032:0(9.85e+02)
1033:0(6.36e+02)
1034:0(4.24e+03)
1035:0(8.48e+02)
1036:0(1.31e+02)
1037:0(2.70e+03)
1038:0(1.53e+03)
1039:0(8.01e+02)
1040:0(1.24e+03)
1041:0(2.52e+02)
1042:0(1.03e+03)
1043:0(6.75e+02)
1044:0(1.05e+03)
1045:0(3.27e+03)
1046:0(8.35e+02)
1047:0(8.06e+02)
1048:0(1.44e+03)
1049:0(8.03e+02)
1050:0(9.10e+02)
1051:0(9.05e+02)
1052:0(9.65e+02)
1053:0(5.52e+02)
1054:0(1.28e+03)
1055:0(1.07e+03)
1056:0(7.86e+02)
1057:0(1.92e+03)
1058:0(6.06e+03)
1059:0(3.43e+02)
1060:0(1.91e+03)
1061:0(3.95e+02)
1062:0(2.19e+03)
1063:0(3.65e+03)
1064:0(5.81e+02)
1065:0(2.94e+03)
1066:0(1.62e+03)
1067:0(8.84e+02)
1068:0(8.93e+02)
1069:0(7.20e+02)
1070:0(9.05e+02)
1071:0(5.69e+02)
1072:0(2.51e+03)
1073:0(8.45e+02)
1074:0(1.40e+03)
1075:0(1.33e+03)
1076:0(3.56e+02)
1077:0(1.10e+03)
1078:0(1.21e+03)
1079:0(1.84e+03)
1080:0(1.35e+03)
1081:0(1.65e+03)
1082:0(7.59e+02)
1083:0(9.65e+02)
1084:0(6.57e+02)
1085:0(1.01e+03)
1086:0(2.18e+02)
1087:0(7.37e+02)
1088:0(1.62e+03)
1089:0(8.33e+02)
1090:0(4.28e+02)
1091:0(5.41e+02)
1092:0(7.12e+02)
1093:0(2.22e+03)
1094:0(1.12e+03)
1095:0(5.01e+02)
1096:0(2.66e+03)
1097:0(2.39e+03)
1098:0(1.28e+03)
1099:0(1.73e+03)
1100:0(1.61e+03)
1101:0(1.71e+03)
1102:0(8.98e+02)
1103:0(9.91e+02)
1104:0(1.19e+03)
1105:0(1.30e+03)
1106:0(9.20e+02)
1107:0(6.03e+02)
1108:0(2.12e+02)
1109:0(6.79e+02)
1110:0(5.38e+02)
1111:0(6.21e+02)
1112:0(1.13e+03)
1113:0(2.53e+02)
1114:0(7.53e+02)
1115:0(1.00e+03)
1116:0(7.32e+02)
1117:0(7.27e+02)
1118:0(3.18e+03)
1119:0(1.04e+03)
1120:0(2.88e+03)
1121:0(1.91e+03)
1122:0(1.04e+03)
1123:0(1.03e+03)
1124:0(8.92e+02)
1125:0(7.35e+02)
1126:0(1.08e+03)
1127:0(6.42e+02)
1128:0(2.00e+03)
1129:0(1.83e+03)
1130:0(3.30e+03)
1131:0(6.41e+02)
1132:0(1.56e+02)
1133:0(1.23e+03)
1134:0(2.42e+03)
1135:0(1.53e+03)
1136:0(7.27e+02)
1137:0(6.46e+02)
1138:0(5.47e+02)
1139:0(7.56e+02)
1140:0(3.12e+02)
1141:0(9.09e+02)
1142:0(7.67e+02)
1143:0(1.11e+03)
1144:0(1.76e+03)
1145:0(2.19e+03)
1146:0(1.39e+03)
1147:0(2.05e+03)
1148:0(2.48e+03)
1149:0(7.10e+02)
1150:0(1.44e+03)
1151:0(2.53e+03)
1152:0(3.11e+03)
1153:0(1.93e+03)
1154:0(2.59e+03)
1155:0(2.50e+02)
1156:0(1.21e+03)
1157:0(1.34e+02)
1158:0(4.49e+03)
1159:0(1.81e+03)
1160:0(8.67e+02)
1161:0(1.31e+03)
1162:0(1.55e+03)
1163:0(9.97e+02)
1164:0(8.85e+02)
1165:0(9.95e+02)
1166:0(6.76e+02)
1167:0(2.56e+03)
1168:0(2.98e+03)
1169:0(3.81e+02)
1170:0(1.52e+03)
1171:0(9.45e+02)
1172:0(1.45e+03)
1173:0(1.33e+03)
1174:0(1.59e+03)
1175:0(2.77e+03)
1176:0(1.26e+03)
1177:0(5.94e+02)
1178:0(6.11e+02)
1179:0(3.67e+03)
1180:0(3.18e+03)
1181:0(4.20e+02)
1182:0(1.52e+03)
1183:0(1.90e+03)
1184:0(2.02e+03)
1185:0(7.98e+02)
1186:0(2.57e+02)
1187:0(6.92e+02)
1188:0(2.84e+02)
1189:0(6.44e+02)
1190:0(1.86e+03)
1191:0(2.52e+02)
1192:0(5.16e+02)
1193:0(6.65e+02)
1194:0(1.69e+03)
1195:0(1.86e+03)
1196:0(6.65e+02)
1197:0(3.08e+03)
1198:0(6.89e+02)
1199:0(1.42e+03)
1200:0(4.59e+02)
1201:0(3.88e+02)
1202:0(7.77e+02)
1203:0(2.81e+03)
1204:0(1.59e+03)
1205:0(1.05e+03)
1206:0(1.40e+03)
1207:0(7.62e+02)
1208:0(6.10e+02)
1209:0(9.59e+02)
1210:0(8.23e+02)
1211:0(1.32e+02)
1212:0(1.58e+03)
1213:0(1.37e+03)
1214:0(6.21e+02)
1215:0(2.12e+02)
1216:0(1.81e+03)
1217:0(1.55e+03)
1218:0(2.21e+03)
1219:0(1.26e+03)
1220:0(6.72e+02)
1221:0(1.68e+03)
1222:0(6.12e+02)
1223:0(4.34e+03)
1224:0(2.34e+03)
1225:0(1.81e+03)
1226:0(1.35e+03)
1227:0(1.70e+03)
1228:0(5.85e+02)
1229:0(3.07e+02)
1230:0(1.28e+03)
1231:0(2.31e+03)
1232:0(5.51e+02)
1233:0(1.63e+03)
1234:0(2.25e+03)
1235:0(2.08e+03)
1236:0(3.52e+03)
1237:0(1.12e+03)
1238:0(1.38e+03)
1239:0(2.22e+03)
1240:0(3.32e+03)
1241:0(3.40e+02)
1242:0(9.50e+02)
1243:0(2.13e+02)
1244:0(1.93e+03)
1245:0(8.97e+02)
1246:0(7.01e+02)
1247:0(1.55e+03)
1248:0(5.36e+02)
1249:0(3.49e+02)
1250:0(1.30e+03)
1251:0(1.24e+03)
1252:0(4.57e+02)
1253:0(4.54e+03)
1254:0(2.20e+03)
1255:0(2.89e+02)
1256:0(3.45e+03)
1257:0(9.68e+02)
1258:0(3.56e+03)
1259:0(2.99e+03)
1260:0(1.61e+03)
1261:0(7.64e+02)
1262:0(2.20e+02)
1263:0(2.62e+03)
1264:0(3.96e+03)
1265:0(1.31e+03)
1266:0(6.09e+02)
1267:0(2.71e+03)
1268:0(8.45e+02)
1269:0(3.17e+02)
1270:0(1.90e+03)
1271:0(2.60e+03)
1272:0(2.81e+03)
1273:0(3.20e+03)
1274:0(4.26e+02)
1275:0(6.33e+02)
1276:0(3.86e+02)
1277:0(1.14e+03)
1278:0(1.65e+03)
1279:0(2.29e+03)
1280:0(1.01e+03)
1281:0(2.75e+02)
1282:0(4.19e+02)
1283:0(2.61e+02)
1284:0(1.85e+03)
1285:0(6.43e+02)
1286:0(8.15e+02)
1287:0(8.21e+02)
1288:0(1.61e+03)
1289:0(4.23e+02)
1290:0(1.21e+03)
1291:0(4.82e+02)
1292:0(7.29e+02)
1293:0(8.57e+02)
1294:0(1.51e+03)
1295:0(6.07e+02)
1296:0(1.10e+03)
1297:0(1.04e+03)
1298:0(2.52e+03)
1299:0(1.33e+03)
1300:0(1.58e+02)
1301:0(3.80e+02)
1302:0(5.71e+02)
1303:0(6.48e+02)
1304:0(6.34e+02)
1305:0(3.77e+02)
1306:0(1.68e+03)
1307:0(1.04e+03)
1308:0(2.59e+02)
1309:0(1.42e+03)
1310:0(3.01e+03)
1311:0(7.18e+02)
1312:0(1.00e+03)
1313:0(1.30e+03)
1314:0(9.49e+02)
1315:0(7.90e+02)
1316:0(1.42e+03)
1317:0(9.56e+02)
1318:0(9.64e+02)
1319:0(1.13e+02)
1320:0(1.32e+03)
1321:0(1.65e+03)
1322:0(1.05e+03)
1323:0(5.63e+02)
1324:0(6.45e+02)
1325:0(1.74e+03)
1326:0(1.57e+02)
1327:0(1.10e+03)
1328:0(1.35e+03)
1329:0(6.46e+02)
1330:0(1.55e+03)
1331:0(9.20e+02)
1332:0(1.01e+03)
1333:0(6.89e+02)
1334:0(9.69e+02)
1335:0(1.64e+03)
1336:0(5.49e+02)
1337:0(3.83e+03)
1338:0(8.79e+02)
1339:0(6.19e+02)
1340:0(8.78e+02)
1341:0(1.00e+03)
1342:0(7.97e+02)
1343:0(2.30e+03)
1344:0(1.39e+03)
1345:0(1.49e+02)
1346:0(8.10e+02)
1347:0(5.10e+02)
1348:0(1.44e+03)
1349:0(1.49e+03)
1350:0(3.67e+02)
1351:0(4.34e+02)
1352:0(1.51e+03)
1353:0(1.58e+03)
1354:0(1.43e+02)
1355:0(5.78e+02)
1356:0(6.64e+02)
1357:0(3.37e+03)
1358:0(1.09e+03)
1359:0(2.54e+02)
1360:0(1.09e+03)
1361:0(6.00e+02)
1362:0(7.60e+01)
1363:0(9.73e+02)
1364:0(9.24e+02)
1365:0(1.90e+02)
1366:0(1.03e+03)
1367:0(3.66e+02)
1368:0(2.03e+03)
1369:0(7.44e+02)
1370:0(2.67e+02)
1371:0(2.80e+02)
1372:0(1.21e+03)
1373:0(9.58e+02)
1374:0(1.22e+03)
1375:0(1.14e+03)
1376:0(2.51e+02)
1377:0(1.77e+03)
1378:0(9.88e+02)
1379:0(1.61e+03)
1380:0(1.37e+03)
1381:0(1.22e+03)
1382:0(8.65e+02)
1383:0(1.19e+03)
1384:0(2.25e+02)
1385:0(6.96e+02)
1386:0(5.95e+02)
1387:0(1.88e+02)
1388:0(1.56e+03)
1389:0(1.48e+03)
1390:0(1.23e+03)
1391:0(1.40e+03)
1392:0(5.24e+02)
1393:0(2.14e+02)
1394:0(1.74e+03)
1395:0(1.87e+03)
1396:0(5.53e+02)
1397:0(6.80e+02)
1398:0(7.46e+02)
1399:0(9.28e+02)
1400:0(1.73e+03)
1401:0(2.40e+02)
1402:0(1.02e+03)
1403:0(5.96e+02)
1404:0(8.21e+02)
1405:0(1.82e+03)
1406:0(1.25e+03)
1407:0(1.14e+03)
1408:0(6.94e+02)
1409:0(7.59e+02)
1410:0(8.41e+02)
1411:0(8.14e+02)
1412:0(7.55e+02)
1413:0(7.90e+02)
1414:0(9.30e+02)
1415:0(4.81e+02)
1416:0(8.84e+02)
1417:0(3.34e+02)
1418:0(1.13e+03)
1419:0(9.13e+02)
1420:0(3.75e+02)
1421:0(6.11e+02)
1422:0(7.10e+02)
1423:0(7.10e+02)
1424:0(2.11e+03)
1425:0(4.01e+02)
1426:0(1.40e+02)
1427:0(8.97e+01)
1428:0(4.72e+02)
1429:0(9.45e+02)
1430:0(3.07e+02)
1431:0(1.02e+03)
1432:0(4.44e+02)
1433:0(1.51e+03)
1434:0(2.27e+03)
1435:0(2.12e+02)
1436:0(1.90e+03)
1437:0(1.91e+03)
1438:0(3.86e+02)
1439:0(5.82e+02)
1440:0(1.74e+03)
1441:0(4.48e+02)
1442:0(4.93e+02)
1443:0(9.91e+02)
1444:0(3.71e+03)
1445:0(8.18e+02)
1446:0(1.69e+03)
1447:0(7.18e+02)
1448:0(8.06e+02)
1449:0(1.40e+03)
1450:0(5.51e+02)
1451:0(2.23e+03)
1452:0(1.91e+02)
1453:0(2.60e+03)
1454:0(1.45e+03)
1455:0(7.14e+02)
1456:0(4.07e+02)
1457:0(2.29e+03)
1458:0(1.11e+03)
1459:0(8.66e+02)
1460:0(5.43e+02)
1461:0(2.18e+03)
1462:0(3.27e+03)
1463:0(2.58e+02)
1464:0(1.24e+03)
1465:0(1.10e+03)
1466:0(9.18e+02)
1467:0(9.99e+02)
1468:0(7.39e+02)
1469:0(1.60e+03)
1470:0(5.94e+02)
1471:0(1.77e+03)
1472:0(4.45e+02)
1473:0(1.55e+03)
1474:0(7.51e+02)
1475:0(5.09e+02)
1476:0(8.63e+02)
1477:0(2.84e+03)
1478:0(9.79e+02)
1479:0(9.19e+02)
1480:0(5.74e+02)
1481:0(5.76e+02)
1482:0(2.45e+03)
1483:0(2.07e+02)
1484:0(3.66e+02)
1485:0(1.24e+03)
1486:0(3.84e+02)
1487:0(1.13e+03)
1488:0(5.83e+02)
1489:0(1.15e+02)
1490:0(8.91e+02)
1491:0(2.74e+02)
1492:0(1.47e+03)
1493:0(5.05e+02)
1494:0(4.87e+02)
1495:0(1.24e+03)
1496:0(2.16e+03)
1497:0(1.08e+03)
1498:0(8.71e+02)
1499:0(1.33e+03)
1500:0(3.58e+03)
1501:0(8.27e+03)
1502:0(3.73e+03)
1503:0(5.16e+03)
1504:0(2.90e+03)
1505:0(4.12e+02)
1506:0(3.03e+03)
1507:0(8.80e+02)
1508:0(4.81e+02)
1509:0(2.17e+03)
1510:0(1.19e+03)
1511:0(3.21e+03)
1512:0(3.01e+03)
1513:0(1.19e+03)
1514:0(7.77e+02)
1515:0(5.30e+03)
1516:0(4.26e+03)
1517:0(3.24e+03)
1518:0(1.75e+03)
1519:0(8.05e+02)
1520:0(2.04e+03)
1521:0(1.09e+03)
1522:0(9.83e+02)
1523:0(1.92e+03)
1524:0(1.63e+03)
1525:0(3.05e+03)
1526:0(8.40e+02)
1527:0(1.09e+03)
1528:0(1.65e+03)
1529:0(1.08e+03)
1530:0(1.59e+03)
1531:0(2.19e+03)
1532:0(8.56e+02)
1533:0(3.33e+03)
1534:0(2.60e+03)
1535:0(2.02e+03)
1536:0(1.32e+03)
1537:0(1.50e+03)
1538:0(5.64e+02)
1539:0(9.26e+02)
1540:0(2.27e+02)
1541:0(2.96e+02)
1542:0(3.73e+02)
1543:0(4.87e+02)
1544:0(1.60e+03)
1545:0(1.05e+03)
1546:0(3.35e+03)
1547:0(6.88e+02)
1548:0(7.70e+02)
1549:0(7.78e+02)
1550:0(8.52e+02)
1551:0(1.03e+03)
1552:0(7.21e+02)
1553:0(1.36e+03)
1554:0(8.11e+01)
1555:0(8.48e+02)
1556:0(1.35e+03)
1557:0(1.26e+03)
1558:0(5.11e+03)
1559:0(1.48e+03)
1560:0(1.92e+03)
1561:0(1.01e+03)
1562:0(7.60e+02)
1563:0(4.17e+02)
1564:0(8.36e+02)
1565:0(9.43e+02)
1566:0(4.59e+02)
1567:0(2.68e+02)
1568:0(8.16e+02)
1569:0(1.70e+03)
1570:0(1.33e+03)
1571:0(2.65e+03)
1572:0(3.09e+03)
1573:0(3.14e+03)
1574:0(1.41e+03)
1575:0(1.10e+03)
1576:0(2.39e+03)
1577:0(1.06e+03)
1578:0(1.39e+03)
1579:0(1.85e+03)
1580:0(1.35e+03)
1581:0(5.06e+02)
1582:0(9.53e+02)
1583:0(2.25e+03)
1584:0(9.49e+02)
1585:0(2.39e+03)
1586:0(2.20e+03)
1587:0(6.33e+02)
1588:0(7.34e+02)
1589:0(4.75e+02)
1590:0(2.16e+03)
1591:0(1.59e+03)
1592:0(3.47e+03)
1593:0(2.03e+03)
1594:0(1.95e+03)
1595:0(1.08e+03)
1596:0(1.64e+03)
1597:0(2.41e+03)
1598:0(1.96e+03)
1599:0(2.40e+03)
1600:0(1.03e+03)
1601:0(1.22e+03)
1602:0(3.60e+02)
1603:0(5.85e+02)
1604:0(5.61e+02)
1605:0(7.26e+02)
1606:0(8.58e+02)
1607:0(6.72e+02)
1608:0(8.90e+02)
1609:0(2.76e+03)
1610:0(7.31e+02)
1611:0(3.99e+03)
1612:0(1.88e+03)
1613:0(5.22e+03)
1614:0(1.87e+03)
1615:0(4.57e+02)
1616:0(2.15e+03)
1617:0(1.31e+03)
1618:0(4.14e+03)
1619:0(1.09e+03)
1620:0(8.34e+02)
1621:0(2.27e+03)
1622:0(3.57e+03)
1623:0(1.27e+03)
1624:0(5.49e+03)
1625:0(4.11e+02)
1626:0(1.27e+03)
1627:0(2.26e+03)
1628:0(3.74e+02)
1629:0(1.77e+03)
1630:0(2.69e+02)
1631:0(2.47e+03)
1632:0(9.98e+02)
1633:0(2.69e+03)
1634:0(1.41e+03)
1635:0(1.28e+03)
1636:0(1.38e+03)
1637:0(1.04e+03)
1638:0(1.35e+03)
1639:0(9.19e+02)
1640:0(3.90e+02)
1641:0(3.11e+03)
1642:0(5.28e+02)
1643:0(3.60e+03)
1644:0(3.70e+03)
1645:0(2.97e+03)
1646:0(8.67e+02)
1647:0(1.44e+03)
1648:0(1.04e+03)
1649:0(1.89e+03)
1650:0(7.16e+02)
1651:0(5.68e+02)
1652:0(2.49e+03)
1653:0(1.69e+03)
1654:0(4.23e+03)
1655:0(1.08e+03)
1656:0(4.57e+03)
1657:0(1.21e+03)
1658:0(8.72e+02)
1659:0(2.51e+03)
1660:0(7.56e+02)
1661:0(8.77e+02)
1662:0(5.43e+02)
1663:0(2.51e+02)
1664:0(1.74e+03)
1665:0(7.06e+02)
1666:0(1.98e+03)
1667:0(9.50e+02)
1668:0(6.95e+02)
1669:0(3.68e+03)
1670:0(1.96e+03)
1671:0(5.85e+02)
1672:0(1.10e+03)
1673:0(2.21e+03)
1674:0(3.80e+03)
1675:0(1.08e+03)
1676:0(1.68e+03)
1677:0(1.17e+03)
1678:0(1.71e+03)
1679:0(8.31e+02)
1680:0(9.12e+02)
1681:0(6.81e+02)
1682:0(1.52e+03)
1683:0(8.64e+02)
1684:0(1.28e+03)
1685:0(1.94e+03)
1686:0(7.67e+02)
1687:0(2.03e+03)
1688:0(1.38e+03)
1689:0(4.65e+02)
1690:0(9.14e+02)
1691:0(5.57e+02)
1692:0(1.15e+03)
1693:0(2.00e+03)
1694:0(2.85e+03)
1695:0(4.15e+03)
1696:0(1.05e+03)
1697:0(2.22e+03)
1698:0(1.98e+03)
1699:0(8.94e+02)
1700:0(4.42e+03)
1701:0(2.39e+03)
1702:0(1.30e+03)
1703:0(6.66e+02)
1704:0(1.32e+03)
1705:0(4.90e+02)
1706:0(9.39e+02)
1707:0(1.46e+03)
1708:0(5.96e+02)
1709:0(4.91e+03)
1710:0(2.89e+03)
1711:0(1.64e+03)
1712:0(1.79e+03)
1713:0(2.62e+03)
1714:0(1.42e+03)
1715:0(1.92e+03)
1716:0(3.69e+03)
1717:0(1.16e+03)
1718:0(2.77e+03)
1719:0(1.05e+03)
1720:0(7.03e+03)
1721:0(2.27e+03)
1722:0(3.79e+02)
1723:0(4.53e+03)
1724:0(1.43e+03)
1725:0(3.18e+02)
1726:0(2.15e+03)
1727:0(2.05e+03)
1728:0(1.37e+03)
1729:0(2.16e+03)
1730:0(3.46e+03)
1731:0(2.26e+03)
1732:0(1.83e+03)
1733:0(1.47e+03)
1734:0(6.32e+02)
1735:0(2.65e+03)
1736:0(8.93e+02)
1737:0(2.57e+03)
1738:0(1.21e+03)
1739:0(2.57e+02)
1740:0(2.04e+03)
1741:0(3.70e+03)
1742:0(1.02e+03)
1743:0(8.29e+02)
1744:0(1.09e+03)
1745:0(8.74e+02)
1746:0(9.77e+02)
1747:0(1.47e+03)
1748:0(1.17e+03)
1749:0(1.17e+03)
1750:0(8.47e+02)
1751:0(7.56e+02)
1752:0(8.09e+02)
1753:0(1.40e+03)
1754:0(1.34e+03)
1755:0(3.41e+03)
1756:0(2.10e+03)
1757:0(3.93e+03)
1758:0(2.25e+03)
1759:0(6.16e+02)
1760:0(1.53e+03)
1761:0(1.63e+03)
1762:0(2.75e+03)
1763:0(4.92e+03)
1764:0(4.89e+03)
1765:0(1.74e+03)
1766:0(2.70e+03)
1767:0(1.78e+03)
1768:0(2.20e+03)
1769:0(1.78e+03)
1770:0(1.20e+03)
1771:0(7.49e+01)
1772:0(1.42e+03)
1773:0(2.26e+03)
1774:0(7.40e+03)
1775:0(1.47e+03)
1776:0(6.48e+02)
1777:0(1.39e+03)
1778:0(2.75e+02)
1779:0(1.98e+02)
1780:0(2.01e+03)
1781:0(1.17e+03)
1782:0(1.85e+03)
1783:0(3.48e+03)
1784:0(4.51e+02)
1785:0(7.82e+02)
1786:0(1.14e+03)
1787:0(5.05e+02)
1788:0(8.56e+02)
1789:0(7.34e+02)
1790:0(1.33e+03)
1791:0(2.20e+02)
1792:0(1.18e+03)
1793:0(4.70e+02)
1794:0(6.08e+02)
1795:0(2.91e+02)
1796:0(3.17e+02)
1797:0(4.85e+02)
1798:0(8.61e+02)
1799:0(7.49e+02)
1800:0(6.18e+02)
1801:0(4.25e+02)
1802:0(8.99e+02)
1803:0(7.29e+02)
1804:0(9.93e+02)
1805:0(1.05e+03)
1806:0(1.89e+03)
1807:0(2.20e+02)
1808:0(1.30e+03)
1809:0(5.41e+02)
1810:0(2.31e+02)
1811:0(1.81e+03)
1812:0(7.59e+02)
1813:0(4.76e+02)
1814:0(1.25e+03)
1815:0(2.34e+02)
1816:0(4.15e+02)
1817:0(4.84e+02)
1818:0(6.28e+02)
1819:0(5.81e+02)
1820:0(7.47e+02)
1821:0(3.27e+02)
1822:0(1.00e+03)
1823:0(9.05e+02)
1824:0(5.05e+02)
1825:0(2.63e+02)
1826:0(2.28e+02)
1827:0(5.41e+02)
1828:0(3.33e+02)
1829:0(5.02e+02)
1830:0(3.14e+02)
1831:0(5.16e+02)
1832:0(5.45e+02)
1833:0(8.58e+02)
1834:0(1.84e+03)
1835:0(8.72e+02)
1836:0(5.22e+02)
1837:0(3.41e+02)
1838:0(1.77e+03)
1839:0(5.59e+02)
1840:0(2.84e+02)
1841:0(4.35e+02)
1842:0(3.39e+02)
1843:0(8.02e+02)
1844:0(8.66e+02)
1845:0(4.45e+02)
1846:0(6.49e+02)
1847:0(1.24e+03)
1848:0(5.71e+02)
1849:0(2.29e+02)
1850:0(1.05e+03)
1851:0(5.62e+02)
1852:0(5.05e+02)
1853:0(9.64e+02)
1854:0(5.49e+02)
1855:0(7.18e+02)
1856:0(1.40e+03)
1857:0(8.61e+02)
1858:0(1.70e+03)
1859:0(1.48e+03)
1860:0(8.33e+02)
1861:0(7.27e+02)
1862:0(6.46e+02)
1863:0(5.79e+02)
1864:0(3.84e+02)
1865:0(2.58e+03)
1866:0(1.00e+03)
1867:0(7.33e+02)
1868:0(5.23e+03)
1869:0(2.30e+03)
1870:0(6.02e+02)
1871:0(1.31e+03)
1872:0(5.69e+02)
1873:0(3.38e+03)
1874:0(6.52e+02)
1875:0(1.34e+03)
1876:0(8.04e+02)
1877:0(6.38e+02)
1878:0(9.62e+02)
1879:0(5.18e+02)
1880:0(1.55e+02)
1881:0(4.25e+02)
1882:0(8.70e+02)
1883:0(3.17e+02)
1884:0(3.13e+02)
1885:0(1.65e+02)
1886:0(1.06e+03)
1887:0(6.95e+02)
1888:0(4.17e+02)
1889:0(3.60e+02)
1890:0(6.39e+02)
1891:0(1.06e+03)
1892:0(9.60e+02)
1893:0(1.17e+02)
1894:0(1.37e+02)
1895:0(1.74e+03)
1896:0(2.86e+02)
1897:0(6.02e+02)
1898:0(8.85e+02)
1899:0(1.02e+03)
1900:0(8.29e+02)
1901:0(9.42e+02)
1902:0(6.70e+02)
1903:0(2.18e+03)
1904:0(9.87e+02)
1905:0(3.55e+02)
1906:0(9.31e+02)
1907:0(3.77e+02)
1908:0(6.29e+02)
1909:0(7.52e+02)
1910:0(5.79e+02)
1911:0(2.87e+02)
1912:0(1.18e+03)
1913:0(7.98e+02)
1914:0(1.71e+03)
1915:0(1.10e+03)
1916:0(2.55e+03)
1917:0(9.90e+02)
1918:0(6.65e+02)
1919:0(5.54e+02)
1920:0(7.97e+02)
1921:0(5.14e+02)
1922:0(9.00e+02)
1923:0(5.96e+02)
1924:0(2.45e+02)
1925:0(1.46e+03)
1926:0(2.11e+03)
1927:0(2.93e+02)
1928:0(1.11e+03)
1929:0(1.37e+03)
1930:0(1.01e+03)
1931:0(6.18e+02)
1932:0(9.54e+02)
1933:0(8.80e+02)
1934:0(9.85e+02)
1935:0(7.19e+02)
1936:0(2.36e+03)
1937:0(1.90e+03)
1938:0(1.04e+03)
1939:0(1.56e+03)
1940:0(2.47e+03)
1941:0(8.53e+02)
1942:0(4.90e+03)
1943:0(1.36e+03)
1944:0(2.81e+03)
1945:0(2.11e+03)
1946:0(8.93e+02)
1947:0(2.00e+03)
1948:0(1.48e+03)
1949:0(4.26e+03)
1950:0(1.12e+03)
1951:0(2.11e+02)
1952:0(4.20e+02)
1953:0(2.72e+03)
1954:0(4.49e+02)
1955:0(2.50e+03)
1956:0(9.98e+02)
1957:0(8.69e+02)
1958:0(7.81e+02)
1959:0(1.65e+03)
1960:0(7.15e+02)
1961:0(1.60e+03)
1962:0(9.02e+02)
1963:0(6.19e+02)
1964:0(1.61e+03)
1965:0(1.11e+03)
1966:0(2.91e+02)
1967:0(6.44e+02)
1968:0(2.91e+02)
1969:0(1.44e+03)
1970:0(1.75e+03)
1971:0(3.30e+02)
1972:0(1.81e+03)
1973:0(2.07e+02)
1974:0(1.02e+03)
1975:0(2.14e+03)
1976:0(3.55e+02)
1977:0(1.58e+03)
1978:0(5.66e+02)
1979:0(1.68e+03)
1980:0(2.25e+03)
1981:0(2.28e+03)
1982:0(8.29e+02)
1983:0(9.39e+02)
1984:0(1.72e+03)
1985:0(5.85e+02)
1986:0(7.34e+02)
1987:0(1.13e+03)
1988:0(2.42e+02)
1989:0(7.97e+02)
1990:0(1.70e+03)
1991:0(1.49e+03)
1992:0(1.24e+03)
1993:0(2.60e+02)
1994:0(5.89e+02)
1995:0(1.75e+03)
1996:0(8.35e+02)
1997:0(7.62e+02)
1998:0(6.89e+02)
1999:0(9.92e+02)
2000:0(1.68e+02)
2001:0(2.79e+03)
2002:0(7.21e+02)
2003:0(9.02e+02)
2004:0(7.30e+02)
2005:0(1.98e+03)
2006:0(2.73e+02)
2007:0(2.14e+03)
2008:0(1.57e+03)
2009:0(8.37e+02)
2010:0(3.00e+02)
2011:0(1.25e+03)
2012:0(7.71e+02)
2013:0(3.42e+02)
2014:0(5.03e+02)
2015:0(1.49e+03)
2016:0(3.49e+02)
2017:0(1.22e+03)
2018:0(7.24e+02)
2019:0(5.81e+02)
2020:0(8.29e+02)
2021:0(5.57e+02)
2022:0(1.76e+03)
2023:0(1.49e+03)
2024:0(5.53e+02)
2025:0(9.82e+02)
2026:0(1.55e+02)
2027:0(4.26e+02)
2028:0(8.63e+02)
2029:0(1.14e+03)
2030:0(6.93e+02)
2031:0(4.56e+02)
2032:0(4.08e+02)
2033:0(9.99e+02)
2034:0(1.57e+03)
2035:0(4.37e+02)
2036:0(5.39e+02)
2037:0(5.04e+02)
2038:0(6.64e+02)
2039:0(2.23e+02)
2040:0(9.32e+02)
2041:0(9.27e+02)
2042:0(4.11e+02)
2043:0(1.13e+03)
2044:0(8.77e+02)
2045:0(6.98e+02)
2046:0(1.10e+03)
2047:0(6.28e+02)
2048:0(1.43e+03)
2049:0(4.56e+02)
2050:0(7.08e+02)
2051:0(1.23e+03)
2052:0(3.76e+02)
2053:0(1.98e+02)
2054:0(2.05e+02)
2055:0(3.47e+03)
2056:0(2.00e+03)
2057:0(2.39e+03)
2058:0(1.53e+03)
2059:0(5.54e+02)
2060:0(3.10e+02)
2061:0(1.60e+03)
2062:0(1.70e+03)
2063:0(7.36e+02)
2064:0(2.44e+02)
2065:0(3.57e+02)
2066:0(3.96e+02)
2067:0(1.00e+03)
2068:0(4.41e+02)
2069:0(7.80e+02)
2070:0(1.36e+03)
2071:0(4.56e+02)
2072:0(1.01e+03)
2073:0(6.86e+02)
2074:0(7.23e+02)
2075:0(6.62e+02)
2076:0(1.92e+03)
2077:0(1.90e+03)
2078:0(4.11e+02)
2079:0(2.31e+03)
2080:0(1.58e+03)
2081:0(7.32e+02)
2082:0(8.73e+02)
2083:0(8.64e+02)
2084:0(9.90e+02)
2085:0(5.16e+02)
2086:0(2.63e+03)
2087:0(3.82e+03)
2088:0(8.03e+02)
2089:0(7.75e+02)
2090:0(7.90e+02)
2091:0(1.97e+03)
2092:0(1.51e+03)
2093:0(3.57e+03)
2094:0(5.17e+02)
2095:0(2.48e+02)
2096:0(1.13e+03)
2097:0(5.37e+02)
2098:0(1.47e+03)
2099:0(8.97e+02)
2100:0(5.89e+02)
2101:0(4.36e+02)
2102:0(7.95e+02)
2103:0(1.46e+03)
2104:0(3.47e+02)
2105:0(1.38e+03)
2106:0(2.86e+03)
2107:0(1.30e+03)
2108:0(5.80e+02)
2109:0(7.41e+02)
2110:0(7.07e+02)
2111:0(1.22e+03)
2112:0(4.58e+03)
2113:0(2.98e+03)
2114:0(2.63e+03)
2115:0(2.11e+03)
2116:0(1.05e+03)
2117:0(8.83e+02)
2118:0(1.33e+03)
2119:0(2.78e+03)
2120:0(6.25e+02)
2121:0(1.29e+03)
2122:0(8.82e+02)
2123:0(6.44e+02)
2124:0(5.77e+02)
2125:0(6.86e+02)
2126:0(2.33e+03)
2127:0(7.09e+02)
2128:0(1.49e+03)INFO: s3mixw_io.c(233): Wrote /home/ilya/Рабочий стол/lab_sphinx/ru_base/model_parameters/ru_base.cd_cont_initial/mixture_weights [2129x1x2 array]
INFO: s3gau_io.c(228): Wrote /home/ilya/Рабочий стол/lab_sphinx/ru_base/model_parameters/ru_base.cd_cont_initial/means [2129x1x2 array]
INFO: s3gau_io.c(228): Wrote /home/ilya/Рабочий стол/lab_sphinx/ru_base/model_parameters/ru_base.cd_cont_initial/variances [2129x1x2 array]

Mon Mar 20 21:41:58 2017
